Found 21975 game files (132 skipped)
Loading package: 00005197.upk Ver: 573/1 Engine: 4205 Names: 187 Exports: 184 Imports: 22 Game: 801A
Loading SkeletalMesh3 StrangeMonkeyTribeB from package 00005197.upk
WARNING: ObjectProperty "USkeletalMesh3::PlaySoundSet" was not found
WARNING: ObjectProperty "USkeletalMesh3::PlayParticleSet" was not found
WARNING: FloatProperty "USkeletalMesh3::AnimNameHeight" was not found
WARNING: FloatProperty "USkeletalMesh3::NormalNameHeight" was not found
WARNING: FloatProperty "USkeletalMesh3::LowNameHeight" was not found
WARNING: ByteProperty "USkeletalMesh3::CommonPhysicsUseFlag" was not found
Loading package: 00005196.upk Ver: 573/1 Engine: 4205 Names: 169 Exports: 142 Imports: 47 Game: 801A
Loading SkeletalMeshSocket SkeletalMeshSocket_0 from package 00005197.upk
WARNING: ObjectProperty "USkeletalMeshSocket::PreviewSkelMesh" was not found
Loading SkeletalMeshSocket SkeletalMeshSocket_1 from package 00005197.upk
WARNING: ObjectProperty "USkeletalMeshSocket::PreviewSkelMesh" was not found
Loading SkeletalMeshSocket SkeletalMeshSocket_290 from package 00005197.upk
Loading SkeletalMeshSocket SkeletalMeshSocket_292 from package 00005197.upk
Loading SkeletalMeshSocket SkeletalMeshSocket_293 from package 00005197.upk
Loading SkeletalMeshSocket SkeletalMeshSocket_294 from package 00005197.upk
Loading SkeletalMeshSocket SkeletalMeshSocket_295 from package 00005197.upk
Loading SkeletalMeshSocket SkeletalMeshSocket_296 from package 00005197.upk
Loading SkeletalMeshSocket SkeletalMeshSocket_297 from package 00005197.upk
Loading SkeletalMeshSocket SkeletalMeshSocket_350 from package 00005197.upk
Loading SkeletalMeshSocket SkeletalMeshSocket_75 from package 00005197.upk
WARNING: BoolProperty "USkeletalMeshSocket::bParticleAttachPosOnly" was not found
Loading MaterialInstanceConstant col1 from package 00005196.upk
Loading package: 00005195.upk Ver: 573/1 Engine: 4205 Names: 34 Exports: 6 Imports: 2 Game: 801A
Loading package: 00002640.upk Ver: 573/1 Engine: 4205 Names: 340 Exports: 556 Imports: 5 Game: 801A
Loading package: 00002620.upk Ver: 573/1 Engine: 4205 Names: 560 Exports: 6612 Imports: 96 Game: 801A
Loading package: 00012963.upk Ver: 573/1 Engine: 4205 Names: 1236 Exports: 1211 Imports: 10 Game: 801A
Loading Texture2D Monster_Human_StrangeMonkeyTribeB_N from package 00005195.upk
Loading Texture2D Monster_Human_StrangeMonkeyTribeB_GB from package 00005195.upk
Loading Texture2D Monster_Human_StrangeMonkeyTribeB_D from package 00005195.upk
Loading Texture2D Monster_Human_StrangeMonkeyTribeB_S from package 00005195.upk
Loading TextureCube cube_orb from package 00002640.upk
Loading Texture2D check from package 00002620.upk
Loading Texture2D Smoke_Pattern_001 from package 00012963.upk
Loading Texture2D Monster_Human_StrangeMonkeyTribeB_FX from package 00005195.upk
Loading Material3 Monky_FX from package 00005196.upk
Loading Texture2D CubemapFace0 from package 00002640.upk
Loading Texture2D CubemapFace1 from package 00002640.upk
Loading Texture2D CubemapFace2 from package 00002640.upk
Loading Texture2D CubemapFace3 from package 00002640.upk
Loading Texture2D CubemapFace4 from package 00002640.upk
Loading Texture2D CubemapFace5 from package 00002640.upk
Loading Texture2D check_n from package 00002620.upk
Loading Texture2D Gradient_Line_003 from package 00012963.upk
Loading Texture2D Gradient_Wipe_BurnOut_Mask_TEST from package 00012963.upk
Loading Texture2D Gradient_Wipe_BurnOut_Mask from package 00012963.upk
Loaded in 0.14 sec, 3101 allocs, 1.81 MBytes serialized in 355721 calls.

Object info:
============
ClassName: SkeletalMesh3 ObjectName: StrangeMonkeyTribeB

    LODInfo[2] =
    {
        LODInfo[0] =
        {
            DisplayFactor = 0
            LODHysteresis = 0.02
            LODMaterialMap[0] = {}
            bEnableShadowCasting[1] = { true }
        }
        LODInfo[1] =
        {
            DisplayFactor = 0
            LODHysteresis = 0.02
            LODMaterialMap[1] = { 0 }
            bEnableShadowCasting[1] = { true }
        }
    }
    Sockets[11] =
    {
        Sockets[0] = SkeletalMeshSocket'StrangeMonkeyTribeB.SkeletalMeshSocket_0'
        Sockets[1] = SkeletalMeshSocket'StrangeMonkeyTribeB.SkeletalMeshSocket_1'
        Sockets[2] = SkeletalMeshSocket'StrangeMonkeyTribeB.SkeletalMeshSocket_290'
        Sockets[3] = SkeletalMeshSocket'StrangeMonkeyTribeB.SkeletalMeshSocket_292'
        Sockets[4] = SkeletalMeshSocket'StrangeMonkeyTribeB.SkeletalMeshSocket_293'
        Sockets[5] = SkeletalMeshSocket'StrangeMonkeyTribeB.SkeletalMeshSocket_294'
        Sockets[6] = SkeletalMeshSocket'StrangeMonkeyTribeB.SkeletalMeshSocket_295'
        Sockets[7] = SkeletalMeshSocket'StrangeMonkeyTribeB.SkeletalMeshSocket_296'
        Sockets[8] = SkeletalMeshSocket'StrangeMonkeyTribeB.SkeletalMeshSocket_297'
        Sockets[9] = SkeletalMeshSocket'StrangeMonkeyTribeB.SkeletalMeshSocket_75'
        Sockets[10] = SkeletalMeshSocket'StrangeMonkeyTribeB.SkeletalMeshSocket_350'
    }
    bHasVertexColors = false
    EnableTwistBoneFixers = true
    EnableClavicleFixer = true
    Materials[1] = { MaterialInstanceConstant'col1' }


    Lods[2] =
    {
        Lods[0] =
        {
            Sections[1] =
            {
                Sections[0] = { Material=MaterialInstanceConstant'col1', FirstIndex=0, NumFaces=5035 }
            }
            NumVerts = 3811
            IndexCount = 15105
            NumTexCoords = 1
        }
        Lods[1] =
        {
            Sections[1] =
            {
                Sections[0] = { Material=MaterialInstanceConstant'col1', FirstIndex=0, NumFaces=1498 }
            }
            NumVerts = 1476
            IndexCount = 4494
            NumTexCoords = 1
        }
    }
    LodCount = 2
    MeshOrigin = { X=-0, Y=-0, Z=-0 }
    MeshScale = { X=1, Y=1, Z=1 }
    RotOrigin = { Yaw=0, Pitch=0, Roll=0 }
    BoneCount = 70

Object info:
============
ClassName: SkeletalMeshSocket ObjectName: SkeletalMeshSocket_0

    SocketName = WeaponR
    BoneName = WeaponR
    RelativeLocation = { X=0, Y=0, Z=0 }
    RelativeRotation = { Yaw=0, Pitch=0, Roll=0 }
    RelativeScale = { X=1, Y=1, Z=1 }

Object info:
============
ClassName: SkeletalMeshSocket ObjectName: SkeletalMeshSocket_1

    SocketName = WeaponL
    BoneName = WeaponL
    RelativeLocation = { X=0, Y=0, Z=0 }
    RelativeRotation = { Yaw=0, Pitch=0, Roll=0 }
    RelativeScale = { X=1, Y=1, Z=1 }

Object info:
============
ClassName: SkeletalMeshSocket ObjectName: SkeletalMeshSocket_290

    SocketName = target_high
    BoneName = Bip01Head
    RelativeLocation = { X=0, Y=0, Z=0 }
    RelativeRotation = { Yaw=0, Pitch=0, Roll=0 }
    RelativeScale = { X=1, Y=1, Z=1 }

Object info:
============
ClassName: SkeletalMeshSocket ObjectName: SkeletalMeshSocket_292

    SocketName = Mount_Socket
    BoneName = Root
    RelativeLocation = { X=-8.38619, Y=-0.124231, Z=0 }
    RelativeRotation = { Yaw=32768, Pitch=0, Roll=0 }
    RelativeScale = { X=1, Y=1, Z=1 }

Object info:
============
ClassName: SkeletalMeshSocket ObjectName: SkeletalMeshSocket_293

    SocketName = socket_force
    BoneName = Root
    RelativeLocation = { X=44, Y=40, Z=0 }
    RelativeRotation = { Yaw=0, Pitch=0, Roll=0 }
    RelativeScale = { X=1, Y=1, Z=1 }

Object info:
============
ClassName: SkeletalMeshSocket ObjectName: SkeletalMeshSocket_294

    SocketName = Catch_Neck
    BoneName = Bip01Neck
    RelativeLocation = { X=0, Y=0, Z=0 }
    RelativeRotation = { Yaw=0, Pitch=0, Roll=0 }
    RelativeScale = { X=1, Y=1, Z=1 }

Object info:
============
ClassName: SkeletalMeshSocket ObjectName: SkeletalMeshSocket_295

    SocketName = Mount_Ambar_Socket
    BoneName = Bip01LClavicle
    RelativeLocation = { X=-12.4484, Y=0.261196, Z=-10.2266 }
    RelativeRotation = { Yaw=-285, Pitch=9970, Roll=22850 }
    RelativeScale = { X=1, Y=1, Z=1 }

Object info:
============
ClassName: SkeletalMeshSocket ObjectName: SkeletalMeshSocket_296

    SocketName = Mount_Choke_Socket
    BoneName = Root
    RelativeLocation = { X=-1.69592, Y=3.91374e-016, Z=0 }
    RelativeRotation = { Yaw=32768, Pitch=0, Roll=0 }
    RelativeScale = { X=1, Y=1, Z=1 }

Object info:
============
ClassName: SkeletalMeshSocket ObjectName: SkeletalMeshSocket_297

    SocketName = Decap_Socket
    BoneName = Bip01Neck
    RelativeLocation = { X=4.34934, Y=-0.548438, Z=0 }
    RelativeRotation = { Yaw=0, Pitch=0, Roll=0 }
    RelativeScale = { X=1, Y=1, Z=1 }

Object info:
============
ClassName: SkeletalMeshSocket ObjectName: SkeletalMeshSocket_350

    SocketName = Mount_Ambar_Socket
    BoneName = Bip01LClavicle
    RelativeLocation = { X=-10, Y=-2, Z=-12 }
    RelativeRotation = { Yaw=-285, Pitch=9970, Roll=22850 }
    RelativeScale = { X=1, Y=1, Z=1 }

Object info:
============
ClassName: SkeletalMeshSocket ObjectName: SkeletalMeshSocket_75

    SocketName = ATTACH_EFFECT
    BoneName = Bip01
    RelativeLocation = { X=10, Y=0, Z=0 }
    RelativeRotation = { Yaw=0, Pitch=0, Roll=0 }
    RelativeScale = { X=1, Y=1, Z=1 }
