Found 21974 game files (0 skipped)
Loading package: 00008073.upk Ver: 573/1 Engine: 4205 Names: 79 Exports: 1 Imports: 19 Game: 801A
Loading MaterialInstanceConstant col1 from package 00008073.upk
Loading package: 00008072.upk Ver: 573/1 Engine: 4205 Names: 32 Exports: 8 Imports: 2 Game: 801A
Loading package: 00002640.upk Ver: 573/1 Engine: 4205 Names: 340 Exports: 556 Imports: 5 Game: 801A
Loading package: 00002620.upk Ver: 573/1 Engine: 4205 Names: 560 Exports: 6612 Imports: 96 Game: 801A
Loading Texture2D N from package 00008072.upk
Loading Texture2D M from package 00008072.upk
Loading Texture2D D_1 from package 00008072.upk
Loading Texture2D S_1 from package 00008072.upk
Loading Texture2D mirror1_RT from package 00002640.upk
Loading Material3 Basic from package 00002620.upk
Loading package: 00012963.upk Ver: 573/1 Engine: 4205 Names: 1236 Exports: 1211 Imports: 10 Game: 801A
Loading Texture2D check_n from package 00002620.upk
Loading Texture2D check from package 00002620.upk
Loading Texture2D Smoke_Pattern_001 from package 00012963.upk
Loading Texture2D Gradient_Line_003 from package 00012963.upk
Loading Texture2D Gradient_Wipe_BurnOut_Mask_TEST from package 00012963.upk
Loading Texture2D Gradient_Wipe_BurnOut_Mask from package 00012963.upk
Loaded in 0.078 sec, 2585 allocs, 1.06 MBytes serialized in 161068 calls.

Object info:
============
ClassName: MaterialInstanceConstant ObjectName: col1

    ScalarParameterValues[3] =
    {
        ScalarParameterValues[0] = { ParameterName=Glossiness1, ParameterValue=5 }
        ScalarParameterValues[1] = { ParameterName=Glossiness2, ParameterValue=10 }
        ScalarParameterValues[2] = { ParameterName=Specular_value, ParameterValue=1 }
    }
    TextureParameterValues[5] =
    {
        TextureParameterValues[0] = { ParameterName=Normal, ParameterValue=Texture2D'N' }
        TextureParameterValues[1] = { ParameterName=Mask_GB, ParameterValue=Texture2D'M' }
        TextureParameterValues[2] = { ParameterName=Diffuse, ParameterValue=Texture2D'D_1' }
        TextureParameterValues[3] = { ParameterName=Specular, ParameterValue=Texture2D'S_1' }
        TextureParameterValues[4] = { ParameterName=rf_cube, ParameterValue=Texture2D'mirror1_RT' }
    }
    VectorParameterValues[0] = {}
    Parent = Material3'Basic'
    FlattenedTexture = None
    MobileBaseTexture = None
    MobileNormalTexture = None
    bUseMobileSpecular = false
    MobileSpecularPower = 16
    MobileSpecularMask = MSM_Constant (0)
    MobileMaskTexture = None
