Found 21975 game files (132 skipped)
Loading package: 00009028.upk Ver: 573/1 Engine: 4205 Names: 481 Exports: 2668 Imports: 107 Game: 801A
Loading Texture2D Lobby_SelectCharacterScene_Preview from package 00009028.upk
Loading Texture2D Lobby_ServiceScene_Preview from package 00009028.upk
Loaded in 0.011 sec, 509 allocs, 0.21 MBytes serialized in 50365 calls.

Object info:
============
ClassName: Texture2D ObjectName: Lobby_SelectCharacterScene_Preview

    SizeX = 256
    SizeY = 256
    Format = PF_DXT1 (5)
    AddressX = TA_Wrap (0)
    AddressY = TA_Wrap (0)
    TextureFileCacheName = None
    MipTailBaseIdx = 0
    bForcePVRTC4 = false
    UnpackMin[4] = { 0, 0, 0, 0 }
    UnpackMax[4] = { 1, 1, 1, 1 }

Object info:
============
ClassName: Texture2D ObjectName: Lobby_ServiceScene_Preview

    SizeX = 256
    SizeY = 256
    Format = PF_DXT1 (5)
    AddressX = TA_Wrap (0)
    AddressY = TA_Wrap (0)
    TextureFileCacheName = None
    MipTailBaseIdx = 0
    bForcePVRTC4 = false
    UnpackMin[4] = { 0, 0, 0, 0 }
    UnpackMax[4] = { 1, 1, 1, 1 }
