Found 16186 game files (0 skipped)
Loading package: 00006304.upk Ver: 573/1 Engine: 4205 Names: 73 Exports: 3 Imports: 17 Game: 801A
Loading MaterialInstanceConstant col1_1 from package 00006304.upk
Loading package: 00006303.upk Ver: 573/1 Engine: 4205 Names: 34 Exports: 6 Imports: 4 Game: 801A
Loading package: 00002620.upk Ver: 573/1 Engine: 4205 Names: 500 Exports: 5733 Imports: 89 Game: 801A
Loading Texture2D Monster_Etc_YellowLamp_N from package 00006303.upk
Loading Texture2D Monster_Etc_YellowLamp_D from package 00006303.upk
Loading Texture2D Monster_Etc_YellowLamp_S from package 00006303.upk
Loading Material3 Basic from package 00002620.upk
Loading package: 00012963.upk Ver: 573/1 Engine: 4205 Names: 1199 Exports: 1162 Imports: 10 Game: 801A
Loading Texture2D check_n from package 00002620.upk
Loading Texture2D check from package 00002620.upk
Loading Texture2D Smoke_Pattern_001 from package 00012963.upk
Loading Texture2D Gradient_Line_003 from package 00012963.upk
Loading Texture2D Gradient_Wipe_BurnOut_Mask_TEST from package 00012963.upk
Loading Texture2D Gradient_Wipe_BurnOut_Mask from package 00012963.upk
Loaded in 0.063 sec, 2078 allocs, 0.82 MBytes serialized in 132478 calls.

Object info:
============
ClassName: MaterialInstanceConstant ObjectName: col1_1

    ScalarParameterValues[2] =
    {
        ScalarParameterValues[0] = { ParameterName=Glossiness1, ParameterValue=3.5 }
        ScalarParameterValues[1] = { ParameterName=Specular_value, ParameterValue=1.5 }
    }
    TextureParameterValues[3] =
    {
        TextureParameterValues[0] = { ParameterName=Normal, ParameterValue=Texture2D'Monster_Etc_YellowLamp_N' }
        TextureParameterValues[1] = { ParameterName=Diffuse, ParameterValue=Texture2D'Monster_Etc_YellowLamp_D' }
        TextureParameterValues[2] = { ParameterName=Specular, ParameterValue=Texture2D'Monster_Etc_YellowLamp_S' }
    }
    VectorParameterValues[0] = {}
    Parent = Material3'Basic'
    FlattenedTexture = None
    MobileBaseTexture = None
    MobileNormalTexture = None
    bUseMobileSpecular = false
    MobileSpecularPower = 16
    MobileSpecularMask = MSM_Constant (0)
    MobileMaskTexture = None
