Found 16187 game files (144 skipped)
Loading package: 00008945.upk Ver: 573/1 Engine: 4205 Names: 76 Exports: 1 Imports: 17 Game: 801A
Loading MaterialInstanceConstant col1 from package 00008945.upk
Loading package: 00008944.upk Ver: 573/1 Engine: 4205 Names: 52 Exports: 24 Imports: 2 Game: 801A
Loading package: 00002620.upk Ver: 573/1 Engine: 4205 Names: 500 Exports: 5733 Imports: 89 Game: 801A
Loading Texture2D Cloth_60009_JinM_col1_D from package 00008944.upk
Loading Texture2D Cloth_60009_JinM_col1_S from package 00008944.upk
Loading Texture2D Cloth_60009_JinM_col1_M from package 00008944.upk
Loading Texture2D Cloth_60009_JinM_col1_N from package 00008944.upk
Loading Material3 Body from package 00002620.upk
Loading package: 00012963.upk Ver: 573/1 Engine: 4205 Names: 1199 Exports: 1162 Imports: 10 Game: 801A
Loading Texture2D check_n from package 00002620.upk
Loading Texture2D Noise_Glass_000 from package 00012963.upk
Loading Texture2D Smoke_Pattern_001 from package 00012963.upk
Loading Texture2D Gradient_Wipe_BurnOut_Mask_TEST from package 00012963.upk
Loading Texture2D Gradient_Wipe_BurnOut_Mask from package 00012963.upk
Loading Texture2D check from package 00002620.upk
Loading Texture2D Gradient_Line_003 from package 00012963.upk
Loaded in 0.069 sec, 2157 allocs, 1.01 MBytes serialized in 133285 calls.

Object info:
============
ClassName: MaterialInstanceConstant ObjectName: col1

    ScalarParameterValues[5] =
    {
        ScalarParameterValues[0] = { ParameterName=Skin_Spec_value, ParameterValue=1 }
        ScalarParameterValues[1] = { ParameterName=Wear_glossiness1, ParameterValue=1 }
        ScalarParameterValues[2] = { ParameterName=Wear_glossiness2, ParameterValue=10 }
        ScalarParameterValues[3] = { ParameterName=Skin_glossiness, ParameterValue=3.5 }
        ScalarParameterValues[4] = { ParameterName=Transmission_value, ParameterValue=10 }
    }
    TextureParameterValues[4] =
    {
        TextureParameterValues[0] = { ParameterName=Body_diffuse, ParameterValue=Texture2D'Cloth_60009_JinM_col1_D' }
        TextureParameterValues[1] = { ParameterName=Body_specular, ParameterValue=Texture2D'Cloth_60009_JinM_col1_S' }
        TextureParameterValues[2] = { ParameterName=Body_mask_RGB, ParameterValue=Texture2D'Cloth_60009_JinM_col1_M' }
        TextureParameterValues[3] = { ParameterName=Body_normal, ParameterValue=Texture2D'Cloth_60009_JinM_col1_N' }
    }
    VectorParameterValues[0] = {}
    Parent = Material3'Body'
    FlattenedTexture = None
    MobileBaseTexture = None
    MobileNormalTexture = None
    bUseMobileSpecular = false
    MobileSpecularPower = 16
    MobileSpecularMask = MSM_Constant (0)
    MobileMaskTexture = None
