Found 16187 game files (144 skipped)
Loading package: 00008248.upk Ver: 573/1 Engine: 4205 Names: 91 Exports: 1 Imports: 21 Game: 801A
Loading MaterialInstanceConstant col1 from package 00008248.upk
Loading package: 00008247.upk Ver: 573/1 Engine: 4205 Names: 32 Exports: 4 Imports: 2 Game: 801A
Loading package: 00002640.upk Ver: 573/1 Engine: 4205 Names: 340 Exports: 556 Imports: 5 Game: 801A
Loading package: 00002620.upk Ver: 573/1 Engine: 4205 Names: 500 Exports: 5733 Imports: 89 Game: 801A
Loading Texture2D 40006hat_GonM_D from package 00008247.upk
Loading Texture2D 40006hat_GonM_S from package 00008247.upk
Loading Texture2D 40006hat_GonM_N from package 00008247.upk
Loading Texture2D 40006hat_GonM_M from package 00008247.upk
Loading TextureCube cube_orb from package 00002640.upk
Loading Material3 Hair_Ac from package 00002620.upk
Loading package: 00012963.upk Ver: 573/1 Engine: 4205 Names: 1199 Exports: 1162 Imports: 10 Game: 801A
Loading Texture2D CubemapFace0 from package 00002640.upk
Loading Texture2D CubemapFace1 from package 00002640.upk
Loading Texture2D CubemapFace2 from package 00002640.upk
Loading Texture2D CubemapFace3 from package 00002640.upk
Loading Texture2D CubemapFace4 from package 00002640.upk
Loading Texture2D CubemapFace5 from package 00002640.upk
Loading Texture2D check_n from package 00002620.upk
Loading Texture2D Noise_Glass_000 from package 00012963.upk
Loading Texture2D Smoke_Pattern_000 from package 00012963.upk
Loading Texture2D Smoke_Pattern_001 from package 00012963.upk
Loading Texture2D Gradient_Wipe_BurnOut_Mask_TEST from package 00012963.upk
Loading Texture2D Gradient_Wipe_BurnOut_Mask from package 00012963.upk
Loading Texture2D check from package 00002620.upk
Loading Texture2D Gradient_Line_003 from package 00012963.upk
Loaded in 0.098 sec, 2694 allocs, 1.17 MBytes serialized in 145429 calls.

Object info:
============
ClassName: MaterialInstanceConstant ObjectName: col1

    ScalarParameterValues[3] =
    {
        ScalarParameterValues[0] = { ParameterName=Ac_Glossiness, ParameterValue=5 }
        ScalarParameterValues[1] = { ParameterName=Hair_Glossiness, ParameterValue=12 }
        ScalarParameterValues[2] = { ParameterName=Transmission_value, ParameterValue=1 }
    }
    TextureParameterValues[6] =
    {
        TextureParameterValues[0] = { ParameterName=Hair_Diffuse, ParameterValue=Texture2D'40006hat_GonM_D' }
        TextureParameterValues[1] = { ParameterName=Hair_Specular, ParameterValue=Texture2D'40006hat_GonM_S' }
        TextureParameterValues[2] = { ParameterName=Hair_normal, ParameterValue=Texture2D'40006hat_GonM_N' }
        TextureParameterValues[3] = { ParameterName=Hair_Mask_RGB, ParameterValue=Texture2D'40006hat_GonM_M' }
        TextureParameterValues[4] = { ParameterName=rf_cube, ParameterValue=TextureCube'cube_orb' }
        TextureParameterValues[5] = { ParameterName=Emissive, ParameterValue=None }
    }
    VectorParameterValues[4] =
    {
        VectorParameterValues[0] =
        {
            ParameterName = Reflection_value
            ParameterValue = { R=2, G=2, B=2, A=1 }
        }
        VectorParameterValues[1] =
        {
            ParameterName = hair_color_S
            ParameterValue = { R=0.932, G=0.759, B=0.208, A=1 }
        }
        VectorParameterValues[2] =
        {
            ParameterName = hair_color_L
            ParameterValue = { R=0.974, G=0.442, B=0.147, A=1 }
        }
        VectorParameterValues[3] =
        {
            ParameterName = hair_color_D
            ParameterValue = { R=0.058, G=0.044, B=0.049, A=1 }
        }
    }
    Parent = Material3'Hair_Ac'
    FlattenedTexture = None
    MobileBaseTexture = None
    MobileNormalTexture = None
    bUseMobileSpecular = false
    MobileSpecularPower = 16
    MobileSpecularMask = MSM_Constant (0)
    MobileMaskTexture = None
