Found 18875 game files (36 skipped)
Loading package: 00009200.upk Ver: 573/1 Engine: 4205 Names: 65 Exports: 7 Imports: 14 Game: 801A
Loading SkeletalMesh3 010006_KunN from package 00009200.upk
Loading package: 00021926.upk Ver: 573/1 Engine: 4205 Names: 80 Exports: 1 Imports: 18 Game: 801A
Loading package: 00002620.upk Ver: 573/1 Engine: 4205 Names: 560 Exports: 6612 Imports: 96 Game: 801A
Loading MaterialInstanceConstant col1 from package 00021926.upk
Loading package: 00008613.upk Ver: 573/1 Engine: 4205 Names: 95 Exports: 6 Imports: 12 Game: 801A
Loading package: 00005708.upk Ver: 573/1 Engine: 4205 Names: 34 Exports: 6 Imports: 9 Game: 801A
Loading package: 00009189.upk Ver: 573/1 Engine: 4205 Names: 27 Exports: 7 Imports: 2 Game: 801A
Loading MaterialInstanceConstant col2 from package 00002620.upk
Loading package: 00002640.upk Ver: 573/1 Engine: 4205 Names: 340 Exports: 556 Imports: 5 Game: 801A
Loading Texture2D Nothing_A_n from package 00008613.upk
Loading Texture2D glasses3_m from package 00005708.upk
Loading Texture2D D from package 00009189.upk
Loading Texture2D S from package 00009189.upk
Loading Material3 Basic from package 00002620.upk
Loading package: 00012963.upk Ver: 573/1 Engine: 4205 Names: 1219 Exports: 1194 Imports: 10 Game: 801A
Loading Texture2D Lens_n from package 00002620.upk
Loading TextureCube lenscube from package 00002640.upk
Loading TextureCube eye_s from package 00002640.upk
Loading Material3 Lens from package 00002620.upk
Loading Texture2D check_n from package 00002620.upk
Loading Texture2D check from package 00002620.upk
Loading Texture2D Smoke_Pattern_001 from package 00012963.upk
Loading Texture2D Gradient_Line_003 from package 00012963.upk
Loading Texture2D Gradient_Wipe_BurnOut_Mask_TEST from package 00012963.upk
Loading Texture2D Gradient_Wipe_BurnOut_Mask from package 00012963.upk
Loading Texture2D CubemapFace0 from package 00002640.upk
Loading Texture2D CubemapFace1 from package 00002640.upk
Loading Texture2D CubemapFace2 from package 00002640.upk
Loading Texture2D CubemapFace3 from package 00002640.upk
Loading Texture2D CubemapFace4 from package 00002640.upk
Loading Texture2D CubemapFace5 from package 00002640.upk
Loading Texture2D CubemapFace0 from package 00002640.upk
Loading Texture2D CubemapFace1 from package 00002640.upk
Loading Texture2D CubemapFace2 from package 00002640.upk
Loading Texture2D CubemapFace3 from package 00002640.upk
Loading Texture2D CubemapFace4 from package 00002640.upk
Loading Texture2D CubemapFace5 from package 00002640.upk
Loading TextureCube mirror2 from package 00002640.upk
Loading Texture2D CubemapFace0 from package 00002640.upk
Loading Texture2D CubemapFace1 from package 00002640.upk
Loading Texture2D CubemapFace2 from package 00002640.upk
Loading Texture2D CubemapFace3 from package 00002640.upk
Loading Texture2D CubemapFace4 from package 00002640.upk
Loading Texture2D CubemapFace5 from package 00002640.upk
Loaded in 0.13 sec, 3255 allocs, 0.98 MBytes serialized in 172821 calls.

Object info:
============
ClassName: SkeletalMesh3 ObjectName: 010006_KunN

    LODInfo[1] =
    {
        LODInfo[0] =
        {
            DisplayFactor = 0
            LODHysteresis = 0.02
            LODMaterialMap[0] = {}
            bEnableShadowCasting[2] = { true, true }
        }
    }
    Sockets[0] = {}
    bHasVertexColors = false
    EnableTwistBoneFixers = true
    EnableClavicleFixer = true
    Materials[2] = { MaterialInstanceConstant'col1', MaterialInstanceConstant'col2' }


    Lods[1] =
    {
        Lods[0] =
        {
            Sections[2] =
            {
                Sections[0] = { Material=MaterialInstanceConstant'col1', FirstIndex=0, NumFaces=276 }
                Sections[1] = { Material=MaterialInstanceConstant'col2', FirstIndex=828, NumFaces=23 }
            }
            NumVerts = 214
            IndexCount = 897
            NumTexCoords = 1
        }
    }
    LodCount = 1
    MeshOrigin = { X=-0, Y=-0, Z=-0 }
    MeshScale = { X=1, Y=1, Z=1 }
    RotOrigin = { Yaw=0, Pitch=0, Roll=0 }
    BoneCount = 9
