Found 21310 game files (132 skipped)
Loading package: 00005785.upk Ver: 573/1 Engine: 4205 Names: 90 Exports: 30 Imports: 22 Game: 801A
Loading Material3 col1 from package 00005785.upk
Loading package: 00005784.upk Ver: 573/1 Engine: 4205 Names: 36 Exports: 8 Imports: 2 Game: 801A
Loading package: 00002640.upk Ver: 573/1 Engine: 4205 Names: 340 Exports: 556 Imports: 5 Game: 801A
Loading Texture2D Normal from package 00005784.upk
Loading Texture2D Em from package 00005784.upk
Loading Texture2D Diffuse from package 00005784.upk
Loading Texture2D Mask from package 00005784.upk
Loading Texture2D Specular from package 00005784.upk
Loading TextureCube cube_orb from package 00002640.upk
Loading Texture2D CubemapFace0 from package 00002640.upk
Loading Texture2D CubemapFace1 from package 00002640.upk
Loading Texture2D CubemapFace2 from package 00002640.upk
Loading Texture2D CubemapFace3 from package 00002640.upk
Loading Texture2D CubemapFace4 from package 00002640.upk
Loading Texture2D CubemapFace5 from package 00002640.upk
Loaded in 0.072 sec, 798 allocs, 0.18 MBytes serialized in 14444 calls.

Object info:
============
ClassName: Material3 ObjectName: col1

    TwoSided = true
    bDisableDepthTest = false
    bIsMasked = true
    ReferencedTextures[6] =
    {
        ReferencedTextures[0] = Texture2D'Normal'
        ReferencedTextures[1] = Texture2D'Em'
        ReferencedTextures[2] = Texture2D'Diffuse'
        ReferencedTextures[3] = Texture2D'Mask'
        ReferencedTextures[4] = Texture2D'Specular'
        ReferencedTextures[5] = TextureCube'cube_orb'
    }
    BlendMode = BLEND_Masked (1)
    OpacityMaskClipValue = 0.333
    FlattenedTexture = None
    MobileBaseTexture = None
    MobileNormalTexture = None
    bUseMobileSpecular = false
    MobileSpecularPower = 16
    MobileSpecularMask = MSM_Constant (0)
    MobileMaskTexture = None
