Found 16186 game files (0 skipped)
Loading package: 00007571.upk Ver: 573/1 Engine: 4205 Names: 35 Exports: 5 Imports: 6 Game: 801A
Loading Texture2D KunN_002_col1_D from package 00007571.upk
Loading Texture2D KunN_002_col1_n from package 00007571.upk
Loaded in 0.02 sec, 117 allocs, 0.35 MBytes serialized in 681 calls.

Object info:
============
ClassName: Texture2D ObjectName: KunN_002_col1_D

    SizeX = 512
    SizeY = 512
    Format = PF_DXT5 (7)
    AddressX = TA_Wrap (0)
    AddressY = TA_Wrap (0)
    TextureFileCacheName = None
    MipTailBaseIdx = 9
    bForcePVRTC4 = false
    UnpackMin[4] = { 0, 0, 0, 0 }
    UnpackMax[4] = { 1, 1, 1, 1 }

Object info:
============
ClassName: Texture2D ObjectName: KunN_002_col1_n

    SizeX = 512
    SizeY = 512
    Format = PF_DXT1 (5)
    AddressX = TA_Wrap (0)
    AddressY = TA_Wrap (0)
    TextureFileCacheName = None
    MipTailBaseIdx = 9
    bForcePVRTC4 = false
    UnpackMin[4] = { -1, -1, -1, 0 }
    UnpackMax[4] = { 1, 1, 1, 1 }
