Found 19856 game files (132 skipped)
Loading package: 00005559.upk Ver: 573/1 Engine: 4205 Names: 73 Exports: 2 Imports: 17 Game: 801A
Loading MaterialInstanceConstant col1 from package 00005559.upk
Loading package: 00002171.upk Ver: 573/1 Engine: 4205 Names: 30 Exports: 3 Imports: 2 Game: 801A
Loading package: 00002620.upk Ver: 573/1 Engine: 4205 Names: 560 Exports: 6612 Imports: 96 Game: 801A
Loading Texture2D monaxe01_n from package 00002171.upk
Loading Texture2D monaxe01_d from package 00002171.upk
Loading Texture2D monaxe01_s from package 00002171.upk
Loading Material3 Basic from package 00002620.upk
Loading package: 00012963.upk Ver: 573/1 Engine: 4205 Names: 1223 Exports: 1198 Imports: 10 Game: 801A
Loading Texture2D check_n from package 00002620.upk
Loading Texture2D check from package 00002620.upk
Loading Texture2D Smoke_Pattern_001 from package 00012963.upk
Loading Texture2D Gradient_Line_003 from package 00012963.upk
Loading Texture2D Gradient_Wipe_BurnOut_Mask_TEST from package 00012963.upk
Loading Texture2D Gradient_Wipe_BurnOut_Mask from package 00012963.upk
Loaded in 0.062 sec, 2158 allocs, 0.76 MBytes serialized in 149132 calls.

Object info:
============
ClassName: MaterialInstanceConstant ObjectName: col1

    ScalarParameterValues[1] =
    {
        ScalarParameterValues[0] = { ParameterName=Glossiness1, ParameterValue=5 }
    }
    TextureParameterValues[3] =
    {
        TextureParameterValues[0] = { ParameterName=Normal, ParameterValue=Texture2D'monaxe01_n' }
        TextureParameterValues[1] = { ParameterName=Diffuse, ParameterValue=Texture2D'monaxe01_d' }
        TextureParameterValues[2] = { ParameterName=Specular, ParameterValue=Texture2D'monaxe01_s' }
    }
    VectorParameterValues[0] = {}
    Parent = Material3'Basic'
    FlattenedTexture = None
    MobileBaseTexture = None
    MobileNormalTexture = None
    bUseMobileSpecular = false
    MobileSpecularPower = 16
    MobileSpecularMask = MSM_Constant (0)
    MobileMaskTexture = None
