Found 21310 game files (132 skipped)
Loading package: 00008828.upk Ver: 573/1 Engine: 4205 Names: 68 Exports: 6 Imports: 15 Game: 801A
Loading SkeletalMesh3 010106_Autoscale from package 00008828.upk
WARNING: ObjectProperty "USkeletalMesh3::MeshFactorSet" was not found
WARNING: ObjectProperty "USkeletalMesh3::PhysMaterialOverride" was not found
Loading package: 00008827.upk Ver: 573/1 Engine: 4205 Names: 93 Exports: 1 Imports: 20 Game: 801A
Loading MaterialInstanceConstant Weapon_010106_col1 from package 00008827.upk
Loading package: 00008826.upk Ver: 573/1 Engine: 4205 Names: 50 Exports: 20 Imports: 2 Game: 801A
Loading package: 00002640.upk Ver: 573/1 Engine: 4205 Names: 340 Exports: 556 Imports: 5 Game: 801A
Loading package: 00012963.upk Ver: 573/1 Engine: 4205 Names: 1234 Exports: 1209 Imports: 10 Game: 801A
Loading package: 00002620.upk Ver: 573/1 Engine: 4205 Names: 560 Exports: 6612 Imports: 96 Game: 801A
Loading Texture2D Weapon_010106_col1_n from package 00008826.upk
Loading Texture2D Weapon_010106_col1_mask from package 00008826.upk
Loading Texture2D Weapon_010106_col1_d from package 00008826.upk
Loading Texture2D Weapon_010106_col1_s from package 00008826.upk
Loading TextureCube mirror2 from package 00002640.upk
Loading Texture2D E from package 00008826.upk
Loading Texture2D Smoke_Pattern_001 from package 00012963.upk
Loading Texture2D check from package 00002620.upk
Loading Material3 Basic from package 00002620.upk
Loading Texture2D CubemapFace0 from package 00002640.upk
Loading Texture2D CubemapFace1 from package 00002640.upk
Loading Texture2D CubemapFace2 from package 00002640.upk
Loading Texture2D CubemapFace3 from package 00002640.upk
Loading Texture2D CubemapFace4 from package 00002640.upk
Loading Texture2D CubemapFace5 from package 00002640.upk
Loading Texture2D check_n from package 00002620.upk
Loading Texture2D Gradient_Line_003 from package 00012963.upk
Loading Texture2D Gradient_Wipe_BurnOut_Mask_TEST from package 00012963.upk
Loading Texture2D Gradient_Wipe_BurnOut_Mask from package 00012963.upk
Loaded in 0.1 sec, 2891 allocs, 1.17 MBytes serialized in 189543 calls.

Object info:
============
ClassName: SkeletalMesh3 ObjectName: 010106_Autoscale

    LODInfo[1] =
    {
        LODInfo[0] =
        {
            DisplayFactor = 0
            LODHysteresis = 0.02
            LODMaterialMap[0] = {}
            bEnableShadowCasting[1] = { true }
        }
    }
    Sockets[0] = {}
    bHasVertexColors = false
    EnableTwistBoneFixers = true
    EnableClavicleFixer = true
    Materials[1] = { MaterialInstanceConstant'Weapon_010106_col1' }


    Lods[1] =
    {
        Lods[0] =
        {
            Sections[1] =
            {
                Sections[0] =
                {
                    Material = MaterialInstanceConstant'Weapon_010106_col1'
                    FirstIndex = 0
                    NumFaces = 894
                }
            }
            NumVerts = 846
            IndexCount = 2682
            NumTexCoords = 1
        }
    }
    LodCount = 1
    MeshOrigin = { X=-0, Y=-0, Z=-0 }
    MeshScale = { X=1, Y=1, Z=1 }
    RotOrigin = { Yaw=0, Pitch=0, Roll=0 }
    BoneCount = 3
