Found 27000 game files (27 skipped)
Loading package: 00007125.upk Ver: 573/1 Engine: 4205 Names: 73 Exports: 1 Imports: 16 Game: 801A
Loading MaterialInstanceConstant col1 from package 00007125.upk
Loading package: 00007124.upk Ver: 573/1 Engine: 4205 Names: 32 Exports: 4 Imports: 2 Game: 801A
Loading package: 00002620.upk Ver: 573/1 Engine: 4205 Names: 560 Exports: 6612 Imports: 96 Game: 801A
Loading Texture2D N from package 00007124.upk
Loading Texture2D m1 from package 00007124.upk
Loading Texture2D D from package 00007124.upk
Loading Texture2D S2 from package 00007124.upk
Loading Material3 Basic from package 00002620.upk
Loading package: 00012963.upk Ver: 573/1 Engine: 4205 Names: 1264 Exports: 1240 Imports: 10 Game: 801A
Loading Texture2D check_n from package 00002620.upk
Loading Texture2D check from package 00002620.upk
Loading Texture2D Smoke_Pattern_001 from package 00012963.upk
Loading Texture2D Gradient_Line_003 from package 00012963.upk
Loading Texture2D Gradient_Wipe_BurnOut_Mask_TEST from package 00012963.upk
Loading Texture2D Gradient_Wipe_BurnOut_Mask from package 00012963.upk
Loaded in 0.061 sec, 2236 allocs, 1.01 MBytes serialized in 150296 calls.

Object info:
============
ClassName: MaterialInstanceConstant ObjectName: col1

    ScalarParameterValues[3] =
    {
        ScalarParameterValues[0] = { ParameterName=Glossiness1, ParameterValue=5 }
        ScalarParameterValues[1] = { ParameterName=Glossiness2, ParameterValue=40 }
        ScalarParameterValues[2] = { ParameterName=Specular_value, ParameterValue=2 }
    }
    TextureParameterValues[4] =
    {
        TextureParameterValues[0] = { ParameterName=Normal, ParameterValue=Texture2D'N' }
        TextureParameterValues[1] = { ParameterName=Mask_GB, ParameterValue=Texture2D'm1' }
        TextureParameterValues[2] = { ParameterName=Diffuse, ParameterValue=Texture2D'D' }
        TextureParameterValues[3] = { ParameterName=Specular, ParameterValue=Texture2D'S2' }
    }
    VectorParameterValues[0] = {}
    Parent = Material3'Basic'
    FlattenedTexture = None
    MobileBaseTexture = None
    MobileNormalTexture = None
    bUseMobileSpecular = false
    MobileSpecularPower = 16
    MobileSpecularMask = MSM_Constant (0)
    MobileMaskTexture = None
