Found 21310 game files (132 skipped)
Loading package: 00009744.upk Ver: 573/1 Engine: 4205 Names: 133 Exports: 5 Imports: 41 Game: 801A
Loading MaterialInstanceConstant col1 from package 00009744.upk
Loading package: 00009743.upk Ver: 573/1 Engine: 4205 Names: 46 Exports: 18 Imports: 2 Game: 801A
Loading package: 00002620.upk Ver: 573/1 Engine: 4205 Names: 560 Exports: 6612 Imports: 96 Game: 801A
Loading MaterialInstanceConstant col1b from package 00009744.upk
Loading MaterialInstanceConstant eye from package 00009744.upk
Loading package: 00007428.upk Ver: 573/1 Engine: 4205 Names: 130 Exports: 48 Imports: 19 Game: 801A
Loading package: 00008613.upk Ver: 573/1 Engine: 4205 Names: 95 Exports: 6 Imports: 12 Game: 801A
Loading package: 00002640.upk Ver: 573/1 Engine: 4205 Names: 340 Exports: 556 Imports: 5 Game: 801A
Loading MaterialInstanceConstant Face_a from package 00009744.upk
Loading MaterialInstanceConstant hair_a from package 00009744.upk
Loading Texture2D N from package 00009743.upk
Loading Texture2D M from package 00009743.upk
Loading Texture2D D from package 00009743.upk
Loading Texture2D S from package 00009743.upk
Loading Texture2D Em from package 00009743.upk
Loading Material3 Body from package 00002620.upk
Loading package: 00012963.upk Ver: 573/1 Engine: 4205 Names: 1234 Exports: 1209 Imports: 10 Game: 801A
Loading Texture2D tail_n from package 00009743.upk
Loading Texture2D tail_m from package 00009743.upk
Loading Texture2D tail_d from package 00009743.upk
Loading Texture2D tail_s from package 00009743.upk
Loading Material3 Basic from package 00002620.upk
Loading Texture2D eye1_N from package 00007428.upk
Loading Texture2D eye1_LynM08 from package 00007428.upk
Loading Texture2D Nothing_A from package 00008613.upk
Loading TextureCube eye3 from package 00002640.upk
Loading Material3 eye from package 00002620.upk
Loading Texture2D LynM_face_n from package 00009743.upk
Loading Texture2D LynM_face_M from package 00009743.upk
Loading Texture2D LynM_face_d from package 00009743.upk
Loading Texture2D LynM_face_s from package 00009743.upk
Loading Texture2D LynM_hair002_N from package 00009743.upk
Loading Texture2D LynM_hair002_m1 from package 00009743.upk
Loading Texture2D LynM_hair002_D from package 00009743.upk
Loading Texture2D LynM_hair002_S from package 00009743.upk
Loading Texture2D check_n from package 00002620.upk
Loading Texture2D Noise_Glass_000 from package 00012963.upk
Loading Texture2D Smoke_Pattern_001 from package 00012963.upk
Loading Texture2D Gradient_Wipe_BurnOut_Mask_TEST from package 00012963.upk
Loading Texture2D Gradient_Wipe_BurnOut_Mask from package 00012963.upk
Loading Texture2D check from package 00002620.upk
Loading Texture2D Gradient_Line_003 from package 00012963.upk
Loading Texture2D CubemapFace0 from package 00002640.upk
Loading Texture2D CubemapFace1 from package 00002640.upk
Loading Texture2D CubemapFace2 from package 00002640.upk
Loading Texture2D CubemapFace3 from package 00002640.upk
Loading Texture2D CubemapFace4 from package 00002640.upk
Loading Texture2D CubemapFace5 from package 00002640.upk
Loading Texture2D eye0_N from package 00007428.upk
Loading Texture2D Sclera from package 00007428.upk
Loading TextureCube eye1 from package 00002640.upk
Loading TextureCube eye_s from package 00002640.upk
Loading Texture2D CubemapFace0 from package 00002640.upk
Loading Texture2D CubemapFace1 from package 00002640.upk
Loading Texture2D CubemapFace2 from package 00002640.upk
Loading Texture2D CubemapFace3 from package 00002640.upk
Loading Texture2D CubemapFace4 from package 00002640.upk
Loading Texture2D CubemapFace5 from package 00002640.upk
Loading Texture2D CubemapFace0 from package 00002640.upk
Loading Texture2D CubemapFace1 from package 00002640.upk
Loading Texture2D CubemapFace2 from package 00002640.upk
Loading Texture2D CubemapFace3 from package 00002640.upk
Loading Texture2D CubemapFace4 from package 00002640.upk
Loading Texture2D CubemapFace5 from package 00002640.upk
Loaded in 0.37 sec, 3853 allocs, 1.91 MBytes serialized in 171383 calls.

Object info:
============
ClassName: MaterialInstanceConstant ObjectName: col1

    ScalarParameterValues[8] =
    {
        ScalarParameterValues[0] = { ParameterName=Transmission_value, ParameterValue=0.5 }
        ScalarParameterValues[1] = { ParameterName=Skin_glossiness, ParameterValue=1 }
        ScalarParameterValues[2] = { ParameterName=Wear_glossiness1, ParameterValue=5 }
        ScalarParameterValues[3] = { ParameterName=Wear_glossiness2, ParameterValue=255 }
        ScalarParameterValues[4] = { ParameterName=Skin_Spec_value, ParameterValue=1 }
        ScalarParameterValues[5] = { ParameterName=Emissive_value, ParameterValue=1 }
        ScalarParameterValues[6] = { ParameterName=Fresnel Value, ParameterValue=5 }
        ScalarParameterValues[7] = { ParameterName=Fresnel exponent, ParameterValue=2 }
    }
    TextureParameterValues[5] =
    {
        TextureParameterValues[0] = { ParameterName=Body_normal, ParameterValue=Texture2D'N' }
        TextureParameterValues[1] = { ParameterName=Body_mask_RGB, ParameterValue=Texture2D'M' }
        TextureParameterValues[2] = { ParameterName=Body_diffuse, ParameterValue=Texture2D'D' }
        TextureParameterValues[3] = { ParameterName=Body_specular, ParameterValue=Texture2D'S' }
        TextureParameterValues[4] = { ParameterName=Emissive, ParameterValue=Texture2D'Em' }
    }
    VectorParameterValues[0] = {}
    Parent = Material3'Body'
    FlattenedTexture = None
    MobileBaseTexture = None
    MobileNormalTexture = None
    bUseMobileSpecular = false
    MobileSpecularPower = 16
    MobileSpecularMask = MSM_Constant (0)
    MobileMaskTexture = None

Object info:
============
ClassName: MaterialInstanceConstant ObjectName: col1b

    ScalarParameterValues[4] =
    {
        ScalarParameterValues[0] = { ParameterName=Glossiness1, ParameterValue=3 }
        ScalarParameterValues[1] = { ParameterName=Specular_value, ParameterValue=1 }
        ScalarParameterValues[2] = { ParameterName=Fresnel exponent, ParameterValue=3 }
        ScalarParameterValues[3] = { ParameterName=Fresnel Value, ParameterValue=20 }
    }
    TextureParameterValues[4] =
    {
        TextureParameterValues[0] = { ParameterName=Normal, ParameterValue=Texture2D'tail_n' }
        TextureParameterValues[1] = { ParameterName=Mask_GB, ParameterValue=Texture2D'tail_m' }
        TextureParameterValues[2] = { ParameterName=Diffuse, ParameterValue=Texture2D'tail_d' }
        TextureParameterValues[3] = { ParameterName=Specular, ParameterValue=Texture2D'tail_s' }
    }
    VectorParameterValues[0] = {}
    Parent = Material3'Basic'
    FlattenedTexture = None
    MobileBaseTexture = None
    MobileNormalTexture = None
    bUseMobileSpecular = false
    MobileSpecularPower = 16
    MobileSpecularMask = MSM_Constant (0)
    MobileMaskTexture = None

Object info:
============
ClassName: MaterialInstanceConstant ObjectName: eye

    ScalarParameterValues[5] =
    {
        ScalarParameterValues[0] = { ParameterName=eye_size, ParameterValue=1.2 }
        ScalarParameterValues[1] = { ParameterName=eye_glossiness, ParameterValue=1 }
        ScalarParameterValues[2] = { ParameterName=deep_eye, ParameterValue=0 }
        ScalarParameterValues[3] = { ParameterName=eye_HighLight_Position, ParameterValue=0 }
        ScalarParameterValues[4] = { ParameterName=eye_HighLight_value, ParameterValue=5 }
    }
    TextureParameterValues[4] =
    {
        TextureParameterValues[0] = { ParameterName=Eye_Normal, ParameterValue=Texture2D'eye1_N' }
        TextureParameterValues[1] = { ParameterName=Eye_Diffuse, ParameterValue=Texture2D'eye1_LynM08' }
        TextureParameterValues[2] = { ParameterName=Eye_Mask, ParameterValue=Texture2D'Nothing_A' }
        TextureParameterValues[3] = { ParameterName=eye_cube, ParameterValue=TextureCube'eye3' }
    }
    VectorParameterValues[4] =
    {
        VectorParameterValues[0] =
        {
            ParameterName = eye_Spec_Color
            ParameterValue = { R=1, G=1, B=1, A=1 }
        }
        VectorParameterValues[1] =
        {
            ParameterName = Eye_Sclera
            ParameterValue = { R=0, G=0, B=0, A=1 }
        }
        VectorParameterValues[2] =
        {
            ParameterName = Eye_Iris
            ParameterValue = { R=10, G=10, B=10, A=1 }
        }
        VectorParameterValues[3] =
        {
            ParameterName = eye_cube_Color
            ParameterValue = { R=1, G=1, B=1, A=1 }
        }
    }
    Parent = Material3'eye'
    FlattenedTexture = None
    MobileBaseTexture = None
    MobileNormalTexture = None
    bUseMobileSpecular = false
    MobileSpecularPower = 16
    MobileSpecularMask = MSM_Constant (0)
    MobileMaskTexture = None

Object info:
============
ClassName: MaterialInstanceConstant ObjectName: Face_a

    ScalarParameterValues[4] =
    {
        ScalarParameterValues[0] = { ParameterName=Glossiness1, ParameterValue=2 }
        ScalarParameterValues[1] = { ParameterName=Glossiness2, ParameterValue=1 }
        ScalarParameterValues[2] = { ParameterName=Fresnel exponent, ParameterValue=3 }
        ScalarParameterValues[3] = { ParameterName=Fresnel Value, ParameterValue=20 }
    }
    TextureParameterValues[5] =
    {
        TextureParameterValues[0] = { ParameterName=Normal, ParameterValue=Texture2D'LynM_face_n' }
        TextureParameterValues[1] = { ParameterName=Mask_GB, ParameterValue=Texture2D'LynM_face_M' }
        TextureParameterValues[2] = { ParameterName=Diffuse, ParameterValue=Texture2D'LynM_face_d' }
        TextureParameterValues[3] = { ParameterName=Specular, ParameterValue=Texture2D'LynM_face_s' }
        TextureParameterValues[4] = { ParameterName=Trangition_texture, ParameterValue=None }
    }
    VectorParameterValues[0] = {}
    Parent = Material3'Basic'
    FlattenedTexture = None
    MobileBaseTexture = None
    MobileNormalTexture = None
    bUseMobileSpecular = false
    MobileSpecularPower = 16
    MobileSpecularMask = MSM_Constant (0)
    MobileMaskTexture = None

Object info:
============
ClassName: MaterialInstanceConstant ObjectName: hair_a

    ScalarParameterValues[3] =
    {
        ScalarParameterValues[0] = { ParameterName=Glossiness1, ParameterValue=5 }
        ScalarParameterValues[1] = { ParameterName=Fresnel exponent, ParameterValue=5 }
        ScalarParameterValues[2] = { ParameterName=Fresnel Value, ParameterValue=10 }
    }
    TextureParameterValues[4] =
    {
        TextureParameterValues[0] = { ParameterName=Normal, ParameterValue=Texture2D'LynM_hair002_N' }
        TextureParameterValues[1] = { ParameterName=Mask_GB, ParameterValue=Texture2D'LynM_hair002_m1' }
        TextureParameterValues[2] = { ParameterName=Diffuse, ParameterValue=Texture2D'LynM_hair002_D' }
        TextureParameterValues[3] = { ParameterName=Specular, ParameterValue=Texture2D'LynM_hair002_S' }
    }
    VectorParameterValues[0] = {}
    Parent = Material3'Basic'
    FlattenedTexture = None
    MobileBaseTexture = None
    MobileNormalTexture = None
    bUseMobileSpecular = false
    MobileSpecularPower = 16
    MobileSpecularMask = MSM_Constant (0)
    MobileMaskTexture = None
