Found 16186 game files (0 skipped)
Loading package: 00003612.upk Ver: 573/1 Engine: 4205 Names: 168 Exports: 183 Imports: 23 Game: 801A
Loading SkeletalMesh3 bladebug from package 00003612.upk
WARNING: FloatProperty "USkeletalMesh3::AutoScale" was not found
WARNING: ObjectProperty "USkeletalMesh3::PhysMaterialOverride" was not found
WARNING: ObjectProperty "USkeletalMesh3::PlaySoundSet" was not found
WARNING: ObjectProperty "USkeletalMesh3::PlayParticleSet" was not found
WARNING: ObjectProperty "USkeletalMesh3::ImpactEffect" was not found
Loading package: 00003601.upk Ver: 573/1 Engine: 4205 Names: 78 Exports: 2 Imports: 20 Game: 801A
Loading MaterialInstanceConstant col1 from package 00003601.upk
Loading package: 00003600.upk Ver: 573/1 Engine: 4205 Names: 41 Exports: 12 Imports: 4 Game: 801A
Loading package: 00002620.upk Ver: 573/1 Engine: 4205 Names: 500 Exports: 5733 Imports: 89 Game: 801A
Loading Texture2D MO_ST_007_JW_N from package 00003600.upk
Loading Texture2D MO_ST_007_JW_D from package 00003600.upk
Loading Texture2D MO_ST_007_JW_S from package 00003600.upk
Loading Material3 Basic from package 00002620.upk
Loading package: 00012963.upk Ver: 573/1 Engine: 4205 Names: 1199 Exports: 1162 Imports: 10 Game: 801A
Loading Texture2D check_n from package 00002620.upk
Loading Texture2D check from package 00002620.upk
Loading Texture2D Smoke_Pattern_001 from package 00012963.upk
Loading Texture2D Gradient_Line_003 from package 00012963.upk
Loading Texture2D Gradient_Wipe_BurnOut_Mask_TEST from package 00012963.upk
Loading Texture2D Gradient_Wipe_BurnOut_Mask from package 00012963.upk
Loaded in 0.066 sec, 2314 allocs, 1.35 MBytes serialized in 238337 calls.

Object info:
============
ClassName: SkeletalMesh3 ObjectName: bladebug

    LODInfo[2] =
    {
        LODInfo[0] =
        {
            DisplayFactor = 0
            LODHysteresis = 0.02
            LODMaterialMap[0] = {}
            bEnableShadowCasting[1] = { true }
        }
        LODInfo[1] =
        {
            DisplayFactor = 0
            LODHysteresis = 0.02
            LODMaterialMap[1] = { 0 }
            bEnableShadowCasting[1] = { true }
        }
    }
    Sockets[0] = {}
    bHasVertexColors = false
    EnableTwistBoneFixers = true
    EnableClavicleFixer = true
    Materials[1] = { MaterialInstanceConstant'col1' }


    Lods[2] =
    {
        Lods[0] =
        {
            Sections[1] =
            {
                Sections[0] = { Material=MaterialInstanceConstant'col1', FirstIndex=0, NumFaces=2792 }
            }
            NumVerts = 2097
            IndexCount = 8376
            NumTexCoords = 1
        }
        Lods[1] =
        {
            Sections[1] =
            {
                Sections[0] = { Material=MaterialInstanceConstant'col1', FirstIndex=0, NumFaces=962 }
            }
            NumVerts = 896
            IndexCount = 2886
            NumTexCoords = 1
        }
    }
    LodCount = 2
    MeshOrigin = { X=-0, Y=-0, Z=-1 }
    MeshScale = { X=1, Y=1, Z=1 }
    RotOrigin = { Yaw=0, Pitch=0, Roll=0 }
    BoneCount = 55
