Found 16187 game files (144 skipped)
Loading package: 00008896.upk Ver: 573/1 Engine: 4205 Names: 31 Exports: 4 Imports: 4 Game: 801A
Loading Texture2D GonM_011_col1_D from package 00008896.upk
Loading Texture2D GonM_011_col1_n from package 00008896.upk
Loaded in 0.015 sec, 113 allocs, 0.39 MBytes serialized in 640 calls.

Object info:
============
ClassName: Texture2D ObjectName: GonM_011_col1_D

    SizeX = 512
    SizeY = 512
    Format = PF_DXT5 (7)
    AddressX = TA_Wrap (0)
    AddressY = TA_Wrap (0)
    TextureFileCacheName = None
    MipTailBaseIdx = 9
    bForcePVRTC4 = false
    UnpackMin[4] = { 0, 0, 0, 0 }
    UnpackMax[4] = { 1, 1, 1, 1 }

Object info:
============
ClassName: Texture2D ObjectName: GonM_011_col1_n

    SizeX = 512
    SizeY = 512
    Format = PF_DXT5 (7)
    AddressX = TA_Wrap (0)
    AddressY = TA_Wrap (0)
    TextureFileCacheName = None
    MipTailBaseIdx = 9
    bForcePVRTC4 = false
    UnpackMin[4] = { -1, -1, -1, 0 }
    UnpackMax[4] = { 1, 1, 1, 1 }
