Found 27000 game files (27 skipped)
Loading package: 00005767.upk Ver: 573/1 Engine: 4205 Names: 30 Exports: 3 Imports: 2 Game: 801A
Loading Texture2D Weapon_All_Column_2_E1_col1_d from package 00005767.upk
Loading Texture2D Weapon_All_Column_2_E1_col1_n from package 00005767.upk
Loading Texture2D Weapon_All_Column_2_E1_col1_s from package 00005767.upk
Loaded in 0.022 sec, 141 allocs, 0.16 MBytes serialized in 775 calls.

Object info:
============
ClassName: Texture2D ObjectName: Weapon_All_Column_2_E1_col1_d

    SizeX = 512
    SizeY = 256
    Format = PF_DXT1 (5)
    AddressX = TA_Wrap (0)
    AddressY = TA_Wrap (0)
    TextureFileCacheName = None
    MipTailBaseIdx = 9
    bForcePVRTC4 = false
    UnpackMin[4] = { 0, 0, 0, 0 }
    UnpackMax[4] = { 1, 1, 1, 1 }

Object info:
============
ClassName: Texture2D ObjectName: Weapon_All_Column_2_E1_col1_n

    SizeX = 512
    SizeY = 256
    Format = PF_DXT1 (5)
    AddressX = TA_Wrap (0)
    AddressY = TA_Wrap (0)
    TextureFileCacheName = None
    MipTailBaseIdx = 9
    bForcePVRTC4 = false
    UnpackMin[4] = { -1, -1, -1, 0 }
    UnpackMax[4] = { 1, 1, 1, 1 }

Object info:
============
ClassName: Texture2D ObjectName: Weapon_All_Column_2_E1_col1_s

    SizeX = 512
    SizeY = 256
    Format = PF_DXT1 (5)
    AddressX = TA_Wrap (0)
    AddressY = TA_Wrap (0)
    TextureFileCacheName = None
    MipTailBaseIdx = 9
    bForcePVRTC4 = false
    UnpackMin[4] = { 0, 0, 0, 0 }
    UnpackMax[4] = { 1, 1, 1, 1 }
