Found 18875 game files (36 skipped)
Loading package: 00003456.upk Ver: 573/1 Engine: 4205 Names: 31 Exports: 3 Imports: 4 Game: 801A
Loading Texture2D GonM_005_col1_d from package 00003456.upk
Loading Texture2D GonM_005_col1_n from package 00003456.upk
WARNING: BoolProperty "UTexture2D::bDisableLoadSwitch" was not found
Loaded in 0.014 sec, 113 allocs, 0.36 MBytes serialized in 629 calls.

Object info:
============
ClassName: Texture2D ObjectName: GonM_005_col1_d

    SizeX = 512
    SizeY = 512
    Format = PF_DXT5 (7)
    AddressX = TA_Wrap (0)
    AddressY = TA_Wrap (0)
    TextureFileCacheName = None
    MipTailBaseIdx = 9
    bForcePVRTC4 = false
    UnpackMin[4] = { 0, 0, 0, 0 }
    UnpackMax[4] = { 1, 1, 1, 1 }

Object info:
============
ClassName: Texture2D ObjectName: GonM_005_col1_n

    SizeX = 512
    SizeY = 512
    Format = PF_DXT5 (7)
    AddressX = TA_Wrap (0)
    AddressY = TA_Wrap (0)
    TextureFileCacheName = None
    MipTailBaseIdx = 9
    bForcePVRTC4 = false
    UnpackMin[4] = { -1, -1, -1, 0 }
    UnpackMax[4] = { 1, 1, 1, 1 }
