Found 27000 game files (27 skipped)
Loading package: 00009205.upk Ver: 573/1 Engine: 4205 Names: 21 Exports: 2 Imports: 2 Game: 801A
Loading Texture2D D from package 00009205.upk
Loading Texture2D S from package 00009205.upk
Loaded in 0.021 sec, 97 allocs, 0.00 MBytes serialized in 494 calls.

Object info:
============
ClassName: Texture2D ObjectName: D

    SizeX = 256
    SizeY = 128
    Format = PF_DXT1 (5)
    AddressX = TA_Wrap (0)
    AddressY = TA_Wrap (0)
    TextureFileCacheName = None
    MipTailBaseIdx = 8
    bForcePVRTC4 = false
    UnpackMin[4] = { 0, 0, 0, 0 }
    UnpackMax[4] = { 1, 1, 1, 1 }

Object info:
============
ClassName: Texture2D ObjectName: S

    SizeX = 256
    SizeY = 128
    Format = PF_DXT1 (5)
    AddressX = TA_Wrap (0)
    AddressY = TA_Wrap (0)
    TextureFileCacheName = None
    MipTailBaseIdx = 8
    bForcePVRTC4 = false
    UnpackMin[4] = { 0, 0, 0, 0 }
    UnpackMax[4] = { 1, 1, 1, 1 }
