Found 27000 game files (27 skipped)
Loading package: 00008012.upk Ver: 573/1 Engine: 4205 Names: 78 Exports: 2 Imports: 16 Game: 801A
Loading MaterialInstanceConstant col1 from package 00008012.upk
Loading package: 00008011.upk Ver: 573/1 Engine: 4205 Names: 31 Exports: 3 Imports: 2 Game: 801A
Loading package: 00002620.upk Ver: 573/1 Engine: 4205 Names: 560 Exports: 6612 Imports: 96 Game: 801A
Loading MaterialInstanceConstant eye from package 00008012.upk
Loading Texture2D webubsa_som_N from package 00008011.upk
Loading Texture2D webubsa_som_d from package 00008011.upk
Loading Texture2D webubsa_som_s from package 00008011.upk
Loading Material3 Blend_OP_TSx from package 00002620.upk
Loading package: 00012963.upk Ver: 573/1 Engine: 4205 Names: 1264 Exports: 1240 Imports: 10 Game: 801A
Loading Material3 Basic from package 00002620.upk
Loading Texture2D check_n from package 00002620.upk
Loading Texture2D check from package 00002620.upk
Loading Texture2D Smoke_Pattern_001 from package 00012963.upk
Loading Texture2D Gradient_Line_003 from package 00012963.upk
Loading Texture2D Gradient_Wipe_BurnOut_Mask_TEST from package 00012963.upk
Loading Texture2D Gradient_Wipe_BurnOut_Mask from package 00012963.upk
Loaded in 0.063 sec, 2216 allocs, 0.95 MBytes serialized in 150450 calls.

Object info:
============
ClassName: MaterialInstanceConstant ObjectName: col1

    ScalarParameterValues[3] =
    {
        ScalarParameterValues[0] = { ParameterName=Opacity, ParameterValue=0.5 }
        ScalarParameterValues[1] = { ParameterName=Fresnel_Exp, ParameterValue=0.1 }
        ScalarParameterValues[2] = { ParameterName=Specular_value, ParameterValue=1 }
    }
    TextureParameterValues[3] =
    {
        TextureParameterValues[0] = { ParameterName=Normal, ParameterValue=Texture2D'webubsa_som_N' }
        TextureParameterValues[1] = { ParameterName=Diffuse, ParameterValue=Texture2D'webubsa_som_d' }
        TextureParameterValues[2] = { ParameterName=Specular, ParameterValue=Texture2D'webubsa_som_s' }
    }
    VectorParameterValues[0] = {}
    Parent = Material3'Blend_OP_TSx'
    FlattenedTexture = None
    MobileBaseTexture = None
    MobileNormalTexture = None
    bUseMobileSpecular = false
    MobileSpecularPower = 16
    MobileSpecularMask = MSM_Constant (0)
    MobileMaskTexture = None

Object info:
============
ClassName: MaterialInstanceConstant ObjectName: eye

    ScalarParameterValues[4] =
    {
        ScalarParameterValues[0] = { ParameterName=Glossiness1, ParameterValue=3 }
        ScalarParameterValues[1] = { ParameterName=Specular_value, ParameterValue=0.2 }
        ScalarParameterValues[2] = { ParameterName=Emissive_value, ParameterValue=0.8 }
        ScalarParameterValues[3] = { ParameterName=Emissive_value2, ParameterValue=0.5 }
    }
    TextureParameterValues[4] =
    {
        TextureParameterValues[0] = { ParameterName=Normal, ParameterValue=Texture2D'webubsa_som_N' }
        TextureParameterValues[1] = { ParameterName=Diffuse, ParameterValue=Texture2D'webubsa_som_d' }
        TextureParameterValues[2] = { ParameterName=Specular, ParameterValue=Texture2D'webubsa_som_s' }
        TextureParameterValues[3] = { ParameterName=Emissive, ParameterValue=Texture2D'webubsa_som_s' }
    }
    VectorParameterValues[0] = {}
    Parent = Material3'Basic'
    FlattenedTexture = None
    MobileBaseTexture = None
    MobileNormalTexture = None
    bUseMobileSpecular = false
    MobileSpecularPower = 16
    MobileSpecularMask = MSM_Constant (0)
    MobileMaskTexture = None
