Found 21975 game files (132 skipped)
Loading package: 00008124.upk Ver: 573/1 Engine: 4205 Names: 275 Exports: 19 Imports: 21 Game: 801A
Loading MaterialInstanceConstant col1 from package 00008124.upk
Loading package: 00002640.upk Ver: 573/1 Engine: 4205 Names: 340 Exports: 556 Imports: 5 Game: 801A
Loading package: 00002620.upk Ver: 573/1 Engine: 4205 Names: 560 Exports: 6612 Imports: 96 Game: 801A
Loading MaterialInstanceConstant col2 from package 00008124.upk
Loading package: 00012963.upk Ver: 573/1 Engine: 4205 Names: 1236 Exports: 1211 Imports: 10 Game: 801A
Loading SkeletalMesh3 ZombieA from package 00008124.upk
WARNING: ObjectProperty "USkeletalMesh3::PlaySoundSet" was not found
WARNING: ObjectProperty "USkeletalMesh3::PlayParticleSet" was not found
WARNING: FloatProperty "USkeletalMesh3::AnimNameHeight" was not found
WARNING: FloatProperty "USkeletalMesh3::NormalNameHeight" was not found
WARNING: FloatProperty "USkeletalMesh3::LowNameHeight" was not found
Loading SkeletalMeshSocket SkeletalMeshSocket_245 from package 00008124.upk
Loading SkeletalMeshSocket SkeletalMeshSocket_246 from package 00008124.upk
Loading SkeletalMeshSocket SkeletalMeshSocket_247 from package 00008124.upk
Loading SkeletalMeshSocket SkeletalMeshSocket_248 from package 00008124.upk
Loading SkeletalMeshSocket SkeletalMeshSocket_47 from package 00008124.upk
Loading SkeletalMeshSocket SkeletalMeshSocket_48 from package 00008124.upk
Loading SkeletalMeshSocket SkeletalMeshSocket_49 from package 00008124.upk
Loading SkeletalMeshSocket SkeletalMeshSocket_50 from package 00008124.upk
Loading Texture2D Monster_Human_ZombieA_col1_d from package 00008124.upk
Loading Texture2D Monster_Human_ZombieA_col1_e from package 00008124.upk
Loading Texture2D Monster_Human_ZombieA_col1_m from package 00008124.upk
Loading Texture2D Monster_Human_ZombieA_col1_n from package 00008124.upk
Loading Texture2D Monster_Human_ZombieA_col1_s from package 00008124.upk
Loading Texture2D Monster_Human_ZombieA_col2_d from package 00008124.upk
Loading Texture2D Monster_Human_ZombieA_col2_e from package 00008124.upk
Loading Texture2D Monster_Human_ZombieA_col2_s from package 00008124.upk
Loading TextureCube cube_orb from package 00002640.upk
Loading Material3 Basic from package 00002620.upk
Loading Texture2D Smoke_Pattern_001 from package 00012963.upk
Loading Texture2D check from package 00002620.upk
Loading Texture2D CubemapFace0 from package 00002640.upk
Loading Texture2D CubemapFace1 from package 00002640.upk
Loading Texture2D CubemapFace2 from package 00002640.upk
Loading Texture2D CubemapFace3 from package 00002640.upk
Loading Texture2D CubemapFace4 from package 00002640.upk
Loading Texture2D CubemapFace5 from package 00002640.upk
Loading Texture2D check_n from package 00002620.upk
Loading Texture2D Gradient_Line_003 from package 00012963.upk
Loading Texture2D Gradient_Wipe_BurnOut_Mask_TEST from package 00012963.upk
Loading Texture2D Gradient_Wipe_BurnOut_Mask from package 00012963.upk
Loaded in 0.14 sec, 3045 allocs, 1.79 MBytes serialized in 283251 calls.

Object info:
============
ClassName: MaterialInstanceConstant ObjectName: col1

    ScalarParameterValues[7] =
    {
        ScalarParameterValues[0] = { ParameterName=Transmission_value, ParameterValue=0 }
        ScalarParameterValues[1] = { ParameterName=Glossiness1, ParameterValue=5 }
        ScalarParameterValues[2] = { ParameterName=Glossiness2, ParameterValue=20 }
        ScalarParameterValues[3] = { ParameterName=Specular_value, ParameterValue=1 }
        ScalarParameterValues[4] = { ParameterName=Emissive_value, ParameterValue=3 }
        ScalarParameterValues[5] = { ParameterName=Fresnel exponent, ParameterValue=5 }
        ScalarParameterValues[6] = { ParameterName=Fresnel Value, ParameterValue=20 }
    }
    TextureParameterValues[6] =
    {
        TextureParameterValues[0] = { ParameterName=Normal, ParameterValue=Texture2D'Monster_Human_ZombieA_col1_n' }
        TextureParameterValues[1] = { ParameterName=Mask_GB, ParameterValue=Texture2D'Monster_Human_ZombieA_col1_m' }
        TextureParameterValues[2] = { ParameterName=Diffuse, ParameterValue=Texture2D'Monster_Human_ZombieA_col1_d' }
        TextureParameterValues[3] = { ParameterName=Specular, ParameterValue=Texture2D'Monster_Human_ZombieA_col1_s' }
        TextureParameterValues[4] = { ParameterName=rf_cube, ParameterValue=TextureCube'cube_orb' }
        TextureParameterValues[5] = { ParameterName=Emissive, ParameterValue=Texture2D'Monster_Human_ZombieA_col1_e' }
    }
    VectorParameterValues[0] = {}
    Parent = Material3'Basic'
    FlattenedTexture = None
    MobileBaseTexture = None
    MobileNormalTexture = None
    bUseMobileSpecular = false
    MobileSpecularPower = 16
    MobileSpecularMask = MSM_Constant (0)
    MobileMaskTexture = None

Object info:
============
ClassName: MaterialInstanceConstant ObjectName: col2

    ScalarParameterValues[10] =
    {
        ScalarParameterValues[0] = { ParameterName=Transmission_value, ParameterValue=0 }
        ScalarParameterValues[1] = { ParameterName=Glossiness1, ParameterValue=5 }
        ScalarParameterValues[2] = { ParameterName=Glossiness2, ParameterValue=20 }
        ScalarParameterValues[3] = { ParameterName=Specular_value, ParameterValue=1 }
        ScalarParameterValues[4] = { ParameterName=HighLight_Value, ParameterValue=5 }
        ScalarParameterValues[5] = { ParameterName=HighLight_glossiness, ParameterValue=100 }
        ScalarParameterValues[6] = { ParameterName=Emissive_value, ParameterValue=3 }
        ScalarParameterValues[7] = { ParameterName=Emissive_value2, ParameterValue=0 }
        ScalarParameterValues[8] = { ParameterName=Fresnel Value, ParameterValue=20 }
        ScalarParameterValues[9] = { ParameterName=Fresnel exponent, ParameterValue=5 }
    }
    TextureParameterValues[8] =
    {
        TextureParameterValues[0] = { ParameterName=Normal, ParameterValue=Texture2D'Monster_Human_ZombieA_col1_n' }
        TextureParameterValues[1] = { ParameterName=Mask_GB, ParameterValue=Texture2D'Monster_Human_ZombieA_col1_m' }
        TextureParameterValues[2] = { ParameterName=Diffuse, ParameterValue=Texture2D'Monster_Human_ZombieA_col2_d' }
        TextureParameterValues[3] = { ParameterName=Specular, ParameterValue=Texture2D'Monster_Human_ZombieA_col2_s' }
        TextureParameterValues[4] = { ParameterName=rf_cube, ParameterValue=TextureCube'cube_orb' }
        TextureParameterValues[5] = { ParameterName=Emissive, ParameterValue=Texture2D'Monster_Human_ZombieA_col2_e' }
        TextureParameterValues[6] = { ParameterName=Mask_FX_Texture, ParameterValue=Texture2D'Smoke_Pattern_001' }
        TextureParameterValues[7] = { ParameterName=FX_Add, ParameterValue=Texture2D'check' }
    }
    VectorParameterValues[9] =
    {
        VectorParameterValues[0] =
        {
            ParameterName = Mesh_trangition
            ParameterValue = { R=0, G=0, B=0, A=1 }
        }
        VectorParameterValues[1] =
        {
            ParameterName = Reflection_value
            ParameterValue = { R=2, G=2, B=2, A=1 }
        }
        VectorParameterValues[2] =
        {
            ParameterName = HighLight_Color
            ParameterValue = { R=1, G=1, B=1, A=1 }
        }
        VectorParameterValues[3] =
        {
            ParameterName = Fresnel_color
            ParameterValue = { R=0, G=0, B=0, A=1 }
        }
        VectorParameterValues[4] =
        {
            ParameterName = Fresnel_Power
            ParameterValue = { R=0, G=0, B=0, A=1 }
        }
        VectorParameterValues[5] =
        {
            ParameterName = Burn_Color
            ParameterValue = { R=0, G=0, B=0, A=1 }
        }
        VectorParameterValues[6] =
        {
            ParameterName = Glow_Trangition
            ParameterValue = { R=0, G=0, B=0, A=1 }
        }
        VectorParameterValues[7] =
        {
            ParameterName = Fx_Glow_power
            ParameterValue = { R=0, G=0, B=0, A=1 }
        }
        VectorParameterValues[8] =
        {
            ParameterName = Fx_Glow_color
            ParameterValue = { R=0, G=0, B=0, A=1 }
        }
    }
    Parent = Material3'Basic'
    FlattenedTexture = None
    MobileBaseTexture = None
    MobileNormalTexture = None
    bUseMobileSpecular = false
    MobileSpecularPower = 16
    MobileSpecularMask = MSM_Constant (0)
    MobileMaskTexture = None

Object info:
============
ClassName: SkeletalMesh3 ObjectName: ZombieA

    LODInfo[1] =
    {
        LODInfo[0] =
        {
            DisplayFactor = 0
            LODHysteresis = 0.02
            LODMaterialMap[0] = {}
            bEnableShadowCasting[2] = { true, true }
        }
    }
    Sockets[8] =
    {
        Sockets[0] = SkeletalMeshSocket'ZombieA.SkeletalMeshSocket_47'
        Sockets[1] = SkeletalMeshSocket'ZombieA.SkeletalMeshSocket_245'
        Sockets[2] = SkeletalMeshSocket'ZombieA.SkeletalMeshSocket_246'
        Sockets[3] = SkeletalMeshSocket'ZombieA.SkeletalMeshSocket_247'
        Sockets[4] = SkeletalMeshSocket'ZombieA.SkeletalMeshSocket_248'
        Sockets[5] = SkeletalMeshSocket'ZombieA.SkeletalMeshSocket_48'
        Sockets[6] = SkeletalMeshSocket'ZombieA.SkeletalMeshSocket_49'
        Sockets[7] = SkeletalMeshSocket'ZombieA.SkeletalMeshSocket_50'
    }
    bHasVertexColors = false
    EnableTwistBoneFixers = true
    EnableClavicleFixer = true
    Materials[1] = { MaterialInstanceConstant'col2' }


    Lods[1] =
    {
        Lods[0] =
        {
            Sections[2] =
            {
                Sections[0] = { Material=MaterialInstanceConstant'col2', FirstIndex=0, NumFaces=3409 }
                Sections[1] = { Material=MaterialInstanceConstant'col2', FirstIndex=10227, NumFaces=828 }
            }
            NumVerts = 3327
            IndexCount = 12711
            NumTexCoords = 1
        }
    }
    LodCount = 1
    MeshOrigin = { X=-0, Y=-0, Z=-0 }
    MeshScale = { X=1, Y=1, Z=1 }
    RotOrigin = { Yaw=0, Pitch=0, Roll=0 }
    BoneCount = 124

Object info:
============
ClassName: SkeletalMeshSocket ObjectName: SkeletalMeshSocket_245

    SocketName = ATTACH_EFFECT
    BoneName = Bip01
    RelativeLocation = { X=10.1418, Y=0, Z=0 }
    RelativeRotation = { Yaw=0, Pitch=0, Roll=0 }
    RelativeScale = { X=1, Y=1, Z=1 }

Object info:
============
ClassName: SkeletalMeshSocket ObjectName: SkeletalMeshSocket_246

    SocketName = Mount_Socket
    BoneName = Root
    RelativeLocation = { X=1.60283, Y=-0.124231, Z=0 }
    RelativeRotation = { Yaw=32768, Pitch=0, Roll=0 }
    RelativeScale = { X=1, Y=1, Z=1 }

Object info:
============
ClassName: SkeletalMeshSocket ObjectName: SkeletalMeshSocket_247

    SocketName = socket_force
    BoneName = Root
    RelativeLocation = { X=33, Y=40, Z=0 }
    RelativeRotation = { Yaw=0, Pitch=0, Roll=0 }
    RelativeScale = { X=1, Y=1, Z=1 }

Object info:
============
ClassName: SkeletalMeshSocket ObjectName: SkeletalMeshSocket_248

    SocketName = Catch_Neck
    BoneName = Bip01Neck
    RelativeLocation = { X=0, Y=0, Z=0 }
    RelativeRotation = { Yaw=0, Pitch=0, Roll=0 }
    RelativeScale = { X=1, Y=1, Z=1 }

Object info:
============
ClassName: SkeletalMeshSocket ObjectName: SkeletalMeshSocket_47

    SocketName = target_high
    BoneName = Bip01Head
    RelativeLocation = { X=0, Y=0, Z=0 }
    RelativeRotation = { Yaw=0, Pitch=0, Roll=0 }
    RelativeScale = { X=1, Y=1, Z=1 }

Object info:
============
ClassName: SkeletalMeshSocket ObjectName: SkeletalMeshSocket_48

    SocketName = Mount_Ambar_Socket
    BoneName = Bip01LClavicle
    RelativeLocation = { X=-14.0393, Y=1.73046, Z=-9.07423 }
    RelativeRotation = { Yaw=-285, Pitch=9970, Roll=22850 }
    RelativeScale = { X=1, Y=1, Z=1 }

Object info:
============
ClassName: SkeletalMeshSocket ObjectName: SkeletalMeshSocket_49

    SocketName = Mount_Choke_Socket
    BoneName = Root
    RelativeLocation = { X=-1.69592, Y=3.91374e-016, Z=0 }
    RelativeRotation = { Yaw=32768, Pitch=0, Roll=0 }
    RelativeScale = { X=1, Y=1, Z=1 }

Object info:
============
ClassName: SkeletalMeshSocket ObjectName: SkeletalMeshSocket_50

    SocketName = Decap_Socket
    BoneName = Bip01Neck
    RelativeLocation = { X=4.34934, Y=-0.548438, Z=0 }
    RelativeRotation = { Yaw=0, Pitch=0, Roll=0 }
    RelativeScale = { X=1, Y=1, Z=1 }

Object info:
============
ClassName: Texture2D ObjectName: Monster_Human_ZombieA_col1_d

    SizeX = 512
    SizeY = 512
    Format = PF_DXT5 (7)
    AddressX = TA_Wrap (0)
    AddressY = TA_Wrap (0)
    TextureFileCacheName = None
    MipTailBaseIdx = 9
    bForcePVRTC4 = false
    UnpackMin[4] = { 0, 0, 0, 0 }
    UnpackMax[4] = { 1, 1, 1, 1 }

Object info:
============
ClassName: Texture2D ObjectName: Monster_Human_ZombieA_col1_e

    SizeX = 256
    SizeY = 256
    Format = PF_DXT1 (5)
    AddressX = TA_Wrap (0)
    AddressY = TA_Wrap (0)
    TextureFileCacheName = None
    MipTailBaseIdx = 8
    bForcePVRTC4 = false
    UnpackMin[4] = { 0, 0, 0, 0 }
    UnpackMax[4] = { 1, 1, 1, 1 }

Object info:
============
ClassName: Texture2D ObjectName: Monster_Human_ZombieA_col1_m

    SizeX = 256
    SizeY = 256
    Format = PF_DXT5 (7)
    AddressX = TA_Wrap (0)
    AddressY = TA_Wrap (0)
    TextureFileCacheName = None
    MipTailBaseIdx = 8
    bForcePVRTC4 = false
    UnpackMin[4] = { 0, 0, 0, 0 }
    UnpackMax[4] = { 1, 1, 1, 1 }

Object info:
============
ClassName: Texture2D ObjectName: Monster_Human_ZombieA_col1_n

    SizeX = 512
    SizeY = 512
    Format = PF_DXT1 (5)
    AddressX = TA_Wrap (0)
    AddressY = TA_Wrap (0)
    TextureFileCacheName = None
    MipTailBaseIdx = 9
    bForcePVRTC4 = false
    UnpackMin[4] = { -1, -1, -1, 0 }
    UnpackMax[4] = { 1, 1, 1, 1 }

Object info:
============
ClassName: Texture2D ObjectName: Monster_Human_ZombieA_col1_s

    SizeX = 512
    SizeY = 512
    Format = PF_DXT1 (5)
    AddressX = TA_Wrap (0)
    AddressY = TA_Wrap (0)
    TextureFileCacheName = None
    MipTailBaseIdx = 9
    bForcePVRTC4 = false
    UnpackMin[4] = { 0, 0, 0, 0 }
    UnpackMax[4] = { 1, 1, 1, 1 }

Object info:
============
ClassName: Texture2D ObjectName: Monster_Human_ZombieA_col2_d

    SizeX = 512
    SizeY = 512
    Format = PF_DXT5 (7)
    AddressX = TA_Wrap (0)
    AddressY = TA_Wrap (0)
    TextureFileCacheName = None
    MipTailBaseIdx = 9
    bForcePVRTC4 = false
    UnpackMin[4] = { 0, 0, 0, 0 }
    UnpackMax[4] = { 1, 1, 1, 1 }

Object info:
============
ClassName: Texture2D ObjectName: Monster_Human_ZombieA_col2_e

    SizeX = 256
    SizeY = 256
    Format = PF_DXT1 (5)
    AddressX = TA_Wrap (0)
    AddressY = TA_Wrap (0)
    TextureFileCacheName = None
    MipTailBaseIdx = 8
    bForcePVRTC4 = false
    UnpackMin[4] = { 0, 0, 0, 0 }
    UnpackMax[4] = { 1, 1, 1, 1 }

Object info:
============
ClassName: Texture2D ObjectName: Monster_Human_ZombieA_col2_s

    SizeX = 512
    SizeY = 512
    Format = PF_DXT1 (5)
    AddressX = TA_Wrap (0)
    AddressY = TA_Wrap (0)
    TextureFileCacheName = None
    MipTailBaseIdx = 9
    bForcePVRTC4 = false
    UnpackMin[4] = { 0, 0, 0, 0 }
    UnpackMax[4] = { 1, 1, 1, 1 }
