Found 16187 game files (144 skipped)
Loading package: 00005729.upk Ver: 573/1 Engine: 4205 Names: 179 Exports: 219 Imports: 19 Game: 801A
Loading SkeletalMesh3 HolyMushroom from package 00005729.upk
WARNING: ObjectProperty "USkeletalMesh3::PlaySoundSet" was not found
WARNING: ObjectProperty "USkeletalMesh3::PlayParticleSet" was not found
WARNING: FloatProperty "USkeletalMesh3::AnimNameHeight" was not found
WARNING: FloatProperty "USkeletalMesh3::NormalNameHeight" was not found
WARNING: FloatProperty "USkeletalMesh3::LowNameHeight" was not found
Loading package: 00005728.upk Ver: 573/1 Engine: 4205 Names: 168 Exports: 142 Imports: 46 Game: 801A
Loading SkeletalMeshSocket SkeletalMeshSocket_1 from package 00005729.upk
Loading SkeletalMeshSocket SkeletalMeshSocket_124 from package 00005729.upk
Loading SkeletalMeshSocket SkeletalMeshSocket_17 from package 00005729.upk
Loading SkeletalMeshSocket SkeletalMeshSocket_33 from package 00005729.upk
Loading MaterialInstanceConstant col1 from package 00005728.upk
Loading package: 00005727.upk Ver: 573/1 Engine: 4205 Names: 35 Exports: 5 Imports: 2 Game: 801A
Loading package: 00002620.upk Ver: 573/1 Engine: 4205 Names: 500 Exports: 5733 Imports: 89 Game: 801A
Loading package: 00002640.upk Ver: 573/1 Engine: 4205 Names: 340 Exports: 556 Imports: 5 Game: 801A
Loading package: 00012963.upk Ver: 573/1 Engine: 4205 Names: 1199 Exports: 1162 Imports: 10 Game: 801A
Loading Texture2D Monster_Etc_HolyMushroom_col1_N from package 00005727.upk
Loading Texture2D check from package 00002620.upk
Loading Texture2D Monster_Etc_HolyMushroom_col1_D from package 00005727.upk
Loading Texture2D Monster_Etc_HolyMushroom_col1_S from package 00005727.upk
Loading TextureCube Cube_D from package 00002640.upk
Loading Texture2D Monster_Etc_HolyMushroom_col1_M from package 00005727.upk
Loading Texture2D Smoke_Pattern_001 from package 00012963.upk
Loading Texture2D HolyMushroom_FX_GL from package 00005727.upk
Loading Material3 Basic_mushFX from package 00005728.upk
Loading Texture2D CubemapFace0 from package 00002640.upk
Loading Texture2D CubemapFace1 from package 00002640.upk
Loading Texture2D CubemapFace2 from package 00002640.upk
Loading Texture2D CubemapFace3 from package 00002640.upk
Loading Texture2D CubemapFace4 from package 00002640.upk
Loading Texture2D CubemapFace5 from package 00002640.upk
Loading Texture2D check_n from package 00002620.upk
Loading Texture2D Gradient_Line_003 from package 00012963.upk
Loading Texture2D Gradient_Wipe_BurnOut_Mask_TEST from package 00012963.upk
Loading Texture2D Gradient_Wipe_BurnOut_Mask from package 00012963.upk
Loaded in 0.11 sec, 2965 allocs, 1.58 MBytes serialized in 295155 calls.

Object info:
============
ClassName: SkeletalMesh3 ObjectName: HolyMushroom

    LODInfo[2] =
    {
        LODInfo[0] =
        {
            DisplayFactor = 0
            LODHysteresis = 0.02
            LODMaterialMap[0] = {}
            bEnableShadowCasting[1] = { true }
        }
        LODInfo[1] =
        {
            DisplayFactor = 0.1
            LODHysteresis = 0.02
            LODMaterialMap[1] = { 0 }
            bEnableShadowCasting[1] = { true }
        }
    }
    Sockets[4] =
    {
        Sockets[0] = SkeletalMeshSocket'HolyMushroom.SkeletalMeshSocket_1'
        Sockets[1] = SkeletalMeshSocket'HolyMushroom.SkeletalMeshSocket_17'
        Sockets[2] = SkeletalMeshSocket'HolyMushroom.SkeletalMeshSocket_33'
        Sockets[3] = SkeletalMeshSocket'HolyMushroom.SkeletalMeshSocket_124'
    }
    bHasVertexColors = false
    EnableTwistBoneFixers = true
    EnableClavicleFixer = true
    Materials[1] = { MaterialInstanceConstant'col1' }


    Lods[2] =
    {
        Lods[0] =
        {
            Sections[1] =
            {
                Sections[0] = { Material=MaterialInstanceConstant'col1', FirstIndex=0, NumFaces=3980 }
            }
            NumVerts = 2867
            IndexCount = 11940
            NumTexCoords = 1
        }
        Lods[1] =
        {
            Sections[1] =
            {
                Sections[0] = { Material=MaterialInstanceConstant'col1', FirstIndex=0, NumFaces=1195 }
            }
            NumVerts = 1165
            IndexCount = 3585
            NumTexCoords = 1
        }
    }
    LodCount = 2
    MeshOrigin = { X=-0, Y=-0, Z=0.1 }
    MeshScale = { X=1, Y=1, Z=1 }
    RotOrigin = { Yaw=0, Pitch=0, Roll=0 }
    BoneCount = 52

Object info:
============
ClassName: SkeletalMeshSocket ObjectName: SkeletalMeshSocket_1

    SocketName = Bip01Head
    BoneName = Bip01Pelvis
    RelativeLocation = { X=100, Y=0, Z=0 }
    RelativeRotation = { Yaw=0, Pitch=0, Roll=0 }
    RelativeScale = { X=1, Y=1, Z=1 }

Object info:
============
ClassName: SkeletalMeshSocket ObjectName: SkeletalMeshSocket_124

    SocketName = ATTACH_EFFECT
    BoneName = Bip01
    RelativeLocation = { X=0, Y=0, Z=0 }
    RelativeRotation = { Yaw=0, Pitch=0, Roll=0 }
    RelativeScale = { X=1, Y=1, Z=1 }

Object info:
============
ClassName: SkeletalMeshSocket ObjectName: SkeletalMeshSocket_17

    SocketName = target_high
    BoneName = Bip01Head
    RelativeLocation = { X=0, Y=-30, Z=20 }
    RelativeRotation = { Yaw=0, Pitch=0, Roll=0 }
    RelativeScale = { X=1, Y=1, Z=1 }

Object info:
============
ClassName: SkeletalMeshSocket ObjectName: SkeletalMeshSocket_33

    SocketName = bodytarget
    BoneName = Bip01Spine
    RelativeLocation = { X=0, Y=0, Z=0 }
    RelativeRotation = { Yaw=0, Pitch=0, Roll=0 }
    RelativeScale = { X=1, Y=1, Z=1 }
