Found 21310 game files (132 skipped)
Loading package: 00006654.upk Ver: 573/1 Engine: 4205 Names: 83 Exports: 2 Imports: 21 Game: 801A
Loading MaterialInstanceConstant col1 from package 00006654.upk
Loading package: 00006653.upk Ver: 573/1 Engine: 4205 Names: 32 Exports: 4 Imports: 2 Game: 801A
Loading package: 00002640.upk Ver: 573/1 Engine: 4205 Names: 340 Exports: 556 Imports: 5 Game: 801A
Loading package: 00002620.upk Ver: 573/1 Engine: 4205 Names: 560 Exports: 6612 Imports: 96 Game: 801A
Loading Texture2D Cloth_50001_JinF_N from package 00006653.upk
Loading Texture2D Cloth_50001_JinF_col1_M from package 00006653.upk
Loading Texture2D Cloth_50001_JinF_col1_D from package 00006653.upk
Loading Texture2D Cloth_50001_JinF_col1_S from package 00006653.upk
Loading TextureCube cube_orb from package 00002640.upk
Loading Material3 Body from package 00002620.upk
Loading package: 00012963.upk Ver: 573/1 Engine: 4205 Names: 1234 Exports: 1209 Imports: 10 Game: 801A
Loading Texture2D CubemapFace0 from package 00002640.upk
Loading Texture2D CubemapFace1 from package 00002640.upk
Loading Texture2D CubemapFace2 from package 00002640.upk
Loading Texture2D CubemapFace3 from package 00002640.upk
Loading Texture2D CubemapFace4 from package 00002640.upk
Loading Texture2D CubemapFace5 from package 00002640.upk
Loading Texture2D check_n from package 00002620.upk
Loading Texture2D Noise_Glass_000 from package 00012963.upk
Loading Texture2D Smoke_Pattern_001 from package 00012963.upk
Loading Texture2D Gradient_Wipe_BurnOut_Mask_TEST from package 00012963.upk
Loading Texture2D Gradient_Wipe_BurnOut_Mask from package 00012963.upk
Loading Texture2D check from package 00002620.upk
Loading Texture2D Gradient_Line_003 from package 00012963.upk
Loaded in 0.11 sec, 2763 allocs, 1.53 MBytes serialized in 162225 calls.

Object info:
============
ClassName: MaterialInstanceConstant ObjectName: col1

    ScalarParameterValues[6] =
    {
        ScalarParameterValues[0] = { ParameterName=Skin_glossiness, ParameterValue=80 }
        ScalarParameterValues[1] = { ParameterName=Wear_glossiness1, ParameterValue=1 }
        ScalarParameterValues[2] = { ParameterName=Wear_glossiness2, ParameterValue=25 }
        ScalarParameterValues[3] = { ParameterName=Skin_Spec_value, ParameterValue=2 }
        ScalarParameterValues[4] = { ParameterName=Fresnel Value, ParameterValue=12 }
        ScalarParameterValues[5] = { ParameterName=Fresnel exponent, ParameterValue=5 }
    }
    TextureParameterValues[5] =
    {
        TextureParameterValues[0] = { ParameterName=Body_normal, ParameterValue=Texture2D'Cloth_50001_JinF_N' }
        TextureParameterValues[1] = { ParameterName=Body_mask_RGB, ParameterValue=Texture2D'Cloth_50001_JinF_col1_M' }
        TextureParameterValues[2] = { ParameterName=Body_diffuse, ParameterValue=Texture2D'Cloth_50001_JinF_col1_D' }
        TextureParameterValues[3] = { ParameterName=Body_specular, ParameterValue=Texture2D'Cloth_50001_JinF_col1_S' }
        TextureParameterValues[4] = { ParameterName=rf_cube, ParameterValue=TextureCube'cube_orb' }
    }
    VectorParameterValues[0] = {}
    Parent = Material3'Body'
    FlattenedTexture = None
    MobileBaseTexture = None
    MobileNormalTexture = None
    bUseMobileSpecular = false
    MobileSpecularPower = 16
    MobileSpecularMask = MSM_Constant (0)
    MobileMaskTexture = None
