Found 19856 game files (132 skipped)
Loading package: 00005895.upk Ver: 573/1 Engine: 4205 Names: 79 Exports: 8 Imports: 18 Game: 801A
Loading SkeletalMesh3 IronTurtleEgg from package 00005895.upk
WARNING: ObjectProperty "USkeletalMesh3::PlaySoundSet" was not found
WARNING: ObjectProperty "USkeletalMesh3::PlayParticleSet" was not found
WARNING: FloatProperty "USkeletalMesh3::AnimNameHeight" was not found
WARNING: FloatProperty "USkeletalMesh3::NormalNameHeight" was not found
WARNING: FloatProperty "USkeletalMesh3::LowNameHeight" was not found
Loading package: 00005894.upk Ver: 573/1 Engine: 4205 Names: 82 Exports: 3 Imports: 22 Game: 801A
Loading SkeletalMeshSocket SkeletalMeshSocket_84 from package 00005895.upk
Loading MaterialInstanceConstant col1 from package 00005894.upk
Loading package: 00005893.upk Ver: 573/1 Engine: 4205 Names: 35 Exports: 7 Imports: 2 Game: 801A
Loading package: 00002640.upk Ver: 573/1 Engine: 4205 Names: 340 Exports: 556 Imports: 5 Game: 801A
Loading package: 00002620.upk Ver: 573/1 Engine: 4205 Names: 560 Exports: 6612 Imports: 96 Game: 801A
Loading Texture2D Monster_Beast_IronTurtleEgg_col1_n from package 00005893.upk
Loading Texture2D Monster_Beast_IronTurtleEgg_col1_MaskGB from package 00005893.upk
Loading Texture2D Monster_Beast_IronTurtleEgg_col1_d from package 00005893.upk
Loading Texture2D Monster_Beast_IronTurtleEgg_col1_s from package 00005893.upk
Loading TextureCube cube_orb from package 00002640.upk
Loading Texture2D Monster_Beast_IronTurtleEgg_col1_em from package 00005893.upk
Loading Material3 Basic from package 00002620.upk
Loading package: 00012963.upk Ver: 573/1 Engine: 4205 Names: 1223 Exports: 1198 Imports: 10 Game: 801A
Loading Texture2D CubemapFace0 from package 00002640.upk
Loading Texture2D CubemapFace1 from package 00002640.upk
Loading Texture2D CubemapFace2 from package 00002640.upk
Loading Texture2D CubemapFace3 from package 00002640.upk
Loading Texture2D CubemapFace4 from package 00002640.upk
Loading Texture2D CubemapFace5 from package 00002640.upk
Loading Texture2D check_n from package 00002620.upk
Loading Texture2D check from package 00002620.upk
Loading Texture2D Smoke_Pattern_001 from package 00012963.upk
Loading Texture2D Gradient_Line_003 from package 00012963.upk
Loading Texture2D Gradient_Wipe_BurnOut_Mask_TEST from package 00012963.upk
Loading Texture2D Gradient_Wipe_BurnOut_Mask from package 00012963.upk
Loaded in 0.12 sec, 2849 allocs, 1.22 MBytes serialized in 204981 calls.

Object info:
============
ClassName: SkeletalMesh3 ObjectName: IronTurtleEgg

    LODInfo[1] =
    {
        LODInfo[0] =
        {
            DisplayFactor = 0
            LODHysteresis = 0.02
            LODMaterialMap[0] = {}
            bEnableShadowCasting[1] = { true }
        }
    }
    Sockets[1] = { SkeletalMeshSocket'IronTurtleEgg.SkeletalMeshSocket_84' }
    bHasVertexColors = false
    EnableTwistBoneFixers = true
    EnableClavicleFixer = true
    Materials[1] = { MaterialInstanceConstant'col1' }


    Lods[1] =
    {
        Lods[0] =
        {
            Sections[1] =
            {
                Sections[0] = { Material=MaterialInstanceConstant'col1', FirstIndex=0, NumFaces=1276 }
            }
            NumVerts = 1428
            IndexCount = 3828
            NumTexCoords = 1
        }
    }
    LodCount = 1
    MeshOrigin = { X=-0, Y=-0, Z=-0 }
    MeshScale = { X=1, Y=1, Z=1 }
    RotOrigin = { Yaw=16384, Pitch=0, Roll=0 }
    BoneCount = 6

Object info:
============
ClassName: SkeletalMeshSocket ObjectName: SkeletalMeshSocket_84

    SocketName = bodytarget
    BoneName = Root
    RelativeLocation = { X=0, Y=0, Z=15.5 }
    RelativeRotation = { Yaw=0, Pitch=0, Roll=0 }
    RelativeScale = { X=1, Y=1, Z=1 }
