Found 21975 game files (132 skipped)
Loading package: 00009366.upk Ver: 573/1 Engine: 4205 Names: 153 Exports: 23 Imports: 19 Game: 801A
Loading SkeletalMesh3 S_point from package 00009366.upk
Loaded in 0.001 sec, 196 allocs, 0.02 MBytes serialized in 6702 calls.

Object info:
============
ClassName: SkeletalMesh3 ObjectName: S_point

    LODInfo[1] =
    {
        LODInfo[0] =
        {
            DisplayFactor = 0
            LODHysteresis = 0.02
            LODMaterialMap[0] = {}
            bEnableShadowCasting[1] = { true }
        }
    }
    Sockets[0] = {}
    bHasVertexColors = false
    EnableTwistBoneFixers = true
    EnableClavicleFixer = true
    Materials[0] = {}


    Lods[1] =
    {
        Lods[0] =
        {
            Sections[1] =
            {
                Sections[0] = { Material=None, FirstIndex=0, NumFaces=100 }
            }
            NumVerts = 205
            IndexCount = 300
            NumTexCoords = 1
        }
    }
    LodCount = 1
    MeshOrigin = { X=-0, Y=-0, Z=-0 }
    MeshScale = { X=1, Y=1, Z=1 }
    RotOrigin = { Yaw=0, Pitch=0, Roll=0 }
    BoneCount = 1
