Found 16186 game files (0 skipped)
Loading package: 00004754.upk Ver: 573/1 Engine: 4205 Names: 85 Exports: 1 Imports: 21 Game: 801A
Loading MaterialInstanceConstant col1 from package 00004754.upk
Loading package: 00004753.upk Ver: 573/1 Engine: 4205 Names: 35 Exports: 7 Imports: 2 Game: 801A
Loading package: 00002640.upk Ver: 573/1 Engine: 4205 Names: 340 Exports: 556 Imports: 5 Game: 801A
Loading package: 00002620.upk Ver: 573/1 Engine: 4205 Names: 500 Exports: 5733 Imports: 89 Game: 801A
Loading Texture2D Cloth_Job_GonF_CestusHG_N from package 00004753.upk
Loading Texture2D Cloth_Job_GonF_CestusHG_m1 from package 00004753.upk
Loading Texture2D Cloth_Job_GonF_CestusHG_D from package 00004753.upk
Loading Texture2D Cloth_Job_GonF_CestusHG_S from package 00004753.upk
Loading TextureCube cube_orb from package 00002640.upk
Loading Material3 Body from package 00002620.upk
Loading package: 00012963.upk Ver: 573/1 Engine: 4205 Names: 1199 Exports: 1162 Imports: 10 Game: 801A
Loading Texture2D CubemapFace0 from package 00002640.upk
Loading Texture2D CubemapFace1 from package 00002640.upk
Loading Texture2D CubemapFace2 from package 00002640.upk
Loading Texture2D CubemapFace3 from package 00002640.upk
Loading Texture2D CubemapFace4 from package 00002640.upk
Loading Texture2D CubemapFace5 from package 00002640.upk
Loading Texture2D check_n from package 00002620.upk
Loading Texture2D Noise_Glass_000 from package 00012963.upk
Loading Texture2D Smoke_Pattern_001 from package 00012963.upk
Loading Texture2D Gradient_Wipe_BurnOut_Mask_TEST from package 00012963.upk
Loading Texture2D Gradient_Wipe_BurnOut_Mask from package 00012963.upk
Loading Texture2D check from package 00002620.upk
Loading Texture2D Gradient_Line_003 from package 00012963.upk
Loaded in 0.1 sec, 2671 allocs, 1.42 MBytes serialized in 145327 calls.

Object info:
============
ClassName: MaterialInstanceConstant ObjectName: col1

    ScalarParameterValues[5] =
    {
        ScalarParameterValues[0] = { ParameterName=Transmission_value, ParameterValue=2 }
        ScalarParameterValues[1] = { ParameterName=Skin_glossiness, ParameterValue=80 }
        ScalarParameterValues[2] = { ParameterName=Wear_glossiness1, ParameterValue=4 }
        ScalarParameterValues[3] = { ParameterName=Wear_glossiness2, ParameterValue=15 }
        ScalarParameterValues[4] = { ParameterName=Skin_Spec_value, ParameterValue=5 }
    }
    TextureParameterValues[5] =
    {
        TextureParameterValues[0] = { ParameterName=Body_normal, ParameterValue=Texture2D'Cloth_Job_GonF_CestusHG_N' }
        TextureParameterValues[1] =
        {
            ParameterName = Body_mask_RGB
            ParameterValue = Texture2D'Cloth_Job_GonF_CestusHG_m1'
        }
        TextureParameterValues[2] = { ParameterName=Body_diffuse, ParameterValue=Texture2D'Cloth_Job_GonF_CestusHG_D' }
        TextureParameterValues[3] =
        {
            ParameterName = Body_specular
            ParameterValue = Texture2D'Cloth_Job_GonF_CestusHG_S'
        }
        TextureParameterValues[4] = { ParameterName=rf_cube, ParameterValue=TextureCube'cube_orb' }
    }
    VectorParameterValues[3] =
    {
        VectorParameterValues[0] =
        {
            ParameterName = Skin_Specular
            ParameterValue = { R=1, G=1, B=1, A=1 }
        }
        VectorParameterValues[1] =
        {
            ParameterName = Reflection_value
            ParameterValue = { R=0.891262, G=0.212044, B=0.026549, A=1 }
        }
        VectorParameterValues[2] =
        {
            ParameterName = skin_color
            ParameterValue = { R=1, G=1, B=1, A=1 }
        }
    }
    Parent = Material3'Body'
    FlattenedTexture = None
    MobileBaseTexture = None
    MobileNormalTexture = None
    bUseMobileSpecular = false
    MobileSpecularPower = 16
    MobileSpecularMask = MSM_Constant (0)
    MobileMaskTexture = None
