Found 21310 game files (132 skipped)
Loading package: 00007569.upk Ver: 573/1 Engine: 4205 Names: 372 Exports: 1657 Imports: 68 Game: 801A
Loading Material3 body from package 00007569.upk
Loading package: 00002620.upk Ver: 573/1 Engine: 4205 Names: 560 Exports: 6612 Imports: 96 Game: 801A
Loading Material3 eye from package 00007569.upk
Loading package: 00007428.upk Ver: 573/1 Engine: 4205 Names: 130 Exports: 48 Imports: 19 Game: 801A
Loading package: 00002640.upk Ver: 573/1 Engine: 4205 Names: 340 Exports: 556 Imports: 5 Game: 801A
Loading Material3 Face-F from package 00007569.upk
Loading package: EngineResources.upk Ver: 573/1 Engine: 4205 Names: 151 Exports: 86 Imports: 11 Game: 801A
Loading Material3 Face-Kun from package 00007569.upk
Loading Material3 Face-M from package 00007569.upk
Loading Material3 Face-M- from package 00007569.upk
Loading Material3 Face_Lyn from package 00007569.upk
Loading Material3 Face_test2 from package 00007569.upk
Loading Material3 Face_test3 from package 00007569.upk
Loading Material3 Hair from package 00007569.upk
Loading Material3 Hair_Ac from package 00007569.upk
Loading Material3 Hair_AcHair1 from package 00007569.upk
Loading Material3 LODBasic from package 00007569.upk
Loading Material3 LODbody from package 00007569.upk
Loading Material3 LODFace from package 00007569.upk
Loading Material3 LODHair from package 00007569.upk
Loading Material3 LODHair_Ac from package 00007569.upk
Loading Material3 test_Face-eye from package 00007569.upk
Loading Material3 test_Face-eye-F from package 00007569.upk
Loading Material3 test_Face-eye-skin from package 00007569.upk
Loading Material3 test_Face-eye-skin2 from package 00007569.upk
Loading Material3 testaaa from package 00007569.upk
Loading package: 00002688.upk Ver: 573/1 Engine: 4205 Names: 45 Exports: 16 Imports: 4 Game: 801A
Loading MaterialInstanceConstant -body_skin from package 00007569.upk
Loading package: 00003571.upk Ver: 573/1 Engine: 4205 Names: 34 Exports: 6 Imports: 2 Game: 801A
Loading MaterialInstanceConstant -Face from package 00007569.upk
Loading MaterialInstanceConstant 000FF from package 00007569.upk
Loading MaterialInstanceConstant 000fM from package 00007569.upk
Loading MaterialInstanceConstant 000Lyn from package 00007569.upk
Loading MaterialInstanceConstant eye_KN from package 00007569.upk
Loading MaterialInstanceConstant Hair from package 00007569.upk
Loading SkeletalMesh3 Face from package 00007569.upk
Loading SkeletalMesh3 KunN from package 00007569.upk
Loading Texture2D body_d from package 00007569.upk
Loading Texture2D body_m from package 00007569.upk
Loading Texture2D body_n from package 00007569.upk
Loading Texture2D body_s from package 00007569.upk
Loading Texture2D body_s2 from package 00007569.upk
Loading Texture2D eye0_JinF00_test from package 00007569.upk
Loading Texture2D face_d2 from package 00007569.upk
Loading Texture2D face_m2 from package 00007569.upk
Loading Texture2D face_n2 from package 00007569.upk
Loading Texture2D face_s from package 00007569.upk
Loading Texture2D face_s2 from package 00007569.upk
Loading Texture2D hair_m from package 00007569.upk
Loading Texture2D JinF_eye0_D from package 00007569.upk
Loading Texture2D KunN_00000_3056_d from package 00007569.upk
Loading Texture2D KunN_00000_3056_n from package 00007569.upk
Loading Texture2D check_n from package 00002620.upk
Loading Texture2D check from package 00002620.upk
Loading Texture2D eye0_N from package 00007428.upk
Loading Texture2D eye0_JinF00 from package 00007428.upk
Loading Texture2D Sclera from package 00007428.upk
Loading TextureCube eye3 from package 00002640.upk
Loading TextureCube eye_s from package 00002640.upk
Loading TextureCube eye1 from package 00002640.upk
Loading Texture2D DefaultTexture from package EngineResources.upk
Loading Texture2D Diffuse_001 from package 00002688.upk
Loading Texture2D Mask from package 00002688.upk
Loading Texture2D SagistUnderclass_n from package 00003571.upk
Loading Texture2D SagistUnderclass_m1 from package 00003571.upk
Loading Texture2D SagistUnderclass_d from package 00003571.upk
Loading Texture2D SagistUnderclass_s from package 00003571.upk
Loading Texture2D eye0_KunN00 from package 00007428.upk
Loading TextureCube eye_s1 from package 00002640.upk
Loading Material3 eye from package 00002620.upk
Loading package: 00012963.upk Ver: 573/1 Engine: 4205 Names: 1234 Exports: 1209 Imports: 10 Game: 801A
Loading Texture2D CubemapFace0 from package 00002640.upk
Loading Texture2D CubemapFace1 from package 00002640.upk
Loading Texture2D CubemapFace2 from package 00002640.upk
Loading Texture2D CubemapFace3 from package 00002640.upk
Loading Texture2D CubemapFace4 from package 00002640.upk
Loading Texture2D CubemapFace5 from package 00002640.upk
Loading Texture2D CubemapFace0 from package 00002640.upk
Loading Texture2D CubemapFace1 from package 00002640.upk
Loading Texture2D CubemapFace2 from package 00002640.upk
Loading Texture2D CubemapFace3 from package 00002640.upk
Loading Texture2D CubemapFace4 from package 00002640.upk
Loading Texture2D CubemapFace5 from package 00002640.upk
Loading Texture2D CubemapFace0 from package 00002640.upk
Loading Texture2D CubemapFace1 from package 00002640.upk
Loading Texture2D CubemapFace2 from package 00002640.upk
Loading Texture2D CubemapFace3 from package 00002640.upk
Loading Texture2D CubemapFace4 from package 00002640.upk
Loading Texture2D CubemapFace5 from package 00002640.upk
Loading Texture2D CubemapFace0 from package 00002640.upk
Loading Texture2D CubemapFace1 from package 00002640.upk
Loading Texture2D CubemapFace2 from package 00002640.upk
Loading Texture2D CubemapFace3 from package 00002640.upk
Loading Texture2D CubemapFace4 from package 00002640.upk
Loading Texture2D CubemapFace5 from package 00002640.upk
Loading Texture2D Noise_Glass_000 from package 00012963.upk
Loading Texture2D Smoke_Pattern_001 from package 00012963.upk
Loading Texture2D Gradient_Wipe_BurnOut_Mask_TEST from package 00012963.upk
Loading Texture2D Gradient_Wipe_BurnOut_Mask from package 00012963.upk
Loading Texture2D Gradient_Line_003 from package 00012963.upk
Loaded in 0.45 sec, 4604 allocs, 4.33 MBytes serialized in 369381 calls.

Object info:
============
ClassName: Material3 ObjectName: body

    TwoSided = true
    bDisableDepthTest = false
    bIsMasked = true
    ReferencedTextures[2] = { Texture2D'check_n', Texture2D'check' }
    BlendMode = BLEND_Masked (1)
    OpacityMaskClipValue = 0.333
    FlattenedTexture = None
    MobileBaseTexture = None
    MobileNormalTexture = None
    bUseMobileSpecular = false
    MobileSpecularPower = 16
    MobileSpecularMask = MSM_Constant (0)
    MobileMaskTexture = None

Object info:
============
ClassName: Material3 ObjectName: eye

    TwoSided = false
    bDisableDepthTest = false
    bIsMasked = false
    ReferencedTextures[6] =
    {
        ReferencedTextures[0] = Texture2D'eye0_N'
        ReferencedTextures[1] = Texture2D'eye0_JinF00'
        ReferencedTextures[2] = Texture2D'Sclera'
        ReferencedTextures[3] = TextureCube'eye3'
        ReferencedTextures[4] = TextureCube'eye_s'
        ReferencedTextures[5] = TextureCube'eye1'
    }
    BlendMode = BLEND_Masked (1)
    OpacityMaskClipValue = 0.2
    FlattenedTexture = None
    MobileBaseTexture = None
    MobileNormalTexture = None
    bUseMobileSpecular = false
    MobileSpecularPower = 16
    MobileSpecularMask = MSM_Constant (0)
    MobileMaskTexture = None

Object info:
============
ClassName: Material3 ObjectName: Face-F

    TwoSided = true
    bDisableDepthTest = false
    bIsMasked = true
    ReferencedTextures[3] = { Texture2D'check_n', Texture2D'check', Texture2D'DefaultTexture' }
    BlendMode = BLEND_Masked (1)
    OpacityMaskClipValue = 0.2
    FlattenedTexture = None
    MobileBaseTexture = None
    MobileNormalTexture = None
    bUseMobileSpecular = false
    MobileSpecularPower = 16
    MobileSpecularMask = MSM_Constant (0)
    MobileMaskTexture = None

Object info:
============
ClassName: Material3 ObjectName: Face-Kun

    TwoSided = true
    bDisableDepthTest = false
    bIsMasked = true
    ReferencedTextures[3] = { Texture2D'check_n', Texture2D'check', Texture2D'DefaultTexture' }
    BlendMode = BLEND_Masked (1)
    OpacityMaskClipValue = 0.2
    FlattenedTexture = None
    MobileBaseTexture = None
    MobileNormalTexture = None
    bUseMobileSpecular = false
    MobileSpecularPower = 16
    MobileSpecularMask = MSM_Constant (0)
    MobileMaskTexture = None

Object info:
============
ClassName: Material3 ObjectName: Face-M

    TwoSided = true
    bDisableDepthTest = false
    bIsMasked = true
    ReferencedTextures[3] = { Texture2D'check_n', Texture2D'check', Texture2D'DefaultTexture' }
    BlendMode = BLEND_Masked (1)
    OpacityMaskClipValue = 0.2
    FlattenedTexture = None
    MobileBaseTexture = None
    MobileNormalTexture = None
    bUseMobileSpecular = false
    MobileSpecularPower = 16
    MobileSpecularMask = MSM_Constant (0)
    MobileMaskTexture = None

Object info:
============
ClassName: Material3 ObjectName: Face-M-

    TwoSided = true
    bDisableDepthTest = false
    bIsMasked = true
    ReferencedTextures[3] = { Texture2D'check_n', Texture2D'check', Texture2D'DefaultTexture' }
    BlendMode = BLEND_Masked (1)
    OpacityMaskClipValue = 0.2
    FlattenedTexture = None
    MobileBaseTexture = None
    MobileNormalTexture = None
    bUseMobileSpecular = false
    MobileSpecularPower = 16
    MobileSpecularMask = MSM_Constant (0)
    MobileMaskTexture = None

Object info:
============
ClassName: Material3 ObjectName: Face_Lyn

    TwoSided = true
    bDisableDepthTest = false
    bIsMasked = true
    ReferencedTextures[3] = { Texture2D'check_n', Texture2D'check', Texture2D'DefaultTexture' }
    BlendMode = BLEND_Masked (1)
    OpacityMaskClipValue = 0.2
    FlattenedTexture = None
    MobileBaseTexture = None
    MobileNormalTexture = None
    bUseMobileSpecular = false
    MobileSpecularPower = 16
    MobileSpecularMask = MSM_Constant (0)
    MobileMaskTexture = None

Object info:
============
ClassName: Material3 ObjectName: Face_test2

    TwoSided = true
    bDisableDepthTest = false
    bIsMasked = true
    ReferencedTextures[3] = { Texture2D'check_n', Texture2D'check', TextureCube'eye1' }
    BlendMode = BLEND_Masked (1)
    OpacityMaskClipValue = 0.2
    FlattenedTexture = None
    MobileBaseTexture = None
    MobileNormalTexture = None
    bUseMobileSpecular = false
    MobileSpecularPower = 16
    MobileSpecularMask = MSM_Constant (0)
    MobileMaskTexture = None

Object info:
============
ClassName: Material3 ObjectName: Face_test3

    TwoSided = true
    bDisableDepthTest = false
    bIsMasked = true
    ReferencedTextures[5] =
    {
        ReferencedTextures[0] = Texture2D'check_n'
        ReferencedTextures[1] = Texture2D'check'
        ReferencedTextures[2] = TextureCube'eye_s'
        ReferencedTextures[3] = TextureCube'eye1'
        ReferencedTextures[4] = Texture2D'DefaultTexture'
    }
    BlendMode = BLEND_Masked (1)
    OpacityMaskClipValue = 0.2
    FlattenedTexture = None
    MobileBaseTexture = None
    MobileNormalTexture = None
    bUseMobileSpecular = false
    MobileSpecularPower = 16
    MobileSpecularMask = MSM_Constant (0)
    MobileMaskTexture = None

Object info:
============
ClassName: Material3 ObjectName: Hair

    TwoSided = true
    bDisableDepthTest = false
    bIsMasked = true
    ReferencedTextures[2] = { Texture2D'check_n', Texture2D'check' }
    BlendMode = BLEND_Masked (1)
    OpacityMaskClipValue = 0.1
    FlattenedTexture = None
    MobileBaseTexture = None
    MobileNormalTexture = None
    bUseMobileSpecular = false
    MobileSpecularPower = 16
    MobileSpecularMask = MSM_Constant (0)
    MobileMaskTexture = None

Object info:
============
ClassName: Material3 ObjectName: Hair_Ac

    TwoSided = true
    bDisableDepthTest = false
    bIsMasked = true
    ReferencedTextures[2] = { Texture2D'check_n', Texture2D'check' }
    BlendMode = BLEND_Masked (1)
    OpacityMaskClipValue = 0.1
    FlattenedTexture = None
    MobileBaseTexture = None
    MobileNormalTexture = None
    bUseMobileSpecular = false
    MobileSpecularPower = 16
    MobileSpecularMask = MSM_Constant (0)
    MobileMaskTexture = None

Object info:
============
ClassName: Material3 ObjectName: Hair_AcHair1

    TwoSided = true
    bDisableDepthTest = false
    bIsMasked = true
    ReferencedTextures[2] = { Texture2D'check_n', Texture2D'check' }
    BlendMode = BLEND_Masked (1)
    OpacityMaskClipValue = 0.1
    FlattenedTexture = None
    MobileBaseTexture = None
    MobileNormalTexture = None
    bUseMobileSpecular = false
    MobileSpecularPower = 16
    MobileSpecularMask = MSM_Constant (0)
    MobileMaskTexture = None

Object info:
============
ClassName: Material3 ObjectName: LODBasic

    TwoSided = true
    bDisableDepthTest = false
    bIsMasked = true
    ReferencedTextures[2] = { Texture2D'check_n', Texture2D'check' }
    BlendMode = BLEND_Masked (1)
    OpacityMaskClipValue = 0.333
    FlattenedTexture = None
    MobileBaseTexture = None
    MobileNormalTexture = None
    bUseMobileSpecular = false
    MobileSpecularPower = 16
    MobileSpecularMask = MSM_Constant (0)
    MobileMaskTexture = None

Object info:
============
ClassName: Material3 ObjectName: LODbody

    TwoSided = true
    bDisableDepthTest = false
    bIsMasked = true
    ReferencedTextures[2] = { Texture2D'check_n', Texture2D'check' }
    BlendMode = BLEND_Masked (1)
    OpacityMaskClipValue = 0.333
    FlattenedTexture = None
    MobileBaseTexture = None
    MobileNormalTexture = None
    bUseMobileSpecular = false
    MobileSpecularPower = 16
    MobileSpecularMask = MSM_Constant (0)
    MobileMaskTexture = None

Object info:
============
ClassName: Material3 ObjectName: LODFace

    TwoSided = false
    bDisableDepthTest = false
    bIsMasked = false
    ReferencedTextures[2] = { Texture2D'check_n', Texture2D'check' }
    BlendMode = BLEND_Masked (1)
    OpacityMaskClipValue = 0.2
    FlattenedTexture = None
    MobileBaseTexture = None
    MobileNormalTexture = None
    bUseMobileSpecular = false
    MobileSpecularPower = 16
    MobileSpecularMask = MSM_Constant (0)
    MobileMaskTexture = None

Object info:
============
ClassName: Material3 ObjectName: LODHair

    TwoSided = true
    bDisableDepthTest = false
    bIsMasked = true
    ReferencedTextures[2] = { Texture2D'check_n', Texture2D'check' }
    BlendMode = BLEND_Masked (1)
    OpacityMaskClipValue = 0.1
    FlattenedTexture = None
    MobileBaseTexture = None
    MobileNormalTexture = None
    bUseMobileSpecular = false
    MobileSpecularPower = 16
    MobileSpecularMask = MSM_Constant (0)
    MobileMaskTexture = None

Object info:
============
ClassName: Material3 ObjectName: LODHair_Ac

    TwoSided = true
    bDisableDepthTest = false
    bIsMasked = true
    ReferencedTextures[2] = { Texture2D'check_n', Texture2D'check' }
    BlendMode = BLEND_Masked (1)
    OpacityMaskClipValue = 0.1
    FlattenedTexture = None
    MobileBaseTexture = None
    MobileNormalTexture = None
    bUseMobileSpecular = false
    MobileSpecularPower = 16
    MobileSpecularMask = MSM_Constant (0)
    MobileMaskTexture = None

Object info:
============
ClassName: Material3 ObjectName: test_Face-eye

    TwoSided = true
    bDisableDepthTest = false
    bIsMasked = true
    ReferencedTextures[3] = { Texture2D'check_n', Texture2D'check', Texture2D'DefaultTexture' }
    BlendMode = BLEND_Masked (1)
    OpacityMaskClipValue = 0.2
    FlattenedTexture = None
    MobileBaseTexture = None
    MobileNormalTexture = None
    bUseMobileSpecular = false
    MobileSpecularPower = 16
    MobileSpecularMask = MSM_Constant (0)
    MobileMaskTexture = None

Object info:
============
ClassName: Material3 ObjectName: test_Face-eye-F

    TwoSided = true
    bDisableDepthTest = false
    bIsMasked = true
    ReferencedTextures[3] = { Texture2D'check_n', Texture2D'check', Texture2D'DefaultTexture' }
    BlendMode = BLEND_Masked (1)
    OpacityMaskClipValue = 0.2
    FlattenedTexture = None
    MobileBaseTexture = None
    MobileNormalTexture = None
    bUseMobileSpecular = false
    MobileSpecularPower = 16
    MobileSpecularMask = MSM_Constant (0)
    MobileMaskTexture = None

Object info:
============
ClassName: Material3 ObjectName: test_Face-eye-skin

    TwoSided = true
    bDisableDepthTest = false
    bIsMasked = true
    ReferencedTextures[5] =
    {
        ReferencedTextures[0] = Texture2D'face_n2'
        ReferencedTextures[1] = Texture2D'face_d2'
        ReferencedTextures[2] = Texture2D'face_m2'
        ReferencedTextures[3] = Texture2D'face_s2'
        ReferencedTextures[4] = Texture2D'DefaultTexture'
    }
    BlendMode = BLEND_Masked (1)
    OpacityMaskClipValue = 0.2
    FlattenedTexture = None
    MobileBaseTexture = None
    MobileNormalTexture = None
    bUseMobileSpecular = false
    MobileSpecularPower = 16
    MobileSpecularMask = MSM_Constant (0)
    MobileMaskTexture = None

Object info:
============
ClassName: Material3 ObjectName: test_Face-eye-skin2

    TwoSided = true
    bDisableDepthTest = false
    bIsMasked = true
    ReferencedTextures[5] =
    {
        ReferencedTextures[0] = Texture2D'face_n2'
        ReferencedTextures[1] = Texture2D'face_d2'
        ReferencedTextures[2] = Texture2D'face_m2'
        ReferencedTextures[3] = Texture2D'face_s2'
        ReferencedTextures[4] = Texture2D'DefaultTexture'
    }
    BlendMode = BLEND_Masked (1)
    OpacityMaskClipValue = 0.2
    FlattenedTexture = None
    MobileBaseTexture = None
    MobileNormalTexture = None
    bUseMobileSpecular = false
    MobileSpecularPower = 16
    MobileSpecularMask = MSM_Constant (0)
    MobileMaskTexture = None

Object info:
============
ClassName: Material3 ObjectName: testaaa

    TwoSided = false
    bDisableDepthTest = false
    bIsMasked = false
    ReferencedTextures[2] = { Texture2D'Diffuse_001', Texture2D'Mask' }
    BlendMode = BLEND_Opaque (0)
    OpacityMaskClipValue = 0.333
    FlattenedTexture = None
    MobileBaseTexture = None
    MobileNormalTexture = None
    bUseMobileSpecular = false
    MobileSpecularPower = 16
    MobileSpecularMask = MSM_Constant (0)
    MobileMaskTexture = None

Object info:
============
ClassName: MaterialInstanceConstant ObjectName: -body_skin

    ScalarParameterValues[4] =
    {
        ScalarParameterValues[0] = { ParameterName=Skin_glossiness, ParameterValue=50 }
        ScalarParameterValues[1] = { ParameterName=Wear_glossiness1, ParameterValue=3 }
        ScalarParameterValues[2] = { ParameterName=Skin_Spec_value, ParameterValue=25 }
        ScalarParameterValues[3] = { ParameterName=Fresnele Exp, ParameterValue=0.5 }
    }
    TextureParameterValues[4] =
    {
        TextureParameterValues[0] = { ParameterName=Body_normal, ParameterValue=Texture2D'SagistUnderclass_n' }
        TextureParameterValues[1] = { ParameterName=Body_mask_RGB, ParameterValue=Texture2D'SagistUnderclass_m1' }
        TextureParameterValues[2] = { ParameterName=Body_diffuse, ParameterValue=Texture2D'SagistUnderclass_d' }
        TextureParameterValues[3] = { ParameterName=Body_specular, ParameterValue=Texture2D'SagistUnderclass_s' }
    }
    VectorParameterValues[5] =
    {
        VectorParameterValues[0] =
        {
            ParameterName = Skin_Specular
            ParameterValue = { R=1, G=1, B=1, A=1 }
        }
        VectorParameterValues[1] =
        {
            ParameterName = skin_color
            ParameterValue = { R=1, G=1, B=1, A=1 }
        }
        VectorParameterValues[2] =
        {
            ParameterName = Transmission_skin
            ParameterValue = { R=0.632043, G=0.45908, B=0.139022, A=1 }
        }
        VectorParameterValues[3] =
        {
            ParameterName = F2
            ParameterValue = { R=1, G=1.5, B=2.5, A=1 }
        }
        VectorParameterValues[4] =
        {
            ParameterName = F1
            ParameterValue = { R=1, G=2, B=2, A=1 }
        }
    }
    Parent = Material3'body'
    FlattenedTexture = None
    MobileBaseTexture = None
    MobileNormalTexture = None
    bUseMobileSpecular = false
    MobileSpecularPower = 16
    MobileSpecularMask = MSM_Constant (0)
    MobileMaskTexture = None

Object info:
============
ClassName: MaterialInstanceConstant ObjectName: -Face

    ScalarParameterValues[5] =
    {
        ScalarParameterValues[0] = { ParameterName=Lip_glossiness2, ParameterValue=100 }
        ScalarParameterValues[1] = { ParameterName=Skin_glossiness2, ParameterValue=50 }
        ScalarParameterValues[2] = { ParameterName=Skin_glossiness, ParameterValue=20 }
        ScalarParameterValues[3] = { ParameterName=Skin_Spec_value, ParameterValue=20 }
        ScalarParameterValues[4] = { ParameterName=Fresnele Exp, ParameterValue=0.5 }
    }
    TextureParameterValues[4] =
    {
        TextureParameterValues[0] = { ParameterName=Face_Normal, ParameterValue=None }
        TextureParameterValues[1] = { ParameterName=Face_Diffuse, ParameterValue=None }
        TextureParameterValues[2] = { ParameterName=Face_Mask_RGB, ParameterValue=Texture2D'face_m2' }
        TextureParameterValues[3] = { ParameterName=Face_Specular, ParameterValue=Texture2D'face_s' }
    }
    VectorParameterValues[7] =
    {
        VectorParameterValues[0] =
        {
            ParameterName = Transmission_skin
            ParameterValue = { R=0.334458, G=0.147998, B=0.049433, A=1 }
        }
        VectorParameterValues[1] =
        {
            ParameterName = Lip_Specular
            ParameterValue = { R=50, G=5, B=30, A=1 }
        }
        VectorParameterValues[2] =
        {
            ParameterName = Skin_Specular
            ParameterValue = { R=1, G=1, B=1, A=1 }
        }
        VectorParameterValues[3] =
        {
            ParameterName = F2
            ParameterValue = { R=1, G=1.2, B=1.8, A=1 }
        }
        VectorParameterValues[4] =
        {
            ParameterName = F1
            ParameterValue = { R=0.8, G=1.5, B=1.5, A=0 }
        }
        VectorParameterValues[5] =
        {
            ParameterName = Lip_color
            ParameterValue = { R=1, G=1, B=1, A=1 }
        }
        VectorParameterValues[6] =
        {
            ParameterName = skin_color
            ParameterValue = { R=1, G=1, B=1, A=1 }
        }
    }
    Parent = Material3'test_Face-eye-skin'
    FlattenedTexture = None
    MobileBaseTexture = None
    MobileNormalTexture = None
    bUseMobileSpecular = false
    MobileSpecularPower = 16
    MobileSpecularMask = MSM_Constant (0)
    MobileMaskTexture = None

Object info:
============
ClassName: MaterialInstanceConstant ObjectName: 000FF

    ScalarParameterValues[0] = {}
    TextureParameterValues[0] = {}
    VectorParameterValues[0] = {}
    Parent = Material3'Face-F'
    FlattenedTexture = None
    MobileBaseTexture = None
    MobileNormalTexture = None
    bUseMobileSpecular = false
    MobileSpecularPower = 16
    MobileSpecularMask = MSM_Constant (0)
    MobileMaskTexture = None

Object info:
============
ClassName: MaterialInstanceConstant ObjectName: 000fM

    ScalarParameterValues[0] = {}
    TextureParameterValues[0] = {}
    VectorParameterValues[0] = {}
    Parent = Material3'Face-M-'
    FlattenedTexture = None
    MobileBaseTexture = None
    MobileNormalTexture = None
    bUseMobileSpecular = false
    MobileSpecularPower = 16
    MobileSpecularMask = MSM_Constant (0)
    MobileMaskTexture = None

Object info:
============
ClassName: MaterialInstanceConstant ObjectName: 000Lyn

    ScalarParameterValues[0] = {}
    TextureParameterValues[0] = {}
    VectorParameterValues[0] = {}
    Parent = Material3'Face-M-'
    FlattenedTexture = None
    MobileBaseTexture = None
    MobileNormalTexture = None
    bUseMobileSpecular = false
    MobileSpecularPower = 16
    MobileSpecularMask = MSM_Constant (0)
    MobileMaskTexture = None

Object info:
============
ClassName: MaterialInstanceConstant ObjectName: eye_KN

    ScalarParameterValues[6] =
    {
        ScalarParameterValues[0] = { ParameterName=eye_glossiness, ParameterValue=1 }
        ScalarParameterValues[1] = { ParameterName=eye_HighLight_value, ParameterValue=5 }
        ScalarParameterValues[2] = { ParameterName=eye_size, ParameterValue=1.17 }
        ScalarParameterValues[3] = { ParameterName=eye_spec_cube_value, ParameterValue=5 }
        ScalarParameterValues[4] = { ParameterName=deep_eye, ParameterValue=-5 }
        ScalarParameterValues[5] = { ParameterName=eye_HighLight_Position, ParameterValue=3 }
    }
    TextureParameterValues[5] =
    {
        TextureParameterValues[0] = { ParameterName=Eye_Normal, ParameterValue=Texture2D'eye0_N' }
        TextureParameterValues[1] = { ParameterName=Eye_Mask, ParameterValue=Texture2D'eye0_JinF00' }
        TextureParameterValues[2] = { ParameterName=Eye_Diffuse, ParameterValue=Texture2D'eye0_KunN00' }
        TextureParameterValues[3] = { ParameterName=eye_cube, ParameterValue=TextureCube'eye3' }
        TextureParameterValues[4] = { ParameterName=eye_spec_cube, ParameterValue=TextureCube'eye_s1' }
    }
    VectorParameterValues[4] =
    {
        VectorParameterValues[0] =
        {
            ParameterName = eye_Spec_Color
            ParameterValue = { R=0.21952, G=2, B=3, A=1 }
        }
        VectorParameterValues[1] =
        {
            ParameterName = Eye_Sclera
            ParameterValue = { R=1, G=0.88318, B=0.560499, A=1 }
        }
        VectorParameterValues[2] =
        {
            ParameterName = Eye_Iris
            ParameterValue = { R=0.267358, G=0.70117, B=0.383775, A=1 }
        }
        VectorParameterValues[3] =
        {
            ParameterName = eye_cube_Color
            ParameterValue = { R=1, G=0.9, B=0.7, A=1 }
        }
    }
    Parent = Material3'eye'
    FlattenedTexture = None
    MobileBaseTexture = None
    MobileNormalTexture = None
    bUseMobileSpecular = false
    MobileSpecularPower = 16
    MobileSpecularMask = MSM_Constant (0)
    MobileMaskTexture = None

Object info:
============
ClassName: MaterialInstanceConstant ObjectName: Hair

    ScalarParameterValues[3] =
    {
        ScalarParameterValues[0] = { ParameterName=Ac_Glossiness, ParameterValue=3.5 }
        ScalarParameterValues[1] = { ParameterName=Hair_Glossiness, ParameterValue=15 }
        ScalarParameterValues[2] = { ParameterName=Transmission_value, ParameterValue=3.39 }
    }
    TextureParameterValues[4] =
    {
        TextureParameterValues[0] = { ParameterName=Hair_Diffuse, ParameterValue=None }
        TextureParameterValues[1] = { ParameterName=Hair_Specular, ParameterValue=None }
        TextureParameterValues[2] = { ParameterName=Hair_normal, ParameterValue=None }
        TextureParameterValues[3] = { ParameterName=Hair_Mask_RGB, ParameterValue=None }
    }
    VectorParameterValues[4] =
    {
        VectorParameterValues[0] =
        {
            ParameterName = hair_color_S
            ParameterValue = { R=0.965815, G=0.47044, B=0.049433, A=1 }
        }
        VectorParameterValues[1] =
        {
            ParameterName = hair_color_L
            ParameterValue = { R=0.7593, G=0.20836, B=0.060032, A=1 }
        }
        VectorParameterValues[2] =
        {
            ParameterName = hair_color_D
            ParameterValue = { R=0.067725, G=0.060032, B=0.03423, A=1 }
        }
        VectorParameterValues[3] =
        {
            ParameterName = Transmission
            ParameterValue = { R=1.2, G=0.9604, B=1.0862, A=1 }
        }
    }
    Parent = Material3'Hair_Ac'
    FlattenedTexture = None
    MobileBaseTexture = None
    MobileNormalTexture = None
    bUseMobileSpecular = false
    MobileSpecularPower = 16
    MobileSpecularMask = MSM_Constant (0)
    MobileMaskTexture = None

Object info:
============
ClassName: SkeletalMesh3 ObjectName: Face

    LODInfo[1] =
    {
        LODInfo[0] =
        {
            DisplayFactor = 0
            LODHysteresis = 0.02
            LODMaterialMap[0] = {}
            bEnableShadowCasting[2] = { true, true }
        }
    }
    Sockets[0] = {}
    bHasVertexColors = false
    EnableTwistBoneFixers = true
    EnableClavicleFixer = true
    Materials[2] = { MaterialInstanceConstant'-Face', MaterialInstanceConstant'eye_KN' }


    Lods[1] =
    {
        Lods[0] =
        {
            Sections[2] =
            {
                Sections[0] = { Material=MaterialInstanceConstant'-Face', FirstIndex=0, NumFaces=1348 }
                Sections[1] = { Material=MaterialInstanceConstant'eye_KN', FirstIndex=4044, NumFaces=104 }
            }
            NumVerts = 1032
            IndexCount = 4356
            NumTexCoords = 1
        }
    }
    LodCount = 1
    MeshOrigin = { X=-0, Y=-0, Z=-0 }
    MeshScale = { X=1, Y=1, Z=1 }
    RotOrigin = { Yaw=0, Pitch=0, Roll=0 }
    BoneCount = 1

Object info:
============
ClassName: SkeletalMesh3 ObjectName: KunN

    LODInfo[1] =
    {
        LODInfo[0] =
        {
            DisplayFactor = 0
            LODHysteresis = 0.02
            LODMaterialMap[0] = {}
            bEnableShadowCasting[4] = { true, true, true, true }
        }
    }
    Sockets[0] = {}
    bHasVertexColors = false
    EnableTwistBoneFixers = true
    EnableClavicleFixer = true
    Materials[4] =
    {
        Materials[0] = MaterialInstanceConstant'Hair'
        Materials[1] = MaterialInstanceConstant'-body_skin'
        Materials[2] = MaterialInstanceConstant'-Face'
        Materials[3] = MaterialInstanceConstant'eye_KN'
    }


    Lods[1] =
    {
        Lods[0] =
        {
            Sections[4] =
            {
                Sections[0] = { Material=MaterialInstanceConstant'Hair', FirstIndex=0, NumFaces=1045 }
                Sections[1] = { Material=MaterialInstanceConstant'-body_skin', FirstIndex=3135, NumFaces=3056 }
                Sections[2] = { Material=MaterialInstanceConstant'-Face', FirstIndex=12303, NumFaces=1348 }
                Sections[3] = { Material=MaterialInstanceConstant'eye_KN', FirstIndex=16347, NumFaces=104 }
            }
            NumVerts = 3850
            IndexCount = 16659
            NumTexCoords = 1
        }
    }
    LodCount = 1
    MeshOrigin = { X=-0, Y=-0, Z=-0 }
    MeshScale = { X=1, Y=1, Z=1 }
    RotOrigin = { Yaw=0, Pitch=0, Roll=0 }
    BoneCount = 1

Object info:
============
ClassName: Texture2D ObjectName: body_d

    SizeX = 1024
    SizeY = 1024
    Format = PF_DXT1 (5)
    AddressX = TA_Wrap (0)
    AddressY = TA_Wrap (0)
    TextureFileCacheName = None
    MipTailBaseIdx = 10
    bForcePVRTC4 = false
    UnpackMin[4] = { 0, 0, 0, 0 }
    UnpackMax[4] = { 1, 1, 1, 1 }

Object info:
============
ClassName: Texture2D ObjectName: body_m

    SizeX = 512
    SizeY = 512
    Format = PF_DXT1 (5)
    AddressX = TA_Wrap (0)
    AddressY = TA_Wrap (0)
    TextureFileCacheName = None
    MipTailBaseIdx = 9
    bForcePVRTC4 = false
    UnpackMin[4] = { 0, 0, 0, 0 }
    UnpackMax[4] = { 1, 1, 1, 1 }

Object info:
============
ClassName: Texture2D ObjectName: body_n

    SizeX = 1024
    SizeY = 1024
    Format = PF_DXT1 (5)
    AddressX = TA_Wrap (0)
    AddressY = TA_Wrap (0)
    TextureFileCacheName = None
    MipTailBaseIdx = 10
    bForcePVRTC4 = false
    UnpackMin[4] = { -1, -1, -1, 0 }
    UnpackMax[4] = { 1, 1, 1, 1 }

Object info:
============
ClassName: Texture2D ObjectName: body_s

    SizeX = 1024
    SizeY = 1024
    Format = PF_DXT1 (5)
    AddressX = TA_Wrap (0)
    AddressY = TA_Wrap (0)
    TextureFileCacheName = None
    MipTailBaseIdx = 10
    bForcePVRTC4 = false
    UnpackMin[4] = { 0, 0, 0, 0 }
    UnpackMax[4] = { 1, 1, 1, 1 }

Object info:
============
ClassName: Texture2D ObjectName: body_s2

    SizeX = 1024
    SizeY = 1024
    Format = PF_DXT1 (5)
    AddressX = TA_Wrap (0)
    AddressY = TA_Wrap (0)
    TextureFileCacheName = None
    MipTailBaseIdx = 10
    bForcePVRTC4 = false
    UnpackMin[4] = { 0, 0, 0, 0 }
    UnpackMax[4] = { 1, 1, 1, 1 }

Object info:
============
ClassName: Texture2D ObjectName: eye0_JinF00_test

    SizeX = 128
    SizeY = 128
    Format = PF_DXT5 (7)
    AddressX = TA_Clamp (1)
    AddressY = TA_Clamp (1)
    TextureFileCacheName = None
    MipTailBaseIdx = 7
    bForcePVRTC4 = false
    UnpackMin[4] = { 0, 0, 0, 0 }
    UnpackMax[4] = { 1, 1, 1, 1 }

Object info:
============
ClassName: Texture2D ObjectName: face_d2

    SizeX = 512
    SizeY = 512
    Format = PF_DXT5 (7)
    AddressX = TA_Wrap (0)
    AddressY = TA_Wrap (0)
    TextureFileCacheName = None
    MipTailBaseIdx = 9
    bForcePVRTC4 = false
    UnpackMin[4] = { 0, 0, 0, 0 }
    UnpackMax[4] = { 1, 1, 1, 1 }

Object info:
============
ClassName: Texture2D ObjectName: face_m2

    SizeX = 512
    SizeY = 512
    Format = PF_DXT1 (5)
    AddressX = TA_Wrap (0)
    AddressY = TA_Wrap (0)
    TextureFileCacheName = None
    MipTailBaseIdx = 9
    bForcePVRTC4 = false
    UnpackMin[4] = { 0, 0, 0, 0 }
    UnpackMax[4] = { 1, 1, 1, 1 }

Object info:
============
ClassName: Texture2D ObjectName: face_n2

    SizeX = 512
    SizeY = 512
    Format = PF_DXT1 (5)
    AddressX = TA_Wrap (0)
    AddressY = TA_Wrap (0)
    TextureFileCacheName = None
    MipTailBaseIdx = 9
    bForcePVRTC4 = false
    UnpackMin[4] = { -1, -1, -1, 0 }
    UnpackMax[4] = { 1, 1, 1, 1 }

Object info:
============
ClassName: Texture2D ObjectName: face_s

    SizeX = 512
    SizeY = 512
    Format = PF_DXT1 (5)
    AddressX = TA_Wrap (0)
    AddressY = TA_Wrap (0)
    TextureFileCacheName = None
    MipTailBaseIdx = 9
    bForcePVRTC4 = false
    UnpackMin[4] = { 0, 0, 0, 0 }
    UnpackMax[4] = { 1, 1, 1, 1 }

Object info:
============
ClassName: Texture2D ObjectName: face_s2

    SizeX = 512
    SizeY = 512
    Format = PF_DXT1 (5)
    AddressX = TA_Wrap (0)
    AddressY = TA_Wrap (0)
    TextureFileCacheName = None
    MipTailBaseIdx = 9
    bForcePVRTC4 = false
    UnpackMin[4] = { 0, 0, 0, 0 }
    UnpackMax[4] = { 1, 1, 1, 1 }

Object info:
============
ClassName: Texture2D ObjectName: hair_m

    SizeX = 512
    SizeY = 512
    Format = PF_DXT1 (5)
    AddressX = TA_Wrap (0)
    AddressY = TA_Wrap (0)
    TextureFileCacheName = None
    MipTailBaseIdx = 9
    bForcePVRTC4 = false
    UnpackMin[4] = { 0, 0, 0, 0 }
    UnpackMax[4] = { 1, 1, 1, 1 }

Object info:
============
ClassName: Texture2D ObjectName: JinF_eye0_D

    SizeX = 128
    SizeY = 128
    Format = PF_DXT5 (7)
    AddressX = TA_Wrap (0)
    AddressY = TA_Wrap (0)
    TextureFileCacheName = None
    MipTailBaseIdx = 7
    bForcePVRTC4 = false
    UnpackMin[4] = { 0, 0, 0, 0 }
    UnpackMax[4] = { 1, 1, 1, 1 }

Object info:
============
ClassName: Texture2D ObjectName: KunN_00000_3056_d

    SizeX = 1024
    SizeY = 1024
    Format = PF_DXT1 (5)
    AddressX = TA_Wrap (0)
    AddressY = TA_Wrap (0)
    TextureFileCacheName = None
    MipTailBaseIdx = 10
    bForcePVRTC4 = false
    UnpackMin[4] = { 0, 0, 0, 0 }
    UnpackMax[4] = { 1, 1, 1, 1 }

Object info:
============
ClassName: Texture2D ObjectName: KunN_00000_3056_n

    SizeX = 1024
    SizeY = 1024
    Format = PF_DXT1 (5)
    AddressX = TA_Wrap (0)
    AddressY = TA_Wrap (0)
    TextureFileCacheName = None
    MipTailBaseIdx = 10
    bForcePVRTC4 = false
    UnpackMin[4] = { -1, -1, -1, 0 }
    UnpackMax[4] = { 1, 1, 1, 1 }
