Found 27000 game files (27 skipped)
Loading package: 00006470.upk Ver: 573/1 Engine: 4205 Names: 67 Exports: 10 Imports: 14 Game: 801A
Loading SkeletalMesh3 990037_AutoScale from package 00006470.upk
WARNING: ObjectProperty "USkeletalMesh3::PhysMaterialOverride" was not found
Loading package: 00006469.upk Ver: 573/1 Engine: 4205 Names: 75 Exports: 2 Imports: 18 Game: 801A
Loading SkeletalMeshSocket SkeletalMeshSocket_2 from package 00006470.upk
Loading SkeletalMeshSocket SkeletalMeshSocket_3 from package 00006470.upk
Loading MaterialInstanceConstant col1 from package 00006469.upk
Loading package: 00006468.upk Ver: 573/1 Engine: 4205 Names: 32 Exports: 4 Imports: 2 Game: 801A
Loading package: 00002620.upk Ver: 573/1 Engine: 4205 Names: 560 Exports: 6612 Imports: 96 Game: 801A
Loading Texture2D Weapon_990037_col1_n from package 00006468.upk
Loading Texture2D Weapon_990037_col1_d from package 00006468.upk
Loading Texture2D Weapon_990037_col1_s from package 00006468.upk
Loading Texture2D Weapon_990037_col1_em from package 00006468.upk
Loading Material3 Basic from package 00002620.upk
Loading package: 00012963.upk Ver: 573/1 Engine: 4205 Names: 1264 Exports: 1240 Imports: 10 Game: 801A
Loading Texture2D check_n from package 00002620.upk
Loading Texture2D check from package 00002620.upk
Loading Texture2D Smoke_Pattern_001 from package 00012963.upk
Loading Texture2D Gradient_Line_003 from package 00012963.upk
Loading Texture2D Gradient_Wipe_BurnOut_Mask_TEST from package 00012963.upk
Loading Texture2D Gradient_Wipe_BurnOut_Mask from package 00012963.upk
Loaded in 0.062 sec, 2334 allocs, 0.94 MBytes serialized in 189688 calls.

Object info:
============
ClassName: SkeletalMesh3 ObjectName: 990037_AutoScale

    LODInfo[1] =
    {
        LODInfo[0] =
        {
            DisplayFactor = 0
            LODHysteresis = 0.02
            LODMaterialMap[0] = {}
            bEnableShadowCasting[1] = { true }
        }
    }
    Sockets[2] =
    {
        Sockets[0] = SkeletalMeshSocket'990037_AutoScale.SkeletalMeshSocket_2'
        Sockets[1] = SkeletalMeshSocket'990037_AutoScale.SkeletalMeshSocket_3'
    }
    bHasVertexColors = false
    EnableTwistBoneFixers = true
    EnableClavicleFixer = true
    Materials[1] = { MaterialInstanceConstant'col1' }


    Lods[1] =
    {
        Lods[0] =
        {
            Sections[1] =
            {
                Sections[0] = { Material=MaterialInstanceConstant'col1', FirstIndex=0, NumFaces=1545 }
            }
            NumVerts = 1214
            IndexCount = 4635
            NumTexCoords = 1
        }
    }
    LodCount = 1
    MeshOrigin = { X=-0, Y=-0, Z=-0 }
    MeshScale = { X=1, Y=1, Z=1 }
    RotOrigin = { Yaw=0, Pitch=0, Roll=0 }
    BoneCount = 1

Object info:
============
ClassName: SkeletalMeshSocket ObjectName: SkeletalMeshSocket_2

    SocketName = trail_start
    BoneName = WeaponRoot
    RelativeLocation = { X=0, Y=0, Z=10 }
    RelativeRotation = { Yaw=0, Pitch=0, Roll=0 }
    RelativeScale = { X=1, Y=1, Z=1 }

Object info:
============
ClassName: SkeletalMeshSocket ObjectName: SkeletalMeshSocket_3

    SocketName = trail_end
    BoneName = WeaponRoot
    RelativeLocation = { X=0, Y=0, Z=45 }
    RelativeRotation = { Yaw=0, Pitch=0, Roll=0 }
    RelativeScale = { X=1, Y=1, Z=1 }
