Found 16186 game files (0 skipped)
Loading package: 00003836.upk Ver: 573/1 Engine: 4205 Names: 96 Exports: 2 Imports: 24 Game: 801A
Loading MaterialInstanceConstant col2 from package 00003836.upk
Loading package: 00002909.upk Ver: 573/1 Engine: 4205 Names: 54 Exports: 23 Imports: 4 Game: 801A
Loading package: 00002620.upk Ver: 573/1 Engine: 4205 Names: 500 Exports: 5733 Imports: 89 Game: 801A
Loading package: 00002640.upk Ver: 573/1 Engine: 4205 Names: 340 Exports: 556 Imports: 5 Game: 801A
Loading package: 00012963.upk Ver: 573/1 Engine: 4205 Names: 1199 Exports: 1162 Imports: 10 Game: 801A
Loading package: 00002912.upk Ver: 573/1 Engine: 4205 Names: 172 Exports: 143 Imports: 48 Game: 801A
Loading Texture2D MO_ST_008_JW_n from package 00002909.upk
Loading Texture2D check from package 00002620.upk
Loading Texture2D GrassBeast_d_col2 from package 00002909.upk
Loading Texture2D GrassBeast_s_col2 from package 00002909.upk
Loading TextureCube Cube_D from package 00002640.upk
Loading Texture2D GrassBeast_em_col2 from package 00002909.upk
Loading Texture2D Smoke_Pattern_001 from package 00012963.upk
Loading Texture2D MO_ST_008_JW_Fx_Line from package 00002909.upk
Loading Material3 Basic_GrassBeast from package 00002912.upk
Loading package: 00004347.upk Ver: 573/1 Engine: 4205 Names: 46 Exports: 17 Imports: 4 Game: 801A
Loading Texture2D CubemapFace0 from package 00002640.upk
Loading Texture2D CubemapFace1 from package 00002640.upk
Loading Texture2D CubemapFace2 from package 00002640.upk
Loading Texture2D CubemapFace3 from package 00002640.upk
Loading Texture2D CubemapFace4 from package 00002640.upk
Loading Texture2D CubemapFace5 from package 00002640.upk
Loading Texture2D check_n from package 00002620.upk
Loading Texture2D mudang_Fx_Line from package 00004347.upk
Loading Texture2D Gradient_Line_003 from package 00012963.upk
Loading Texture2D Gradient_Wipe_BurnOut_Mask_TEST from package 00012963.upk
Loading Texture2D Gradient_Wipe_BurnOut_Mask from package 00012963.upk
Loaded in 0.094 sec, 2940 allocs, 1.13 MBytes serialized in 150164 calls.

Object info:
============
ClassName: MaterialInstanceConstant ObjectName: col2

    ScalarParameterValues[10] =
    {
        ScalarParameterValues[0] = { ParameterName=Transmission_value, ParameterValue=0.5 }
        ScalarParameterValues[1] = { ParameterName=Glossiness1, ParameterValue=1 }
        ScalarParameterValues[2] = { ParameterName=Glossiness2, ParameterValue=1 }
        ScalarParameterValues[3] = { ParameterName=Specular_value, ParameterValue=2 }
        ScalarParameterValues[4] = { ParameterName=HighLight_Value, ParameterValue=5 }
        ScalarParameterValues[5] = { ParameterName=HighLight_glossiness, ParameterValue=100 }
        ScalarParameterValues[6] = { ParameterName=Emissive_value, ParameterValue=2.5 }
        ScalarParameterValues[7] = { ParameterName=Emissive_value2, ParameterValue=0 }
        ScalarParameterValues[8] = { ParameterName=Fresnel Value, ParameterValue=1 }
        ScalarParameterValues[9] = { ParameterName=Fresnel exponent, ParameterValue=30 }
    }
    TextureParameterValues[8] =
    {
        TextureParameterValues[0] = { ParameterName=Normal, ParameterValue=Texture2D'MO_ST_008_JW_n' }
        TextureParameterValues[1] = { ParameterName=Mask_GB, ParameterValue=Texture2D'check' }
        TextureParameterValues[2] = { ParameterName=Diffuse, ParameterValue=Texture2D'GrassBeast_d_col2' }
        TextureParameterValues[3] = { ParameterName=Specular, ParameterValue=Texture2D'GrassBeast_s_col2' }
        TextureParameterValues[4] = { ParameterName=rf_cube, ParameterValue=TextureCube'Cube_D' }
        TextureParameterValues[5] = { ParameterName=Emissive, ParameterValue=Texture2D'GrassBeast_em_col2' }
        TextureParameterValues[6] = { ParameterName=Mask_FX_Texture, ParameterValue=Texture2D'Smoke_Pattern_001' }
        TextureParameterValues[7] = { ParameterName=FX_Add, ParameterValue=Texture2D'MO_ST_008_JW_Fx_Line' }
    }
    VectorParameterValues[9] =
    {
        VectorParameterValues[0] =
        {
            ParameterName = Mesh_trangition
            ParameterValue = { R=0, G=0, B=0, A=1 }
        }
        VectorParameterValues[1] =
        {
            ParameterName = Reflection_value
            ParameterValue = { R=2, G=2, B=2, A=1 }
        }
        VectorParameterValues[2] =
        {
            ParameterName = HighLight_Color
            ParameterValue = { R=1, G=1, B=1, A=1 }
        }
        VectorParameterValues[3] =
        {
            ParameterName = Fresnel_color
            ParameterValue = { R=0, G=0, B=0, A=1 }
        }
        VectorParameterValues[4] =
        {
            ParameterName = Fresnel_Power
            ParameterValue = { R=0, G=0, B=0, A=1 }
        }
        VectorParameterValues[5] =
        {
            ParameterName = Burn_Color
            ParameterValue = { R=0, G=0, B=0, A=1 }
        }
        VectorParameterValues[6] =
        {
            ParameterName = Glow_Trangition_A
            ParameterValue = { R=0, G=0, B=0, A=1 }
        }
        VectorParameterValues[7] =
        {
            ParameterName = Fx_Glow_power_A
            ParameterValue = { R=0, G=0, B=0, A=1 }
        }
        VectorParameterValues[8] =
        {
            ParameterName = Fx_Glow_color_A
            ParameterValue = { R=0, G=0, B=1, A=1 }
        }
    }
    Parent = Material3'Basic_GrassBeast'
    FlattenedTexture = None
    MobileBaseTexture = None
    MobileNormalTexture = None
    bUseMobileSpecular = false
    MobileSpecularPower = 16
    MobileSpecularMask = MSM_Constant (0)
    MobileMaskTexture = None
