Found 18875 game files (36 skipped)
Loading package: 00008650.upk Ver: 573/1 Engine: 4205 Names: 34 Exports: 4 Imports: 5 Game: 801A
Loading SkeletalMesh3 090105_Autoscale from package 00008650.upk
Loading package: 00008649.upk Ver: 573/1 Engine: 4205 Names: 73 Exports: 1 Imports: 16 Game: 801A
Loading SkeletalMeshSocket SkeletalMeshSocket_11 from package 00008650.upk
Loading SkeletalMeshSocket SkeletalMeshSocket_12 from package 00008650.upk
Loading SkeletalMeshSocket SkeletalMeshSocket_13 from package 00008650.upk
Loading MaterialInstanceConstant col1 from package 00008649.upk
Loading package: 00008648.upk Ver: 573/1 Engine: 4205 Names: 32 Exports: 4 Imports: 2 Game: 801A
Loading package: 00002620.upk Ver: 573/1 Engine: 4205 Names: 560 Exports: 6612 Imports: 96 Game: 801A
Loading Texture2D Weapon_090105_col1_n from package 00008648.upk
Loading Texture2D weapon_090105_col1_m from package 00008648.upk
Loading Texture2D weapon_090105_col1_d from package 00008648.upk
Loading Texture2D weapon_090105_col1_s from package 00008648.upk
Loading Material3 Basic from package 00002620.upk
Loading package: 00012963.upk Ver: 573/1 Engine: 4205 Names: 1219 Exports: 1194 Imports: 10 Game: 801A
Loading Texture2D check_n from package 00002620.upk
Loading Texture2D check from package 00002620.upk
Loading Texture2D Smoke_Pattern_001 from package 00012963.upk
Loading Texture2D Gradient_Line_003 from package 00012963.upk
Loading Texture2D Gradient_Wipe_BurnOut_Mask_TEST from package 00012963.upk
Loading Texture2D Gradient_Wipe_BurnOut_Mask from package 00012963.upk
Loaded in 0.065 sec, 2252 allocs, 0.83 MBytes serialized in 164559 calls.

Object info:
============
ClassName: SkeletalMesh3 ObjectName: 090105_Autoscale

    LODInfo[1] =
    {
        LODInfo[0] =
        {
            DisplayFactor = 0
            LODHysteresis = 0.02
            LODMaterialMap[0] = {}
            bEnableShadowCasting[1] = { true }
        }
    }
    Sockets[3] =
    {
        Sockets[0] = SkeletalMeshSocket'090105_Autoscale.SkeletalMeshSocket_11'
        Sockets[1] = SkeletalMeshSocket'090105_Autoscale.SkeletalMeshSocket_12'
        Sockets[2] = SkeletalMeshSocket'090105_Autoscale.SkeletalMeshSocket_13'
    }
    bHasVertexColors = false
    EnableTwistBoneFixers = true
    EnableClavicleFixer = true
    Materials[1] = { MaterialInstanceConstant'col1' }


    Lods[1] =
    {
        Lods[0] =
        {
            Sections[1] =
            {
                Sections[0] = { Material=MaterialInstanceConstant'col1', FirstIndex=0, NumFaces=452 }
            }
            NumVerts = 502
            IndexCount = 1356
            NumTexCoords = 1
        }
    }
    LodCount = 1
    MeshOrigin = { X=-0, Y=-0, Z=-0 }
    MeshScale = { X=1, Y=1, Z=1 }
    RotOrigin = { Yaw=0, Pitch=0, Roll=0 }
    BoneCount = 1

Object info:
============
ClassName: SkeletalMeshSocket ObjectName: SkeletalMeshSocket_11

    SocketName = Weapon_Bullet
    BoneName = WeaponRoot
    RelativeLocation = { X=2.9012, Y=0, Z=6 }
    RelativeRotation = { Yaw=0, Pitch=0, Roll=0 }
    RelativeScale = { X=1, Y=1, Z=1 }

Object info:
============
ClassName: SkeletalMeshSocket ObjectName: SkeletalMeshSocket_12

    SocketName = trail_start
    BoneName = WeaponRoot
    RelativeLocation = { X=0, Y=0, Z=0 }
    RelativeRotation = { Yaw=0, Pitch=0, Roll=0 }
    RelativeScale = { X=1, Y=1, Z=1 }

Object info:
============
ClassName: SkeletalMeshSocket ObjectName: SkeletalMeshSocket_13

    SocketName = trail_end
    BoneName = WeaponRoot
    RelativeLocation = { X=16.0537, Y=0, Z=4.5 }
    RelativeRotation = { Yaw=0, Pitch=0, Roll=0 }
    RelativeScale = { X=1, Y=1, Z=1 }
