Found 19856 game files (132 skipped)
Loading package: 00009663.upk Ver: 573/1 Engine: 4205 Names: 82 Exports: 2 Imports: 19 Game: 801A
Loading MaterialInstanceConstant col1 from package 00009663.upk
Loading package: 00009662.upk Ver: 573/1 Engine: 4205 Names: 32 Exports: 4 Imports: 2 Game: 801A
Loading package: 00002620.upk Ver: 573/1 Engine: 4205 Names: 560 Exports: 6612 Imports: 96 Game: 801A
Loading Texture2D Normal from package 00009662.upk
Loading Texture2D Mask from package 00009662.upk
Loading Texture2D Diffuse from package 00009662.upk
Loading Texture2D Specular from package 00009662.upk
Loading Material3 Body from package 00002620.upk
Loading package: 00012963.upk Ver: 573/1 Engine: 4205 Names: 1223 Exports: 1198 Imports: 10 Game: 801A
Loading Texture2D check_n from package 00002620.upk
Loading Texture2D Noise_Glass_000 from package 00012963.upk
Loading Texture2D Smoke_Pattern_001 from package 00012963.upk
Loading Texture2D Gradient_Wipe_BurnOut_Mask_TEST from package 00012963.upk
Loading Texture2D Gradient_Wipe_BurnOut_Mask from package 00012963.upk
Loading Texture2D check from package 00002620.upk
Loading Texture2D Gradient_Line_003 from package 00012963.upk
Loaded in 0.072 sec, 2243 allocs, 1.49 MBytes serialized in 149913 calls.

Object info:
============
ClassName: MaterialInstanceConstant ObjectName: col1

    ScalarParameterValues[7] =
    {
        ScalarParameterValues[0] = { ParameterName=Transmission_value, ParameterValue=1 }
        ScalarParameterValues[1] = { ParameterName=Skin_glossiness, ParameterValue=80 }
        ScalarParameterValues[2] = { ParameterName=Wear_glossiness1, ParameterValue=3.5 }
        ScalarParameterValues[3] = { ParameterName=Skin_Spec_value, ParameterValue=2 }
        ScalarParameterValues[4] = { ParameterName=Fresnel Value, ParameterValue=10 }
        ScalarParameterValues[5] = { ParameterName=Fresnel exponent, ParameterValue=10 }
        ScalarParameterValues[6] = { ParameterName=Specular_value, ParameterValue=2 }
    }
    TextureParameterValues[4] =
    {
        TextureParameterValues[0] = { ParameterName=Body_normal, ParameterValue=Texture2D'Normal' }
        TextureParameterValues[1] = { ParameterName=Body_mask_RGB, ParameterValue=Texture2D'Mask' }
        TextureParameterValues[2] = { ParameterName=Body_diffuse, ParameterValue=Texture2D'Diffuse' }
        TextureParameterValues[3] = { ParameterName=Body_specular, ParameterValue=Texture2D'Specular' }
    }
    VectorParameterValues[3] =
    {
        VectorParameterValues[0] =
        {
            ParameterName = Skin_Specular
            ParameterValue = { R=1, G=1, B=1, A=1 }
        }
        VectorParameterValues[1] =
        {
            ParameterName = Fresnel_Power
            ParameterValue = { R=0, G=0, B=0, A=1 }
        }
        VectorParameterValues[2] =
        {
            ParameterName = skin_color
            ParameterValue = { R=1.2, G=2.1, B=3.5, A=1 }
        }
    }
    Parent = Material3'Body'
    FlattenedTexture = None
    MobileBaseTexture = None
    MobileNormalTexture = None
    bUseMobileSpecular = false
    MobileSpecularPower = 16
    MobileSpecularMask = MSM_Constant (0)
    MobileMaskTexture = None
