Found 27000 game files (27 skipped)
Loading package: 00009621.upk Ver: 573/1 Engine: 4205 Names: 83 Exports: 1 Imports: 20 Game: 801A
Loading MaterialInstanceConstant col1 from package 00009621.upk
Loading package: 00002640.upk Ver: 573/1 Engine: 4205 Names: 340 Exports: 556 Imports: 5 Game: 801A
Loading package: 00009620.upk Ver: 573/1 Engine: 4205 Names: 36 Exports: 8 Imports: 2 Game: 801A
Loading package: 00002620.upk Ver: 573/1 Engine: 4205 Names: 560 Exports: 6612 Imports: 96 Game: 801A
Loading TextureCube lenscube from package 00002640.upk
Loading Texture2D D from package 00009620.upk
Loading Texture2D S from package 00009620.upk
Loading Texture2D M from package 00009620.upk
Loading Texture2D N from package 00009620.upk
Loading Material3 Body from package 00002620.upk
Loading package: 00012963.upk Ver: 573/1 Engine: 4205 Names: 1264 Exports: 1240 Imports: 10 Game: 801A
Loading Texture2D CubemapFace0 from package 00002640.upk
Loading Texture2D CubemapFace1 from package 00002640.upk
Loading Texture2D CubemapFace2 from package 00002640.upk
Loading Texture2D CubemapFace3 from package 00002640.upk
Loading Texture2D CubemapFace4 from package 00002640.upk
Loading Texture2D CubemapFace5 from package 00002640.upk
Loading Texture2D check_n from package 00002620.upk
Loading Texture2D Noise_Glass_000 from package 00012963.upk
Loading Texture2D Smoke_Pattern_001 from package 00012963.upk
Loading Texture2D Gradient_Wipe_BurnOut_Mask_TEST from package 00012963.upk
Loading Texture2D Gradient_Wipe_BurnOut_Mask from package 00012963.upk
Loading Texture2D check from package 00002620.upk
Loading Texture2D Gradient_Line_003 from package 00012963.upk
Loaded in 0.093 sec, 2797 allocs, 1.55 MBytes serialized in 162932 calls.

Object info:
============
ClassName: MaterialInstanceConstant ObjectName: col1

    ScalarParameterValues[6] =
    {
        ScalarParameterValues[0] = { ParameterName=Fresnel exponent, ParameterValue=5 }
        ScalarParameterValues[1] = { ParameterName=Fresnel Value, ParameterValue=7 }
        ScalarParameterValues[2] = { ParameterName=Skin_Spec_value, ParameterValue=2 }
        ScalarParameterValues[3] = { ParameterName=Wear_glossiness1, ParameterValue=1 }
        ScalarParameterValues[4] = { ParameterName=Wear_glossiness2, ParameterValue=30 }
        ScalarParameterValues[5] = { ParameterName=Skin_glossiness, ParameterValue=80 }
    }
    TextureParameterValues[5] =
    {
        TextureParameterValues[0] = { ParameterName=rf_cube, ParameterValue=TextureCube'lenscube' }
        TextureParameterValues[1] = { ParameterName=Body_diffuse, ParameterValue=Texture2D'D' }
        TextureParameterValues[2] = { ParameterName=Body_specular, ParameterValue=Texture2D'S' }
        TextureParameterValues[3] = { ParameterName=Body_mask_RGB, ParameterValue=Texture2D'M' }
        TextureParameterValues[4] = { ParameterName=Body_normal, ParameterValue=Texture2D'N' }
    }
    VectorParameterValues[0] = {}
    Parent = Material3'Body'
    FlattenedTexture = None
    MobileBaseTexture = None
    MobileNormalTexture = None
    bUseMobileSpecular = false
    MobileSpecularPower = 16
    MobileSpecularMask = MSM_Constant (0)
    MobileMaskTexture = None
