Found 18875 game files (36 skipped)
Loading package: 00004386.upk Ver: 573/1 Engine: 4205 Names: 14 Exports: 3 Imports: 6 Game: 801A
Loading StaticMesh3 JinM_Static from package 00004386.upk
Loading package: EditorMaterials.upk Ver: 573/1 Engine: 4205 Names: 323 Exports: 327 Imports: 26 Game: 801A
Loading StaticMesh3 KUN_sTATIC from package 00004386.upk
Loading Material3 GridMaterial from package EditorMaterials.upk
Loading Texture2D Gridpaper from package EditorMaterials.upk
Loaded in 0.038 sec, 434 allocs, 1.66 MBytes serialized in 344323 calls.

Object info:
============
ClassName: StaticMesh3 ObjectName: JinM_Static

    BodySetup = None
    UseSimpleLineCollision = false
    UseSimpleBoxCollision = false
    UseSimpleRigidBodyCollision = false
    UseFullPrecisionUVs = false
    Bounds =
    {
        Origin = { X=0, Y=-1.58435, Z=45.2358 }
        BoxExtent = { X=23.6911, Y=12.0861, Z=45.8256 }
        SphereRadius = 48.332
    }
    CanCompressPositions = false
    CanStripNormalsAndTangents = false
    InternalVersion = 18


    Lods[1] =
    {
        Lods[0] =
        {
            Sections[1] =
            {
                Sections[0] = { Material=Material3'GridMaterial', FirstIndex=0, NumFaces=9471 }
            }
            NumVerts = 12946
            IndexCount = 28413
            NumTexCoords = 1
        }
    }
    LodCount = 1

Object info:
============
ClassName: StaticMesh3 ObjectName: KUN_sTATIC

    BodySetup = None
    UseSimpleLineCollision = false
    UseSimpleBoxCollision = false
    UseSimpleRigidBodyCollision = false
    UseFullPrecisionUVs = false
    Bounds =
    {
        Origin = { X=0, Y=-1.5233, Z=46.9662 }
        BoxExtent = { X=27.4956, Y=11.6607, Z=47.0112 }
        SphereRadius = 48.1805
    }
    CanCompressPositions = false
    CanStripNormalsAndTangents = false
    InternalVersion = 18


    Lods[1] =
    {
        Lods[0] =
        {
            Sections[3] =
            {
                Sections[0] = { Material=Material3'GridMaterial', FirstIndex=0, NumFaces=9802 }
                Sections[1] = { Material=Material3'GridMaterial', FirstIndex=0, NumFaces=0 }
                Sections[2] = { Material=Material3'GridMaterial', FirstIndex=0, NumFaces=0 }
            }
            NumVerts = 12396
            IndexCount = 29406
            NumTexCoords = 1
        }
    }
    LodCount = 1
