Found 21975 game files (132 skipped)
Loading package: 00004059.upk Ver: 573/1 Engine: 4205 Names: 74 Exports: 2 Imports: 14 Game: 801A
Loading MaterialInstanceConstant col1 from package 00004059.upk
Loading package: 00002620.upk Ver: 573/1 Engine: 4205 Names: 560 Exports: 6612 Imports: 96 Game: 801A
Loading Material3 Body from package 00002620.upk
Loading package: 00012963.upk Ver: 573/1 Engine: 4205 Names: 1236 Exports: 1211 Imports: 10 Game: 801A
Loading Texture2D check_n from package 00002620.upk
Loading Texture2D Noise_Glass_000 from package 00012963.upk
Loading Texture2D Smoke_Pattern_001 from package 00012963.upk
Loading Texture2D Gradient_Wipe_BurnOut_Mask_TEST from package 00012963.upk
Loading Texture2D Gradient_Wipe_BurnOut_Mask from package 00012963.upk
Loading Texture2D check from package 00002620.upk
Loading Texture2D Gradient_Line_003 from package 00012963.upk
Loaded in 0.065 sec, 2077 allocs, 0.72 MBytes serialized in 148960 calls.

Object info:
============
ClassName: MaterialInstanceConstant ObjectName: col1

    ScalarParameterValues[4] =
    {
        ScalarParameterValues[0] = { ParameterName=Skin_glossiness, ParameterValue=5 }
        ScalarParameterValues[1] = { ParameterName=Wear_glossiness1, ParameterValue=3.5 }
        ScalarParameterValues[2] = { ParameterName=Wear_glossiness2, ParameterValue=30 }
        ScalarParameterValues[3] = { ParameterName=Skin_Spec_value, ParameterValue=3 }
    }
    TextureParameterValues[4] =
    {
        TextureParameterValues[0] = { ParameterName=Body_normal, ParameterValue=None }
        TextureParameterValues[1] = { ParameterName=Body_mask_RGB, ParameterValue=None }
        TextureParameterValues[2] = { ParameterName=Body_diffuse, ParameterValue=None }
        TextureParameterValues[3] = { ParameterName=Body_specular, ParameterValue=None }
    }
    VectorParameterValues[1] =
    {
        VectorParameterValues[0] =
        {
            ParameterName = skin_color
            ParameterValue = { R=1, G=1, B=1, A=1 }
        }
    }
    Parent = Material3'Body'
    FlattenedTexture = None
    MobileBaseTexture = None
    MobileNormalTexture = None
    bUseMobileSpecular = false
    MobileSpecularPower = 16
    MobileSpecularMask = MSM_Constant (0)
    MobileMaskTexture = None
