Found 16186 game files (0 skipped)
Loading package: 00002629.upk Ver: 573/1 Engine: 4205 Names: 77 Exports: 3 Imports: 19 Game: 801A
Loading MaterialInstanceConstant col1 from package 00002629.upk
Loading package: 00002628.upk Ver: 573/1 Engine: 4205 Names: 37 Exports: 9 Imports: 2 Game: 801A
Loading package: 00002620.upk Ver: 573/1 Engine: 4205 Names: 500 Exports: 5733 Imports: 89 Game: 801A
Loading Texture2D MON010_n from package 00002628.upk
Loading Texture2D MON010_m1 from package 00002628.upk
Loading Texture2D MON010_d from package 00002628.upk
Loading Texture2D MON010_s from package 00002628.upk
Loading Texture2D MON010_em from package 00002628.upk
Loading Material3 Basic from package 00002620.upk
Loading package: 00012963.upk Ver: 573/1 Engine: 4205 Names: 1199 Exports: 1162 Imports: 10 Game: 801A
Loading Texture2D check_n from package 00002620.upk
Loading Texture2D check from package 00002620.upk
Loading Texture2D Smoke_Pattern_001 from package 00012963.upk
Loading Texture2D Gradient_Line_003 from package 00012963.upk
Loading Texture2D Gradient_Wipe_BurnOut_Mask_TEST from package 00012963.upk
Loading Texture2D Gradient_Wipe_BurnOut_Mask from package 00012963.upk
Loaded in 0.068 sec, 2146 allocs, 1.01 MBytes serialized in 133027 calls.

Object info:
============
ClassName: MaterialInstanceConstant ObjectName: col1

    ScalarParameterValues[4] =
    {
        ScalarParameterValues[0] = { ParameterName=Glossiness1, ParameterValue=3 }
        ScalarParameterValues[1] = { ParameterName=Glossiness2, ParameterValue=15 }
        ScalarParameterValues[2] = { ParameterName=Specular_value, ParameterValue=2 }
        ScalarParameterValues[3] = { ParameterName=Emissive_value, ParameterValue=5 }
    }
    TextureParameterValues[5] =
    {
        TextureParameterValues[0] = { ParameterName=Normal, ParameterValue=Texture2D'MON010_n' }
        TextureParameterValues[1] = { ParameterName=Mask_GB, ParameterValue=Texture2D'MON010_m1' }
        TextureParameterValues[2] = { ParameterName=Diffuse, ParameterValue=Texture2D'MON010_d' }
        TextureParameterValues[3] = { ParameterName=Specular, ParameterValue=Texture2D'MON010_s' }
        TextureParameterValues[4] = { ParameterName=Emissive, ParameterValue=Texture2D'MON010_em' }
    }
    VectorParameterValues[0] = {}
    Parent = Material3'Basic'
    FlattenedTexture = None
    MobileBaseTexture = None
    MobileNormalTexture = None
    bUseMobileSpecular = false
    MobileSpecularPower = 16
    MobileSpecularMask = MSM_Constant (0)
    MobileMaskTexture = None
