Found 19856 game files (132 skipped)
Loading package: 00009122.upk Ver: 573/1 Engine: 4205 Names: 78 Exports: 2 Imports: 19 Game: 801A
Loading MaterialInstanceConstant col2 from package 00009122.upk
Loading package: 00008360.upk Ver: 573/1 Engine: 4205 Names: 53 Exports: 25 Imports: 2 Game: 801A
Loading package: 00002620.upk Ver: 573/1 Engine: 4205 Names: 560 Exports: 6612 Imports: 96 Game: 801A
Loading Texture2D co2_n from package 00008360.upk
Loading Texture2D Cloth_60007_LynM_col1_M from package 00008360.upk
Loading Texture2D co2_d from package 00008360.upk
Loading Texture2D co2_s from package 00008360.upk
Loading Material3 Body from package 00002620.upk
Loading package: 00012963.upk Ver: 573/1 Engine: 4205 Names: 1223 Exports: 1198 Imports: 10 Game: 801A
Loading Texture2D check_n from package 00002620.upk
Loading Texture2D Noise_Glass_000 from package 00012963.upk
Loading Texture2D Smoke_Pattern_001 from package 00012963.upk
Loading Texture2D Gradient_Wipe_BurnOut_Mask_TEST from package 00012963.upk
Loading Texture2D Gradient_Wipe_BurnOut_Mask from package 00012963.upk
Loading Texture2D check from package 00002620.upk
Loading Texture2D Gradient_Line_003 from package 00012963.upk
Loaded in 0.068 sec, 2247 allocs, 1.04 MBytes serialized in 150109 calls.

Object info:
============
ClassName: MaterialInstanceConstant ObjectName: col2

    ScalarParameterValues[4] =
    {
        ScalarParameterValues[0] = { ParameterName=Transmission_value, ParameterValue=10 }
        ScalarParameterValues[1] = { ParameterName=Skin_glossiness, ParameterValue=3.5 }
        ScalarParameterValues[2] = { ParameterName=Wear_glossiness1, ParameterValue=5 }
        ScalarParameterValues[3] = { ParameterName=Wear_glossiness2, ParameterValue=3 }
    }
    TextureParameterValues[4] =
    {
        TextureParameterValues[0] = { ParameterName=Body_normal, ParameterValue=Texture2D'co2_n' }
        TextureParameterValues[1] = { ParameterName=Body_mask_RGB, ParameterValue=Texture2D'Cloth_60007_LynM_col1_M' }
        TextureParameterValues[2] = { ParameterName=Body_diffuse, ParameterValue=Texture2D'co2_d' }
        TextureParameterValues[3] = { ParameterName=Body_specular, ParameterValue=Texture2D'co2_s' }
    }
    VectorParameterValues[0] = {}
    Parent = Material3'Body'
    FlattenedTexture = None
    MobileBaseTexture = None
    MobileNormalTexture = None
    bUseMobileSpecular = false
    MobileSpecularPower = 16
    MobileSpecularMask = MSM_Constant (0)
    MobileMaskTexture = None
