Found 21974 game files (0 skipped)
Loading package: 00006039.upk Ver: 573/1 Engine: 4205 Names: 267 Exports: 336 Imports: 23 Game: 801A
Loading SkeletalMesh3 UnbalanceZombie from package 00006039.upk
WARNING: ObjectProperty "USkeletalMesh3::PlaySoundSet" was not found
WARNING: ObjectProperty "USkeletalMesh3::PlayParticleSet" was not found
WARNING: FloatProperty "USkeletalMesh3::AnimNameHeight" was not found
WARNING: FloatProperty "USkeletalMesh3::NormalNameHeight" was not found
WARNING: FloatProperty "USkeletalMesh3::LowNameHeight" was not found
WARNING: ByteProperty "USkeletalMesh3::CommonPhysicsUseFlag" was not found
Loading package: 00006038.upk Ver: 573/1 Engine: 4205 Names: 171 Exports: 201 Imports: 50 Game: 801A
Loading SkeletalMeshSocket SkeletalMeshSocket_0 from package 00006039.upk
WARNING: ObjectProperty "USkeletalMeshSocket::PreviewSkelMesh" was not found
Loading SkeletalMeshSocket SkeletalMeshSocket_1 from package 00006039.upk
Loading SkeletalMeshSocket SkeletalMeshSocket_106 from package 00006039.upk
Loading SkeletalMeshSocket SkeletalMeshSocket_143 from package 00006039.upk
Loading SkeletalMeshSocket SkeletalMeshSocket_167 from package 00006039.upk
Loading SkeletalMeshSocket SkeletalMeshSocket_198 from package 00006039.upk
Loading SkeletalMeshSocket SkeletalMeshSocket_199 from package 00006039.upk
Loading SkeletalMeshSocket SkeletalMeshSocket_2 from package 00006039.upk
Loading SkeletalMeshSocket SkeletalMeshSocket_201 from package 00006039.upk
Loading SkeletalMeshSocket SkeletalMeshSocket_202 from package 00006039.upk
Loading SkeletalMeshSocket SkeletalMeshSocket_3 from package 00006039.upk
Loading SkeletalMeshSocket SkeletalMeshSocket_4 from package 00006039.upk
Loading SkeletalMeshSocket SkeletalMeshSocket_5 from package 00006039.upk
Loading SkeletalMeshSocket SkeletalMeshSocket_6 from package 00006039.upk
Loading SkeletalMeshSocket SkeletalMeshSocket_7 from package 00006039.upk
Loading SkeletalMeshSocket SkeletalMeshSocket_74 from package 00006039.upk
Loading SkeletalMeshSocket SkeletalMeshSocket_75 from package 00006039.upk
Loading SkeletalMeshSocket SkeletalMeshSocket_76 from package 00006039.upk
Loading MaterialInstanceConstant col1 from package 00006038.upk
Loading package: 00006037.upk Ver: 573/1 Engine: 4205 Names: 40 Exports: 12 Imports: 2 Game: 801A
Loading package: 00002640.upk Ver: 573/1 Engine: 4205 Names: 340 Exports: 556 Imports: 5 Game: 801A
Loading package: 00002620.upk Ver: 573/1 Engine: 4205 Names: 560 Exports: 6612 Imports: 96 Game: 801A
Loading Texture2D Monster_Human_UnbalanceZombie_col1_N from package 00006037.upk
Loading Texture2D Monster_Human_UnbalanceZombie_col1_M from package 00006037.upk
Loading Texture2D Monster_Human_UnbalanceZombie_col1_D from package 00006037.upk
Loading Texture2D Monster_Human_UnbalanceZombie_col1_S from package 00006037.upk
Loading TextureCube Cube_D from package 00002640.upk
Loading Material3 Basic_local_reflect from package 00002620.upk
Loading package: 00012963.upk Ver: 573/1 Engine: 4205 Names: 1236 Exports: 1211 Imports: 10 Game: 801A
Loading Texture2D CubemapFace0 from package 00002640.upk
Loading Texture2D CubemapFace1 from package 00002640.upk
Loading Texture2D CubemapFace2 from package 00002640.upk
Loading Texture2D CubemapFace3 from package 00002640.upk
Loading Texture2D CubemapFace4 from package 00002640.upk
Loading Texture2D CubemapFace5 from package 00002640.upk
Loading Texture2D check_n from package 00002620.upk
Loading Texture2D Noise_Glass_000 from package 00012963.upk
Loading Texture2D Smoke_Pattern_001 from package 00012963.upk
Loading Texture2D Gradient_Wipe_BurnOut_Mask_TEST from package 00012963.upk
Loading Texture2D Gradient_Wipe_BurnOut_Mask from package 00012963.upk
Loading Texture2D check from package 00002620.upk
Loading Texture2D Gradient_Line_003 from package 00012963.upk
Loaded in 0.13 sec, 3163 allocs, 2.05 MBytes serialized in 421987 calls.

Object info:
============
ClassName: SkeletalMesh3 ObjectName: UnbalanceZombie

    LODInfo[1] =
    {
        LODInfo[0] =
        {
            DisplayFactor = 0
            LODHysteresis = 0.02
            LODMaterialMap[0] = {}
            bEnableShadowCasting[2] = { true, true }
        }
    }
    Sockets[18] =
    {
        Sockets[0] = SkeletalMeshSocket'UnbalanceZombie.SkeletalMeshSocket_0'
        Sockets[1] = SkeletalMeshSocket'UnbalanceZombie.SkeletalMeshSocket_1'
        Sockets[2] = SkeletalMeshSocket'UnbalanceZombie.SkeletalMeshSocket_2'
        Sockets[3] = SkeletalMeshSocket'UnbalanceZombie.SkeletalMeshSocket_3'
        Sockets[4] = SkeletalMeshSocket'UnbalanceZombie.SkeletalMeshSocket_4'
        Sockets[5] = SkeletalMeshSocket'UnbalanceZombie.SkeletalMeshSocket_5'
        Sockets[6] = SkeletalMeshSocket'UnbalanceZombie.SkeletalMeshSocket_6'
        Sockets[7] = SkeletalMeshSocket'UnbalanceZombie.SkeletalMeshSocket_7'
        Sockets[8] = SkeletalMeshSocket'UnbalanceZombie.SkeletalMeshSocket_198'
        Sockets[9] = SkeletalMeshSocket'UnbalanceZombie.SkeletalMeshSocket_199'
        Sockets[10] = SkeletalMeshSocket'UnbalanceZombie.SkeletalMeshSocket_201'
        Sockets[11] = SkeletalMeshSocket'UnbalanceZombie.SkeletalMeshSocket_202'
        Sockets[12] = SkeletalMeshSocket'UnbalanceZombie.SkeletalMeshSocket_143'
        Sockets[13] = SkeletalMeshSocket'UnbalanceZombie.SkeletalMeshSocket_167'
        Sockets[14] = SkeletalMeshSocket'UnbalanceZombie.SkeletalMeshSocket_74'
        Sockets[15] = SkeletalMeshSocket'UnbalanceZombie.SkeletalMeshSocket_75'
        Sockets[16] = SkeletalMeshSocket'UnbalanceZombie.SkeletalMeshSocket_76'
        Sockets[17] = SkeletalMeshSocket'UnbalanceZombie.SkeletalMeshSocket_106'
    }
    bHasVertexColors = false
    EnableTwistBoneFixers = true
    EnableClavicleFixer = true
    Materials[1] = { MaterialInstanceConstant'col1' }


    Lods[1] =
    {
        Lods[0] =
        {
            Sections[2] =
            {
                Sections[0] = { Material=MaterialInstanceConstant'col1', FirstIndex=0, NumFaces=8312 }
                Sections[1] = { Material=MaterialInstanceConstant'col1', FirstIndex=24936, NumFaces=541 }
            }
            NumVerts = 7010
            IndexCount = 26559
            NumTexCoords = 1
        }
    }
    LodCount = 1
    MeshOrigin = { X=-0, Y=-0, Z=-0 }
    MeshScale = { X=1, Y=1, Z=1 }
    RotOrigin = { Yaw=0, Pitch=0, Roll=0 }
    BoneCount = 105

Object info:
============
ClassName: SkeletalMeshSocket ObjectName: SkeletalMeshSocket_0

    SocketName = WeaponR
    BoneName = WeaponR
    RelativeLocation = { X=0, Y=0, Z=43.8157 }
    RelativeRotation = { Yaw=0, Pitch=0, Roll=0 }
    RelativeScale = { X=1, Y=1, Z=1 }

Object info:
============
ClassName: SkeletalMeshSocket ObjectName: SkeletalMeshSocket_1

    SocketName = Death_Particle_ash
    BoneName = Bip01Pelvis
    RelativeLocation = { X=-29.736, Y=0, Z=0 }
    RelativeRotation = { Yaw=0, Pitch=-16384, Roll=0 }
    RelativeScale = { X=1, Y=1, Z=1 }

Object info:
============
ClassName: SkeletalMeshSocket ObjectName: SkeletalMeshSocket_106

    SocketName = Dead
    BoneName = Bip01Spine1
    RelativeLocation = { X=29.3496, Y=-28.6011, Z=-1.79012e-016 }
    RelativeRotation = { Yaw=7281, Pitch=0, Roll=-16384 }
    RelativeScale = { X=1, Y=1, Z=1 }

Object info:
============
ClassName: SkeletalMeshSocket ObjectName: SkeletalMeshSocket_143

    SocketName = Decap_Socket
    BoneName = Bip01Neck
    RelativeLocation = { X=12.9767, Y=11.1625, Z=0 }
    RelativeRotation = { Yaw=0, Pitch=0, Roll=0 }
    RelativeScale = { X=1, Y=1, Z=1 }

Object info:
============
ClassName: SkeletalMeshSocket ObjectName: SkeletalMeshSocket_167

    SocketName = Catch_Back
    BoneName = Bip01Spine2
    RelativeLocation = { X=5.5819, Y=34.1587, Z=0 }
    RelativeRotation = { Yaw=0, Pitch=0, Roll=0 }
    RelativeScale = { X=1, Y=1, Z=1 }

Object info:
============
ClassName: SkeletalMeshSocket ObjectName: SkeletalMeshSocket_198

    SocketName = target_high
    BoneName = Bip01Head
    RelativeLocation = { X=0, Y=0, Z=0 }
    RelativeRotation = { Yaw=0, Pitch=0, Roll=0 }
    RelativeScale = { X=1, Y=1, Z=1 }

Object info:
============
ClassName: SkeletalMeshSocket ObjectName: SkeletalMeshSocket_199

    SocketName = ATTACH_EFFECT
    BoneName = Bip01
    RelativeLocation = { X=10.1418, Y=0, Z=0 }
    RelativeRotation = { Yaw=0, Pitch=0, Roll=0 }
    RelativeScale = { X=1, Y=1, Z=1 }

Object info:
============
ClassName: SkeletalMeshSocket ObjectName: SkeletalMeshSocket_2

    SocketName = Death_ga_1
    BoneName = Bone_Fresh13
    RelativeLocation = { X=-41.8781, Y=-23.8919, Z=15.8139 }
    RelativeRotation = { Yaw=0, Pitch=0, Roll=0 }
    RelativeScale = { X=1, Y=1, Z=1 }

Object info:
============
ClassName: SkeletalMeshSocket ObjectName: SkeletalMeshSocket_201

    SocketName = socket_force
    BoneName = Root
    RelativeLocation = { X=100.773, Y=65, Z=22 }
    RelativeRotation = { Yaw=0, Pitch=0, Roll=0 }
    RelativeScale = { X=1, Y=1, Z=1 }

Object info:
============
ClassName: SkeletalMeshSocket ObjectName: SkeletalMeshSocket_202

    SocketName = Catch_Neck
    BoneName = Bip01Neck
    RelativeLocation = { X=10.9497, Y=0, Z=0 }
    RelativeRotation = { Yaw=0, Pitch=0, Roll=0 }
    RelativeScale = { X=1, Y=1, Z=1 }

Object info:
============
ClassName: SkeletalMeshSocket ObjectName: SkeletalMeshSocket_3

    SocketName = Death_ga_2
    BoneName = Bone_Fresh11
    RelativeLocation = { X=-26.4666, Y=0, Z=0 }
    RelativeRotation = { Yaw=0, Pitch=0, Roll=0 }
    RelativeScale = { X=1, Y=1, Z=1 }

Object info:
============
ClassName: SkeletalMeshSocket ObjectName: SkeletalMeshSocket_4

    SocketName = Death_ga_3
    BoneName = Bone_Fresh17
    RelativeLocation = { X=0, Y=0, Z=0 }
    RelativeRotation = { Yaw=0, Pitch=0, Roll=0 }
    RelativeScale = { X=1, Y=1, Z=1 }

Object info:
============
ClassName: SkeletalMeshSocket ObjectName: SkeletalMeshSocket_5

    SocketName = Death_ga_4
    BoneName = Bone_Fresh15
    RelativeLocation = { X=-38.0061, Y=0, Z=0 }
    RelativeRotation = { Yaw=0, Pitch=0, Roll=0 }
    RelativeScale = { X=1, Y=1, Z=1 }

Object info:
============
ClassName: SkeletalMeshSocket ObjectName: SkeletalMeshSocket_6

    SocketName = Death_ga_5
    BoneName = Bone_Fresh12
    RelativeLocation = { X=0, Y=0, Z=0 }
    RelativeRotation = { Yaw=0, Pitch=0, Roll=0 }
    RelativeScale = { X=1, Y=1, Z=1 }

Object info:
============
ClassName: SkeletalMeshSocket ObjectName: SkeletalMeshSocket_7

    SocketName = Dead_point
    BoneName = Root
    RelativeLocation = { X=-177.894, Y=0, Z=0 }
    RelativeRotation = { Yaw=0, Pitch=0, Roll=0 }
    RelativeScale = { X=1, Y=1, Z=1 }

Object info:
============
ClassName: SkeletalMeshSocket ObjectName: SkeletalMeshSocket_74

    SocketName = Mount_Ambar_Socket
    BoneName = Bip01LClavicle
    RelativeLocation = { X=15.4862, Y=-17.8753, Z=-23.1519 }
    RelativeRotation = { Yaw=-285, Pitch=9970, Roll=22850 }
    RelativeScale = { X=1, Y=1, Z=1 }

Object info:
============
ClassName: SkeletalMeshSocket ObjectName: SkeletalMeshSocket_75

    SocketName = Mount_Choke_Socket
    BoneName = Root
    RelativeLocation = { X=28.1481, Y=-8.99417, Z=87.5 }
    RelativeRotation = { Yaw=32768, Pitch=0, Roll=0 }
    RelativeScale = { X=1, Y=1, Z=1 }

Object info:
============
ClassName: SkeletalMeshSocket ObjectName: SkeletalMeshSocket_76

    SocketName = Mount_Socket
    BoneName = Bip01Spine2
    RelativeLocation = { X=3.16058, Y=-35.6537, Z=7.02613 }
    RelativeRotation = { Yaw=2548, Pitch=0, Roll=-14563 }
    RelativeScale = { X=1, Y=1, Z=1 }
