Found 21974 game files (0 skipped)
Loading package: 00006848.upk Ver: 573/1 Engine: 4205 Names: 59 Exports: 6 Imports: 11 Game: 801A
Loading AnimSet ArrowANim from package 00006848.upk
WARNING: BoolProperty "UAnimSet::bServiced" was not found
WARNING: ArrayProperty "UAnimSet::AdjustAniScaleBoneNames" was not found
Loading AnimSequence AnimSequence_2 from package 00006848.upk
WARNING: BoolProperty "UAnimSequence::bServiced" was not found
Loading SkeletalMesh3 990045 from package 00006848.upk
Loading package: 00006843.upk Ver: 573/1 Engine: 4205 Names: 173 Exports: 142 Imports: 50 Game: 801A
Loading SkeletalMesh3 990045_Arrow from package 00006848.upk
Loading StaticMesh3 Arrow_Static_MeshMesh from package 00006848.upk
Loading package: 00012892.upk Ver: 573/1 Engine: 4205 Names: 935 Exports: 4882 Imports: 265 Game: 801A
Loading MaterialInstanceConstant col1 from package 00006843.upk
Loading package: 00006837.upk Ver: 573/1 Engine: 4205 Names: 37 Exports: 8 Imports: 2 Game: 801A
Loading package: 00002620.upk Ver: 573/1 Engine: 4205 Names: 560 Exports: 6612 Imports: 96 Game: 801A
Loading package: 00002640.upk Ver: 573/1 Engine: 4205 Names: 340 Exports: 556 Imports: 5 Game: 801A
Loading package: 00012963.upk Ver: 573/1 Engine: 4205 Names: 1236 Exports: 1211 Imports: 10 Game: 801A
Loading Material3 001_Mesh_Default_MatM from package 00012892.upk
WARNING: BoolProperty "UMaterial3::bAcceptRenderDecal" was not found
Loading Texture2D Normal from package 00006837.upk
Loading Texture2D check from package 00002620.upk
Loading Texture2D diffuse_c1 from package 00006837.upk
Loading Texture2D specular_c1 from package 00006837.upk
Loading TextureCube Cube_D from package 00002640.upk
Loading Texture2D Smoke_Pattern_001 from package 00012963.upk
Loading Texture2D FX_Line from package 00006837.upk
Loading Material3 Basic_ArrowCol1 from package 00006843.upk
Loading package: 00005993.upk Ver: 573/1 Engine: 4205 Names: 32 Exports: 5 Imports: 2 Game: 801A
Loading Texture2D Cube000_Tex from package 00012892.upk
Loading Texture2D CubemapFace0 from package 00002640.upk
Loading Texture2D CubemapFace1 from package 00002640.upk
Loading Texture2D CubemapFace2 from package 00002640.upk
Loading Texture2D CubemapFace3 from package 00002640.upk
Loading Texture2D CubemapFace4 from package 00002640.upk
Loading Texture2D CubemapFace5 from package 00002640.upk
Loading Texture2D check_n from package 00002620.upk
Loading Texture2D BelliedWaterFrog_FX_Line from package 00005993.upk
Loading Texture2D Gradient_Line_003 from package 00012963.upk
Loading Texture2D Gradient_Wipe_BurnOut_Mask_TEST from package 00012963.upk
Loading Texture2D Gradient_Wipe_BurnOut_Mask from package 00012963.upk
Error: Command failed: ******** 00006848 ********
*** unknown member ACF_ZOnlyRLE of enum AnimationCompressionFormat
*** ERROR: Unknown rotation compression method: 255
UAnimSet::ConvertAnims <- PostLoad:ArrowANim <- UObject::EndLoad <- LoadWholePackage:00006848 <- Main


    at ChildProcess.exithandler (child_process.js:637:15)
    at ChildProcess.EventEmitter.emit (events.js:98:17)
    at maybeClose (child_process.js:743:16)
    at Process.ChildProcess._handle.onexit (child_process.js:810:5)