Found 18875 game files (36 skipped)
Loading package: 00007540.upk Ver: 573/1 Engine: 4205 Names: 85 Exports: 19 Imports: 12 Game: 801A
Loading SkeletalMesh3 KwimoonChargeSpear from package 00007540.upk
WARNING: FloatProperty "USkeletalMesh3::AnimNameHeight" was not found
WARNING: FloatProperty "USkeletalMesh3::NormalNameHeight" was not found
WARNING: FloatProperty "USkeletalMesh3::LowNameHeight" was not found
Loaded in 0.006 sec, 129 allocs, 0.18 MBytes serialized in 53645 calls.

Object info:
============
ClassName: SkeletalMesh3 ObjectName: KwimoonChargeSpear

    LODInfo[1] =
    {
        LODInfo[0] =
        {
            DisplayFactor = 0
            LODHysteresis = 0.02
            LODMaterialMap[0] = {}
            bEnableShadowCasting[1] = { true }
        }
    }
    Sockets[0] = {}
    bHasVertexColors = false
    EnableTwistBoneFixers = true
    EnableClavicleFixer = true
    Materials[1] = { None }


    Lods[1] =
    {
        Lods[0] =
        {
            Sections[1] =
            {
                Sections[0] = { Material=None, FirstIndex=0, NumFaces=2008 }
            }
            NumVerts = 1678
            IndexCount = 6024
            NumTexCoords = 1
        }
    }
    LodCount = 1
    MeshOrigin = { X=-0, Y=-0, Z=1.5 }
    MeshScale = { X=1, Y=1, Z=1 }
    RotOrigin = { Yaw=0, Pitch=0, Roll=0 }
    BoneCount = 6
