Found 21310 game files (132 skipped)
Loading package: 00008445.upk Ver: 573/1 Engine: 4205 Names: 90 Exports: 4 Imports: 20 Game: 801A
Loading MaterialInstanceConstant col1 from package 00008445.upk
Loading package: 00008444.upk Ver: 573/1 Engine: 4205 Names: 37 Exports: 8 Imports: 4 Game: 801A
Loading package: 00002620.upk Ver: 573/1 Engine: 4205 Names: 560 Exports: 6612 Imports: 96 Game: 801A
Loading MaterialInstanceConstant Fur_Ac from package 00008445.upk
Loading Texture2D 65014_N from package 00008444.upk
Loading Texture2D 65014_M from package 00008444.upk
Loading Texture2D 65014_D from package 00008444.upk
Loading Texture2D 65014_S from package 00008444.upk
Loading Material3 Body from package 00002620.upk
Loading package: 00012963.upk Ver: 573/1 Engine: 4205 Names: 1234 Exports: 1209 Imports: 10 Game: 801A
Loading Material3 Fur_Ac from package 00002620.upk
Loading Texture2D check_n from package 00002620.upk
Loading Texture2D Noise_Glass_000 from package 00012963.upk
Loading Texture2D Smoke_Pattern_001 from package 00012963.upk
Loading Texture2D Gradient_Wipe_BurnOut_Mask_TEST from package 00012963.upk
Loading Texture2D Gradient_Wipe_BurnOut_Mask from package 00012963.upk
Loading Texture2D check from package 00002620.upk
Loading Texture2D Gradient_Line_003 from package 00012963.upk
Loaded in 0.091 sec, 2271 allocs, 1.43 MBytes serialized in 150565 calls.

Object info:
============
ClassName: MaterialInstanceConstant ObjectName: col1

    ScalarParameterValues[4] =
    {
        ScalarParameterValues[0] = { ParameterName=Skin_glossiness, ParameterValue=80 }
        ScalarParameterValues[1] = { ParameterName=Wear_glossiness1, ParameterValue=2 }
        ScalarParameterValues[2] = { ParameterName=Wear_glossiness2, ParameterValue=15 }
        ScalarParameterValues[3] = { ParameterName=Skin_Spec_value, ParameterValue=2 }
    }
    TextureParameterValues[4] =
    {
        TextureParameterValues[0] = { ParameterName=Body_normal, ParameterValue=Texture2D'65014_N' }
        TextureParameterValues[1] = { ParameterName=Body_mask_RGB, ParameterValue=Texture2D'65014_M' }
        TextureParameterValues[2] = { ParameterName=Body_diffuse, ParameterValue=Texture2D'65014_D' }
        TextureParameterValues[3] = { ParameterName=Body_specular, ParameterValue=Texture2D'65014_S' }
    }
    VectorParameterValues[0] = {}
    Parent = Material3'Body'
    FlattenedTexture = None
    MobileBaseTexture = None
    MobileNormalTexture = None
    bUseMobileSpecular = false
    MobileSpecularPower = 16
    MobileSpecularMask = MSM_Constant (0)
    MobileMaskTexture = None

Object info:
============
ClassName: MaterialInstanceConstant ObjectName: Fur_Ac

    ScalarParameterValues[7] =
    {
        ScalarParameterValues[0] = { ParameterName=Spec_value, ParameterValue=0.6 }
        ScalarParameterValues[1] = { ParameterName=LimLight_value, ParameterValue=15 }
        ScalarParameterValues[2] = { ParameterName=LimLight_exp, ParameterValue=4.5 }
        ScalarParameterValues[3] = { ParameterName=long, ParameterValue=1 }
        ScalarParameterValues[4] = { ParameterName=Glossiness1, ParameterValue=2 }
        ScalarParameterValues[5] = { ParameterName=Glossiness2, ParameterValue=40 }
        ScalarParameterValues[6] = { ParameterName=Emissive_value, ParameterValue=1 }
    }
    TextureParameterValues[4] =
    {
        TextureParameterValues[0] = { ParameterName=Normal, ParameterValue=Texture2D'65014_N' }
        TextureParameterValues[1] = { ParameterName=Mask_GB, ParameterValue=Texture2D'65014_M' }
        TextureParameterValues[2] = { ParameterName=Specular, ParameterValue=Texture2D'65014_S' }
        TextureParameterValues[3] = { ParameterName=Diffuse, ParameterValue=Texture2D'65014_D' }
    }
    VectorParameterValues[0] = {}
    Parent = Material3'Fur_Ac'
    FlattenedTexture = None
    MobileBaseTexture = None
    MobileNormalTexture = None
    bUseMobileSpecular = false
    MobileSpecularPower = 16
    MobileSpecularMask = MSM_Constant (0)
    MobileMaskTexture = None
