Found 21974 game files (0 skipped)
Loading package: 00008067.upk Ver: 573/1 Engine: 4205 Names: 78 Exports: 1 Imports: 19 Game: 801A
Loading MaterialInstanceConstant col1 from package 00008067.upk
Loading package: 00008066.upk Ver: 573/1 Engine: 4205 Names: 31 Exports: 12 Imports: 2 Game: 801A
Loading package: 00002640.upk Ver: 573/1 Engine: 4205 Names: 340 Exports: 556 Imports: 5 Game: 801A
Loading package: 00002620.upk Ver: 573/1 Engine: 4205 Names: 560 Exports: 6612 Imports: 96 Game: 801A
Loading Texture2D N from package 00008066.upk
Loading Texture2D M from package 00008066.upk
Loading Texture2D D_1 from package 00008066.upk
Loading Texture2D S_1 from package 00008066.upk
Loading Texture2D eye_s_FR from package 00002640.upk
Loading Material3 Basic from package 00002620.upk
Loading package: 00012963.upk Ver: 573/1 Engine: 4205 Names: 1236 Exports: 1211 Imports: 10 Game: 801A
Loading Texture2D check_n from package 00002620.upk
Loading Texture2D check from package 00002620.upk
Loading Texture2D Smoke_Pattern_001 from package 00012963.upk
Loading Texture2D Gradient_Line_003 from package 00012963.upk
Loading Texture2D Gradient_Wipe_BurnOut_Mask_TEST from package 00012963.upk
Loading Texture2D Gradient_Wipe_BurnOut_Mask from package 00012963.upk
Loaded in 0.097 sec, 2583 allocs, 1.04 MBytes serialized in 161106 calls.

Object info:
============
ClassName: MaterialInstanceConstant ObjectName: col1

    ScalarParameterValues[2] =
    {
        ScalarParameterValues[0] = { ParameterName=Glossiness1, ParameterValue=0 }
        ScalarParameterValues[1] = { ParameterName=Specular_value, ParameterValue=1 }
    }
    TextureParameterValues[5] =
    {
        TextureParameterValues[0] = { ParameterName=Normal, ParameterValue=Texture2D'N' }
        TextureParameterValues[1] = { ParameterName=Mask_GB, ParameterValue=Texture2D'M' }
        TextureParameterValues[2] = { ParameterName=Diffuse, ParameterValue=Texture2D'D_1' }
        TextureParameterValues[3] = { ParameterName=Specular, ParameterValue=Texture2D'S_1' }
        TextureParameterValues[4] = { ParameterName=rf_cube, ParameterValue=Texture2D'eye_s_FR' }
    }
    VectorParameterValues[0] = {}
    Parent = Material3'Basic'
    FlattenedTexture = None
    MobileBaseTexture = None
    MobileNormalTexture = None
    bUseMobileSpecular = false
    MobileSpecularPower = 16
    MobileSpecularMask = MSM_Constant (0)
    MobileMaskTexture = None
