Found 21310 game files (132 skipped)
Loading package: 00009238.upk Ver: 573/1 Engine: 4205 Names: 86 Exports: 2 Imports: 23 Game: 801A
Loading MaterialInstanceConstant col1 from package 00009238.upk
Loading package: 00009237.upk Ver: 573/1 Engine: 4205 Names: 37 Exports: 8 Imports: 4 Game: 801A
Loading package: 00002640.upk Ver: 573/1 Engine: 4205 Names: 340 Exports: 556 Imports: 5 Game: 801A
Loading package: 00002620.upk Ver: 573/1 Engine: 4205 Names: 560 Exports: 6612 Imports: 96 Game: 801A
Loading Texture2D 040014_JinF_col1_D from package 00009237.upk
Loading Texture2D 040014_JinF_col1_S from package 00009237.upk
Loading Texture2D 040014_JinF_col1_N from package 00009237.upk
Loading Texture2D 040014_JinF_col1_M from package 00009237.upk
Loading TextureCube cube_orb from package 00002640.upk
Loading Texture2D check from package 00002620.upk
Loading Material3 Hair_Ac from package 00002620.upk
Loading package: 00012963.upk Ver: 573/1 Engine: 4205 Names: 1234 Exports: 1209 Imports: 10 Game: 801A
Loading Texture2D CubemapFace0 from package 00002640.upk
Loading Texture2D CubemapFace1 from package 00002640.upk
Loading Texture2D CubemapFace2 from package 00002640.upk
Loading Texture2D CubemapFace3 from package 00002640.upk
Loading Texture2D CubemapFace4 from package 00002640.upk
Loading Texture2D CubemapFace5 from package 00002640.upk
Loading Texture2D check_n from package 00002620.upk
Loading Texture2D Noise_Glass_000 from package 00012963.upk
Loading Texture2D Smoke_Pattern_000 from package 00012963.upk
Loading Texture2D Smoke_Pattern_001 from package 00012963.upk
Loading Texture2D Gradient_Wipe_BurnOut_Mask_TEST from package 00012963.upk
Loading Texture2D Gradient_Wipe_BurnOut_Mask from package 00012963.upk
Loading Texture2D Gradient_Line_003 from package 00012963.upk
Loaded in 0.14 sec, 2792 allocs, 1.20 MBytes serialized in 162807 calls.

Object info:
============
ClassName: MaterialInstanceConstant ObjectName: col1

    ScalarParameterValues[8] =
    {
        ScalarParameterValues[0] = { ParameterName=Ac_Glossiness, ParameterValue=20 }
        ScalarParameterValues[1] = { ParameterName=Hair_Glossiness, ParameterValue=5 }
        ScalarParameterValues[2] = { ParameterName=Emissive_value, ParameterValue=2 }
        ScalarParameterValues[3] = { ParameterName=Transmission_value, ParameterValue=3 }
        ScalarParameterValues[4] = { ParameterName=Ac_Glossiness2, ParameterValue=50 }
        ScalarParameterValues[5] = { ParameterName=Acc_Spec_Value, ParameterValue=1.5 }
        ScalarParameterValues[6] = { ParameterName=HighLight_glossiness, ParameterValue=100 }
        ScalarParameterValues[7] = { ParameterName=HighLight_Value, ParameterValue=5 }
    }
    TextureParameterValues[6] =
    {
        TextureParameterValues[0] = { ParameterName=Hair_Diffuse, ParameterValue=Texture2D'040014_JinF_col1_D' }
        TextureParameterValues[1] = { ParameterName=Hair_Specular, ParameterValue=Texture2D'040014_JinF_col1_S' }
        TextureParameterValues[2] = { ParameterName=Hair_normal, ParameterValue=Texture2D'040014_JinF_col1_N' }
        TextureParameterValues[3] = { ParameterName=Hair_Mask_RGB, ParameterValue=Texture2D'040014_JinF_col1_M' }
        TextureParameterValues[4] = { ParameterName=rf_cube, ParameterValue=TextureCube'cube_orb' }
        TextureParameterValues[5] = { ParameterName=Emissive, ParameterValue=Texture2D'check' }
    }
    VectorParameterValues[8] =
    {
        VectorParameterValues[0] =
        {
            ParameterName = Reflection_value
            ParameterValue = { R=2, G=2, B=2, A=1 }
        }
        VectorParameterValues[1] =
        {
            ParameterName = hair_color_S
            ParameterValue = { R=0.579547, G=0.547994, B=0.190463, A=1 }
        }
        VectorParameterValues[2] =
        {
            ParameterName = hair_color_L
            ParameterValue = { R=0.280124, G=0.176774, B=0.113921, A=1 }
        }
        VectorParameterValues[3] =
        {
            ParameterName = hair_color_D
            ParameterValue = { R=0.154152, G=0.063815, B=0.038473, A=1 }
        }
        VectorParameterValues[4] =
        {
            ParameterName = Fresnel_color
            ParameterValue = { R=0, G=0, B=0, A=1 }
        }
        VectorParameterValues[5] =
        {
            ParameterName = Fresnel_Power
            ParameterValue = { R=0, G=0, B=0, A=1 }
        }
        VectorParameterValues[6] =
        {
            ParameterName = Mesh_trangition
            ParameterValue = { R=0, G=0, B=0, A=1 }
        }
        VectorParameterValues[7] =
        {
            ParameterName = HighLight_Color
            ParameterValue = { R=1, G=1, B=1, A=1 }
        }
    }
    Parent = Material3'Hair_Ac'
    FlattenedTexture = None
    MobileBaseTexture = None
    MobileNormalTexture = None
    bUseMobileSpecular = false
    MobileSpecularPower = 16
    MobileSpecularMask = MSM_Constant (0)
    MobileMaskTexture = None
