Found 21975 game files (132 skipped)
Loading package: 00009067.upk Ver: 573/1 Engine: 4205 Names: 54 Exports: 1 Imports: 17 Game: 801A
Loading MaterialInstanceConstant col1 from package 00009067.upk
Loading package: 00008702.upk Ver: 573/1 Engine: 4205 Names: 32 Exports: 4 Imports: 2 Game: 801A
Loading package: 00002640.upk Ver: 573/1 Engine: 4205 Names: 340 Exports: 556 Imports: 5 Game: 801A
Loading package: 00002620.upk Ver: 573/1 Engine: 4205 Names: 560 Exports: 6612 Imports: 96 Game: 801A
Loading Texture2D N from package 00008702.upk
Loading Texture2D D from package 00008702.upk
Loading Texture2D S from package 00008702.upk
Loading Texture2D M from package 00008702.upk
Loading TextureCube ring from package 00002640.upk
Loading Material3 hair_Ring from package 00002620.upk
Loading package: 00012963.upk Ver: 573/1 Engine: 4205 Names: 1236 Exports: 1211 Imports: 10 Game: 801A
Loading Texture2D CubemapFace0 from package 00002640.upk
Loading Texture2D CubemapFace1 from package 00002640.upk
Loading Texture2D CubemapFace2 from package 00002640.upk
Loading Texture2D CubemapFace3 from package 00002640.upk
Loading Texture2D CubemapFace4 from package 00002640.upk
Loading Texture2D CubemapFace5 from package 00002640.upk
Loading Texture2D check_n from package 00002620.upk
Loading Texture2D Smoke_Pattern_001 from package 00012963.upk
Loading Texture2D Gradient_Wipe_BurnOut_Mask_TEST from package 00012963.upk
Loading Texture2D Gradient_Wipe_BurnOut_Mask from package 00012963.upk
Loading Texture2D check from package 00002620.upk
Loading Texture2D Gradient_Line_003 from package 00012963.upk
Loaded in 0.1 sec, 2684 allocs, 0.93 MBytes serialized in 161862 calls.

Object info:
============
ClassName: MaterialInstanceConstant ObjectName: col1

    ScalarParameterValues[3] =
    {
        ScalarParameterValues[0] = { ParameterName=Hair_Glossiness, ParameterValue=4 }
        ScalarParameterValues[1] = { ParameterName=high_Specular, ParameterValue=0.2 }
        ScalarParameterValues[2] = { ParameterName=SpecularRing, ParameterValue=1 }
    }
    TextureParameterValues[5] =
    {
        TextureParameterValues[0] = { ParameterName=Hair_normal, ParameterValue=Texture2D'N' }
        TextureParameterValues[1] = { ParameterName=Hair_Diffuse, ParameterValue=Texture2D'D' }
        TextureParameterValues[2] = { ParameterName=Hair_Specular, ParameterValue=Texture2D'S' }
        TextureParameterValues[3] = { ParameterName=Hair_Mask_R, ParameterValue=Texture2D'M' }
        TextureParameterValues[4] = { ParameterName=hair_SpecularRing, ParameterValue=TextureCube'ring' }
    }
    VectorParameterValues[3] =
    {
        VectorParameterValues[0] =
        {
            ParameterName = hair_color_S
            ParameterValue = { R=0.242796, G=0.173439, B=0.111299, A=1 }
        }
        VectorParameterValues[1] =
        {
            ParameterName = hair_color_L
            ParameterValue = { R=0.051122, G=0.089194, B=0.12753, A=1 }
        }
        VectorParameterValues[2] =
        {
            ParameterName = hair_color_D
            ParameterValue = { R=0.013473, G=0.019918, B=0.037029, A=1 }
        }
    }
    Parent = Material3'hair_Ring'
    FlattenedTexture = None
    MobileBaseTexture = None
    MobileNormalTexture = None
    bUseMobileSpecular = false
    MobileSpecularPower = 16
    MobileSpecularMask = MSM_Constant (0)
    MobileMaskTexture = None
