Found 21975 game files (132 skipped)
Loading package: 00008413.upk Ver: 573/1 Engine: 4205 Names: 81 Exports: 1 Imports: 19 Game: 801A
Loading MaterialInstanceConstant col1 from package 00008413.upk
Loading package: 00008412.upk Ver: 573/1 Engine: 4205 Names: 32 Exports: 4 Imports: 2 Game: 801A
Loading package: 00002640.upk Ver: 573/1 Engine: 4205 Names: 340 Exports: 556 Imports: 5 Game: 801A
Loading package: 00002620.upk Ver: 573/1 Engine: 4205 Names: 560 Exports: 6612 Imports: 96 Game: 801A
Loading Texture2D wp_n from package 00008412.upk
Loading Texture2D Wp_mk from package 00008412.upk
Loading Texture2D Wp_df from package 00008412.upk
Loading Texture2D Wp_sc from package 00008412.upk
Loading TextureCube mirror2 from package 00002640.upk
Loading Material3 Basic from package 00002620.upk
Loading package: 00012963.upk Ver: 573/1 Engine: 4205 Names: 1236 Exports: 1211 Imports: 10 Game: 801A
Loading Texture2D CubemapFace0 from package 00002640.upk
Loading Texture2D CubemapFace1 from package 00002640.upk
Loading Texture2D CubemapFace2 from package 00002640.upk
Loading Texture2D CubemapFace3 from package 00002640.upk
Loading Texture2D CubemapFace4 from package 00002640.upk
Loading Texture2D CubemapFace5 from package 00002640.upk
Loading Texture2D check_n from package 00002620.upk
Loading Texture2D check from package 00002620.upk
Loading Texture2D Smoke_Pattern_001 from package 00012963.upk
Loading Texture2D Gradient_Line_003 from package 00012963.upk
Loading Texture2D Gradient_Wipe_BurnOut_Mask_TEST from package 00012963.upk
Loading Texture2D Gradient_Wipe_BurnOut_Mask from package 00012963.upk
Loaded in 0.11 sec, 2720 allocs, 0.87 MBytes serialized in 161923 calls.

Object info:
============
ClassName: MaterialInstanceConstant ObjectName: col1

    ScalarParameterValues[3] =
    {
        ScalarParameterValues[0] = { ParameterName=Glossiness1, ParameterValue=4.5 }
        ScalarParameterValues[1] = { ParameterName=Glossiness2, ParameterValue=150 }
        ScalarParameterValues[2] = { ParameterName=Specular_value, ParameterValue=3 }
    }
    TextureParameterValues[5] =
    {
        TextureParameterValues[0] = { ParameterName=Normal, ParameterValue=Texture2D'wp_n' }
        TextureParameterValues[1] = { ParameterName=Mask_GB, ParameterValue=Texture2D'Wp_mk' }
        TextureParameterValues[2] = { ParameterName=Diffuse, ParameterValue=Texture2D'Wp_df' }
        TextureParameterValues[3] = { ParameterName=Specular, ParameterValue=Texture2D'Wp_sc' }
        TextureParameterValues[4] = { ParameterName=rf_cube, ParameterValue=TextureCube'mirror2' }
    }
    VectorParameterValues[1] =
    {
        VectorParameterValues[0] =
        {
            ParameterName = Reflection_value
            ParameterValue = { R=0.091518, G=0.101145, B=0.136099, A=1 }
        }
    }
    Parent = Material3'Basic'
    FlattenedTexture = None
    MobileBaseTexture = None
    MobileNormalTexture = None
    bUseMobileSpecular = false
    MobileSpecularPower = 16
    MobileSpecularMask = MSM_Constant (0)
    MobileMaskTexture = None
