Found 27000 game files (27 skipped)
Loading package: 00003457.upk Ver: 573/1 Engine: 4205 Names: 54 Exports: 3 Imports: 18 Game: 801A
Loading MaterialInstanceConstant col1 from package 00003457.upk
Loading package: 00003456.upk Ver: 573/1 Engine: 4205 Names: 31 Exports: 3 Imports: 4 Game: 801A
Loading package: 00002620.upk Ver: 573/1 Engine: 4205 Names: 560 Exports: 6612 Imports: 96 Game: 801A
Loading Texture2D GonM_005_col1_d from package 00003456.upk
Loading Texture2D GonM_005_col1_n from package 00003456.upk
WARNING: BoolProperty "UTexture2D::bDisableLoadSwitch" was not found
Loading Material3 Beard_Ac from package 00002620.upk
Loading package: 00012963.upk Ver: 573/1 Engine: 4205 Names: 1264 Exports: 1240 Imports: 10 Game: 801A
Loading package: 00008613.upk Ver: 573/1 Engine: 4205 Names: 95 Exports: 6 Imports: 12 Game: 801A
Loading Texture2D check_n from package 00002620.upk
Loading Texture2D Noise_Glass_000 from package 00012963.upk
Loading Texture2D Smoke_Pattern_001 from package 00012963.upk
Loading Texture2D Gradient_Wipe_BurnOut_Mask_TEST from package 00012963.upk
Loading Texture2D Gradient_Wipe_BurnOut_Mask from package 00012963.upk
Loading Texture2D check from package 00002620.upk
Loading Texture2D Gradient_Line_003 from package 00012963.upk
Loading Texture2D Nothing_A from package 00008613.upk
Loaded in 0.056 sec, 2302 allocs, 1.09 MBytes serialized in 150918 calls.

Object info:
============
ClassName: MaterialInstanceConstant ObjectName: col1

    ScalarParameterValues[2] =
    {
        ScalarParameterValues[0] = { ParameterName=Ac_Glossiness, ParameterValue=6 }
        ScalarParameterValues[1] = { ParameterName=Hair_Glossiness, ParameterValue=5 }
    }
    TextureParameterValues[2] =
    {
        TextureParameterValues[0] = { ParameterName=Hair_Diffuse, ParameterValue=Texture2D'GonM_005_col1_d' }
        TextureParameterValues[1] = { ParameterName=Hair_normal, ParameterValue=Texture2D'GonM_005_col1_n' }
    }
    VectorParameterValues[9] =
    {
        VectorParameterValues[0] =
        {
            ParameterName = hair_color_S
            ParameterValue = { R=0.899385, G=0.796917, B=0.353741, A=1 }
        }
        VectorParameterValues[1] =
        {
            ParameterName = hair_color_L
            ParameterValue = { R=0.420508, G=0.297653, B=0.163641, A=1 }
        }
        VectorParameterValues[2] =
        {
            ParameterName = hair_color_D
            ParameterValue = { R=0.103634, G=0.080219, B=0.071761, A=1 }
        }
        VectorParameterValues[3] =
        {
            ParameterName = Fresnel_color
            ParameterValue = { R=0, G=0, B=0, A=1 }
        }
        VectorParameterValues[4] =
        {
            ParameterName = Fresnel_Power
            ParameterValue = { R=0, G=0, B=0, A=1 }
        }
        VectorParameterValues[5] =
        {
            ParameterName = Mesh_trangition
            ParameterValue = { R=0, G=0, B=0, A=1 }
        }
        VectorParameterValues[6] =
        {
            ParameterName = Ac_color_S
            ParameterValue = { R=2, G=0.6, B=0.047776, A=1 }
        }
        VectorParameterValues[7] =
        {
            ParameterName = Ac_color_L
            ParameterValue = { R=0.948965, G=0.991393, B=0.030257, A=1 }
        }
        VectorParameterValues[8] =
        {
            ParameterName = Ac_color_D
            ParameterValue = { R=0.334458, G=0.275833, B=0.275833, A=1 }
        }
    }
    Parent = Material3'Beard_Ac'
    FlattenedTexture = None
    MobileBaseTexture = None
    MobileNormalTexture = None
    bUseMobileSpecular = false
    MobileSpecularPower = 16
    MobileSpecularMask = MSM_Constant (0)
    MobileMaskTexture = None
