Found 16186 game files (0 skipped)
Loading package: 00009445.upk Ver: 573/1 Engine: 4205 Names: 69 Exports: 5 Imports: 14 Game: 801A
Loading SkeletalMesh3 110007_Autoscale from package 00009445.upk
WARNING: ObjectProperty "USkeletalMesh3::MeshFactorSet" was not found
WARNING: ObjectProperty "USkeletalMesh3::PhysMaterialOverride" was not found
WARNING: ByteProperty "USkeletalMesh3::ItemPreviewLocType" was not found
Loading package: 00009444.upk Ver: 573/1 Engine: 4205 Names: 91 Exports: 2 Imports: 20 Game: 801A
Loading MaterialInstanceConstant col1 from package 00009444.upk
Loading package: 00009443.upk Ver: 573/1 Engine: 4205 Names: 40 Exports: 15 Imports: 5 Game: 801A
Loading package: 00002620.upk Ver: 573/1 Engine: 4205 Names: 500 Exports: 5733 Imports: 89 Game: 801A
Loading package: 00002640.upk Ver: 573/1 Engine: 4205 Names: 340 Exports: 556 Imports: 5 Game: 801A
Loading package: 00012963.upk Ver: 573/1 Engine: 4205 Names: 1199 Exports: 1162 Imports: 10 Game: 801A
Loading Texture2D Weapon_110007_col1_n from package 00009443.upk
Loading Texture2D check from package 00002620.upk
Loading Texture2D Weapon_110007_col1_d from package 00009443.upk
Loading Texture2D Weapon_110007_col1_s from package 00009443.upk
Loading TextureCube Cube_D from package 00002640.upk
Loading Texture2D Weapon_110007_col1_em from package 00009443.upk
Loading Texture2D Smoke_Pattern_001 from package 00012963.upk
Loading Material3 Basic from package 00002620.upk
Loading Texture2D CubemapFace0 from package 00002640.upk
Loading Texture2D CubemapFace1 from package 00002640.upk
Loading Texture2D CubemapFace2 from package 00002640.upk
Loading Texture2D CubemapFace3 from package 00002640.upk
Loading Texture2D CubemapFace4 from package 00002640.upk
Loading Texture2D CubemapFace5 from package 00002640.upk
Loading Texture2D check_n from package 00002620.upk
Loading Texture2D Gradient_Line_003 from package 00012963.upk
Loading Texture2D Gradient_Wipe_BurnOut_Mask_TEST from package 00012963.upk
Loading Texture2D Gradient_Wipe_BurnOut_Mask from package 00012963.upk
Loaded in 0.085 sec, 2732 allocs, 1.13 MBytes serialized in 166026 calls.

Object info:
============
ClassName: SkeletalMesh3 ObjectName: 110007_Autoscale

    LODInfo[1] =
    {
        LODInfo[0] =
        {
            DisplayFactor = 0
            LODHysteresis = 0.02
            LODMaterialMap[0] = {}
            bEnableShadowCasting[1] = { true }
        }
    }
    Sockets[0] = {}
    bHasVertexColors = false
    EnableTwistBoneFixers = true
    EnableClavicleFixer = true
    Materials[1] = { MaterialInstanceConstant'Weapon_110007_col1.col1' }


    Lods[1] =
    {
        Lods[0] =
        {
            Sections[1] =
            {
                Sections[0] =
                {
                    Material = MaterialInstanceConstant'Weapon_110007_col1.col1'
                    FirstIndex = 0
                    NumFaces = 700
                }
            }
            NumVerts = 646
            IndexCount = 2100
            NumTexCoords = 1
        }
    }
    LodCount = 1
    MeshOrigin = { X=-0, Y=-0, Z=-0 }
    MeshScale = { X=1, Y=1, Z=1 }
    RotOrigin = { Yaw=0, Pitch=0, Roll=0 }
    BoneCount = 1
