Found 16186 game files (0 skipped)
Loading package: 00006198.upk Ver: 573/1 Engine: 4205 Names: 77 Exports: 2 Imports: 18 Game: 801A
Loading MaterialInstanceConstant col1 from package 00006198.upk
Loading package: 00005902.upk Ver: 573/1 Engine: 4205 Names: 32 Exports: 4 Imports: 2 Game: 801A
Loading package: 00002620.upk Ver: 573/1 Engine: 4205 Names: 500 Exports: 5733 Imports: 89 Game: 801A
Loading Texture2D weapon_050003_n from package 00005902.upk
Loading Texture2D weapon_050003_d from package 00005902.upk
Loading Texture2D weapon_050003_s from package 00005902.upk
Loading Texture2D weapon_050003_m from package 00005902.upk
Loading Material3 Basic from package 00002620.upk
Loading package: 00012963.upk Ver: 573/1 Engine: 4205 Names: 1199 Exports: 1162 Imports: 10 Game: 801A
Loading Texture2D check_n from package 00002620.upk
Loading Texture2D check from package 00002620.upk
Loading Texture2D Smoke_Pattern_001 from package 00012963.upk
Loading Texture2D Gradient_Line_003 from package 00012963.upk
Loading Texture2D Gradient_Wipe_BurnOut_Mask_TEST from package 00012963.upk
Loading Texture2D Gradient_Wipe_BurnOut_Mask from package 00012963.upk
Loaded in 0.059 sec, 2106 allocs, 0.72 MBytes serialized in 132661 calls.

Object info:
============
ClassName: MaterialInstanceConstant ObjectName: col1

    ScalarParameterValues[4] =
    {
        ScalarParameterValues[0] = { ParameterName=Glossiness1, ParameterValue=5 }
        ScalarParameterValues[1] = { ParameterName=Specular_value, ParameterValue=1.6 }
        ScalarParameterValues[2] = { ParameterName=Emissive_value, ParameterValue=1.2 }
        ScalarParameterValues[3] = { ParameterName=Emissive_value2, ParameterValue=2 }
    }
    TextureParameterValues[4] =
    {
        TextureParameterValues[0] = { ParameterName=Normal, ParameterValue=Texture2D'weapon_050003_n' }
        TextureParameterValues[1] = { ParameterName=Diffuse, ParameterValue=Texture2D'weapon_050003_d' }
        TextureParameterValues[2] = { ParameterName=Specular, ParameterValue=Texture2D'weapon_050003_s' }
        TextureParameterValues[3] = { ParameterName=Emissive, ParameterValue=Texture2D'weapon_050003_m' }
    }
    VectorParameterValues[0] = {}
    Parent = Material3'Basic'
    FlattenedTexture = None
    MobileBaseTexture = None
    MobileNormalTexture = None
    bUseMobileSpecular = false
    MobileSpecularPower = 16
    MobileSpecularMask = MSM_Constant (0)
    MobileMaskTexture = None
