Found 21310 game files (132 skipped)
Loading package: 00005516.upk Ver: 573/1 Engine: 4205 Names: 179 Exports: 235 Imports: 18 Game: 801A
Loading SkeletalMesh3 WickedDog from package 00005516.upk
WARNING: ObjectProperty "USkeletalMesh3::PlaySoundSet" was not found
WARNING: ObjectProperty "USkeletalMesh3::PlayParticleSet" was not found
Loading package: 00005515.upk Ver: 573/1 Engine: 4205 Names: 85 Exports: 2 Imports: 22 Game: 801A
Loading MaterialInstanceConstant col1 from package 00005515.upk
Loading package: 00005514.upk Ver: 573/1 Engine: 4205 Names: 35 Exports: 6 Imports: 4 Game: 801A
Loading package: 00002640.upk Ver: 573/1 Engine: 4205 Names: 340 Exports: 556 Imports: 5 Game: 801A
Loading package: 00002620.upk Ver: 573/1 Engine: 4205 Names: 560 Exports: 6612 Imports: 96 Game: 801A
Loading Texture2D Monster_Beast_WickedDog_col1_N from package 00005514.upk
Loading Texture2D Monster_Beast_WickedDog_col1_M from package 00005514.upk
Loading Texture2D Monster_Beast_WickedDog_col2_D from package 00005514.upk
Loading Texture2D Monster_Beast_WickedDog_col2_S from package 00005514.upk
Loading TextureCube cube_orb from package 00002640.upk
Loading Texture2D Monster_Beast_WickedDog_col2_em from package 00005514.upk
Loading Material3 Basic from package 00002620.upk
Loading package: 00012963.upk Ver: 573/1 Engine: 4205 Names: 1234 Exports: 1209 Imports: 10 Game: 801A
Loading Texture2D CubemapFace0 from package 00002640.upk
Loading Texture2D CubemapFace1 from package 00002640.upk
Loading Texture2D CubemapFace2 from package 00002640.upk
Loading Texture2D CubemapFace3 from package 00002640.upk
Loading Texture2D CubemapFace4 from package 00002640.upk
Loading Texture2D CubemapFace5 from package 00002640.upk
Loading Texture2D check_n from package 00002620.upk
Loading Texture2D check from package 00002620.upk
Loading Texture2D Smoke_Pattern_001 from package 00012963.upk
Loading Texture2D Gradient_Line_003 from package 00012963.upk
Loading Texture2D Gradient_Wipe_BurnOut_Mask_TEST from package 00012963.upk
Loading Texture2D Gradient_Wipe_BurnOut_Mask from package 00012963.upk
Loaded in 0.14 sec, 2974 allocs, 1.66 MBytes serialized in 312314 calls.

Object info:
============
ClassName: SkeletalMesh3 ObjectName: WickedDog

    LODInfo[1] =
    {
        LODInfo[0] =
        {
            DisplayFactor = 0
            LODHysteresis = 0.02
            LODMaterialMap[0] = {}
            bEnableShadowCasting[1] = { true }
        }
    }
    Sockets[0] = {}
    bHasVertexColors = false
    EnableTwistBoneFixers = true
    EnableClavicleFixer = true
    Materials[1] = { MaterialInstanceConstant'col1' }


    Lods[1] =
    {
        Lods[0] =
        {
            Sections[1] =
            {
                Sections[0] = { Material=MaterialInstanceConstant'col1', FirstIndex=0, NumFaces=5433 }
            }
            NumVerts = 4050
            IndexCount = 16299
            NumTexCoords = 1
        }
    }
    LodCount = 1
    MeshOrigin = { X=-0, Y=-0, Z=0.6 }
    MeshScale = { X=1, Y=1, Z=1 }
    RotOrigin = { Yaw=0, Pitch=0, Roll=0 }
    BoneCount = 69
