Found 16186 game files (0 skipped)
Loading package: 00002794.upk Ver: 573/1 Engine: 4205 Names: 33 Exports: 5 Imports: 4 Game: 801A
Loading Texture2D GonM_003_col1_d from package 00002794.upk
Loading Texture2D GonM_003_col1_N from package 00002794.upk
Loaded in 0.015 sec, 115 allocs, 0.31 MBytes serialized in 661 calls.

Object info:
============
ClassName: Texture2D ObjectName: GonM_003_col1_d

    SizeX = 512
    SizeY = 512
    Format = PF_DXT5 (7)
    AddressX = TA_Wrap (0)
    AddressY = TA_Wrap (0)
    TextureFileCacheName = None
    MipTailBaseIdx = 9
    bForcePVRTC4 = false
    UnpackMin[4] = { 0, 0, 0, 0 }
    UnpackMax[4] = { 1, 1, 1, 1 }

Object info:
============
ClassName: Texture2D ObjectName: GonM_003_col1_N

    SizeX = 512
    SizeY = 512
    Format = PF_DXT1 (5)
    AddressX = TA_Wrap (0)
    AddressY = TA_Wrap (0)
    TextureFileCacheName = None
    MipTailBaseIdx = 9
    bForcePVRTC4 = false
    UnpackMin[4] = { -1, -1, -1, 0 }
    UnpackMax[4] = { 1, 1, 1, 1 }
