Found 21975 game files (132 skipped)
Loading package: 00002666.upk Ver: 573/1 Engine: 4205 Names: 220 Exports: 232 Imports: 24 Game: 801A
Loading SkeletalMesh3 PotAxPartyA from package 00002666.upk
WARNING: FloatProperty "USkeletalMesh3::AutoScale" was not found
WARNING: ObjectProperty "USkeletalMesh3::PlaySoundSet" was not found
WARNING: ObjectProperty "USkeletalMesh3::PlayParticleSet" was not found
WARNING: FloatProperty "USkeletalMesh3::AddFootOffsetValue" was not found
WARNING: FloatProperty "USkeletalMesh3::AnimNameHeight" was not found
WARNING: FloatProperty "USkeletalMesh3::NormalNameHeight" was not found
WARNING: FloatProperty "USkeletalMesh3::LowNameHeight" was not found
Loading package: 00003804.upk Ver: 573/1 Engine: 4205 Names: 79 Exports: 3 Imports: 19 Game: 801A
Loading SkeletalMeshSocket SkeletalMeshSocket_0 from package 00002666.upk
WARNING: ObjectProperty "USkeletalMeshSocket::PreviewSkelMesh" was not found
Loading SkeletalMeshSocket SkeletalMeshSocket_198 from package 00002666.upk
Loading SkeletalMeshSocket SkeletalMeshSocket_199 from package 00002666.upk
Loading SkeletalMeshSocket SkeletalMeshSocket_200 from package 00002666.upk
Loading SkeletalMeshSocket SkeletalMeshSocket_201 from package 00002666.upk
Loading SkeletalMeshSocket SkeletalMeshSocket_267 from package 00002666.upk
Loading SkeletalMeshSocket SkeletalMeshSocket_268 from package 00002666.upk
Loading SkeletalMeshSocket SkeletalMeshSocket_269 from package 00002666.upk
Loading SkeletalMeshSocket SkeletalMeshSocket_38 from package 00002666.upk
Loading MaterialInstanceConstant col2 from package 00003804.upk
Loading package: 00002663.upk Ver: 573/1 Engine: 4205 Names: 49 Exports: 21 Imports: 2 Game: 801A
Loading package: 00002620.upk Ver: 573/1 Engine: 4205 Names: 560 Exports: 6612 Imports: 96 Game: 801A
Loading MaterialInstanceConstant Opa from package 00003804.upk
Loading Texture2D MON007_N from package 00002663.upk
Loading Texture2D MON007_m1 from package 00002663.upk
Loading Texture2D PotAxPartyA_d_col2 from package 00002663.upk
Loading Texture2D PotAxPartyA_s_col2 from package 00002663.upk
Loading Material3 Basic from package 00002620.upk
Loading package: 00012963.upk Ver: 573/1 Engine: 4205 Names: 1236 Exports: 1211 Imports: 10 Game: 801A
Loading Material3 Blend_OP from package 00002620.upk
Loading Texture2D check_n from package 00002620.upk
Loading Texture2D check from package 00002620.upk
Loading Texture2D Smoke_Pattern_001 from package 00012963.upk
Loading Texture2D Gradient_Line_003 from package 00012963.upk
Loading Texture2D Gradient_Wipe_BurnOut_Mask_TEST from package 00012963.upk
Loading Texture2D Gradient_Wipe_BurnOut_Mask from package 00012963.upk
Loaded in 0.11 sec, 2527 allocs, 1.46 MBytes serialized in 336544 calls.

Object info:
============
ClassName: SkeletalMesh3 ObjectName: PotAxPartyA

    LODInfo[2] =
    {
        LODInfo[0] =
        {
            DisplayFactor = 0
            LODHysteresis = 0.02
            LODMaterialMap[0] = {}
            bEnableShadowCasting[2] = { true, true }
        }
        LODInfo[1] =
        {
            DisplayFactor = 0.1
            LODHysteresis = 0.02
            LODMaterialMap[1] = { 0 }
            bEnableShadowCasting[1] = { true }
        }
    }
    Sockets[9] =
    {
        Sockets[0] = SkeletalMeshSocket'PotAxPartyA.SkeletalMeshSocket_0'
        Sockets[1] = SkeletalMeshSocket'PotAxPartyA.SkeletalMeshSocket_38'
        Sockets[2] = SkeletalMeshSocket'PotAxPartyA.SkeletalMeshSocket_267'
        Sockets[3] = SkeletalMeshSocket'PotAxPartyA.SkeletalMeshSocket_268'
        Sockets[4] = SkeletalMeshSocket'PotAxPartyA.SkeletalMeshSocket_269'
        Sockets[5] = SkeletalMeshSocket'PotAxPartyA.SkeletalMeshSocket_198'
        Sockets[6] = SkeletalMeshSocket'PotAxPartyA.SkeletalMeshSocket_199'
        Sockets[7] = SkeletalMeshSocket'PotAxPartyA.SkeletalMeshSocket_200'
        Sockets[8] = SkeletalMeshSocket'PotAxPartyA.SkeletalMeshSocket_201'
    }
    bHasVertexColors = false
    EnableTwistBoneFixers = true
    EnableClavicleFixer = true
    Materials[2] = { MaterialInstanceConstant'col2', MaterialInstanceConstant'Opa' }


    Lods[2] =
    {
        Lods[0] =
        {
            Sections[2] =
            {
                Sections[0] = { Material=MaterialInstanceConstant'col2', FirstIndex=0, NumFaces=4804 }
                Sections[1] = { Material=MaterialInstanceConstant'Opa', FirstIndex=14412, NumFaces=18 }
            }
            NumVerts = 3601
            IndexCount = 14466
            NumTexCoords = 1
        }
        Lods[1] =
        {
            Sections[1] =
            {
                Sections[0] = { Material=MaterialInstanceConstant'col2', FirstIndex=0, NumFaces=1666 }
            }
            NumVerts = 1543
            IndexCount = 4998
            NumTexCoords = 1
        }
    }
    LodCount = 2
    MeshOrigin = { X=-0, Y=-0, Z=-0 }
    MeshScale = { X=1, Y=1, Z=1 }
    RotOrigin = { Yaw=0, Pitch=0, Roll=0 }
    BoneCount = 74

Object info:
============
ClassName: SkeletalMeshSocket ObjectName: SkeletalMeshSocket_0

    SocketName = WeaponR
    BoneName = WeaponR
    RelativeLocation = { X=0, Y=0, Z=0 }
    RelativeRotation = { Yaw=0, Pitch=0, Roll=0 }
    RelativeScale = { X=1, Y=1, Z=1 }

Object info:
============
ClassName: SkeletalMeshSocket ObjectName: SkeletalMeshSocket_198

    SocketName = ATTACH_EFFECT
    BoneName = Bip01
    RelativeLocation = { X=10, Y=0, Z=0 }
    RelativeRotation = { Yaw=0, Pitch=0, Roll=0 }
    RelativeScale = { X=1, Y=1, Z=1 }

Object info:
============
ClassName: SkeletalMeshSocket ObjectName: SkeletalMeshSocket_199

    SocketName = Decap_Socket
    BoneName = Bip01Neck
    RelativeLocation = { X=0, Y=0, Z=0 }
    RelativeRotation = { Yaw=0, Pitch=0, Roll=0 }
    RelativeScale = { X=1, Y=1, Z=1 }

Object info:
============
ClassName: SkeletalMeshSocket ObjectName: SkeletalMeshSocket_200

    SocketName = Mount_Ambar_Socket
    BoneName = Root
    RelativeLocation = { X=-1.83574e-015, Y=-14.9904, Z=0 }
    RelativeRotation = { Yaw=32768, Pitch=0, Roll=0 }
    RelativeScale = { X=1, Y=1, Z=1 }

Object info:
============
ClassName: SkeletalMeshSocket ObjectName: SkeletalMeshSocket_201

    SocketName = Mount_Choke_Socket
    BoneName = Root
    RelativeLocation = { X=5.83538, Y=-7.14604e-016, Z=0 }
    RelativeRotation = { Yaw=32768, Pitch=0, Roll=0 }
    RelativeScale = { X=1, Y=1, Z=1 }

Object info:
============
ClassName: SkeletalMeshSocket ObjectName: SkeletalMeshSocket_267

    SocketName = Catch_Neck
    BoneName = Bip01Neck
    RelativeLocation = { X=3.9767, Y=-4.02041, Z=0 }
    RelativeRotation = { Yaw=0, Pitch=0, Roll=0 }
    RelativeScale = { X=1, Y=1, Z=1 }

Object info:
============
ClassName: SkeletalMeshSocket ObjectName: SkeletalMeshSocket_268

    SocketName = socket_force
    BoneName = Root
    RelativeLocation = { X=54, Y=40, Z=25 }
    RelativeRotation = { Yaw=0, Pitch=0, Roll=0 }
    RelativeScale = { X=1, Y=1, Z=1 }

Object info:
============
ClassName: SkeletalMeshSocket ObjectName: SkeletalMeshSocket_269

    SocketName = Mount_Socket
    BoneName = Root
    RelativeLocation = { X=11.8581, Y=0, Z=0 }
    RelativeRotation = { Yaw=32768, Pitch=0, Roll=0 }
    RelativeScale = { X=1, Y=1, Z=1 }

Object info:
============
ClassName: SkeletalMeshSocket ObjectName: SkeletalMeshSocket_38

    SocketName = target_high
    BoneName = Bip01Head
    RelativeLocation = { X=0, Y=-2, Z=0 }
    RelativeRotation = { Yaw=0, Pitch=0, Roll=0 }
    RelativeScale = { X=1, Y=1, Z=1 }
