Found 16187 game files (144 skipped)
Loading package: 00006474.upk Ver: 573/1 Engine: 4205 Names: 72 Exports: 14 Imports: 14 Game: 801A
Loading SkeletalMesh3 990035_autoscale from package 00006474.upk
WARNING: ObjectProperty "USkeletalMesh3::PhysMaterialOverride" was not found
Loading package: 00006473.upk Ver: 573/1 Engine: 4205 Names: 76 Exports: 2 Imports: 19 Game: 801A
Loading SkeletalMeshSocket SkeletalMeshSocket_0 from package 00006474.upk
Loading SkeletalMeshSocket SkeletalMeshSocket_1 from package 00006474.upk
Loading MaterialInstanceConstant col1 from package 00006473.upk
Loading package: 00006472.upk Ver: 573/1 Engine: 4205 Names: 33 Exports: 5 Imports: 2 Game: 801A
Loading package: 00002620.upk Ver: 573/1 Engine: 4205 Names: 500 Exports: 5733 Imports: 89 Game: 801A
Loading Texture2D Weapon_990035_col1_N from package 00006472.upk
Loading Texture2D Weapon_990035_col1_MaskGB from package 00006472.upk
Loading Texture2D Weapon_990035_col1_D from package 00006472.upk
Loading Texture2D Weapon_990035_col1_S from package 00006472.upk
Loading Texture2D Weapon_990035_col1_em from package 00006472.upk
Loading Material3 Basic from package 00002620.upk
Loading package: 00012963.upk Ver: 573/1 Engine: 4205 Names: 1199 Exports: 1162 Imports: 10 Game: 801A
Loading Texture2D check_n from package 00002620.upk
Loading Texture2D check from package 00002620.upk
Loading Texture2D Smoke_Pattern_001 from package 00012963.upk
Loading Texture2D Gradient_Line_003 from package 00012963.upk
Loading Texture2D Gradient_Wipe_BurnOut_Mask_TEST from package 00012963.upk
Loading Texture2D Gradient_Wipe_BurnOut_Mask from package 00012963.upk
Loaded in 0.061 sec, 2239 allocs, 0.82 MBytes serialized in 161903 calls.

Object info:
============
ClassName: SkeletalMesh3 ObjectName: 990035_autoscale

    LODInfo[1] =
    {
        LODInfo[0] =
        {
            DisplayFactor = 0
            LODHysteresis = 0.02
            LODMaterialMap[0] = {}
            bEnableShadowCasting[1] = { true }
        }
    }
    Sockets[2] =
    {
        Sockets[0] = SkeletalMeshSocket'990035_autoscale.SkeletalMeshSocket_0'
        Sockets[1] = SkeletalMeshSocket'990035_autoscale.SkeletalMeshSocket_1'
    }
    bHasVertexColors = false
    EnableTwistBoneFixers = true
    EnableClavicleFixer = true
    Materials[1] = { MaterialInstanceConstant'col1' }


    Lods[1] =
    {
        Lods[0] =
        {
            Sections[1] =
            {
                Sections[0] = { Material=MaterialInstanceConstant'col1', FirstIndex=0, NumFaces=1201 }
            }
            NumVerts = 871
            IndexCount = 3603
            NumTexCoords = 1
        }
    }
    LodCount = 1
    MeshOrigin = { X=-0, Y=-0, Z=-0 }
    MeshScale = { X=1, Y=1, Z=1 }
    RotOrigin = { Yaw=0, Pitch=0, Roll=0 }
    BoneCount = 1

Object info:
============
ClassName: SkeletalMeshSocket ObjectName: SkeletalMeshSocket_0

    SocketName = trail_start
    BoneName = WeaponRoot
    RelativeLocation = { X=5.00884, Y=0, Z=22.75 }
    RelativeRotation = { Yaw=0, Pitch=0, Roll=0 }
    RelativeScale = { X=1, Y=1, Z=1 }

Object info:
============
ClassName: SkeletalMeshSocket ObjectName: SkeletalMeshSocket_1

    SocketName = trail_end
    BoneName = WeaponRoot
    RelativeLocation = { X=8.03977, Y=0, Z=41.2222 }
    RelativeRotation = { Yaw=0, Pitch=0, Roll=0 }
    RelativeScale = { X=1, Y=1, Z=1 }
