Found 21974 game files (0 skipped)
Loading package: 00006377.upk Ver: 573/1 Engine: 4205 Names: 77 Exports: 1 Imports: 17 Game: 801A
Loading MaterialInstanceConstant col1 from package 00006377.upk
Loading package: 00006376.upk Ver: 573/1 Engine: 4205 Names: 32 Exports: 4 Imports: 2 Game: 801A
Loading package: 00002620.upk Ver: 573/1 Engine: 4205 Names: 560 Exports: 6612 Imports: 96 Game: 801A
Loading Texture2D Cloth_80007_JinM_N from package 00006376.upk
Loading Texture2D Cloth_80007_JinM_M from package 00006376.upk
Loading Texture2D Cloth_80007_JinM_D from package 00006376.upk
Loading Texture2D Cloth_80007_JinM_S from package 00006376.upk
Loading Material3 Body from package 00002620.upk
Loading package: 00012963.upk Ver: 573/1 Engine: 4205 Names: 1236 Exports: 1211 Imports: 10 Game: 801A
Loading Texture2D check_n from package 00002620.upk
Loading Texture2D Noise_Glass_000 from package 00012963.upk
Loading Texture2D Smoke_Pattern_001 from package 00012963.upk
Loading Texture2D Gradient_Wipe_BurnOut_Mask_TEST from package 00012963.upk
Loading Texture2D Gradient_Wipe_BurnOut_Mask from package 00012963.upk
Loading Texture2D check from package 00002620.upk
Loading Texture2D Gradient_Line_003 from package 00012963.upk
Loaded in 0.084 sec, 2251 allocs, 1.38 MBytes serialized in 150034 calls.

Object info:
============
ClassName: MaterialInstanceConstant ObjectName: col1

    ScalarParameterValues[4] =
    {
        ScalarParameterValues[0] = { ParameterName=Skin_glossiness, ParameterValue=3.5 }
        ScalarParameterValues[1] = { ParameterName=Wear_glossiness1, ParameterValue=3 }
        ScalarParameterValues[2] = { ParameterName=Wear_glossiness2, ParameterValue=15 }
        ScalarParameterValues[3] = { ParameterName=Skin_Spec_value, ParameterValue=1 }
    }
    TextureParameterValues[4] =
    {
        TextureParameterValues[0] = { ParameterName=Body_normal, ParameterValue=Texture2D'Cloth_80007_JinM_N' }
        TextureParameterValues[1] = { ParameterName=Body_mask_RGB, ParameterValue=Texture2D'Cloth_80007_JinM_M' }
        TextureParameterValues[2] = { ParameterName=Body_diffuse, ParameterValue=Texture2D'Cloth_80007_JinM_D' }
        TextureParameterValues[3] = { ParameterName=Body_specular, ParameterValue=Texture2D'Cloth_80007_JinM_S' }
    }
    VectorParameterValues[2] =
    {
        VectorParameterValues[0] =
        {
            ParameterName = Skin_Specular
            ParameterValue = { R=1, G=1, B=1, A=1 }
        }
        VectorParameterValues[1] =
        {
            ParameterName = skin_color
            ParameterValue = { R=1, G=1, B=1, A=1 }
        }
    }
    Parent = Material3'Body'
    FlattenedTexture = None
    MobileBaseTexture = None
    MobileNormalTexture = None
    bUseMobileSpecular = false
    MobileSpecularPower = 16
    MobileSpecularMask = MSM_Constant (0)
    MobileMaskTexture = None
