Found 21310 game files (132 skipped)
Loading package: 00007250.upk Ver: 573/1 Engine: 4205 Names: 171 Exports: 123 Imports: 24 Game: 801A
Loading SkeletalMesh3 Gulgul from package 00007250.upk
WARNING: ObjectProperty "USkeletalMesh3::PlaySoundSet" was not found
WARNING: ObjectProperty "USkeletalMesh3::ImpactEffect" was not found
WARNING: FloatProperty "USkeletalMesh3::AnimNameHeight" was not found
WARNING: FloatProperty "USkeletalMesh3::NormalNameHeight" was not found
WARNING: FloatProperty "USkeletalMesh3::LowNameHeight" was not found
Loading package: 00007249.upk Ver: 573/1 Engine: 4205 Names: 178 Exports: 225 Imports: 49 Game: 801A
Loading SkeletalMeshSocket SkeletalMeshSocket_0 from package 00007250.upk
WARNING: ObjectProperty "USkeletalMeshSocket::PreviewSkelMesh" was not found
Loading SkeletalMeshSocket SkeletalMeshSocket_1 from package 00007250.upk
WARNING: ObjectProperty "USkeletalMeshSocket::PreviewSkelMesh" was not found
Loading SkeletalMeshSocket SkeletalMeshSocket_120 from package 00007250.upk
Loading SkeletalMeshSocket SkeletalMeshSocket_27 from package 00007250.upk
Loading SkeletalMeshSocket SkeletalMeshSocket_273 from package 00007250.upk
Loading SkeletalMeshSocket SkeletalMeshSocket_274 from package 00007250.upk
Loading SkeletalMeshSocket SkeletalMeshSocket_275 from package 00007250.upk
Loading SkeletalMeshSocket SkeletalMeshSocket_276 from package 00007250.upk
Loading SkeletalMeshSocket SkeletalMeshSocket_277 from package 00007250.upk
Loading SkeletalMeshSocket SkeletalMeshSocket_76 from package 00007250.upk
Loading StaticMesh3 GulGul_Sword from package 00007250.upk
Loading MaterialInstanceConstant col1 from package 00007249.upk
Loading package: 00007248.upk Ver: 573/1 Engine: 4205 Names: 41 Exports: 9 Imports: 2 Game: 801A
Loading package: 00002640.upk Ver: 573/1 Engine: 4205 Names: 340 Exports: 556 Imports: 5 Game: 801A
Loading package: 00012963.upk Ver: 573/1 Engine: 4205 Names: 1234 Exports: 1209 Imports: 10 Game: 801A
Loading Texture2D Monster_Beast_gulgul_col1_N from package 00007248.upk
Loading Texture2D Monster_Beast_gulgul_col1_M from package 00007248.upk
Loading Texture2D Monster_Beast_gulgul_col1_D from package 00007248.upk
Loading Texture2D Monster_Beast_gulgul_col1_S from package 00007248.upk
Loading TextureCube lenscube_a from package 00002640.upk
Loading Texture2D Monster_Beast_gulgul_col1_e from package 00007248.upk
WARNING: ByteProperty "UTexture2D::ManualLoadSwitchSettings" was not found
Loading Texture2D Monster_Beast_gulgul_col1_FX from package 00007248.upk
Loading Texture2D Smoke_Pattern_001 from package 00012963.upk
Loading Material3 body_FX from package 00007249.upk
Loading package: 00002620.upk Ver: 573/1 Engine: 4205 Names: 560 Exports: 6612 Imports: 96 Game: 801A
Loading Texture2D CubemapFace0 from package 00002640.upk
Loading Texture2D CubemapFace1 from package 00002640.upk
Loading Texture2D CubemapFace2 from package 00002640.upk
Loading Texture2D CubemapFace3 from package 00002640.upk
Loading Texture2D CubemapFace4 from package 00002640.upk
Loading Texture2D CubemapFace5 from package 00002640.upk
Loading Texture2D check_n from package 00002620.upk
Loading Texture2D check from package 00002620.upk
Loading Texture2D Gradient_Line_003 from package 00012963.upk
Loading Texture2D Noise_Glass_000 from package 00012963.upk
Loading Texture2D Gradient_Wipe_BurnOut_Mask_TEST from package 00012963.upk
Loading Texture2D Gradient_Wipe_BurnOut_Mask from package 00012963.upk
Loaded in 0.15 sec, 3177 allocs, 1.53 MBytes serialized in 259626 calls.

Object info:
============
ClassName: SkeletalMesh3 ObjectName: Gulgul

    LODInfo[2] =
    {
        LODInfo[0] =
        {
            DisplayFactor = 0
            LODHysteresis = 0.02
            LODMaterialMap[0] = {}
            bEnableShadowCasting[1] = { true }
        }
        LODInfo[1] =
        {
            DisplayFactor = 0
            LODHysteresis = 0.02
            LODMaterialMap[2] = { 0, 0 }
            bEnableShadowCasting[2] = { true, true }
        }
    }
    Sockets[10] =
    {
        Sockets[0] = SkeletalMeshSocket'Gulgul.SkeletalMeshSocket_0'
        Sockets[1] = SkeletalMeshSocket'Gulgul.SkeletalMeshSocket_1'
        Sockets[2] = SkeletalMeshSocket'Gulgul.SkeletalMeshSocket_27'
        Sockets[3] = SkeletalMeshSocket'Gulgul.SkeletalMeshSocket_76'
        Sockets[4] = SkeletalMeshSocket'Gulgul.SkeletalMeshSocket_273'
        Sockets[5] = SkeletalMeshSocket'Gulgul.SkeletalMeshSocket_274'
        Sockets[6] = SkeletalMeshSocket'Gulgul.SkeletalMeshSocket_275'
        Sockets[7] = SkeletalMeshSocket'Gulgul.SkeletalMeshSocket_276'
        Sockets[8] = SkeletalMeshSocket'Gulgul.SkeletalMeshSocket_277'
        Sockets[9] = SkeletalMeshSocket'Gulgul.SkeletalMeshSocket_120'
    }
    bHasVertexColors = false
    EnableTwistBoneFixers = true
    EnableClavicleFixer = true
    Materials[1] = { MaterialInstanceConstant'col1' }


    Lods[2] =
    {
        Lods[0] =
        {
            Sections[1] =
            {
                Sections[0] = { Material=MaterialInstanceConstant'col1', FirstIndex=0, NumFaces=2069 }
            }
            NumVerts = 1772
            IndexCount = 6207
            NumTexCoords = 1
        }
        Lods[1] =
        {
            Sections[2] =
            {
                Sections[0] = { Material=MaterialInstanceConstant'col1', FirstIndex=0, NumFaces=576 }
                Sections[1] = { Material=MaterialInstanceConstant'col1', FirstIndex=1728, NumFaces=46 }
            }
            NumVerts = 768
            IndexCount = 1866
            NumTexCoords = 1
        }
    }
    LodCount = 2
    MeshOrigin = { X=-0, Y=-0, Z=-0 }
    MeshScale = { X=1, Y=1, Z=1 }
    RotOrigin = { Yaw=0, Pitch=0, Roll=0 }
    BoneCount = 37

Object info:
============
ClassName: SkeletalMeshSocket ObjectName: SkeletalMeshSocket_0

    SocketName = WeaponR
    BoneName = WeaponR
    RelativeLocation = { X=0, Y=0, Z=0 }
    RelativeRotation = { Yaw=0, Pitch=0, Roll=0 }
    RelativeScale = { X=1, Y=1, Z=1 }

Object info:
============
ClassName: SkeletalMeshSocket ObjectName: SkeletalMeshSocket_1

    SocketName = WeaponL
    BoneName = WeaponL
    RelativeLocation = { X=0, Y=0, Z=0 }
    RelativeRotation = { Yaw=0, Pitch=0, Roll=0 }
    RelativeScale = { X=1, Y=1, Z=1 }

Object info:
============
ClassName: SkeletalMeshSocket ObjectName: SkeletalMeshSocket_120

    SocketName = ATTACH_EFFECT
    BoneName = Bip01
    RelativeLocation = { X=10, Y=0, Z=0 }
    RelativeRotation = { Yaw=0, Pitch=0, Roll=0 }
    RelativeScale = { X=1, Y=1, Z=1 }

Object info:
============
ClassName: SkeletalMeshSocket ObjectName: SkeletalMeshSocket_27

    SocketName = target_high
    BoneName = Bip01Head
    RelativeLocation = { X=0, Y=-5, Z=8 }
    RelativeRotation = { Yaw=-16384, Pitch=0, Roll=0 }
    RelativeScale = { X=1, Y=1, Z=1 }

Object info:
============
ClassName: SkeletalMeshSocket ObjectName: SkeletalMeshSocket_273

    SocketName = socket_force
    BoneName = Root
    RelativeLocation = { X=50, Y=40, Z=25 }
    RelativeRotation = { Yaw=0, Pitch=0, Roll=0 }
    RelativeScale = { X=1, Y=1, Z=1 }

Object info:
============
ClassName: SkeletalMeshSocket ObjectName: SkeletalMeshSocket_274

    SocketName = Mount_Choke_Socket
    BoneName = Root
    RelativeLocation = { X=1.61951, Y=-1.98326e-016, Z=0 }
    RelativeRotation = { Yaw=32768, Pitch=0, Roll=0 }
    RelativeScale = { X=1, Y=1, Z=1 }

Object info:
============
ClassName: SkeletalMeshSocket ObjectName: SkeletalMeshSocket_275

    SocketName = Mount_Socket
    BoneName = Root
    RelativeLocation = { X=-9.71316, Y=1.18948e-015, Z=0 }
    RelativeRotation = { Yaw=32768, Pitch=0, Roll=0 }
    RelativeScale = { X=1, Y=1, Z=1 }

Object info:
============
ClassName: SkeletalMeshSocket ObjectName: SkeletalMeshSocket_276

    SocketName = Catch_Neck
    BoneName = Bip01Head
    RelativeLocation = { X=-0.629826, Y=7.40148, Z=0 }
    RelativeRotation = { Yaw=0, Pitch=0, Roll=0 }
    RelativeScale = { X=1, Y=1, Z=1 }

Object info:
============
ClassName: SkeletalMeshSocket ObjectName: SkeletalMeshSocket_277

    SocketName = Mount_Ambar_Socket
    BoneName = Bip02LUpperArm
    RelativeLocation = { X=-2.03148, Y=11.524, Z=0 }
    RelativeRotation = { Yaw=-14563, Pitch=0, Roll=9102 }
    RelativeScale = { X=1, Y=1, Z=1 }

Object info:
============
ClassName: SkeletalMeshSocket ObjectName: SkeletalMeshSocket_76

    SocketName = Decap_Socket
    BoneName = Bip01Head
    RelativeLocation = { X=0, Y=0, Z=0 }
    RelativeRotation = { Yaw=0, Pitch=0, Roll=0 }
    RelativeScale = { X=1, Y=1, Z=1 }

Object info:
============
ClassName: StaticMesh3 ObjectName: GulGul_Sword

    BodySetup = None
    UseSimpleLineCollision = false
    UseSimpleBoxCollision = false
    UseSimpleRigidBodyCollision = false
    UseFullPrecisionUVs = false
    Bounds =
    {
        Origin = { X=-3.36915, Y=0.00600004, Z=33.7438 }
        BoxExtent = { X=11.8897, Y=3.4076, Z=33.6567 }
        SphereRadius = 34.0172
    }
    CanCompressPositions = false
    CanStripNormalsAndTangents = false
    InternalVersion = 18


    Lods[1] =
    {
        Lods[0] =
        {
            Sections[1] =
            {
                Sections[0] = { Material=MaterialInstanceConstant'col1', FirstIndex=0, NumFaces=144 }
            }
            NumVerts = 304
            IndexCount = 432
            NumTexCoords = 1
        }
    }
    LodCount = 1
