Found 16187 game files (144 skipped)
Loading package: 00006477.upk Ver: 573/1 Engine: 4205 Names: 76 Exports: 2 Imports: 18 Game: 801A
Loading MaterialInstanceConstant col1 from package 00006477.upk
Loading package: 00006476.upk Ver: 573/1 Engine: 4205 Names: 32 Exports: 4 Imports: 2 Game: 801A
Loading package: 00002620.upk Ver: 573/1 Engine: 4205 Names: 500 Exports: 5733 Imports: 89 Game: 801A
Loading Texture2D Weapon_040008_col1_N from package 00006476.upk
Loading Texture2D Weapon_040008_col1_M from package 00006476.upk
Loading Texture2D Weapon_040008_col1_D from package 00006476.upk
Loading Texture2D Weapon_040008_col1_S from package 00006476.upk
Loading Material3 Basic from package 00002620.upk
Loading package: 00012963.upk Ver: 573/1 Engine: 4205 Names: 1199 Exports: 1162 Imports: 10 Game: 801A
Loading Texture2D check_n from package 00002620.upk
Loading Texture2D check from package 00002620.upk
Loading Texture2D Smoke_Pattern_001 from package 00012963.upk
Loading Texture2D Gradient_Line_003 from package 00012963.upk
Loading Texture2D Gradient_Wipe_BurnOut_Mask_TEST from package 00012963.upk
Loading Texture2D Gradient_Wipe_BurnOut_Mask from package 00012963.upk
Loaded in 0.056 sec, 2111 allocs, 0.82 MBytes serialized in 132684 calls.

Object info:
============
ClassName: MaterialInstanceConstant ObjectName: col1

    ScalarParameterValues[4] =
    {
        ScalarParameterValues[0] = { ParameterName=Glossiness1, ParameterValue=5 }
        ScalarParameterValues[1] = { ParameterName=Specular_value, ParameterValue=2.5 }
        ScalarParameterValues[2] = { ParameterName=Fresnel exponent, ParameterValue=2 }
        ScalarParameterValues[3] = { ParameterName=Fresnel Value, ParameterValue=60 }
    }
    TextureParameterValues[4] =
    {
        TextureParameterValues[0] = { ParameterName=Normal, ParameterValue=Texture2D'Weapon_040008_col1_N' }
        TextureParameterValues[1] = { ParameterName=Mask_GB, ParameterValue=Texture2D'Weapon_040008_col1_M' }
        TextureParameterValues[2] = { ParameterName=Diffuse, ParameterValue=Texture2D'Weapon_040008_col1_D' }
        TextureParameterValues[3] = { ParameterName=Specular, ParameterValue=Texture2D'Weapon_040008_col1_S' }
    }
    VectorParameterValues[0] = {}
    Parent = Material3'Basic'
    FlattenedTexture = None
    MobileBaseTexture = None
    MobileNormalTexture = None
    bUseMobileSpecular = false
    MobileSpecularPower = 16
    MobileSpecularMask = MSM_Constant (0)
    MobileMaskTexture = None
