Found 27000 game files (27 skipped)
Loading package: 00002705.upk Ver: 573/1 Engine: 4205 Names: 77 Exports: 2 Imports: 19 Game: 801A
Loading MaterialInstanceConstant col1 from package 00002705.upk
Loading package: 00002704.upk Ver: 573/1 Engine: 4205 Names: 32 Exports: 4 Imports: 2 Game: 801A
Loading package: 00002620.upk Ver: 573/1 Engine: 4205 Names: 560 Exports: 6612 Imports: 96 Game: 801A
Loading Texture2D XLM000_d from package 00002704.upk
Loading Texture2D XLM000_s from package 00002704.upk
Loading Texture2D XLM000_m1 from package 00002704.upk
Loading Texture2D XLM000_n from package 00002704.upk
Loading Material3 Body from package 00002620.upk
Loading package: 00012963.upk Ver: 573/1 Engine: 4205 Names: 1264 Exports: 1240 Imports: 10 Game: 801A
Loading Texture2D check_n from package 00002620.upk
Loading Texture2D Noise_Glass_000 from package 00012963.upk
Loading Texture2D Smoke_Pattern_001 from package 00012963.upk
Loading Texture2D Gradient_Wipe_BurnOut_Mask_TEST from package 00012963.upk
Loading Texture2D Gradient_Wipe_BurnOut_Mask from package 00012963.upk
Loading Texture2D check from package 00002620.upk
Loading Texture2D Gradient_Line_003 from package 00012963.upk
Loaded in 0.064 sec, 2266 allocs, 1.00 MBytes serialized in 150519 calls.

Object info:
============
ClassName: MaterialInstanceConstant ObjectName: col1

    ScalarParameterValues[3] =
    {
        ScalarParameterValues[0] = { ParameterName=Wear_glossiness1, ParameterValue=3 }
        ScalarParameterValues[1] = { ParameterName=Skin_glossiness, ParameterValue=3.5 }
        ScalarParameterValues[2] = { ParameterName=Skin_Spec_value, ParameterValue=1 }
    }
    TextureParameterValues[4] =
    {
        TextureParameterValues[0] = { ParameterName=Body_diffuse, ParameterValue=Texture2D'XLM000_d' }
        TextureParameterValues[1] = { ParameterName=Body_specular, ParameterValue=Texture2D'XLM000_s' }
        TextureParameterValues[2] = { ParameterName=Body_mask_RGB, ParameterValue=Texture2D'XLM000_m1' }
        TextureParameterValues[3] = { ParameterName=Body_normal, ParameterValue=Texture2D'XLM000_n' }
    }
    VectorParameterValues[0] = {}
    Parent = Material3'Body'
    FlattenedTexture = None
    MobileBaseTexture = None
    MobileNormalTexture = None
    bUseMobileSpecular = false
    MobileSpecularPower = 16
    MobileSpecularMask = MSM_Constant (0)
    MobileMaskTexture = None
