Found 21974 game files (0 skipped)
Loading package: 00007870.upk Ver: 573/1 Engine: 4205 Names: 82 Exports: 2 Imports: 21 Game: 801A
Loading MaterialInstanceConstant col1 from package 00007870.upk
Loading package: 00007868.upk Ver: 573/1 Engine: 4205 Names: 47 Exports: 22 Imports: 4 Game: 801A
Loading package: 00002620.upk Ver: 573/1 Engine: 4205 Names: 560 Exports: 6612 Imports: 96 Game: 801A
Loading Texture2D N from package 00007868.upk
Loading Texture2D M from package 00007868.upk
Loading Texture2D D from package 00007868.upk
Loading Texture2D S from package 00007868.upk
Loading Material3 Body from package 00002620.upk
Loading package: 00012963.upk Ver: 573/1 Engine: 4205 Names: 1236 Exports: 1211 Imports: 10 Game: 801A
Loading Texture2D check_n from package 00002620.upk
Loading Texture2D Noise_Glass_000 from package 00012963.upk
Loading Texture2D Smoke_Pattern_001 from package 00012963.upk
Loading Texture2D Gradient_Wipe_BurnOut_Mask_TEST from package 00012963.upk
Loading Texture2D Gradient_Wipe_BurnOut_Mask from package 00012963.upk
Loading Texture2D check from package 00002620.upk
Loading Texture2D Gradient_Line_003 from package 00012963.upk
Loaded in 0.084 sec, 2270 allocs, 1.34 MBytes serialized in 150411 calls.

Object info:
============
ClassName: MaterialInstanceConstant ObjectName: col1

    ScalarParameterValues[4] =
    {
        ScalarParameterValues[0] = { ParameterName=Skin_glossiness, ParameterValue=3.5 }
        ScalarParameterValues[1] = { ParameterName=Wear_glossiness1, ParameterValue=5 }
        ScalarParameterValues[2] = { ParameterName=Wear_glossiness2, ParameterValue=3 }
        ScalarParameterValues[3] = { ParameterName=Skin_Spec_value, ParameterValue=1 }
    }
    TextureParameterValues[4] =
    {
        TextureParameterValues[0] = { ParameterName=Body_normal, ParameterValue=Texture2D'N' }
        TextureParameterValues[1] = { ParameterName=Body_mask_RGB, ParameterValue=Texture2D'M' }
        TextureParameterValues[2] = { ParameterName=Body_diffuse, ParameterValue=Texture2D'D' }
        TextureParameterValues[3] = { ParameterName=Body_specular, ParameterValue=Texture2D'S' }
    }
    VectorParameterValues[0] = {}
    Parent = Material3'Body'
    FlattenedTexture = None
    MobileBaseTexture = None
    MobileNormalTexture = None
    bUseMobileSpecular = false
    MobileSpecularPower = 16
    MobileSpecularMask = MSM_Constant (0)
    MobileMaskTexture = None
