Found 16186 game files (0 skipped)
Loading package: 00004635.upk Ver: 573/1 Engine: 4205 Names: 42 Exports: 14 Imports: 2 Game: 801A
Loading Texture2D Monster_Human_DarkCrazyTribeA_col3_D from package 00004635.upk
Loading Texture2D Monster_Human_DarkCrazyTribeA_col3_E from package 00004635.upk
Loading Texture2D Monster_Human_DarkCrazyTribeA_col3_N from package 00004635.upk
Loading Texture2D Monster_Human_DarkCrazyTribeA_col3_S from package 00004635.upk
Loading Texture2D Monster_Human_DarkCrazyTribeA_col4_D from package 00004635.upk
Loading Texture2D Monster_Human_DarkCrazyTribeA_col4_S from package 00004635.upk
Loading Texture2D Monster_Human_DarkCrazyTribeA_d from package 00004635.upk
Loading Texture2D Monster_Human_DarkCrazyTribeA_d_Col5 from package 00004635.upk
Loading Texture2D Monster_Human_DarkCrazyTribeA_em from package 00004635.upk
Loading Texture2D Monster_Human_DarkCrazyTribeA_em_Col5 from package 00004635.upk
Loading Texture2D Monster_Human_DarkCrazyTribeA_n from package 00004635.upk
Loading Texture2D Monster_Human_DarkCrazyTribeA_n_Col5 from package 00004635.upk
Loading Texture2D Monster_Human_DarkCrazyTribeA_s from package 00004635.upk
Loading Texture2D Monster_Human_DarkCrazyTribeA_s_Col5 from package 00004635.upk
Loaded in 0.088 sec, 466 allocs, 1.24 MBytes serialized in 3011 calls.

Object info:
============
ClassName: Texture2D ObjectName: Monster_Human_DarkCrazyTribeA_col3_D

    SizeX = 512
    SizeY = 512
    Format = PF_DXT5 (7)
    AddressX = TA_Wrap (0)
    AddressY = TA_Wrap (0)
    TextureFileCacheName = None
    MipTailBaseIdx = 9
    bForcePVRTC4 = false
    UnpackMin[4] = { 0, 0, 0, 0 }
    UnpackMax[4] = { 1, 1, 1, 1 }

Object info:
============
ClassName: Texture2D ObjectName: Monster_Human_DarkCrazyTribeA_col3_E

    SizeX = 256
    SizeY = 256
    Format = PF_DXT1 (5)
    AddressX = TA_Wrap (0)
    AddressY = TA_Wrap (0)
    TextureFileCacheName = None
    MipTailBaseIdx = 8
    bForcePVRTC4 = false
    UnpackMin[4] = { 0, 0, 0, 0 }
    UnpackMax[4] = { 1, 1, 1, 1 }

Object info:
============
ClassName: Texture2D ObjectName: Monster_Human_DarkCrazyTribeA_col3_N

    SizeX = 512
    SizeY = 512
    Format = PF_DXT1 (5)
    AddressX = TA_Wrap (0)
    AddressY = TA_Wrap (0)
    TextureFileCacheName = None
    MipTailBaseIdx = 9
    bForcePVRTC4 = false
    UnpackMin[4] = { -1, -1, -1, 0 }
    UnpackMax[4] = { 1, 1, 1, 1 }

Object info:
============
ClassName: Texture2D ObjectName: Monster_Human_DarkCrazyTribeA_col3_S

    SizeX = 512
    SizeY = 512
    Format = PF_DXT1 (5)
    AddressX = TA_Wrap (0)
    AddressY = TA_Wrap (0)
    TextureFileCacheName = None
    MipTailBaseIdx = 9
    bForcePVRTC4 = false
    UnpackMin[4] = { 0, 0, 0, 0 }
    UnpackMax[4] = { 1, 1, 1, 1 }

Object info:
============
ClassName: Texture2D ObjectName: Monster_Human_DarkCrazyTribeA_col4_D

    SizeX = 512
    SizeY = 512
    Format = PF_DXT5 (7)
    AddressX = TA_Wrap (0)
    AddressY = TA_Wrap (0)
    TextureFileCacheName = None
    MipTailBaseIdx = 9
    bForcePVRTC4 = false
    UnpackMin[4] = { 0, 0, 0, 0 }
    UnpackMax[4] = { 1, 1, 1, 1 }

Object info:
============
ClassName: Texture2D ObjectName: Monster_Human_DarkCrazyTribeA_col4_S

    SizeX = 512
    SizeY = 512
    Format = PF_DXT1 (5)
    AddressX = TA_Wrap (0)
    AddressY = TA_Wrap (0)
    TextureFileCacheName = None
    MipTailBaseIdx = 9
    bForcePVRTC4 = false
    UnpackMin[4] = { 0, 0, 0, 0 }
    UnpackMax[4] = { 1, 1, 1, 1 }

Object info:
============
ClassName: Texture2D ObjectName: Monster_Human_DarkCrazyTribeA_d

    SizeX = 512
    SizeY = 512
    Format = PF_DXT5 (7)
    AddressX = TA_Wrap (0)
    AddressY = TA_Wrap (0)
    TextureFileCacheName = None
    MipTailBaseIdx = 9
    bForcePVRTC4 = false
    UnpackMin[4] = { 0, 0, 0, 0 }
    UnpackMax[4] = { 1, 1, 1, 1 }

Object info:
============
ClassName: Texture2D ObjectName: Monster_Human_DarkCrazyTribeA_d_Col5

    SizeX = 512
    SizeY = 512
    Format = PF_DXT5 (7)
    AddressX = TA_Wrap (0)
    AddressY = TA_Wrap (0)
    TextureFileCacheName = None
    MipTailBaseIdx = 9
    bForcePVRTC4 = false
    UnpackMin[4] = { 0, 0, 0, 0 }
    UnpackMax[4] = { 1, 1, 1, 1 }

Object info:
============
ClassName: Texture2D ObjectName: Monster_Human_DarkCrazyTribeA_em

    SizeX = 256
    SizeY = 256
    Format = PF_DXT1 (5)
    AddressX = TA_Wrap (0)
    AddressY = TA_Wrap (0)
    TextureFileCacheName = None
    MipTailBaseIdx = 8
    bForcePVRTC4 = false
    UnpackMin[4] = { 0, 0, 0, 0 }
    UnpackMax[4] = { 1, 1, 1, 1 }

Object info:
============
ClassName: Texture2D ObjectName: Monster_Human_DarkCrazyTribeA_em_Col5

    SizeX = 512
    SizeY = 512
    Format = PF_DXT1 (5)
    AddressX = TA_Wrap (0)
    AddressY = TA_Wrap (0)
    TextureFileCacheName = None
    MipTailBaseIdx = 9
    bForcePVRTC4 = false
    UnpackMin[4] = { 0, 0, 0, 0 }
    UnpackMax[4] = { 1, 1, 1, 1 }

Object info:
============
ClassName: Texture2D ObjectName: Monster_Human_DarkCrazyTribeA_n

    SizeX = 512
    SizeY = 512
    Format = PF_DXT1 (5)
    AddressX = TA_Wrap (0)
    AddressY = TA_Wrap (0)
    TextureFileCacheName = None
    MipTailBaseIdx = 9
    bForcePVRTC4 = false
    UnpackMin[4] = { -1, -1, -1, 0 }
    UnpackMax[4] = { 1, 1, 1, 1 }

Object info:
============
ClassName: Texture2D ObjectName: Monster_Human_DarkCrazyTribeA_n_Col5

    SizeX = 512
    SizeY = 512
    Format = PF_DXT1 (5)
    AddressX = TA_Wrap (0)
    AddressY = TA_Wrap (0)
    TextureFileCacheName = None
    MipTailBaseIdx = 9
    bForcePVRTC4 = false
    UnpackMin[4] = { -1, -1, -1, 0 }
    UnpackMax[4] = { 1, 1, 1, 1 }

Object info:
============
ClassName: Texture2D ObjectName: Monster_Human_DarkCrazyTribeA_s

    SizeX = 512
    SizeY = 512
    Format = PF_DXT1 (5)
    AddressX = TA_Wrap (0)
    AddressY = TA_Wrap (0)
    TextureFileCacheName = None
    MipTailBaseIdx = 9
    bForcePVRTC4 = false
    UnpackMin[4] = { 0, 0, 0, 0 }
    UnpackMax[4] = { 1, 1, 1, 1 }

Object info:
============
ClassName: Texture2D ObjectName: Monster_Human_DarkCrazyTribeA_s_Col5

    SizeX = 512
    SizeY = 512
    Format = PF_DXT1 (5)
    AddressX = TA_Wrap (0)
    AddressY = TA_Wrap (0)
    TextureFileCacheName = None
    MipTailBaseIdx = 9
    bForcePVRTC4 = false
    UnpackMin[4] = { 0, 0, 0, 0 }
    UnpackMax[4] = { 1, 1, 1, 1 }
