Found 27000 game files (27 skipped)
Loading package: 00005753.upk Ver: 573/1 Engine: 4205 Names: 71 Exports: 1 Imports: 15 Game: 801A
Loading MaterialInstanceConstant col1 from package 00005753.upk
Loading package: 00005748.upk Ver: 573/1 Engine: 4205 Names: 41 Exports: 8 Imports: 8 Game: 801A
Loading package: 00002620.upk Ver: 573/1 Engine: 4205 Names: 560 Exports: 6612 Imports: 96 Game: 801A
Loading Texture2D 990010_N from package 00005748.upk
Loading Texture2D 990010_D from package 00005748.upk
Loading Texture2D 990010_S from package 00005748.upk
Loading Material3 Basic from package 00002620.upk
Loading package: 00012963.upk Ver: 573/1 Engine: 4205 Names: 1264 Exports: 1240 Imports: 10 Game: 801A
Loading Texture2D check_n from package 00002620.upk
Loading Texture2D check from package 00002620.upk
Loading Texture2D Smoke_Pattern_001 from package 00012963.upk
Loading Texture2D Gradient_Line_003 from package 00012963.upk
Loading Texture2D Gradient_Wipe_BurnOut_Mask_TEST from package 00012963.upk
Loading Texture2D Gradient_Wipe_BurnOut_Mask from package 00012963.upk
Loaded in 0.052 sec, 2208 allocs, 0.75 MBytes serialized in 150163 calls.

Object info:
============
ClassName: MaterialInstanceConstant ObjectName: col1

    ScalarParameterValues[2] =
    {
        ScalarParameterValues[0] = { ParameterName=Glossiness1, ParameterValue=10 }
        ScalarParameterValues[1] = { ParameterName=Specular_value, ParameterValue=1 }
    }
    TextureParameterValues[3] =
    {
        TextureParameterValues[0] = { ParameterName=Normal, ParameterValue=Texture2D'990010_N' }
        TextureParameterValues[1] = { ParameterName=Diffuse, ParameterValue=Texture2D'990010_D' }
        TextureParameterValues[2] = { ParameterName=Specular, ParameterValue=Texture2D'990010_S' }
    }
    VectorParameterValues[0] = {}
    Parent = Material3'Basic'
    FlattenedTexture = None
    MobileBaseTexture = None
    MobileNormalTexture = None
    bUseMobileSpecular = false
    MobileSpecularPower = 16
    MobileSpecularMask = MSM_Constant (0)
    MobileMaskTexture = None
