Found 21975 game files (132 skipped)
Loading package: 00007516.upk Ver: 573/1 Engine: 4205 Names: 148 Exports: 2 Imports: 98 Game: 801A
Loading AnimSet Chungyoung_Animset from package 00007516.upk
WARNING: BoolProperty "UAnimSet::bServiced" was not found
WARNING: ArrayProperty "UAnimSet::AdjustAniScaleBoneNames" was not found
WARNING: ArrayProperty "UAnimSet::RefSequences" was not found
WARNING: ArrayProperty "UAnimSet::PhysicalHitBoneNames" was not found
WARNING: ArrayProperty "UAnimSet::IgnoreAnimBoneNames" was not found
WARNING: AnimSet Chungyoung_Animset has 0 sequences, but empty TrackBoneNames
Loaded in 0.001 sec, 169 allocs, 0.01 MBytes serialized in 1254 calls.

Object info:
============
ClassName: AnimSet ObjectName: Chungyoung_Animset

    bAnimRotationOnly = true
    TrackBoneNames[0] = {}
    Sequences[0] = {}
    UseTranslationBoneNames[5] = { Bip01, Bip01Spine, Bip01Neck, Bip01LClavicle, Bip01RClavicle }
    ForceMeshTranslationBoneNames[0] = {}
    PreviewSkelMeshName = 00007317.chunyoung
    BulkDataBlocks[0] = {}
    KeyFrameSize = 0
    RotationChannels = 0
    TranslationChannels = 0
    m_pBioAnimSetData = None
