Found 16187 game files (144 skipped)
Loading package: 00008518.upk Ver: 573/1 Engine: 4205 Names: 342 Exports: 896 Imports: 87 Game: 801A
Loading Texture2D Loading_ConfirmScene_Preview from package 00008518.upk
Loading Texture2D Loding_Preview from package 00008518.upk
Loaded in 0.005 sec, 370 allocs, 0.09 MBytes serialized in 17912 calls.

Object info:
============
ClassName: Texture2D ObjectName: Loading_ConfirmScene_Preview

    SizeX = 256
    SizeY = 256
    Format = PF_DXT1 (5)
    AddressX = TA_Wrap (0)
    AddressY = TA_Wrap (0)
    TextureFileCacheName = None
    MipTailBaseIdx = 0
    bForcePVRTC4 = false
    UnpackMin[4] = { 0, 0, 0, 0 }
    UnpackMax[4] = { 1, 1, 1, 1 }

Object info:
============
ClassName: Texture2D ObjectName: Loding_Preview

    SizeX = 256
    SizeY = 256
    Format = PF_DXT1 (5)
    AddressX = TA_Wrap (0)
    AddressY = TA_Wrap (0)
    TextureFileCacheName = None
    MipTailBaseIdx = 0
    bForcePVRTC4 = false
    UnpackMin[4] = { 0, 0, 0, 0 }
    UnpackMax[4] = { 1, 1, 1, 1 }
