Found 27000 game files (27 skipped)
Loading package: 00004642.upk Ver: 573/1 Engine: 4205 Names: 32 Exports: 2 Imports: 9 Game: 801A
Loading SkeletalMesh3 990030_autoscale from package 00004642.upk
WARNING: ObjectProperty "USkeletalMesh3::PhysMaterialOverride" was not found
Loading package: 00004641.upk Ver: 573/1 Engine: 4205 Names: 81 Exports: 2 Imports: 22 Game: 801A
Loading MaterialInstanceConstant col1 from package 00004641.upk
Loading package: 00004640.upk Ver: 573/1 Engine: 4205 Names: 32 Exports: 5 Imports: 2 Game: 801A
Loading package: 00004635.upk Ver: 573/1 Engine: 4205 Names: 42 Exports: 14 Imports: 2 Game: 801A
Loading package: 00002620.upk Ver: 573/1 Engine: 4205 Names: 560 Exports: 6612 Imports: 96 Game: 801A
Loading Texture2D weapon_n from package 00004640.upk
Loading Texture2D weapon_d from package 00004640.upk
Loading Texture2D weapon_s from package 00004640.upk
Loading Texture2D Monster_Human_DarkCrazyTribeA_em from package 00004635.upk
Loading Material3 Basic from package 00002620.upk
Loading package: 00012963.upk Ver: 573/1 Engine: 4205 Names: 1264 Exports: 1240 Imports: 10 Game: 801A
Loading Texture2D check_n from package 00002620.upk
Loading Texture2D check from package 00002620.upk
Loading Texture2D Smoke_Pattern_001 from package 00012963.upk
Loading Texture2D Gradient_Line_003 from package 00012963.upk
Loading Texture2D Gradient_Wipe_BurnOut_Mask_TEST from package 00012963.upk
Loading Texture2D Gradient_Wipe_BurnOut_Mask from package 00012963.upk
Loaded in 0.072 sec, 2354 allocs, 0.78 MBytes serialized in 159712 calls.

Object info:
============
ClassName: SkeletalMesh3 ObjectName: 990030_autoscale

    LODInfo[1] =
    {
        LODInfo[0] =
        {
            DisplayFactor = 0
            LODHysteresis = 0.02
            LODMaterialMap[0] = {}
            bEnableShadowCasting[1] = { true }
        }
    }
    Sockets[0] = {}
    bHasVertexColors = false
    EnableTwistBoneFixers = true
    EnableClavicleFixer = true
    Materials[1] = { MaterialInstanceConstant'col1' }


    Lods[1] =
    {
        Lods[0] =
        {
            Sections[1] =
            {
                Sections[0] = { Material=MaterialInstanceConstant'col1', FirstIndex=0, NumFaces=344 }
            }
            NumVerts = 271
            IndexCount = 1032
            NumTexCoords = 1
        }
    }
    LodCount = 1
    MeshOrigin = { X=-0, Y=-0, Z=-0 }
    MeshScale = { X=1, Y=1, Z=1 }
    RotOrigin = { Yaw=0, Pitch=0, Roll=0 }
    BoneCount = 1
