Found 19856 game files (132 skipped)
Loading package: 00009305.upk Ver: 573/1 Engine: 4205 Names: 109 Exports: 111 Imports: 16 Game: 801A
Loading SkeletalMesh3 040015_JinF from package 00009305.upk
Loading package: 00009304.upk Ver: 573/1 Engine: 4205 Names: 79 Exports: 1 Imports: 21 Game: 801A
Loading SkeletalMesh3 040015_JinF_col2 from package 00009305.upk
Loading package: 00010541.upk Ver: 573/1 Engine: 4205 Names: 79 Exports: 1 Imports: 21 Game: 801A
Loading SkeletalMesh3 040015_JinF_col3 from package 00009305.upk
Loading package: 00010544.upk Ver: 573/1 Engine: 4205 Names: 79 Exports: 1 Imports: 21 Game: 801A
Loading MaterialInstanceConstant col1 from package 00009304.upk
Loading package: 00009303.upk Ver: 573/1 Engine: 4205 Names: 34 Exports: 6 Imports: 2 Game: 801A
Loading package: 00002640.upk Ver: 573/1 Engine: 4205 Names: 340 Exports: 556 Imports: 5 Game: 801A
Loading package: 00002620.upk Ver: 573/1 Engine: 4205 Names: 560 Exports: 6612 Imports: 96 Game: 801A
Loading MaterialInstanceConstant col2 from package 00010541.upk
Loading MaterialInstanceConstant Col3 from package 00010544.upk
Loading Texture2D 65012hat_JinF_col1_D from package 00009303.upk
Loading Texture2D 65012hat_JinF_col1_S from package 00009303.upk
Loading Texture2D 65012hat_JinF_col1_N from package 00009303.upk
Loading Texture2D 65012hat_JinF_col1_M from package 00009303.upk
Loading Texture2D mirror2_UP from package 00002640.upk
Loading Material3 Hair_Ac from package 00002620.upk
Loading package: 00012963.upk Ver: 573/1 Engine: 4205 Names: 1223 Exports: 1198 Imports: 10 Game: 801A
Loading Texture2D 65012hat_JinF_col1_D2 from package 00009303.upk
Loading Texture2D 65012hat_JinF_col1_D3 from package 00009303.upk
Loading Texture2D check_n from package 00002620.upk
Loading Texture2D Noise_Glass_000 from package 00012963.upk
Loading Texture2D Smoke_Pattern_000 from package 00012963.upk
Loading Texture2D Smoke_Pattern_001 from package 00012963.upk
Loading Texture2D Gradient_Wipe_BurnOut_Mask_TEST from package 00012963.upk
Loading Texture2D Gradient_Wipe_BurnOut_Mask from package 00012963.upk
Loading Texture2D check from package 00002620.upk
Loading Texture2D Gradient_Line_003 from package 00012963.upk
Loaded in 0.1 sec, 3084 allocs, 1.99 MBytes serialized in 256595 calls.

Object info:
============
ClassName: SkeletalMesh3 ObjectName: 040015_JinF

    LODInfo[1] =
    {
        LODInfo[0] =
        {
            DisplayFactor = 0
            LODHysteresis = 0.02
            LODMaterialMap[0] = {}
            bEnableShadowCasting[1] = { true }
        }
    }
    Sockets[0] = {}
    bHasVertexColors = false
    EnableTwistBoneFixers = true
    EnableClavicleFixer = true
    Materials[1] = { MaterialInstanceConstant'col1' }


    Lods[1] =
    {
        Lods[0] =
        {
            Sections[1] =
            {
                Sections[0] = { Material=MaterialInstanceConstant'col1', FirstIndex=0, NumFaces=972 }
            }
            NumVerts = 904
            IndexCount = 2916
            NumTexCoords = 1
        }
    }
    LodCount = 1
    MeshOrigin = { X=-0, Y=-0, Z=-0 }
    MeshScale = { X=1, Y=1, Z=1 }
    RotOrigin = { Yaw=0, Pitch=0, Roll=0 }
    BoneCount = 17

Object info:
============
ClassName: SkeletalMesh3 ObjectName: 040015_JinF_col2

    LODInfo[1] =
    {
        LODInfo[0] =
        {
            DisplayFactor = 0
            LODHysteresis = 0.02
            LODMaterialMap[0] = {}
            bEnableShadowCasting[1] = { true }
        }
    }
    Sockets[0] = {}
    bHasVertexColors = false
    EnableTwistBoneFixers = true
    EnableClavicleFixer = true
    Materials[1] = { MaterialInstanceConstant'col2' }


    Lods[1] =
    {
        Lods[0] =
        {
            Sections[1] =
            {
                Sections[0] = { Material=MaterialInstanceConstant'col2', FirstIndex=0, NumFaces=972 }
            }
            NumVerts = 904
            IndexCount = 2916
            NumTexCoords = 1
        }
    }
    LodCount = 1
    MeshOrigin = { X=-0, Y=-0, Z=-0 }
    MeshScale = { X=1, Y=1, Z=1 }
    RotOrigin = { Yaw=0, Pitch=0, Roll=0 }
    BoneCount = 17

Object info:
============
ClassName: SkeletalMesh3 ObjectName: 040015_JinF_col3

    LODInfo[1] =
    {
        LODInfo[0] =
        {
            DisplayFactor = 0
            LODHysteresis = 0.02
            LODMaterialMap[0] = {}
            bEnableShadowCasting[1] = { true }
        }
    }
    Sockets[0] = {}
    bHasVertexColors = false
    EnableTwistBoneFixers = true
    EnableClavicleFixer = true
    Materials[1] = { MaterialInstanceConstant'Col3' }


    Lods[1] =
    {
        Lods[0] =
        {
            Sections[1] =
            {
                Sections[0] = { Material=MaterialInstanceConstant'Col3', FirstIndex=0, NumFaces=972 }
            }
            NumVerts = 904
            IndexCount = 2916
            NumTexCoords = 1
        }
    }
    LodCount = 1
    MeshOrigin = { X=-0, Y=-0, Z=-0 }
    MeshScale = { X=1, Y=1, Z=1 }
    RotOrigin = { Yaw=0, Pitch=0, Roll=0 }
    BoneCount = 17
