Found 16186 game files (0 skipped)
Loading package: 00007685.upk Ver: 573/1 Engine: 4205 Names: 78 Exports: 1 Imports: 18 Game: 801A
Loading MaterialInstanceConstant col3 from package 00007685.upk
Loading package: 00002634.upk Ver: 573/1 Engine: 4205 Names: 37 Exports: 9 Imports: 2 Game: 801A
Loading package: 00002640.upk Ver: 573/1 Engine: 4205 Names: 340 Exports: 556 Imports: 5 Game: 801A
Loading package: 00002620.upk Ver: 573/1 Engine: 4205 Names: 500 Exports: 5733 Imports: 89 Game: 801A
Loading Texture2D ScorpionTurtle_N_col3 from package 00002634.upk
Loading Texture2D ScorpionTurtle_m1 from package 00002634.upk
Loading Texture2D ScorpionTurtle_D_col3 from package 00002634.upk
Loading Texture2D ScorpionTurtle_S_col3 from package 00002634.upk
Loading TextureCube Cube_D from package 00002640.upk
Loading Material3 Basic from package 00002620.upk
Loading package: 00012963.upk Ver: 573/1 Engine: 4205 Names: 1199 Exports: 1162 Imports: 10 Game: 801A
Loading Texture2D CubemapFace0 from package 00002640.upk
Loading Texture2D CubemapFace1 from package 00002640.upk
Loading Texture2D CubemapFace2 from package 00002640.upk
Loading Texture2D CubemapFace3 from package 00002640.upk
Loading Texture2D CubemapFace4 from package 00002640.upk
Loading Texture2D CubemapFace5 from package 00002640.upk
Loading Texture2D check_n from package 00002620.upk
Loading Texture2D check from package 00002620.upk
Loading Texture2D Smoke_Pattern_001 from package 00012963.upk
Loading Texture2D Gradient_Line_003 from package 00012963.upk
Loading Texture2D Gradient_Wipe_BurnOut_Mask_TEST from package 00012963.upk
Loading Texture2D Gradient_Wipe_BurnOut_Mask from package 00012963.upk
Loaded in 0.083 sec, 2609 allocs, 1.04 MBytes serialized in 144869 calls.

Object info:
============
ClassName: MaterialInstanceConstant ObjectName: col3

    ScalarParameterValues[3] =
    {
        ScalarParameterValues[0] = { ParameterName=Glossiness1, ParameterValue=1 }
        ScalarParameterValues[1] = { ParameterName=Glossiness2, ParameterValue=35 }
        ScalarParameterValues[2] = { ParameterName=Specular_value, ParameterValue=1.5 }
    }
    TextureParameterValues[5] =
    {
        TextureParameterValues[0] = { ParameterName=Normal, ParameterValue=Texture2D'ScorpionTurtle_N_col3' }
        TextureParameterValues[1] = { ParameterName=Mask_GB, ParameterValue=Texture2D'ScorpionTurtle_m1' }
        TextureParameterValues[2] = { ParameterName=Diffuse, ParameterValue=Texture2D'ScorpionTurtle_D_col3' }
        TextureParameterValues[3] = { ParameterName=Specular, ParameterValue=Texture2D'ScorpionTurtle_S_col3' }
        TextureParameterValues[4] = { ParameterName=rf_cube, ParameterValue=TextureCube'Cube_D' }
    }
    VectorParameterValues[0] = {}
    Parent = Material3'Basic'
    FlattenedTexture = None
    MobileBaseTexture = None
    MobileNormalTexture = None
    bUseMobileSpecular = false
    MobileSpecularPower = 16
    MobileSpecularMask = MSM_Constant (0)
    MobileMaskTexture = None
