Found 18875 game files (36 skipped)
Loading package: 00003458.upk Ver: 573/1 Engine: 4205 Names: 63 Exports: 8 Imports: 10 Game: 801A
Loading SkeletalMesh3 GonM_005 from package 00003458.upk
Loading package: 00003457.upk Ver: 573/1 Engine: 4205 Names: 54 Exports: 3 Imports: 18 Game: 801A
Loading MaterialInstanceConstant col1 from package 00003457.upk
Loading package: 00003456.upk Ver: 573/1 Engine: 4205 Names: 31 Exports: 3 Imports: 4 Game: 801A
Loading package: 00002620.upk Ver: 573/1 Engine: 4205 Names: 560 Exports: 6612 Imports: 96 Game: 801A
Loading Texture2D GonM_005_col1_d from package 00003456.upk
Loading Texture2D GonM_005_col1_n from package 00003456.upk
WARNING: BoolProperty "UTexture2D::bDisableLoadSwitch" was not found
Loading Material3 Beard_Ac from package 00002620.upk
Loading package: 00012963.upk Ver: 573/1 Engine: 4205 Names: 1219 Exports: 1194 Imports: 10 Game: 801A
Loading package: 00008613.upk Ver: 573/1 Engine: 4205 Names: 95 Exports: 6 Imports: 12 Game: 801A
Loading Texture2D check_n from package 00002620.upk
Loading Texture2D Noise_Glass_000 from package 00012963.upk
Loading Texture2D Smoke_Pattern_001 from package 00012963.upk
Loading Texture2D Gradient_Wipe_BurnOut_Mask_TEST from package 00012963.upk
Loading Texture2D Gradient_Wipe_BurnOut_Mask from package 00012963.upk
Loading Texture2D check from package 00002620.upk
Loading Texture2D Gradient_Line_003 from package 00012963.upk
Loading Texture2D Nothing_A from package 00008613.upk
Loaded in 0.064 sec, 2355 allocs, 1.22 MBytes serialized in 192218 calls.

Object info:
============
ClassName: SkeletalMesh3 ObjectName: GonM_005

    LODInfo[1] =
    {
        LODInfo[0] =
        {
            DisplayFactor = 0
            LODHysteresis = 0.02
            LODMaterialMap[0] = {}
            bEnableShadowCasting[1] = { true }
        }
    }
    Sockets[0] = {}
    bHasVertexColors = false
    EnableTwistBoneFixers = true
    EnableClavicleFixer = true
    Materials[1] = { MaterialInstanceConstant'col1' }


    Lods[1] =
    {
        Lods[0] =
        {
            Sections[1] =
            {
                Sections[0] = { Material=MaterialInstanceConstant'col1', FirstIndex=0, NumFaces=1254 }
            }
            NumVerts = 1131
            IndexCount = 3762
            NumTexCoords = 1
        }
    }
    LodCount = 1
    MeshOrigin = { X=-0, Y=-0, Z=-0 }
    MeshScale = { X=1, Y=1, Z=1 }
    RotOrigin = { Yaw=0, Pitch=0, Roll=0 }
    BoneCount = 9
