Found 21974 game files (0 skipped)
Loading package: 00009864.upk Ver: 573/1 Engine: 4205 Names: 263 Exports: 181 Imports: 30 Game: 801A
Loading SkeletalMesh3 65017_JinM from package 00009864.upk
WARNING: ObjectProperty "USkeletalMesh3::PhysMaterialOverride" was not found
WARNING: ObjectProperty "USkeletalMesh3::PlaySoundSet" was not found
WARNING: FloatProperty "USkeletalMesh3::AddFootOffsetValue" was not found
WARNING: FloatProperty "USkeletalMesh3::AnimNameHeight" was not found
WARNING: FloatProperty "USkeletalMesh3::NormalNameHeight" was not found
WARNING: ArrayProperty "USkeletalMesh3::NameplateMeshScaleRatio" was not found
WARNING: StructProperty "USkeletalMesh3::NameplateHeightRatio" was not found
WARNING: ArrayProperty "USkeletalMesh3::MeshScaleRatio" was not found
WARNING: StructProperty "USkeletalMesh3::HeightRatio" was not found
WARNING: StructProperty "USkeletalMesh3::HandRatio" was not found
WARNING: ByteProperty "USkeletalMesh3::CommonPhysicsUseFlag" was not found
WARNING: FloatProperty "USkeletalMesh3::PhysicalHitScale" was not found
Loading package: 00009863.upk Ver: 573/1 Engine: 4205 Names: 78 Exports: 1 Imports: 19 Game: 801A
Loading SkeletalMeshSocket SkeletalMeshSocket_391 from package 00009864.upk
WARNING: ObjectProperty "USkeletalMeshSocket::PreviewSkelMesh" was not found
Loading SkeletalMeshSocket SkeletalMeshSocket_392 from package 00009864.upk
WARNING: ObjectProperty "USkeletalMeshSocket::PreviewSkelMesh" was not found
Loading SkeletalMeshSocket SkeletalMeshSocket_393 from package 00009864.upk
WARNING: ObjectProperty "USkeletalMeshSocket::PreviewSkelMesh" was not found
Loading SkeletalMeshSocket SkeletalMeshSocket_394 from package 00009864.upk
WARNING: ObjectProperty "USkeletalMeshSocket::PreviewSkelMesh" was not found
Loading SkeletalMeshSocket SkeletalMeshSocket_395 from package 00009864.upk
WARNING: ObjectProperty "USkeletalMeshSocket::PreviewSkelMesh" was not found
Loading SkeletalMeshSocket SkeletalMeshSocket_396 from package 00009864.upk
WARNING: ObjectProperty "USkeletalMeshSocket::PreviewSkelMesh" was not found
Loading SkeletalMeshSocket SkeletalMeshSocket_397 from package 00009864.upk
WARNING: ObjectProperty "USkeletalMeshSocket::PreviewSkelMesh" was not found
Loading SkeletalMeshSocket SkeletalMeshSocket_398 from package 00009864.upk
Loading SkeletalMeshSocket SkeletalMeshSocket_399 from package 00009864.upk
WARNING: ObjectProperty "USkeletalMeshSocket::PreviewSkelMesh" was not found
Loading SkeletalMeshSocket SkeletalMeshSocket_400 from package 00009864.upk
WARNING: ObjectProperty "USkeletalMeshSocket::PreviewSkelMesh" was not found
Loading SkeletalMeshSocket SkeletalMeshSocket_401 from package 00009864.upk
WARNING: ObjectProperty "USkeletalMeshSocket::PreviewSkelMesh" was not found
Loading SkeletalMeshSocket SkeletalMeshSocket_402 from package 00009864.upk
WARNING: ObjectProperty "USkeletalMeshSocket::PreviewSkelMesh" was not found
Loading SkeletalMeshSocket SkeletalMeshSocket_403 from package 00009864.upk
WARNING: ObjectProperty "USkeletalMeshSocket::PreviewSkelMesh" was not found
Loading SkeletalMeshSocket SkeletalMeshSocket_404 from package 00009864.upk
WARNING: ObjectProperty "USkeletalMeshSocket::PreviewSkelMesh" was not found
Loading SkeletalMeshSocket SkeletalMeshSocket_405 from package 00009864.upk
Loading SkeletalMeshSocket SkeletalMeshSocket_406 from package 00009864.upk
Loading SkeletalMeshSocket SkeletalMeshSocket_407 from package 00009864.upk
Loading SkeletalMeshSocket SkeletalMeshSocket_408 from package 00009864.upk
WARNING: BoolProperty "USkeletalMeshSocket::bParticleAttachPosOnly" was not found
Loading SkeletalMeshSocket SkeletalMeshSocket_409 from package 00009864.upk
WARNING: ObjectProperty "USkeletalMeshSocket::PreviewSkelMesh" was not found
Loading SkeletalMeshSocket SkeletalMeshSocket_410 from package 00009864.upk
Loading SkeletalMeshSocket SkeletalMeshSocket_411 from package 00009864.upk
Loading SkeletalMeshSocket SkeletalMeshSocket_412 from package 00009864.upk
Loading SkeletalMeshSocket SkeletalMeshSocket_413 from package 00009864.upk
Loading SkeletalMeshSocket SkeletalMeshSocket_414 from package 00009864.upk
Loading SkeletalMeshSocket SkeletalMeshSocket_415 from package 00009864.upk
Loading SkeletalMeshSocket SkeletalMeshSocket_416 from package 00009864.upk
Loading SkeletalMeshSocket SkeletalMeshSocket_417 from package 00009864.upk
Loading SkeletalMeshSocket SkeletalMeshSocket_418 from package 00009864.upk
Loading SkeletalMeshSocket SkeletalMeshSocket_419 from package 00009864.upk
Loading SkeletalMeshSocket SkeletalMeshSocket_420 from package 00009864.upk
Loading SkeletalMeshSocket SkeletalMeshSocket_421 from package 00009864.upk
Loading MaterialInstanceConstant col1 from package 00009863.upk
Loading package: 00009862.upk Ver: 573/1 Engine: 4205 Names: 38 Exports: 10 Imports: 2 Game: 801A
Loading package: 00002640.upk Ver: 573/1 Engine: 4205 Names: 340 Exports: 556 Imports: 5 Game: 801A
Loading package: 00002620.upk Ver: 573/1 Engine: 4205 Names: 560 Exports: 6612 Imports: 96 Game: 801A
Loading Texture2D Cloth_65017_JinM_col1_N from package 00009862.upk
Loading Texture2D Cloth_65017_JinM_col1_M from package 00009862.upk
Loading Texture2D Cloth_65017_JinM_col1_D from package 00009862.upk
Loading Texture2D Cloth_65017_JinM_col1_S from package 00009862.upk
Loading Texture2D Cube_B1 from package 00002640.upk
Loading Material3 Body from package 00002620.upk
Loading package: 00012963.upk Ver: 573/1 Engine: 4205 Names: 1236 Exports: 1211 Imports: 10 Game: 801A
Loading Texture2D check_n from package 00002620.upk
Loading Texture2D Noise_Glass_000 from package 00012963.upk
Loading Texture2D Smoke_Pattern_001 from package 00012963.upk
Loading Texture2D Gradient_Wipe_BurnOut_Mask_TEST from package 00012963.upk
Loading Texture2D Gradient_Wipe_BurnOut_Mask from package 00012963.upk
Loading Texture2D check from package 00002620.upk
Loading Texture2D Gradient_Line_003 from package 00012963.upk
Loaded in 0.11 sec, 2992 allocs, 2.09 MBytes serialized in 361575 calls.

Object info:
============
ClassName: SkeletalMesh3 ObjectName: 65017_JinM

    LODInfo[2] =
    {
        LODInfo[0] =
        {
            DisplayFactor = 0
            LODHysteresis = 0.02
            LODMaterialMap[0] = {}
            bEnableShadowCasting[2] = { true, true }
        }
        LODInfo[1] =
        {
            DisplayFactor = 0.25
            LODHysteresis = 0.02
            LODMaterialMap[1] = { 0 }
            bEnableShadowCasting[1] = { true }
        }
    }
    Sockets[31] =
    {
        Sockets[0] = SkeletalMeshSocket'65017_JinM.SkeletalMeshSocket_391'
        Sockets[1] = SkeletalMeshSocket'65017_JinM.SkeletalMeshSocket_392'
        Sockets[2] = SkeletalMeshSocket'65017_JinM.SkeletalMeshSocket_393'
        Sockets[3] = SkeletalMeshSocket'65017_JinM.SkeletalMeshSocket_394'
        Sockets[4] = SkeletalMeshSocket'65017_JinM.SkeletalMeshSocket_395'
        Sockets[5] = SkeletalMeshSocket'65017_JinM.SkeletalMeshSocket_396'
        Sockets[6] = SkeletalMeshSocket'65017_JinM.SkeletalMeshSocket_397'
        Sockets[7] = SkeletalMeshSocket'65017_JinM.SkeletalMeshSocket_398'
        Sockets[8] = SkeletalMeshSocket'65017_JinM.SkeletalMeshSocket_399'
        Sockets[9] = SkeletalMeshSocket'65017_JinM.SkeletalMeshSocket_400'
        Sockets[10] = SkeletalMeshSocket'65017_JinM.SkeletalMeshSocket_401'
        Sockets[11] = SkeletalMeshSocket'65017_JinM.SkeletalMeshSocket_402'
        Sockets[12] = SkeletalMeshSocket'65017_JinM.SkeletalMeshSocket_403'
        Sockets[13] = SkeletalMeshSocket'65017_JinM.SkeletalMeshSocket_404'
        Sockets[14] = SkeletalMeshSocket'65017_JinM.SkeletalMeshSocket_405'
        Sockets[15] = SkeletalMeshSocket'65017_JinM.SkeletalMeshSocket_406'
        Sockets[16] = SkeletalMeshSocket'65017_JinM.SkeletalMeshSocket_407'
        Sockets[17] = SkeletalMeshSocket'65017_JinM.SkeletalMeshSocket_408'
        Sockets[18] = SkeletalMeshSocket'65017_JinM.SkeletalMeshSocket_409'
        Sockets[19] = SkeletalMeshSocket'65017_JinM.SkeletalMeshSocket_410'
        Sockets[20] = SkeletalMeshSocket'65017_JinM.SkeletalMeshSocket_411'
        Sockets[21] = SkeletalMeshSocket'65017_JinM.SkeletalMeshSocket_412'
        Sockets[22] = SkeletalMeshSocket'65017_JinM.SkeletalMeshSocket_413'
        Sockets[23] = SkeletalMeshSocket'65017_JinM.SkeletalMeshSocket_414'
        Sockets[24] = SkeletalMeshSocket'65017_JinM.SkeletalMeshSocket_415'
        Sockets[25] = SkeletalMeshSocket'65017_JinM.SkeletalMeshSocket_416'
        Sockets[26] = SkeletalMeshSocket'65017_JinM.SkeletalMeshSocket_417'
        Sockets[27] = SkeletalMeshSocket'65017_JinM.SkeletalMeshSocket_418'
        Sockets[28] = SkeletalMeshSocket'65017_JinM.SkeletalMeshSocket_419'
        Sockets[29] = SkeletalMeshSocket'65017_JinM.SkeletalMeshSocket_420'
        Sockets[30] = SkeletalMeshSocket'65017_JinM.SkeletalMeshSocket_421'
    }
    bHasVertexColors = false
    EnableTwistBoneFixers = true
    EnableClavicleFixer = true
    Materials[1] = { MaterialInstanceConstant'col1' }


    Lods[2] =
    {
        Lods[0] =
        {
            Sections[2] =
            {
                Sections[0] = { Material=MaterialInstanceConstant'col1', FirstIndex=0, NumFaces=4915 }
                Sections[1] = { Material=MaterialInstanceConstant'col1', FirstIndex=14745, NumFaces=43 }
            }
            NumVerts = 3709
            IndexCount = 14874
            NumTexCoords = 1
        }
        Lods[1] =
        {
            Sections[1] =
            {
                Sections[0] = { Material=MaterialInstanceConstant'col1', FirstIndex=0, NumFaces=1365 }
            }
            NumVerts = 1285
            IndexCount = 4095
            NumTexCoords = 1
        }
    }
    LodCount = 2
    MeshOrigin = { X=-0, Y=-0, Z=-0 }
    MeshScale = { X=1, Y=1, Z=1 }
    RotOrigin = { Yaw=0, Pitch=0, Roll=0 }
    BoneCount = 98

Object info:
============
ClassName: SkeletalMeshSocket ObjectName: SkeletalMeshSocket_391

    SocketName = WeaponL
    BoneName = WeaponL
    RelativeLocation = { X=0, Y=0, Z=0 }
    RelativeRotation = { Yaw=0, Pitch=0, Roll=0 }
    RelativeScale = { X=1, Y=1, Z=1 }

Object info:
============
ClassName: SkeletalMeshSocket ObjectName: SkeletalMeshSocket_392

    SocketName = WeaponR
    BoneName = WeaponR
    RelativeLocation = { X=0, Y=0, Z=0 }
    RelativeRotation = { Yaw=0, Pitch=0, Roll=0 }
    RelativeScale = { X=1, Y=1, Z=1 }

Object info:
============
ClassName: SkeletalMeshSocket ObjectName: SkeletalMeshSocket_393

    SocketName = RF_R
    BoneName = B_Spine2_BR00
    RelativeLocation = { X=0, Y=-1.9, Z=0 }
    RelativeRotation = { Yaw=31857, Pitch=-13653, Roll=0 }
    RelativeScale = { X=1, Y=1, Z=1 }

Object info:
============
ClassName: SkeletalMeshSocket ObjectName: SkeletalMeshSocket_394

    SocketName = PT_R
    BoneName = B_Pelvis_BR00
    RelativeLocation = { X=-1.35, Y=-2.5, Z=-0.5 }
    RelativeRotation = { Yaw=-7463, Pitch=-10376, Roll=10194 }
    RelativeScale = { X=1, Y=1, Z=1 }

Object info:
============
ClassName: SkeletalMeshSocket ObjectName: SkeletalMeshSocket_395

    SocketName = PT_L
    BoneName = B_Pelvis_BL00
    RelativeLocation = { X=-0.72, Y=-2.6, Z=-1.2 }
    RelativeRotation = { Yaw=35498, Pitch=-10922, Roll=-6371 }
    RelativeScale = { X=1, Y=1, Z=1 }

Object info:
============
ClassName: SkeletalMeshSocket ObjectName: SkeletalMeshSocket_396

    SocketName = SW_L_A
    BoneName = B_Spine2_BL00
    RelativeLocation = { X=-7.1, Y=-1.5, Z=9.6 }
    RelativeRotation = { Yaw=32768, Pitch=27306, Roll=0 }
    RelativeScale = { X=1, Y=1, Z=1 }

Object info:
============
ClassName: SkeletalMeshSocket ObjectName: SkeletalMeshSocket_397

    SocketName = DG_A
    BoneName = B_Pelvis_BR00
    RelativeLocation = { X=-8.171, Y=-3.3356, Z=0.9788 }
    RelativeRotation = { Yaw=-14718, Pitch=-11723, Roll=15056 }
    RelativeScale = { X=1, Y=1, Z=1 }

Object info:
============
ClassName: SkeletalMeshSocket ObjectName: SkeletalMeshSocket_398

    SocketName = target_high
    BoneName = Bip01Head
    RelativeLocation = { X=0, Y=0, Z=0 }
    RelativeRotation = { Yaw=0, Pitch=0, Roll=0 }
    RelativeScale = { X=1, Y=1, Z=1 }

Object info:
============
ClassName: SkeletalMeshSocket ObjectName: SkeletalMeshSocket_399

    SocketName = Phantom_Sword_01
    BoneName = Root
    RelativeLocation = { X=-39.6754, Y=-37.9428, Z=53.4677 }
    RelativeRotation = { Yaw=1268, Pitch=-1560, Roll=-7343 }
    RelativeScale = { X=1, Y=1, Z=1 }

Object info:
============
ClassName: SkeletalMeshSocket ObjectName: SkeletalMeshSocket_400

    SocketName = Phantom_Sword_02
    BoneName = Root
    RelativeLocation = { X=-31.9216, Y=-29.3477, Z=61.4282 }
    RelativeRotation = { Yaw=1487, Pitch=-3411, Roll=-5466 }
    RelativeScale = { X=1, Y=1, Z=1 }

Object info:
============
ClassName: SkeletalMeshSocket ObjectName: SkeletalMeshSocket_401

    SocketName = Phantom_Sword_03
    BoneName = Root
    RelativeLocation = { X=-26.345, Y=-20.4791, Z=68.4499 }
    RelativeRotation = { Yaw=975, Pitch=-4403, Roll=-3329 }
    RelativeScale = { X=1, Y=1, Z=1 }

Object info:
============
ClassName: SkeletalMeshSocket ObjectName: SkeletalMeshSocket_402

    SocketName = Phantom_Sword_04
    BoneName = Root
    RelativeLocation = { X=-23.8389, Y=-10.9465, Z=74.1491 }
    RelativeRotation = { Yaw=327, Pitch=-4469, Roll=-1294 }
    RelativeScale = { X=1, Y=1, Z=1 }

Object info:
============
ClassName: SkeletalMeshSocket ObjectName: SkeletalMeshSocket_403

    SocketName = Phantom_Sword_05
    BoneName = Root
    RelativeLocation = { X=-26.0565, Y=0.762362, Z=78.5166 }
    RelativeRotation = { Yaw=0, Pitch=-4694, Roll=0 }
    RelativeScale = { X=1, Y=1, Z=1 }

Object info:
============
ClassName: SkeletalMeshSocket ObjectName: SkeletalMeshSocket_404

    SocketName = Phantom_Sword_06
    BoneName = Root
    RelativeLocation = { X=-29.5548, Y=13.2186, Z=81.1458 }
    RelativeRotation = { Yaw=-700, Pitch=-4369, Roll=1518 }
    RelativeScale = { X=1, Y=1, Z=1 }

Object info:
============
ClassName: SkeletalMeshSocket ObjectName: SkeletalMeshSocket_405

    SocketName = Catch_Neck
    BoneName = Bip01Neck
    RelativeLocation = { X=0, Y=0, Z=0 }
    RelativeRotation = { Yaw=0, Pitch=0, Roll=0 }
    RelativeScale = { X=1, Y=1, Z=1 }

Object info:
============
ClassName: SkeletalMeshSocket ObjectName: SkeletalMeshSocket_406

    SocketName = socket_force
    BoneName = Root
    RelativeLocation = { X=40, Y=33, Z=7 }
    RelativeRotation = { Yaw=0, Pitch=0, Roll=0 }
    RelativeScale = { X=1, Y=1, Z=1 }

Object info:
============
ClassName: SkeletalMeshSocket ObjectName: SkeletalMeshSocket_407

    SocketName = Mount_Socket
    BoneName = Root
    RelativeLocation = { X=0, Y=0, Z=0 }
    RelativeRotation = { Yaw=32768, Pitch=0, Roll=0 }
    RelativeScale = { X=1, Y=1, Z=1 }

Object info:
============
ClassName: SkeletalMeshSocket ObjectName: SkeletalMeshSocket_408

    SocketName = ATTACH_EFFECT
    BoneName = Bip01
    RelativeLocation = { X=0, Y=0, Z=0 }
    RelativeRotation = { Yaw=0, Pitch=0, Roll=0 }
    RelativeScale = { X=1, Y=1, Z=1 }

Object info:
============
ClassName: SkeletalMeshSocket ObjectName: SkeletalMeshSocket_409

    SocketName = X_Root_Find_Test
    BoneName = Root
    RelativeLocation = { X=0, Y=0, Z=0 }
    RelativeRotation = { Yaw=0, Pitch=0, Roll=0 }
    RelativeScale = { X=1, Y=1, Z=1 }

Object info:
============
ClassName: SkeletalMeshSocket ObjectName: SkeletalMeshSocket_410

    SocketName = Mount_Ambar_Socket
    BoneName = Bip01LClavicle
    RelativeLocation = { X=-10, Y=-2, Z=-12 }
    RelativeRotation = { Yaw=-285, Pitch=9970, Roll=22850 }
    RelativeScale = { X=1, Y=1, Z=1 }

Object info:
============
ClassName: SkeletalMeshSocket ObjectName: SkeletalMeshSocket_411

    SocketName = Mount_Choke_Socket
    BoneName = Root
    RelativeLocation = { X=1.5, Y=0, Z=0 }
    RelativeRotation = { Yaw=32768, Pitch=0, Roll=0 }
    RelativeScale = { X=1, Y=1, Z=1 }

Object info:
============
ClassName: SkeletalMeshSocket ObjectName: SkeletalMeshSocket_412

    SocketName = Decap_Socket
    BoneName = Bip01Neck
    RelativeLocation = { X=0, Y=0, Z=0 }
    RelativeRotation = { Yaw=0, Pitch=0, Roll=0 }
    RelativeScale = { X=1, Y=1, Z=1 }

Object info:
============
ClassName: SkeletalMeshSocket ObjectName: SkeletalMeshSocket_413

    SocketName = Socket_Caster
    BoneName = Root
    RelativeLocation = { X=0, Y=0, Z=0 }
    RelativeRotation = { Yaw=32768, Pitch=0, Roll=0 }
    RelativeScale = { X=1, Y=1, Z=1 }

Object info:
============
ClassName: SkeletalMeshSocket ObjectName: SkeletalMeshSocket_414

    SocketName = SD_A
    BoneName = BoneShoulderTwistL01
    RelativeLocation = { X=-1.3, Y=-1.56, Z=5.68 }
    RelativeRotation = { Yaw=-18659, Pitch=-3640, Roll=18841 }
    RelativeScale = { X=1, Y=1, Z=1 }

Object info:
============
ClassName: SkeletalMeshSocket ObjectName: SkeletalMeshSocket_415

    SocketName = Soul_a_1
    BoneName = Root
    RelativeLocation = { X=-20, Y=15, Z=85 }
    RelativeRotation = { Yaw=0, Pitch=0, Roll=0 }
    RelativeScale = { X=1, Y=1, Z=1 }

Object info:
============
ClassName: SkeletalMeshSocket ObjectName: SkeletalMeshSocket_416

    SocketName = Soul_b_1
    BoneName = Root
    RelativeLocation = { X=-22, Y=25, Z=70 }
    RelativeRotation = { Yaw=0, Pitch=0, Roll=0 }
    RelativeScale = { X=1, Y=1, Z=1 }

Object info:
============
ClassName: SkeletalMeshSocket ObjectName: SkeletalMeshSocket_417

    SocketName = Soul_b_2
    BoneName = Root
    RelativeLocation = { X=-14, Y=-25, Z=82 }
    RelativeRotation = { Yaw=0, Pitch=0, Roll=0 }
    RelativeScale = { X=1, Y=1, Z=1 }

Object info:
============
ClassName: SkeletalMeshSocket ObjectName: SkeletalMeshSocket_418

    SocketName = Soul_c_1
    BoneName = Root
    RelativeLocation = { X=-4, Y=37, Z=71 }
    RelativeRotation = { Yaw=0, Pitch=0, Roll=0 }
    RelativeScale = { X=1, Y=1, Z=1 }

Object info:
============
ClassName: SkeletalMeshSocket ObjectName: SkeletalMeshSocket_419

    SocketName = Soul_c_2
    BoneName = Root
    RelativeLocation = { X=-20, Y=-30, Z=58 }
    RelativeRotation = { Yaw=0, Pitch=0, Roll=0 }
    RelativeScale = { X=1, Y=1, Z=1 }

Object info:
============
ClassName: SkeletalMeshSocket ObjectName: SkeletalMeshSocket_420

    SocketName = Soul_c_3
    BoneName = Root
    RelativeLocation = { X=-17, Y=-9, Z=99 }
    RelativeRotation = { Yaw=0, Pitch=0, Roll=0 }
    RelativeScale = { X=1, Y=1, Z=1 }

Object info:
============
ClassName: SkeletalMeshSocket ObjectName: SkeletalMeshSocket_421

    SocketName = Socket_Rosary
    BoneName = Bip01LForeArm
    RelativeLocation = { X=10, Y=0, Z=0 }
    RelativeRotation = { Yaw=0, Pitch=0, Roll=0 }
    RelativeScale = { X=1, Y=1, Z=1 }
