Found 19856 game files (132 skipped)
Loading package: 00006344.upk Ver: 573/1 Engine: 4205 Names: 447 Exports: 114 Imports: 121 Game: 801A
Loading AnimSet BelliedFireFrog_animset from package 00006344.upk
WARNING: BoolProperty "UAnimSet::bServiced" was not found
WARNING: ArrayProperty "UAnimSet::NonAniScaleBoneNames" was not found
WARNING: ArrayProperty "UAnimSet::AdjustAniScaleBoneNames" was not found
WARNING: ArrayProperty "UAnimSet::RefSequences" was not found
WARNING: ArrayProperty "UAnimSet::PhysicalHitBoneNames" was not found
WARNING: ArrayProperty "UAnimSet::WeaponSlotSocketNames" was not found
Loading AnimSequence AnimSequence_0 from package 00006344.upk
WARNING: BoolProperty "UAnimSequence::bIgnoreAimControl" was not found
WARNING: BoolProperty "UAnimSequence::bServiced" was not found
WARNING: ByteProperty "UAnimSequence::WeaponRLocType" was not found
Loading AnimSequence AnimSequence_1 from package 00006344.upk
WARNING: BoolProperty "UAnimSequence::bServiced" was not found
WARNING: ByteProperty "UAnimSequence::WeaponRLocType" was not found
Loading AnimSequence AnimSequence_16 from package 00006344.upk
WARNING: BoolProperty "UAnimSequence::bServiced" was not found
WARNING: ByteProperty "UAnimSequence::NamePlateControlMode" was not found
Loading AnimSequence AnimSequence_22 from package 00006344.upk
WARNING: BoolProperty "UAnimSequence::bUseSlopeRotation" was not found
WARNING: BoolProperty "UAnimSequence::bUseCustomForceAnim" was not found
WARNING: BoolProperty "UAnimSequence::bServiced" was not found
Loading AnimSequence AnimSequence_23 from package 00006344.upk
WARNING: BoolProperty "UAnimSequence::bIgnoreAimControl" was not found
WARNING: BoolProperty "UAnimSequence::bServiced" was not found
WARNING: ByteProperty "UAnimSequence::WeaponRLocType" was not found
Loading AnimSequence AnimSequence_26 from package 00006344.upk
WARNING: BoolProperty "UAnimSequence::bIgnoreAimControl" was not found
WARNING: BoolProperty "UAnimSequence::bServiced" was not found
WARNING: ByteProperty "UAnimSequence::WeaponRLocType" was not found
Loading AnimSequence AnimSequence_27 from package 00006344.upk
WARNING: BoolProperty "UAnimSequence::bServiced" was not found
WARNING: ByteProperty "UAnimSequence::WeaponRLocType" was not found
Loading AnimSequence AnimSequence_28 from package 00006344.upk
WARNING: BoolProperty "UAnimSequence::bServiced" was not found
WARNING: ByteProperty "UAnimSequence::WeaponRLocType" was not found
Loading AnimSequence AnimSequence_29 from package 00006344.upk
WARNING: BoolProperty "UAnimSequence::bServiced" was not found
WARNING: ByteProperty "UAnimSequence::WeaponRLocType" was not found
Loading AnimSequence AnimSequence_3 from package 00006344.upk
WARNING: BoolProperty "UAnimSequence::bIgnoreAimControl" was not found
WARNING: BoolProperty "UAnimSequence::bServiced" was not found
WARNING: ByteProperty "UAnimSequence::WeaponRLocType" was not found
Loading AnimSequence AnimSequence_32 from package 00006344.upk
WARNING: BoolProperty "UAnimSequence::bIgnoreFootAimControl" was not found
WARNING: BoolProperty "UAnimSequence::bUseSlopeRotation" was not found
WARNING: BoolProperty "UAnimSequence::bServiced" was not found
WARNING: ByteProperty "UAnimSequence::WeaponRLocType" was not found
Loading AnimSequence AnimSequence_34 from package 00006344.upk
WARNING: BoolProperty "UAnimSequence::bServiced" was not found
WARNING: ByteProperty "UAnimSequence::WeaponRLocType" was not found
Loading AnimSequence AnimSequence_35 from package 00006344.upk
WARNING: BoolProperty "UAnimSequence::bServiced" was not found
WARNING: ByteProperty "UAnimSequence::WeaponRLocType" was not found
Loading AnimSequence AnimSequence_36 from package 00006344.upk
WARNING: BoolProperty "UAnimSequence::bUseCustomForceAnim" was not found
WARNING: BoolProperty "UAnimSequence::bServiced" was not found
WARNING: ByteProperty "UAnimSequence::WeaponRLocType" was not found
WARNING: ByteProperty "UAnimSequence::NamePlateControlMode" was not found
Loading AnimSequence AnimSequence_39 from package 00006344.upk
WARNING: BoolProperty "UAnimSequence::bUseCustomForceAnim" was not found
WARNING: BoolProperty "UAnimSequence::bServiced" was not found
WARNING: ByteProperty "UAnimSequence::WeaponRLocType" was not found
Loading AnimSequence AnimSequence_4 from package 00006344.upk
WARNING: BoolProperty "UAnimSequence::bUseCustomForceAnim" was not found
WARNING: BoolProperty "UAnimSequence::bServiced" was not found
WARNING: ByteProperty "UAnimSequence::WeaponRLocType" was not found
Loading AnimSequence AnimSequence_40 from package 00006344.upk
WARNING: BoolProperty "UAnimSequence::bIgnoreAimControl" was not found
WARNING: BoolProperty "UAnimSequence::bServiced" was not found
WARNING: ByteProperty "UAnimSequence::WeaponRLocType" was not found
Loading AnimSequence AnimSequence_41 from package 00006344.upk
WARNING: BoolProperty "UAnimSequence::bUseCustomForceAnim" was not found
WARNING: BoolProperty "UAnimSequence::bServiced" was not found
WARNING: ByteProperty "UAnimSequence::WeaponRLocType" was not found
Loading AnimSequence AnimSequence_43 from package 00006344.upk
WARNING: BoolProperty "UAnimSequence::bServiced" was not found
WARNING: ByteProperty "UAnimSequence::WeaponRLocType" was not found
Loading AnimSequence AnimSequence_45 from package 00006344.upk
WARNING: BoolProperty "UAnimSequence::bIgnoreAimControl" was not found
WARNING: BoolProperty "UAnimSequence::bServiced" was not found
WARNING: ByteProperty "UAnimSequence::WeaponRLocType" was not found
Loading AnimSequence AnimSequence_47 from package 00006344.upk
WARNING: BoolProperty "UAnimSequence::bIgnoreAimControl" was not found
WARNING: BoolProperty "UAnimSequence::bServiced" was not found
WARNING: ByteProperty "UAnimSequence::WeaponRLocType" was not found
WARNING: ByteProperty "UAnimSequence::NamePlateControlMode" was not found
Loading AnimSequence AnimSequence_5 from package 00006344.upk
WARNING: BoolProperty "UAnimSequence::bServiced" was not found
WARNING: ByteProperty "UAnimSequence::WeaponRLocType" was not found
Loading AnimSequence AnimSequence_6 from package 00006344.upk
WARNING: BoolProperty "UAnimSequence::bIgnoreAimControl" was not found
WARNING: BoolProperty "UAnimSequence::bServiced" was not found
WARNING: ByteProperty "UAnimSequence::WeaponRLocType" was not found
Error: Command failed: ******** 00006344 ********
*** unknown member ACF_ZOnlyRLE of enum AnimationCompressionFormat
*** unknown member ACF_ZOnlyRLE of enum AnimationCompressionFormat
*** unknown member ACF_ZOnlyRLE of enum AnimationCompressionFormat
*** unknown member ACF_ZOnlyRLE of enum AnimationCompressionFormat
*** unknown member ACF_ZOnlyRLE of enum AnimationCompressionFormat
*** unknown member ACF_ZOnlyRLE of enum AnimationCompressionFormat
*** unknown member ACF_ZOnlyRLE of enum AnimationCompressionFormat
*** unknown member ACF_ZOnlyRLE of enum AnimationCompressionFormat
*** unknown member ACF_ZOnlyRLE of enum AnimationCompressionFormat
*** unknown member ACF_ZOnlyRLE of enum AnimationCompressionFormat
*** unknown member ACF_ZOnlyRLE of enum AnimationCompressionFormat
*** unknown member ACF_ZOnlyRLE of enum AnimationCompressionFormat
*** unknown member ACF_ZOnlyRLE of enum AnimationCompressionFormat
*** unknown member ACF_ZOnlyRLE of enum AnimationCompressionFormat
*** unknown member ACF_ZOnlyRLE of enum AnimationCompressionFormat
*** unknown member ACF_ZOnlyRLE of enum AnimationCompressionFormat
*** unknown member ACF_ZOnlyRLE of enum AnimationCompressionFormat
*** unknown member ACF_ZOnlyRLE of enum AnimationCompressionFormat
*** unknown member ACF_ZOnlyRLE of enum AnimationCompressionFormat
*** unknown member ACF_ZOnlyRLE of enum AnimationCompressionFormat
*** unknown member ACF_ZOnlyRLE of enum AnimationCompressionFormat
*** unknown member ACF_ZOnlyRLE of enum AnimationCompressionFormat
*** unknown member ACF_ZOnlyRLE of enum AnimationCompressionFormat
*** AnimSequence BelliedFireFrog_animset/AA_A_None_Bat_Dead has wrong CompressedTrackOffsets size (has 488, expected 528), removing track
*** AnimSequence BelliedFireFrog_animset/AA_A_None_Bat_DeadStay has wrong CompressedTrackOffsets size (has 488, expected 528), removing track
*** AnimSequence BelliedFireFrog_animset/AA_A_None_Soc_Spawn has wrong CompressedTrackOffsets size (has 488, expected 528), removing track
*** AnimSequence BelliedFireFrog_animset/AA_P_None_Soc_Idle1 has wrong CompressedTrackOffsets size (has 488, expected 528), removing track
*** AnimSequence BelliedFireFrog_animset/AA_P_None_Soc_Idle2 has wrong CompressedTrackOffsets size (has 488, expected 528), removing track
*** AnimSequence BelliedFireFrog_animset/SW_A_None_Mov_RunFront has wrong CompressedTrackOffsets size (has 488, expected 528), removing track
*** AnimSequence BelliedFireFrog_animset/SW_A_None_Mov_RunFront1 has wrong CompressedTrackOffsets size (has 488, expected 528), removing track
*** AnimSequence BelliedFireFrog_animset/SW_A_None_Mov_RunFront2 has wrong CompressedTrackOffsets size (has 488, expected 528), removing track
*** AnimSequence BelliedFireFrog_animset/SW_A_None_Mov_WalkFront has wrong CompressedTrackOffsets size (has 488, expected 528), removing track
*** AnimSequence BelliedFireFrog_animset/SW_B_None_Mov_Idle has wrong CompressedTrackOffsets size (has 488, expected 528), removing track
*** AnimSequence BelliedFireFrog_animset/SW_B_None_Skl_Area360_Cast_End has wrong CompressedTrackOffsets size (has 488, expected 528), removing track
*** AnimSequence BelliedFireFrog_animset/SW_B_None_Skl_Area360_Cast_Looping has wrong CompressedTrackOffsets size (has 488, expected 528), removing track
*** AnimSequence BelliedFireFrog_animset/SW_B_None_Skl_Area360_Cast_Start has wrong CompressedTrackOffsets size (has 488, expected 528), removing track
*** AnimSequence BelliedFireFrog_animset/SW_B_None_Skl_Area360_Exec has wrong CompressedTrackOffsets size (has 488, expected 528), removing track
*** AnimSequence BelliedFireFrog_animset/SW_B_None_Skl_Area90_Cast has wrong CompressedTrackOffsets size (has 488, expected 528), removing track
*** AnimSequence BelliedFireFrog_animset/SW_B_None_Skl_Area90_Exec has wrong CompressedTrackOffsets size (has 488, expected 528), removing track
*** AnimSequence BelliedFireFrog_animset/SW_B_None_Skl_Range1_Cast_End has wrong CompressedTrackOffsets size (has 488, expected 528), removing track
*** AnimSequence BelliedFireFrog_animset/SW_B_None_Skl_Range1_Cast_Looping has wrong CompressedTrackOffsets size (has 488, expected 528), removing track
*** AnimSequence BelliedFireFrog_animset/SW_B_None_Skl_Range1_Cast_start has wrong CompressedTrackOffsets size (has 488, expected 528), removing track
*** AnimSequence BelliedFireFrog_animset/SW_B_None_Skl_Range1_Exec has wrong CompressedTrackOffsets size (has 488, expected 528), removing track
*** ERROR: Unknown rotation compression method: 255
UAnimSet::ConvertAnims <- PostLoad:BelliedFireFrog_animset <- UObject::EndLoad <- LoadWholePackage:00006344 <- Main


    at ChildProcess.exithandler (child_process.js:637:15)
    at ChildProcess.EventEmitter.emit (events.js:98:17)
    at maybeClose (child_process.js:743:16)
    at Process.ChildProcess._handle.onexit (child_process.js:810:5)