Found 19856 game files (132 skipped)
Loading package: 00014530.upk Ver: 573/1 Engine: 4205 Names: 173 Exports: 144 Imports: 20 Game: 801A
Loading SkeletalMesh3 DokkebiRange from package 00014530.upk
WARNING: ObjectProperty "USkeletalMesh3::PlaySoundSet" was not found
WARNING: ObjectProperty "USkeletalMesh3::PlayParticleSet" was not found
WARNING: FloatProperty "USkeletalMesh3::AddFootOffsetValue" was not found
WARNING: FloatProperty "USkeletalMesh3::AnimNameHeight" was not found
WARNING: FloatProperty "USkeletalMesh3::NormalNameHeight" was not found
WARNING: FloatProperty "USkeletalMesh3::LowNameHeight" was not found
Loading package: 00014529.upk Ver: 573/1 Engine: 4205 Names: 169 Exports: 141 Imports: 46 Game: 801A
Loading SkeletalMeshSocket SkeletalMeshSocket_102 from package 00014530.upk
WARNING: BoolProperty "USkeletalMeshSocket::bParticleAttachPosOnly" was not found
Loading SkeletalMeshSocket SkeletalMeshSocket_39 from package 00014530.upk
WARNING: ObjectProperty "USkeletalMeshSocket::PreviewSkelMesh" was not found
Loading SkeletalMeshSocket SkeletalMeshSocket_40 from package 00014530.upk
Loading SkeletalMeshSocket SkeletalMeshSocket_403 from package 00014530.upk
Loading SkeletalMeshSocket SkeletalMeshSocket_404 from package 00014530.upk
Loading SkeletalMeshSocket SkeletalMeshSocket_405 from package 00014530.upk
Loading SkeletalMeshSocket SkeletalMeshSocket_408 from package 00014530.upk
Loading SkeletalMeshSocket SkeletalMeshSocket_41 from package 00014530.upk
Loading SkeletalMeshSocket SkeletalMeshSocket_43 from package 00014530.upk
Loading MaterialInstanceConstant col1 from package 00014529.upk
Loading package: 00014528.upk Ver: 573/1 Engine: 4205 Names: 38 Exports: 10 Imports: 2 Game: 801A
Loading package: 00002640.upk Ver: 573/1 Engine: 4205 Names: 340 Exports: 556 Imports: 5 Game: 801A
Loading package: 00012963.upk Ver: 573/1 Engine: 4205 Names: 1223 Exports: 1198 Imports: 10 Game: 801A
Loading Texture2D Monster_Human_DokkebiRange_col1_N from package 00014528.upk
Loading Texture2D Monster_Human_DokkebiRange_col1_M from package 00014528.upk
Loading Texture2D Monster_Human_DokkebiRange_col1_D from package 00014528.upk
Loading Texture2D Monster_Human_DokkebiRange_col1_S from package 00014528.upk
Loading TextureCube lenscube_c from package 00002640.upk
Loading Texture2D Monster_Human_DokkebiRange_col1_E from package 00014528.upk
Loading Texture2D Smoke_Pattern_001 from package 00012963.upk
Loading Texture2D Monster_Human_DokkebiRange_col1_FX_Line from package 00014528.upk
Loading Material3 Basic_DokkebiRange from package 00014529.upk
Loading package: 00002620.upk Ver: 573/1 Engine: 4205 Names: 560 Exports: 6612 Imports: 96 Game: 801A
Loading Texture2D CubemapFace0 from package 00002640.upk
Loading Texture2D CubemapFace1 from package 00002640.upk
Loading Texture2D CubemapFace2 from package 00002640.upk
Loading Texture2D CubemapFace3 from package 00002640.upk
Loading Texture2D CubemapFace4 from package 00002640.upk
Loading Texture2D CubemapFace5 from package 00002640.upk
Loading Texture2D check_n from package 00002620.upk
Loading Texture2D check from package 00002620.upk
Loading Texture2D Gradient_Line_003 from package 00012963.upk
Loading Texture2D Gradient_Wipe_BurnOut_Mask_TEST from package 00012963.upk
Loading Texture2D Gradient_Wipe_BurnOut_Mask from package 00012963.upk
Loaded in 0.13 sec, 3078 allocs, 1.74 MBytes serialized in 322631 calls.

Object info:
============
ClassName: SkeletalMesh3 ObjectName: DokkebiRange

    LODInfo[1] =
    {
        LODInfo[0] =
        {
            DisplayFactor = 0
            LODHysteresis = 0.02
            LODMaterialMap[0] = {}
            bEnableShadowCasting[1] = { true }
        }
    }
    Sockets[9] =
    {
        Sockets[0] = SkeletalMeshSocket'DokkebiRange.SkeletalMeshSocket_39'
        Sockets[1] = SkeletalMeshSocket'DokkebiRange.SkeletalMeshSocket_40'
        Sockets[2] = SkeletalMeshSocket'DokkebiRange.SkeletalMeshSocket_41'
        Sockets[3] = SkeletalMeshSocket'DokkebiRange.SkeletalMeshSocket_43'
        Sockets[4] = SkeletalMeshSocket'DokkebiRange.SkeletalMeshSocket_403'
        Sockets[5] = SkeletalMeshSocket'DokkebiRange.SkeletalMeshSocket_404'
        Sockets[6] = SkeletalMeshSocket'DokkebiRange.SkeletalMeshSocket_405'
        Sockets[7] = SkeletalMeshSocket'DokkebiRange.SkeletalMeshSocket_408'
        Sockets[8] = SkeletalMeshSocket'DokkebiRange.SkeletalMeshSocket_102'
    }
    bHasVertexColors = false
    EnableTwistBoneFixers = true
    EnableClavicleFixer = true
    Materials[1] = { MaterialInstanceConstant'col1' }


    Lods[1] =
    {
        Lods[0] =
        {
            Sections[1] =
            {
                Sections[0] = { Material=MaterialInstanceConstant'col1', FirstIndex=0, NumFaces=5166 }
            }
            NumVerts = 4687
            IndexCount = 15498
            NumTexCoords = 1
        }
    }
    LodCount = 1
    MeshOrigin = { X=-0, Y=-0, Z=-0 }
    MeshScale = { X=1, Y=1, Z=1 }
    RotOrigin = { Yaw=0, Pitch=0, Roll=0 }
    BoneCount = 61

Object info:
============
ClassName: SkeletalMeshSocket ObjectName: SkeletalMeshSocket_102

    SocketName = ATTACH_EFFECT
    BoneName = Bip01
    RelativeLocation = { X=10, Y=0, Z=0 }
    RelativeRotation = { Yaw=0, Pitch=0, Roll=0 }
    RelativeScale = { X=1, Y=1, Z=1 }

Object info:
============
ClassName: SkeletalMeshSocket ObjectName: SkeletalMeshSocket_39

    SocketName = WeaponR
    BoneName = WeaponL
    RelativeLocation = { X=0, Y=0, Z=0 }
    RelativeRotation = { Yaw=0, Pitch=0, Roll=0 }
    RelativeScale = { X=1, Y=1, Z=1 }

Object info:
============
ClassName: SkeletalMeshSocket ObjectName: SkeletalMeshSocket_40

    SocketName = target_high
    BoneName = Bip01Head
    RelativeLocation = { X=0, Y=0, Z=0 }
    RelativeRotation = { Yaw=0, Pitch=0, Roll=0 }
    RelativeScale = { X=1, Y=1, Z=1 }

Object info:
============
ClassName: SkeletalMeshSocket ObjectName: SkeletalMeshSocket_403

    SocketName = Mount_Ambar_Socket
    BoneName = Bip01LClavicle
    RelativeLocation = { X=-10.9242, Y=-1.1465, Z=-11.3306 }
    RelativeRotation = { Yaw=-285, Pitch=9970, Roll=22850 }
    RelativeScale = { X=1, Y=1, Z=1 }

Object info:
============
ClassName: SkeletalMeshSocket ObjectName: SkeletalMeshSocket_404

    SocketName = Mount_Choke_Socket
    BoneName = Root
    RelativeLocation = { X=0, Y=0, Z=0 }
    RelativeRotation = { Yaw=32768, Pitch=0, Roll=0 }
    RelativeScale = { X=1, Y=1, Z=1 }

Object info:
============
ClassName: SkeletalMeshSocket ObjectName: SkeletalMeshSocket_405

    SocketName = Decap_Socket
    BoneName = Bip01Neck1
    RelativeLocation = { X=0, Y=0, Z=0 }
    RelativeRotation = { Yaw=0, Pitch=0, Roll=0 }
    RelativeScale = { X=1, Y=1, Z=1 }

Object info:
============
ClassName: SkeletalMeshSocket ObjectName: SkeletalMeshSocket_408

    SocketName = Mount_Socket
    BoneName = Root
    RelativeLocation = { X=-7.22141, Y=8.84338e-016, Z=0 }
    RelativeRotation = { Yaw=32768, Pitch=0, Roll=0 }
    RelativeScale = { X=1, Y=1, Z=1 }

Object info:
============
ClassName: SkeletalMeshSocket ObjectName: SkeletalMeshSocket_41

    SocketName = socket_force
    BoneName = Root
    RelativeLocation = { X=65.6734, Y=30, Z=10 }
    RelativeRotation = { Yaw=0, Pitch=0, Roll=0 }
    RelativeScale = { X=1, Y=1, Z=1 }

Object info:
============
ClassName: SkeletalMeshSocket ObjectName: SkeletalMeshSocket_43

    SocketName = Catch_Neck
    BoneName = Bip01Neck
    RelativeLocation = { X=0, Y=0, Z=0 }
    RelativeRotation = { Yaw=0, Pitch=0, Roll=0 }
    RelativeScale = { X=1, Y=1, Z=1 }
