Found 21975 game files (132 skipped)
Loading package: 00012582.upk Ver: 573/1 Engine: 4205 Names: 263 Exports: 966 Imports: 113 Game: 801A
Loading Material3 electric_ani_mat_gradient from package 00012582.upk
WARNING: BoolProperty "UMaterial3::bAcceptRenderDecal" was not found
Loading package: 00012963.upk Ver: 573/1 Engine: 4205 Names: 1236 Exports: 1211 Imports: 10 Game: 801A
Loading package: EngineResources.upk Ver: 573/1 Engine: 4205 Names: 151 Exports: 86 Imports: 11 Game: 801A
Loading Material3 Electric_Damage_01m from package 00012582.upk
WARNING: BoolProperty "UMaterial3::bAcceptRenderDecal" was not found
Loading Material3 Electric_Damage_02m from package 00012582.upk
WARNING: BoolProperty "UMaterial3::bAcceptRenderDecal" was not found
Loading Material3 Electric_Damage_03m from package 00012582.upk
WARNING: BoolProperty "UMaterial3::bAcceptRenderDecal" was not found
Loading Material3 Electric_Lightning_Straight_03_Rotate from package 00012582.upk
Loading Material3 Electric_sample_000 from package 00012582.upk
Loading Material3 Electric_sample_001 from package 00012582.upk
Loading Material3 Electric_Sword_001_M from package 00012582.upk
WARNING: BoolProperty "UMaterial3::bAcceptRenderDecal" was not found
Loading Material3 Electric_Sword_002_M from package 00012582.upk
WARNING: BoolProperty "UMaterial3::bAcceptRenderDecal" was not found
Loading Material3 Electric_Sword_003_M from package 00012582.upk
WARNING: BoolProperty "UMaterial3::bAcceptRenderDecal" was not found
Loading Material3 Electric_Sword_004_M from package 00012582.upk
WARNING: BoolProperty "UMaterial3::bAcceptRenderDecal" was not found
Loading Material3 Electric_Sword_005_M from package 00012582.upk
WARNING: BoolProperty "UMaterial3::bAcceptRenderDecal" was not found
Loading Material3 Electric_Sword_006_M from package 00012582.upk
WARNING: BoolProperty "UMaterial3::bAcceptRenderDecal" was not found
Loading Material3 Electric_Sword_007_M from package 00012582.upk
WARNING: BoolProperty "UMaterial3::bAcceptRenderDecal" was not found
Loading Material3 Electrick_Sparkle_001_MatB from package 00012582.upk
WARNING: BoolProperty "UMaterial3::bAcceptRenderDecal" was not found
Loading Material3 Fire_Type_energy2 from package 00012582.upk
WARNING: BoolProperty "UMaterial3::bAcceptRenderDecal" was not found
Loading Material3 light_streak_tr from package 00012582.upk
WARNING: BoolProperty "UMaterial3::bAcceptRenderDecal" was not found
Loading Material3 light_streak_tr_nodepth from package 00012582.upk
WARNING: BoolProperty "UMaterial3::bAcceptRenderDecal" was not found
Loading Material3 Lightning000-1_MatM from package 00012582.upk
WARNING: BoolProperty "UMaterial3::bAcceptRenderDecal" was not found
Loading Material3 Lightning000-2_MatM from package 00012582.upk
WARNING: BoolProperty "UMaterial3::bAcceptRenderDecal" was not found
Loading Material3 Lightning003_MatM from package 00012582.upk
WARNING: BoolProperty "UMaterial3::bAcceptRenderDecal" was not found
Loading Material3 Lightning004_MatB from package 00012582.upk
WARNING: BoolProperty "UMaterial3::bAcceptRenderDecal" was not found
Loading Material3 Lightning005_MatB from package 00012582.upk
WARNING: BoolProperty "UMaterial3::bAcceptRenderDecal" was not found
Loading Material3 Lightning_Hit_Mat from package 00012582.upk
WARNING: BoolProperty "UMaterial3::bAcceptRenderDecal" was not found
Loading Material3 Lightning_Sprite000_Fade from package 00012582.upk
WARNING: BoolProperty "UMaterial3::bAcceptRenderDecal" was not found
Loading Material3 Lightning_Sprite000_MatB from package 00012582.upk
WARNING: BoolProperty "UMaterial3::bAcceptRenderDecal" was not found
Loading Material3 Lightning_Sprite000_MatM from package 00012582.upk
WARNING: BoolProperty "UMaterial3::bAcceptRenderDecal" was not found
Loading Material3 Lightning_Sprite000_Part from package 00012582.upk
WARNING: BoolProperty "UMaterial3::bAcceptRenderDecal" was not found
Loading Material3 Lightning_Sprite001_MatB from package 00012582.upk
WARNING: BoolProperty "UMaterial3::bAcceptRenderDecal" was not found
Loading Material3 Lightning_Sprite001_MatM from package 00012582.upk
WARNING: BoolProperty "UMaterial3::bAcceptRenderDecal" was not found
Loading Material3 Lightning_Sprite001_Part from package 00012582.upk
WARNING: BoolProperty "UMaterial3::bAcceptRenderDecal" was not found
Loading Material3 Lightning_Sprite002_MatM from package 00012582.upk
WARNING: BoolProperty "UMaterial3::bAcceptRenderDecal" was not found
Loading Material3 Lightning_Sprite002a_MatM from package 00012582.upk
WARNING: BoolProperty "UMaterial3::bAcceptRenderDecal" was not found
Loading Material3 LightningUV002_MatM from package 00012582.upk
WARNING: BoolProperty "UMaterial3::bAcceptRenderDecal" was not found
Loading Material3 M01_noise_elec from package 00012582.upk
WARNING: BoolProperty "UMaterial3::bAcceptRenderDecal" was not found
Loading Material3 M01_noise_elec_3 from package 00012582.upk
WARNING: BoolProperty "UMaterial3::bAcceptRenderDecal" was not found
Loading Material3 M01_noise_elec_Tra from package 00012582.upk
WARNING: BoolProperty "UMaterial3::bAcceptRenderDecal" was not found
Loading Material3 M01_noise_fire_center from package 00012582.upk
WARNING: BoolProperty "UMaterial3::bAcceptRenderDecal" was not found
Loading Material3 M01_noise_outline from package 00012582.upk
WARNING: BoolProperty "UMaterial3::bAcceptRenderDecal" was not found
Loading Material3 Marble_Electric000_MatB from package 00012582.upk
WARNING: BoolProperty "UMaterial3::bAcceptRenderDecal" was not found
Loading Material3 MarblePanner001_MatB from package 00012582.upk
WARNING: BoolProperty "UMaterial3::bAcceptRenderDecal" was not found
Loading Material3 PC_Lighting_Hit from package 00012582.upk
Loading MaterialInstanceConstant Electric_Lightning_Straight_01_INST from package 00012582.upk
Loading MaterialInstanceConstant Electric_Lightning_Straight_02_INST from package 00012582.upk
Loading MaterialInstanceConstant Electric_sample_001_INST from package 00012582.upk
Loading MaterialInstanceConstant Electric_sample_002_INST from package 00012582.upk
Loading MaterialInstanceConstant Electric_sample_003_INST from package 00012582.upk
Loading MaterialInstanceConstant Electric_sample_004_INST from package 00012582.upk
Loading MaterialInstanceConstant Electric_sample_005_INST from package 00012582.upk
Loading MaterialInstanceConstant Electric_sample_006_INST from package 00012582.upk
Loading Texture2D Noise_006 from package 00012963.upk
Loading Texture2D Gradient_Color_WhiteToPurple_000 from package 00012963.upk
Loading Texture2D Smoke_Cloud_003 from package 00012963.upk
Loading Texture2D Glow_Flair_002 from package 00012963.upk
Loading Texture2D Gradient_Half_000 from package 00012963.upk
Loading Texture2D Glow_003 from package 00012963.upk
Loading Texture2D DefaultTexture from package EngineResources.upk
Loading Texture2D Electric_Damage_01 from package 00012963.upk
Loading Texture2D Electric_Damage_02 from package 00012963.upk
Loading Texture2D Electric1_sample_007 from package 00012963.upk
Loading Texture2D Electric_Lightning_Straight_03 from package 00012963.upk
Loading Texture2D Electric1_sample_001 from package 00012963.upk
Loading Texture2D Electric_Sword_001 from package 00012963.upk
Loading Texture2D Electric_Sword_002 from package 00012963.upk
Loading Texture2D Electric_Sword_003 from package 00012963.upk
Loading Texture2D Electric_Sword_004 from package 00012963.upk
Loading Texture2D Electric_Sword_005 from package 00012963.upk
Loading Texture2D Electric_Sword_006 from package 00012963.upk
Loading Texture2D Electric_Sword_007 from package 00012963.upk
Loading Texture2D Smoke_Fractal_002 from package 00012963.upk
Loading Texture2D Smoke_Dusts_003 from package 00012963.upk
Loading Texture2D Electric_Light_000 from package 00012963.upk
Loading Texture2D Noise_016 from package 00012963.upk
Loading Texture2D Smoke_Blur_000 from package 00012963.upk
Loading Texture2D Noise_002 from package 00012963.upk
Loading Texture2D Gradient_Line_001_YClamp from package 00012963.upk
Loading Texture2D Gradient_Line_003 from package 00012963.upk
Loading Texture2D Electric_tile from package 00012963.upk
Loading Texture2D Gradient_Wipe_BurnOut_Mask from package 00012963.upk
Loading Texture2D Gradient_Beam_007_Clamp from package 00012963.upk
Loading Texture2D Gradient_Line_001 from package 00012963.upk
Loading Texture2D Noise_014 from package 00012963.upk
Loading Texture2D Glow_Flar_004 from package 00012963.upk
Loading Texture2D Smoke_Cloud_001 from package 00012963.upk
Loading Texture2D Noise_009 from package 00012963.upk
Loading Texture2D Ring_Shockwave_003 from package 00012963.upk
Loading Texture2D Smoke_005 from package 00012963.upk
Loading Texture2D Smoke_004 from package 00012963.upk
Loading Texture2D Electric_Sprite_Fade from package 00012963.upk
Loading Texture2D Electric_Sprite_000 from package 00012963.upk
Loading Texture2D Electric_Sprite_Part from package 00012963.upk
Loading Texture2D Electric_Sprite_001 from package 00012963.upk
Loading Texture2D Noise_011 from package 00012963.upk
Loading Texture2D Noise_010 from package 00012963.upk
Loading Texture2D Gradient_002 from package 00012963.upk
Loading Texture2D Noise_Glass_000 from package 00012963.upk
Loading Texture2D Glow_008 from package 00012963.upk
Loading Texture2D Noise_020 from package 00012963.upk
Loading Texture2D Electric_Light_001 from package 00012963.upk
Loading Texture2D Noise_Swarm_002 from package 00012963.upk
Loading Texture2D Noise_Plazma_002 from package 00012963.upk
Loading Texture2D Noise_008 from package 00012963.upk
Loading Texture2D Blood_Splatter_009_Des from package 00012963.upk
Loading Texture2D Noise_Fractal_002 from package 00012963.upk
Loading Texture2D Smoke_013 from package 00012963.upk
Loading Texture2D Noise_Distortion_000 from package 00012963.upk
Loading Texture2D Smoke_ShockWave_002 from package 00012963.upk
Loading Texture2D Smoke_ShockWave_004 from package 00012963.upk
Loading Texture2D Noise_015 from package 00012963.upk
Loading Texture2D Smoke_003 from package 00012963.upk
Loading Texture2D Smoke_Pattern_001 from package 00012963.upk
Loading Texture2D Electric_Lightning_Straight_01 from package 00012963.upk
Loading Texture2D Electric_Lightning_Straight_02 from package 00012963.upk
Loading Texture2D Electric1_sample_002 from package 00012963.upk
Loading Texture2D Electric1_sample_003 from package 00012963.upk
Loading Texture2D Electric1_sample_004 from package 00012963.upk
Loading Texture2D Electric1_sample_005 from package 00012963.upk
Loading Texture2D Electric1_Sample_006 from package 00012963.upk
Loaded in 0.92 sec, 3812 allocs, 12.02 MBytes serialized in 63013 calls.

Object info:
============
ClassName: Material3 ObjectName: electric_ani_mat_gradient

    TwoSided = true
    bDisableDepthTest = false
    bIsMasked = false
    ReferencedTextures[7] =
    {
        ReferencedTextures[0] = Texture2D'Noise_006'
        ReferencedTextures[1] = Texture2D'Gradient_Color_WhiteToPurple_000'
        ReferencedTextures[2] = Texture2D'Smoke_Cloud_003'
        ReferencedTextures[3] = Texture2D'Glow_Flair_002'
        ReferencedTextures[4] = Texture2D'Gradient_Half_000'
        ReferencedTextures[5] = Texture2D'Glow_003'
        ReferencedTextures[6] = Texture2D'DefaultTexture'
    }
    BlendMode = BLEND_Translucent (2)
    OpacityMaskClipValue = 0.333
    FlattenedTexture = None
    MobileBaseTexture = None
    MobileNormalTexture = None
    bUseMobileSpecular = false
    MobileSpecularPower = 16
    MobileSpecularMask = MSM_Constant (0)
    MobileMaskTexture = None

Object info:
============
ClassName: Material3 ObjectName: Electric_Damage_01m

    TwoSided = true
    bDisableDepthTest = false
    bIsMasked = false
    ReferencedTextures[1] = { Texture2D'Electric_Damage_01' }
    BlendMode = BLEND_Additive (3)
    OpacityMaskClipValue = 0.333
    FlattenedTexture = None
    MobileBaseTexture = None
    MobileNormalTexture = None
    bUseMobileSpecular = false
    MobileSpecularPower = 16
    MobileSpecularMask = MSM_Constant (0)
    MobileMaskTexture = None

Object info:
============
ClassName: Material3 ObjectName: Electric_Damage_02m

    TwoSided = true
    bDisableDepthTest = false
    bIsMasked = false
    ReferencedTextures[1] = { Texture2D'Electric_Damage_02' }
    BlendMode = BLEND_Additive (3)
    OpacityMaskClipValue = 0.333
    FlattenedTexture = None
    MobileBaseTexture = None
    MobileNormalTexture = None
    bUseMobileSpecular = false
    MobileSpecularPower = 16
    MobileSpecularMask = MSM_Constant (0)
    MobileMaskTexture = None

Object info:
============
ClassName: Material3 ObjectName: Electric_Damage_03m

    TwoSided = true
    bDisableDepthTest = false
    bIsMasked = false
    ReferencedTextures[1] = { Texture2D'Electric1_sample_007' }
    BlendMode = BLEND_Additive (3)
    OpacityMaskClipValue = 0.333
    FlattenedTexture = None
    MobileBaseTexture = None
    MobileNormalTexture = None
    bUseMobileSpecular = false
    MobileSpecularPower = 16
    MobileSpecularMask = MSM_Constant (0)
    MobileMaskTexture = None

Object info:
============
ClassName: Material3 ObjectName: Electric_Lightning_Straight_03_Rotate

    TwoSided = false
    bDisableDepthTest = false
    bIsMasked = false
    ReferencedTextures[1] = { Texture2D'Electric_Lightning_Straight_03' }
    BlendMode = BLEND_Additive (3)
    OpacityMaskClipValue = 0.333
    FlattenedTexture = None
    MobileBaseTexture = None
    MobileNormalTexture = None
    bUseMobileSpecular = false
    MobileSpecularPower = 16
    MobileSpecularMask = MSM_Constant (0)
    MobileMaskTexture = None

Object info:
============
ClassName: Material3 ObjectName: Electric_sample_000

    TwoSided = false
    bDisableDepthTest = false
    bIsMasked = false
    ReferencedTextures[1] = { Texture2D'Electric1_sample_007' }
    BlendMode = BLEND_Additive (3)
    OpacityMaskClipValue = 0.333
    FlattenedTexture = None
    MobileBaseTexture = None
    MobileNormalTexture = None
    bUseMobileSpecular = false
    MobileSpecularPower = 16
    MobileSpecularMask = MSM_Constant (0)
    MobileMaskTexture = None

Object info:
============
ClassName: Material3 ObjectName: Electric_sample_001

    TwoSided = false
    bDisableDepthTest = false
    bIsMasked = false
    ReferencedTextures[1] = { Texture2D'Electric1_sample_001' }
    BlendMode = BLEND_Additive (3)
    OpacityMaskClipValue = 0.333
    FlattenedTexture = None
    MobileBaseTexture = None
    MobileNormalTexture = None
    bUseMobileSpecular = false
    MobileSpecularPower = 16
    MobileSpecularMask = MSM_Constant (0)
    MobileMaskTexture = None

Object info:
============
ClassName: Material3 ObjectName: Electric_Sword_001_M

    TwoSided = true
    bDisableDepthTest = false
    bIsMasked = false
    ReferencedTextures[1] = { Texture2D'Electric_Sword_001' }
    BlendMode = BLEND_Additive (3)
    OpacityMaskClipValue = 0.333
    FlattenedTexture = None
    MobileBaseTexture = None
    MobileNormalTexture = None
    bUseMobileSpecular = false
    MobileSpecularPower = 16
    MobileSpecularMask = MSM_Constant (0)
    MobileMaskTexture = None

Object info:
============
ClassName: Material3 ObjectName: Electric_Sword_002_M

    TwoSided = true
    bDisableDepthTest = false
    bIsMasked = false
    ReferencedTextures[1] = { Texture2D'Electric_Sword_002' }
    BlendMode = BLEND_Additive (3)
    OpacityMaskClipValue = 0.333
    FlattenedTexture = None
    MobileBaseTexture = None
    MobileNormalTexture = None
    bUseMobileSpecular = false
    MobileSpecularPower = 16
    MobileSpecularMask = MSM_Constant (0)
    MobileMaskTexture = None

Object info:
============
ClassName: Material3 ObjectName: Electric_Sword_003_M

    TwoSided = true
    bDisableDepthTest = false
    bIsMasked = false
    ReferencedTextures[1] = { Texture2D'Electric_Sword_003' }
    BlendMode = BLEND_Additive (3)
    OpacityMaskClipValue = 0.333
    FlattenedTexture = None
    MobileBaseTexture = None
    MobileNormalTexture = None
    bUseMobileSpecular = false
    MobileSpecularPower = 16
    MobileSpecularMask = MSM_Constant (0)
    MobileMaskTexture = None

Object info:
============
ClassName: Material3 ObjectName: Electric_Sword_004_M

    TwoSided = true
    bDisableDepthTest = false
    bIsMasked = false
    ReferencedTextures[1] = { Texture2D'Electric_Sword_004' }
    BlendMode = BLEND_Additive (3)
    OpacityMaskClipValue = 0.333
    FlattenedTexture = None
    MobileBaseTexture = None
    MobileNormalTexture = None
    bUseMobileSpecular = false
    MobileSpecularPower = 16
    MobileSpecularMask = MSM_Constant (0)
    MobileMaskTexture = None

Object info:
============
ClassName: Material3 ObjectName: Electric_Sword_005_M

    TwoSided = true
    bDisableDepthTest = false
    bIsMasked = false
    ReferencedTextures[1] = { Texture2D'Electric_Sword_005' }
    BlendMode = BLEND_Additive (3)
    OpacityMaskClipValue = 0.333
    FlattenedTexture = None
    MobileBaseTexture = None
    MobileNormalTexture = None
    bUseMobileSpecular = false
    MobileSpecularPower = 16
    MobileSpecularMask = MSM_Constant (0)
    MobileMaskTexture = None

Object info:
============
ClassName: Material3 ObjectName: Electric_Sword_006_M

    TwoSided = true
    bDisableDepthTest = false
    bIsMasked = false
    ReferencedTextures[1] = { Texture2D'Electric_Sword_006' }
    BlendMode = BLEND_Additive (3)
    OpacityMaskClipValue = 0.333
    FlattenedTexture = None
    MobileBaseTexture = None
    MobileNormalTexture = None
    bUseMobileSpecular = false
    MobileSpecularPower = 16
    MobileSpecularMask = MSM_Constant (0)
    MobileMaskTexture = None

Object info:
============
ClassName: Material3 ObjectName: Electric_Sword_007_M

    TwoSided = true
    bDisableDepthTest = false
    bIsMasked = false
    ReferencedTextures[1] = { Texture2D'Electric_Sword_007' }
    BlendMode = BLEND_Additive (3)
    OpacityMaskClipValue = 0.333
    FlattenedTexture = None
    MobileBaseTexture = None
    MobileNormalTexture = None
    bUseMobileSpecular = false
    MobileSpecularPower = 16
    MobileSpecularMask = MSM_Constant (0)
    MobileMaskTexture = None

Object info:
============
ClassName: Material3 ObjectName: Electrick_Sparkle_001_MatB

    TwoSided = false
    bDisableDepthTest = false
    bIsMasked = false
    ReferencedTextures[4] =
    {
        ReferencedTextures[0] = Texture2D'Smoke_Fractal_002'
        ReferencedTextures[1] = Texture2D'Smoke_Dusts_003'
        ReferencedTextures[2] = Texture2D'Electric_Light_000'
        ReferencedTextures[3] = Texture2D'Noise_016'
    }
    BlendMode = BLEND_Translucent (2)
    OpacityMaskClipValue = 0.333
    FlattenedTexture = None
    MobileBaseTexture = None
    MobileNormalTexture = None
    bUseMobileSpecular = false
    MobileSpecularPower = 16
    MobileSpecularMask = MSM_Constant (0)
    MobileMaskTexture = None

Object info:
============
ClassName: Material3 ObjectName: Fire_Type_energy2

    TwoSided = false
    bDisableDepthTest = false
    bIsMasked = false
    ReferencedTextures[4] =
    {
        ReferencedTextures[0] = Texture2D'Smoke_Fractal_002'
        ReferencedTextures[1] = Texture2D'Smoke_Dusts_003'
        ReferencedTextures[2] = Texture2D'Electric_Light_000'
        ReferencedTextures[3] = Texture2D'Noise_016'
    }
    BlendMode = BLEND_Translucent (2)
    OpacityMaskClipValue = 0.333
    FlattenedTexture = None
    MobileBaseTexture = None
    MobileNormalTexture = None
    bUseMobileSpecular = false
    MobileSpecularPower = 16
    MobileSpecularMask = MSM_Constant (0)
    MobileMaskTexture = None

Object info:
============
ClassName: Material3 ObjectName: light_streak_tr

    TwoSided = false
    bDisableDepthTest = false
    bIsMasked = false
    ReferencedTextures[4] =
    {
        ReferencedTextures[0] = Texture2D'Smoke_Fractal_002'
        ReferencedTextures[1] = Texture2D'Electric_Light_000'
        ReferencedTextures[2] = Texture2D'Noise_016'
        ReferencedTextures[3] = Texture2D'Smoke_Blur_000'
    }
    BlendMode = BLEND_Translucent (2)
    OpacityMaskClipValue = 0.333
    FlattenedTexture = None
    MobileBaseTexture = None
    MobileNormalTexture = None
    bUseMobileSpecular = false
    MobileSpecularPower = 16
    MobileSpecularMask = MSM_Constant (0)
    MobileMaskTexture = None

Object info:
============
ClassName: Material3 ObjectName: light_streak_tr_nodepth

    TwoSided = false
    bDisableDepthTest = false
    bIsMasked = false
    ReferencedTextures[4] =
    {
        ReferencedTextures[0] = Texture2D'Smoke_Fractal_002'
        ReferencedTextures[1] = Texture2D'Electric_Light_000'
        ReferencedTextures[2] = Texture2D'Noise_016'
        ReferencedTextures[3] = Texture2D'Smoke_Blur_000'
    }
    BlendMode = BLEND_Translucent (2)
    OpacityMaskClipValue = 0.333
    FlattenedTexture = None
    MobileBaseTexture = None
    MobileNormalTexture = None
    bUseMobileSpecular = false
    MobileSpecularPower = 16
    MobileSpecularMask = MSM_Constant (0)
    MobileMaskTexture = None

Object info:
============
ClassName: Material3 ObjectName: Lightning000-1_MatM

    TwoSided = true
    bDisableDepthTest = false
    bIsMasked = false
    ReferencedTextures[4] =
    {
        ReferencedTextures[0] = Texture2D'Noise_002'
        ReferencedTextures[1] = Texture2D'Gradient_Line_001_YClamp'
        ReferencedTextures[2] = Texture2D'Gradient_Half_000'
        ReferencedTextures[3] = Texture2D'DefaultTexture'
    }
    BlendMode = BLEND_Additive (3)
    OpacityMaskClipValue = 0.333
    FlattenedTexture = None
    MobileBaseTexture = None
    MobileNormalTexture = None
    bUseMobileSpecular = false
    MobileSpecularPower = 16
    MobileSpecularMask = MSM_Constant (0)
    MobileMaskTexture = None

Object info:
============
ClassName: Material3 ObjectName: Lightning000-2_MatM

    TwoSided = true
    bDisableDepthTest = false
    bIsMasked = false
    ReferencedTextures[5] =
    {
        ReferencedTextures[0] = Texture2D'Gradient_Line_003'
        ReferencedTextures[1] = Texture2D'Electric_tile'
        ReferencedTextures[2] = Texture2D'Gradient_Wipe_BurnOut_Mask'
        ReferencedTextures[3] = Texture2D'Gradient_Beam_007_Clamp'
        ReferencedTextures[4] = Texture2D'DefaultTexture'
    }
    BlendMode = BLEND_Additive (3)
    OpacityMaskClipValue = 0.333
    FlattenedTexture = None
    MobileBaseTexture = None
    MobileNormalTexture = None
    bUseMobileSpecular = false
    MobileSpecularPower = 16
    MobileSpecularMask = MSM_Constant (0)
    MobileMaskTexture = None

Object info:
============
ClassName: Material3 ObjectName: Lightning003_MatM

    TwoSided = false
    bDisableDepthTest = false
    bIsMasked = false
    ReferencedTextures[5] =
    {
        ReferencedTextures[0] = Texture2D'Noise_002'
        ReferencedTextures[1] = Texture2D'Gradient_Line_001'
        ReferencedTextures[2] = Texture2D'Noise_014'
        ReferencedTextures[3] = Texture2D'Gradient_Half_000'
        ReferencedTextures[4] = Texture2D'DefaultTexture'
    }
    BlendMode = BLEND_Additive (3)
    OpacityMaskClipValue = 0.333
    FlattenedTexture = None
    MobileBaseTexture = None
    MobileNormalTexture = None
    bUseMobileSpecular = false
    MobileSpecularPower = 16
    MobileSpecularMask = MSM_Constant (0)
    MobileMaskTexture = None

Object info:
============
ClassName: Material3 ObjectName: Lightning004_MatB

    TwoSided = false
    bDisableDepthTest = false
    bIsMasked = true
    ReferencedTextures[5] =
    {
        ReferencedTextures[0] = Texture2D'Glow_Flar_004'
        ReferencedTextures[1] = Texture2D'Smoke_Cloud_001'
        ReferencedTextures[2] = Texture2D'Noise_009'
        ReferencedTextures[3] = Texture2D'Ring_Shockwave_003'
        ReferencedTextures[4] = Texture2D'DefaultTexture'
    }
    BlendMode = BLEND_Masked (1)
    OpacityMaskClipValue = 0.333
    FlattenedTexture = None
    MobileBaseTexture = None
    MobileNormalTexture = None
    bUseMobileSpecular = false
    MobileSpecularPower = 16
    MobileSpecularMask = MSM_Constant (0)
    MobileMaskTexture = None

Object info:
============
ClassName: Material3 ObjectName: Lightning005_MatB

    TwoSided = true
    bDisableDepthTest = false
    bIsMasked = true
    ReferencedTextures[5] =
    {
        ReferencedTextures[0] = Texture2D'Smoke_005'
        ReferencedTextures[1] = Texture2D'Smoke_Cloud_001'
        ReferencedTextures[2] = Texture2D'Noise_009'
        ReferencedTextures[3] = Texture2D'Smoke_004'
        ReferencedTextures[4] = Texture2D'DefaultTexture'
    }
    BlendMode = BLEND_Masked (1)
    OpacityMaskClipValue = 0.333
    FlattenedTexture = None
    MobileBaseTexture = None
    MobileNormalTexture = None
    bUseMobileSpecular = false
    MobileSpecularPower = 16
    MobileSpecularMask = MSM_Constant (0)
    MobileMaskTexture = None

Object info:
============
ClassName: Material3 ObjectName: Lightning_Hit_Mat

    TwoSided = true
    bDisableDepthTest = false
    bIsMasked = true
    ReferencedTextures[4] =
    {
        ReferencedTextures[0] = Texture2D'Smoke_Cloud_001'
        ReferencedTextures[1] = Texture2D'Noise_009'
        ReferencedTextures[2] = Texture2D'Smoke_004'
        ReferencedTextures[3] = Texture2D'DefaultTexture'
    }
    BlendMode = BLEND_Masked (1)
    OpacityMaskClipValue = 0.333
    FlattenedTexture = None
    MobileBaseTexture = None
    MobileNormalTexture = None
    bUseMobileSpecular = false
    MobileSpecularPower = 16
    MobileSpecularMask = MSM_Constant (0)
    MobileMaskTexture = None

Object info:
============
ClassName: Material3 ObjectName: Lightning_Sprite000_Fade

    TwoSided = true
    bDisableDepthTest = false
    bIsMasked = false
    ReferencedTextures[1] = { Texture2D'Electric_Sprite_Fade' }
    BlendMode = BLEND_Additive (3)
    OpacityMaskClipValue = 0.333
    FlattenedTexture = None
    MobileBaseTexture = None
    MobileNormalTexture = None
    bUseMobileSpecular = false
    MobileSpecularPower = 16
    MobileSpecularMask = MSM_Constant (0)
    MobileMaskTexture = None

Object info:
============
ClassName: Material3 ObjectName: Lightning_Sprite000_MatB

    TwoSided = false
    bDisableDepthTest = false
    bIsMasked = false
    ReferencedTextures[1] = { Texture2D'Electric_Sprite_000' }
    BlendMode = BLEND_Additive (3)
    OpacityMaskClipValue = 0.333
    FlattenedTexture = None
    MobileBaseTexture = None
    MobileNormalTexture = None
    bUseMobileSpecular = false
    MobileSpecularPower = 16
    MobileSpecularMask = MSM_Constant (0)
    MobileMaskTexture = None

Object info:
============
ClassName: Material3 ObjectName: Lightning_Sprite000_MatM

    TwoSided = true
    bDisableDepthTest = false
    bIsMasked = false
    ReferencedTextures[1] = { Texture2D'Electric_Sprite_000' }
    BlendMode = BLEND_Additive (3)
    OpacityMaskClipValue = 0.333
    FlattenedTexture = None
    MobileBaseTexture = None
    MobileNormalTexture = None
    bUseMobileSpecular = false
    MobileSpecularPower = 16
    MobileSpecularMask = MSM_Constant (0)
    MobileMaskTexture = None

Object info:
============
ClassName: Material3 ObjectName: Lightning_Sprite000_Part

    TwoSided = true
    bDisableDepthTest = false
    bIsMasked = false
    ReferencedTextures[1] = { Texture2D'Electric_Sprite_Part' }
    BlendMode = BLEND_Additive (3)
    OpacityMaskClipValue = 0.333
    FlattenedTexture = None
    MobileBaseTexture = None
    MobileNormalTexture = None
    bUseMobileSpecular = false
    MobileSpecularPower = 16
    MobileSpecularMask = MSM_Constant (0)
    MobileMaskTexture = None

Object info:
============
ClassName: Material3 ObjectName: Lightning_Sprite001_MatB

    TwoSided = false
    bDisableDepthTest = false
    bIsMasked = false
    ReferencedTextures[1] = { Texture2D'Electric_Sprite_001' }
    BlendMode = BLEND_Additive (3)
    OpacityMaskClipValue = 0.333
    FlattenedTexture = None
    MobileBaseTexture = None
    MobileNormalTexture = None
    bUseMobileSpecular = false
    MobileSpecularPower = 16
    MobileSpecularMask = MSM_Constant (0)
    MobileMaskTexture = None

Object info:
============
ClassName: Material3 ObjectName: Lightning_Sprite001_MatM

    TwoSided = true
    bDisableDepthTest = false
    bIsMasked = false
    ReferencedTextures[1] = { Texture2D'Electric_Sprite_001' }
    BlendMode = BLEND_Additive (3)
    OpacityMaskClipValue = 0.333
    FlattenedTexture = None
    MobileBaseTexture = None
    MobileNormalTexture = None
    bUseMobileSpecular = false
    MobileSpecularPower = 16
    MobileSpecularMask = MSM_Constant (0)
    MobileMaskTexture = None

Object info:
============
ClassName: Material3 ObjectName: Lightning_Sprite001_Part

    TwoSided = true
    bDisableDepthTest = false
    bIsMasked = false
    ReferencedTextures[1] = { Texture2D'Electric_Sprite_Part' }
    BlendMode = BLEND_Additive (3)
    OpacityMaskClipValue = 0.333
    FlattenedTexture = None
    MobileBaseTexture = None
    MobileNormalTexture = None
    bUseMobileSpecular = false
    MobileSpecularPower = 16
    MobileSpecularMask = MSM_Constant (0)
    MobileMaskTexture = None

Object info:
============
ClassName: Material3 ObjectName: Lightning_Sprite002_MatM

    TwoSided = true
    bDisableDepthTest = false
    bIsMasked = false
    ReferencedTextures[1] = { Texture2D'Electric_Sprite_001' }
    BlendMode = BLEND_Additive (3)
    OpacityMaskClipValue = 0.333
    FlattenedTexture = None
    MobileBaseTexture = None
    MobileNormalTexture = None
    bUseMobileSpecular = false
    MobileSpecularPower = 16
    MobileSpecularMask = MSM_Constant (0)
    MobileMaskTexture = None

Object info:
============
ClassName: Material3 ObjectName: Lightning_Sprite002a_MatM

    TwoSided = true
    bDisableDepthTest = false
    bIsMasked = false
    ReferencedTextures[1] = { Texture2D'Electric_Sprite_001' }
    BlendMode = BLEND_Additive (3)
    OpacityMaskClipValue = 0.333
    FlattenedTexture = None
    MobileBaseTexture = None
    MobileNormalTexture = None
    bUseMobileSpecular = false
    MobileSpecularPower = 16
    MobileSpecularMask = MSM_Constant (0)
    MobileMaskTexture = None

Object info:
============
ClassName: Material3 ObjectName: LightningUV002_MatM

    TwoSided = true
    bDisableDepthTest = false
    bIsMasked = false
    ReferencedTextures[5] =
    {
        ReferencedTextures[0] = Texture2D'Noise_011'
        ReferencedTextures[1] = Texture2D'Noise_010'
        ReferencedTextures[2] = Texture2D'Gradient_002'
        ReferencedTextures[3] = Texture2D'Gradient_Line_001'
        ReferencedTextures[4] = Texture2D'DefaultTexture'
    }
    BlendMode = BLEND_Additive (3)
    OpacityMaskClipValue = 0.333
    FlattenedTexture = None
    MobileBaseTexture = None
    MobileNormalTexture = None
    bUseMobileSpecular = false
    MobileSpecularPower = 16
    MobileSpecularMask = MSM_Constant (0)
    MobileMaskTexture = None

Object info:
============
ClassName: Material3 ObjectName: M01_noise_elec

    TwoSided = false
    bDisableDepthTest = false
    bIsMasked = false
    ReferencedTextures[4] =
    {
        ReferencedTextures[0] = Texture2D'Noise_Glass_000'
        ReferencedTextures[1] = Texture2D'Smoke_Fractal_002'
        ReferencedTextures[2] = Texture2D'Electric_Light_000'
        ReferencedTextures[3] = Texture2D'Glow_008'
    }
    BlendMode = BLEND_Additive (3)
    OpacityMaskClipValue = 0.333
    FlattenedTexture = None
    MobileBaseTexture = None
    MobileNormalTexture = None
    bUseMobileSpecular = false
    MobileSpecularPower = 16
    MobileSpecularMask = MSM_Constant (0)
    MobileMaskTexture = None

Object info:
============
ClassName: Material3 ObjectName: M01_noise_elec_3

    TwoSided = false
    bDisableDepthTest = false
    bIsMasked = false
    ReferencedTextures[4] =
    {
        ReferencedTextures[0] = Texture2D'Noise_Glass_000'
        ReferencedTextures[1] = Texture2D'Noise_020'
        ReferencedTextures[2] = Texture2D'Electric_Light_001'
        ReferencedTextures[3] = Texture2D'Noise_Swarm_002'
    }
    BlendMode = BLEND_Additive (3)
    OpacityMaskClipValue = 0.333
    FlattenedTexture = None
    MobileBaseTexture = None
    MobileNormalTexture = None
    bUseMobileSpecular = false
    MobileSpecularPower = 16
    MobileSpecularMask = MSM_Constant (0)
    MobileMaskTexture = None

Object info:
============
ClassName: Material3 ObjectName: M01_noise_elec_Tra

    TwoSided = false
    bDisableDepthTest = false
    bIsMasked = false
    ReferencedTextures[5] =
    {
        ReferencedTextures[0] = Texture2D'Noise_Glass_000'
        ReferencedTextures[1] = Texture2D'Smoke_Fractal_002'
        ReferencedTextures[2] = Texture2D'Noise_Plazma_002'
        ReferencedTextures[3] = Texture2D'Noise_008'
        ReferencedTextures[4] = Texture2D'Glow_008'
    }
    BlendMode = BLEND_Additive (3)
    OpacityMaskClipValue = 0.333
    FlattenedTexture = None
    MobileBaseTexture = None
    MobileNormalTexture = None
    bUseMobileSpecular = false
    MobileSpecularPower = 16
    MobileSpecularMask = MSM_Constant (0)
    MobileMaskTexture = None

Object info:
============
ClassName: Material3 ObjectName: M01_noise_fire_center

    TwoSided = false
    bDisableDepthTest = false
    bIsMasked = false
    ReferencedTextures[4] =
    {
        ReferencedTextures[0] = Texture2D'Smoke_Fractal_002'
        ReferencedTextures[1] = Texture2D'Blood_Splatter_009_Des'
        ReferencedTextures[2] = Texture2D'Noise_Fractal_002'
        ReferencedTextures[3] = Texture2D'Smoke_013'
    }
    BlendMode = BLEND_Translucent (2)
    OpacityMaskClipValue = 0.333
    FlattenedTexture = None
    MobileBaseTexture = None
    MobileNormalTexture = None
    bUseMobileSpecular = false
    MobileSpecularPower = 16
    MobileSpecularMask = MSM_Constant (0)
    MobileMaskTexture = None

Object info:
============
ClassName: Material3 ObjectName: M01_noise_outline

    TwoSided = false
    bDisableDepthTest = false
    bIsMasked = false
    ReferencedTextures[2] = { Texture2D'Smoke_Fractal_002', Texture2D'Noise_Swarm_002' }
    BlendMode = BLEND_Translucent (2)
    OpacityMaskClipValue = 0.333
    FlattenedTexture = None
    MobileBaseTexture = None
    MobileNormalTexture = None
    bUseMobileSpecular = false
    MobileSpecularPower = 16
    MobileSpecularMask = MSM_Constant (0)
    MobileMaskTexture = None

Object info:
============
ClassName: Material3 ObjectName: Marble_Electric000_MatB

    TwoSided = false
    bDisableDepthTest = false
    bIsMasked = false
    ReferencedTextures[6] =
    {
        ReferencedTextures[0] = Texture2D'Noise_Distortion_000'
        ReferencedTextures[1] = Texture2D'Noise_Plazma_002'
        ReferencedTextures[2] = Texture2D'Smoke_ShockWave_002'
        ReferencedTextures[3] = Texture2D'Smoke_Fractal_002'
        ReferencedTextures[4] = Texture2D'Smoke_ShockWave_004'
        ReferencedTextures[5] = Texture2D'Noise_015'
    }
    BlendMode = BLEND_Translucent (2)
    OpacityMaskClipValue = 0.333
    FlattenedTexture = None
    MobileBaseTexture = None
    MobileNormalTexture = None
    bUseMobileSpecular = false
    MobileSpecularPower = 16
    MobileSpecularMask = MSM_Constant (0)
    MobileMaskTexture = None

Object info:
============
ClassName: Material3 ObjectName: MarblePanner001_MatB

    TwoSided = false
    bDisableDepthTest = false
    bIsMasked = true
    ReferencedTextures[4] =
    {
        ReferencedTextures[0] = Texture2D'Smoke_003'
        ReferencedTextures[1] = Texture2D'Smoke_Cloud_001'
        ReferencedTextures[2] = Texture2D'Noise_009'
        ReferencedTextures[3] = Texture2D'DefaultTexture'
    }
    BlendMode = BLEND_Masked (1)
    OpacityMaskClipValue = 0.333
    FlattenedTexture = None
    MobileBaseTexture = None
    MobileNormalTexture = None
    bUseMobileSpecular = false
    MobileSpecularPower = 16
    MobileSpecularMask = MSM_Constant (0)
    MobileMaskTexture = None

Object info:
============
ClassName: Material3 ObjectName: PC_Lighting_Hit

    TwoSided = false
    bDisableDepthTest = false
    bIsMasked = false
    ReferencedTextures[3] =
    {
        ReferencedTextures[0] = Texture2D'Electric_Light_000'
        ReferencedTextures[1] = Texture2D'Smoke_Pattern_001'
        ReferencedTextures[2] = Texture2D'Gradient_Line_003'
    }
    BlendMode = BLEND_Additive (3)
    OpacityMaskClipValue = 0.333
    FlattenedTexture = None
    MobileBaseTexture = None
    MobileNormalTexture = None
    bUseMobileSpecular = false
    MobileSpecularPower = 16
    MobileSpecularMask = MSM_Constant (0)
    MobileMaskTexture = None

Object info:
============
ClassName: MaterialInstanceConstant ObjectName: Electric_Lightning_Straight_01_INST

    ScalarParameterValues[0] = {}
    TextureParameterValues[1] =
    {
        TextureParameterValues[0] = { ParameterName=Tex, ParameterValue=Texture2D'Electric_Lightning_Straight_01' }
    }
    VectorParameterValues[1] =
    {
        VectorParameterValues[0] =
        {
            ParameterName = Color
            ParameterValue = { R=1, G=1, B=3, A=1 }
        }
    }
    Parent = Material3'Electric_sample_000'
    FlattenedTexture = None
    MobileBaseTexture = None
    MobileNormalTexture = None
    bUseMobileSpecular = false
    MobileSpecularPower = 16
    MobileSpecularMask = MSM_Constant (0)
    MobileMaskTexture = None

Object info:
============
ClassName: MaterialInstanceConstant ObjectName: Electric_Lightning_Straight_02_INST

    ScalarParameterValues[0] = {}
    TextureParameterValues[1] =
    {
        TextureParameterValues[0] = { ParameterName=Tex, ParameterValue=Texture2D'Electric_Lightning_Straight_02' }
    }
    VectorParameterValues[1] =
    {
        VectorParameterValues[0] =
        {
            ParameterName = Color
            ParameterValue = { R=1, G=1, B=3, A=1 }
        }
    }
    Parent = Material3'Electric_sample_000'
    FlattenedTexture = None
    MobileBaseTexture = None
    MobileNormalTexture = None
    bUseMobileSpecular = false
    MobileSpecularPower = 16
    MobileSpecularMask = MSM_Constant (0)
    MobileMaskTexture = None

Object info:
============
ClassName: MaterialInstanceConstant ObjectName: Electric_sample_001_INST

    ScalarParameterValues[0] = {}
    TextureParameterValues[1] =
    {
        TextureParameterValues[0] = { ParameterName=Tex, ParameterValue=Texture2D'Electric1_sample_001' }
    }
    VectorParameterValues[0] = {}
    Parent = Material3'Electric_sample_000'
    FlattenedTexture = None
    MobileBaseTexture = None
    MobileNormalTexture = None
    bUseMobileSpecular = false
    MobileSpecularPower = 16
    MobileSpecularMask = MSM_Constant (0)
    MobileMaskTexture = None

Object info:
============
ClassName: MaterialInstanceConstant ObjectName: Electric_sample_002_INST

    ScalarParameterValues[0] = {}
    TextureParameterValues[1] =
    {
        TextureParameterValues[0] = { ParameterName=Tex, ParameterValue=Texture2D'Electric1_sample_002' }
    }
    VectorParameterValues[0] = {}
    Parent = Material3'Electric_sample_000'
    FlattenedTexture = None
    MobileBaseTexture = None
    MobileNormalTexture = None
    bUseMobileSpecular = false
    MobileSpecularPower = 16
    MobileSpecularMask = MSM_Constant (0)
    MobileMaskTexture = None

Object info:
============
ClassName: MaterialInstanceConstant ObjectName: Electric_sample_003_INST

    ScalarParameterValues[0] = {}
    TextureParameterValues[1] =
    {
        TextureParameterValues[0] = { ParameterName=Tex, ParameterValue=Texture2D'Electric1_sample_003' }
    }
    VectorParameterValues[0] = {}
    Parent = Material3'Electric_sample_000'
    FlattenedTexture = None
    MobileBaseTexture = None
    MobileNormalTexture = None
    bUseMobileSpecular = false
    MobileSpecularPower = 16
    MobileSpecularMask = MSM_Constant (0)
    MobileMaskTexture = None

Object info:
============
ClassName: MaterialInstanceConstant ObjectName: Electric_sample_004_INST

    ScalarParameterValues[0] = {}
    TextureParameterValues[1] =
    {
        TextureParameterValues[0] = { ParameterName=Tex, ParameterValue=Texture2D'Electric1_sample_004' }
    }
    VectorParameterValues[0] = {}
    Parent = Material3'Electric_sample_000'
    FlattenedTexture = None
    MobileBaseTexture = None
    MobileNormalTexture = None
    bUseMobileSpecular = false
    MobileSpecularPower = 16
    MobileSpecularMask = MSM_Constant (0)
    MobileMaskTexture = None

Object info:
============
ClassName: MaterialInstanceConstant ObjectName: Electric_sample_005_INST

    ScalarParameterValues[0] = {}
    TextureParameterValues[1] =
    {
        TextureParameterValues[0] = { ParameterName=Tex, ParameterValue=Texture2D'Electric1_sample_005' }
    }
    VectorParameterValues[0] = {}
    Parent = Material3'Electric_sample_000'
    FlattenedTexture = None
    MobileBaseTexture = None
    MobileNormalTexture = None
    bUseMobileSpecular = false
    MobileSpecularPower = 16
    MobileSpecularMask = MSM_Constant (0)
    MobileMaskTexture = None

Object info:
============
ClassName: MaterialInstanceConstant ObjectName: Electric_sample_006_INST

    ScalarParameterValues[0] = {}
    TextureParameterValues[1] =
    {
        TextureParameterValues[0] = { ParameterName=Tex, ParameterValue=Texture2D'Electric1_Sample_006' }
    }
    VectorParameterValues[0] = {}
    Parent = Material3'Electric_sample_000'
    FlattenedTexture = None
    MobileBaseTexture = None
    MobileNormalTexture = None
    bUseMobileSpecular = false
    MobileSpecularPower = 16
    MobileSpecularMask = MSM_Constant (0)
    MobileMaskTexture = None
