Found 18875 game files (36 skipped)
Loading package: 00016913.upk Ver: 573/1 Engine: 4205 Names: 62 Exports: 5 Imports: 8 Game: 801A
Loading SkeletalMesh3 JinF_040 from package 00016913.upk
Loading package: 00015009.upk Ver: 573/1 Engine: 4205 Names: 52 Exports: 1 Imports: 14 Game: 801A
Loading MaterialInstanceConstant col1 from package 00015009.upk
Loading package: 00015008.upk Ver: 573/1 Engine: 4205 Names: 31 Exports: 3 Imports: 4 Game: 801A
Loading package: 00002620.upk Ver: 573/1 Engine: 4205 Names: 560 Exports: 6612 Imports: 96 Game: 801A
Loading Texture2D JinM_027_col1_N from package 00015008.upk
WARNING: BoolProperty "UTexture2D::bDisableLoadSwitch" was not found
Loading Texture2D JinM_027_col1_d from package 00015008.upk
Loading Material3 Beard_Fur from package 00002620.upk
Loading package: 00012963.upk Ver: 573/1 Engine: 4205 Names: 1219 Exports: 1194 Imports: 10 Game: 801A
Loading Texture2D check_n from package 00002620.upk
Loading Texture2D Noise_Glass_000 from package 00012963.upk
Loading Texture2D Smoke_Pattern_001 from package 00012963.upk
Loading Texture2D Gradient_Wipe_BurnOut_Mask_TEST from package 00012963.upk
Loading Texture2D Gradient_Wipe_BurnOut_Mask from package 00012963.upk
Loading Texture2D check from package 00002620.upk
Loading Texture2D Gradient_Line_003 from package 00012963.upk
Loaded in 0.061 sec, 2232 allocs, 1.00 MBytes serialized in 192114 calls.

Object info:
============
ClassName: SkeletalMesh3 ObjectName: JinF_040

    LODInfo[1] =
    {
        LODInfo[0] =
        {
            DisplayFactor = 0
            LODHysteresis = 0.02
            LODMaterialMap[0] = {}
            bEnableShadowCasting[1] = { true }
        }
    }
    Sockets[0] = {}
    bHasVertexColors = false
    EnableTwistBoneFixers = true
    EnableClavicleFixer = true
    Materials[1] = { MaterialInstanceConstant'col1' }


    Lods[1] =
    {
        Lods[0] =
        {
            Sections[1] =
            {
                Sections[0] = { Material=MaterialInstanceConstant'col1', FirstIndex=0, NumFaces=800 }
            }
            NumVerts = 1398
            IndexCount = 2400
            NumTexCoords = 1
        }
    }
    LodCount = 1
    MeshOrigin = { X=-0, Y=-0, Z=-0 }
    MeshScale = { X=1, Y=1, Z=1 }
    RotOrigin = { Yaw=0, Pitch=0, Roll=0 }
    BoneCount = 9
