Found 16186 game files (0 skipped)
Loading package: 00016691.upk Ver: 573/1 Engine: 4205 Names: 80 Exports: 1 Imports: 20 Game: 801A
Loading MaterialInstanceConstant col1 from package 00016691.upk
Loading package: 00002640.upk Ver: 573/1 Engine: 4205 Names: 340 Exports: 556 Imports: 5 Game: 801A
Loading package: 00016692.upk Ver: 573/1 Engine: 4205 Names: 32 Exports: 4 Imports: 2 Game: 801A
Loading package: 00002620.upk Ver: 573/1 Engine: 4205 Names: 500 Exports: 5733 Imports: 89 Game: 801A
Loading TextureCube cube_orb from package 00002640.upk
Loading Texture2D 80002_KunN_col1_S from package 00016692.upk
Loading Texture2D 80002_KunN_col1_N from package 00016692.upk
Loading Texture2D 80002_KunN_col1_M from package 00016692.upk
Loading Texture2D 80002_KunN_col1_D from package 00016692.upk
Loading Material3 body_kUN from package 00002620.upk
Loading package: 00012963.upk Ver: 573/1 Engine: 4205 Names: 1199 Exports: 1162 Imports: 10 Game: 801A
Loading Texture2D CubemapFace0 from package 00002640.upk
Loading Texture2D CubemapFace1 from package 00002640.upk
Loading Texture2D CubemapFace2 from package 00002640.upk
Loading Texture2D CubemapFace3 from package 00002640.upk
Loading Texture2D CubemapFace4 from package 00002640.upk
Loading Texture2D CubemapFace5 from package 00002640.upk
Loading Texture2D check_n from package 00002620.upk
Loading Texture2D Noise_Glass_000 from package 00012963.upk
Loading Texture2D Smoke_Pattern_001 from package 00012963.upk
Loading Texture2D Gradient_Wipe_BurnOut_Mask_TEST from package 00012963.upk
Loading Texture2D Gradient_Wipe_BurnOut_Mask from package 00012963.upk
Loading Texture2D check from package 00002620.upk
Loading Texture2D Gradient_Line_003 from package 00012963.upk
Loaded in 0.14 sec, 2671 allocs, 2.84 MBytes serialized in 145275 calls.

Object info:
============
ClassName: MaterialInstanceConstant ObjectName: col1

    ScalarParameterValues[6] =
    {
        ScalarParameterValues[0] = { ParameterName=Specular_value, ParameterValue=2 }
        ScalarParameterValues[1] = { ParameterName=Skin_Spec_value, ParameterValue=1 }
        ScalarParameterValues[2] = { ParameterName=Wear_glossiness1, ParameterValue=2 }
        ScalarParameterValues[3] = { ParameterName=Wear_glossiness2, ParameterValue=5 }
        ScalarParameterValues[4] = { ParameterName=Skin_glossiness, ParameterValue=10 }
        ScalarParameterValues[5] = { ParameterName=Transmission_value, ParameterValue=1.5 }
    }
    TextureParameterValues[5] =
    {
        TextureParameterValues[0] = { ParameterName=rf_cube, ParameterValue=TextureCube'cube_orb' }
        TextureParameterValues[1] = { ParameterName=Body_specular, ParameterValue=Texture2D'80002_KunN_col1_S' }
        TextureParameterValues[2] = { ParameterName=Body_normal, ParameterValue=Texture2D'80002_KunN_col1_N' }
        TextureParameterValues[3] = { ParameterName=Body_mask_RGB, ParameterValue=Texture2D'80002_KunN_col1_M' }
        TextureParameterValues[4] = { ParameterName=Body_diffuse, ParameterValue=Texture2D'80002_KunN_col1_D' }
    }
    VectorParameterValues[0] = {}
    Parent = Material3'body_kUN'
    FlattenedTexture = None
    MobileBaseTexture = None
    MobileNormalTexture = None
    bUseMobileSpecular = false
    MobileSpecularPower = 16
    MobileSpecularMask = MSM_Constant (0)
    MobileMaskTexture = None
