Found 21975 game files (132 skipped)
Loading package: 00012618.upk Ver: 573/1 Engine: 4205 Names: 73 Exports: 1 Imports: 17 Game: 801A
Loading MaterialInstanceConstant col5 from package 00012618.upk
Loading package: 00007095.upk Ver: 573/1 Engine: 4205 Names: 47 Exports: 18 Imports: 4 Game: 801A
Loading package: 00002620.upk Ver: 573/1 Engine: 4205 Names: 560 Exports: 6612 Imports: 96 Game: 801A
Loading Texture2D 40002_KunN_S5 from package 00007095.upk
Loading Texture2D 40002_KunN_N5 from package 00007095.upk
Loading Texture2D 40002_KunN_M5 from package 00007095.upk
Loading Texture2D 40002_KunN_D5 from package 00007095.upk
Loading Material3 body_kUN from package 00002620.upk
Loading package: 00012963.upk Ver: 573/1 Engine: 4205 Names: 1236 Exports: 1211 Imports: 10 Game: 801A
Loading Texture2D check_n from package 00002620.upk
Loading Texture2D Noise_Glass_000 from package 00012963.upk
Loading Texture2D Smoke_Pattern_001 from package 00012963.upk
Loading Texture2D Gradient_Wipe_BurnOut_Mask_TEST from package 00012963.upk
Loading Texture2D Gradient_Wipe_BurnOut_Mask from package 00012963.upk
Loading Texture2D check from package 00002620.upk
Loading Texture2D Gradient_Line_003 from package 00012963.upk
Loaded in 0.082 sec, 2261 allocs, 1.50 MBytes serialized in 150266 calls.

Object info:
============
ClassName: MaterialInstanceConstant ObjectName: col5

    ScalarParameterValues[4] =
    {
        ScalarParameterValues[0] = { ParameterName=Skin_Spec_value, ParameterValue=1 }
        ScalarParameterValues[1] = { ParameterName=Wear_glossiness1, ParameterValue=3 }
        ScalarParameterValues[2] = { ParameterName=Wear_glossiness2, ParameterValue=15 }
        ScalarParameterValues[3] = { ParameterName=Skin_glossiness, ParameterValue=10 }
    }
    TextureParameterValues[4] =
    {
        TextureParameterValues[0] = { ParameterName=Body_specular, ParameterValue=Texture2D'40002_KunN_S5' }
        TextureParameterValues[1] = { ParameterName=Body_normal, ParameterValue=Texture2D'40002_KunN_N5' }
        TextureParameterValues[2] = { ParameterName=Body_mask_RGB, ParameterValue=Texture2D'40002_KunN_M5' }
        TextureParameterValues[3] = { ParameterName=Body_diffuse, ParameterValue=Texture2D'40002_KunN_D5' }
    }
    VectorParameterValues[0] = {}
    Parent = Material3'body_kUN'
    FlattenedTexture = None
    MobileBaseTexture = None
    MobileNormalTexture = None
    bUseMobileSpecular = false
    MobileSpecularPower = 16
    MobileSpecularMask = MSM_Constant (0)
    MobileMaskTexture = None
