Found 21974 game files (0 skipped)
Loading package: 00013841.upk Ver: 573/1 Engine: 4205 Names: 252 Exports: 346 Imports: 25 Game: 801A
Loading SkeletalMesh3 nahanbase from package 00013841.upk
WARNING: ObjectProperty "USkeletalMesh3::PlaySoundSet" was not found
WARNING: ObjectProperty "USkeletalMesh3::PlayParticleSet" was not found
WARNING: FloatProperty "USkeletalMesh3::AddFootOffsetValue" was not found
WARNING: FloatProperty "USkeletalMesh3::AnimNameHeight" was not found
WARNING: FloatProperty "USkeletalMesh3::NormalNameHeight" was not found
WARNING: FloatProperty "USkeletalMesh3::LowNameHeight" was not found
WARNING: FloatProperty "USkeletalMesh3::PhysicalHitScale" was not found
Loading package: 00013840.upk Ver: 573/1 Engine: 4205 Names: 93 Exports: 1 Imports: 20 Game: 801A
Loading SkeletalMeshSocket SkeletalMeshSocket_57 from package 00013841.upk
Loading SkeletalMeshSocket SkeletalMeshSocket_58 from package 00013841.upk
Loading SkeletalMeshSocket SkeletalMeshSocket_59 from package 00013841.upk
Loading SkeletalMeshSocket SkeletalMeshSocket_60 from package 00013841.upk
Loading SkeletalMeshSocket SkeletalMeshSocket_61 from package 00013841.upk
Loading SkeletalMeshSocket SkeletalMeshSocket_62 from package 00013841.upk
Loading SkeletalMeshSocket SkeletalMeshSocket_63 from package 00013841.upk
Loading SkeletalMeshSocket SkeletalMeshSocket_64 from package 00013841.upk
Loading SkeletalMeshSocket SkeletalMeshSocket_65 from package 00013841.upk
Loading SkeletalMeshSocket SkeletalMeshSocket_66 from package 00013841.upk
Loading SkeletalMeshSocket SkeletalMeshSocket_72 from package 00013841.upk
Loading StaticMesh3 nahanwind_dash_acc_FX from package 00013841.upk
Loading package: 00013873.upk Ver: 573/1 Engine: 4205 Names: 168 Exports: 142 Imports: 46 Game: 801A
Loading StaticMesh3 nahanwind_dash_body_FX from package 00013841.upk
Loading package: 00013868.upk Ver: 573/1 Engine: 4205 Names: 94 Exports: 1 Imports: 21 Game: 801A
Loading MaterialInstanceConstant col1 from package 00013840.upk
Loading package: 00013839.upk Ver: 573/1 Engine: 4205 Names: 53 Exports: 24 Imports: 4 Game: 801A
Loading package: 00002640.upk Ver: 573/1 Engine: 4205 Names: 340 Exports: 556 Imports: 5 Game: 801A
Loading package: 00002620.upk Ver: 573/1 Engine: 4205 Names: 560 Exports: 6612 Imports: 96 Game: 801A
Loading MaterialInstanceConstant col1 from package 00013873.upk
Loading package: 00013875.upk Ver: 573/1 Engine: 4205 Names: 40 Exports: 9 Imports: 4 Game: 801A
Loading package: 00012963.upk Ver: 573/1 Engine: 4205 Names: 1236 Exports: 1211 Imports: 10 Game: 801A
Loading MaterialInstanceConstant col2 from package 00013868.upk
Loading Texture2D nahanbase_N from package 00013839.upk
Loading Texture2D nahanbase_M from package 00013839.upk
Loading Texture2D nahanbase_D from package 00013839.upk
Loading Texture2D nahanbase_S from package 00013839.upk
Loading TextureCube lenscube_a from package 00002640.upk
Loading Texture2D nahanbase_E from package 00013839.upk
Loading Material3 Body from package 00002620.upk
Loading Texture2D 990033_NaHanWind_col1_n from package 00013875.upk
Loading Texture2D 990033_NaHanWind_col1_m from package 00013875.upk
Loading Texture2D 990033_NaHanWind_col1_d from package 00013875.upk
Loading Texture2D 990033_NaHanWind_col1_s from package 00013875.upk
Loading TextureCube Cube_D from package 00002640.upk
Loading Texture2D 990033_NaHanWind_col1_FX_Line from package 00013875.upk
Loading Texture2D Smoke_Pattern_001 from package 00012963.upk
Loading Material3 Basic_FX from package 00013873.upk
Loading Texture2D nahanbase_D2 from package 00013839.upk
Loading Texture2D nahanbase_S2 from package 00013839.upk
Loading TextureCube cube_orb from package 00002640.upk
Loading Texture2D nahanbase_E2 from package 00013839.upk
Loading Texture2D CubemapFace0 from package 00002640.upk
Loading Texture2D CubemapFace1 from package 00002640.upk
Loading Texture2D CubemapFace2 from package 00002640.upk
Loading Texture2D CubemapFace3 from package 00002640.upk
Loading Texture2D CubemapFace4 from package 00002640.upk
Loading Texture2D CubemapFace5 from package 00002640.upk
Loading Texture2D check_n from package 00002620.upk
Loading Texture2D Noise_Glass_000 from package 00012963.upk
Loading Texture2D Gradient_Wipe_BurnOut_Mask_TEST from package 00012963.upk
Loading Texture2D Gradient_Wipe_BurnOut_Mask from package 00012963.upk
Loading Texture2D check from package 00002620.upk
Loading Texture2D Gradient_Line_003 from package 00012963.upk
Loading Texture2D CubemapFace0 from package 00002640.upk
Loading Texture2D CubemapFace1 from package 00002640.upk
Loading Texture2D CubemapFace2 from package 00002640.upk
Loading Texture2D CubemapFace3 from package 00002640.upk
Loading Texture2D CubemapFace4 from package 00002640.upk
Loading Texture2D CubemapFace5 from package 00002640.upk
Loading Texture2D CubemapFace0 from package 00002640.upk
Loading Texture2D CubemapFace1 from package 00002640.upk
Loading Texture2D CubemapFace2 from package 00002640.upk
Loading Texture2D CubemapFace3 from package 00002640.upk
Loading Texture2D CubemapFace4 from package 00002640.upk
Loading Texture2D CubemapFace5 from package 00002640.upk
Loaded in 0.32 sec, 4052 allocs, 5.78 MBytes serialized in 734132 calls.

Object info:
============
ClassName: SkeletalMesh3 ObjectName: nahanbase

    LODInfo[1] =
    {
        LODInfo[0] =
        {
            DisplayFactor = 0
            LODHysteresis = 0.02
            LODMaterialMap[0] = {}
            bEnableShadowCasting[2] = { true, true }
        }
    }
    Sockets[11] =
    {
        Sockets[0] = SkeletalMeshSocket'nahanbase.SkeletalMeshSocket_72'
        Sockets[1] = SkeletalMeshSocket'nahanbase.SkeletalMeshSocket_57'
        Sockets[2] = SkeletalMeshSocket'nahanbase.SkeletalMeshSocket_58'
        Sockets[3] = SkeletalMeshSocket'nahanbase.SkeletalMeshSocket_59'
        Sockets[4] = SkeletalMeshSocket'nahanbase.SkeletalMeshSocket_60'
        Sockets[5] = SkeletalMeshSocket'nahanbase.SkeletalMeshSocket_61'
        Sockets[6] = SkeletalMeshSocket'nahanbase.SkeletalMeshSocket_62'
        Sockets[7] = SkeletalMeshSocket'nahanbase.SkeletalMeshSocket_63'
        Sockets[8] = SkeletalMeshSocket'nahanbase.SkeletalMeshSocket_64'
        Sockets[9] = SkeletalMeshSocket'nahanbase.SkeletalMeshSocket_65'
        Sockets[10] = SkeletalMeshSocket'nahanbase.SkeletalMeshSocket_66'
    }
    bHasVertexColors = false
    EnableTwistBoneFixers = true
    EnableClavicleFixer = true
    Materials[1] = { MaterialInstanceConstant'col1' }


    Lods[1] =
    {
        Lods[0] =
        {
            Sections[2] =
            {
                Sections[0] = { Material=MaterialInstanceConstant'col1', FirstIndex=0, NumFaces=7726 }
                Sections[1] = { Material=MaterialInstanceConstant'col1', FirstIndex=23178, NumFaces=1470 }
            }
            NumVerts = 6432
            IndexCount = 27588
            NumTexCoords = 1
        }
    }
    LodCount = 1
    MeshOrigin = { X=-0, Y=-0, Z=-0 }
    MeshScale = { X=1, Y=1, Z=1 }
    RotOrigin = { Yaw=0, Pitch=0, Roll=0 }
    BoneCount = 127

Object info:
============
ClassName: SkeletalMeshSocket ObjectName: SkeletalMeshSocket_57

    SocketName = target_high
    BoneName = Bip01Head
    RelativeLocation = { X=0, Y=0, Z=0 }
    RelativeRotation = { Yaw=0, Pitch=0, Roll=0 }
    RelativeScale = { X=1, Y=1, Z=1 }

Object info:
============
ClassName: SkeletalMeshSocket ObjectName: SkeletalMeshSocket_58

    SocketName = Catch_Back
    BoneName = Bip01Spine2
    RelativeLocation = { X=0, Y=23.9295, Z=0 }
    RelativeRotation = { Yaw=0, Pitch=0, Roll=0 }
    RelativeScale = { X=1, Y=1, Z=1 }

Object info:
============
ClassName: SkeletalMeshSocket ObjectName: SkeletalMeshSocket_59

    SocketName = socket_force
    BoneName = Root
    RelativeLocation = { X=44, Y=38.7806, Z=-43 }
    RelativeRotation = { Yaw=0, Pitch=0, Roll=0 }
    RelativeScale = { X=1, Y=1, Z=1 }

Object info:
============
ClassName: SkeletalMeshSocket ObjectName: SkeletalMeshSocket_60

    SocketName = socket_neck
    BoneName = Bip01Neck1
    RelativeLocation = { X=0, Y=0, Z=0 }
    RelativeRotation = { Yaw=0, Pitch=0, Roll=0 }
    RelativeScale = { X=1, Y=1, Z=1 }

Object info:
============
ClassName: SkeletalMeshSocket ObjectName: SkeletalMeshSocket_61

    SocketName = Decap_Socket
    BoneName = Bip01Neck1
    RelativeLocation = { X=5.45522, Y=6.55647, Z=4.71144 }
    RelativeRotation = { Yaw=0, Pitch=0, Roll=0 }
    RelativeScale = { X=1, Y=1, Z=1 }

Object info:
============
ClassName: SkeletalMeshSocket ObjectName: SkeletalMeshSocket_62

    SocketName = Mount_Socket
    BoneName = Bip01Spine1
    RelativeLocation = { X=0, Y=-8.30923, Z=0 }
    RelativeRotation = { Yaw=0, Pitch=0, Roll=-16384 }
    RelativeScale = { X=1, Y=1, Z=1 }

Object info:
============
ClassName: SkeletalMeshSocket ObjectName: SkeletalMeshSocket_63

    SocketName = Mount_Ambar_Socket
    BoneName = Bip01LClavicle
    RelativeLocation = { X=2.56573, Y=-13.8821, Z=-21.2274 }
    RelativeRotation = { Yaw=-285, Pitch=9970, Roll=22850 }
    RelativeScale = { X=1, Y=1, Z=1 }

Object info:
============
ClassName: SkeletalMeshSocket ObjectName: SkeletalMeshSocket_64

    SocketName = Mount_Choke_Socket
    BoneName = Root
    RelativeLocation = { X=7.97719, Y=-4.90856, Z=37.25 }
    RelativeRotation = { Yaw=32768, Pitch=0, Roll=0 }
    RelativeScale = { X=1, Y=1, Z=1 }

Object info:
============
ClassName: SkeletalMeshSocket ObjectName: SkeletalMeshSocket_65

    SocketName = ATTACH_EFFECT
    BoneName = Bip01
    RelativeLocation = { X=10, Y=0, Z=0 }
    RelativeRotation = { Yaw=0, Pitch=0, Roll=0 }
    RelativeScale = { X=1, Y=1, Z=1 }

Object info:
============
ClassName: SkeletalMeshSocket ObjectName: SkeletalMeshSocket_66

    SocketName = Catch_Neck
    BoneName = Bip01Neck1
    RelativeLocation = { X=0, Y=0, Z=0 }
    RelativeRotation = { Yaw=0, Pitch=0, Roll=0 }
    RelativeScale = { X=1, Y=1, Z=1 }

Object info:
============
ClassName: SkeletalMeshSocket ObjectName: SkeletalMeshSocket_72

    SocketName = Socket_Caster
    BoneName = Root
    RelativeLocation = { X=0, Y=0, Z=0 }
    RelativeRotation = { Yaw=0, Pitch=0, Roll=0 }
    RelativeScale = { X=1, Y=1, Z=1 }

Object info:
============
ClassName: StaticMesh3 ObjectName: nahanwind_dash_acc_FX

    BodySetup = None
    UseSimpleLineCollision = false
    UseSimpleBoxCollision = false
    UseSimpleRigidBodyCollision = false
    UseFullPrecisionUVs = false
    Bounds =
    {
        Origin = { X=-0.077301, Y=1.82595, Z=131.531 }
        BoxExtent = { X=52.9237, Y=22.7528, Z=56.4949 }
        SphereRadius = 67.6561
    }
    CanCompressPositions = false
    CanStripNormalsAndTangents = false
    InternalVersion = 18


    Lods[1] =
    {
        Lods[0] =
        {
            Sections[1] =
            {
                Sections[0] = { Material=MaterialInstanceConstant'col1', FirstIndex=0, NumFaces=2690 }
            }
            NumVerts = 4658
            IndexCount = 8070
            NumTexCoords = 1
        }
    }
    LodCount = 1

Object info:
============
ClassName: StaticMesh3 ObjectName: nahanwind_dash_body_FX

    BodySetup = None
    UseSimpleLineCollision = false
    UseSimpleBoxCollision = false
    UseSimpleRigidBodyCollision = false
    UseFullPrecisionUVs = false
    Bounds =
    {
        Origin = { X=4.9798, Y=8.2667, Z=76.9768 }
        BoxExtent = { X=38.8361, Y=26.1413, Z=77.1448 }
        SphereRadius = 78.0564
    }
    CanCompressPositions = false
    CanStripNormalsAndTangents = false
    InternalVersion = 18


    Lods[1] =
    {
        Lods[0] =
        {
            Sections[2] =
            {
                Sections[0] = { Material=MaterialInstanceConstant'col2', FirstIndex=0, NumFaces=9196 }
                Sections[1] = { Material=MaterialInstanceConstant'col2', FirstIndex=0, NumFaces=0 }
            }
            NumVerts = 12680
            IndexCount = 27588
            NumTexCoords = 3
        }
    }
    LodCount = 1
