Found 21974 game files (0 skipped)
Loading package: 00011477.upk Ver: 573/1 Engine: 4205 Names: 64 Exports: 1 Imports: 11 Game: 801A
Loading MaterialInstanceConstant col1 from package 00011477.upk
Loading package: 00011476.upk Ver: 573/1 Engine: 4205 Names: 32 Exports: 4 Imports: 2 Game: 801A
Loading package: 00002620.upk Ver: 573/1 Engine: 4205 Names: 560 Exports: 6612 Imports: 96 Game: 801A
Loading Texture2D 60028_JinF_d from package 00011476.upk
Loading Texture2D 60028_JinF_s from package 00011476.upk
Loading Texture2D 60028_JinF_m from package 00011476.upk
Loading Texture2D 60028_JinF_n from package 00011476.upk
Loading Material3 body_bk from package 00002620.upk
Loading Texture2D check_n from package 00002620.upk
Loading Texture2D check from package 00002620.upk
Loaded in 0.049 sec, 855 allocs, 1.14 MBytes serialized in 123467 calls.

Object info:
============
ClassName: MaterialInstanceConstant ObjectName: col1

    ScalarParameterValues[6] =
    {
        ScalarParameterValues[0] = { ParameterName=Skin_Spec_value, ParameterValue=2 }
        ScalarParameterValues[1] = { ParameterName=Wear_glossiness1, ParameterValue=3 }
        ScalarParameterValues[2] = { ParameterName=Wear_glossiness2, ParameterValue=20 }
        ScalarParameterValues[3] = { ParameterName=Skin_glossiness, ParameterValue=80 }
        ScalarParameterValues[4] = { ParameterName=Transmission_value, ParameterValue=10 }
        ScalarParameterValues[5] = { ParameterName=Specular_value, ParameterValue=2 }
    }
    TextureParameterValues[5] =
    {
        TextureParameterValues[0] = { ParameterName=rf_cube, ParameterValue=None }
        TextureParameterValues[1] = { ParameterName=Body_diffuse, ParameterValue=Texture2D'60028_JinF_d' }
        TextureParameterValues[2] = { ParameterName=Body_specular, ParameterValue=Texture2D'60028_JinF_s' }
        TextureParameterValues[3] = { ParameterName=Body_mask_RGB, ParameterValue=Texture2D'60028_JinF_m' }
        TextureParameterValues[4] = { ParameterName=Body_normal, ParameterValue=Texture2D'60028_JinF_n' }
    }
    VectorParameterValues[1] =
    {
        VectorParameterValues[0] =
        {
            ParameterName = skin_color
            ParameterValue = { R=1, G=1, B=1, A=1 }
        }
    }
    Parent = Material3'body_bk'
    FlattenedTexture = None
    MobileBaseTexture = None
    MobileNormalTexture = None
    bUseMobileSpecular = false
    MobileSpecularPower = 16
    MobileSpecularMask = MSM_Constant (0)
    MobileMaskTexture = None
