Found 27000 game files (27 skipped)
Loading package: 00015507.upk Ver: 573/1 Engine: 4205 Names: 35 Exports: 5 Imports: 2 Game: 801A
Loading Texture2D 050005_GonM_D from package 00015507.upk
Loading Texture2D 050005_GonM_E from package 00015507.upk
WARNING: ByteProperty "UTexture2D::ManualLoadSwitchSettings" was not found
Loading Texture2D 050005_GonM_M from package 00015507.upk
Loading Texture2D 050005_GonM_N from package 00015507.upk
Loading Texture2D 050005_GonM_S from package 00015507.upk
Loaded in 0.027 sec, 207 allocs, 0.18 MBytes serialized in 1203 calls.

Object info:
============
ClassName: Texture2D ObjectName: 050005_GonM_D

    SizeX = 256
    SizeY = 512
    Format = PF_DXT5 (7)
    AddressX = TA_Wrap (0)
    AddressY = TA_Wrap (0)
    TextureFileCacheName = None
    MipTailBaseIdx = 9
    bForcePVRTC4 = false
    UnpackMin[4] = { 0, 0, 0, 0 }
    UnpackMax[4] = { 1, 1, 1, 1 }

Object info:
============
ClassName: Texture2D ObjectName: 050005_GonM_E

    SizeX = 256
    SizeY = 512
    Format = PF_DXT1 (5)
    AddressX = TA_Wrap (0)
    AddressY = TA_Wrap (0)
    TextureFileCacheName = None
    MipTailBaseIdx = 9
    bForcePVRTC4 = false
    UnpackMin[4] = { 0, 0, 0, 0 }
    UnpackMax[4] = { 1, 1, 1, 1 }

Object info:
============
ClassName: Texture2D ObjectName: 050005_GonM_M

    SizeX = 256
    SizeY = 512
    Format = PF_DXT1 (5)
    AddressX = TA_Wrap (0)
    AddressY = TA_Wrap (0)
    TextureFileCacheName = None
    MipTailBaseIdx = 9
    bForcePVRTC4 = false
    UnpackMin[4] = { 0, 0, 0, 0 }
    UnpackMax[4] = { 1, 1, 1, 1 }

Object info:
============
ClassName: Texture2D ObjectName: 050005_GonM_N

    SizeX = 256
    SizeY = 512
    Format = PF_DXT1 (5)
    AddressX = TA_Wrap (0)
    AddressY = TA_Wrap (0)
    TextureFileCacheName = None
    MipTailBaseIdx = 9
    bForcePVRTC4 = false
    UnpackMin[4] = { -1, -1, -1, 0 }
    UnpackMax[4] = { 1, 1, 1, 1 }

Object info:
============
ClassName: Texture2D ObjectName: 050005_GonM_S

    SizeX = 256
    SizeY = 512
    Format = PF_DXT5 (7)
    AddressX = TA_Wrap (0)
    AddressY = TA_Wrap (0)
    TextureFileCacheName = None
    MipTailBaseIdx = 9
    bForcePVRTC4 = false
    UnpackMin[4] = { 0, 0, 0, 0 }
    UnpackMax[4] = { 1, 1, 1, 1 }
