Found 16187 game files (144 skipped)
Loading package: 00010694.upk Ver: 573/1 Engine: 4205 Names: 167 Exports: 1 Imports: 123 Game: 801A
Loading AnimSet BoneMaskThinA_Animset from package 00010694.upk
WARNING: BoolProperty "UAnimSet::bServiced" was not found
WARNING: ArrayProperty "UAnimSet::NonAniScaleBoneNames" was not found
WARNING: ArrayProperty "UAnimSet::AdjustAniScaleBoneNames" was not found
WARNING: ArrayProperty "UAnimSet::RefSequences" was not found
WARNING: ArrayProperty "UAnimSet::PhysicalHitBoneNames" was not found
WARNING: ArrayProperty "UAnimSet::IgnoreAnimBoneNames" was not found
WARNING: AnimSet BoneMaskThinA_Animset has 0 sequences, but empty TrackBoneNames
Loaded in 0.001 sec, 188 allocs, 0.01 MBytes serialized in 1468 calls.

Object info:
============
ClassName: AnimSet ObjectName: BoneMaskThinA_Animset

    bAnimRotationOnly = true
    TrackBoneNames[0] = {}
    Sequences[0] = {}
    UseTranslationBoneNames[2] = { Bip01, WeaponR }
    ForceMeshTranslationBoneNames[0] = {}
    PreviewSkelMeshName = 00010663.BoneMaskThinA
    BulkDataBlocks[0] = {}
    KeyFrameSize = 0
    RotationChannels = 0
    TranslationChannels = 0
    m_pBioAnimSetData = None
