Found 16186 game files (0 skipped)
Loading package: 00012499.upk Ver: 573/1 Engine: 4205 Names: 213 Exports: 161 Imports: 24 Game: 801A
Loading SkeletalMesh3 FishmanB from package 00012499.upk
WARNING: ObjectProperty "USkeletalMesh3::PlaySoundSet" was not found
WARNING: ObjectProperty "USkeletalMesh3::PlayParticleSet" was not found
WARNING: FloatProperty "USkeletalMesh3::AddFootOffsetValue" was not found
WARNING: FloatProperty "USkeletalMesh3::AnimNameHeight" was not found
WARNING: FloatProperty "USkeletalMesh3::NormalNameHeight" was not found
WARNING: FloatProperty "USkeletalMesh3::LowNameHeight" was not found
Loading package: 00012498.upk Ver: 573/1 Engine: 4205 Names: 168 Exports: 141 Imports: 46 Game: 801A
Loading SkeletalMeshSocket SkeletalMeshSocket_113 from package 00012499.upk
Loading SkeletalMeshSocket SkeletalMeshSocket_41 from package 00012499.upk
WARNING: ObjectProperty "USkeletalMeshSocket::PreviewSkelMesh" was not found
Loading SkeletalMeshSocket SkeletalMeshSocket_488 from package 00012499.upk
Loading SkeletalMeshSocket SkeletalMeshSocket_489 from package 00012499.upk
Loading SkeletalMeshSocket SkeletalMeshSocket_490 from package 00012499.upk
Loading SkeletalMeshSocket SkeletalMeshSocket_491 from package 00012499.upk
Loading SkeletalMeshSocket SkeletalMeshSocket_492 from package 00012499.upk
Loading SkeletalMeshSocket SkeletalMeshSocket_493 from package 00012499.upk
Loading SkeletalMeshSocket SkeletalMeshSocket_494 from package 00012499.upk
Loading MaterialInstanceConstant col1 from package 00012498.upk
Loading package: 00012497.upk Ver: 573/1 Engine: 4205 Names: 33 Exports: 5 Imports: 2 Game: 801A
Loading package: 00002640.upk Ver: 573/1 Engine: 4205 Names: 340 Exports: 556 Imports: 5 Game: 801A
Loading package: 00002620.upk Ver: 573/1 Engine: 4205 Names: 500 Exports: 5733 Imports: 89 Game: 801A
Loading Texture2D Monster_Human_fishmanB_col1_body_N from package 00012497.upk
Loading Texture2D Monster_Human_fishmanB_col1_body_M from package 00012497.upk
Loading Texture2D Monster_Human_fishmanB_col1_body_D from package 00012497.upk
Loading Texture2D Monster_Human_fishmanB_col1_body_S from package 00012497.upk
Loading TextureCube Cube_D from package 00002640.upk
Loading Texture2D check from package 00002620.upk
Loading Texture2D Monster_Human_fishmanB_col1_body_FX_Line from package 00012497.upk
Loading Material3 Basic_FishManB from package 00012498.upk
Loading package: 00005993.upk Ver: 573/1 Engine: 4205 Names: 32 Exports: 5 Imports: 2 Game: 801A
Loading package: 00012963.upk Ver: 573/1 Engine: 4205 Names: 1199 Exports: 1162 Imports: 10 Game: 801A
Loading Texture2D CubemapFace0 from package 00002640.upk
Loading Texture2D CubemapFace1 from package 00002640.upk
Loading Texture2D CubemapFace2 from package 00002640.upk
Loading Texture2D CubemapFace3 from package 00002640.upk
Loading Texture2D CubemapFace4 from package 00002640.upk
Loading Texture2D CubemapFace5 from package 00002640.upk
Loading Texture2D check_n from package 00002620.upk
Loading Texture2D BelliedWaterFrog_FX_Line from package 00005993.upk
Loading Texture2D Smoke_Pattern_001 from package 00012963.upk
Loading Texture2D Gradient_Line_003 from package 00012963.upk
Loading Texture2D Gradient_Wipe_BurnOut_Mask_TEST from package 00012963.upk
Loading Texture2D Gradient_Wipe_BurnOut_Mask from package 00012963.upk
Loaded in 0.11 sec, 3053 allocs, 1.42 MBytes serialized in 239881 calls.

Object info:
============
ClassName: SkeletalMesh3 ObjectName: FishmanB

    LODInfo[1] =
    {
        LODInfo[0] =
        {
            DisplayFactor = 0
            LODHysteresis = 0.02
            LODMaterialMap[0] = {}
            bEnableShadowCasting[1] = { true }
        }
    }
    Sockets[9] =
    {
        Sockets[0] = SkeletalMeshSocket'FishmanB.SkeletalMeshSocket_41'
        Sockets[1] = SkeletalMeshSocket'FishmanB.SkeletalMeshSocket_488'
        Sockets[2] = SkeletalMeshSocket'FishmanB.SkeletalMeshSocket_489'
        Sockets[3] = SkeletalMeshSocket'FishmanB.SkeletalMeshSocket_490'
        Sockets[4] = SkeletalMeshSocket'FishmanB.SkeletalMeshSocket_491'
        Sockets[5] = SkeletalMeshSocket'FishmanB.SkeletalMeshSocket_492'
        Sockets[6] = SkeletalMeshSocket'FishmanB.SkeletalMeshSocket_493'
        Sockets[7] = SkeletalMeshSocket'FishmanB.SkeletalMeshSocket_494'
        Sockets[8] = SkeletalMeshSocket'FishmanB.SkeletalMeshSocket_113'
    }
    bHasVertexColors = false
    EnableTwistBoneFixers = true
    EnableClavicleFixer = true
    Materials[1] = { MaterialInstanceConstant'col1' }


    Lods[1] =
    {
        Lods[0] =
        {
            Sections[1] =
            {
                Sections[0] = { Material=MaterialInstanceConstant'col1', FirstIndex=0, NumFaces=3346 }
            }
            NumVerts = 2253
            IndexCount = 10038
            NumTexCoords = 1
        }
    }
    LodCount = 1
    MeshOrigin = { X=-0, Y=-0, Z=-0 }
    MeshScale = { X=1, Y=1, Z=1 }
    RotOrigin = { Yaw=0, Pitch=0, Roll=0 }
    BoneCount = 96

Object info:
============
ClassName: SkeletalMeshSocket ObjectName: SkeletalMeshSocket_113

    SocketName = ATTACH_EFFECT
    BoneName = Bip01
    RelativeLocation = { X=10, Y=0, Z=0 }
    RelativeRotation = { Yaw=0, Pitch=0, Roll=0 }
    RelativeScale = { X=1, Y=1, Z=1 }

Object info:
============
ClassName: SkeletalMeshSocket ObjectName: SkeletalMeshSocket_41

    SocketName = WeaponR
    BoneName = WeaponR
    RelativeLocation = { X=0, Y=0, Z=0 }
    RelativeRotation = { Yaw=0, Pitch=0, Roll=0 }
    RelativeScale = { X=1, Y=1, Z=1 }

Object info:
============
ClassName: SkeletalMeshSocket ObjectName: SkeletalMeshSocket_488

    SocketName = target_high
    BoneName = Bip01Head
    RelativeLocation = { X=2.87247, Y=0, Z=0 }
    RelativeRotation = { Yaw=0, Pitch=0, Roll=0 }
    RelativeScale = { X=1, Y=1, Z=1 }

Object info:
============
ClassName: SkeletalMeshSocket ObjectName: SkeletalMeshSocket_489

    SocketName = socket_force
    BoneName = Root
    RelativeLocation = { X=65.6734, Y=33, Z=8 }
    RelativeRotation = { Yaw=0, Pitch=0, Roll=0 }
    RelativeScale = { X=1, Y=1, Z=1 }

Object info:
============
ClassName: SkeletalMeshSocket ObjectName: SkeletalMeshSocket_490

    SocketName = Catch_Neck
    BoneName = Bip01Neck
    RelativeLocation = { X=0, Y=0, Z=0 }
    RelativeRotation = { Yaw=0, Pitch=0, Roll=0 }
    RelativeScale = { X=1, Y=1, Z=1 }

Object info:
============
ClassName: SkeletalMeshSocket ObjectName: SkeletalMeshSocket_491

    SocketName = Mount_Ambar_Socket
    BoneName = Bip01LClavicle
    RelativeLocation = { X=-10.9242, Y=-1.1465, Z=-11.3306 }
    RelativeRotation = { Yaw=-285, Pitch=9970, Roll=22850 }
    RelativeScale = { X=1, Y=1, Z=1 }

Object info:
============
ClassName: SkeletalMeshSocket ObjectName: SkeletalMeshSocket_492

    SocketName = Mount_Choke_Socket
    BoneName = Root
    RelativeLocation = { X=0, Y=0, Z=0 }
    RelativeRotation = { Yaw=32768, Pitch=0, Roll=0 }
    RelativeScale = { X=1, Y=1, Z=1 }

Object info:
============
ClassName: SkeletalMeshSocket ObjectName: SkeletalMeshSocket_493

    SocketName = Decap_Socket
    BoneName = Bip01Neck1
    RelativeLocation = { X=0, Y=0, Z=0 }
    RelativeRotation = { Yaw=0, Pitch=0, Roll=0 }
    RelativeScale = { X=1, Y=1, Z=1 }

Object info:
============
ClassName: SkeletalMeshSocket ObjectName: SkeletalMeshSocket_494

    SocketName = Mount_Socket
    BoneName = Root
    RelativeLocation = { X=-7.22141, Y=8.84338e-016, Z=0 }
    RelativeRotation = { Yaw=32768, Pitch=0, Roll=0 }
    RelativeScale = { X=1, Y=1, Z=1 }
