Found 16186 game files (0 skipped)
Loading package: 00010725.upk Ver: 573/1 Engine: 4205 Names: 64 Exports: 1 Imports: 13 Game: 801A
Loading MaterialInstanceConstant col1 from package 00010725.upk
Loading package: 00002640.upk Ver: 573/1 Engine: 4205 Names: 340 Exports: 556 Imports: 5 Game: 801A
Loading package: 00010724.upk Ver: 573/1 Engine: 4205 Names: 37 Exports: 8 Imports: 4 Game: 801A
Loading package: 00002620.upk Ver: 573/1 Engine: 4205 Names: 500 Exports: 5733 Imports: 89 Game: 801A
Loading TextureCube lenscube_a from package 00002640.upk
Loading Texture2D 60030_JinF_D from package 00010724.upk
Loading Texture2D 60030_JinF_S from package 00010724.upk
Loading Texture2D 60030_JinF_M from package 00010724.upk
Loading Texture2D 60030_JinF_N from package 00010724.upk
Loading Material3 body_bk from package 00002620.upk
Loading Texture2D CubemapFace0 from package 00002640.upk
Loading Texture2D CubemapFace1 from package 00002640.upk
Loading Texture2D CubemapFace2 from package 00002640.upk
Loading Texture2D CubemapFace3 from package 00002640.upk
Loading Texture2D CubemapFace4 from package 00002640.upk
Loading Texture2D CubemapFace5 from package 00002640.upk
Loading Texture2D check_n from package 00002620.upk
Loading Texture2D check from package 00002620.upk
Loaded in 0.076 sec, 1301 allocs, 1.23 MBytes serialized in 119617 calls.

Object info:
============
ClassName: MaterialInstanceConstant ObjectName: col1

    ScalarParameterValues[5] =
    {
        ScalarParameterValues[0] = { ParameterName=Skin_Spec_value, ParameterValue=1 }
        ScalarParameterValues[1] = { ParameterName=Wear_glossiness1, ParameterValue=8 }
        ScalarParameterValues[2] = { ParameterName=Wear_glossiness2, ParameterValue=20 }
        ScalarParameterValues[3] = { ParameterName=Skin_glossiness, ParameterValue=80 }
        ScalarParameterValues[4] = { ParameterName=Specular_value, ParameterValue=1 }
    }
    TextureParameterValues[5] =
    {
        TextureParameterValues[0] = { ParameterName=rf_cube, ParameterValue=TextureCube'lenscube_a' }
        TextureParameterValues[1] = { ParameterName=Body_diffuse, ParameterValue=Texture2D'60030_JinF_D' }
        TextureParameterValues[2] = { ParameterName=Body_specular, ParameterValue=Texture2D'60030_JinF_S' }
        TextureParameterValues[3] = { ParameterName=Body_mask_RGB, ParameterValue=Texture2D'60030_JinF_M' }
        TextureParameterValues[4] = { ParameterName=Body_normal, ParameterValue=Texture2D'60030_JinF_N' }
    }
    VectorParameterValues[0] = {}
    Parent = Material3'body_bk'
    FlattenedTexture = None
    MobileBaseTexture = None
    MobileNormalTexture = None
    bUseMobileSpecular = false
    MobileSpecularPower = 16
    MobileSpecularMask = MSM_Constant (0)
    MobileMaskTexture = None
