Found 16186 game files (0 skipped)
Loading package: 00016653.upk Ver: 573/1 Engine: 4205 Names: 79 Exports: 1 Imports: 17 Game: 801A
Loading MaterialInstanceConstant col1 from package 00016653.upk
Loading package: 00016652.upk Ver: 573/1 Engine: 4205 Names: 32 Exports: 4 Imports: 2 Game: 801A
Loading package: 00002620.upk Ver: 573/1 Engine: 4205 Names: 500 Exports: 5733 Imports: 89 Game: 801A
Loading Texture2D Cloth_60039_GonF_col1_N from package 00016652.upk
Loading Texture2D Cloth_60039_GonF_col1_M from package 00016652.upk
Loading Texture2D Cloth_60039_GonF_col1_D from package 00016652.upk
Loading Texture2D Cloth_60039_GonF_col1_S from package 00016652.upk
Loading Material3 Body from package 00002620.upk
Loading package: 00012963.upk Ver: 573/1 Engine: 4205 Names: 1199 Exports: 1162 Imports: 10 Game: 801A
Loading Texture2D check_n from package 00002620.upk
Loading Texture2D Noise_Glass_000 from package 00012963.upk
Loading Texture2D Smoke_Pattern_001 from package 00012963.upk
Loading Texture2D Gradient_Wipe_BurnOut_Mask_TEST from package 00012963.upk
Loading Texture2D Gradient_Wipe_BurnOut_Mask from package 00012963.upk
Loading Texture2D check from package 00002620.upk
Loading Texture2D Gradient_Line_003 from package 00012963.upk
Loaded in 0.085 sec, 2152 allocs, 1.29 MBytes serialized in 133010 calls.

Object info:
============
ClassName: MaterialInstanceConstant ObjectName: col1

    ScalarParameterValues[8] =
    {
        ScalarParameterValues[0] = { ParameterName=Transmission_value, ParameterValue=10 }
        ScalarParameterValues[1] = { ParameterName=Skin_glossiness, ParameterValue=0 }
        ScalarParameterValues[2] = { ParameterName=Wear_glossiness1, ParameterValue=7 }
        ScalarParameterValues[3] = { ParameterName=Wear_glossiness2, ParameterValue=50 }
        ScalarParameterValues[4] = { ParameterName=Skin_Spec_value, ParameterValue=0 }
        ScalarParameterValues[5] = { ParameterName=HighLight_Value, ParameterValue=0.4 }
        ScalarParameterValues[6] = { ParameterName=HighLight_glossiness, ParameterValue=80 }
        ScalarParameterValues[7] = { ParameterName=Specular_value, ParameterValue=1.5 }
    }
    TextureParameterValues[4] =
    {
        TextureParameterValues[0] = { ParameterName=Body_normal, ParameterValue=Texture2D'Cloth_60039_GonF_col1_N' }
        TextureParameterValues[1] = { ParameterName=Body_mask_RGB, ParameterValue=Texture2D'Cloth_60039_GonF_col1_M' }
        TextureParameterValues[2] = { ParameterName=Body_diffuse, ParameterValue=Texture2D'Cloth_60039_GonF_col1_D' }
        TextureParameterValues[3] = { ParameterName=Body_specular, ParameterValue=Texture2D'Cloth_60039_GonF_col1_S' }
    }
    VectorParameterValues[0] = {}
    Parent = Material3'Body'
    FlattenedTexture = None
    MobileBaseTexture = None
    MobileNormalTexture = None
    bUseMobileSpecular = false
    MobileSpecularPower = 16
    MobileSpecularMask = MSM_Constant (0)
    MobileMaskTexture = None
