Found 16187 game files (144 skipped)
Loading package: 00013597.upk Ver: 573/1 Engine: 4205 Names: 71 Exports: 1 Imports: 15 Game: 801A
Loading MaterialInstanceConstant col1 from package 00013597.upk
Loading package: 00013596.upk Ver: 573/1 Engine: 4205 Names: 46 Exports: 21 Imports: 4 Game: 801A
Loading package: 00002620.upk Ver: 573/1 Engine: 4205 Names: 500 Exports: 5733 Imports: 89 Game: 801A
Loading Texture2D 040031_JinM_N from package 00013596.upk
Loading Texture2D 040031_JinM_D from package 00013596.upk
Loading Texture2D 040031_JinM_S from package 00013596.upk
Loading Material3 Basic from package 00002620.upk
Loading package: 00012963.upk Ver: 573/1 Engine: 4205 Names: 1199 Exports: 1162 Imports: 10 Game: 801A
Loading Texture2D check_n from package 00002620.upk
Loading Texture2D check from package 00002620.upk
Loading Texture2D Smoke_Pattern_001 from package 00012963.upk
Loading Texture2D Gradient_Line_003 from package 00012963.upk
Loading Texture2D Gradient_Wipe_BurnOut_Mask_TEST from package 00012963.upk
Loading Texture2D Gradient_Wipe_BurnOut_Mask from package 00012963.upk
Loaded in 0.054 sec, 2082 allocs, 0.67 MBytes serialized in 132683 calls.

Object info:
============
ClassName: MaterialInstanceConstant ObjectName: col1

    ScalarParameterValues[1] =
    {
        ScalarParameterValues[0] = { ParameterName=Glossiness1, ParameterValue=10 }
    }
    TextureParameterValues[3] =
    {
        TextureParameterValues[0] = { ParameterName=Normal, ParameterValue=Texture2D'040031_JinM_N' }
        TextureParameterValues[1] = { ParameterName=Diffuse, ParameterValue=Texture2D'040031_JinM_D' }
        TextureParameterValues[2] = { ParameterName=Specular, ParameterValue=Texture2D'040031_JinM_S' }
    }
    VectorParameterValues[0] = {}
    Parent = Material3'Basic'
    FlattenedTexture = None
    MobileBaseTexture = None
    MobileNormalTexture = None
    bUseMobileSpecular = false
    MobileSpecularPower = 16
    MobileSpecularMask = MSM_Constant (0)
    MobileMaskTexture = None
