Found 18875 game files (36 skipped)
Loading package: 00010584.upk Ver: 573/1 Engine: 4205 Names: 169 Exports: 179 Imports: 21 Game: 801A
Loading SkeletalMesh3 Noctiluca from package 00010584.upk
WARNING: ObjectProperty "USkeletalMesh3::PlaySoundSet" was not found
WARNING: ObjectProperty "USkeletalMesh3::PlayParticleSet" was not found
WARNING: FloatProperty "USkeletalMesh3::AnimNameHeight" was not found
WARNING: FloatProperty "USkeletalMesh3::NormalNameHeight" was not found
WARNING: FloatProperty "USkeletalMesh3::LowNameHeight" was not found
Loading package: 00010665.upk Ver: 573/1 Engine: 4205 Names: 177 Exports: 143 Imports: 51 Game: 801A
Loading SkeletalMeshSocket SkeletalMeshSocket_11 from package 00010584.upk
Loading SkeletalMeshSocket SkeletalMeshSocket_141 from package 00010584.upk
Loading SkeletalMeshSocket SkeletalMeshSocket_198 from package 00010584.upk
Loading SkeletalMeshSocket SkeletalMeshSocket_199 from package 00010584.upk
Loading SkeletalMeshSocket SkeletalMeshSocket_28 from package 00010584.upk
Loading SkeletalMeshSocket SkeletalMeshSocket_38 from package 00010584.upk
Loading SkeletalMeshSocket SkeletalMeshSocket_52 from package 00010584.upk
Loading SkeletalMeshSocket SkeletalMeshSocket_53 from package 00010584.upk
Loading SkeletalMeshSocket SkeletalMeshSocket_54 from package 00010584.upk
Loading MaterialInstanceConstant col1 from package 00010665.upk
Loading package: 00010664.upk Ver: 573/1 Engine: 4205 Names: 48 Exports: 18 Imports: 2 Game: 801A
Loading package: 00002640.upk Ver: 573/1 Engine: 4205 Names: 340 Exports: 556 Imports: 5 Game: 801A
Loading package: 00012963.upk Ver: 573/1 Engine: 4205 Names: 1219 Exports: 1194 Imports: 10 Game: 801A
Loading MaterialInstanceConstant Opa from package 00010665.upk
Loading package: 00002620.upk Ver: 573/1 Engine: 4205 Names: 560 Exports: 6612 Imports: 96 Game: 801A
Loading Texture2D Noctiluca_N from package 00010664.upk
Loading Texture2D Noctiluca_M from package 00010664.upk
Loading Texture2D Noctiluca_D from package 00010664.upk
Loading Texture2D Noctiluca_S from package 00010664.upk
Loading TextureCube cube_orb from package 00002640.upk
Loading Texture2D Noctiluca_E from package 00010664.upk
WARNING: ByteProperty "UTexture2D::ManualLoadSwitchSettings" was not found
Loading Texture2D Smoke_Pattern_001 from package 00012963.upk
Loading Texture2D Noctiluca_Fx_Line from package 00010664.upk
Loading Material3 Basic_Noctiluca from package 00010665.upk
Loading Texture2D MatelW3_RT from package 00002640.upk
Loading Material3 Blend_OP from package 00002620.upk
Loading Texture2D CubemapFace0 from package 00002640.upk
Loading Texture2D CubemapFace1 from package 00002640.upk
Loading Texture2D CubemapFace2 from package 00002640.upk
Loading Texture2D CubemapFace3 from package 00002640.upk
Loading Texture2D CubemapFace4 from package 00002640.upk
Loading Texture2D CubemapFace5 from package 00002640.upk
Loading Texture2D check_n from package 00002620.upk
Loading Texture2D check from package 00002620.upk
Loading Texture2D Gradient_Line_003 from package 00012963.upk
Loading Texture2D Gradient_Wipe_BurnOut_Mask_TEST from package 00012963.upk
Loading Texture2D Gradient_Wipe_BurnOut_Mask from package 00012963.upk
Loaded in 0.13 sec, 3148 allocs, 1.81 MBytes serialized in 325503 calls.

Object info:
============
ClassName: SkeletalMesh3 ObjectName: Noctiluca

    LODInfo[2] =
    {
        LODInfo[0] =
        {
            DisplayFactor = 0
            LODHysteresis = 0.02
            LODMaterialMap[0] = {}
            bEnableShadowCasting[2] = { true, true }
        }
        LODInfo[1] =
        {
            DisplayFactor = 0
            LODHysteresis = 0.02
            LODMaterialMap[2] = { 0, 1 }
            bEnableShadowCasting[2] = { true, true }
        }
    }
    Sockets[9] =
    {
        Sockets[0] = SkeletalMeshSocket'Noctiluca.SkeletalMeshSocket_11'
        Sockets[1] = SkeletalMeshSocket'Noctiluca.SkeletalMeshSocket_28'
        Sockets[2] = SkeletalMeshSocket'Noctiluca.SkeletalMeshSocket_198'
        Sockets[3] = SkeletalMeshSocket'Noctiluca.SkeletalMeshSocket_199'
        Sockets[4] = SkeletalMeshSocket'Noctiluca.SkeletalMeshSocket_38'
        Sockets[5] = SkeletalMeshSocket'Noctiluca.SkeletalMeshSocket_141'
        Sockets[6] = SkeletalMeshSocket'Noctiluca.SkeletalMeshSocket_52'
        Sockets[7] = SkeletalMeshSocket'Noctiluca.SkeletalMeshSocket_53'
        Sockets[8] = SkeletalMeshSocket'Noctiluca.SkeletalMeshSocket_54'
    }
    bHasVertexColors = false
    EnableTwistBoneFixers = true
    EnableClavicleFixer = true
    Materials[2] = { MaterialInstanceConstant'Material.col1', MaterialInstanceConstant'Opa' }


    Lods[2] =
    {
        Lods[0] =
        {
            Sections[2] =
            {
                Sections[0] = { Material=MaterialInstanceConstant'Material.col1', FirstIndex=0, NumFaces=4654 }
                Sections[1] = { Material=MaterialInstanceConstant'Opa', FirstIndex=13962, NumFaces=60 }
            }
            NumVerts = 3164
            IndexCount = 14142
            NumTexCoords = 1
        }
        Lods[1] =
        {
            Sections[2] =
            {
                Sections[0] = { Material=MaterialInstanceConstant'Material.col1', FirstIndex=0, NumFaces=1342 }
                Sections[1] = { Material=MaterialInstanceConstant'Opa', FirstIndex=4026, NumFaces=64 }
            }
            NumVerts = 1170
            IndexCount = 4218
            NumTexCoords = 1
        }
    }
    LodCount = 2
    MeshOrigin = { X=-0, Y=-0, Z=-1.5 }
    MeshScale = { X=1, Y=1, Z=1 }
    RotOrigin = { Yaw=0, Pitch=0, Roll=0 }
    BoneCount = 48

Object info:
============
ClassName: SkeletalMeshSocket ObjectName: SkeletalMeshSocket_11

    SocketName = target_high
    BoneName = Bip01Head
    RelativeLocation = { X=3, Y=0, Z=0 }
    RelativeRotation = { Yaw=0, Pitch=0, Roll=0 }
    RelativeScale = { X=1, Y=1, Z=1 }

Object info:
============
ClassName: SkeletalMeshSocket ObjectName: SkeletalMeshSocket_141

    SocketName = Decap_Socket
    BoneName = Bip01_neck03
    RelativeLocation = { X=3.54704, Y=-4.52954, Z=0 }
    RelativeRotation = { Yaw=0, Pitch=0, Roll=0 }
    RelativeScale = { X=1, Y=1, Z=1 }

Object info:
============
ClassName: SkeletalMeshSocket ObjectName: SkeletalMeshSocket_198

    SocketName = socket_force
    BoneName = Root
    RelativeLocation = { X=60, Y=30, Z=5 }
    RelativeRotation = { Yaw=0, Pitch=0, Roll=0 }
    RelativeScale = { X=1, Y=1, Z=1 }

Object info:
============
ClassName: SkeletalMeshSocket ObjectName: SkeletalMeshSocket_199

    SocketName = Mount_Socket
    BoneName = Root
    RelativeLocation = { X=2.41754, Y=-2.70191e-016, Z=0 }
    RelativeRotation = { Yaw=32768, Pitch=0, Roll=0 }
    RelativeScale = { X=1, Y=1, Z=1 }

Object info:
============
ClassName: SkeletalMeshSocket ObjectName: SkeletalMeshSocket_28

    SocketName = bodytarget
    BoneName = Bip01_neck01
    RelativeLocation = { X=0, Y=0, Z=0 }
    RelativeRotation = { Yaw=0, Pitch=0, Roll=0 }
    RelativeScale = { X=1, Y=1, Z=1 }

Object info:
============
ClassName: SkeletalMeshSocket ObjectName: SkeletalMeshSocket_38

    SocketName = Catch_Neck
    BoneName = Bip01_neck01
    RelativeLocation = { X=2.70865, Y=-0.997837, Z=0 }
    RelativeRotation = { Yaw=0, Pitch=0, Roll=0 }
    RelativeScale = { X=1, Y=1, Z=1 }

Object info:
============
ClassName: SkeletalMeshSocket ObjectName: SkeletalMeshSocket_52

    SocketName = ATTACH_EFFECT
    BoneName = Bip01
    RelativeLocation = { X=0, Y=5.43603, Z=0 }
    RelativeRotation = { Yaw=0, Pitch=0, Roll=0 }
    RelativeScale = { X=1, Y=1, Z=1 }

Object info:
============
ClassName: SkeletalMeshSocket ObjectName: SkeletalMeshSocket_53

    SocketName = Mount_Ambar_Socket
    BoneName = Root
    RelativeLocation = { X=4.24695, Y=-8.4876, Z=0 }
    RelativeRotation = { Yaw=32768, Pitch=0, Roll=0 }
    RelativeScale = { X=1, Y=1, Z=1 }

Object info:
============
ClassName: SkeletalMeshSocket ObjectName: SkeletalMeshSocket_54

    SocketName = Mount_Choke_Socket
    BoneName = Root
    RelativeLocation = { X=1.76089, Y=-2.1564e-016, Z=0 }
    RelativeRotation = { Yaw=32768, Pitch=0, Roll=0 }
    RelativeScale = { X=1, Y=1, Z=1 }
