Found 19856 game files (132 skipped)
Loading package: 00016438.upk Ver: 573/1 Engine: 4205 Names: 743 Exports: 2 Imports: 809 Game: 801A
Loading AnimSet BladeMaster_F_Animset from package 00016438.upk
WARNING: BoolProperty "UAnimSet::bServiced" was not found
WARNING: ArrayProperty "UAnimSet::AdjustAniScaleBoneNames" was not found
WARNING: ArrayProperty "UAnimSet::RefSequences" was not found
WARNING: ArrayProperty "UAnimSet::PhysicalHitBoneNames" was not found
Loading AnimSet BladeMaster_M_Animset from package 00016438.upk
WARNING: BoolProperty "UAnimSet::bServiced" was not found
WARNING: ArrayProperty "UAnimSet::AdjustAniScaleBoneNames" was not found
WARNING: ArrayProperty "UAnimSet::StopShakingBones" was not found
WARNING: ArrayProperty "UAnimSet::DynamicFixedBones" was not found
WARNING: ArrayProperty "UAnimSet::RefSequences" was not found
WARNING: ArrayProperty "UAnimSet::PhysicalHitBoneNames" was not found
Loaded in 0.003 sec, 775 allocs, 0.05 MBytes serialized in 8423 calls.

Object info:
============
ClassName: AnimSet ObjectName: BladeMaster_F_Animset

    bAnimRotationOnly = true
    TrackBoneNames[67] =
    {
        TrackBoneNames[0] = Root
        TrackBoneNames[1] = Bip01
        TrackBoneNames[2] = Bip01Pelvis
        TrackBoneNames[3] = Bip01Spine
        TrackBoneNames[4] = Bip01Spine1
        TrackBoneNames[5] = Bip01Spine2
        TrackBoneNames[6] = Bip01Neck
        TrackBoneNames[7] = Bip01Neck1
        TrackBoneNames[8] = Bip01Head
        TrackBoneNames[9] = Bip01LClavicle
        TrackBoneNames[10] = Bip01LUpperArm
        TrackBoneNames[11] = Bip01LForeArm
        TrackBoneNames[12] = Bip01LHand
        TrackBoneNames[13] = Bip01LFinger0
        TrackBoneNames[14] = Bip01LFinger01
        TrackBoneNames[15] = Bip01LFinger02
        TrackBoneNames[16] = Bip01LFinger1
        TrackBoneNames[17] = Bip01LFinger11
        TrackBoneNames[18] = Bip01LFinger12
        TrackBoneNames[19] = Bip01LFinger2
        TrackBoneNames[20] = Bip01LFinger21
        TrackBoneNames[21] = Bip01LFinger22
        TrackBoneNames[22] = Bip01LFinger3
        TrackBoneNames[23] = Bip01LFinger31
        TrackBoneNames[24] = Bip01LFinger32
        TrackBoneNames[25] = Bip01LFinger4
        TrackBoneNames[26] = Bip01LFinger41
        TrackBoneNames[27] = Bip01LFinger42
        TrackBoneNames[28] = WeaponL
        TrackBoneNames[29] = BoneArmTwistL01
        TrackBoneNames[30] = AdB01LForearmMuscleBone
        TrackBoneNames[31] = BoneShoulderTwistL01
        TrackBoneNames[32] = Bip01RClavicle
        TrackBoneNames[33] = Bip01RUpperArm
        TrackBoneNames[34] = Bip01RForeArm
        TrackBoneNames[35] = Bip01RHand
        TrackBoneNames[36] = Bip01RFinger0
        TrackBoneNames[37] = Bip01RFinger01
        TrackBoneNames[38] = Bip01RFinger02
        TrackBoneNames[39] = Bip01RFinger1
        TrackBoneNames[40] = Bip01RFinger11
        TrackBoneNames[41] = Bip01RFinger12
        TrackBoneNames[42] = Bip01RFinger2
        TrackBoneNames[43] = Bip01RFinger21
        TrackBoneNames[44] = Bip01RFinger22
        TrackBoneNames[45] = Bip01RFinger3
        TrackBoneNames[46] = Bip01RFinger31
        TrackBoneNames[47] = Bip01RFinger32
        TrackBoneNames[48] = Bip01RFinger4
        TrackBoneNames[49] = Bip01RFinger41
        TrackBoneNames[50] = Bip01RFinger42
        TrackBoneNames[51] = WeaponR
        TrackBoneNames[52] = BoneArmTwistR01
        TrackBoneNames[53] = AdB01RForearmMuscleBone
        TrackBoneNames[54] = BoneShoulderTwistR01
        TrackBoneNames[55] = Bip01LThigh
        TrackBoneNames[56] = Bip01LCalf
        TrackBoneNames[57] = Bip01LFoot
        TrackBoneNames[58] = Bip01LToe0
        TrackBoneNames[59] = AdB01LKneeBone
        TrackBoneNames[60] = Bip01RThigh
        TrackBoneNames[61] = Bip01RCalf
        TrackBoneNames[62] = Bip01RFoot
        TrackBoneNames[63] = Bip01RToe0
        TrackBoneNames[64] = AdB01RKneeBone
        TrackBoneNames[65] = AdB01LHipBone
        TrackBoneNames[66] = AdB01RHipBone
    }
    Sequences[0] = {}
    UseTranslationBoneNames[9] =
    {
        UseTranslationBoneNames[0] = Bip01
        UseTranslationBoneNames[1] = WeaponL
        UseTranslationBoneNames[2] = WeaponR
        UseTranslationBoneNames[3] = AdB01LForearmMuscleBone
        UseTranslationBoneNames[4] = AdB01RForearmMuscleBone
        UseTranslationBoneNames[5] = AdB01LHipBone
        UseTranslationBoneNames[6] = AdB01RHipBone
        UseTranslationBoneNames[7] = AdB01LKneeBone
        UseTranslationBoneNames[8] = AdB01RKneeBone
    }
    ForceMeshTranslationBoneNames[0] = {}
    PreviewSkelMeshName = 00002701.00001_JinM
    BulkDataBlocks[0] = {}
    KeyFrameSize = 0
    RotationChannels = 0
    TranslationChannels = 0
    m_pBioAnimSetData = None

Object info:
============
ClassName: AnimSet ObjectName: BladeMaster_M_Animset

    bAnimRotationOnly = true
    TrackBoneNames[96] =
    {
        TrackBoneNames[0] = Root
        TrackBoneNames[1] = Bip01
        TrackBoneNames[2] = Bip01Pelvis
        TrackBoneNames[3] = Bip01Spine
        TrackBoneNames[4] = Bip01Spine1
        TrackBoneNames[5] = Bip01Spine2
        TrackBoneNames[6] = Bip01Neck
        TrackBoneNames[7] = Bip01Neck1
        TrackBoneNames[8] = Bip01Head
        TrackBoneNames[9] = Bip01HeadNub
        TrackBoneNames[10] = Bip01LClavicle
        TrackBoneNames[11] = Bip01LUpperArm
        TrackBoneNames[12] = Bip01LForeArm
        TrackBoneNames[13] = Bip01LHand
        TrackBoneNames[14] = Bip01LFinger0
        TrackBoneNames[15] = Bip01LFinger01
        TrackBoneNames[16] = Bip01LFinger02
        TrackBoneNames[17] = Bip01LFinger0Nub
        TrackBoneNames[18] = Bip01LFinger1
        TrackBoneNames[19] = Bip01LFinger11
        TrackBoneNames[20] = Bip01LFinger12
        TrackBoneNames[21] = Bip01LFinger1Nub
        TrackBoneNames[22] = Bip01LFinger2
        TrackBoneNames[23] = Bip01LFinger21
        TrackBoneNames[24] = Bip01LFinger22
        TrackBoneNames[25] = Bip01LFinger2Nub
        TrackBoneNames[26] = Bip01LFinger3
        TrackBoneNames[27] = Bip01LFinger31
        TrackBoneNames[28] = Bip01LFinger32
        TrackBoneNames[29] = Bip01LFinger3Nub
        TrackBoneNames[30] = Bip01LFinger4
        TrackBoneNames[31] = Bip01LFinger41
        TrackBoneNames[32] = Bip01LFinger42
        TrackBoneNames[33] = Bip01LFinger4Nub
        TrackBoneNames[34] = HandL
        TrackBoneNames[35] = WeaponL
        TrackBoneNames[36] = BoneArmTwistL01
        TrackBoneNames[37] = PointArmTwistL01
        TrackBoneNames[38] = AdB01LForearmMuscleBone
        TrackBoneNames[39] = AdB01LForearmMusclePoint
        TrackBoneNames[40] = BoneShoulderTwistL01
        TrackBoneNames[41] = AdB01LForearmMuscleDummy
        TrackBoneNames[42] = PointShoulderTwistL01
        TrackBoneNames[43] = Bip01RClavicle
        TrackBoneNames[44] = Bip01RUpperArm
        TrackBoneNames[45] = Bip01RForeArm
        TrackBoneNames[46] = Bip01RHand
        TrackBoneNames[47] = Bip01RFinger0
        TrackBoneNames[48] = Bip01RFinger01
        TrackBoneNames[49] = Bip01RFinger02
        TrackBoneNames[50] = Bip01RFinger0Nub
        TrackBoneNames[51] = Bip01RFinger1
        TrackBoneNames[52] = Bip01RFinger11
        TrackBoneNames[53] = Bip01RFinger12
        TrackBoneNames[54] = Bip01RFinger1Nub
        TrackBoneNames[55] = Bip01RFinger2
        TrackBoneNames[56] = Bip01RFinger21
        TrackBoneNames[57] = Bip01RFinger22
        TrackBoneNames[58] = Bip01RFinger2Nub
        TrackBoneNames[59] = Bip01RFinger3
        TrackBoneNames[60] = Bip01RFinger31
        TrackBoneNames[61] = Bip01RFinger32
        TrackBoneNames[62] = Bip01RFinger3Nub
        TrackBoneNames[63] = Bip01RFinger4
        TrackBoneNames[64] = Bip01RFinger41
        TrackBoneNames[65] = Bip01RFinger42
        TrackBoneNames[66] = Bip01RFinger4Nub
        TrackBoneNames[67] = HandR
        TrackBoneNames[68] = WeaponR
        TrackBoneNames[69] = BoneArmTwistR01
        TrackBoneNames[70] = PointArmTwistR01
        TrackBoneNames[71] = AdB01RForearmMusclePoint
        TrackBoneNames[72] = AdB01RForearmMuscleBone
        TrackBoneNames[73] = BoneShoulderTwistR01
        TrackBoneNames[74] = AdB01RForearmMuscleDummy
        TrackBoneNames[75] = PointShoulderTwistR01
        TrackBoneNames[76] = Bip01LThigh
        TrackBoneNames[77] = Bip01LCalf
        TrackBoneNames[78] = Bip01LFoot
        TrackBoneNames[79] = Bip01LToe0
        TrackBoneNames[80] = Bip01LToe0Nub
        TrackBoneNames[81] = AdB01LKneePoint
        TrackBoneNames[82] = AdB01LKneeBone
        TrackBoneNames[83] = AdB01LKneeDummy
        TrackBoneNames[84] = Bip01RThigh
        TrackBoneNames[85] = Bip01RCalf
        TrackBoneNames[86] = Bip01RFoot
        TrackBoneNames[87] = Bip01RToe0
        TrackBoneNames[88] = Bip01RToe0Nub
        TrackBoneNames[89] = AdB01RKneePoint
        TrackBoneNames[90] = AdB01RKneeDummy
        TrackBoneNames[91] = AdB01RKneeBone
        TrackBoneNames[92] = AdB01LHipPoint
        TrackBoneNames[93] = AdB01LHipBone
        TrackBoneNames[94] = AdB01RHipPoint
        TrackBoneNames[95] = AdB01RHipBone
    }
    Sequences[0] = {}
    UseTranslationBoneNames[9] =
    {
        UseTranslationBoneNames[0] = Bip01
        UseTranslationBoneNames[1] = WeaponL
        UseTranslationBoneNames[2] = WeaponR
        UseTranslationBoneNames[3] = AdB01LForearmMuscleBone
        UseTranslationBoneNames[4] = AdB01RForearmMuscleBone
        UseTranslationBoneNames[5] = AdB01LHipBone
        UseTranslationBoneNames[6] = AdB01RHipBone
        UseTranslationBoneNames[7] = AdB01LKneeBone
        UseTranslationBoneNames[8] = AdB01RKneeBone
    }
    ForceMeshTranslationBoneNames[0] = {}
    PreviewSkelMeshName = None
    BulkDataBlocks[0] = {}
    KeyFrameSize = 0
    RotationChannels = 0
    TranslationChannels = 0
    m_pBioAnimSetData = None
