Found 19856 game files (132 skipped)
Loading package: 00012581.upk Ver: 573/1 Engine: 4205 Names: 355 Exports: 3341 Imports: 159 Game: 801A
Loading Material3 Aura_OutRing_mat_FireBall from package 00012581.upk
WARNING: BoolProperty "UMaterial3::bAcceptRenderDecal" was not found
Loading package: 00012963.upk Ver: 573/1 Engine: 4205 Names: 1223 Exports: 1198 Imports: 10 Game: 801A
Loading package: EngineResources.upk Ver: 573/1 Engine: 4205 Names: 134 Exports: 73 Imports: 11 Game: 801A
Loading Material3 Aura_OutRing_mat_FireBall_masked from package 00012581.upk
WARNING: BoolProperty "UMaterial3::bAcceptRenderDecal" was not found
Loading Material3 Aura_OutRing_mat_IceBall_masked from package 00012581.upk
WARNING: BoolProperty "UMaterial3::bAcceptRenderDecal" was not found
Loading Material3 Beam000_MatB from package 00012581.upk
Loading Material3 Body_flame from package 00012581.upk
WARNING: BoolProperty "UMaterial3::bAcceptRenderDecal" was not found
Loading Material3 Cloudblow000_MatM from package 00012581.upk
WARNING: BoolProperty "UMaterial3::bAcceptRenderDecal" was not found
Loading Material3 Cloudblow000_MatM_notpanning from package 00012581.upk
WARNING: BoolProperty "UMaterial3::bAcceptRenderDecal" was not found
Loading Material3 Distort_Fire_mat from package 00012581.upk
Loading Material3 Fire000_MatM from package 00012581.upk
WARNING: BoolProperty "UMaterial3::bAcceptRenderDecal" was not found
Loading Material3 Fire_001_mat from package 00012581.upk
WARNING: BoolProperty "UMaterial3::bAcceptRenderDecal" was not found
Loading Material3 Fire_003 from package 00012581.upk
Loading package: cine_effect_texture.upk Ver: 573/1 Engine: 4205 Names: 297 Exports: 263 Imports: 7 Game: 801A
Loading Material3 Fire_004 from package 00012581.upk
Loading Material3 Fire_Anger_1 from package 00012581.upk
WARNING: BoolProperty "UMaterial3::bAcceptRenderDecal" was not found
Loading Material3 Fire_Anger_2 from package 00012581.upk
WARNING: BoolProperty "UMaterial3::bAcceptRenderDecal" was not found
Loading Material3 Fire_Anger_3 from package 00012581.upk
WARNING: BoolProperty "UMaterial3::bAcceptRenderDecal" was not found
Loading Material3 Fire_Anger_4 from package 00012581.upk
WARNING: BoolProperty "UMaterial3::bAcceptRenderDecal" was not found
Loading Material3 Fire_blending_Mat from package 00012581.upk
WARNING: BoolProperty "UMaterial3::bAcceptRenderDecal" was not found
Loading Material3 Fire_Buff000_MatB from package 00012581.upk
WARNING: BoolProperty "UMaterial3::bAcceptRenderDecal" was not found
Loading Material3 Fire_Flame_blending2_NDe from package 00012581.upk
WARNING: BoolProperty "UMaterial3::bAcceptRenderDecal" was not found
Loading Material3 Fire_Flame_blending_Mat from package 00012581.upk
WARNING: BoolProperty "UMaterial3::bAcceptRenderDecal" was not found
Loading Material3 Fire_Flame_Blending_Mat2 from package 00012581.upk
WARNING: BoolProperty "UMaterial3::bAcceptRenderDecal" was not found
Loading Material3 Fire_Flame_blending_Mat3 from package 00012581.upk
WARNING: BoolProperty "UMaterial3::bAcceptRenderDecal" was not found
Loading Material3 Fire_Flame_blending_Mat3_dup from package 00012581.upk
WARNING: BoolProperty "UMaterial3::bAcceptRenderDecal" was not found
Loading Material3 Fire_Flame_blending_Mat3_NDE from package 00012581.upk
WARNING: BoolProperty "UMaterial3::bAcceptRenderDecal" was not found
Loading Material3 Fire_Flame_blending_Mat_dup from package 00012581.upk
WARNING: BoolProperty "UMaterial3::bAcceptRenderDecal" was not found
Loading Material3 Fire_Flame_blending_NDe from package 00012581.upk
WARNING: BoolProperty "UMaterial3::bAcceptRenderDecal" was not found
Loading Material3 Fire_Flower from package 00012581.upk
Loading Material3 Fire_Particle_Masked_mat from package 00012581.upk
WARNING: BoolProperty "UMaterial3::bAcceptRenderDecal" was not found
Loading Material3 Fire_Spr from package 00012581.upk
WARNING: BoolProperty "UMaterial3::bAcceptRenderDecal" was not found
Loading Material3 Fire_Tail from package 00012581.upk
WARNING: BoolProperty "UMaterial3::bAcceptRenderDecal" was not found
Loading Material3 Fire_Tail_1 from package 00012581.upk
WARNING: BoolProperty "UMaterial3::bAcceptRenderDecal" was not found
Loading Material3 Fire_Tail_1_fast from package 00012581.upk
WARNING: BoolProperty "UMaterial3::bAcceptRenderDecal" was not found
Loading Material3 Fire_Tail_2 from package 00012581.upk
WARNING: BoolProperty "UMaterial3::bAcceptRenderDecal" was not found
Loading Material3 Fire_Tail_3 from package 00012581.upk
WARNING: BoolProperty "UMaterial3::bAcceptRenderDecal" was not found
Loading Material3 Fire_Tail_5 from package 00012581.upk
WARNING: BoolProperty "UMaterial3::bAcceptRenderDecal" was not found
Loading Material3 Fire_Tail__disort from package 00012581.upk
WARNING: BoolProperty "UMaterial3::bAcceptRenderDecal" was not found
Loading Material3 Fire_Tail__disortM from package 00012581.upk
WARNING: BoolProperty "UMaterial3::bAcceptRenderDecal" was not found
Loading Material3 Fire_Tiger_in_mat_masked from package 00012581.upk
Loading Material3 Fire_Tiger_in_mat_masked_fast from package 00012581.upk
Loading Material3 Fire_trail_ghost_2 from package 00012581.upk
WARNING: BoolProperty "UMaterial3::bAcceptRenderDecal" was not found
Loading Material3 Fire_trail_mat_trans_3_Floor from package 00012581.upk
Loading Material3 Fire_trail_mat_trans_3_Floor_fast from package 00012581.upk
Loading Material3 Fire_Type2_WorldPosition from package 00012581.upk
WARNING: BoolProperty "UMaterial3::bAcceptRenderDecal" was not found
Loading Material3 Fire_Type3_WorldPosition from package 00012581.upk
WARNING: BoolProperty "UMaterial3::bAcceptRenderDecal" was not found
Loading Material3 Fire_Type7_WorldPosition from package 00012581.upk
WARNING: BoolProperty "UMaterial3::bAcceptRenderDecal" was not found
Loading Material3 Fire_Type_energy from package 00012581.upk
WARNING: BoolProperty "UMaterial3::bAcceptRenderDecal" was not found
Loading Material3 Fire_Type_energy2 from package 00012581.upk
WARNING: BoolProperty "UMaterial3::bAcceptRenderDecal" was not found
Loading Material3 Fire_Type_energy_1 from package 00012581.upk
WARNING: BoolProperty "UMaterial3::bAcceptRenderDecal" was not found
Loading Material3 Fire_Type_energy_2 from package 00012581.upk
WARNING: BoolProperty "UMaterial3::bAcceptRenderDecal" was not found
Loading Material3 Fire_Type_fire from package 00012581.upk
WARNING: BoolProperty "UMaterial3::bAcceptRenderDecal" was not found
Loading Material3 Fire_Type_fire2 from package 00012581.upk
WARNING: BoolProperty "UMaterial3::bAcceptRenderDecal" was not found
Loading Material3 Fire_Wing from package 00012581.upk
WARNING: BoolProperty "UMaterial3::bAcceptRenderDecal" was not found
Loading Material3 Fire_Wing_Feather from package 00012581.upk
WARNING: BoolProperty "UMaterial3::bAcceptRenderDecal" was not found
Loading Material3 Fire_Wing_Feather2 from package 00012581.upk
WARNING: BoolProperty "UMaterial3::bAcceptRenderDecal" was not found
Loading Material3 FireDecalToMesh from package 00012581.upk
Loading Material3 FireSparkle000_MatB from package 00012581.upk
WARNING: BoolProperty "UMaterial3::bAcceptRenderDecal" was not found
Loading Material3 Flame001_MatB from package 00012581.upk
WARNING: BoolProperty "UMaterial3::bAcceptRenderDecal" was not found
Loading Material3 Flame002_MatB2 from package 00012581.upk
WARNING: BoolProperty "UMaterial3::bAcceptRenderDecal" was not found
Loading Material3 Flame004_T_MatB from package 00012581.upk
WARNING: BoolProperty "UMaterial3::bAcceptRenderDecal" was not found
Loading Material3 FlameSprite000_MatB from package 00012581.upk
WARNING: BoolProperty "UMaterial3::bAcceptRenderDecal" was not found
Loading Material3 fx_cloudblow_mat_Dup_1055 from package 00012581.upk
WARNING: BoolProperty "UMaterial3::bAcceptRenderDecal" was not found
Loading Material3 fx_cloudblow_mat_Grey from package 00012581.upk
WARNING: BoolProperty "UMaterial3::bAcceptRenderDecal" was not found
Loading Material3 fx_cloudblow_mat_test2 from package 00012581.upk
WARNING: BoolProperty "UMaterial3::bAcceptRenderDecal" was not found
Loading Material3 Ink_Fire_Blending_Mat from package 00012581.upk
WARNING: BoolProperty "UMaterial3::bAcceptRenderDecal" was not found
Loading Material3 M01_Dst_exp_volume from package 00012581.upk
WARNING: BoolProperty "UMaterial3::bAcceptRenderDecal" was not found
Loading Material3 M01_Dst_exp_volume_Dynamic from package 00012581.upk
WARNING: BoolProperty "UMaterial3::bAcceptRenderDecal" was not found
Loading Material3 M01_exp_sub from package 00012581.upk
WARNING: BoolProperty "UMaterial3::bAcceptRenderDecal" was not found
Loading Material3 M01_exp_sub11 from package 00012581.upk
WARNING: BoolProperty "UMaterial3::bAcceptRenderDecal" was not found
Loading Material3 M01_exp_sub2 from package 00012581.upk
WARNING: BoolProperty "UMaterial3::bAcceptRenderDecal" was not found
Loading Material3 M01_exp_sub3 from package 00012581.upk
WARNING: BoolProperty "UMaterial3::bAcceptRenderDecal" was not found
Loading Material3 M01_exp_sub4 from package 00012581.upk
WARNING: BoolProperty "UMaterial3::bAcceptRenderDecal" was not found
Loading Material3 M01_exp_sub6 from package 00012581.upk
WARNING: BoolProperty "UMaterial3::bAcceptRenderDecal" was not found
Loading Material3 M01_exp_sub6_Desaturate from package 00012581.upk
WARNING: BoolProperty "UMaterial3::bAcceptRenderDecal" was not found
Loading Material3 M01_exp_sub7 from package 00012581.upk
WARNING: BoolProperty "UMaterial3::bAcceptRenderDecal" was not found
Loading Material3 M01_exp_sub7_half from package 00012581.upk
WARNING: BoolProperty "UMaterial3::bAcceptRenderDecal" was not found
Loading Material3 M01_exp_sub8 from package 00012581.upk
WARNING: BoolProperty "UMaterial3::bAcceptRenderDecal" was not found
Loading Material3 M01_exp_sub_2 from package 00012581.upk
WARNING: BoolProperty "UMaterial3::bAcceptRenderDecal" was not found
Loading Material3 M01_exp_subb from package 00012581.upk
WARNING: BoolProperty "UMaterial3::bAcceptRenderDecal" was not found
Loading Material3 M01_Fire2_mat_ from package 00012581.upk
WARNING: BoolProperty "UMaterial3::bAcceptRenderDecal" was not found
Loading Material3 M01_Fire2_mat_01 from package 00012581.upk
WARNING: BoolProperty "UMaterial3::bAcceptRenderDecal" was not found
Loading Material3 M01_Fire_Muzzle_particleM01_Fire_Muzzle from package 00012581.upk
WARNING: BoolProperty "UMaterial3::bAcceptRenderDecal" was not found
Loading Material3 M01_Fire_MuzzleM01_Fire_Muzzle from package 00012581.upk
WARNING: BoolProperty "UMaterial3::bAcceptRenderDecal" was not found
Loading Material3 M01_Hades_Fire_blue_m from package 00012581.upk
WARNING: BoolProperty "UMaterial3::bAcceptRenderDecal" was not found
Loading Material3 M01_noise_fire_center from package 00012581.upk
WARNING: BoolProperty "UMaterial3::bAcceptRenderDecal" was not found
Loading Material3 maschine_React from package 00012581.upk
WARNING: BoolProperty "UMaterial3::bAcceptRenderDecal" was not found
Loading Material3 maschine_React2 from package 00012581.upk
WARNING: BoolProperty "UMaterial3::bAcceptRenderDecal" was not found
Loading Material3 Parent_CandleFire_001 from package 00012581.upk
Loading package: prop_fire_001.upk Ver: 573/1 Engine: 4205 Names: 333 Exports: 136 Imports: 30 Game: 801A
Loading Material3 Shotflash000_MatB from package 00012581.upk
WARNING: BoolProperty "UMaterial3::bAcceptRenderDecal" was not found
Loading Material3 Wave_Line_Firecolor_MatM from package 00012581.upk
WARNING: BoolProperty "UMaterial3::bAcceptRenderDecal" was not found
Loading MaterialInstanceConstant Fire_Buff000_MatB_DistortionX from package 00012581.upk
Loading Texture2D Smoke_Cloud_001 from package 00012963.upk
Loading Texture2D Smoke_005 from package 00012963.upk
Loading Texture2D DefaultTexture from package EngineResources.upk
Loading Texture2D Gradient_Beam_005_YClamp from package 00012963.upk
Loading Texture2D Smoke_Fractal_002 from package 00012963.upk
Loading Texture2D Glow_008 from package 00012963.upk
Loading Texture2D Noise_011 from package 00012963.upk
Loading Texture2D Gradient_Beam_000 from package 00012963.upk
Loading Texture2D Noise_Wave_000_Normal from package 00012963.upk
WARNING: BoolProperty "UTexture2D::bDisableLoadSwitch" was not found
Loading Texture2D Noise_017 from package 00012963.upk
Loading Texture2D Normal_Stone_001 from package 00012963.upk
WARNING: BoolProperty "UTexture2D::bDisableLoadSwitch" was not found
Loading Texture2D Noise_Plazma_002 from package 00012963.upk
Loading Texture2D Noise_022 from package 00012963.upk
Loading Texture2D Normal_Noise_004 from package 00012963.upk
Loading Texture2D Fire_004 from package 00012963.upk
Loading Texture2D Smoke_000 from package 00012963.upk
Loading Texture2D Glow_003 from package 00012963.upk
Loading Texture2D T01_test from package cine_effect_texture.upk
Loading Texture2D T01_Dst_P_5 from package cine_effect_texture.upk
Loading Texture2D smoke_sam from package cine_effect_texture.upk
Loading Texture2D Wave_ss from package cine_effect_texture.upk
Loading Texture2D Env_Fx_Storm from package 00012963.upk
Loading Texture2D Smoke_002 from package 00012963.upk
Loading Texture2D Noise_005 from package 00012963.upk
Loading Texture2D Smoke_Dusts_001 from package 00012963.upk
Loading Texture2D Smoke_013 from package 00012963.upk
Loading Texture2D Smoke_Cloud_002 from package 00012963.upk
Loading Texture2D Smoke_Fractal_001 from package 00012963.upk
Loading Texture2D Smoke_Dust_005 from package 00012963.upk
Loading Texture2D Noise_020 from package 00012963.upk
Loading Texture2D Fire_Diffuse01_Tex from package 00012963.upk
Loading Texture2D Fire_Blending_Mask3_Tex from package 00012963.upk
Loading Texture2D Fire_Blending_Pattern_Tex_Big2 from package 00012963.upk
Loading Texture2D Gradient_Half_000 from package 00012963.upk
Loading Texture2D SmokeVolume01_Blending_Tex from package 00012963.upk
Loading Texture2D Smoke_011 from package 00012963.upk
Loading Texture2D Fire_Cloud_001_Tex from package 00012963.upk
Loading Texture2D Fire_Blending_Pattern_Tex_Big3 from package 00012963.upk
Loading Texture2D T_MukHwa_s2 from package 00012963.upk
Loading Texture2D Noise_002 from package 00012963.upk
Loading Texture2D Gradient_Line_004 from package 00012963.upk
Loading Texture2D Smoke_Cloud_005 from package 00012963.upk
Loading Texture2D T_MukHwa_e2 from package 00012963.upk
Loading Texture2D Smoke_Dark_000 from package 00012963.upk
Loading Texture2D Noise_Distortion_000 from package 00012963.upk
Loading Texture2D Smoke_ShockWave_002 from package 00012963.upk
Loading Texture2D Smoke_ShockWave_004 from package 00012963.upk
Loading Texture2D Noise_Fractal_001 from package 00012963.upk
Loading Texture2D Noise_Plazma_000 from package 00012963.upk
Loading Texture2D Smoke_014 from package 00012963.upk
Loading Texture2D Sparkle_Ink_008 from package 00012963.upk
Loading Texture2D Aura_Ripple_000 from package 00012963.upk
Loading Texture2D Gradient_Beam_007 from package 00012963.upk
Loading Texture2D Gradient_001_Left from package 00012963.upk
Loading Texture2D T_Liquid_SM_NanoBlack_Mask_01 from package 00012963.upk
Loading Texture2D Unique_Waterfall_000_Mask from package 00012963.upk
Loading Texture2D Gradient_Beam_004 from package 00012963.upk
Loading Texture2D Gradient_Trail_000 from package 00012963.upk
Loading Texture2D Smoke_ShockWave_001 from package 00012963.upk
Loading Texture2D Aura_Flame_000 from package 00012963.upk
Loading Texture2D Gradient_Beam_007_Clamp from package 00012963.upk
Loading Texture2D Smoke_Dusts_003 from package 00012963.upk
Loading Texture2D Electric_Light_000 from package 00012963.upk
Loading Texture2D Noise_016 from package 00012963.upk
Loading Texture2D Glow_ink_001 from package 00012963.upk
Loading Texture2D Noise_Wave_000 from package 00012963.upk
Loading Texture2D Noise_006 from package 00012963.upk
Loading Texture2D T_wave from package 00012963.upk
Loading Texture2D Smoke_Cloud_003 from package 00012963.upk
Loading Texture2D BG_SandfallNoise_001_D from package 00012963.upk
Loading Texture2D OPacity_Bird_Body from package 00012963.upk
Loading Texture2D Glow_ShockWave_004 from package 00012963.upk
Loading Texture2D Unique_WaterFall_000_Des from package 00012963.upk
Loading Texture2D Decal_DarkSmoke_000 from package 00012963.upk
Loading Texture2D Noise_013 from package 00012963.upk
Loading Texture2D Noise_007 from package 00012963.upk
Loading Texture2D Sparkle_005 from package 00012963.upk
Loading Texture2D Sparkle_002 from package 00012963.upk
Loading Texture2D Noise_001 from package 00012963.upk
Loading Texture2D Fire_002 from package 00012963.upk
Loading Texture2D Smoke_004 from package 00012963.upk
Loading Texture2D Noise_004 from package 00012963.upk
Loading Texture2D Noise_009 from package 00012963.upk
Loading Texture2D Fire_Sprite_000 from package 00012963.upk
Loading Texture2D Noise_003 from package 00012963.upk
Loading Texture2D Fire_Torch_Sample_001_D from package 00012963.upk
Loading Texture2D Fire_003 from package 00012963.upk
Loading Texture2D Noise_Swarm_000 from package 00012963.upk
Loading Texture2D Noise_Fractal_002 from package 00012963.upk
Loading Texture2D Smoke_Pattern_000_128 from package 00012963.upk
Loading Texture2D Fire_Explode_Sprite_000 from package 00012963.upk
Loading Texture2D Fire_Blending_Pattern_Tex_Big from package 00012963.upk
Loading Texture2D Fire_Sprite_006 from package 00012963.upk
Loading Texture2D Fire_Sprite_003 from package 00012963.upk
Loading Texture2D Fire_Sprite_004 from package 00012963.upk
Loading Texture2D Fire_Sprite_002 from package 00012963.upk
Loading Texture2D Fire_Sprite_001 from package 00012963.upk
Loading Texture2D Fire_Sprite_005 from package 00012963.upk
Loading Texture2D Fire_Sprite_005_Half from package 00012963.upk
Loading Texture2D Fire_Sprite_007 from package 00012963.upk
Loading Texture2D Noise_Fractal_000 from package 00012963.upk
Loading Texture2D Noise_Swarm_001 from package 00012963.upk
Loading Texture2D Noise_Ripple_000 from package 00012963.upk
Loading Texture2D Gradient_Line_003 from package 00012963.upk
Loading Texture2D Noise_Fractal_003 from package 00012963.upk
Loading Texture2D Noise_Fractal_004 from package 00012963.upk
Loading Texture2D Prop_Fire_001_05_Mask1 from package prop_fire_001.upk
Loading Texture2D Fire_Flash_Sprite_000 from package 00012963.upk
Loading Texture2D Noise_010 from package 00012963.upk
Loading Texture2D Gradient_001 from package 00012963.upk
Loaded in 1 sec, 5680 allocs, 5.77 MBytes serialized in 124444 calls.

Object info:
============
ClassName: Material3 ObjectName: Aura_OutRing_mat_FireBall

    TwoSided = false
    bDisableDepthTest = false
    bIsMasked = false
    ReferencedTextures[3] = { Texture2D'Smoke_Cloud_001', Texture2D'Smoke_005', Texture2D'DefaultTexture' }
    BlendMode = BLEND_Translucent (2)
    OpacityMaskClipValue = 0.333
    FlattenedTexture = None
    MobileBaseTexture = None
    MobileNormalTexture = None
    bUseMobileSpecular = false
    MobileSpecularPower = 16
    MobileSpecularMask = MSM_Constant (0)
    MobileMaskTexture = None

Object info:
============
ClassName: Material3 ObjectName: Aura_OutRing_mat_FireBall_masked

    TwoSided = false
    bDisableDepthTest = false
    bIsMasked = false
    ReferencedTextures[3] = { Texture2D'Smoke_Cloud_001', Texture2D'Smoke_005', Texture2D'DefaultTexture' }
    BlendMode = BLEND_Translucent (2)
    OpacityMaskClipValue = 0.333
    FlattenedTexture = None
    MobileBaseTexture = None
    MobileNormalTexture = None
    bUseMobileSpecular = false
    MobileSpecularPower = 16
    MobileSpecularMask = MSM_Constant (0)
    MobileMaskTexture = None

Object info:
============
ClassName: Material3 ObjectName: Aura_OutRing_mat_IceBall_masked

    TwoSided = false
    bDisableDepthTest = false
    bIsMasked = false
    ReferencedTextures[6] =
    {
        ReferencedTextures[0] = Texture2D'Gradient_Beam_005_YClamp'
        ReferencedTextures[1] = Texture2D'Smoke_Fractal_002'
        ReferencedTextures[2] = Texture2D'Glow_008'
        ReferencedTextures[3] = Texture2D'Smoke_Cloud_001'
        ReferencedTextures[4] = Texture2D'Smoke_005'
        ReferencedTextures[5] = Texture2D'DefaultTexture'
    }
    BlendMode = BLEND_Translucent (2)
    OpacityMaskClipValue = 0.333
    FlattenedTexture = None
    MobileBaseTexture = None
    MobileNormalTexture = None
    bUseMobileSpecular = false
    MobileSpecularPower = 16
    MobileSpecularMask = MSM_Constant (0)
    MobileMaskTexture = None

Object info:
============
ClassName: Material3 ObjectName: Beam000_MatB

    TwoSided = true
    bDisableDepthTest = false
    bIsMasked = false
    ReferencedTextures[3] =
    {
        ReferencedTextures[0] = Texture2D'Noise_011'
        ReferencedTextures[1] = Texture2D'Smoke_Fractal_002'
        ReferencedTextures[2] = Texture2D'Gradient_Beam_000'
    }
    BlendMode = BLEND_Additive (3)
    OpacityMaskClipValue = 0.333
    FlattenedTexture = None
    MobileBaseTexture = None
    MobileNormalTexture = None
    bUseMobileSpecular = false
    MobileSpecularPower = 16
    MobileSpecularMask = MSM_Constant (0)
    MobileMaskTexture = None

Object info:
============
ClassName: Material3 ObjectName: Body_flame

    TwoSided = false
    bDisableDepthTest = false
    bIsMasked = false
    ReferencedTextures[4] =
    {
        ReferencedTextures[0] = Texture2D'Noise_Wave_000_Normal'
        ReferencedTextures[1] = Texture2D'Noise_017'
        ReferencedTextures[2] = Texture2D'Normal_Stone_001'
        ReferencedTextures[3] = Texture2D'Noise_Plazma_002'
    }
    BlendMode = BLEND_Additive (3)
    OpacityMaskClipValue = 0.333
    FlattenedTexture = None
    MobileBaseTexture = None
    MobileNormalTexture = None
    bUseMobileSpecular = false
    MobileSpecularPower = 16
    MobileSpecularMask = MSM_Constant (0)
    MobileMaskTexture = None

Object info:
============
ClassName: Material3 ObjectName: Cloudblow000_MatM

    TwoSided = true
    bDisableDepthTest = false
    bIsMasked = false
    ReferencedTextures[3] = { Texture2D'Smoke_Cloud_001', Texture2D'Smoke_005', Texture2D'DefaultTexture' }
    BlendMode = BLEND_Translucent (2)
    OpacityMaskClipValue = 0.333
    FlattenedTexture = None
    MobileBaseTexture = None
    MobileNormalTexture = None
    bUseMobileSpecular = false
    MobileSpecularPower = 16
    MobileSpecularMask = MSM_Constant (0)
    MobileMaskTexture = None

Object info:
============
ClassName: Material3 ObjectName: Cloudblow000_MatM_notpanning

    TwoSided = true
    bDisableDepthTest = false
    bIsMasked = false
    ReferencedTextures[3] = { Texture2D'Smoke_Cloud_001', Texture2D'Smoke_005', Texture2D'DefaultTexture' }
    BlendMode = BLEND_Translucent (2)
    OpacityMaskClipValue = 0.333
    FlattenedTexture = None
    MobileBaseTexture = None
    MobileNormalTexture = None
    bUseMobileSpecular = false
    MobileSpecularPower = 16
    MobileSpecularMask = MSM_Constant (0)
    MobileMaskTexture = None

Object info:
============
ClassName: Material3 ObjectName: Distort_Fire_mat

    TwoSided = true
    bDisableDepthTest = false
    bIsMasked = false
    ReferencedTextures[2] = { Texture2D'Noise_022', Texture2D'DefaultTexture' }
    BlendMode = BLEND_Translucent (2)
    OpacityMaskClipValue = 0.333
    FlattenedTexture = None
    MobileBaseTexture = None
    MobileNormalTexture = None
    bUseMobileSpecular = false
    MobileSpecularPower = 16
    MobileSpecularMask = MSM_Constant (0)
    MobileMaskTexture = None

Object info:
============
ClassName: Material3 ObjectName: Fire000_MatM

    TwoSided = false
    bDisableDepthTest = false
    bIsMasked = false
    ReferencedTextures[2] = { Texture2D'Normal_Noise_004', Texture2D'Fire_004' }
    BlendMode = BLEND_Translucent (2)
    OpacityMaskClipValue = 0.333
    FlattenedTexture = None
    MobileBaseTexture = None
    MobileNormalTexture = None
    bUseMobileSpecular = false
    MobileSpecularPower = 16
    MobileSpecularMask = MSM_Constant (0)
    MobileMaskTexture = None

Object info:
============
ClassName: Material3 ObjectName: Fire_001_mat

    TwoSided = true
    bDisableDepthTest = false
    bIsMasked = true
    ReferencedTextures[3] = { Texture2D'Smoke_000', Texture2D'Glow_003', Texture2D'DefaultTexture' }
    BlendMode = BLEND_Masked (1)
    OpacityMaskClipValue = 1
    FlattenedTexture = None
    MobileBaseTexture = None
    MobileNormalTexture = None
    bUseMobileSpecular = false
    MobileSpecularPower = 16
    MobileSpecularMask = MSM_Constant (0)
    MobileMaskTexture = None

Object info:
============
ClassName: Material3 ObjectName: Fire_003

    TwoSided = false
    bDisableDepthTest = false
    bIsMasked = false
    ReferencedTextures[4] =
    {
        ReferencedTextures[0] = Texture2D'T01_test'
        ReferencedTextures[1] = Texture2D'T01_Dst_P_5'
        ReferencedTextures[2] = Texture2D'smoke_sam'
        ReferencedTextures[3] = Texture2D'Wave_ss'
    }
    BlendMode = BLEND_Translucent (2)
    OpacityMaskClipValue = 0.333
    FlattenedTexture = None
    MobileBaseTexture = None
    MobileNormalTexture = None
    bUseMobileSpecular = false
    MobileSpecularPower = 16
    MobileSpecularMask = MSM_Constant (0)
    MobileMaskTexture = None

Object info:
============
ClassName: Material3 ObjectName: Fire_004

    TwoSided = false
    bDisableDepthTest = false
    bIsMasked = false
    ReferencedTextures[4] =
    {
        ReferencedTextures[0] = Texture2D'T01_test'
        ReferencedTextures[1] = Texture2D'Env_Fx_Storm'
        ReferencedTextures[2] = Texture2D'Smoke_002'
        ReferencedTextures[3] = Texture2D'Noise_005'
    }
    BlendMode = BLEND_Translucent (2)
    OpacityMaskClipValue = 0.333
    FlattenedTexture = None
    MobileBaseTexture = None
    MobileNormalTexture = None
    bUseMobileSpecular = false
    MobileSpecularPower = 16
    MobileSpecularMask = MSM_Constant (0)
    MobileMaskTexture = None

Object info:
============
ClassName: Material3 ObjectName: Fire_Anger_1

    TwoSided = false
    bDisableDepthTest = false
    bIsMasked = false
    ReferencedTextures[4] =
    {
        ReferencedTextures[0] = Texture2D'Noise_Wave_000_Normal'
        ReferencedTextures[1] = Texture2D'Noise_017'
        ReferencedTextures[2] = Texture2D'Normal_Stone_001'
        ReferencedTextures[3] = Texture2D'Noise_Plazma_002'
    }
    BlendMode = BLEND_Additive (3)
    OpacityMaskClipValue = 0.333
    FlattenedTexture = None
    MobileBaseTexture = None
    MobileNormalTexture = None
    bUseMobileSpecular = false
    MobileSpecularPower = 16
    MobileSpecularMask = MSM_Constant (0)
    MobileMaskTexture = None

Object info:
============
ClassName: Material3 ObjectName: Fire_Anger_2

    TwoSided = false
    bDisableDepthTest = false
    bIsMasked = false
    ReferencedTextures[4] =
    {
        ReferencedTextures[0] = Texture2D'Noise_Wave_000_Normal'
        ReferencedTextures[1] = Texture2D'Noise_017'
        ReferencedTextures[2] = Texture2D'Normal_Stone_001'
        ReferencedTextures[3] = Texture2D'Noise_Plazma_002'
    }
    BlendMode = BLEND_Additive (3)
    OpacityMaskClipValue = 0.333
    FlattenedTexture = None
    MobileBaseTexture = None
    MobileNormalTexture = None
    bUseMobileSpecular = false
    MobileSpecularPower = 16
    MobileSpecularMask = MSM_Constant (0)
    MobileMaskTexture = None

Object info:
============
ClassName: Material3 ObjectName: Fire_Anger_3

    TwoSided = false
    bDisableDepthTest = false
    bIsMasked = false
    ReferencedTextures[4] =
    {
        ReferencedTextures[0] = Texture2D'Noise_Wave_000_Normal'
        ReferencedTextures[1] = Texture2D'Noise_017'
        ReferencedTextures[2] = Texture2D'Normal_Stone_001'
        ReferencedTextures[3] = Texture2D'Noise_Plazma_002'
    }
    BlendMode = BLEND_Additive (3)
    OpacityMaskClipValue = 0.333
    FlattenedTexture = None
    MobileBaseTexture = None
    MobileNormalTexture = None
    bUseMobileSpecular = false
    MobileSpecularPower = 16
    MobileSpecularMask = MSM_Constant (0)
    MobileMaskTexture = None

Object info:
============
ClassName: Material3 ObjectName: Fire_Anger_4

    TwoSided = true
    bDisableDepthTest = false
    bIsMasked = false
    ReferencedTextures[4] =
    {
        ReferencedTextures[0] = Texture2D'Noise_Wave_000_Normal'
        ReferencedTextures[1] = Texture2D'Noise_017'
        ReferencedTextures[2] = Texture2D'Normal_Stone_001'
        ReferencedTextures[3] = Texture2D'Noise_Plazma_002'
    }
    BlendMode = BLEND_Additive (3)
    OpacityMaskClipValue = 0.333
    FlattenedTexture = None
    MobileBaseTexture = None
    MobileNormalTexture = None
    bUseMobileSpecular = false
    MobileSpecularPower = 16
    MobileSpecularMask = MSM_Constant (0)
    MobileMaskTexture = None

Object info:
============
ClassName: Material3 ObjectName: Fire_blending_Mat

    TwoSided = false
    bDisableDepthTest = false
    bIsMasked = false
    ReferencedTextures[5] =
    {
        ReferencedTextures[0] = Texture2D'Env_Fx_Storm'
        ReferencedTextures[1] = Texture2D'Smoke_Dusts_001'
        ReferencedTextures[2] = Texture2D'Smoke_013'
        ReferencedTextures[3] = Texture2D'Smoke_Cloud_002'
        ReferencedTextures[4] = Texture2D'Noise_Plazma_002'
    }
    BlendMode = BLEND_Translucent (2)
    OpacityMaskClipValue = 0.333
    FlattenedTexture = None
    MobileBaseTexture = None
    MobileNormalTexture = None
    bUseMobileSpecular = false
    MobileSpecularPower = 16
    MobileSpecularMask = MSM_Constant (0)
    MobileMaskTexture = None

Object info:
============
ClassName: Material3 ObjectName: Fire_Buff000_MatB

    TwoSided = false
    bDisableDepthTest = false
    bIsMasked = false
    ReferencedTextures[6] =
    {
        ReferencedTextures[0] = Texture2D'Smoke_Fractal_002'
        ReferencedTextures[1] = Texture2D'Smoke_013'
        ReferencedTextures[2] = Texture2D'Smoke_Fractal_001'
        ReferencedTextures[3] = Texture2D'Smoke_Dust_005'
        ReferencedTextures[4] = Texture2D'Noise_Plazma_002'
        ReferencedTextures[5] = Texture2D'Noise_020'
    }
    BlendMode = BLEND_Additive (3)
    OpacityMaskClipValue = 0.333
    FlattenedTexture = None
    MobileBaseTexture = None
    MobileNormalTexture = None
    bUseMobileSpecular = false
    MobileSpecularPower = 16
    MobileSpecularMask = MSM_Constant (0)
    MobileMaskTexture = None

Object info:
============
ClassName: Material3 ObjectName: Fire_Flame_blending2_NDe

    TwoSided = false
    bDisableDepthTest = false
    bIsMasked = false
    ReferencedTextures[6] =
    {
        ReferencedTextures[0] = Texture2D'Env_Fx_Storm'
        ReferencedTextures[1] = Texture2D'Fire_Diffuse01_Tex'
        ReferencedTextures[2] = Texture2D'Smoke_013'
        ReferencedTextures[3] = Texture2D'Fire_Blending_Mask3_Tex'
        ReferencedTextures[4] = Texture2D'Fire_Blending_Pattern_Tex_Big2'
        ReferencedTextures[5] = Texture2D'Gradient_Half_000'
    }
    BlendMode = BLEND_Translucent (2)
    OpacityMaskClipValue = 0.333
    FlattenedTexture = None
    MobileBaseTexture = None
    MobileNormalTexture = None
    bUseMobileSpecular = false
    MobileSpecularPower = 16
    MobileSpecularMask = MSM_Constant (0)
    MobileMaskTexture = None

Object info:
============
ClassName: Material3 ObjectName: Fire_Flame_blending_Mat

    TwoSided = false
    bDisableDepthTest = false
    bIsMasked = false
    ReferencedTextures[6] =
    {
        ReferencedTextures[0] = Texture2D'Env_Fx_Storm'
        ReferencedTextures[1] = Texture2D'Fire_Diffuse01_Tex'
        ReferencedTextures[2] = Texture2D'Smoke_013'
        ReferencedTextures[3] = Texture2D'Fire_Blending_Mask3_Tex'
        ReferencedTextures[4] = Texture2D'Fire_Blending_Pattern_Tex_Big2'
        ReferencedTextures[5] = Texture2D'Gradient_Half_000'
    }
    BlendMode = BLEND_Translucent (2)
    OpacityMaskClipValue = 0.333
    FlattenedTexture = None
    MobileBaseTexture = None
    MobileNormalTexture = None
    bUseMobileSpecular = false
    MobileSpecularPower = 16
    MobileSpecularMask = MSM_Constant (0)
    MobileMaskTexture = None

Object info:
============
ClassName: Material3 ObjectName: Fire_Flame_Blending_Mat2

    TwoSided = false
    bDisableDepthTest = false
    bIsMasked = false
    ReferencedTextures[3] =
    {
        ReferencedTextures[0] = Texture2D'Env_Fx_Storm'
        ReferencedTextures[1] = Texture2D'SmokeVolume01_Blending_Tex'
        ReferencedTextures[2] = Texture2D'Smoke_011'
    }
    BlendMode = BLEND_Translucent (2)
    OpacityMaskClipValue = 0.333
    FlattenedTexture = None
    MobileBaseTexture = None
    MobileNormalTexture = None
    bUseMobileSpecular = false
    MobileSpecularPower = 16
    MobileSpecularMask = MSM_Constant (0)
    MobileMaskTexture = None

Object info:
============
ClassName: Material3 ObjectName: Fire_Flame_blending_Mat3

    TwoSided = false
    bDisableDepthTest = false
    bIsMasked = false
    ReferencedTextures[6] =
    {
        ReferencedTextures[0] = Texture2D'Env_Fx_Storm'
        ReferencedTextures[1] = Texture2D'Smoke_Dusts_001'
        ReferencedTextures[2] = Texture2D'Smoke_013'
        ReferencedTextures[3] = Texture2D'Smoke_Cloud_002'
        ReferencedTextures[4] = Texture2D'Fire_Blending_Pattern_Tex_Big2'
        ReferencedTextures[5] = Texture2D'Gradient_Half_000'
    }
    BlendMode = BLEND_Translucent (2)
    OpacityMaskClipValue = 0.333
    FlattenedTexture = None
    MobileBaseTexture = None
    MobileNormalTexture = None
    bUseMobileSpecular = false
    MobileSpecularPower = 16
    MobileSpecularMask = MSM_Constant (0)
    MobileMaskTexture = None

Object info:
============
ClassName: Material3 ObjectName: Fire_Flame_blending_Mat3_dup

    TwoSided = false
    bDisableDepthTest = false
    bIsMasked = false
    ReferencedTextures[6] =
    {
        ReferencedTextures[0] = Texture2D'Env_Fx_Storm'
        ReferencedTextures[1] = Texture2D'Smoke_Dusts_001'
        ReferencedTextures[2] = Texture2D'Smoke_013'
        ReferencedTextures[3] = Texture2D'Fire_Cloud_001_Tex'
        ReferencedTextures[4] = Texture2D'Fire_Blending_Pattern_Tex_Big3'
        ReferencedTextures[5] = Texture2D'Gradient_Half_000'
    }
    BlendMode = BLEND_Translucent (2)
    OpacityMaskClipValue = 0.333
    FlattenedTexture = None
    MobileBaseTexture = None
    MobileNormalTexture = None
    bUseMobileSpecular = false
    MobileSpecularPower = 16
    MobileSpecularMask = MSM_Constant (0)
    MobileMaskTexture = None

Object info:
============
ClassName: Material3 ObjectName: Fire_Flame_blending_Mat3_NDE

    TwoSided = false
    bDisableDepthTest = false
    bIsMasked = false
    ReferencedTextures[6] =
    {
        ReferencedTextures[0] = Texture2D'Env_Fx_Storm'
        ReferencedTextures[1] = Texture2D'Smoke_Dusts_001'
        ReferencedTextures[2] = Texture2D'Smoke_013'
        ReferencedTextures[3] = Texture2D'Fire_Cloud_001_Tex'
        ReferencedTextures[4] = Texture2D'Fire_Blending_Pattern_Tex_Big3'
        ReferencedTextures[5] = Texture2D'Gradient_Half_000'
    }
    BlendMode = BLEND_Translucent (2)
    OpacityMaskClipValue = 0.333
    FlattenedTexture = None
    MobileBaseTexture = None
    MobileNormalTexture = None
    bUseMobileSpecular = false
    MobileSpecularPower = 16
    MobileSpecularMask = MSM_Constant (0)
    MobileMaskTexture = None

Object info:
============
ClassName: Material3 ObjectName: Fire_Flame_blending_Mat_dup

    TwoSided = false
    bDisableDepthTest = false
    bIsMasked = false
    ReferencedTextures[6] =
    {
        ReferencedTextures[0] = Texture2D'Env_Fx_Storm'
        ReferencedTextures[1] = Texture2D'Fire_Diffuse01_Tex'
        ReferencedTextures[2] = Texture2D'Smoke_013'
        ReferencedTextures[3] = Texture2D'Fire_Blending_Mask3_Tex'
        ReferencedTextures[4] = Texture2D'Fire_Blending_Pattern_Tex_Big2'
        ReferencedTextures[5] = Texture2D'Gradient_Half_000'
    }
    BlendMode = BLEND_Translucent (2)
    OpacityMaskClipValue = 0.333
    FlattenedTexture = None
    MobileBaseTexture = None
    MobileNormalTexture = None
    bUseMobileSpecular = false
    MobileSpecularPower = 16
    MobileSpecularMask = MSM_Constant (0)
    MobileMaskTexture = None

Object info:
============
ClassName: Material3 ObjectName: Fire_Flame_blending_NDe

    TwoSided = false
    bDisableDepthTest = false
    bIsMasked = false
    ReferencedTextures[6] =
    {
        ReferencedTextures[0] = Texture2D'Env_Fx_Storm'
        ReferencedTextures[1] = Texture2D'Fire_Diffuse01_Tex'
        ReferencedTextures[2] = Texture2D'Smoke_013'
        ReferencedTextures[3] = Texture2D'Fire_Blending_Mask3_Tex'
        ReferencedTextures[4] = Texture2D'Fire_Blending_Pattern_Tex_Big2'
        ReferencedTextures[5] = Texture2D'Gradient_Half_000'
    }
    BlendMode = BLEND_Translucent (2)
    OpacityMaskClipValue = 0.333
    FlattenedTexture = None
    MobileBaseTexture = None
    MobileNormalTexture = None
    bUseMobileSpecular = false
    MobileSpecularPower = 16
    MobileSpecularMask = MSM_Constant (0)
    MobileMaskTexture = None

Object info:
============
ClassName: Material3 ObjectName: Fire_Flower

    TwoSided = true
    bDisableDepthTest = false
    bIsMasked = false
    ReferencedTextures[7] =
    {
        ReferencedTextures[0] = Texture2D'T_MukHwa_s2'
        ReferencedTextures[1] = Texture2D'Gradient_Beam_005_YClamp'
        ReferencedTextures[2] = Texture2D'Noise_002'
        ReferencedTextures[3] = Texture2D'Gradient_Line_004'
        ReferencedTextures[4] = Texture2D'Smoke_Cloud_005'
        ReferencedTextures[5] = Texture2D'T_MukHwa_e2'
        ReferencedTextures[6] = Texture2D'Gradient_Half_000'
    }
    BlendMode = BLEND_Translucent (2)
    OpacityMaskClipValue = 0.333
    FlattenedTexture = None
    MobileBaseTexture = None
    MobileNormalTexture = None
    bUseMobileSpecular = false
    MobileSpecularPower = 16
    MobileSpecularMask = MSM_Constant (0)
    MobileMaskTexture = None

Object info:
============
ClassName: Material3 ObjectName: Fire_Particle_Masked_mat

    TwoSided = true
    bDisableDepthTest = false
    bIsMasked = true
    ReferencedTextures[4] =
    {
        ReferencedTextures[0] = Texture2D'Smoke_Dark_000'
        ReferencedTextures[1] = Texture2D'Smoke_000'
        ReferencedTextures[2] = Texture2D'Glow_003'
        ReferencedTextures[3] = Texture2D'DefaultTexture'
    }
    BlendMode = BLEND_Masked (1)
    OpacityMaskClipValue = 1
    FlattenedTexture = None
    MobileBaseTexture = None
    MobileNormalTexture = None
    bUseMobileSpecular = false
    MobileSpecularPower = 16
    MobileSpecularMask = MSM_Constant (0)
    MobileMaskTexture = None

Object info:
============
ClassName: Material3 ObjectName: Fire_Spr

    TwoSided = false
    bDisableDepthTest = false
    bIsMasked = false
    ReferencedTextures[5] =
    {
        ReferencedTextures[0] = Texture2D'Noise_Distortion_000'
        ReferencedTextures[1] = Texture2D'Noise_Plazma_002'
        ReferencedTextures[2] = Texture2D'Smoke_ShockWave_002'
        ReferencedTextures[3] = Texture2D'Smoke_Fractal_002'
        ReferencedTextures[4] = Texture2D'Smoke_ShockWave_004'
    }
    BlendMode = BLEND_Additive (3)
    OpacityMaskClipValue = 0.333
    FlattenedTexture = None
    MobileBaseTexture = None
    MobileNormalTexture = None
    bUseMobileSpecular = false
    MobileSpecularPower = 16
    MobileSpecularMask = MSM_Constant (0)
    MobileMaskTexture = None

Object info:
============
ClassName: Material3 ObjectName: Fire_Tail

    TwoSided = false
    bDisableDepthTest = false
    bIsMasked = false
    ReferencedTextures[6] =
    {
        ReferencedTextures[0] = Texture2D'Smoke_Fractal_002'
        ReferencedTextures[1] = Texture2D'Noise_Plazma_002'
        ReferencedTextures[2] = Texture2D'Smoke_Fractal_001'
        ReferencedTextures[3] = Texture2D'Smoke_013'
        ReferencedTextures[4] = Texture2D'Noise_Fractal_001'
        ReferencedTextures[5] = Texture2D'Noise_020'
    }
    BlendMode = BLEND_Additive (3)
    OpacityMaskClipValue = 0.333
    FlattenedTexture = None
    MobileBaseTexture = None
    MobileNormalTexture = None
    bUseMobileSpecular = false
    MobileSpecularPower = 16
    MobileSpecularMask = MSM_Constant (0)
    MobileMaskTexture = None

Object info:
============
ClassName: Material3 ObjectName: Fire_Tail_1

    TwoSided = false
    bDisableDepthTest = false
    bIsMasked = false
    ReferencedTextures[4] =
    {
        ReferencedTextures[0] = Texture2D'Smoke_Fractal_001'
        ReferencedTextures[1] = Texture2D'Noise_Plazma_002'
        ReferencedTextures[2] = Texture2D'Smoke_013'
        ReferencedTextures[3] = Texture2D'Noise_020'
    }
    BlendMode = BLEND_Additive (3)
    OpacityMaskClipValue = 0.333
    FlattenedTexture = None
    MobileBaseTexture = None
    MobileNormalTexture = None
    bUseMobileSpecular = false
    MobileSpecularPower = 16
    MobileSpecularMask = MSM_Constant (0)
    MobileMaskTexture = None

Object info:
============
ClassName: Material3 ObjectName: Fire_Tail_1_fast

    TwoSided = false
    bDisableDepthTest = false
    bIsMasked = false
    ReferencedTextures[4] =
    {
        ReferencedTextures[0] = Texture2D'Smoke_Fractal_002'
        ReferencedTextures[1] = Texture2D'Noise_Plazma_000'
        ReferencedTextures[2] = Texture2D'Smoke_013'
        ReferencedTextures[3] = Texture2D'Noise_020'
    }
    BlendMode = BLEND_Additive (3)
    OpacityMaskClipValue = 0.333
    FlattenedTexture = None
    MobileBaseTexture = None
    MobileNormalTexture = None
    bUseMobileSpecular = false
    MobileSpecularPower = 16
    MobileSpecularMask = MSM_Constant (0)
    MobileMaskTexture = None

Object info:
============
ClassName: Material3 ObjectName: Fire_Tail_2

    TwoSided = false
    bDisableDepthTest = false
    bIsMasked = false
    ReferencedTextures[5] =
    {
        ReferencedTextures[0] = Texture2D'Smoke_Fractal_002'
        ReferencedTextures[1] = Texture2D'Noise_Plazma_002'
        ReferencedTextures[2] = Texture2D'Smoke_014'
        ReferencedTextures[3] = Texture2D'Noise_Fractal_001'
        ReferencedTextures[4] = Texture2D'Noise_020'
    }
    BlendMode = BLEND_Additive (3)
    OpacityMaskClipValue = 0.333
    FlattenedTexture = None
    MobileBaseTexture = None
    MobileNormalTexture = None
    bUseMobileSpecular = false
    MobileSpecularPower = 16
    MobileSpecularMask = MSM_Constant (0)
    MobileMaskTexture = None

Object info:
============
ClassName: Material3 ObjectName: Fire_Tail_3

    TwoSided = false
    bDisableDepthTest = false
    bIsMasked = false
    ReferencedTextures[4] =
    {
        ReferencedTextures[0] = Texture2D'Smoke_Fractal_002'
        ReferencedTextures[1] = Texture2D'Noise_Plazma_002'
        ReferencedTextures[2] = Texture2D'Sparkle_Ink_008'
        ReferencedTextures[3] = Texture2D'Noise_020'
    }
    BlendMode = BLEND_Additive (3)
    OpacityMaskClipValue = 0.333
    FlattenedTexture = None
    MobileBaseTexture = None
    MobileNormalTexture = None
    bUseMobileSpecular = false
    MobileSpecularPower = 16
    MobileSpecularMask = MSM_Constant (0)
    MobileMaskTexture = None

Object info:
============
ClassName: Material3 ObjectName: Fire_Tail_5

    TwoSided = false
    bDisableDepthTest = false
    bIsMasked = false
    ReferencedTextures[5] =
    {
        ReferencedTextures[0] = Texture2D'Smoke_Fractal_002'
        ReferencedTextures[1] = Texture2D'Noise_Plazma_002'
        ReferencedTextures[2] = Texture2D'Smoke_Fractal_001'
        ReferencedTextures[3] = Texture2D'Aura_Ripple_000'
        ReferencedTextures[4] = Texture2D'Noise_020'
    }
    BlendMode = BLEND_Additive (3)
    OpacityMaskClipValue = 0.333
    FlattenedTexture = None
    MobileBaseTexture = None
    MobileNormalTexture = None
    bUseMobileSpecular = false
    MobileSpecularPower = 16
    MobileSpecularMask = MSM_Constant (0)
    MobileMaskTexture = None

Object info:
============
ClassName: Material3 ObjectName: Fire_Tail__disort

    TwoSided = true
    bDisableDepthTest = false
    bIsMasked = false
    ReferencedTextures[4] =
    {
        ReferencedTextures[0] = Texture2D'Smoke_Fractal_002'
        ReferencedTextures[1] = Texture2D'Noise_Plazma_002'
        ReferencedTextures[2] = Texture2D'Gradient_Beam_007'
        ReferencedTextures[3] = Texture2D'Noise_020'
    }
    BlendMode = BLEND_Additive (3)
    OpacityMaskClipValue = 0.333
    FlattenedTexture = None
    MobileBaseTexture = None
    MobileNormalTexture = None
    bUseMobileSpecular = false
    MobileSpecularPower = 16
    MobileSpecularMask = MSM_Constant (0)
    MobileMaskTexture = None

Object info:
============
ClassName: Material3 ObjectName: Fire_Tail__disortM

    TwoSided = true
    bDisableDepthTest = false
    bIsMasked = false
    ReferencedTextures[5] =
    {
        ReferencedTextures[0] = Texture2D'Smoke_Fractal_002'
        ReferencedTextures[1] = Texture2D'Noise_Plazma_002'
        ReferencedTextures[2] = Texture2D'Gradient_Beam_007'
        ReferencedTextures[3] = Texture2D'Noise_020'
        ReferencedTextures[4] = Texture2D'Gradient_001_Left'
    }
    BlendMode = BLEND_Additive (3)
    OpacityMaskClipValue = 0.333
    FlattenedTexture = None
    MobileBaseTexture = None
    MobileNormalTexture = None
    bUseMobileSpecular = false
    MobileSpecularPower = 16
    MobileSpecularMask = MSM_Constant (0)
    MobileMaskTexture = None

Object info:
============
ClassName: Material3 ObjectName: Fire_Tiger_in_mat_masked

    TwoSided = false
    bDisableDepthTest = false
    bIsMasked = true
    ReferencedTextures[4] =
    {
        ReferencedTextures[0] = Texture2D'T_Liquid_SM_NanoBlack_Mask_01'
        ReferencedTextures[1] = Texture2D'Gradient_001_Left'
        ReferencedTextures[2] = Texture2D'Unique_Waterfall_000_Mask'
        ReferencedTextures[3] = Texture2D'Gradient_Beam_004'
    }
    BlendMode = BLEND_Masked (1)
    OpacityMaskClipValue = 0.333
    FlattenedTexture = None
    MobileBaseTexture = None
    MobileNormalTexture = None
    bUseMobileSpecular = false
    MobileSpecularPower = 16
    MobileSpecularMask = MSM_Constant (0)
    MobileMaskTexture = None

Object info:
============
ClassName: Material3 ObjectName: Fire_Tiger_in_mat_masked_fast

    TwoSided = false
    bDisableDepthTest = false
    bIsMasked = true
    ReferencedTextures[4] =
    {
        ReferencedTextures[0] = Texture2D'T_Liquid_SM_NanoBlack_Mask_01'
        ReferencedTextures[1] = Texture2D'Gradient_001_Left'
        ReferencedTextures[2] = Texture2D'Unique_Waterfall_000_Mask'
        ReferencedTextures[3] = Texture2D'Gradient_Beam_004'
    }
    BlendMode = BLEND_Masked (1)
    OpacityMaskClipValue = 0.333
    FlattenedTexture = None
    MobileBaseTexture = None
    MobileNormalTexture = None
    bUseMobileSpecular = false
    MobileSpecularPower = 16
    MobileSpecularMask = MSM_Constant (0)
    MobileMaskTexture = None

Object info:
============
ClassName: Material3 ObjectName: Fire_trail_ghost_2

    TwoSided = false
    bDisableDepthTest = false
    bIsMasked = false
    ReferencedTextures[6] =
    {
        ReferencedTextures[0] = Texture2D'Smoke_Fractal_002'
        ReferencedTextures[1] = Texture2D'Noise_Plazma_002'
        ReferencedTextures[2] = Texture2D'Smoke_Fractal_001'
        ReferencedTextures[3] = Texture2D'Gradient_Trail_000'
        ReferencedTextures[4] = Texture2D'Noise_020'
        ReferencedTextures[5] = Texture2D'Smoke_ShockWave_001'
    }
    BlendMode = BLEND_Additive (3)
    OpacityMaskClipValue = 0.333
    FlattenedTexture = None
    MobileBaseTexture = None
    MobileNormalTexture = None
    bUseMobileSpecular = false
    MobileSpecularPower = 16
    MobileSpecularMask = MSM_Constant (0)
    MobileMaskTexture = None

Object info:
============
ClassName: Material3 ObjectName: Fire_trail_mat_trans_3_Floor

    TwoSided = true
    bDisableDepthTest = false
    bIsMasked = false
    ReferencedTextures[4] =
    {
        ReferencedTextures[0] = Texture2D'T_Liquid_SM_NanoBlack_Mask_01'
        ReferencedTextures[1] = Texture2D'Gradient_001_Left'
        ReferencedTextures[2] = Texture2D'Unique_Waterfall_000_Mask'
        ReferencedTextures[3] = Texture2D'Gradient_Beam_004'
    }
    BlendMode = BLEND_Translucent (2)
    OpacityMaskClipValue = 0.333
    FlattenedTexture = None
    MobileBaseTexture = None
    MobileNormalTexture = None
    bUseMobileSpecular = false
    MobileSpecularPower = 16
    MobileSpecularMask = MSM_Constant (0)
    MobileMaskTexture = None

Object info:
============
ClassName: Material3 ObjectName: Fire_trail_mat_trans_3_Floor_fast

    TwoSided = true
    bDisableDepthTest = false
    bIsMasked = false
    ReferencedTextures[4] =
    {
        ReferencedTextures[0] = Texture2D'T_Liquid_SM_NanoBlack_Mask_01'
        ReferencedTextures[1] = Texture2D'Gradient_001_Left'
        ReferencedTextures[2] = Texture2D'Unique_Waterfall_000_Mask'
        ReferencedTextures[3] = Texture2D'Gradient_Beam_004'
    }
    BlendMode = BLEND_Translucent (2)
    OpacityMaskClipValue = 0.333
    FlattenedTexture = None
    MobileBaseTexture = None
    MobileNormalTexture = None
    bUseMobileSpecular = false
    MobileSpecularPower = 16
    MobileSpecularMask = MSM_Constant (0)
    MobileMaskTexture = None

Object info:
============
ClassName: Material3 ObjectName: Fire_Type2_WorldPosition

    TwoSided = false
    bDisableDepthTest = false
    bIsMasked = false
    ReferencedTextures[3] =
    {
        ReferencedTextures[0] = Texture2D'Smoke_Fractal_002'
        ReferencedTextures[1] = Texture2D'Smoke_ShockWave_004'
        ReferencedTextures[2] = Texture2D'Aura_Flame_000'
    }
    BlendMode = BLEND_Translucent (2)
    OpacityMaskClipValue = 0.333
    FlattenedTexture = None
    MobileBaseTexture = None
    MobileNormalTexture = None
    bUseMobileSpecular = false
    MobileSpecularPower = 16
    MobileSpecularMask = MSM_Constant (0)
    MobileMaskTexture = None

Object info:
============
ClassName: Material3 ObjectName: Fire_Type3_WorldPosition

    TwoSided = false
    bDisableDepthTest = false
    bIsMasked = false
    ReferencedTextures[3] =
    {
        ReferencedTextures[0] = Texture2D'Smoke_Fractal_002'
        ReferencedTextures[1] = Texture2D'Gradient_Beam_007_Clamp'
        ReferencedTextures[2] = Texture2D'Aura_Flame_000'
    }
    BlendMode = BLEND_Translucent (2)
    OpacityMaskClipValue = 0.333
    FlattenedTexture = None
    MobileBaseTexture = None
    MobileNormalTexture = None
    bUseMobileSpecular = false
    MobileSpecularPower = 16
    MobileSpecularMask = MSM_Constant (0)
    MobileMaskTexture = None

Object info:
============
ClassName: Material3 ObjectName: Fire_Type7_WorldPosition

    TwoSided = false
    bDisableDepthTest = false
    bIsMasked = false
    ReferencedTextures[3] =
    {
        ReferencedTextures[0] = Texture2D'Smoke_Fractal_002'
        ReferencedTextures[1] = Texture2D'Smoke_Dusts_003'
        ReferencedTextures[2] = Texture2D'Smoke_014'
    }
    BlendMode = BLEND_Translucent (2)
    OpacityMaskClipValue = 0.333
    FlattenedTexture = None
    MobileBaseTexture = None
    MobileNormalTexture = None
    bUseMobileSpecular = false
    MobileSpecularPower = 16
    MobileSpecularMask = MSM_Constant (0)
    MobileMaskTexture = None

Object info:
============
ClassName: Material3 ObjectName: Fire_Type_energy

    TwoSided = false
    bDisableDepthTest = false
    bIsMasked = false
    ReferencedTextures[4] =
    {
        ReferencedTextures[0] = Texture2D'Smoke_Fractal_002'
        ReferencedTextures[1] = Texture2D'Smoke_Dusts_003'
        ReferencedTextures[2] = Texture2D'Smoke_013'
        ReferencedTextures[3] = Texture2D'Noise_Plazma_000'
    }
    BlendMode = BLEND_Translucent (2)
    OpacityMaskClipValue = 0.333
    FlattenedTexture = None
    MobileBaseTexture = None
    MobileNormalTexture = None
    bUseMobileSpecular = false
    MobileSpecularPower = 16
    MobileSpecularMask = MSM_Constant (0)
    MobileMaskTexture = None

Object info:
============
ClassName: Material3 ObjectName: Fire_Type_energy2

    TwoSided = false
    bDisableDepthTest = false
    bIsMasked = false
    ReferencedTextures[4] =
    {
        ReferencedTextures[0] = Texture2D'Smoke_Fractal_002'
        ReferencedTextures[1] = Texture2D'Smoke_Dusts_003'
        ReferencedTextures[2] = Texture2D'Electric_Light_000'
        ReferencedTextures[3] = Texture2D'Noise_016'
    }
    BlendMode = BLEND_Translucent (2)
    OpacityMaskClipValue = 0.333
    FlattenedTexture = None
    MobileBaseTexture = None
    MobileNormalTexture = None
    bUseMobileSpecular = false
    MobileSpecularPower = 16
    MobileSpecularMask = MSM_Constant (0)
    MobileMaskTexture = None

Object info:
============
ClassName: Material3 ObjectName: Fire_Type_energy_1

    TwoSided = false
    bDisableDepthTest = false
    bIsMasked = false
    ReferencedTextures[5] =
    {
        ReferencedTextures[0] = Texture2D'Smoke_Fractal_002'
        ReferencedTextures[1] = Texture2D'Smoke_Dusts_003'
        ReferencedTextures[2] = Texture2D'Glow_ink_001'
        ReferencedTextures[3] = Texture2D'Smoke_000'
        ReferencedTextures[4] = Texture2D'Noise_Plazma_000'
    }
    BlendMode = BLEND_Translucent (2)
    OpacityMaskClipValue = 0.333
    FlattenedTexture = None
    MobileBaseTexture = None
    MobileNormalTexture = None
    bUseMobileSpecular = false
    MobileSpecularPower = 16
    MobileSpecularMask = MSM_Constant (0)
    MobileMaskTexture = None

Object info:
============
ClassName: Material3 ObjectName: Fire_Type_energy_2

    TwoSided = false
    bDisableDepthTest = false
    bIsMasked = false
    ReferencedTextures[5] =
    {
        ReferencedTextures[0] = Texture2D'Smoke_Fractal_002'
        ReferencedTextures[1] = Texture2D'Smoke_Dusts_003'
        ReferencedTextures[2] = Texture2D'Glow_ink_001'
        ReferencedTextures[3] = Texture2D'Smoke_000'
        ReferencedTextures[4] = Texture2D'Noise_Wave_000'
    }
    BlendMode = BLEND_Translucent (2)
    OpacityMaskClipValue = 0.333
    FlattenedTexture = None
    MobileBaseTexture = None
    MobileNormalTexture = None
    bUseMobileSpecular = false
    MobileSpecularPower = 16
    MobileSpecularMask = MSM_Constant (0)
    MobileMaskTexture = None

Object info:
============
ClassName: Material3 ObjectName: Fire_Type_fire

    TwoSided = false
    bDisableDepthTest = false
    bIsMasked = false
    ReferencedTextures[5] =
    {
        ReferencedTextures[0] = Texture2D'Smoke_Fractal_002'
        ReferencedTextures[1] = Texture2D'Smoke_Dusts_003'
        ReferencedTextures[2] = Texture2D'Glow_ink_001'
        ReferencedTextures[3] = Texture2D'Smoke_000'
        ReferencedTextures[4] = Texture2D'Noise_Plazma_002'
    }
    BlendMode = BLEND_Translucent (2)
    OpacityMaskClipValue = 0.333
    FlattenedTexture = None
    MobileBaseTexture = None
    MobileNormalTexture = None
    bUseMobileSpecular = false
    MobileSpecularPower = 16
    MobileSpecularMask = MSM_Constant (0)
    MobileMaskTexture = None

Object info:
============
ClassName: Material3 ObjectName: Fire_Type_fire2

    TwoSided = false
    bDisableDepthTest = false
    bIsMasked = false
    ReferencedTextures[7] =
    {
        ReferencedTextures[0] = Texture2D'Smoke_Fractal_002'
        ReferencedTextures[1] = Texture2D'Smoke_Dusts_003'
        ReferencedTextures[2] = Texture2D'Glow_ink_001'
        ReferencedTextures[3] = Texture2D'Noise_011'
        ReferencedTextures[4] = Texture2D'Smoke_000'
        ReferencedTextures[5] = Texture2D'Noise_005'
        ReferencedTextures[6] = Texture2D'Noise_006'
    }
    BlendMode = BLEND_Translucent (2)
    OpacityMaskClipValue = 0.333
    FlattenedTexture = None
    MobileBaseTexture = None
    MobileNormalTexture = None
    bUseMobileSpecular = false
    MobileSpecularPower = 16
    MobileSpecularMask = MSM_Constant (0)
    MobileMaskTexture = None

Object info:
============
ClassName: Material3 ObjectName: Fire_Wing

    TwoSided = true
    bDisableDepthTest = false
    bIsMasked = false
    ReferencedTextures[5] =
    {
        ReferencedTextures[0] = Texture2D'T_wave'
        ReferencedTextures[1] = Texture2D'Smoke_Cloud_003'
        ReferencedTextures[2] = Texture2D'Gradient_Trail_000'
        ReferencedTextures[3] = Texture2D'BG_SandfallNoise_001_D'
        ReferencedTextures[4] = Texture2D'OPacity_Bird_Body'
    }
    BlendMode = BLEND_Additive (3)
    OpacityMaskClipValue = 0.333
    FlattenedTexture = None
    MobileBaseTexture = None
    MobileNormalTexture = None
    bUseMobileSpecular = false
    MobileSpecularPower = 16
    MobileSpecularMask = MSM_Constant (0)
    MobileMaskTexture = None

Object info:
============
ClassName: Material3 ObjectName: Fire_Wing_Feather

    TwoSided = true
    bDisableDepthTest = false
    bIsMasked = false
    ReferencedTextures[3] =
    {
        ReferencedTextures[0] = Texture2D'Smoke_Fractal_002'
        ReferencedTextures[1] = Texture2D'Glow_ShockWave_004'
        ReferencedTextures[2] = Texture2D'Noise_020'
    }
    BlendMode = BLEND_Additive (3)
    OpacityMaskClipValue = 0.333
    FlattenedTexture = None
    MobileBaseTexture = None
    MobileNormalTexture = None
    bUseMobileSpecular = false
    MobileSpecularPower = 16
    MobileSpecularMask = MSM_Constant (0)
    MobileMaskTexture = None

Object info:
============
ClassName: Material3 ObjectName: Fire_Wing_Feather2

    TwoSided = true
    bDisableDepthTest = false
    bIsMasked = false
    ReferencedTextures[4] =
    {
        ReferencedTextures[0] = Texture2D'Smoke_Fractal_002'
        ReferencedTextures[1] = Texture2D'Glow_ShockWave_004'
        ReferencedTextures[2] = Texture2D'Unique_WaterFall_000_Des'
        ReferencedTextures[3] = Texture2D'Noise_020'
    }
    BlendMode = BLEND_Additive (3)
    OpacityMaskClipValue = 0.333
    FlattenedTexture = None
    MobileBaseTexture = None
    MobileNormalTexture = None
    bUseMobileSpecular = false
    MobileSpecularPower = 16
    MobileSpecularMask = MSM_Constant (0)
    MobileMaskTexture = None

Object info:
============
ClassName: Material3 ObjectName: FireDecalToMesh

    TwoSided = false
    bDisableDepthTest = false
    bIsMasked = false
    ReferencedTextures[5] =
    {
        ReferencedTextures[0] = Texture2D'Normal_Stone_001'
        ReferencedTextures[1] = Texture2D'Decal_DarkSmoke_000'
        ReferencedTextures[2] = Texture2D'Noise_013'
        ReferencedTextures[3] = Texture2D'Noise_007'
        ReferencedTextures[4] = Texture2D'Sparkle_005'
    }
    BlendMode = BLEND_Translucent (2)
    OpacityMaskClipValue = 0.333
    FlattenedTexture = None
    MobileBaseTexture = None
    MobileNormalTexture = None
    bUseMobileSpecular = false
    MobileSpecularPower = 16
    MobileSpecularMask = MSM_Constant (0)
    MobileMaskTexture = None

Object info:
============
ClassName: Material3 ObjectName: FireSparkle000_MatB

    TwoSided = false
    bDisableDepthTest = false
    bIsMasked = false
    ReferencedTextures[2] = { Texture2D'Sparkle_002', Texture2D'DefaultTexture' }
    BlendMode = BLEND_Additive (3)
    OpacityMaskClipValue = 0.333
    FlattenedTexture = None
    MobileBaseTexture = None
    MobileNormalTexture = None
    bUseMobileSpecular = false
    MobileSpecularPower = 16
    MobileSpecularMask = MSM_Constant (0)
    MobileMaskTexture = None

Object info:
============
ClassName: Material3 ObjectName: Flame001_MatB

    TwoSided = false
    bDisableDepthTest = false
    bIsMasked = false
    ReferencedTextures[6] =
    {
        ReferencedTextures[0] = Texture2D'Noise_001'
        ReferencedTextures[1] = Texture2D'Smoke_Cloud_003'
        ReferencedTextures[2] = Texture2D'Smoke_Cloud_001'
        ReferencedTextures[3] = Texture2D'Fire_002'
        ReferencedTextures[4] = Texture2D'Smoke_004'
        ReferencedTextures[5] = Texture2D'DefaultTexture'
    }
    BlendMode = BLEND_Translucent (2)
    OpacityMaskClipValue = 0.333
    FlattenedTexture = None
    MobileBaseTexture = None
    MobileNormalTexture = None
    bUseMobileSpecular = false
    MobileSpecularPower = 16
    MobileSpecularMask = MSM_Constant (0)
    MobileMaskTexture = None

Object info:
============
ClassName: Material3 ObjectName: Flame002_MatB2

    TwoSided = false
    bDisableDepthTest = false
    bIsMasked = false
    ReferencedTextures[5] =
    {
        ReferencedTextures[0] = Texture2D'Smoke_Cloud_003'
        ReferencedTextures[1] = Texture2D'Smoke_Cloud_001'
        ReferencedTextures[2] = Texture2D'Fire_002'
        ReferencedTextures[3] = Texture2D'Smoke_004'
        ReferencedTextures[4] = Texture2D'DefaultTexture'
    }
    BlendMode = BLEND_Translucent (2)
    OpacityMaskClipValue = 0.333
    FlattenedTexture = None
    MobileBaseTexture = None
    MobileNormalTexture = None
    bUseMobileSpecular = false
    MobileSpecularPower = 16
    MobileSpecularMask = MSM_Constant (0)
    MobileMaskTexture = None

Object info:
============
ClassName: Material3 ObjectName: Flame004_T_MatB

    TwoSided = false
    bDisableDepthTest = false
    bIsMasked = false
    ReferencedTextures[5] =
    {
        ReferencedTextures[0] = Texture2D'Noise_004'
        ReferencedTextures[1] = Texture2D'Noise_009'
        ReferencedTextures[2] = Texture2D'Smoke_Cloud_003'
        ReferencedTextures[3] = Texture2D'Fire_002'
        ReferencedTextures[4] = Texture2D'Smoke_005'
    }
    BlendMode = BLEND_Additive (3)
    OpacityMaskClipValue = 0.333
    FlattenedTexture = None
    MobileBaseTexture = None
    MobileNormalTexture = None
    bUseMobileSpecular = false
    MobileSpecularPower = 16
    MobileSpecularMask = MSM_Constant (0)
    MobileMaskTexture = None

Object info:
============
ClassName: Material3 ObjectName: FlameSprite000_MatB

    TwoSided = false
    bDisableDepthTest = false
    bIsMasked = false
    ReferencedTextures[1] = { Texture2D'Fire_Sprite_000' }
    BlendMode = BLEND_Additive (3)
    OpacityMaskClipValue = 0.333
    FlattenedTexture = None
    MobileBaseTexture = None
    MobileNormalTexture = None
    bUseMobileSpecular = false
    MobileSpecularPower = 16
    MobileSpecularMask = MSM_Constant (0)
    MobileMaskTexture = None

Object info:
============
ClassName: Material3 ObjectName: fx_cloudblow_mat_Dup_1055

    TwoSided = true
    bDisableDepthTest = false
    bIsMasked = false
    ReferencedTextures[3] =
    {
        ReferencedTextures[0] = Texture2D'Smoke_Cloud_001'
        ReferencedTextures[1] = Texture2D'Smoke_Cloud_002'
        ReferencedTextures[2] = Texture2D'DefaultTexture'
    }
    BlendMode = BLEND_Additive (3)
    OpacityMaskClipValue = 0.333
    FlattenedTexture = None
    MobileBaseTexture = None
    MobileNormalTexture = None
    bUseMobileSpecular = false
    MobileSpecularPower = 16
    MobileSpecularMask = MSM_Constant (0)
    MobileMaskTexture = None

Object info:
============
ClassName: Material3 ObjectName: fx_cloudblow_mat_Grey

    TwoSided = false
    bDisableDepthTest = false
    bIsMasked = false
    ReferencedTextures[5] =
    {
        ReferencedTextures[0] = Texture2D'Noise_003'
        ReferencedTextures[1] = Texture2D'Fire_Torch_Sample_001_D'
        ReferencedTextures[2] = Texture2D'Smoke_Cloud_001'
        ReferencedTextures[3] = Texture2D'Smoke_005'
        ReferencedTextures[4] = Texture2D'DefaultTexture'
    }
    BlendMode = BLEND_Translucent (2)
    OpacityMaskClipValue = 0.333
    FlattenedTexture = None
    MobileBaseTexture = None
    MobileNormalTexture = None
    bUseMobileSpecular = false
    MobileSpecularPower = 16
    MobileSpecularMask = MSM_Constant (0)
    MobileMaskTexture = None

Object info:
============
ClassName: Material3 ObjectName: fx_cloudblow_mat_test2

    TwoSided = false
    bDisableDepthTest = false
    bIsMasked = false
    ReferencedTextures[5] =
    {
        ReferencedTextures[0] = Texture2D'Noise_003'
        ReferencedTextures[1] = Texture2D'Fire_003'
        ReferencedTextures[2] = Texture2D'Smoke_Cloud_001'
        ReferencedTextures[3] = Texture2D'Smoke_005'
        ReferencedTextures[4] = Texture2D'DefaultTexture'
    }
    BlendMode = BLEND_Translucent (2)
    OpacityMaskClipValue = 0.333
    FlattenedTexture = None
    MobileBaseTexture = None
    MobileNormalTexture = None
    bUseMobileSpecular = false
    MobileSpecularPower = 16
    MobileSpecularMask = MSM_Constant (0)
    MobileMaskTexture = None

Object info:
============
ClassName: Material3 ObjectName: Ink_Fire_Blending_Mat

    TwoSided = false
    bDisableDepthTest = false
    bIsMasked = false
    ReferencedTextures[2] = { Texture2D'Noise_Swarm_000', Texture2D'Smoke_011' }
    BlendMode = BLEND_Translucent (2)
    OpacityMaskClipValue = 0.333
    FlattenedTexture = None
    MobileBaseTexture = None
    MobileNormalTexture = None
    bUseMobileSpecular = false
    MobileSpecularPower = 16
    MobileSpecularMask = MSM_Constant (0)
    MobileMaskTexture = None

Object info:
============
ClassName: Material3 ObjectName: M01_Dst_exp_volume

    TwoSided = false
    bDisableDepthTest = false
    bIsMasked = false
    ReferencedTextures[6] =
    {
        ReferencedTextures[0] = Texture2D'Smoke_Fractal_002'
        ReferencedTextures[1] = Texture2D'Noise_Fractal_002'
        ReferencedTextures[2] = Texture2D'Smoke_Pattern_000_128'
        ReferencedTextures[3] = Texture2D'Noise_Plazma_002'
        ReferencedTextures[4] = Texture2D'Smoke_013'
        ReferencedTextures[5] = Texture2D'Smoke_014'
    }
    BlendMode = BLEND_Translucent (2)
    OpacityMaskClipValue = 0.333
    FlattenedTexture = None
    MobileBaseTexture = None
    MobileNormalTexture = None
    bUseMobileSpecular = false
    MobileSpecularPower = 16
    MobileSpecularMask = MSM_Constant (0)
    MobileMaskTexture = None

Object info:
============
ClassName: Material3 ObjectName: M01_Dst_exp_volume_Dynamic

    TwoSided = false
    bDisableDepthTest = false
    bIsMasked = false
    ReferencedTextures[6] =
    {
        ReferencedTextures[0] = Texture2D'Smoke_Fractal_002'
        ReferencedTextures[1] = Texture2D'Noise_Fractal_002'
        ReferencedTextures[2] = Texture2D'Smoke_Pattern_000_128'
        ReferencedTextures[3] = Texture2D'Noise_Plazma_002'
        ReferencedTextures[4] = Texture2D'Smoke_013'
        ReferencedTextures[5] = Texture2D'Smoke_014'
    }
    BlendMode = BLEND_Translucent (2)
    OpacityMaskClipValue = 0.333
    FlattenedTexture = None
    MobileBaseTexture = None
    MobileNormalTexture = None
    bUseMobileSpecular = false
    MobileSpecularPower = 16
    MobileSpecularMask = MSM_Constant (0)
    MobileMaskTexture = None

Object info:
============
ClassName: Material3 ObjectName: M01_exp_sub

    TwoSided = false
    bDisableDepthTest = false
    bIsMasked = false
    ReferencedTextures[2] = { Texture2D'Fire_Explode_Sprite_000', Texture2D'Fire_Blending_Pattern_Tex_Big' }
    BlendMode = BLEND_Translucent (2)
    OpacityMaskClipValue = 0.333
    FlattenedTexture = None
    MobileBaseTexture = None
    MobileNormalTexture = None
    bUseMobileSpecular = false
    MobileSpecularPower = 16
    MobileSpecularMask = MSM_Constant (0)
    MobileMaskTexture = None

Object info:
============
ClassName: Material3 ObjectName: M01_exp_sub11

    TwoSided = false
    bDisableDepthTest = false
    bIsMasked = false
    ReferencedTextures[1] = { Texture2D'Fire_Sprite_006' }
    BlendMode = BLEND_Translucent (2)
    OpacityMaskClipValue = 0.333
    FlattenedTexture = None
    MobileBaseTexture = None
    MobileNormalTexture = None
    bUseMobileSpecular = false
    MobileSpecularPower = 16
    MobileSpecularMask = MSM_Constant (0)
    MobileMaskTexture = None

Object info:
============
ClassName: Material3 ObjectName: M01_exp_sub2

    TwoSided = false
    bDisableDepthTest = false
    bIsMasked = false
    ReferencedTextures[1] = { Texture2D'Fire_Sprite_003' }
    BlendMode = BLEND_Additive (3)
    OpacityMaskClipValue = 0.333
    FlattenedTexture = None
    MobileBaseTexture = None
    MobileNormalTexture = None
    bUseMobileSpecular = false
    MobileSpecularPower = 16
    MobileSpecularMask = MSM_Constant (0)
    MobileMaskTexture = None

Object info:
============
ClassName: Material3 ObjectName: M01_exp_sub3

    TwoSided = false
    bDisableDepthTest = false
    bIsMasked = false
    ReferencedTextures[1] = { Texture2D'Fire_Sprite_004' }
    BlendMode = BLEND_Additive (3)
    OpacityMaskClipValue = 0.333
    FlattenedTexture = None
    MobileBaseTexture = None
    MobileNormalTexture = None
    bUseMobileSpecular = false
    MobileSpecularPower = 16
    MobileSpecularMask = MSM_Constant (0)
    MobileMaskTexture = None

Object info:
============
ClassName: Material3 ObjectName: M01_exp_sub4

    TwoSided = false
    bDisableDepthTest = false
    bIsMasked = false
    ReferencedTextures[1] = { Texture2D'Fire_Sprite_002' }
    BlendMode = BLEND_Additive (3)
    OpacityMaskClipValue = 0.333
    FlattenedTexture = None
    MobileBaseTexture = None
    MobileNormalTexture = None
    bUseMobileSpecular = false
    MobileSpecularPower = 16
    MobileSpecularMask = MSM_Constant (0)
    MobileMaskTexture = None

Object info:
============
ClassName: Material3 ObjectName: M01_exp_sub6

    TwoSided = false
    bDisableDepthTest = false
    bIsMasked = false
    ReferencedTextures[1] = { Texture2D'Fire_Sprite_001' }
    BlendMode = BLEND_Additive (3)
    OpacityMaskClipValue = 0.333
    FlattenedTexture = None
    MobileBaseTexture = None
    MobileNormalTexture = None
    bUseMobileSpecular = false
    MobileSpecularPower = 16
    MobileSpecularMask = MSM_Constant (0)
    MobileMaskTexture = None

Object info:
============
ClassName: Material3 ObjectName: M01_exp_sub6_Desaturate

    TwoSided = false
    bDisableDepthTest = false
    bIsMasked = false
    ReferencedTextures[1] = { Texture2D'Fire_Sprite_001' }
    BlendMode = BLEND_Additive (3)
    OpacityMaskClipValue = 0.333
    FlattenedTexture = None
    MobileBaseTexture = None
    MobileNormalTexture = None
    bUseMobileSpecular = false
    MobileSpecularPower = 16
    MobileSpecularMask = MSM_Constant (0)
    MobileMaskTexture = None

Object info:
============
ClassName: Material3 ObjectName: M01_exp_sub7

    TwoSided = false
    bDisableDepthTest = false
    bIsMasked = false
    ReferencedTextures[1] = { Texture2D'Fire_Sprite_005' }
    BlendMode = BLEND_Additive (3)
    OpacityMaskClipValue = 0.333
    FlattenedTexture = None
    MobileBaseTexture = None
    MobileNormalTexture = None
    bUseMobileSpecular = false
    MobileSpecularPower = 16
    MobileSpecularMask = MSM_Constant (0)
    MobileMaskTexture = None

Object info:
============
ClassName: Material3 ObjectName: M01_exp_sub7_half

    TwoSided = false
    bDisableDepthTest = false
    bIsMasked = false
    ReferencedTextures[1] = { Texture2D'Fire_Sprite_005_Half' }
    BlendMode = BLEND_Additive (3)
    OpacityMaskClipValue = 0.333
    FlattenedTexture = None
    MobileBaseTexture = None
    MobileNormalTexture = None
    bUseMobileSpecular = false
    MobileSpecularPower = 16
    MobileSpecularMask = MSM_Constant (0)
    MobileMaskTexture = None

Object info:
============
ClassName: Material3 ObjectName: M01_exp_sub8

    TwoSided = false
    bDisableDepthTest = false
    bIsMasked = false
    ReferencedTextures[1] = { Texture2D'Fire_Sprite_007' }
    BlendMode = BLEND_Additive (3)
    OpacityMaskClipValue = 0.333
    FlattenedTexture = None
    MobileBaseTexture = None
    MobileNormalTexture = None
    bUseMobileSpecular = false
    MobileSpecularPower = 16
    MobileSpecularMask = MSM_Constant (0)
    MobileMaskTexture = None

Object info:
============
ClassName: Material3 ObjectName: M01_exp_sub_2

    TwoSided = false
    bDisableDepthTest = false
    bIsMasked = false
    ReferencedTextures[2] = { Texture2D'Fire_Explode_Sprite_000', Texture2D'Fire_Blending_Pattern_Tex_Big' }
    BlendMode = BLEND_Translucent (2)
    OpacityMaskClipValue = 0.333
    FlattenedTexture = None
    MobileBaseTexture = None
    MobileNormalTexture = None
    bUseMobileSpecular = false
    MobileSpecularPower = 16
    MobileSpecularMask = MSM_Constant (0)
    MobileMaskTexture = None

Object info:
============
ClassName: Material3 ObjectName: M01_exp_subb

    TwoSided = false
    bDisableDepthTest = false
    bIsMasked = false
    ReferencedTextures[1] = { Texture2D'Fire_Sprite_004' }
    BlendMode = BLEND_Additive (3)
    OpacityMaskClipValue = 0.333
    FlattenedTexture = None
    MobileBaseTexture = None
    MobileNormalTexture = None
    bUseMobileSpecular = false
    MobileSpecularPower = 16
    MobileSpecularMask = MSM_Constant (0)
    MobileMaskTexture = None

Object info:
============
ClassName: Material3 ObjectName: M01_Fire2_mat_

    TwoSided = false
    bDisableDepthTest = false
    bIsMasked = false
    ReferencedTextures[5] =
    {
        ReferencedTextures[0] = Texture2D'Smoke_Fractal_002'
        ReferencedTextures[1] = Texture2D'Noise_Fractal_000'
        ReferencedTextures[2] = Texture2D'Noise_Swarm_001'
        ReferencedTextures[3] = Texture2D'Noise_Ripple_000'
        ReferencedTextures[4] = Texture2D'Gradient_Line_003'
    }
    BlendMode = BLEND_Translucent (2)
    OpacityMaskClipValue = 0.333
    FlattenedTexture = None
    MobileBaseTexture = None
    MobileNormalTexture = None
    bUseMobileSpecular = false
    MobileSpecularPower = 16
    MobileSpecularMask = MSM_Constant (0)
    MobileMaskTexture = None

Object info:
============
ClassName: Material3 ObjectName: M01_Fire2_mat_01

    TwoSided = false
    bDisableDepthTest = false
    bIsMasked = false
    ReferencedTextures[5] =
    {
        ReferencedTextures[0] = Texture2D'Smoke_Fractal_002'
        ReferencedTextures[1] = Texture2D'Noise_Fractal_000'
        ReferencedTextures[2] = Texture2D'Noise_Swarm_001'
        ReferencedTextures[3] = Texture2D'Noise_Ripple_000'
        ReferencedTextures[4] = Texture2D'Gradient_Line_003'
    }
    BlendMode = BLEND_Translucent (2)
    OpacityMaskClipValue = 0.333
    FlattenedTexture = None
    MobileBaseTexture = None
    MobileNormalTexture = None
    bUseMobileSpecular = false
    MobileSpecularPower = 16
    MobileSpecularMask = MSM_Constant (0)
    MobileMaskTexture = None

Object info:
============
ClassName: Material3 ObjectName: M01_Fire_Muzzle_particleM01_Fire_Muzzle

    TwoSided = false
    bDisableDepthTest = false
    bIsMasked = false
    ReferencedTextures[4] =
    {
        ReferencedTextures[0] = Texture2D'Noise_Plazma_002'
        ReferencedTextures[1] = Texture2D'Noise_020'
        ReferencedTextures[2] = Texture2D'Smoke_Fractal_002'
        ReferencedTextures[3] = Texture2D'Noise_Fractal_001'
    }
    BlendMode = BLEND_Additive (3)
    OpacityMaskClipValue = 0.333
    FlattenedTexture = None
    MobileBaseTexture = None
    MobileNormalTexture = None
    bUseMobileSpecular = false
    MobileSpecularPower = 16
    MobileSpecularMask = MSM_Constant (0)
    MobileMaskTexture = None

Object info:
============
ClassName: Material3 ObjectName: M01_Fire_MuzzleM01_Fire_Muzzle

    TwoSided = true
    bDisableDepthTest = false
    bIsMasked = false
    ReferencedTextures[4] =
    {
        ReferencedTextures[0] = Texture2D'Noise_Plazma_002'
        ReferencedTextures[1] = Texture2D'Noise_020'
        ReferencedTextures[2] = Texture2D'Smoke_Fractal_002'
        ReferencedTextures[3] = Texture2D'Noise_Fractal_001'
    }
    BlendMode = BLEND_Additive (3)
    OpacityMaskClipValue = 0.333
    FlattenedTexture = None
    MobileBaseTexture = None
    MobileNormalTexture = None
    bUseMobileSpecular = false
    MobileSpecularPower = 16
    MobileSpecularMask = MSM_Constant (0)
    MobileMaskTexture = None

Object info:
============
ClassName: Material3 ObjectName: M01_Hades_Fire_blue_m

    TwoSided = true
    bDisableDepthTest = false
    bIsMasked = false
    ReferencedTextures[4] =
    {
        ReferencedTextures[0] = Texture2D'Smoke_Fractal_002'
        ReferencedTextures[1] = Texture2D'Noise_Plazma_002'
        ReferencedTextures[2] = Texture2D'Aura_Ripple_000'
        ReferencedTextures[3] = Texture2D'Noise_Fractal_003'
    }
    BlendMode = BLEND_Additive (3)
    OpacityMaskClipValue = 0.333
    FlattenedTexture = None
    MobileBaseTexture = None
    MobileNormalTexture = None
    bUseMobileSpecular = false
    MobileSpecularPower = 16
    MobileSpecularMask = MSM_Constant (0)
    MobileMaskTexture = None

Object info:
============
ClassName: Material3 ObjectName: M01_noise_fire_center

    TwoSided = false
    bDisableDepthTest = false
    bIsMasked = false
    ReferencedTextures[4] =
    {
        ReferencedTextures[0] = Texture2D'Smoke_Fractal_002'
        ReferencedTextures[1] = Texture2D'Noise_Fractal_004'
        ReferencedTextures[2] = Texture2D'Noise_Fractal_002'
        ReferencedTextures[3] = Texture2D'Smoke_013'
    }
    BlendMode = BLEND_Translucent (2)
    OpacityMaskClipValue = 0.333
    FlattenedTexture = None
    MobileBaseTexture = None
    MobileNormalTexture = None
    bUseMobileSpecular = false
    MobileSpecularPower = 16
    MobileSpecularMask = MSM_Constant (0)
    MobileMaskTexture = None

Object info:
============
ClassName: Material3 ObjectName: maschine_React

    TwoSided = false
    bDisableDepthTest = false
    bIsMasked = false
    ReferencedTextures[5] =
    {
        ReferencedTextures[0] = Texture2D'Noise_Wave_000_Normal'
        ReferencedTextures[1] = Texture2D'Noise_017'
        ReferencedTextures[2] = Texture2D'Normal_Stone_001'
        ReferencedTextures[3] = Texture2D'Noise_013'
        ReferencedTextures[4] = Texture2D'Noise_Plazma_002'
    }
    BlendMode = BLEND_Additive (3)
    OpacityMaskClipValue = 0.333
    FlattenedTexture = None
    MobileBaseTexture = None
    MobileNormalTexture = None
    bUseMobileSpecular = false
    MobileSpecularPower = 16
    MobileSpecularMask = MSM_Constant (0)
    MobileMaskTexture = None

Object info:
============
ClassName: Material3 ObjectName: maschine_React2

    TwoSided = false
    bDisableDepthTest = false
    bIsMasked = false
    ReferencedTextures[5] =
    {
        ReferencedTextures[0] = Texture2D'Noise_Wave_000_Normal'
        ReferencedTextures[1] = Texture2D'Noise_017'
        ReferencedTextures[2] = Texture2D'Normal_Stone_001'
        ReferencedTextures[3] = Texture2D'Noise_013'
        ReferencedTextures[4] = Texture2D'Noise_Plazma_002'
    }
    BlendMode = BLEND_Additive (3)
    OpacityMaskClipValue = 0.333
    FlattenedTexture = None
    MobileBaseTexture = None
    MobileNormalTexture = None
    bUseMobileSpecular = false
    MobileSpecularPower = 16
    MobileSpecularMask = MSM_Constant (0)
    MobileMaskTexture = None

Object info:
============
ClassName: Material3 ObjectName: Parent_CandleFire_001

    TwoSided = true
    bDisableDepthTest = false
    bIsMasked = false
    ReferencedTextures[1] = { Texture2D'Prop_Fire_001_05_Mask1' }
    BlendMode = BLEND_Additive (3)
    OpacityMaskClipValue = 0.333
    FlattenedTexture = None
    MobileBaseTexture = None
    MobileNormalTexture = None
    bUseMobileSpecular = false
    MobileSpecularPower = 16
    MobileSpecularMask = MSM_Constant (0)
    MobileMaskTexture = None

Object info:
============
ClassName: Material3 ObjectName: Shotflash000_MatB

    TwoSided = false
    bDisableDepthTest = false
    bIsMasked = false
    ReferencedTextures[1] = { Texture2D'Fire_Flash_Sprite_000' }
    BlendMode = BLEND_Additive (3)
    OpacityMaskClipValue = 0.333
    FlattenedTexture = None
    MobileBaseTexture = None
    MobileNormalTexture = None
    bUseMobileSpecular = false
    MobileSpecularPower = 16
    MobileSpecularMask = MSM_Constant (0)
    MobileMaskTexture = None

Object info:
============
ClassName: Material3 ObjectName: Wave_Line_Firecolor_MatM

    TwoSided = false
    bDisableDepthTest = false
    bIsMasked = false
    ReferencedTextures[4] =
    {
        ReferencedTextures[0] = Texture2D'Fire_004'
        ReferencedTextures[1] = Texture2D'Noise_010'
        ReferencedTextures[2] = Texture2D'Gradient_Beam_007'
        ReferencedTextures[3] = Texture2D'Gradient_001'
    }
    BlendMode = BLEND_Additive (3)
    OpacityMaskClipValue = 0.333
    FlattenedTexture = None
    MobileBaseTexture = None
    MobileNormalTexture = None
    bUseMobileSpecular = false
    MobileSpecularPower = 16
    MobileSpecularMask = MSM_Constant (0)
    MobileMaskTexture = None

Object info:
============
ClassName: MaterialInstanceConstant ObjectName: Fire_Buff000_MatB_DistortionX

    ScalarParameterValues[1] =
    {
        ScalarParameterValues[0] = { ParameterName=Distortion_value, ParameterValue=0.2 }
    }
    TextureParameterValues[0] = {}
    VectorParameterValues[0] = {}
    Parent = Material3'Fire_Buff000_MatB'
    FlattenedTexture = None
    MobileBaseTexture = None
    MobileNormalTexture = None
    bUseMobileSpecular = false
    MobileSpecularPower = 16
    MobileSpecularMask = MSM_Constant (0)
    MobileMaskTexture = None
