Found 27000 game files (27 skipped)
Loading package: 00014342.upk Ver: 573/1 Engine: 4205 Names: 78 Exports: 1 Imports: 14 Game: 801A
Loading MaterialInstanceConstant col1 from package 00014342.upk
Loading package: 00002640.upk Ver: 573/1 Engine: 4205 Names: 340 Exports: 556 Imports: 5 Game: 801A
Loading package: 00002620.upk Ver: 573/1 Engine: 4205 Names: 560 Exports: 6612 Imports: 96 Game: 801A
Loading package: 00014341.upk Ver: 573/1 Engine: 4205 Names: 32 Exports: 4 Imports: 2 Game: 801A
Loading TextureCube lenscube_c from package 00002640.upk
Loading Texture2D check from package 00002620.upk
Loading Texture2D 61001_GonM_D from package 00014341.upk
Loading Texture2D 61001_GonM_S from package 00014341.upk
Loading Texture2D 61001_GonM_M from package 00014341.upk
Loading Texture2D 61001_GonM_N from package 00014341.upk
Loading Material3 body_bk from package 00002620.upk
Loading Texture2D CubemapFace0 from package 00002640.upk
Loading Texture2D CubemapFace1 from package 00002640.upk
Loading Texture2D CubemapFace2 from package 00002640.upk
Loading Texture2D CubemapFace3 from package 00002640.upk
Loading Texture2D CubemapFace4 from package 00002640.upk
Loading Texture2D CubemapFace5 from package 00002640.upk
Loading Texture2D check_n from package 00002620.upk
Loaded in 0.12 sec, 1374 allocs, 1.28 MBytes serialized in 136046 calls.

Object info:
============
ClassName: MaterialInstanceConstant ObjectName: col1

    ScalarParameterValues[12] =
    {
        ScalarParameterValues[0] = { ParameterName=Fresnel exponent, ParameterValue=30 }
        ScalarParameterValues[1] = { ParameterName=Fresnel Value, ParameterValue=1 }
        ScalarParameterValues[2] = { ParameterName=Emissive_value, ParameterValue=2 }
        ScalarParameterValues[3] = { ParameterName=Emissive_value2, ParameterValue=0 }
        ScalarParameterValues[4] = { ParameterName=Skin_Spec_value, ParameterValue=1 }
        ScalarParameterValues[5] = { ParameterName=Wear_glossiness1, ParameterValue=7 }
        ScalarParameterValues[6] = { ParameterName=Wear_glossiness2, ParameterValue=15 }
        ScalarParameterValues[7] = { ParameterName=Skin_glossiness, ParameterValue=3.5 }
        ScalarParameterValues[8] = { ParameterName=Transmission_value, ParameterValue=0 }
        ScalarParameterValues[9] = { ParameterName=HighLight_glossiness, ParameterValue=100 }
        ScalarParameterValues[10] = { ParameterName=HighLight_Value, ParameterValue=5 }
        ScalarParameterValues[11] = { ParameterName=Specular_value, ParameterValue=3 }
    }
    TextureParameterValues[6] =
    {
        TextureParameterValues[0] = { ParameterName=rf_cube, ParameterValue=TextureCube'lenscube_c' }
        TextureParameterValues[1] = { ParameterName=Emissive, ParameterValue=Texture2D'check' }
        TextureParameterValues[2] = { ParameterName=Body_diffuse, ParameterValue=Texture2D'61001_GonM_D' }
        TextureParameterValues[3] = { ParameterName=Body_specular, ParameterValue=Texture2D'61001_GonM_S' }
        TextureParameterValues[4] = { ParameterName=Body_mask_RGB, ParameterValue=Texture2D'61001_GonM_M' }
        TextureParameterValues[5] = { ParameterName=Body_normal, ParameterValue=Texture2D'61001_GonM_N' }
    }
    VectorParameterValues[7] =
    {
        VectorParameterValues[0] =
        {
            ParameterName = Reflection_value
            ParameterValue = { R=0.368591, G=0.368591, B=0.368591, A=1 }
        }
        VectorParameterValues[1] =
        {
            ParameterName = skin_color
            ParameterValue = { R=1, G=1, B=1, A=1 }
        }
        VectorParameterValues[2] =
        {
            ParameterName = Skin_Specular
            ParameterValue = { R=1, G=1, B=1, A=1 }
        }
        VectorParameterValues[3] =
        {
            ParameterName = Fresnel_color
            ParameterValue = { R=0, G=0, B=0, A=1 }
        }
        VectorParameterValues[4] =
        {
            ParameterName = Fresnel_Power
            ParameterValue = { R=0, G=0, B=0, A=1 }
        }
        VectorParameterValues[5] =
        {
            ParameterName = Transmission_skin
            ParameterValue = { R=0.625345, G=0.687031, B=1, A=1 }
        }
        VectorParameterValues[6] =
        {
            ParameterName = HighLight_Color
            ParameterValue = { R=1, G=1, B=1, A=1 }
        }
    }
    Parent = Material3'body_bk'
    FlattenedTexture = None
    MobileBaseTexture = None
    MobileNormalTexture = None
    bUseMobileSpecular = false
    MobileSpecularPower = 16
    MobileSpecularMask = MSM_Constant (0)
    MobileMaskTexture = None
