Found 27000 game files (27 skipped)
Loading package: 00012759.upk Ver: 573/1 Engine: 4205 Names: 85 Exports: 2 Imports: 23 Game: 801A
Loading MaterialInstanceConstant col4 from package 00012759.upk
Loading package: 00011256.upk Ver: 573/1 Engine: 4205 Names: 46 Exports: 14 Imports: 4 Game: 801A
Loading package: 00002640.upk Ver: 573/1 Engine: 4205 Names: 340 Exports: 556 Imports: 5 Game: 801A
Loading package: 00002620.upk Ver: 573/1 Engine: 4205 Names: 560 Exports: 6612 Imports: 96 Game: 801A
Loading Texture2D weapon_060019_col1_n from package 00011256.upk
Loading Texture2D weapon_060019_col4_m from package 00011256.upk
Loading Texture2D weapon_060019_col4_d from package 00011256.upk
Loading Texture2D weapon_060019_col4_s from package 00011256.upk
Loading Texture2D cube_cst_all from package 00002640.upk
Loading Material3 Basic from package 00002620.upk
Loading package: 00012963.upk Ver: 573/1 Engine: 4205 Names: 1264 Exports: 1240 Imports: 10 Game: 801A
Loading Texture2D check_n from package 00002620.upk
Loading Texture2D check from package 00002620.upk
Loading Texture2D Smoke_Pattern_001 from package 00012963.upk
Loading Texture2D Gradient_Line_003 from package 00012963.upk
Loading Texture2D Gradient_Wipe_BurnOut_Mask_TEST from package 00012963.upk
Loading Texture2D Gradient_Wipe_BurnOut_Mask from package 00012963.upk
Loaded in 0.064 sec, 2640 allocs, 0.91 MBytes serialized in 161956 calls.

Object info:
============
ClassName: MaterialInstanceConstant ObjectName: col4

    ScalarParameterValues[3] =
    {
        ScalarParameterValues[0] = { ParameterName=Glossiness1, ParameterValue=2 }
        ScalarParameterValues[1] = { ParameterName=Glossiness2, ParameterValue=100 }
        ScalarParameterValues[2] = { ParameterName=Specular_value, ParameterValue=2 }
    }
    TextureParameterValues[5] =
    {
        TextureParameterValues[0] = { ParameterName=Normal, ParameterValue=Texture2D'weapon_060019_col1_n' }
        TextureParameterValues[1] = { ParameterName=Mask_GB, ParameterValue=Texture2D'weapon_060019_col4_m' }
        TextureParameterValues[2] = { ParameterName=Diffuse, ParameterValue=Texture2D'weapon_060019_col4_d' }
        TextureParameterValues[3] = { ParameterName=Specular, ParameterValue=Texture2D'weapon_060019_col4_s' }
        TextureParameterValues[4] = { ParameterName=rf_cube, ParameterValue=Texture2D'cube_cst_all' }
    }
    VectorParameterValues[1] =
    {
        VectorParameterValues[0] =
        {
            ParameterName = Reflection_value
            ParameterValue = { R=1, G=1, B=1, A=1 }
        }
    }
    Parent = Material3'Basic'
    FlattenedTexture = None
    MobileBaseTexture = None
    MobileNormalTexture = None
    bUseMobileSpecular = false
    MobileSpecularPower = 16
    MobileSpecularMask = MSM_Constant (0)
    MobileMaskTexture = None
