Found 16187 game files (144 skipped)
Loading package: 00012608.upk Ver: 573/1 Engine: 4205 Names: 92 Exports: 16 Imports: 14 Game: 801A
Loading SkeletalMesh3 040010_KunN from package 00012608.upk
Loading package: 00012607.upk Ver: 573/1 Engine: 4205 Names: 71 Exports: 1 Imports: 18 Game: 801A
Loading MaterialInstanceConstant col1 from package 00012607.upk
Loading package: 00012606.upk Ver: 573/1 Engine: 4205 Names: 32 Exports: 4 Imports: 2 Game: 801A
Loading package: 00002620.upk Ver: 573/1 Engine: 4205 Names: 500 Exports: 5733 Imports: 89 Game: 801A
Loading Texture2D Acc_040010_KunN_col1_D from package 00012606.upk
Loading Texture2D Acc_040010_KunN_col1_S from package 00012606.upk
Loading Texture2D Acc_040010_KunN_col1_N from package 00012606.upk
Loading Texture2D Acc_040010_KunN_col1_M from package 00012606.upk
Loading Material3 Hair_Ac from package 00002620.upk
Loading package: 00012963.upk Ver: 573/1 Engine: 4205 Names: 1199 Exports: 1162 Imports: 10 Game: 801A
Loading Texture2D check_n from package 00002620.upk
Loading Texture2D Noise_Glass_000 from package 00012963.upk
Loading Texture2D Smoke_Pattern_000 from package 00012963.upk
Loading Texture2D Smoke_Pattern_001 from package 00012963.upk
Loading Texture2D Gradient_Wipe_BurnOut_Mask_TEST from package 00012963.upk
Loading Texture2D Gradient_Wipe_BurnOut_Mask from package 00012963.upk
Loading Texture2D check from package 00002620.upk
Loading Texture2D Gradient_Line_003 from package 00012963.upk
Loaded in 0.075 sec, 2292 allocs, 1.08 MBytes serialized in 172122 calls.

Object info:
============
ClassName: SkeletalMesh3 ObjectName: 040010_KunN

    LODInfo[1] =
    {
        LODInfo[0] =
        {
            DisplayFactor = 0
            LODHysteresis = 0.02
            LODMaterialMap[0] = {}
            bEnableShadowCasting[1] = { true }
        }
    }
    Sockets[0] = {}
    bHasVertexColors = false
    EnableTwistBoneFixers = true
    EnableClavicleFixer = true
    Materials[1] = { MaterialInstanceConstant'col1' }


    Lods[1] =
    {
        Lods[0] =
        {
            Sections[1] =
            {
                Sections[0] = { Material=MaterialInstanceConstant'col1', FirstIndex=0, NumFaces=1108 }
            }
            NumVerts = 1062
            IndexCount = 3324
            NumTexCoords = 1
        }
    }
    LodCount = 1
    MeshOrigin = { X=-0, Y=-0, Z=-0 }
    MeshScale = { X=1, Y=1, Z=1 }
    RotOrigin = { Yaw=0, Pitch=0, Roll=0 }
    BoneCount = 11
