Found 21310 game files (132 skipped)
Loading package: 00015902.upk Ver: 573/1 Engine: 4205 Names: 249 Exports: 504 Imports: 21 Game: 801A
Loading AnimSet Idle_Social_ForceMaster_F_Animset from package 00015902.upk
WARNING: BoolProperty "UAnimSet::bServiced" was not found
WARNING: ArrayProperty "UAnimSet::AdjustAniScaleBoneNames" was not found
Loading AnimSequence AnimSequence_0 from package 00015902.upk
WARNING: BoolProperty "UAnimSequence::bIgnoreFootAimControl" was not found
WARNING: BoolProperty "UAnimSequence::bIgnoreAimControl" was not found
WARNING: BoolProperty "UAnimSequence::bServiced" was not found
Loading AnimNotify_Sound AnimNotify_Sound_1 from package 00015902.upk
WARNING: FloatProperty "UAnimNotify_Sound::SoundVolume" was not found
Loading AnimSequence AnimSequence_1 from package 00015902.upk
WARNING: BoolProperty "UAnimSequence::bIgnoreFootAimControl" was not found
WARNING: BoolProperty "UAnimSequence::bIgnoreAimControl" was not found
WARNING: BoolProperty "UAnimSequence::bServiced" was not found
Loading AnimNotify_Sound AnimNotify_Sound_2 from package 00015902.upk
Loading AnimSequence AnimSequence_2 from package 00015902.upk
WARNING: BoolProperty "UAnimSequence::bIgnoreFootAimControl" was not found
WARNING: BoolProperty "UAnimSequence::bIgnoreAimControl" was not found
WARNING: BoolProperty "UAnimSequence::bServiced" was not found
Loading AnimNotify_Sound AnimNotify_Sound_3 from package 00015902.upk
Loading AnimSequence AnimSequence_3 from package 00015902.upk
WARNING: BoolProperty "UAnimSequence::bIgnoreFootAimControl" was not found
WARNING: BoolProperty "UAnimSequence::bIgnoreAimControl" was not found
WARNING: BoolProperty "UAnimSequence::bServiced" was not found
Loading AnimNotify_Sound AnimNotify_Sound_4 from package 00015902.upk
WARNING: FloatProperty "UAnimNotify_Sound::SoundVolume" was not found
Loading AnimSequence AnimSequence_8 from package 00015902.upk
WARNING: BoolProperty "UAnimSequence::bIgnoreFootAimControl" was not found
WARNING: BoolProperty "UAnimSequence::bIgnoreAimControl" was not found
WARNING: BoolProperty "UAnimSequence::bServiced" was not found
Loading AnimNotify_Sound AnimNotify_Sound_0 from package 00015902.upk
WARNING: FloatProperty "UAnimNotify_Sound::SoundVolume" was not found
Loading AnimSet Idle_Social_ForceMaster_M_Animset from package 00015902.upk
WARNING: BoolProperty "UAnimSet::bServiced" was not found
WARNING: ArrayProperty "UAnimSet::AdjustAniScaleBoneNames" was not found
Loading AnimSequence AnimSequence_13 from package 00015902.upk
WARNING: BoolProperty "UAnimSequence::bIgnoreFootAimControl" was not found
WARNING: BoolProperty "UAnimSequence::bIgnoreAimControl" was not found
WARNING: BoolProperty "UAnimSequence::bServiced" was not found
WARNING: ByteProperty "UAnimSequence::WeaponRLocType" was not found
Loading AnimNotify_Sound AnimNotify_Sound_12 from package 00015902.upk
WARNING: BoolProperty "UAnimNotify_Sound::bPlayerRelationOnly" was not found
WARNING: FloatProperty "UAnimNotify_Sound::SoundVolume" was not found
Loading AnimNotify_Sound AnimNotify_Sound_13 from package 00015902.upk
WARNING: FloatProperty "UAnimNotify_Sound::SoundVolume" was not found
Loading AnimSequence AnimSequence_14 from package 00015902.upk
WARNING: BoolProperty "UAnimSequence::bIgnoreFootAimControl" was not found
WARNING: BoolProperty "UAnimSequence::bIgnoreAimControl" was not found
WARNING: BoolProperty "UAnimSequence::bServiced" was not found
WARNING: ByteProperty "UAnimSequence::WeaponRLocType" was not found
Loading AnimNotify_Sound AnimNotify_Sound_14 from package 00015902.upk
WARNING: FloatProperty "UAnimNotify_Sound::SoundVolume" was not found
Loading AnimNotify_Sound AnimNotify_Sound_15 from package 00015902.upk
Loading AnimNotify_Sound AnimNotify_Sound_16 from package 00015902.upk
WARNING: FloatProperty "UAnimNotify_Sound::SoundVolume" was not found
Loading AnimSequence AnimSequence_7 from package 00015902.upk
WARNING: BoolProperty "UAnimSequence::bIgnoreFootAimControl" was not found
WARNING: BoolProperty "UAnimSequence::bIgnoreAimControl" was not found
WARNING: BoolProperty "UAnimSequence::bServiced" was not found
WARNING: ByteProperty "UAnimSequence::WeaponRLocType" was not found
Loading AnimNotify_Sound AnimNotify_Sound_6 from package 00015902.upk
WARNING: FloatProperty "UAnimNotify_Sound::SoundVolume" was not found
Loading AnimSequence AnimSequence_8 from package 00015902.upk
WARNING: BoolProperty "UAnimSequence::bIgnoreFootAimControl" was not found
WARNING: BoolProperty "UAnimSequence::bIgnoreAimControl" was not found
WARNING: BoolProperty "UAnimSequence::bServiced" was not found
WARNING: ByteProperty "UAnimSequence::WeaponRLocType" was not found
Loading AnimNotify_Sound AnimNotify_Sound_7 from package 00015902.upk
WARNING: FloatProperty "UAnimNotify_Sound::SoundVolume" was not found
Loading AnimNotify_Sound AnimNotify_Sound_8 from package 00015902.upk
WARNING: FloatProperty "UAnimNotify_Sound::SoundVolume" was not found
Loading AnimNotify_Sound AnimNotify_Sound_9 from package 00015902.upk
WARNING: FloatProperty "UAnimNotify_Sound::SoundVolume" was not found
Loading AnimSequence AnimSequence_9 from package 00015902.upk
WARNING: BoolProperty "UAnimSequence::bIgnoreFootAimControl" was not found
WARNING: BoolProperty "UAnimSequence::bIgnoreAimControl" was not found
WARNING: BoolProperty "UAnimSequence::bServiced" was not found
WARNING: ByteProperty "UAnimSequence::WeaponRLocType" was not found
Loading AnimNotify_Sound AnimNotify_Sound_10 from package 00015902.upk
Loading AnimNotify_Sound AnimNotify_Sound_11 from package 00015902.upk
WARNING: FloatProperty "UAnimNotify_Sound::SoundVolume" was not found
Loading AnimSet Idle_Social_GonF_Animset from package 00015902.upk
WARNING: BoolProperty "UAnimSet::bServiced" was not found
WARNING: ArrayProperty "UAnimSet::AdjustAniScaleBoneNames" was not found
Loading AnimSequence AnimSequence_1 from package 00015902.upk
WARNING: BoolProperty "UAnimSequence::bIgnoreFootAimControl" was not found
WARNING: BoolProperty "UAnimSequence::bIgnoreAimControl" was not found
WARNING: BoolProperty "UAnimSequence::bServiced" was not found
Loading AnimNotify_Sound AnimNotify_Sound_17 from package 00015902.upk
WARNING: FloatProperty "UAnimNotify_Sound::SoundVolume" was not found
Loading AnimNotify_Sound AnimNotify_Sound_18 from package 00015902.upk
WARNING: FloatProperty "UAnimNotify_Sound::SoundVolume" was not found
Loading AnimNotify_Sound AnimNotify_Sound_19 from package 00015902.upk
WARNING: FloatProperty "UAnimNotify_Sound::SoundVolume" was not found
Loading AnimNotify_Sound AnimNotify_Sound_20 from package 00015902.upk
Loading AnimNotify_Sound AnimNotify_Sound_21 from package 00015902.upk
Loading AnimNotify_Sound AnimNotify_Sound_22 from package 00015902.upk
Loading AnimNotify_Sound AnimNotify_Sound_23 from package 00015902.upk
WARNING: FloatProperty "UAnimNotify_Sound::SoundVolume" was not found
Loading AnimSequence AnimSequence_12 from package 00015902.upk
WARNING: BoolProperty "UAnimSequence::bIgnoreFootAimControl" was not found
WARNING: BoolProperty "UAnimSequence::bIgnoreAimControl" was not found
WARNING: BoolProperty "UAnimSequence::bServiced" was not found
Loading AnimNotify_Sound AnimNotify_Sound_26 from package 00015902.upk
WARNING: FloatProperty "UAnimNotify_Sound::SoundVolume" was not found
Loading AnimNotify_Sound AnimNotify_Sound_27 from package 00015902.upk
WARNING: FloatProperty "UAnimNotify_Sound::SoundVolume" was not found
Loading AnimNotify_Sound AnimNotify_Sound_28 from package 00015902.upk
WARNING: FloatProperty "UAnimNotify_Sound::SoundVolume" was not found
Loading AnimSequence AnimSequence_2 from package 00015902.upk
WARNING: BoolProperty "UAnimSequence::bIgnoreFootAimControl" was not found
WARNING: BoolProperty "UAnimSequence::bIgnoreAimControl" was not found
WARNING: BoolProperty "UAnimSequence::bServiced" was not found
Loading AnimNotify_Sound AnimNotify_Sound_24 from package 00015902.upk
WARNING: FloatProperty "UAnimNotify_Sound::SoundVolume" was not found
Loading AnimNotify_Sound AnimNotify_Sound_25 from package 00015902.upk
WARNING: FloatProperty "UAnimNotify_Sound::SoundVolume" was not found
Loading AnimSequence AnimSequence_7 from package 00015902.upk
WARNING: BoolProperty "UAnimSequence::bIgnoreFootAimControl" was not found
WARNING: BoolProperty "UAnimSequence::bIgnoreAimControl" was not found
WARNING: BoolProperty "UAnimSequence::bServiced" was not found
Loading AnimNotify_Sound AnimNotify_Sound_29 from package 00015902.upk
WARNING: FloatProperty "UAnimNotify_Sound::SoundVolume" was not found
Loading AnimNotify_Sound AnimNotify_Sound_30 from package 00015902.upk
WARNING: FloatProperty "UAnimNotify_Sound::SoundVolume" was not found
Loading AnimSet Idle_Social_GonM_Animset from package 00015902.upk
WARNING: BoolProperty "UAnimSet::bServiced" was not found
WARNING: ArrayProperty "UAnimSet::AdjustAniScaleBoneNames" was not found
Loading AnimSequence AnimSequence_1 from package 00015902.upk
WARNING: BoolProperty "UAnimSequence::bIgnoreFootAimControl" was not found
WARNING: BoolProperty "UAnimSequence::bIgnoreAimControl" was not found
WARNING: BoolProperty "UAnimSequence::bServiced" was not found
Loading AnimNotify_Sound AnimNotify_Sound_36 from package 00015902.upk
WARNING: FloatProperty "UAnimNotify_Sound::SoundVolume" was not found
Loading AnimNotify_Sound AnimNotify_Sound_37 from package 00015902.upk
WARNING: FloatProperty "UAnimNotify_Sound::SoundVolume" was not found
Loading AnimNotify_Sound AnimNotify_Sound_38 from package 00015902.upk
WARNING: FloatProperty "UAnimNotify_Sound::SoundVolume" was not found
Loading AnimSequence AnimSequence_4 from package 00015902.upk
WARNING: BoolProperty "UAnimSequence::bIgnoreFootAimControl" was not found
WARNING: BoolProperty "UAnimSequence::bIgnoreAimControl" was not found
WARNING: BoolProperty "UAnimSequence::bServiced" was not found
Loading AnimNotify_Sound AnimNotify_Sound_40 from package 00015902.upk
WARNING: FloatProperty "UAnimNotify_Sound::SoundVolume" was not found
Loading AnimNotify_Sound AnimNotify_Sound_41 from package 00015902.upk
WARNING: FloatProperty "UAnimNotify_Sound::SoundVolume" was not found
Loading AnimNotify_Sound AnimNotify_Sound_42 from package 00015902.upk
WARNING: FloatProperty "UAnimNotify_Sound::SoundVolume" was not found
Loading AnimNotify_Sound AnimNotify_Sound_43 from package 00015902.upk
WARNING: FloatProperty "UAnimNotify_Sound::SoundVolume" was not found
Loading AnimNotify_Sound AnimNotify_Sound_44 from package 00015902.upk
Loading AnimSequence AnimSequence_9 from package 00015902.upk
WARNING: BoolProperty "UAnimSequence::bIgnoreFootAimControl" was not found
WARNING: BoolProperty "UAnimSequence::bIgnoreAimControl" was not found
WARNING: BoolProperty "UAnimSequence::bServiced" was not found
Loading AnimNotify_Sound AnimNotify_Sound_31 from package 00015902.upk
WARNING: FloatProperty "UAnimNotify_Sound::SoundVolume" was not found
Loading AnimNotify_Sound AnimNotify_Sound_32 from package 00015902.upk
WARNING: FloatProperty "UAnimNotify_Sound::SoundVolume" was not found
Loading AnimNotify_Sound AnimNotify_Sound_33 from package 00015902.upk
Loading AnimNotify_Sound AnimNotify_Sound_34 from package 00015902.upk
WARNING: FloatProperty "UAnimNotify_Sound::SoundVolume" was not found
Loading AnimNotify_Sound AnimNotify_Sound_35 from package 00015902.upk
WARNING: FloatProperty "UAnimNotify_Sound::SoundVolume" was not found
Loading AnimSet Idle_Social_JinF_Animset from package 00015902.upk
WARNING: BoolProperty "UAnimSet::bServiced" was not found
WARNING: ArrayProperty "UAnimSet::AdjustAniScaleBoneNames" was not found
Loading AnimSequence AnimSequence_0 from package 00015902.upk
WARNING: BoolProperty "UAnimSequence::bIgnoreFootAimControl" was not found
WARNING: BoolProperty "UAnimSequence::bIgnoreAimControl" was not found
WARNING: BoolProperty "UAnimSequence::bServiced" was not found
Loading AnimNotify_Sound AnimNotify_Sound_46 from package 00015902.upk
WARNING: FloatProperty "UAnimNotify_Sound::SoundVolume" was not found
Loading AnimNotify_Sound AnimNotify_Sound_47 from package 00015902.upk
WARNING: FloatProperty "UAnimNotify_Sound::SoundVolume" was not found
Loading AnimNotify_Sound AnimNotify_Sound_48 from package 00015902.upk
Loading AnimNotify_Sound AnimNotify_Sound_49 from package 00015902.upk
Loading AnimNotify_Sound AnimNotify_Sound_50 from package 00015902.upk
Loading AnimNotify_Sound AnimNotify_Sound_51 from package 00015902.upk
Loading AnimSequence AnimSequence_31 from package 00015902.upk
WARNING: BoolProperty "UAnimSequence::bIgnoreFootAimControl" was not found
WARNING: BoolProperty "UAnimSequence::bIgnoreAimControl" was not found
WARNING: BoolProperty "UAnimSequence::bServiced" was not found
Loading AnimNotify_Sound AnimNotify_Sound_54 from package 00015902.upk
WARNING: FloatProperty "UAnimNotify_Sound::SoundVolume" was not found
Loading AnimSequence AnimSequence_32 from package 00015902.upk
WARNING: BoolProperty "UAnimSequence::bIgnoreFootAimControl" was not found
WARNING: BoolProperty "UAnimSequence::bIgnoreAimControl" was not found
WARNING: BoolProperty "UAnimSequence::bServiced" was not found
Loading AnimNotify_Sound AnimNotify_Sound_55 from package 00015902.upk
WARNING: FloatProperty "UAnimNotify_Sound::SoundVolume" was not found
Loading AnimNotify_Sound AnimNotify_Sound_56 from package 00015902.upk
WARNING: FloatProperty "UAnimNotify_Sound::SoundVolume" was not found
Loading AnimSequence AnimSequence_33 from package 00015902.upk
WARNING: BoolProperty "UAnimSequence::bIgnoreFootAimControl" was not found
WARNING: BoolProperty "UAnimSequence::bIgnoreAimControl" was not found
WARNING: BoolProperty "UAnimSequence::bServiced" was not found
Loading AnimNotify_Sound AnimNotify_Sound_58 from package 00015902.upk
Loading AnimNotify_Sound AnimNotify_Sound_59 from package 00015902.upk
Loading AnimNotify_Sound AnimNotify_Sound_60 from package 00015902.upk
Loading AnimNotify_Sound AnimNotify_Sound_61 from package 00015902.upk
Loading AnimNotify_Sound AnimNotify_Sound_62 from package 00015902.upk
WARNING: FloatProperty "UAnimNotify_Sound::SoundVolume" was not found
Loading AnimNotify_Sound AnimNotify_Sound_63 from package 00015902.upk
WARNING: FloatProperty "UAnimNotify_Sound::SoundVolume" was not found
Loading AnimSequence AnimSequence_5 from package 00015902.upk
WARNING: BoolProperty "UAnimSequence::bIgnoreFootAimControl" was not found
WARNING: BoolProperty "UAnimSequence::bIgnoreAimControl" was not found
WARNING: BoolProperty "UAnimSequence::bServiced" was not found
Loading AnimNotify_Sound AnimNotify_Sound_52 from package 00015902.upk
WARNING: FloatProperty "UAnimNotify_Sound::SoundVolume" was not found
Loading AnimNotify_Sound AnimNotify_Sound_53 from package 00015902.upk
Loading AnimSet Idle_Social_JinM_Animset from package 00015902.upk
WARNING: BoolProperty "UAnimSet::bServiced" was not found
WARNING: ArrayProperty "UAnimSet::AdjustAniScaleBoneNames" was not found
Loading AnimSequence AnimSequence_10 from package 00015902.upk
WARNING: BoolProperty "UAnimSequence::bIgnoreAimControl" was not found
WARNING: BoolProperty "UAnimSequence::bServiced" was not found
Loading AnimNotify_Sound AnimNotify_Sound_71 from package 00015902.upk
WARNING: FloatProperty "UAnimNotify_Sound::SoundVolume" was not found
Loading AnimSequence AnimSequence_11 from package 00015902.upk
WARNING: BoolProperty "UAnimSequence::bIgnoreAimControl" was not found
WARNING: BoolProperty "UAnimSequence::bServiced" was not found
Loading AnimNotify_Sound AnimNotify_Sound_72 from package 00015902.upk
WARNING: FloatProperty "UAnimNotify_Sound::SoundVolume" was not found
Loading AnimNotify_Sound AnimNotify_Sound_73 from package 00015902.upk
WARNING: FloatProperty "UAnimNotify_Sound::SoundVolume" was not found
Loading AnimSequence AnimSequence_5 from package 00015902.upk
WARNING: BoolProperty "UAnimSequence::bIgnoreAimControl" was not found
WARNING: BoolProperty "UAnimSequence::bServiced" was not found
Loading AnimNotify_Sound AnimNotify_Sound_69 from package 00015902.upk
WARNING: FloatProperty "UAnimNotify_Sound::SoundVolume" was not found
Loading AnimNotify_Sound AnimNotify_Sound_70 from package 00015902.upk
Loading AnimSequence AnimSequence_6 from package 00015902.upk
WARNING: BoolProperty "UAnimSequence::bIgnoreAimControl" was not found
WARNING: BoolProperty "UAnimSequence::bServiced" was not found
Loading AnimNotify_Sound AnimNotify_Sound_65 from package 00015902.upk
WARNING: FloatProperty "UAnimNotify_Sound::SoundVolume" was not found
Loading AnimNotify_Sound AnimNotify_Sound_66 from package 00015902.upk
WARNING: FloatProperty "UAnimNotify_Sound::SoundVolume" was not found
Loading AnimSequence AnimSequence_9 from package 00015902.upk
WARNING: BoolProperty "UAnimSequence::bIgnoreAimControl" was not found
WARNING: BoolProperty "UAnimSequence::bServiced" was not found
Loading AnimNotify_Sound AnimNotify_Sound_67 from package 00015902.upk
WARNING: FloatProperty "UAnimNotify_Sound::SoundVolume" was not found
Loading AnimNotify_Sound AnimNotify_Sound_68 from package 00015902.upk
Loading AnimSet Idle_Social_Kun_Animset from package 00015902.upk
WARNING: BoolProperty "UAnimSet::bServiced" was not found
WARNING: ArrayProperty "UAnimSet::AdjustAniScaleBoneNames" was not found
Loading AnimSequence AnimSequence_10 from package 00015902.upk
WARNING: BoolProperty "UAnimSequence::bIgnoreAimControl" was not found
WARNING: BoolProperty "UAnimSequence::bServiced" was not found
Loading AnimNotify_Sound AnimNotify_Sound_93 from package 00015902.upk
WARNING: FloatProperty "UAnimNotify_Sound::SoundVolume" was not found
Loading AnimSequence AnimSequence_35 from package 00015902.upk
WARNING: BoolProperty "UAnimSequence::bIgnoreFootAimControl" was not found
WARNING: BoolProperty "UAnimSequence::bIgnoreAimControl" was not found
WARNING: BoolProperty "UAnimSequence::bServiced" was not found
Loading AnimNotify_Sound AnimNotify_Sound_84 from package 00015902.upk
WARNING: FloatProperty "UAnimNotify_Sound::SoundVolume" was not found
Loading AnimSequence AnimSequence_37 from package 00015902.upk
WARNING: BoolProperty "UAnimSequence::bIgnoreFootAimControl" was not found
WARNING: BoolProperty "UAnimSequence::bIgnoreAimControl" was not found
WARNING: BoolProperty "UAnimSequence::bServiced" was not found
Loading AnimNotify_Sound AnimNotify_Sound_85 from package 00015902.upk
WARNING: FloatProperty "UAnimNotify_Sound::SoundVolume" was not found
Loading AnimNotify_Sound AnimNotify_Sound_86 from package 00015902.upk
WARNING: FloatProperty "UAnimNotify_Sound::SoundVolume" was not found
Loading AnimNotify_Sound AnimNotify_Sound_87 from package 00015902.upk
WARNING: FloatProperty "UAnimNotify_Sound::SoundVolume" was not found
Loading AnimNotify_Sound AnimNotify_Sound_88 from package 00015902.upk
WARNING: FloatProperty "UAnimNotify_Sound::SoundVolume" was not found
Loading AnimNotify_Sound AnimNotify_Sound_89 from package 00015902.upk
WARNING: FloatProperty "UAnimNotify_Sound::SoundVolume" was not found
Loading AnimNotify_Sound AnimNotify_Sound_90 from package 00015902.upk
WARNING: FloatProperty "UAnimNotify_Sound::SoundVolume" was not found
Loading AnimSequence AnimSequence_4 from package 00015902.upk
WARNING: BoolProperty "UAnimSequence::bIgnoreAimControl" was not found
WARNING: BoolProperty "UAnimSequence::bServiced" was not found
Loading AnimNotify_Sound AnimNotify_Sound_91 from package 00015902.upk
WARNING: FloatProperty "UAnimNotify_Sound::SoundVolume" was not found
Loading AnimSequence AnimSequence_41 from package 00015902.upk
WARNING: BoolProperty "UAnimSequence::bIgnoreAimControl" was not found
WARNING: BoolProperty "UAnimSequence::bServiced" was not found
Loading AnimNotify_Sound AnimNotify_Sound_76 from package 00015902.upk
WARNING: FloatProperty "UAnimNotify_Sound::SoundVolume" was not found
Loading AnimNotify_Sound AnimNotify_Sound_77 from package 00015902.upk
WARNING: FloatProperty "UAnimNotify_Sound::SoundVolume" was not found
Loading AnimSet Idle_Social_LynF_Animset from package 00015902.upk
WARNING: BoolProperty "UAnimSet::bServiced" was not found
WARNING: ArrayProperty "UAnimSet::AdjustAniScaleBoneNames" was not found
Loading AnimSequence AnimSequence_3 from package 00015902.upk
WARNING: BoolProperty "UAnimSequence::bIgnoreFootAimControl" was not found
WARNING: BoolProperty "UAnimSequence::bIgnoreAimControl" was not found
WARNING: BoolProperty "UAnimSequence::bServiced" was not found
Loading AnimNotify_Sound AnimNotify_Sound_94 from package 00015902.upk
WARNING: FloatProperty "UAnimNotify_Sound::SoundVolume" was not found
Loading AnimSequence AnimSequence_50 from package 00015902.upk
WARNING: BoolProperty "UAnimSequence::bIgnoreAimControl" was not found
WARNING: BoolProperty "UAnimSequence::bServiced" was not found
Loading AnimNotify_Sound AnimNotify_Sound_95 from package 00015902.upk
WARNING: FloatProperty "UAnimNotify_Sound::SoundVolume" was not found
Loading AnimNotify_Sound AnimNotify_Sound_96 from package 00015902.upk
WARNING: FloatProperty "UAnimNotify_Sound::SoundVolume" was not found
Loading AnimNotify_Sound AnimNotify_Sound_97 from package 00015902.upk
WARNING: FloatProperty "UAnimNotify_Sound::SoundVolume" was not found
Loading AnimSet Idle_Social_LynM_Animset from package 00015902.upk
WARNING: BoolProperty "UAnimSet::bServiced" was not found
WARNING: ArrayProperty "UAnimSet::AdjustAniScaleBoneNames" was not found
Loading AnimSequence AnimSequence_55 from package 00015902.upk
WARNING: BoolProperty "UAnimSequence::bIgnoreFootAimControl" was not found
WARNING: BoolProperty "UAnimSequence::bIgnoreAimControl" was not found
WARNING: BoolProperty "UAnimSequence::bServiced" was not found
Loading AnimNotify_Sound AnimNotify_Sound_98 from package 00015902.upk
WARNING: FloatProperty "UAnimNotify_Sound::SoundVolume" was not found
Loading AnimNotify_Sound AnimNotify_Sound_99 from package 00015902.upk
WARNING: FloatProperty "UAnimNotify_Sound::SoundVolume" was not found
Loading AnimSequence AnimSequence_58 from package 00015902.upk
WARNING: BoolProperty "UAnimSequence::bIgnoreFootAimControl" was not found
WARNING: BoolProperty "UAnimSequence::bIgnoreAimControl" was not found
WARNING: BoolProperty "UAnimSequence::bServiced" was not found
Loading AnimNotify_Sound AnimNotify_Sound_100 from package 00015902.upk
WARNING: FloatProperty "UAnimNotify_Sound::SoundVolume" was not found
Loading AnimNotify_Sound AnimNotify_Sound_101 from package 00015902.upk
WARNING: FloatProperty "UAnimNotify_Sound::SoundVolume" was not found
Loading AnimSequence AnimSequence_59 from package 00015902.upk
WARNING: BoolProperty "UAnimSequence::bIgnoreFootAimControl" was not found
WARNING: BoolProperty "UAnimSequence::bIgnoreAimControl" was not found
WARNING: BoolProperty "UAnimSequence::bServiced" was not found
Loading AnimNotify_Sound AnimNotify_Sound_102 from package 00015902.upk
WARNING: FloatProperty "UAnimNotify_Sound::SoundVolume" was not found
Loading AnimNotify_Sound AnimNotify_Sound_103 from package 00015902.upk
WARNING: FloatProperty "UAnimNotify_Sound::SoundVolume" was not found
Loading AnimNotify_Sound AnimNotify_Sound_104 from package 00015902.upk
Loading AnimNotify_Sound AnimNotify_Sound_105 from package 00015902.upk
Loading AnimNotify_Sound AnimNotify_Sound_106 from package 00015902.upk
Loading AnimNotify_Sound AnimNotify_Sound_107 from package 00015902.upk
Loading AnimNotify_Sound AnimNotify_Sound_108 from package 00015902.upk
Loading AnimSequence AnimSequence_4 from package 00015902.upk
WARNING: BoolProperty "UAnimSequence::bServiced" was not found
Loading AnimSequence AnimSequence_5 from package 00015902.upk
WARNING: BoolProperty "UAnimSequence::bIgnoreFootAimControl" was not found
WARNING: BoolProperty "UAnimSequence::bIgnoreAimControl" was not found
WARNING: BoolProperty "UAnimSequence::bServiced" was not found
Loading AnimSequence AnimSequence_6 from package 00015902.upk
WARNING: BoolProperty "UAnimSequence::bIgnoreFootAimControl" was not found
WARNING: BoolProperty "UAnimSequence::bIgnoreAimControl" was not found
WARNING: BoolProperty "UAnimSequence::bServiced" was not found
Loading AnimSequence AnimSequence_7 from package 00015902.upk
WARNING: BoolProperty "UAnimSequence::bIgnoreFootAimControl" was not found
WARNING: BoolProperty "UAnimSequence::bIgnoreAimControl" was not found
WARNING: BoolProperty "UAnimSequence::bServiced" was not found
Loading AnimSequence AnimSequence_0 from package 00015902.upk
WARNING: BoolProperty "UAnimSequence::bUseCustomAttachAnim" was not found
WARNING: BoolProperty "UAnimSequence::bServiced" was not found
WARNING: ByteProperty "UAnimSequence::WeaponRLocType" was not found
Loading AnimSequence AnimSequence_10 from package 00015902.upk
WARNING: BoolProperty "UAnimSequence::bIgnoreFootAimControl" was not found
WARNING: BoolProperty "UAnimSequence::bIgnoreAimControl" was not found
WARNING: BoolProperty "UAnimSequence::bServiced" was not found
WARNING: ByteProperty "UAnimSequence::WeaponRLocType" was not found
Loading AnimSequence AnimSequence_11 from package 00015902.upk
WARNING: BoolProperty "UAnimSequence::bUseCustomAttachAnim" was not found
WARNING: BoolProperty "UAnimSequence::bServiced" was not found
WARNING: ByteProperty "UAnimSequence::WeaponRLocType" was not found
Loading AnimSequence AnimSequence_12 from package 00015902.upk
WARNING: BoolProperty "UAnimSequence::bIgnoreFootAimControl" was not found
WARNING: BoolProperty "UAnimSequence::bIgnoreAimControl" was not found
WARNING: BoolProperty "UAnimSequence::bServiced" was not found
WARNING: ByteProperty "UAnimSequence::WeaponRLocType" was not found
Loading AnimSequence AnimSequence_15 from package 00015902.upk
WARNING: BoolProperty "UAnimSequence::bIgnoreFootAimControl" was not found
WARNING: BoolProperty "UAnimSequence::bIgnoreAimControl" was not found
WARNING: BoolProperty "UAnimSequence::bServiced" was not found
WARNING: ByteProperty "UAnimSequence::WeaponRLocType" was not found
Loading AnimSequence AnimSequence_0 from package 00015902.upk
WARNING: BoolProperty "UAnimSequence::bIgnoreFootAimControl" was not found
WARNING: BoolProperty "UAnimSequence::bIgnoreAimControl" was not found
WARNING: BoolProperty "UAnimSequence::bServiced" was not found
Loading AnimSequence AnimSequence_3 from package 00015902.upk
WARNING: BoolProperty "UAnimSequence::bIgnoreFootAimControl" was not found
WARNING: BoolProperty "UAnimSequence::bIgnoreAimControl" was not found
WARNING: BoolProperty "UAnimSequence::bServiced" was not found
Loading AnimSequence AnimSequence_4 from package 00015902.upk
WARNING: BoolProperty "UAnimSequence::bUseCustomAttachAnim" was not found
WARNING: BoolProperty "UAnimSequence::bServiced" was not found
Loading AnimSequence AnimSequence_5 from package 00015902.upk
WARNING: BoolProperty "UAnimSequence::bIgnoreFootAimControl" was not found
WARNING: BoolProperty "UAnimSequence::bIgnoreAimControl" was not found
WARNING: BoolProperty "UAnimSequence::bServiced" was not found
Loading AnimSequence AnimSequence_8 from package 00015902.upk
WARNING: BoolProperty "UAnimSequence::bIgnoreFootAimControl" was not found
WARNING: BoolProperty "UAnimSequence::bIgnoreAimControl" was not found
WARNING: BoolProperty "UAnimSequence::bServiced" was not found
Loading AnimSequence AnimSequence_9 from package 00015902.upk
WARNING: BoolProperty "UAnimSequence::bUseCustomAttachAnim" was not found
WARNING: BoolProperty "UAnimSequence::bServiced" was not found
Loading AnimSequence AnimSequence_0 from package 00015902.upk
WARNING: BoolProperty "UAnimSequence::bIgnoreFootAimControl" was not found
WARNING: BoolProperty "UAnimSequence::bIgnoreAimControl" was not found
WARNING: BoolProperty "UAnimSequence::bServiced" was not found
Loading AnimSequence AnimSequence_2 from package 00015902.upk
WARNING: BoolProperty "UAnimSequence::bUseCustomAttachAnim" was not found
WARNING: BoolProperty "UAnimSequence::bServiced" was not found
Loading AnimSequence AnimSequence_3 from package 00015902.upk
WARNING: BoolProperty "UAnimSequence::bIgnoreFootAimControl" was not found
WARNING: BoolProperty "UAnimSequence::bIgnoreAimControl" was not found
WARNING: BoolProperty "UAnimSequence::bServiced" was not found
Loading AnimSequence AnimSequence_5 from package 00015902.upk
WARNING: BoolProperty "UAnimSequence::bIgnoreFootAimControl" was not found
WARNING: BoolProperty "UAnimSequence::bIgnoreAimControl" was not found
WARNING: BoolProperty "UAnimSequence::bServiced" was not found
Loading AnimSequence AnimSequence_6 from package 00015902.upk
WARNING: BoolProperty "UAnimSequence::bUseCustomAttachAnim" was not found
WARNING: BoolProperty "UAnimSequence::bServiced" was not found
Loading AnimSequence AnimSequence_7 from package 00015902.upk
WARNING: BoolProperty "UAnimSequence::bIgnoreFootAimControl" was not found
WARNING: BoolProperty "UAnimSequence::bIgnoreAimControl" was not found
WARNING: BoolProperty "UAnimSequence::bServiced" was not found
Loading AnimSequence AnimSequence_8 from package 00015902.upk
WARNING: BoolProperty "UAnimSequence::bIgnoreFootAimControl" was not found
WARNING: BoolProperty "UAnimSequence::bIgnoreAimControl" was not found
WARNING: BoolProperty "UAnimSequence::bServiced" was not found
Loading AnimSequence AnimSequence_25 from package 00015902.upk
WARNING: BoolProperty "UAnimSequence::bIgnoreFootAimControl" was not found
WARNING: BoolProperty "UAnimSequence::bIgnoreAimControl" was not found
WARNING: BoolProperty "UAnimSequence::bServiced" was not found
Loading AnimSequence AnimSequence_27 from package 00015902.upk
WARNING: BoolProperty "UAnimSequence::bIgnoreFootAimControl" was not found
WARNING: BoolProperty "UAnimSequence::bIgnoreAimControl" was not found
WARNING: BoolProperty "UAnimSequence::bServiced" was not found
Loading AnimSequence AnimSequence_29 from package 00015902.upk
WARNING: BoolProperty "UAnimSequence::bUseCustomAttachAnim" was not found
WARNING: BoolProperty "UAnimSequence::bServiced" was not found
Loading AnimSequence AnimSequence_30 from package 00015902.upk
WARNING: BoolProperty "UAnimSequence::bIgnoreFootAimControl" was not found
WARNING: BoolProperty "UAnimSequence::bIgnoreAimControl" was not found
WARNING: BoolProperty "UAnimSequence::bServiced" was not found
Loading AnimSequence AnimSequence_34 from package 00015902.upk
WARNING: BoolProperty "UAnimSequence::bUseCustomAttachAnim" was not found
WARNING: BoolProperty "UAnimSequence::bServiced" was not found
Loading AnimSequence AnimSequence_0 from package 00015902.upk
WARNING: BoolProperty "UAnimSequence::bServiced" was not found
Loading AnimSequence AnimSequence_1 from package 00015902.upk
WARNING: BoolProperty "UAnimSequence::bIgnoreAimControl" was not found
WARNING: BoolProperty "UAnimSequence::bServiced" was not found
Loading AnimSequence AnimSequence_12 from package 00015902.upk
WARNING: BoolProperty "UAnimSequence::bIgnoreAimControl" was not found
WARNING: BoolProperty "UAnimSequence::bServiced" was not found
Loading AnimSequence AnimSequence_13 from package 00015902.upk
WARNING: BoolProperty "UAnimSequence::bIgnoreAimControl" was not found
WARNING: BoolProperty "UAnimSequence::bServiced" was not found
Loading AnimSequence AnimSequence_4 from package 00015902.upk
WARNING: BoolProperty "UAnimSequence::bUseCustomAttachAnim" was not found
WARNING: BoolProperty "UAnimSequence::bServiced" was not found
Loading AnimSequence AnimSequence_36 from package 00015902.upk
WARNING: BoolProperty "UAnimSequence::bIgnoreFootAimControl" was not found
WARNING: BoolProperty "UAnimSequence::bIgnoreAimControl" was not found
WARNING: BoolProperty "UAnimSequence::bServiced" was not found
Loading AnimSequence AnimSequence_39 from package 00015902.upk
WARNING: BoolProperty "UAnimSequence::bUseCustomAttachAnim" was not found
WARNING: BoolProperty "UAnimSequence::bServiced" was not found
Loading AnimSequence AnimSequence_40 from package 00015902.upk
WARNING: BoolProperty "UAnimSequence::bIgnoreAimControl" was not found
WARNING: BoolProperty "UAnimSequence::bServiced" was not found
Loading AnimSequence AnimSequence_42 from package 00015902.upk
WARNING: BoolProperty "UAnimSequence::bIgnoreAimControl" was not found
WARNING: BoolProperty "UAnimSequence::bServiced" was not found
Loading AnimSequence AnimSequence_43 from package 00015902.upk
WARNING: BoolProperty "UAnimSequence::bUseCustomAttachAnim" was not found
WARNING: BoolProperty "UAnimSequence::bServiced" was not found
Loading AnimSequence AnimSequence_1 from package 00015902.upk
WARNING: BoolProperty "UAnimSequence::bUseCustomAttachAnim" was not found
WARNING: BoolProperty "UAnimSequence::bServiced" was not found
Loading AnimSequence AnimSequence_44 from package 00015902.upk
WARNING: BoolProperty "UAnimSequence::bIgnoreFootAimControl" was not found
WARNING: BoolProperty "UAnimSequence::bIgnoreAimControl" was not found
WARNING: BoolProperty "UAnimSequence::bServiced" was not found
Loading AnimSequence AnimSequence_46 from package 00015902.upk
WARNING: BoolProperty "UAnimSequence::bIgnoreFootAimControl" was not found
WARNING: BoolProperty "UAnimSequence::bIgnoreAimControl" was not found
WARNING: BoolProperty "UAnimSequence::bServiced" was not found
Loading AnimSequence AnimSequence_48 from package 00015902.upk
WARNING: BoolProperty "UAnimSequence::bIgnoreFootAimControl" was not found
WARNING: BoolProperty "UAnimSequence::bIgnoreAimControl" was not found
WARNING: BoolProperty "UAnimSequence::bServiced" was not found
Loading AnimSequence AnimSequence_49 from package 00015902.upk
WARNING: BoolProperty "UAnimSequence::bIgnoreFootAimControl" was not found
WARNING: BoolProperty "UAnimSequence::bIgnoreAimControl" was not found
WARNING: BoolProperty "UAnimSequence::bServiced" was not found
Loading AnimSequence AnimSequence_51 from package 00015902.upk
WARNING: BoolProperty "UAnimSequence::bIgnoreAimControl" was not found
WARNING: BoolProperty "UAnimSequence::bServiced" was not found
Loading AnimSequence AnimSequence_52 from package 00015902.upk
WARNING: BoolProperty "UAnimSequence::bUseCustomAttachAnim" was not found
WARNING: BoolProperty "UAnimSequence::bServiced" was not found
Loading AnimSequence AnimSequence_2 from package 00015902.upk
WARNING: BoolProperty "UAnimSequence::bIgnoreFootAimControl" was not found
WARNING: BoolProperty "UAnimSequence::bIgnoreAimControl" was not found
WARNING: BoolProperty "UAnimSequence::bServiced" was not found
Loading AnimSequence AnimSequence_4 from package 00015902.upk
WARNING: BoolProperty "UAnimSequence::bIgnoreFootAimControl" was not found
WARNING: BoolProperty "UAnimSequence::bServiced" was not found
Loading AnimSequence AnimSequence_53 from package 00015902.upk
WARNING: BoolProperty "UAnimSequence::bIgnoreFootAimControl" was not found
WARNING: BoolProperty "UAnimSequence::bIgnoreAimControl" was not found
WARNING: BoolProperty "UAnimSequence::bServiced" was not found
Loading AnimSequence AnimSequence_56 from package 00015902.upk
WARNING: BoolProperty "UAnimSequence::bUseCustomAttachAnim" was not found
WARNING: BoolProperty "UAnimSequence::bIgnoreFootAimControl" was not found
WARNING: BoolProperty "UAnimSequence::bServiced" was not found
Loading AnimSequence AnimSequence_57 from package 00015902.upk
WARNING: BoolProperty "UAnimSequence::bIgnoreFootAimControl" was not found
WARNING: BoolProperty "UAnimSequence::bIgnoreAimControl" was not found
WARNING: BoolProperty "UAnimSequence::bServiced" was not found
Loading AnimSequence AnimSequence_60 from package 00015902.upk
WARNING: BoolProperty "UAnimSequence::bIgnoreFootAimControl" was not found
WARNING: BoolProperty "UAnimSequence::bIgnoreAimControl" was not found
WARNING: BoolProperty "UAnimSequence::bServiced" was not found
Loading AnimSequence AnimSequence_61 from package 00015902.upk
WARNING: BoolProperty "UAnimSequence::bUseCustomAttachAnim" was not found
WARNING: BoolProperty "UAnimSequence::bServiced" was not found
Error: Command failed: ******** 00015902 ********
*** unknown member ACF_ZOnlyRLE of enum AnimationCompressionFormat
*** unknown member ACF_ZOnlyRLE of enum AnimationCompressionFormat
*** unknown member ACF_ZOnlyRLE of enum AnimationCompressionFormat
*** unknown member ACF_ZOnlyRLE of enum AnimationCompressionFormat
*** unknown member ACF_ZOnlyRLE of enum AnimationCompressionFormat
*** unknown member ACF_ZOnlyRLE of enum AnimationCompressionFormat
*** unknown member ACF_ZOnlyRLE of enum AnimationCompressionFormat
*** unknown member ACF_ZOnlyRLE of enum AnimationCompressionFormat
*** unknown member ACF_ZOnlyRLE of enum AnimationCompressionFormat
*** unknown member ACF_ZOnlyRLE of enum AnimationCompressionFormat
*** unknown member ACF_ZOnlyRLE of enum AnimationCompressionFormat
*** unknown member ACF_ZOnlyRLE of enum AnimationCompressionFormat
*** unknown member ACF_ZOnlyRLE of enum AnimationCompressionFormat
*** unknown member ACF_ZOnlyRLE of enum AnimationCompressionFormat
*** unknown member ACF_ZOnlyRLE of enum AnimationCompressionFormat
*** unknown member ACF_ZOnlyRLE of enum AnimationCompressionFormat
*** unknown member ACF_ZOnlyRLE of enum AnimationCompressionFormat
*** unknown member ACF_ZOnlyRLE of enum AnimationCompressionFormat
*** unknown member ACF_ZOnlyRLE of enum AnimationCompressionFormat
*** unknown member ACF_ZOnlyRLE of enum AnimationCompressionFormat
*** unknown member ACF_ZOnlyRLE of enum AnimationCompressionFormat
*** unknown member ACF_ZOnlyRLE of enum AnimationCompressionFormat
*** unknown member ACF_ZOnlyRLE of enum AnimationCompressionFormat
*** unknown member ACF_ZOnlyRLE of enum AnimationCompressionFormat
*** unknown member ACF_ZOnlyRLE of enum AnimationCompressionFormat
*** unknown member ACF_ZOnlyRLE of enum AnimationCompressionFormat
*** unknown member ACF_ZOnlyRLE of enum AnimationCompressionFormat
*** unknown member ACF_ZOnlyRLE of enum AnimationCompressionFormat
*** unknown member ACF_ZOnlyRLE of enum AnimationCompressionFormat
*** unknown member ACF_ZOnlyRLE of enum AnimationCompressionFormat
*** unknown member ACF_ZOnlyRLE of enum AnimationCompressionFormat
*** unknown member ACF_ZOnlyRLE of enum AnimationCompressionFormat
*** unknown member ACF_ZOnlyRLE of enum AnimationCompressionFormat
*** unknown member ACF_ZOnlyRLE of enum AnimationCompressionFormat
*** unknown member ACF_ZOnlyRLE of enum AnimationCompressionFormat
*** unknown member ACF_ZOnlyRLE of enum AnimationCompressionFormat
*** unknown member ACF_ZOnlyRLE of enum AnimationCompressionFormat
*** unknown member ACF_ZOnlyRLE of enum AnimationCompressionFormat
*** unknown member ACF_ZOnlyRLE of enum AnimationCompressionFormat
*** unknown member ACF_ZOnlyRLE of enum AnimationCompressionFormat
*** unknown member ACF_ZOnlyRLE of enum AnimationCompressionFormat
*** unknown member ACF_ZOnlyRLE of enum AnimationCompressionFormat
*** unknown member ACF_ZOnlyRLE of enum AnimationCompressionFormat
*** unknown member ACF_ZOnlyRLE of enum AnimationCompressionFormat
*** unknown member ACF_ZOnlyRLE of enum AnimationCompressionFormat
*** unknown member ACF_ZOnlyRLE of enum AnimationCompressionFormat
*** unknown member ACF_ZOnlyRLE of enum AnimationCompressionFormat
*** unknown member ACF_ZOnlyRLE of enum AnimationCompressionFormat
*** unknown member ACF_ZOnlyRLE of enum AnimationCompressionFormat
*** unknown member ACF_ZOnlyRLE of enum AnimationCompressionFormat
*** unknown member ACF_ZOnlyRLE of enum AnimationCompressionFormat
*** unknown member ACF_ZOnlyRLE of enum AnimationCompressionFormat
*** unknown member ACF_ZOnlyRLE of enum AnimationCompressionFormat
*** unknown member ACF_ZOnlyRLE of enum AnimationCompressionFormat
*** unknown member ACF_ZOnlyRLE of enum AnimationCompressionFormat
*** unknown member ACF_ZOnlyRLE of enum AnimationCompressionFormat
*** unknown member ACF_ZOnlyRLE of enum AnimationCompressionFormat
*** unknown member ACF_ZOnlyRLE of enum AnimationCompressionFormat
*** unknown member ACF_ZOnlyRLE of enum AnimationCompressionFormat
*** unknown member ACF_ZOnlyRLE of enum AnimationCompressionFormat
*** unknown member ACF_ZOnlyRLE of enum AnimationCompressionFormat
*** unknown member ACF_ZOnlyRLE of enum AnimationCompressionFormat
*** unknown member ACF_ZOnlyRLE of enum AnimationCompressionFormat
*** unknown member ACF_ZOnlyRLE of enum AnimationCompressionFormat
*** unknown member ACF_ZOnlyRLE of enum AnimationCompressionFormat
*** unknown member ACF_ZOnlyRLE of enum AnimationCompressionFormat
*** unknown member ACF_ZOnlyRLE of enum AnimationCompressionFormat
*** unknown member ACF_ZOnlyRLE of enum AnimationCompressionFormat
*** unknown member ACF_ZOnlyRLE of enum AnimationCompressionFormat
*** unknown member ACF_ZOnlyRLE of enum AnimationCompressionFormat
*** unknown member ACF_ZOnlyRLE of enum AnimationCompressionFormat
*** unknown member ACF_ZOnlyRLE of enum AnimationCompressionFormat
*** unknown member ACF_ZOnlyRLE of enum AnimationCompressionFormat
*** unknown member ACF_ZOnlyRLE of enum AnimationCompressionFormat
*** unknown member ACF_ZOnlyRLE of enum AnimationCompressionFormat
*** unknown member ACF_ZOnlyRLE of enum AnimationCompressionFormat
*** unknown member ACF_ZOnlyRLE of enum AnimationCompressionFormat
*** unknown member ACF_ZOnlyRLE of enum AnimationCompressionFormat
*** unknown member ACF_ZOnlyRLE of enum AnimationCompressionFormat
*** unknown member ACF_ZOnlyRLE of enum AnimationCompressionFormat
*** unknown member ACF_ZOnlyRLE of enum AnimationCompressionFormat
*** unknown member ACF_ZOnlyRLE of enum AnimationCompressionFormat
*** unknown member ACF_ZOnlyRLE of enum AnimationCompressionFormat
*** unknown member ACF_ZOnlyRLE of enum AnimationCompressionFormat
*** unknown member ACF_ZOnlyRLE of enum AnimationCompressionFormat
*** unknown member ACF_ZOnlyRLE of enum AnimationCompressionFormat
*** unknown member ACF_ZOnlyRLE of enum AnimationCompressionFormat
*** unknown member ACF_ZOnlyRLE of enum AnimationCompressionFormat
*** ERROR: Unknown rotation compression method: 255
UAnimSet::ConvertAnims <- PostLoad:Idle_Social_ForceMaster_F_Animset <- UObject::EndLoad <- LoadWholePackage:00015902 <- Main


    at ChildProcess.exithandler (child_process.js:637:15)
    at ChildProcess.EventEmitter.emit (events.js:98:17)
    at maybeClose (child_process.js:743:16)
    at Process.ChildProcess._handle.onexit (child_process.js:810:5)