Found 27000 game files (27 skipped)
Loading package: 00019827.upk Ver: 573/1 Engine: 4205 Names: 1073 Exports: 11375 Imports: 130 Game: 801A
Loading Texture2D Game_DragonJadeRefinementScene_Preview from package 00019827.upk
Loading Texture2D Game_DragonJadeShopScene_Preview from package 00019827.upk
Loading Texture2D Game_TencentIngameShopScene_Preview from package 00019827.upk
Loaded in 0.05 sec, 1106 allocs, 0.86 MBytes serialized in 209088 calls.

Object info:
============
ClassName: Texture2D ObjectName: Game_DragonJadeRefinementScene_Preview

    SizeX = 256
    SizeY = 256
    Format = PF_DXT1 (5)
    AddressX = TA_Wrap (0)
    AddressY = TA_Wrap (0)
    TextureFileCacheName = None
    MipTailBaseIdx = 0
    bForcePVRTC4 = false
    UnpackMin[4] = { 0, 0, 0, 0 }
    UnpackMax[4] = { 1, 1, 1, 1 }

Object info:
============
ClassName: Texture2D ObjectName: Game_DragonJadeShopScene_Preview

    SizeX = 256
    SizeY = 256
    Format = PF_DXT1 (5)
    AddressX = TA_Wrap (0)
    AddressY = TA_Wrap (0)
    TextureFileCacheName = None
    MipTailBaseIdx = 0
    bForcePVRTC4 = false
    UnpackMin[4] = { 0, 0, 0, 0 }
    UnpackMax[4] = { 1, 1, 1, 1 }

Object info:
============
ClassName: Texture2D ObjectName: Game_TencentIngameShopScene_Preview

    SizeX = 256
    SizeY = 256
    Format = PF_DXT1 (5)
    AddressX = TA_Wrap (0)
    AddressY = TA_Wrap (0)
    TextureFileCacheName = None
    MipTailBaseIdx = 0
    bForcePVRTC4 = false
    UnpackMin[4] = { 0, 0, 0, 0 }
    UnpackMax[4] = { 1, 1, 1, 1 }
