Found 21975 game files (132 skipped)
Loading package: 00018853.upk Ver: 573/1 Engine: 4205 Names: 97 Exports: 13 Imports: 14 Game: 801A
Loading SkeletalMesh3 040056_GonM from package 00018853.upk
Loading package: 00009773.upk Ver: 573/1 Engine: 4205 Names: 50 Exports: 1 Imports: 14 Game: 801A
Loading package: 00018031.upk Ver: 573/1 Engine: 4205 Names: 107 Exports: 3 Imports: 28 Game: 801A
Loading MaterialInstanceConstant col1 from package 00009773.upk
Loading package: 00009772.upk Ver: 573/1 Engine: 4205 Names: 32 Exports: 4 Imports: 4 Game: 801A
Loading package: 00002620.upk Ver: 573/1 Engine: 4205 Names: 560 Exports: 6612 Imports: 96 Game: 801A
Loading MaterialInstanceConstant col1_1 from package 00018031.upk
Loading package: 00018032.upk Ver: 573/1 Engine: 4205 Names: 32 Exports: 4 Imports: 2 Game: 801A
Loading package: 00002640.upk Ver: 573/1 Engine: 4205 Names: 340 Exports: 556 Imports: 5 Game: 801A
Loading Texture2D GonM_012_col1_n from package 00009772.upk
WARNING: BoolProperty "UTexture2D::bDisableLoadSwitch" was not found
Loading Texture2D GonM_012_col1_d from package 00009772.upk
Loading Material3 Beard_Fur from package 00002620.upk
Loading package: 00012963.upk Ver: 573/1 Engine: 4205 Names: 1236 Exports: 1211 Imports: 10 Game: 801A
Loading Texture2D 040056_JinM_col1_N from package 00018032.upk
Loading Texture2D 040056_JinM_col1_M from package 00018032.upk
Loading Texture2D 040056_JinM_col1_D from package 00018032.upk
Loading Texture2D 040056_JinM_col1_S from package 00018032.upk
Loading TextureCube lenscube from package 00002640.upk
Loading Texture2D check from package 00002620.upk
Loading Material3 Basic from package 00002620.upk
Loading Texture2D check_n from package 00002620.upk
Loading Texture2D Noise_Glass_000 from package 00012963.upk
Loading Texture2D Smoke_Pattern_001 from package 00012963.upk
Loading Texture2D Gradient_Wipe_BurnOut_Mask_TEST from package 00012963.upk
Loading Texture2D Gradient_Wipe_BurnOut_Mask from package 00012963.upk
Loading Texture2D Gradient_Line_003 from package 00012963.upk
Loading Texture2D CubemapFace0 from package 00002640.upk
Loading Texture2D CubemapFace1 from package 00002640.upk
Loading Texture2D CubemapFace2 from package 00002640.upk
Loading Texture2D CubemapFace3 from package 00002640.upk
Loading Texture2D CubemapFace4 from package 00002640.upk
Loading Texture2D CubemapFace5 from package 00002640.upk
Loaded in 0.14 sec, 3081 allocs, 1.49 MBytes serialized in 193767 calls.

Object info:
============
ClassName: SkeletalMesh3 ObjectName: 040056_GonM

    LODInfo[1] =
    {
        LODInfo[0] =
        {
            DisplayFactor = 0
            LODHysteresis = 0.02
            LODMaterialMap[0] = {}
            bEnableShadowCasting[2] = { true, true }
        }
    }
    Sockets[0] = {}
    bHasVertexColors = false
    EnableTwistBoneFixers = true
    EnableClavicleFixer = true
    Materials[2] = { MaterialInstanceConstant'col1', MaterialInstanceConstant'col1_1' }


    Lods[1] =
    {
        Lods[0] =
        {
            Sections[2] =
            {
                Sections[0] = { Material=MaterialInstanceConstant'col1', FirstIndex=0, NumFaces=385 }
                Sections[1] = { Material=MaterialInstanceConstant'col1_1', FirstIndex=1155, NumFaces=786 }
            }
            NumVerts = 853
            IndexCount = 3513
            NumTexCoords = 1
        }
    }
    LodCount = 1
    MeshOrigin = { X=-0, Y=-0, Z=-0 }
    MeshScale = { X=1, Y=1, Z=1 }
    RotOrigin = { Yaw=0, Pitch=0, Roll=0 }
    BoneCount = 11
