Found 16186 game files (0 skipped)
Loading package: 00018650.upk Ver: 573/1 Engine: 4205 Names: 52 Exports: 1 Imports: 14 Game: 801A
Loading MaterialInstanceConstant col1 from package 00018650.upk
Loading package: 00018649.upk Ver: 573/1 Engine: 4205 Names: 31 Exports: 3 Imports: 6 Game: 801A
Loading package: 00002620.upk Ver: 573/1 Engine: 4205 Names: 500 Exports: 5733 Imports: 89 Game: 801A
Loading Texture2D JinM_038_col1_N from package 00018649.upk
Loading Texture2D JinM_038_col1_D from package 00018649.upk
Loading Material3 Beard_Fur from package 00002620.upk
Loading package: 00012963.upk Ver: 573/1 Engine: 4205 Names: 1199 Exports: 1162 Imports: 10 Game: 801A
Loading Texture2D check_n from package 00002620.upk
Loading Texture2D Noise_Glass_000 from package 00012963.upk
Loading Texture2D Smoke_Pattern_001 from package 00012963.upk
Loading Texture2D Gradient_Wipe_BurnOut_Mask_TEST from package 00012963.upk
Loading Texture2D Gradient_Wipe_BurnOut_Mask from package 00012963.upk
Loading Texture2D check from package 00002620.upk
Loading Texture2D Gradient_Line_003 from package 00012963.upk
Loaded in 0.068 sec, 2067 allocs, 1.62 MBytes serialized in 132623 calls.

Object info:
============
ClassName: MaterialInstanceConstant ObjectName: col1

    ScalarParameterValues[5] =
    {
        ScalarParameterValues[0] = { ParameterName=long, ParameterValue=0.4 }
        ScalarParameterValues[1] = { ParameterName=Hair_Glossiness, ParameterValue=10 }
        ScalarParameterValues[2] = { ParameterName=Fresnel Value, ParameterValue=0.6 }
        ScalarParameterValues[3] = { ParameterName=Fresnel exponent, ParameterValue=6 }
        ScalarParameterValues[4] = { ParameterName=Specular_value, ParameterValue=0.3 }
    }
    TextureParameterValues[2] =
    {
        TextureParameterValues[0] = { ParameterName=Hair_normal, ParameterValue=Texture2D'JinM_038_col1_N' }
        TextureParameterValues[1] = { ParameterName=Hair_Diffuse, ParameterValue=Texture2D'JinM_038_col1_D' }
    }
    VectorParameterValues[6] =
    {
        VectorParameterValues[0] =
        {
            ParameterName = Mesh_trangition
            ParameterValue = { R=0.923993, G=0.923993, B=0.923993, A=1 }
        }
        VectorParameterValues[1] =
        {
            ParameterName = hair_color_S
            ParameterValue = { R=0.899385, G=0.796917, B=0.353741, A=1 }
        }
        VectorParameterValues[2] =
        {
            ParameterName = hair_color_L
            ParameterValue = { R=0.320382, G=0.201096, B=0.093876, A=1 }
        }
        VectorParameterValues[3] =
        {
            ParameterName = hair_color_D
            ParameterValue = { R=0.026549, G=0.014311, B=0.014311, A=1 }
        }
        VectorParameterValues[4] =
        {
            ParameterName = Fresnel_color
            ParameterValue = { R=0, G=0, B=0, A=1 }
        }
        VectorParameterValues[5] =
        {
            ParameterName = Fresnel_Power
            ParameterValue = { R=0, G=0, B=0, A=1 }
        }
    }
    Parent = Material3'Beard_Fur'
    FlattenedTexture = None
    MobileBaseTexture = None
    MobileNormalTexture = None
    bUseMobileSpecular = false
    MobileSpecularPower = 16
    MobileSpecularMask = MSM_Constant (0)
    MobileMaskTexture = None
