Found 18875 game files (36 skipped)
Loading package: 00012770.upk Ver: 573/1 Engine: 4205 Names: 89 Exports: 2 Imports: 24 Game: 801A
Loading MaterialInstanceConstant Col3 from package 00012770.upk
Loading package: 00002640.upk Ver: 573/1 Engine: 4205 Names: 340 Exports: 556 Imports: 5 Game: 801A
Loading package: 00002620.upk Ver: 573/1 Engine: 4205 Names: 560 Exports: 6612 Imports: 96 Game: 801A
Loading package: 00011232.upk Ver: 573/1 Engine: 4205 Names: 39 Exports: 11 Imports: 2 Game: 801A
Loading TextureCube MatelR6 from package 00002640.upk
Loading Texture2D check from package 00002620.upk
Loading Texture2D Weapon_060020_col3_s from package 00011232.upk
Loading Texture2D Weapon_060020_col1_N from package 00011232.upk
Loading Texture2D Weapon_060020_col3_m from package 00011232.upk
Loading Texture2D Weapon_060020_col3_d from package 00011232.upk
Loading TextureCube IllusionV2 from package 00002640.upk
Loading Material3 Basic_Bead from package 00002620.upk
Loading package: 00012963.upk Ver: 573/1 Engine: 4205 Names: 1219 Exports: 1194 Imports: 10 Game: 801A
Loading Texture2D CubemapFace0 from package 00002640.upk
Loading Texture2D CubemapFace1 from package 00002640.upk
Loading Texture2D CubemapFace2 from package 00002640.upk
Loading Texture2D CubemapFace3 from package 00002640.upk
Loading Texture2D CubemapFace4 from package 00002640.upk
Loading Texture2D CubemapFace5 from package 00002640.upk
Loading Texture2D CubemapFace0 from package 00002640.upk
Loading Texture2D CubemapFace1 from package 00002640.upk
Loading Texture2D CubemapFace2 from package 00002640.upk
Loading Texture2D CubemapFace3 from package 00002640.upk
Loading Texture2D CubemapFace4 from package 00002640.upk
Loading Texture2D CubemapFace5 from package 00002640.upk
Loading Texture2D check_n from package 00002620.upk
Loading Texture2D Noise_Glass_000 from package 00012963.upk
Loading Texture2D Smoke_Pattern_001 from package 00012963.upk
Loading Texture2D Gradient_Wipe_BurnOut_Mask_TEST from package 00012963.upk
Loading Texture2D Gradient_Wipe_BurnOut_Mask from package 00012963.upk
Loading Texture2D Gradient_Line_003 from package 00012963.upk
Loading TextureCube Cube_D from package 00002640.upk
Loading Texture2D CubemapFace0 from package 00002640.upk
Loading Texture2D CubemapFace1 from package 00002640.upk
Loading Texture2D CubemapFace2 from package 00002640.upk
Loading Texture2D CubemapFace3 from package 00002640.upk
Loading Texture2D CubemapFace4 from package 00002640.upk
Loading Texture2D CubemapFace5 from package 00002640.upk
Loaded in 0.14 sec, 2998 allocs, 1.00 MBytes serialized in 164219 calls.

Object info:
============
ClassName: MaterialInstanceConstant ObjectName: Col3

    ScalarParameterValues[11] =
    {
        ScalarParameterValues[0] = { ParameterName=Reflection_Fresnel exponent, ParameterValue=5 }
        ScalarParameterValues[1] = { ParameterName=Emissive_value, ParameterValue=1 }
        ScalarParameterValues[2] = { ParameterName=Emissive_value2, ParameterValue=0 }
        ScalarParameterValues[3] = { ParameterName=Specular_value, ParameterValue=2.5 }
        ScalarParameterValues[4] = { ParameterName=Glossiness2, ParameterValue=25 }
        ScalarParameterValues[5] = { ParameterName=Glossiness1, ParameterValue=2 }
        ScalarParameterValues[6] = { ParameterName=Transmission_value, ParameterValue=2 }
        ScalarParameterValues[7] = { ParameterName=HighLight_glossiness, ParameterValue=100 }
        ScalarParameterValues[8] = { ParameterName=HighLight_Value, ParameterValue=5 }
        ScalarParameterValues[9] = { ParameterName=Reflection_OUT_value, ParameterValue=5 }
        ScalarParameterValues[10] = { ParameterName=Reflection_IN_value, ParameterValue=0.2 }
    }
    TextureParameterValues[7] =
    {
        TextureParameterValues[0] = { ParameterName=rf_cube, ParameterValue=TextureCube'MatelR6' }
        TextureParameterValues[1] = { ParameterName=Emissive, ParameterValue=Texture2D'check' }
        TextureParameterValues[2] = { ParameterName=Specular, ParameterValue=Texture2D'Weapon_060020_col3_s' }
        TextureParameterValues[3] = { ParameterName=Normal, ParameterValue=Texture2D'Weapon_060020_col1_N' }
        TextureParameterValues[4] = { ParameterName=Mask_GB, ParameterValue=Texture2D'Weapon_060020_col3_m' }
        TextureParameterValues[5] = { ParameterName=Diffuse, ParameterValue=Texture2D'Weapon_060020_col3_d' }
        TextureParameterValues[6] = { ParameterName=Illusion_cube, ParameterValue=TextureCube'IllusionV2' }
    }
    VectorParameterValues[6] =
    {
        VectorParameterValues[0] =
        {
            ParameterName = Reflection_value
            ParameterValue = { R=0.859174, G=0.737205, B=0.227137, A=1 }
        }
        VectorParameterValues[1] =
        {
            ParameterName = Fresnel_Power
            ParameterValue = { R=0, G=0, B=0, A=1 }
        }
        VectorParameterValues[2] =
        {
            ParameterName = Fresnel_color
            ParameterValue = { R=0, G=0, B=0, A=1 }
        }
        VectorParameterValues[3] =
        {
            ParameterName = HighLight_Color
            ParameterValue = { R=0.493616, G=0.796917, B=0.891262, A=1 }
        }
        VectorParameterValues[4] =
        {
            ParameterName = Mesh_trangition
            ParameterValue = { R=0, G=0, B=0, A=1 }
        }
        VectorParameterValues[5] =
        {
            ParameterName = Illusion_Color
            ParameterValue = { R=0.054592, G=0.193972, B=0.63878, A=1 }
        }
    }
    Parent = Material3'Basic_Bead'
    FlattenedTexture = None
    MobileBaseTexture = None
    MobileNormalTexture = None
    bUseMobileSpecular = false
    MobileSpecularPower = 16
    MobileSpecularMask = MSM_Constant (0)
    MobileMaskTexture = None
