Found 18875 game files (36 skipped)
Loading package: 00018342.upk Ver: 573/1 Engine: 4205 Names: 127 Exports: 17 Imports: 18 Game: 801A
Loading AnimSet Item_0042_Anim from package 00018342.upk
WARNING: BoolProperty "UAnimSet::bServiced" was not found
WARNING: ArrayProperty "UAnimSet::AdjustAniScaleBoneNames" was not found
Loading AnimSequence AnimSequence_54 from package 00018342.upk
WARNING: BoolProperty "UAnimSequence::bServiced" was not found
Loading SkeletalMesh3 Item_0042 from package 00018342.upk
WARNING: ObjectProperty "USkeletalMesh3::PlaySoundSet" was not found
Loading package: 00018341.upk Ver: 573/1 Engine: 4205 Names: 85 Exports: 1 Imports: 21 Game: 801A
Loading MaterialInstanceConstant col1 from package 00018341.upk
Loading package: 00018340.upk Ver: 573/1 Engine: 4205 Names: 33 Exports: 5 Imports: 2 Game: 801A
Loading package: 00002640.upk Ver: 573/1 Engine: 4205 Names: 340 Exports: 556 Imports: 5 Game: 801A
Loading package: 00002620.upk Ver: 573/1 Engine: 4205 Names: 560 Exports: 6612 Imports: 96 Game: 801A
Loading Texture2D item_0042_n from package 00018340.upk
Loading Texture2D item_0042_m from package 00018340.upk
Loading Texture2D item_0042_d from package 00018340.upk
Loading Texture2D item_0042_s from package 00018340.upk
Loading TextureCube Cube_Suicide2 from package 00002640.upk
Loading Texture2D item_0042_e from package 00018340.upk
Loading Material3 Basic_view_reflect from package 00002620.upk
Loading package: 00012963.upk Ver: 573/1 Engine: 4205 Names: 1219 Exports: 1194 Imports: 10 Game: 801A
Loading Texture2D CubemapFace0 from package 00002640.upk
Loading Texture2D CubemapFace1 from package 00002640.upk
Loading Texture2D CubemapFace2 from package 00002640.upk
Loading Texture2D CubemapFace3 from package 00002640.upk
Loading Texture2D CubemapFace4 from package 00002640.upk
Loading Texture2D CubemapFace5 from package 00002640.upk
Loading Texture2D check_n from package 00002620.upk
Loading Texture2D Noise_Glass_000 from package 00012963.upk
Loading Texture2D Smoke_Pattern_001 from package 00012963.upk
Loading Texture2D Gradient_Wipe_BurnOut_Mask_TEST from package 00012963.upk
Loading Texture2D Gradient_Wipe_BurnOut_Mask from package 00012963.upk
Loading Texture2D check from package 00002620.upk
Loading Texture2D Gradient_Line_003 from package 00012963.upk
Error: Command failed: ******** 00018342 ********
*** unknown member ACF_ZOnlyRLE of enum AnimationCompressionFormat
*** ERROR: Unknown rotation compression method: 255
UAnimSet::ConvertAnims <- PostLoad:Item_0042_Anim <- UObject::EndLoad <- LoadWholePackage:00018342 <- Main


    at ChildProcess.exithandler (child_process.js:637:15)
    at ChildProcess.EventEmitter.emit (events.js:98:17)
    at maybeClose (child_process.js:743:16)
    at Process.ChildProcess._handle.onexit (child_process.js:810:5)