Found 16187 game files (144 skipped)
Loading package: 00014070.upk Ver: 573/1 Engine: 4205 Names: 89 Exports: 1 Imports: 22 Game: 801A
Loading MaterialInstanceConstant col1 from package 00014070.upk
Loading package: 00008545.upk Ver: 573/1 Engine: 4205 Names: 42 Exports: 14 Imports: 2 Game: 801A
Loading package: 00014071.upk Ver: 573/1 Engine: 4205 Names: 24 Exports: 3 Imports: 2 Game: 801A
Loading package: 00002640.upk Ver: 573/1 Engine: 4205 Names: 340 Exports: 556 Imports: 5 Game: 801A
Loading package: 00008546.upk Ver: 573/1 Engine: 4205 Names: 178 Exports: 263 Imports: 47 Game: 801A
Loading Texture2D Nm from package 00008545.upk
Loading Texture2D Mm from package 00008545.upk
Loading Texture2D Dm from package 00014071.upk
Loading Texture2D SM from package 00014071.upk
Loading TextureCube cube_orb from package 00002640.upk
Loading Texture2D Em from package 00014071.upk
Loading Material3 Basic_summon_Fx from package 00008546.upk
Loading package: 00002620.upk Ver: 573/1 Engine: 4205 Names: 500 Exports: 5733 Imports: 89 Game: 801A
Loading package: 00012963.upk Ver: 573/1 Engine: 4205 Names: 1199 Exports: 1162 Imports: 10 Game: 801A
Loading Texture2D CubemapFace0 from package 00002640.upk
Loading Texture2D CubemapFace1 from package 00002640.upk
Loading Texture2D CubemapFace2 from package 00002640.upk
Loading Texture2D CubemapFace3 from package 00002640.upk
Loading Texture2D CubemapFace4 from package 00002640.upk
Loading Texture2D CubemapFace5 from package 00002640.upk
Loading Texture2D check_n from package 00002620.upk
Loading Texture2D Smoke_Pattern_001 from package 00012963.upk
Loading Texture2D Gradient_Wipe_BurnOut_Mask_TEST from package 00012963.upk
Loading Texture2D Gradient_Wipe_BurnOut_Mask from package 00012963.upk
Loading Texture2D check from package 00002620.upk
Loading Texture2D Gradient_Line_003 from package 00012963.upk
Loaded in 0.1 sec, 2900 allocs, 1.63 MBytes serialized in 151553 calls.

Object info:
============
ClassName: MaterialInstanceConstant ObjectName: col1

    ScalarParameterValues[10] =
    {
        ScalarParameterValues[0] = { ParameterName=Transmission_value, ParameterValue=0.5 }
        ScalarParameterValues[1] = { ParameterName=Glossiness1, ParameterValue=20 }
        ScalarParameterValues[2] = { ParameterName=Glossiness2, ParameterValue=3 }
        ScalarParameterValues[3] = { ParameterName=Specular_value, ParameterValue=2 }
        ScalarParameterValues[4] = { ParameterName=HighLight_Value, ParameterValue=2 }
        ScalarParameterValues[5] = { ParameterName=HighLight_glossiness, ParameterValue=80 }
        ScalarParameterValues[6] = { ParameterName=Emissive_value, ParameterValue=10 }
        ScalarParameterValues[7] = { ParameterName=Emissive_value2, ParameterValue=15 }
        ScalarParameterValues[8] = { ParameterName=Fresnel Value, ParameterValue=30 }
        ScalarParameterValues[9] = { ParameterName=Fresnel exponent, ParameterValue=30 }
    }
    TextureParameterValues[7] =
    {
        TextureParameterValues[0] = { ParameterName=Normal, ParameterValue=Texture2D'Nm' }
        TextureParameterValues[1] = { ParameterName=Mask_GB, ParameterValue=Texture2D'Mm' }
        TextureParameterValues[2] = { ParameterName=Diffuse, ParameterValue=Texture2D'Dm' }
        TextureParameterValues[3] = { ParameterName=Specular, ParameterValue=Texture2D'SM' }
        TextureParameterValues[4] = { ParameterName=rf_cube, ParameterValue=TextureCube'cube_orb' }
        TextureParameterValues[5] = { ParameterName=Emissive, ParameterValue=Texture2D'Em' }
        TextureParameterValues[6] = { ParameterName=Mask_FX_Texture, ParameterValue=None }
    }
    VectorParameterValues[6] =
    {
        VectorParameterValues[0] =
        {
            ParameterName = Reflection_value
            ParameterValue = { R=0.042987, G=0.042987, B=0.042987, A=1 }
        }
        VectorParameterValues[1] =
        {
            ParameterName = Summon_Burn
            ParameterValue = { R=0, G=0, B=0, A=1 }
        }
        VectorParameterValues[2] =
        {
            ParameterName = Burn_Color
            ParameterValue = { R=0, G=0, B=0, A=1 }
        }
        VectorParameterValues[3] =
        {
            ParameterName = Mesh_trangition
            ParameterValue = { R=0, G=0, B=0, A=1 }
        }
        VectorParameterValues[4] =
        {
            ParameterName = Fresnel_Power
            ParameterValue = { R=0, G=0, B=0, A=1 }
        }
        VectorParameterValues[5] =
        {
            ParameterName = Fresnel_color
            ParameterValue = { R=0, G=0, B=0, A=1 }
        }
    }
    Parent = Material3'Basic_summon_Fx'
    FlattenedTexture = None
    MobileBaseTexture = None
    MobileNormalTexture = None
    bUseMobileSpecular = false
    MobileSpecularPower = 16
    MobileSpecularMask = MSM_Constant (0)
    MobileMaskTexture = None
