Found 27000 game files (27 skipped)
Loading package: 00018345.upk Ver: 573/1 Engine: 4205 Names: 97 Exports: 14 Imports: 19 Game: 801A
Loading SkeletalMesh3 010144_Autoscale from package 00018345.upk
WARNING: ObjectProperty "USkeletalMesh3::MeshFactorSet" was not found
WARNING: ObjectProperty "USkeletalMesh3::PhysMaterialOverride" was not found
Loading package: 00018829.upk Ver: 573/1 Engine: 4205 Names: 90 Exports: 1 Imports: 20 Game: 801A
Loading MaterialInstanceConstant col3 from package 00018829.upk
Loading package: 00018344.upk Ver: 573/1 Engine: 4205 Names: 48 Exports: 16 Imports: 2 Game: 801A
Loading package: 00002640.upk Ver: 573/1 Engine: 4205 Names: 340 Exports: 556 Imports: 5 Game: 801A
Loading package: 00002620.upk Ver: 573/1 Engine: 4205 Names: 560 Exports: 6612 Imports: 96 Game: 801A
Loading Texture2D 010144_Autoscale_col1_N from package 00018344.upk
Loading Texture2D 010144_Autoscale_col3_M from package 00018344.upk
Loading Texture2D 010144_Autoscale_col3_D from package 00018344.upk
Loading Texture2D 010144_Autoscale_col3_S from package 00018344.upk
Loading TextureCube lenscube from package 00002640.upk
Loading Texture2D 120032_Autoscale_col3_E from package 00018344.upk
WARNING: ByteProperty "UTexture2D::ManualLoadSwitchSettings" was not found
Loading Material3 Basic from package 00002620.upk
Loading package: 00012963.upk Ver: 573/1 Engine: 4205 Names: 1264 Exports: 1240 Imports: 10 Game: 801A
Loading Texture2D CubemapFace0 from package 00002640.upk
Loading Texture2D CubemapFace1 from package 00002640.upk
Loading Texture2D CubemapFace2 from package 00002640.upk
Loading Texture2D CubemapFace3 from package 00002640.upk
Loading Texture2D CubemapFace4 from package 00002640.upk
Loading Texture2D CubemapFace5 from package 00002640.upk
Loading Texture2D check_n from package 00002620.upk
Loading Texture2D check from package 00002620.upk
Loading Texture2D Smoke_Pattern_001 from package 00012963.upk
Loading Texture2D Gradient_Line_003 from package 00012963.upk
Loading Texture2D Gradient_Wipe_BurnOut_Mask_TEST from package 00012963.upk
Loading Texture2D Gradient_Wipe_BurnOut_Mask from package 00012963.upk
Loaded in 0.11 sec, 2943 allocs, 1.17 MBytes serialized in 209619 calls.

Object info:
============
ClassName: SkeletalMesh3 ObjectName: 010144_Autoscale

    LODInfo[1] =
    {
        LODInfo[0] =
        {
            DisplayFactor = 0
            LODHysteresis = 0.02
            LODMaterialMap[0] = {}
            bEnableShadowCasting[1] = { true }
        }
    }
    Sockets[0] = {}
    bHasVertexColors = false
    EnableTwistBoneFixers = true
    EnableClavicleFixer = true
    Materials[1] = { MaterialInstanceConstant'col3' }


    Lods[1] =
    {
        Lods[0] =
        {
            Sections[1] =
            {
                Sections[0] = { Material=MaterialInstanceConstant'col3', FirstIndex=0, NumFaces=1736 }
            }
            NumVerts = 1400
            IndexCount = 5208
            NumTexCoords = 1
        }
    }
    LodCount = 1
    MeshOrigin = { X=-0, Y=-0, Z=-0 }
    MeshScale = { X=1, Y=1, Z=1 }
    RotOrigin = { Yaw=0, Pitch=0, Roll=0 }
    BoneCount = 5
