Found 21975 game files (132 skipped)
Loading package: 00010080.upk Ver: 573/1 Engine: 4205 Names: 1209 Exports: 22776 Imports: 527 Game: 801A
Loading Material3 bird_color_copy from package 00010080.upk
Loading Material3 Gadget_Club000_MatM from package 00010080.upk
Loading Material3 Gadget_Club000_MatM_black from package 00010080.upk
Loading Material3 Gadget_Counts from package 00010080.upk
Loading Material3 Gadget_DropBottle000_MatM from package 00010080.upk
Loading package: 00005604.upk Ver: 573/1 Engine: 4205 Names: 44 Exports: 16 Imports: 2 Game: 801A
Loading Material3 Gadget_FlyLizardLantern000_MatM from package 00010080.upk
Loading package: 00004468.upk Ver: 573/1 Engine: 4205 Names: 34 Exports: 5 Imports: 2 Game: 801A
Loading Material3 Gadget_HealPot000_MatM from package 00010080.upk
Loading Material3 Gadget_Mandu000_MatM from package 00010080.upk
Loading package: 00010113.upk Ver: 573/1 Engine: 4205 Names: 30 Exports: 3 Imports: 2 Game: 801A
Loading Material3 Gadget_Rope_Blink_MatM from package 00010080.upk
Loading Material3 Gadget_Rope_MatM from package 00010080.upk
Loading Material3 Gadget_Stone_MatM from package 00010080.upk
Loading Material3 Gadget_Sword000_MatM from package 00010080.upk
Loading Material3 Prop_Blacksmith_Anvil_Mat from package 00010080.upk
Loading Material3 QuestFX_Glittering from package 00010080.upk
Loading package: 00012963.upk Ver: 573/1 Engine: 4205 Names: 1236 Exports: 1211 Imports: 10 Game: 801A
Loading Material3 Z_M from package 00010080.upk
Loading StaticMesh3 Arrow from package 00010080.upk
Loading package: 00003014.upk Ver: 573/1 Engine: 4205 Names: 93 Exports: 2 Imports: 21 Game: 801A
Loading StaticMesh3 Gadet_Stone_001_Mes from package 00010080.upk
Loading StaticMesh3 Gadet_Stone_002_Mes from package 00010080.upk
Loading StaticMesh3 Gadet_Stone_003_Mes from package 00010080.upk
Loading StaticMesh3 Gadget_Club000_Mesh from package 00010080.upk
Loading StaticMesh3 Gadget_Club001_Mes from package 00010080.upk
Loading StaticMesh3 Gadget_FlyLizardLantern000 from package 00010080.upk
Loading package: 00004469.upk Ver: 573/1 Engine: 4205 Names: 168 Exports: 142 Imports: 46 Game: 801A
Loading StaticMesh3 Gadget_FlyLizardLantern001 from package 00010080.upk
Loading StaticMesh3 Gadget_FlyLizardLantern002 from package 00010080.upk
Loading StaticMesh3 Gadget_FlyLizardLantern003 from package 00010080.upk
Loading StaticMesh3 Gadget_FlyLizardLantern004 from package 00010080.upk
Loading StaticMesh3 Gadget_HealPot000 from package 00010080.upk
Loading StaticMesh3 Gadget_HealPot001 from package 00010080.upk
Loading StaticMesh3 Gadget_Rope_Blink_Mes from package 00010080.upk
Loading StaticMesh3 Gadget_Rope_Mes from package 00010080.upk
Loading StaticMesh3 Gadget_Sword000_Mes from package 00010080.upk
Loading package: 00009475.upk Ver: 573/1 Engine: 4205 Names: 93 Exports: 1 Imports: 19 Game: 801A
Loading StaticMesh3 Gadget_Sword001_Mesh from package 00010080.upk
Loading Texture2D Gadget_Counts from package 00010080.upk
Loading Texture2D Gadget_Stone_N_Tex from package 00010080.upk
Loading Texture2D Gadget_Stone_Tex from package 00010080.upk
Loading Texture2D Club_Diffuse_Tex from package 00010080.upk
Loading Texture2D Club_Normal_Tex from package 00010080.upk
Loading Texture2D Club_Specular_Tex from package 00010080.upk
Loading Texture2D Env_Water_Jar_D from package 00010080.upk
Loading Texture2D Env_Water_Jar_N from package 00010080.upk
Loading Texture2D Gadget_Rope_Normal_Tex from package 00010080.upk
Loading Texture2D Gadget_Rope_Tex from package 00010080.upk
Loading Texture2D Gadget_Sword_Diffuse from package 00010080.upk
Loading Texture2D Gadget_Sword_Normal from package 00010080.upk
Loading Texture2D Gadget_Sword_Specular from package 00010080.upk
Loading Texture2D Prop_Blacksmith_Anvil_D from package 00010080.upk
Loading Texture2D Prop_Blacksmith_Anvil_N from package 00010080.upk
Loading Texture2D Prop_Blacksmith_Anvil_S from package 00010080.upk
Loading Texture2D Z from package 00010080.upk
Loading Texture2D Drop_Bottle_n from package 00005604.upk
Loading Texture2D Drop_Bottle_d from package 00005604.upk
Loading Texture2D StoneLamp_n from package 00004468.upk
Loading Texture2D StoneLamp_d from package 00004468.upk
Loading Texture2D StoneLamp_em from package 00004468.upk
Loading Texture2D StoneLamp_s from package 00004468.upk
Loading Texture2D Diffuse from package 00010113.upk
Loading Texture2D Unique_WaterFall_002_Normal from package 00012963.upk
Loading Texture2D Unique_WarterFall_001 from package 00012963.upk
Loading Texture2D Noise_013 from package 00012963.upk
Loading Texture2D Noise_Distortion_000 from package 00012963.upk
Loading Texture2D Gradient_Line_003 from package 00012963.upk
Loading MaterialInstanceConstant col1 from package 00003014.upk
Loading package: 00003003.upk Ver: 573/1 Engine: 4205 Names: 31 Exports: 4 Imports: 2 Game: 801A
Loading package: 00002640.upk Ver: 573/1 Engine: 4205 Names: 340 Exports: 556 Imports: 5 Game: 801A
Loading package: 00002620.upk Ver: 573/1 Engine: 4205 Names: 560 Exports: 6612 Imports: 96 Game: 801A
Loading MaterialInstanceConstant col1_1 from package 00004469.upk
Loading MaterialInstanceConstant col1 from package 00009475.upk
Loading package: 00009474.upk Ver: 573/1 Engine: 4205 Names: 46 Exports: 10 Imports: 6 Game: 801A
Loading Texture2D WP1002WS_n from package 00003003.upk
Loading Texture2D WP1002WS_M from package 00003003.upk
Loading Texture2D WP1002WS_d from package 00003003.upk
Loading Texture2D WP1002WS_s from package 00003003.upk
Loading TextureCube mirror2 from package 00002640.upk
Loading Texture2D check from package 00002620.upk
Loading Texture2D Smoke_Pattern_001 from package 00012963.upk
Loading Material3 Basic from package 00002620.upk
Loading TextureCube Cube_D from package 00002640.upk
Loading Texture2D StoneLamp_FX_Glow from package 00004468.upk
Loading Material3 Basic_FX from package 00004469.upk
Loading Texture2D Weapon_010115_col1_n from package 00009474.upk
Loading Texture2D Weapon_010115_col1_M from package 00009474.upk
Loading Texture2D Weapon_010115_col1_d from package 00009474.upk
Loading Texture2D Weapon_010115_col1_s from package 00009474.upk
Loading Texture2D CubemapFace0 from package 00002640.upk
Loading Texture2D CubemapFace1 from package 00002640.upk
Loading Texture2D CubemapFace2 from package 00002640.upk
Loading Texture2D CubemapFace3 from package 00002640.upk
Loading Texture2D CubemapFace4 from package 00002640.upk
Loading Texture2D CubemapFace5 from package 00002640.upk
Loading Texture2D check_n from package 00002620.upk
Loading Texture2D Gradient_Wipe_BurnOut_Mask_TEST from package 00012963.upk
Loading Texture2D Gradient_Wipe_BurnOut_Mask from package 00012963.upk
Loading Texture2D CubemapFace0 from package 00002640.upk
Loading Texture2D CubemapFace1 from package 00002640.upk
Loading Texture2D CubemapFace2 from package 00002640.upk
Loading Texture2D CubemapFace3 from package 00002640.upk
Loading Texture2D CubemapFace4 from package 00002640.upk
Loading Texture2D CubemapFace5 from package 00002640.upk
Loaded in 0.43 sec, 5865 allocs, 4.21 MBytes serialized in 677005 calls.

Object info:
============
ClassName: Material3 ObjectName: bird_color_copy

    TwoSided = false
    bDisableDepthTest = false
    bIsMasked = false
    ReferencedTextures[0] = {}
    BlendMode = BLEND_Additive (3)
    OpacityMaskClipValue = 0.333
    FlattenedTexture = None
    MobileBaseTexture = None
    MobileNormalTexture = None
    bUseMobileSpecular = false
    MobileSpecularPower = 16
    MobileSpecularMask = MSM_Constant (0)
    MobileMaskTexture = None

Object info:
============
ClassName: Material3 ObjectName: Gadget_Club000_MatM

    TwoSided = true
    bDisableDepthTest = false
    bIsMasked = false
    ReferencedTextures[3] =
    {
        ReferencedTextures[0] = Texture2D'Material.Club_Normal_Tex'
        ReferencedTextures[1] = Texture2D'Material.Club_Diffuse_Tex'
        ReferencedTextures[2] = Texture2D'Material.Club_Specular_Tex'
    }
    BlendMode = BLEND_Masked (1)
    OpacityMaskClipValue = 0.333
    FlattenedTexture = None
    MobileBaseTexture = None
    MobileNormalTexture = None
    bUseMobileSpecular = false
    MobileSpecularPower = 16
    MobileSpecularMask = MSM_Constant (0)
    MobileMaskTexture = None

Object info:
============
ClassName: Material3 ObjectName: Gadget_Club000_MatM_black

    TwoSided = true
    bDisableDepthTest = false
    bIsMasked = false
    ReferencedTextures[3] =
    {
        ReferencedTextures[0] = Texture2D'Material.Club_Normal_Tex'
        ReferencedTextures[1] = Texture2D'Material.Club_Diffuse_Tex'
        ReferencedTextures[2] = Texture2D'Material.Club_Specular_Tex'
    }
    BlendMode = BLEND_Masked (1)
    OpacityMaskClipValue = 0.333
    FlattenedTexture = None
    MobileBaseTexture = None
    MobileNormalTexture = None
    bUseMobileSpecular = false
    MobileSpecularPower = 16
    MobileSpecularMask = MSM_Constant (0)
    MobileMaskTexture = None

Object info:
============
ClassName: Material3 ObjectName: Gadget_Counts

    TwoSided = false
    bDisableDepthTest = false
    bIsMasked = false
    ReferencedTextures[1] = { Texture2D'Gadget_Counts' }
    BlendMode = BLEND_Translucent (2)
    OpacityMaskClipValue = 0.333
    FlattenedTexture = None
    MobileBaseTexture = None
    MobileNormalTexture = None
    bUseMobileSpecular = false
    MobileSpecularPower = 16
    MobileSpecularMask = MSM_Constant (0)
    MobileMaskTexture = None

Object info:
============
ClassName: Material3 ObjectName: Gadget_DropBottle000_MatM

    TwoSided = false
    bDisableDepthTest = false
    bIsMasked = false
    ReferencedTextures[2] = { Texture2D'Drop_Bottle_n', Texture2D'Drop_Bottle_d' }
    BlendMode = BLEND_Translucent (2)
    OpacityMaskClipValue = 0.333
    FlattenedTexture = None
    MobileBaseTexture = None
    MobileNormalTexture = None
    bUseMobileSpecular = false
    MobileSpecularPower = 16
    MobileSpecularMask = MSM_Constant (0)
    MobileMaskTexture = None

Object info:
============
ClassName: Material3 ObjectName: Gadget_FlyLizardLantern000_MatM

    TwoSided = true
    bDisableDepthTest = false
    bIsMasked = false
    ReferencedTextures[4] =
    {
        ReferencedTextures[0] = Texture2D'StoneLamp_n'
        ReferencedTextures[1] = Texture2D'StoneLamp_d'
        ReferencedTextures[2] = Texture2D'StoneLamp_em'
        ReferencedTextures[3] = Texture2D'StoneLamp_s'
    }
    BlendMode = BLEND_Masked (1)
    OpacityMaskClipValue = 0.333
    FlattenedTexture = None
    MobileBaseTexture = None
    MobileNormalTexture = None
    bUseMobileSpecular = false
    MobileSpecularPower = 16
    MobileSpecularMask = MSM_Constant (0)
    MobileMaskTexture = None

Object info:
============
ClassName: Material3 ObjectName: Gadget_HealPot000_MatM

    TwoSided = true
    bDisableDepthTest = false
    bIsMasked = false
    ReferencedTextures[2] = { Texture2D'Material.Env_Water_Jar_N', Texture2D'Material.Env_Water_Jar_D' }
    BlendMode = BLEND_Masked (1)
    OpacityMaskClipValue = 0.333
    FlattenedTexture = None
    MobileBaseTexture = None
    MobileNormalTexture = None
    bUseMobileSpecular = false
    MobileSpecularPower = 16
    MobileSpecularMask = MSM_Constant (0)
    MobileMaskTexture = None

Object info:
============
ClassName: Material3 ObjectName: Gadget_Mandu000_MatM

    TwoSided = false
    bDisableDepthTest = false
    bIsMasked = false
    ReferencedTextures[2] = { Texture2D'Material.Club_Normal_Tex', Texture2D'Diffuse' }
    BlendMode = BLEND_Masked (1)
    OpacityMaskClipValue = 0.333
    FlattenedTexture = None
    MobileBaseTexture = None
    MobileNormalTexture = None
    bUseMobileSpecular = false
    MobileSpecularPower = 16
    MobileSpecularMask = MSM_Constant (0)
    MobileMaskTexture = None

Object info:
============
ClassName: Material3 ObjectName: Gadget_Rope_Blink_MatM

    TwoSided = false
    bDisableDepthTest = false
    bIsMasked = false
    ReferencedTextures[2] =
    {
        ReferencedTextures[0] = Texture2D'Material.Gadget_Rope_Normal_Tex'
        ReferencedTextures[1] = Texture2D'Material.Gadget_Rope_Tex'
    }
    BlendMode = BLEND_Opaque (0)
    OpacityMaskClipValue = 0.333
    FlattenedTexture = None
    MobileBaseTexture = None
    MobileNormalTexture = None
    bUseMobileSpecular = false
    MobileSpecularPower = 16
    MobileSpecularMask = MSM_Constant (0)
    MobileMaskTexture = None

Object info:
============
ClassName: Material3 ObjectName: Gadget_Rope_MatM

    TwoSided = false
    bDisableDepthTest = false
    bIsMasked = false
    ReferencedTextures[1] = { Texture2D'Material.Gadget_Rope_Tex' }
    BlendMode = BLEND_Translucent (2)
    OpacityMaskClipValue = 0.333
    FlattenedTexture = None
    MobileBaseTexture = None
    MobileNormalTexture = None
    bUseMobileSpecular = false
    MobileSpecularPower = 16
    MobileSpecularMask = MSM_Constant (0)
    MobileMaskTexture = None

Object info:
============
ClassName: Material3 ObjectName: Gadget_Stone_MatM

    TwoSided = true
    bDisableDepthTest = false
    bIsMasked = false
    ReferencedTextures[2] = { Texture2D'Gadget_Stone_N_Tex', Texture2D'Gadget_Stone_Tex' }
    BlendMode = BLEND_Masked (1)
    OpacityMaskClipValue = 0.333
    FlattenedTexture = None
    MobileBaseTexture = None
    MobileNormalTexture = None
    bUseMobileSpecular = false
    MobileSpecularPower = 16
    MobileSpecularMask = MSM_Constant (0)
    MobileMaskTexture = None

Object info:
============
ClassName: Material3 ObjectName: Gadget_Sword000_MatM

    TwoSided = true
    bDisableDepthTest = false
    bIsMasked = false
    ReferencedTextures[3] =
    {
        ReferencedTextures[0] = Texture2D'Material.Gadget_Sword_Normal'
        ReferencedTextures[1] = Texture2D'Material.Gadget_Sword_Diffuse'
        ReferencedTextures[2] = Texture2D'Material.Gadget_Sword_Specular'
    }
    BlendMode = BLEND_Masked (1)
    OpacityMaskClipValue = 0.333
    FlattenedTexture = None
    MobileBaseTexture = None
    MobileNormalTexture = None
    bUseMobileSpecular = false
    MobileSpecularPower = 16
    MobileSpecularMask = MSM_Constant (0)
    MobileMaskTexture = None

Object info:
============
ClassName: Material3 ObjectName: Prop_Blacksmith_Anvil_Mat

    TwoSided = false
    bDisableDepthTest = false
    bIsMasked = false
    ReferencedTextures[3] =
    {
        ReferencedTextures[0] = Texture2D'Material.Prop_Blacksmith_Anvil_N'
        ReferencedTextures[1] = Texture2D'Material.Prop_Blacksmith_Anvil_D'
        ReferencedTextures[2] = Texture2D'Material.Prop_Blacksmith_Anvil_S'
    }
    BlendMode = BLEND_Opaque (0)
    OpacityMaskClipValue = 0.333
    FlattenedTexture = None
    MobileBaseTexture = None
    MobileNormalTexture = None
    bUseMobileSpecular = false
    MobileSpecularPower = 16
    MobileSpecularMask = MSM_Constant (0)
    MobileMaskTexture = None

Object info:
============
ClassName: Material3 ObjectName: QuestFX_Glittering

    TwoSided = false
    bDisableDepthTest = false
    bIsMasked = false
    ReferencedTextures[3] =
    {
        ReferencedTextures[0] = Texture2D'Unique_WaterFall_002_Normal'
        ReferencedTextures[1] = Texture2D'Unique_WarterFall_001'
        ReferencedTextures[2] = Texture2D'Noise_013'
    }
    BlendMode = BLEND_Additive (3)
    OpacityMaskClipValue = 0.333
    FlattenedTexture = None
    MobileBaseTexture = None
    MobileNormalTexture = None
    bUseMobileSpecular = false
    MobileSpecularPower = 16
    MobileSpecularMask = MSM_Constant (0)
    MobileMaskTexture = None

Object info:
============
ClassName: Material3 ObjectName: Z_M

    TwoSided = false
    bDisableDepthTest = false
    bIsMasked = false
    ReferencedTextures[3] = { Texture2D'Z', Texture2D'Noise_Distortion_000', Texture2D'Gradient_Line_003' }
    BlendMode = BLEND_Translucent (2)
    OpacityMaskClipValue = 0.333
    FlattenedTexture = None
    MobileBaseTexture = None
    MobileNormalTexture = None
    bUseMobileSpecular = false
    MobileSpecularPower = 16
    MobileSpecularMask = MSM_Constant (0)
    MobileMaskTexture = None

Object info:
============
ClassName: StaticMesh3 ObjectName: Arrow

    BodySetup = None
    UseSimpleLineCollision = false
    UseSimpleBoxCollision = false
    UseSimpleRigidBodyCollision = false
    UseFullPrecisionUVs = false
    Bounds =
    {
        Origin = { X=-0.259262, Y=-2.04766, Z=0 }
        BoxExtent = { X=0.323031, Y=16.8899, Z=0.622804 }
        SphereRadius = 16.8899
    }
    CanCompressPositions = false
    CanStripNormalsAndTangents = false
    InternalVersion = 18


    Lods[1] =
    {
        Lods[0] =
        {
            Sections[1] =
            {
                Sections[0] = { Material=MaterialInstanceConstant'col1', FirstIndex=0, NumFaces=45 }
            }
            NumVerts = 86
            IndexCount = 135
            NumTexCoords = 1
        }
    }
    LodCount = 1

Object info:
============
ClassName: StaticMesh3 ObjectName: Gadet_Stone_001_Mes

    BodySetup = None
    UseSimpleLineCollision = false
    UseSimpleBoxCollision = false
    UseSimpleRigidBodyCollision = false
    UseFullPrecisionUVs = false
    Bounds =
    {
        Origin = { X=0, Y=0, Z=0 }
        BoxExtent = { X=12.7471, Y=13.796, Z=14.3342 }
        SphereRadius = 17.5158
    }
    CanCompressPositions = false
    CanStripNormalsAndTangents = false
    InternalVersion = 18


    Lods[1] =
    {
        Lods[0] =
        {
            Sections[1] =
            {
                Sections[0] = { Material=Material3'Material.Gadget_Stone_MatM', FirstIndex=0, NumFaces=156 }
            }
            NumVerts = 280
            IndexCount = 468
            NumTexCoords = 1
        }
    }
    LodCount = 1

Object info:
============
ClassName: StaticMesh3 ObjectName: Gadet_Stone_002_Mes

    BodySetup = None
    UseSimpleLineCollision = false
    UseSimpleBoxCollision = false
    UseSimpleRigidBodyCollision = false
    UseFullPrecisionUVs = false
    Bounds =
    {
        Origin = { X=0, Y=-0.00234985, Z=0 }
        BoxExtent = { X=10.1146, Y=12.5868, Z=11.044 }
        SphereRadius = 16.7547
    }
    CanCompressPositions = false
    CanStripNormalsAndTangents = false
    InternalVersion = 18


    Lods[1] =
    {
        Lods[0] =
        {
            Sections[1] =
            {
                Sections[0] = { Material=Material3'Material.Gadget_Stone_MatM', FirstIndex=0, NumFaces=122 }
            }
            NumVerts = 238
            IndexCount = 366
            NumTexCoords = 1
        }
    }
    LodCount = 1

Object info:
============
ClassName: StaticMesh3 ObjectName: Gadet_Stone_003_Mes

    BodySetup = None
    UseSimpleLineCollision = false
    UseSimpleBoxCollision = false
    UseSimpleRigidBodyCollision = false
    UseFullPrecisionUVs = false
    Bounds =
    {
        Origin = { X=0, Y=0, Z=0 }
        BoxExtent = { X=9.602, Y=10.5986, Z=10.8996 }
        SphereRadius = 15.624
    }
    CanCompressPositions = false
    CanStripNormalsAndTangents = false
    InternalVersion = 18


    Lods[1] =
    {
        Lods[0] =
        {
            Sections[1] =
            {
                Sections[0] = { Material=Material3'Material.Gadget_Stone_MatM', FirstIndex=0, NumFaces=96 }
            }
            NumVerts = 186
            IndexCount = 288
            NumTexCoords = 1
        }
    }
    LodCount = 1

Object info:
============
ClassName: StaticMesh3 ObjectName: Gadget_Club000_Mesh

    BodySetup = None
    UseSimpleLineCollision = false
    UseSimpleBoxCollision = false
    UseSimpleRigidBodyCollision = false
    UseFullPrecisionUVs = false
    Bounds =
    {
        Origin = { X=0, Y=0, Z=0 }
        BoxExtent = { X=4.5056, Y=1.5853, Z=0.6514 }
        SphereRadius = 4.60349
    }
    CanCompressPositions = false
    CanStripNormalsAndTangents = false
    InternalVersion = 18


    Lods[1] =
    {
        Lods[0] =
        {
            Sections[1] =
            {
                Sections[0] = { Material=Material3'Material.Gadget_Club000_MatM', FirstIndex=0, NumFaces=26 }
            }
            NumVerts = 70
            IndexCount = 78
            NumTexCoords = 1
        }
    }
    LodCount = 1

Object info:
============
ClassName: StaticMesh3 ObjectName: Gadget_Club001_Mes

    BodySetup = None
    UseSimpleLineCollision = false
    UseSimpleBoxCollision = false
    UseSimpleRigidBodyCollision = false
    UseFullPrecisionUVs = false
    Bounds =
    {
        Origin = { X=0.14065, Y=-0.1562, Z=0 }
        BoxExtent = { X=4.83425, Y=6.9838, Z=1.3909 }
        SphereRadius = 8.04376
    }
    CanCompressPositions = false
    CanStripNormalsAndTangents = false
    InternalVersion = 18


    Lods[1] =
    {
        Lods[0] =
        {
            Sections[1] =
            {
                Sections[0] = { Material=Material3'Material.Gadget_Club000_MatM', FirstIndex=0, NumFaces=76 }
            }
            NumVerts = 186
            IndexCount = 228
            NumTexCoords = 1
        }
    }
    LodCount = 1

Object info:
============
ClassName: StaticMesh3 ObjectName: Gadget_FlyLizardLantern000

    BodySetup = None
    UseSimpleLineCollision = false
    UseSimpleBoxCollision = false
    UseSimpleRigidBodyCollision = false
    UseFullPrecisionUVs = false
    Bounds =
    {
        Origin = { X=3.14645, Y=-16.4154, Z=13.4848 }
        BoxExtent = { X=16.6712, Y=21.9299, Z=16.5877 }
        SphereRadius = 23.6922
    }
    CanCompressPositions = false
    CanStripNormalsAndTangents = false
    InternalVersion = 18


    Lods[1] =
    {
        Lods[0] =
        {
            Sections[1] =
            {
                Sections[0] = { Material=MaterialInstanceConstant'col1_1', FirstIndex=0, NumFaces=723 }
            }
            NumVerts = 1502
            IndexCount = 2169
            NumTexCoords = 1
        }
    }
    LodCount = 1

Object info:
============
ClassName: StaticMesh3 ObjectName: Gadget_FlyLizardLantern001

    BodySetup = None
    UseSimpleLineCollision = false
    UseSimpleBoxCollision = false
    UseSimpleRigidBodyCollision = false
    UseFullPrecisionUVs = false
    Bounds =
    {
        Origin = { X=-2.6721, Y=18.7537, Z=6.5832 }
        BoxExtent = { X=7.9398, Y=14.198, Z=8.0849 }
        SphereRadius = 16.9275
    }
    CanCompressPositions = false
    CanStripNormalsAndTangents = false
    InternalVersion = 18


    Lods[1] =
    {
        Lods[0] =
        {
            Sections[1] =
            {
                Sections[0] = { Material=MaterialInstanceConstant'col1_1', FirstIndex=0, NumFaces=342 }
            }
            NumVerts = 400
            IndexCount = 1026
            NumTexCoords = 1
        }
    }
    LodCount = 1

Object info:
============
ClassName: StaticMesh3 ObjectName: Gadget_FlyLizardLantern002

    BodySetup = None
    UseSimpleLineCollision = false
    UseSimpleBoxCollision = false
    UseSimpleRigidBodyCollision = false
    UseFullPrecisionUVs = false
    Bounds =
    {
        Origin = { X=-0.80895, Y=0, Z=1.037 }
        BoxExtent = { X=8.56585, Y=9.0132, Z=8.4141 }
        SphereRadius = 12.5478
    }
    CanCompressPositions = false
    CanStripNormalsAndTangents = false
    InternalVersion = 18


    Lods[1] =
    {
        Lods[0] =
        {
            Sections[1] =
            {
                Sections[0] = { Material=MaterialInstanceConstant'col1_1', FirstIndex=0, NumFaces=130 }
            }
            NumVerts = 270
            IndexCount = 390
            NumTexCoords = 1
        }
    }
    LodCount = 1

Object info:
============
ClassName: StaticMesh3 ObjectName: Gadget_FlyLizardLantern003

    BodySetup = None
    UseSimpleLineCollision = false
    UseSimpleBoxCollision = false
    UseSimpleRigidBodyCollision = false
    UseFullPrecisionUVs = false
    Bounds =
    {
        Origin = { X=0, Y=-0.99345, Z=-2.6355 }
        BoxExtent = { X=9.3936, Y=8.35345, Z=6.4972 }
        SphereRadius = 11.9308
    }
    CanCompressPositions = false
    CanStripNormalsAndTangents = false
    InternalVersion = 18


    Lods[1] =
    {
        Lods[0] =
        {
            Sections[1] =
            {
                Sections[0] = { Material=MaterialInstanceConstant'col1_1', FirstIndex=0, NumFaces=168 }
            }
            NumVerts = 366
            IndexCount = 504
            NumTexCoords = 1
        }
    }
    LodCount = 1

Object info:
============
ClassName: StaticMesh3 ObjectName: Gadget_FlyLizardLantern004

    BodySetup = None
    UseSimpleLineCollision = false
    UseSimpleBoxCollision = false
    UseSimpleRigidBodyCollision = false
    UseFullPrecisionUVs = false
    Bounds =
    {
        Origin = { X=0, Y=0, Z=0 }
        BoxExtent = { X=8.6147, Y=13.1954, Z=6.8994 }
        SphereRadius = 14.5482
    }
    CanCompressPositions = false
    CanStripNormalsAndTangents = false
    InternalVersion = 18


    Lods[1] =
    {
        Lods[0] =
        {
            Sections[1] =
            {
                Sections[0] = { Material=MaterialInstanceConstant'col1_1', FirstIndex=0, NumFaces=208 }
            }
            NumVerts = 434
            IndexCount = 624
            NumTexCoords = 1
        }
    }
    LodCount = 1

Object info:
============
ClassName: StaticMesh3 ObjectName: Gadget_HealPot000

    BodySetup = None
    UseSimpleLineCollision = false
    UseSimpleBoxCollision = false
    UseSimpleRigidBodyCollision = false
    UseFullPrecisionUVs = false
    Bounds =
    {
        Origin = { X=0.731701, Y=1.30575, Z=0.960251 }
        BoxExtent = { X=11.9519, Y=14.4618, Z=9.84415 }
        SphereRadius = 16.2423
    }
    CanCompressPositions = false
    CanStripNormalsAndTangents = false
    InternalVersion = 18


    Lods[1] =
    {
        Lods[0] =
        {
            Sections[1] =
            {
                Sections[0] = { Material=Material3'Material.Gadget_HealPot000_MatM', FirstIndex=0, NumFaces=268 }
            }
            NumVerts = 570
            IndexCount = 804
            NumTexCoords = 1
        }
    }
    LodCount = 1

Object info:
============
ClassName: StaticMesh3 ObjectName: Gadget_HealPot001

    BodySetup = None
    UseSimpleLineCollision = false
    UseSimpleBoxCollision = false
    UseSimpleRigidBodyCollision = false
    UseFullPrecisionUVs = false
    Bounds =
    {
        Origin = { X=-1.0286, Y=0.0438499, Z=0.3557 }
        BoxExtent = { X=10.1445, Y=13.6533, Z=11.4058 }
        SphereRadius = 14.8977
    }
    CanCompressPositions = false
    CanStripNormalsAndTangents = false
    InternalVersion = 18


    Lods[1] =
    {
        Lods[0] =
        {
            Sections[1] =
            {
                Sections[0] = { Material=Material3'Material.Gadget_HealPot000_MatM', FirstIndex=0, NumFaces=285 }
            }
            NumVerts = 554
            IndexCount = 855
            NumTexCoords = 1
        }
    }
    LodCount = 1

Object info:
============
ClassName: StaticMesh3 ObjectName: Gadget_Rope_Blink_Mes

    BodySetup = None
    UseSimpleLineCollision = false
    UseSimpleBoxCollision = false
    UseSimpleRigidBodyCollision = false
    UseFullPrecisionUVs = false
    Bounds =
    {
        Origin = { X=-0.7172, Y=-1.36385, Z=-1.5082 }
        BoxExtent = { X=6.0076, Y=6.89625, Z=2.8869 }
        SphereRadius = 7.91925
    }
    CanCompressPositions = false
    CanStripNormalsAndTangents = false
    InternalVersion = 18


    Lods[1] =
    {
        Lods[0] =
        {
            Sections[1] =
            {
                Sections[0] = { Material=Material3'Material.Gadget_Rope_Blink_MatM', FirstIndex=0, NumFaces=468 }
            }
            NumVerts = 744
            IndexCount = 1404
            NumTexCoords = 1
        }
    }
    LodCount = 1

Object info:
============
ClassName: StaticMesh3 ObjectName: Gadget_Rope_Mes

    BodySetup = None
    UseSimpleLineCollision = false
    UseSimpleBoxCollision = false
    UseSimpleRigidBodyCollision = false
    UseFullPrecisionUVs = false
    Bounds =
    {
        Origin = { X=24.9972, Y=0.8266, Z=-0.01895 }
        BoxExtent = { X=25.3024, Y=3.0154, Z=2.99825 }
        SphereRadius = 25.3327
    }
    CanCompressPositions = false
    CanStripNormalsAndTangents = false
    InternalVersion = 18


    Lods[1] =
    {
        Lods[0] =
        {
            Sections[1] =
            {
                Sections[0] = { Material=Material3'Material.Gadget_Rope_MatM', FirstIndex=0, NumFaces=112 }
            }
            NumVerts = 240
            IndexCount = 336
            NumTexCoords = 1
        }
    }
    LodCount = 1

Object info:
============
ClassName: StaticMesh3 ObjectName: Gadget_Sword000_Mes

    BodySetup = None
    UseSimpleLineCollision = false
    UseSimpleBoxCollision = false
    UseSimpleRigidBodyCollision = false
    UseFullPrecisionUVs = false
    Bounds =
    {
        Origin = { X=0.74495, Y=0.2643, Z=0 }
        BoxExtent = { X=2.40205, Y=3.7641, Z=0.1224 }
        SphereRadius = 4.46523
    }
    CanCompressPositions = false
    CanStripNormalsAndTangents = false
    InternalVersion = 18


    Lods[1] =
    {
        Lods[0] =
        {
            Sections[1] =
            {
                Sections[0] = { Material=MaterialInstanceConstant'col1', FirstIndex=0, NumFaces=52 }
            }
            NumVerts = 144
            IndexCount = 156
            NumTexCoords = 1
        }
    }
    LodCount = 1

Object info:
============
ClassName: StaticMesh3 ObjectName: Gadget_Sword001_Mesh

    BodySetup = None
    UseSimpleLineCollision = false
    UseSimpleBoxCollision = false
    UseSimpleRigidBodyCollision = false
    UseFullPrecisionUVs = false
    Bounds =
    {
        Origin = { X=0, Y=0, Z=0.0432 }
        BoxExtent = { X=3.1363, Y=3.4061, Z=0.0982 }
        SphereRadius = 4.63011
    }
    CanCompressPositions = false
    CanStripNormalsAndTangents = false
    InternalVersion = 18


    Lods[1] =
    {
        Lods[0] =
        {
            Sections[1] =
            {
                Sections[0] = { Material=MaterialInstanceConstant'col1', FirstIndex=0, NumFaces=46 }
            }
            NumVerts = 116
            IndexCount = 138
            NumTexCoords = 1
        }
    }
    LodCount = 1

Object info:
============
ClassName: Texture2D ObjectName: Gadget_Counts

    SizeX = 256
    SizeY = 256
    Format = PF_DXT5 (7)
    AddressX = TA_Wrap (0)
    AddressY = TA_Wrap (0)
    TextureFileCacheName = None
    MipTailBaseIdx = 0
    bForcePVRTC4 = false
    UnpackMin[4] = { 0, 0, 0, 0 }
    UnpackMax[4] = { 1, 1, 1, 1 }

Object info:
============
ClassName: Texture2D ObjectName: Gadget_Stone_N_Tex

    SizeX = 256
    SizeY = 256
    Format = PF_DXT1 (5)
    AddressX = TA_Wrap (0)
    AddressY = TA_Wrap (0)
    TextureFileCacheName = None
    MipTailBaseIdx = 8
    bForcePVRTC4 = false
    UnpackMin[4] = { 0, 0, 0, 0 }
    UnpackMax[4] = { 1, 1, 1, 1 }

Object info:
============
ClassName: Texture2D ObjectName: Gadget_Stone_Tex

    SizeX = 256
    SizeY = 256
    Format = PF_DXT1 (5)
    AddressX = TA_Wrap (0)
    AddressY = TA_Wrap (0)
    TextureFileCacheName = None
    MipTailBaseIdx = 8
    bForcePVRTC4 = false
    UnpackMin[4] = { 0, 0, 0, 0 }
    UnpackMax[4] = { 1, 1, 1, 1 }

Object info:
============
ClassName: Texture2D ObjectName: Club_Diffuse_Tex

    SizeX = 128
    SizeY = 256
    Format = PF_DXT1 (5)
    AddressX = TA_Wrap (0)
    AddressY = TA_Wrap (0)
    TextureFileCacheName = None
    MipTailBaseIdx = 8
    bForcePVRTC4 = false
    UnpackMin[4] = { 0, 0, 0, 0 }
    UnpackMax[4] = { 1, 1, 1, 1 }

Object info:
============
ClassName: Texture2D ObjectName: Club_Normal_Tex

    SizeX = 128
    SizeY = 256
    Format = PF_DXT1 (5)
    AddressX = TA_Wrap (0)
    AddressY = TA_Wrap (0)
    TextureFileCacheName = None
    MipTailBaseIdx = 8
    bForcePVRTC4 = false
    UnpackMin[4] = { -1, -1, -1, 0 }
    UnpackMax[4] = { 1, 1, 1, 1 }

Object info:
============
ClassName: Texture2D ObjectName: Club_Specular_Tex

    SizeX = 128
    SizeY = 256
    Format = PF_DXT1 (5)
    AddressX = TA_Wrap (0)
    AddressY = TA_Wrap (0)
    TextureFileCacheName = None
    MipTailBaseIdx = 8
    bForcePVRTC4 = false
    UnpackMin[4] = { 0, 0, 0, 0 }
    UnpackMax[4] = { 1, 1, 1, 1 }

Object info:
============
ClassName: Texture2D ObjectName: Env_Water_Jar_D

    SizeX = 256
    SizeY = 256
    Format = PF_DXT1 (5)
    AddressX = TA_Wrap (0)
    AddressY = TA_Wrap (0)
    TextureFileCacheName = None
    MipTailBaseIdx = 8
    bForcePVRTC4 = false
    UnpackMin[4] = { 0, 0, 0, 0 }
    UnpackMax[4] = { 1, 1, 1, 1 }

Object info:
============
ClassName: Texture2D ObjectName: Env_Water_Jar_N

    SizeX = 256
    SizeY = 256
    Format = PF_DXT1 (5)
    AddressX = TA_Wrap (0)
    AddressY = TA_Wrap (0)
    TextureFileCacheName = None
    MipTailBaseIdx = 8
    bForcePVRTC4 = false
    UnpackMin[4] = { -1, -1, -1, 0 }
    UnpackMax[4] = { 1, 1, 1, 1 }

Object info:
============
ClassName: Texture2D ObjectName: Gadget_Rope_Normal_Tex

    SizeX = 256
    SizeY = 128
    Format = PF_DXT1 (5)
    AddressX = TA_Wrap (0)
    AddressY = TA_Wrap (0)
    TextureFileCacheName = None
    MipTailBaseIdx = 8
    bForcePVRTC4 = false
    UnpackMin[4] = { 0, 0, 0, 0 }
    UnpackMax[4] = { 1, 1, 1, 1 }

Object info:
============
ClassName: Texture2D ObjectName: Gadget_Rope_Tex

    SizeX = 256
    SizeY = 128
    Format = PF_DXT1 (5)
    AddressX = TA_Wrap (0)
    AddressY = TA_Wrap (0)
    TextureFileCacheName = None
    MipTailBaseIdx = 8
    bForcePVRTC4 = false
    UnpackMin[4] = { 0, 0, 0, 0 }
    UnpackMax[4] = { 1, 1, 1, 1 }

Object info:
============
ClassName: Texture2D ObjectName: Gadget_Sword_Diffuse

    SizeX = 128
    SizeY = 256
    Format = PF_DXT5 (7)
    AddressX = TA_Wrap (0)
    AddressY = TA_Wrap (0)
    TextureFileCacheName = None
    MipTailBaseIdx = 8
    bForcePVRTC4 = false
    UnpackMin[4] = { 0, 0, 0, 0 }
    UnpackMax[4] = { 1, 1, 1, 1 }

Object info:
============
ClassName: Texture2D ObjectName: Gadget_Sword_Normal

    SizeX = 128
    SizeY = 256
    Format = PF_DXT5 (7)
    AddressX = TA_Wrap (0)
    AddressY = TA_Wrap (0)
    TextureFileCacheName = None
    MipTailBaseIdx = 8
    bForcePVRTC4 = false
    UnpackMin[4] = { 0, 0, 0, 0 }
    UnpackMax[4] = { 1, 1, 1, 1 }

Object info:
============
ClassName: Texture2D ObjectName: Gadget_Sword_Specular

    SizeX = 128
    SizeY = 256
    Format = PF_DXT5 (7)
    AddressX = TA_Wrap (0)
    AddressY = TA_Wrap (0)
    TextureFileCacheName = None
    MipTailBaseIdx = 8
    bForcePVRTC4 = false
    UnpackMin[4] = { 0, 0, 0, 0 }
    UnpackMax[4] = { 1, 1, 1, 1 }

Object info:
============
ClassName: Texture2D ObjectName: Prop_Blacksmith_Anvil_D

    SizeX = 512
    SizeY = 512
    Format = PF_DXT1 (5)
    AddressX = TA_Wrap (0)
    AddressY = TA_Wrap (0)
    TextureFileCacheName = None
    MipTailBaseIdx = 9
    bForcePVRTC4 = false
    UnpackMin[4] = { 0, 0, 0, 0 }
    UnpackMax[4] = { 1, 1, 1, 1 }

Object info:
============
ClassName: Texture2D ObjectName: Prop_Blacksmith_Anvil_N

    SizeX = 512
    SizeY = 512
    Format = PF_DXT1 (5)
    AddressX = TA_Wrap (0)
    AddressY = TA_Wrap (0)
    TextureFileCacheName = None
    MipTailBaseIdx = 9
    bForcePVRTC4 = false
    UnpackMin[4] = { -1, -1, -1, 0 }
    UnpackMax[4] = { 1, 1, 1, 1 }

Object info:
============
ClassName: Texture2D ObjectName: Prop_Blacksmith_Anvil_S

    SizeX = 256
    SizeY = 256
    Format = PF_DXT1 (5)
    AddressX = TA_Wrap (0)
    AddressY = TA_Wrap (0)
    TextureFileCacheName = None
    MipTailBaseIdx = 8
    bForcePVRTC4 = false
    UnpackMin[4] = { 0, 0, 0, 0 }
    UnpackMax[4] = { 1, 1, 1, 1 }

Object info:
============
ClassName: Texture2D ObjectName: Z

    SizeX = 64
    SizeY = 64
    Format = PF_G8 (3)
    AddressX = TA_Wrap (0)
    AddressY = TA_Wrap (0)
    TextureFileCacheName = None
    MipTailBaseIdx = 6
    bForcePVRTC4 = false
    UnpackMin[4] = { 0, 0, 0, 0 }
    UnpackMax[4] = { 1, 1, 1, 1 }
