Found 18875 game files (36 skipped)
Loading package: 00012902.upk Ver: 573/1 Engine: 4205 Names: 80 Exports: 1 Imports: 16 Game: 801A
Loading MaterialInstanceConstant col1 from package 00012902.upk
Loading package: 00012901.upk Ver: 573/1 Engine: 4205 Names: 32 Exports: 4 Imports: 2 Game: 801A
Loading package: 00002620.upk Ver: 573/1 Engine: 4205 Names: 560 Exports: 6612 Imports: 96 Game: 801A
Loading Texture2D Cloth_60002_Kun_H_N from package 00012901.upk
Loading Texture2D Cloth_60002_Kun_H_D from package 00012901.upk
Loading Texture2D Cloth_60002_Kun_H_S from package 00012901.upk
Loading Material3 Body from package 00002620.upk
Loading package: 00012963.upk Ver: 573/1 Engine: 4205 Names: 1219 Exports: 1194 Imports: 10 Game: 801A
Loading Texture2D check_n from package 00002620.upk
Loading Texture2D Noise_Glass_000 from package 00012963.upk
Loading Texture2D Smoke_Pattern_001 from package 00012963.upk
Loading Texture2D Gradient_Wipe_BurnOut_Mask_TEST from package 00012963.upk
Loading Texture2D Gradient_Wipe_BurnOut_Mask from package 00012963.upk
Loading Texture2D check from package 00002620.upk
Loading Texture2D Gradient_Line_003 from package 00012963.upk
Loaded in 0.082 sec, 2192 allocs, 0.86 MBytes serialized in 149384 calls.

Object info:
============
ClassName: MaterialInstanceConstant ObjectName: col1

    ScalarParameterValues[5] =
    {
        ScalarParameterValues[0] = { ParameterName=Skin_glossiness, ParameterValue=80 }
        ScalarParameterValues[1] = { ParameterName=Wear_glossiness1, ParameterValue=10 }
        ScalarParameterValues[2] = { ParameterName=Wear_glossiness2, ParameterValue=3 }
        ScalarParameterValues[3] = { ParameterName=Skin_Spec_value, ParameterValue=2 }
        ScalarParameterValues[4] = { ParameterName=Specular_value, ParameterValue=2 }
    }
    TextureParameterValues[4] =
    {
        TextureParameterValues[0] = { ParameterName=Body_normal, ParameterValue=Texture2D'Cloth_60002_Kun_H_N' }
        TextureParameterValues[1] = { ParameterName=Body_mask_RGB, ParameterValue=Texture2D'Cloth_60002_Kun_H_D' }
        TextureParameterValues[2] = { ParameterName=Body_diffuse, ParameterValue=Texture2D'Cloth_60002_Kun_H_D' }
        TextureParameterValues[3] = { ParameterName=Body_specular, ParameterValue=Texture2D'Cloth_60002_Kun_H_S' }
    }
    VectorParameterValues[0] = {}
    Parent = Material3'Body'
    FlattenedTexture = None
    MobileBaseTexture = None
    MobileNormalTexture = None
    bUseMobileSpecular = false
    MobileSpecularPower = 16
    MobileSpecularMask = MSM_Constant (0)
    MobileMaskTexture = None
