Found 16186 game files (0 skipped)
Loading package: 00016001.upk Ver: 573/1 Engine: 4205 Names: 173 Exports: 30 Imports: 16 Game: 801A
Loading SkeletalMesh3 040045_JinM from package 00016001.upk
Loading package: 00008775.upk Ver: 573/1 Engine: 4205 Names: 52 Exports: 1 Imports: 16 Game: 801A
Loading package: 00016000.upk Ver: 573/1 Engine: 4205 Names: 93 Exports: 2 Imports: 21 Game: 801A
Loading MaterialInstanceConstant col1 from package 00008775.upk
Loading package: 00008774.upk Ver: 573/1 Engine: 4205 Names: 29 Exports: 2 Imports: 2 Game: 801A
Loading package: 00002620.upk Ver: 573/1 Engine: 4205 Names: 500 Exports: 5733 Imports: 89 Game: 801A
Loading MaterialInstanceConstant col1_hat from package 00016000.upk
Loading package: 00015999.upk Ver: 573/1 Engine: 4205 Names: 32 Exports: 4 Imports: 2 Game: 801A
Loading package: 00002640.upk Ver: 573/1 Engine: 4205 Names: 340 Exports: 556 Imports: 5 Game: 801A
Loading package: 00012963.upk Ver: 573/1 Engine: 4205 Names: 1199 Exports: 1162 Imports: 10 Game: 801A
Loading Texture2D JinM_015_col1_d from package 00008774.upk
Loading Texture2D JinM_015_col1_n from package 00008774.upk
Loading Material3 Beard_Ac from package 00002620.upk
Loading package: 00008613.upk Ver: 573/1 Engine: 4205 Names: 95 Exports: 6 Imports: 12 Game: 801A
Loading Texture2D Hat_65049_JinM_col2_N from package 00015999.upk
Loading Texture2D Hat_65049_JinM_col2_M from package 00015999.upk
Loading Texture2D Hat_65049_JinM_col2_D from package 00015999.upk
Loading Texture2D Hat_65049_JinM_col2_S from package 00015999.upk
Loading TextureCube lenscube_c from package 00002640.upk
Loading Texture2D check from package 00002620.upk
Loading Texture2D Smoke_Pattern_001 from package 00012963.upk
Loading Material3 Basic from package 00002620.upk
Loading Texture2D check_n from package 00002620.upk
Loading Texture2D Noise_Glass_000 from package 00012963.upk
Loading Texture2D Gradient_Wipe_BurnOut_Mask_TEST from package 00012963.upk
Loading Texture2D Gradient_Wipe_BurnOut_Mask from package 00012963.upk
Loading Texture2D Gradient_Line_003 from package 00012963.upk
Loading Texture2D Nothing_A from package 00008613.upk
Loading Texture2D CubemapFace0 from package 00002640.upk
Loading Texture2D CubemapFace1 from package 00002640.upk
Loading Texture2D CubemapFace2 from package 00002640.upk
Loading Texture2D CubemapFace3 from package 00002640.upk
Loading Texture2D CubemapFace4 from package 00002640.upk
Loading Texture2D CubemapFace5 from package 00002640.upk
Loaded in 0.12 sec, 3159 allocs, 1.34 MBytes serialized in 183635 calls.

Object info:
============
ClassName: SkeletalMesh3 ObjectName: 040045_JinM

    LODInfo[1] =
    {
        LODInfo[0] =
        {
            DisplayFactor = 0
            LODHysteresis = 0.02
            LODMaterialMap[0] = {}
            bEnableShadowCasting[2] = { true, true }
        }
    }
    Sockets[0] = {}
    bHasVertexColors = false
    EnableTwistBoneFixers = true
    EnableClavicleFixer = true
    Materials[2] = { MaterialInstanceConstant'col1', MaterialInstanceConstant'col1_hat' }


    Lods[1] =
    {
        Lods[0] =
        {
            Sections[2] =
            {
                Sections[0] = { Material=MaterialInstanceConstant'col1_hat', FirstIndex=0, NumFaces=678 }
                Sections[1] = { Material=MaterialInstanceConstant'col1', FirstIndex=2034, NumFaces=647 }
            }
            NumVerts = 1006
            IndexCount = 3975
            NumTexCoords = 1
        }
    }
    LodCount = 1
    MeshOrigin = { X=-0, Y=-0, Z=-0 }
    MeshScale = { X=1, Y=1, Z=1 }
    RotOrigin = { Yaw=0, Pitch=0, Roll=0 }
    BoneCount = 84
