Found 21974 game files (0 skipped)
Loading package: 00011656.upk Ver: 573/1 Engine: 4205 Names: 95 Exports: 1 Imports: 22 Game: 801A
Loading MaterialInstanceConstant col3 from package 00011656.upk
Loading package: 00005740.upk Ver: 573/1 Engine: 4205 Names: 50 Exports: 19 Imports: 4 Game: 801A
Loading package: 00002640.upk Ver: 573/1 Engine: 4205 Names: 340 Exports: 556 Imports: 5 Game: 801A
Loading package: 00012963.upk Ver: 573/1 Engine: 4205 Names: 1236 Exports: 1211 Imports: 10 Game: 801A
Loading package: 00005741.upk Ver: 573/1 Engine: 4205 Names: 171 Exports: 146 Imports: 46 Game: 801A
Loading Texture2D hades_col1_n3 from package 00005740.upk
Loading Texture2D hades_col1_m from package 00005740.upk
Loading Texture2D hades_col1_d3 from package 00005740.upk
Loading Texture2D hades_col1_s3 from package 00005740.upk
Loading TextureCube Cube_D from package 00002640.upk
Loading Texture2D hades_col1_e3 from package 00005740.upk
Loading Texture2D Smoke_Pattern_001 from package 00012963.upk
Loading Texture2D hades_Fx_LineA from package 00005740.upk
Loading Texture2D hades_Fx_LineB from package 00005740.upk
Loading Material3 Basic_Hades1 from package 00005741.upk
Loading package: 00002620.upk Ver: 573/1 Engine: 4205 Names: 560 Exports: 6612 Imports: 96 Game: 801A
Loading Texture2D CubemapFace0 from package 00002640.upk
Loading Texture2D CubemapFace1 from package 00002640.upk
Loading Texture2D CubemapFace2 from package 00002640.upk
Loading Texture2D CubemapFace3 from package 00002640.upk
Loading Texture2D CubemapFace4 from package 00002640.upk
Loading Texture2D CubemapFace5 from package 00002640.upk
Loading Texture2D check_n from package 00002620.upk
Loading Texture2D check from package 00002620.upk
Loading Texture2D Gradient_Line_003 from package 00012963.upk
Loading Texture2D Gradient_Wipe_BurnOut_Mask_TEST from package 00012963.upk
Loading Texture2D Gradient_Wipe_BurnOut_Mask from package 00012963.upk
Loaded in 0.13 sec, 3006 allocs, 1.14 MBytes serialized in 166858 calls.

Object info:
============
ClassName: MaterialInstanceConstant ObjectName: col3

    ScalarParameterValues[10] =
    {
        ScalarParameterValues[0] = { ParameterName=Transmission_value, ParameterValue=2 }
        ScalarParameterValues[1] = { ParameterName=Glossiness1, ParameterValue=3 }
        ScalarParameterValues[2] = { ParameterName=Glossiness2, ParameterValue=40 }
        ScalarParameterValues[3] = { ParameterName=Specular_value, ParameterValue=2.5 }
        ScalarParameterValues[4] = { ParameterName=HighLight_Value, ParameterValue=5 }
        ScalarParameterValues[5] = { ParameterName=HighLight_glossiness, ParameterValue=100 }
        ScalarParameterValues[6] = { ParameterName=Emissive_value, ParameterValue=0.4 }
        ScalarParameterValues[7] = { ParameterName=Emissive_value2, ParameterValue=1 }
        ScalarParameterValues[8] = { ParameterName=Fresnel Value, ParameterValue=1 }
        ScalarParameterValues[9] = { ParameterName=Fresnel exponent, ParameterValue=30 }
    }
    TextureParameterValues[9] =
    {
        TextureParameterValues[0] = { ParameterName=Normal, ParameterValue=Texture2D'hades_col1_n3' }
        TextureParameterValues[1] = { ParameterName=Mask_GB, ParameterValue=Texture2D'hades_col1_m' }
        TextureParameterValues[2] = { ParameterName=Diffuse, ParameterValue=Texture2D'hades_col1_d3' }
        TextureParameterValues[3] = { ParameterName=Specular, ParameterValue=Texture2D'hades_col1_s3' }
        TextureParameterValues[4] = { ParameterName=rf_cube, ParameterValue=TextureCube'Cube_D' }
        TextureParameterValues[5] = { ParameterName=Emissive, ParameterValue=Texture2D'hades_col1_e3' }
        TextureParameterValues[6] = { ParameterName=Mask_FX_Texture, ParameterValue=Texture2D'Smoke_Pattern_001' }
        TextureParameterValues[7] = { ParameterName=FX_Add, ParameterValue=Texture2D'hades_Fx_LineA' }
        TextureParameterValues[8] = { ParameterName=FX_Add1, ParameterValue=Texture2D'hades_Fx_LineB' }
    }
    VectorParameterValues[10] =
    {
        VectorParameterValues[0] =
        {
            ParameterName = Mesh_trangition
            ParameterValue = { R=0, G=0, B=0, A=1 }
        }
        VectorParameterValues[1] =
        {
            ParameterName = Reflection_value
            ParameterValue = { R=2, G=2, B=2, A=1 }
        }
        VectorParameterValues[2] =
        {
            ParameterName = HighLight_Color
            ParameterValue = { R=1, G=1, B=1, A=1 }
        }
        VectorParameterValues[3] =
        {
            ParameterName = Fresnel_color
            ParameterValue = { R=0, G=0, B=0, A=1 }
        }
        VectorParameterValues[4] =
        {
            ParameterName = Fresnel_Power
            ParameterValue = { R=0, G=0, B=0, A=1 }
        }
        VectorParameterValues[5] =
        {
            ParameterName = Burn_Color
            ParameterValue = { R=0, G=0, B=0, A=1 }
        }
        VectorParameterValues[6] =
        {
            ParameterName = Glow_Trangition_A
            ParameterValue = { R=0, G=0, B=0, A=1 }
        }
        VectorParameterValues[7] =
        {
            ParameterName = Fx_Glow_power_A
            ParameterValue = { R=0, G=0, B=0, A=1 }
        }
        VectorParameterValues[8] =
        {
            ParameterName = Fx_Glow_color_A
            ParameterValue = { R=0, G=0, B=1, A=1 }
        }
        VectorParameterValues[9] =
        {
            ParameterName = Fx_Glow_color_B
            ParameterValue = { R=0, G=0, B=1, A=1 }
        }
    }
    Parent = Material3'Basic_Hades1'
    FlattenedTexture = None
    MobileBaseTexture = None
    MobileNormalTexture = None
    bUseMobileSpecular = false
    MobileSpecularPower = 16
    MobileSpecularMask = MSM_Constant (0)
    MobileMaskTexture = None
