Found 16187 game files (144 skipped)
Loading package: 00018121.upk Ver: 573/1 Engine: 4205 Names: 239 Exports: 292 Imports: 18 Game: 801A
Loading SkeletalMesh3 Monster_Human_AncientAdamantineMan_col1 from package 00018121.upk
WARNING: ObjectProperty "USkeletalMesh3::PlaySoundSet" was not found
WARNING: FloatProperty "USkeletalMesh3::AnimNameHeight" was not found
WARNING: FloatProperty "USkeletalMesh3::NormalNameHeight" was not found
WARNING: FloatProperty "USkeletalMesh3::LowNameHeight" was not found
Loading package: 00018120.upk Ver: 573/1 Engine: 4205 Names: 91 Exports: 1 Imports: 20 Game: 801A
Loading SkeletalMeshSocket SkeletalMeshSocket_32 from package 00018121.upk
WARNING: ObjectProperty "USkeletalMeshSocket::PreviewSkelMesh" was not found
Loading SkeletalMeshSocket SkeletalMeshSocket_33 from package 00018121.upk
Loading SkeletalMeshSocket SkeletalMeshSocket_34 from package 00018121.upk
Loading SkeletalMeshSocket SkeletalMeshSocket_35 from package 00018121.upk
Loading SkeletalMeshSocket SkeletalMeshSocket_36 from package 00018121.upk
Loading SkeletalMeshSocket SkeletalMeshSocket_37 from package 00018121.upk
Loading SkeletalMeshSocket SkeletalMeshSocket_38 from package 00018121.upk
Loading SkeletalMeshSocket SkeletalMeshSocket_39 from package 00018121.upk
Loading SkeletalMeshSocket SkeletalMeshSocket_40 from package 00018121.upk
Loading SkeletalMeshSocket SkeletalMeshSocket_41 from package 00018121.upk
Loading SkeletalMeshSocket SkeletalMeshSocket_42 from package 00018121.upk
Loading MaterialInstanceConstant col1 from package 00018120.upk
Loading package: 00018119.upk Ver: 573/1 Engine: 4205 Names: 33 Exports: 5 Imports: 2 Game: 801A
Loading package: 00002640.upk Ver: 573/1 Engine: 4205 Names: 340 Exports: 556 Imports: 5 Game: 801A
Loading package: 00002620.upk Ver: 573/1 Engine: 4205 Names: 500 Exports: 5733 Imports: 89 Game: 801A
Loading Texture2D Monster_Human_AncientAdamantineMan_col1_N from package 00018119.upk
Loading Texture2D Monster_Human_AncientAdamantineMan_col1_M from package 00018119.upk
Loading Texture2D Monster_Human_AncientAdamantineMan_col1_D from package 00018119.upk
Loading Texture2D Monster_Human_AncientAdamantineMan_col1_S from package 00018119.upk
Loading TextureCube cube_cst from package 00002640.upk
Loading Texture2D Monster_Human_AncientAdamantineMan_col1_E from package 00018119.upk
Loading Material3 Basic from package 00002620.upk
Loading package: 00012963.upk Ver: 573/1 Engine: 4205 Names: 1199 Exports: 1162 Imports: 10 Game: 801A
Loading Texture2D CubemapFace0 from package 00002640.upk
Loading Texture2D CubemapFace1 from package 00002640.upk
Loading Texture2D CubemapFace2 from package 00002640.upk
Loading Texture2D CubemapFace3 from package 00002640.upk
Loading Texture2D CubemapFace4 from package 00002640.upk
Loading Texture2D CubemapFace5 from package 00002640.upk
Loading Texture2D check_n from package 00002620.upk
Loading Texture2D check from package 00002620.upk
Loading Texture2D Smoke_Pattern_001 from package 00012963.upk
Loading Texture2D Gradient_Line_003 from package 00012963.upk
Loading Texture2D Gradient_Wipe_BurnOut_Mask_TEST from package 00012963.upk
Loading Texture2D Gradient_Wipe_BurnOut_Mask from package 00012963.upk
Loaded in 0.14 sec, 2992 allocs, 5.08 MBytes serialized in 383476 calls.

Object info:
============
ClassName: SkeletalMesh3 ObjectName: Monster_Human_AncientAdamantineMan_col1

    LODInfo[1] =
    {
        LODInfo[0] =
        {
            DisplayFactor = 0
            LODHysteresis = 0.02
            LODMaterialMap[0] = {}
            bEnableShadowCasting[2] = { true, true }
        }
    }
    Sockets[11] =
    {
        Sockets[0] = SkeletalMeshSocket'Monster_Human_AncientAdamantineMan_col1.SkeletalMeshSocket_32'
        Sockets[1] = SkeletalMeshSocket'Monster_Human_AncientAdamantineMan_col1.SkeletalMeshSocket_33'
        Sockets[2] = SkeletalMeshSocket'Monster_Human_AncientAdamantineMan_col1.SkeletalMeshSocket_34'
        Sockets[3] = SkeletalMeshSocket'Monster_Human_AncientAdamantineMan_col1.SkeletalMeshSocket_35'
        Sockets[4] = SkeletalMeshSocket'Monster_Human_AncientAdamantineMan_col1.SkeletalMeshSocket_36'
        Sockets[5] = SkeletalMeshSocket'Monster_Human_AncientAdamantineMan_col1.SkeletalMeshSocket_37'
        Sockets[6] = SkeletalMeshSocket'Monster_Human_AncientAdamantineMan_col1.SkeletalMeshSocket_38'
        Sockets[7] = SkeletalMeshSocket'Monster_Human_AncientAdamantineMan_col1.SkeletalMeshSocket_39'
        Sockets[8] = SkeletalMeshSocket'Monster_Human_AncientAdamantineMan_col1.SkeletalMeshSocket_40'
        Sockets[9] = SkeletalMeshSocket'Monster_Human_AncientAdamantineMan_col1.SkeletalMeshSocket_41'
        Sockets[10] = SkeletalMeshSocket'Monster_Human_AncientAdamantineMan_col1.SkeletalMeshSocket_42'
    }
    bHasVertexColors = false
    EnableTwistBoneFixers = true
    EnableClavicleFixer = true
    Materials[1] = { MaterialInstanceConstant'col1' }


    Lods[1] =
    {
        Lods[0] =
        {
            Sections[2] =
            {
                Sections[0] = { Material=MaterialInstanceConstant'col1', FirstIndex=0, NumFaces=8676 }
                Sections[1] = { Material=MaterialInstanceConstant'col1', FirstIndex=26028, NumFaces=272 }
            }
            NumVerts = 6162
            IndexCount = 26844
            NumTexCoords = 1
        }
    }
    LodCount = 1
    MeshOrigin = { X=-0, Y=-0, Z=-0 }
    MeshScale = { X=1, Y=1, Z=1 }
    RotOrigin = { Yaw=0, Pitch=0, Roll=0 }
    BoneCount = 127

Object info:
============
ClassName: SkeletalMeshSocket ObjectName: SkeletalMeshSocket_32

    SocketName = WeaponR
    BoneName = WeaponR
    RelativeLocation = { X=0, Y=0, Z=0 }
    RelativeRotation = { Yaw=0, Pitch=0, Roll=0 }
    RelativeScale = { X=1, Y=1, Z=1 }

Object info:
============
ClassName: SkeletalMeshSocket ObjectName: SkeletalMeshSocket_33

    SocketName = Particle_stone_m
    BoneName = Bip01Spine2
    RelativeLocation = { X=7.3613, Y=-16.5092, Z=-15.0957 }
    RelativeRotation = { Yaw=-19546, Pitch=7965, Roll=7280 }
    RelativeScale = { X=1, Y=1, Z=1 }

Object info:
============
ClassName: SkeletalMeshSocket ObjectName: SkeletalMeshSocket_34

    SocketName = target_high
    BoneName = Bip01Head
    RelativeLocation = { X=0, Y=0, Z=0 }
    RelativeRotation = { Yaw=0, Pitch=0, Roll=0 }
    RelativeScale = { X=1, Y=1, Z=1 }

Object info:
============
ClassName: SkeletalMeshSocket ObjectName: SkeletalMeshSocket_35

    SocketName = Catch_Back
    BoneName = Bip01Spine2
    RelativeLocation = { X=0, Y=23.9295, Z=0 }
    RelativeRotation = { Yaw=0, Pitch=0, Roll=0 }
    RelativeScale = { X=1, Y=1, Z=1 }

Object info:
============
ClassName: SkeletalMeshSocket ObjectName: SkeletalMeshSocket_36

    SocketName = socket_force
    BoneName = Root
    RelativeLocation = { X=44, Y=38.7806, Z=-43 }
    RelativeRotation = { Yaw=0, Pitch=0, Roll=0 }
    RelativeScale = { X=1, Y=1, Z=1 }

Object info:
============
ClassName: SkeletalMeshSocket ObjectName: SkeletalMeshSocket_37

    SocketName = socket_neck
    BoneName = Bip01Neck1
    RelativeLocation = { X=0, Y=0, Z=0 }
    RelativeRotation = { Yaw=0, Pitch=0, Roll=0 }
    RelativeScale = { X=1, Y=1, Z=1 }

Object info:
============
ClassName: SkeletalMeshSocket ObjectName: SkeletalMeshSocket_38

    SocketName = Decap_Socket
    BoneName = Bip01Neck1
    RelativeLocation = { X=5.45522, Y=6.55647, Z=4.71144 }
    RelativeRotation = { Yaw=0, Pitch=0, Roll=0 }
    RelativeScale = { X=1, Y=1, Z=1 }

Object info:
============
ClassName: SkeletalMeshSocket ObjectName: SkeletalMeshSocket_39

    SocketName = Mount_Socket
    BoneName = Bip01Spine1
    RelativeLocation = { X=0, Y=-8.30923, Z=0 }
    RelativeRotation = { Yaw=0, Pitch=0, Roll=-16384 }
    RelativeScale = { X=1, Y=1, Z=1 }

Object info:
============
ClassName: SkeletalMeshSocket ObjectName: SkeletalMeshSocket_40

    SocketName = Mount_Ambar_Socket
    BoneName = Bip01LClavicle
    RelativeLocation = { X=2.56573, Y=-13.8821, Z=-21.2274 }
    RelativeRotation = { Yaw=-285, Pitch=9970, Roll=22850 }
    RelativeScale = { X=1, Y=1, Z=1 }

Object info:
============
ClassName: SkeletalMeshSocket ObjectName: SkeletalMeshSocket_41

    SocketName = Mount_Choke_Socket
    BoneName = Root
    RelativeLocation = { X=7.97719, Y=-4.90856, Z=37.25 }
    RelativeRotation = { Yaw=32768, Pitch=0, Roll=0 }
    RelativeScale = { X=1, Y=1, Z=1 }

Object info:
============
ClassName: SkeletalMeshSocket ObjectName: SkeletalMeshSocket_42

    SocketName = ATTACH_EFFECT
    BoneName = Bip01
    RelativeLocation = { X=10, Y=0, Z=0 }
    RelativeRotation = { Yaw=0, Pitch=0, Roll=0 }
    RelativeScale = { X=1, Y=1, Z=1 }
