Found 16187 game files (144 skipped)
Loading package: 00010946.upk Ver: 573/1 Engine: 4205 Names: 61 Exports: 6 Imports: 10 Game: 801A
Loading SkeletalMesh3 010011_JinF from package 00010946.upk
Loading package: 00010932.upk Ver: 573/1 Engine: 4205 Names: 71 Exports: 1 Imports: 15 Game: 801A
Loading MaterialInstanceConstant col1 from package 00010932.upk
Loading package: 00010931.upk Ver: 573/1 Engine: 4205 Names: 36 Exports: 8 Imports: 2 Game: 801A
Loading package: 00002620.upk Ver: 573/1 Engine: 4205 Names: 500 Exports: 5733 Imports: 89 Game: 801A
Loading Texture2D mask_N from package 00010931.upk
Loading Texture2D mask_D from package 00010931.upk
Loading Texture2D mask_S from package 00010931.upk
Loading Material3 Basic from package 00002620.upk
Loading package: 00012963.upk Ver: 573/1 Engine: 4205 Names: 1199 Exports: 1162 Imports: 10 Game: 801A
Loading Texture2D check_n from package 00002620.upk
Loading Texture2D check from package 00002620.upk
Loading Texture2D Smoke_Pattern_001 from package 00012963.upk
Loading Texture2D Gradient_Line_003 from package 00012963.upk
Loading Texture2D Gradient_Wipe_BurnOut_Mask_TEST from package 00012963.upk
Loading Texture2D Gradient_Wipe_BurnOut_Mask from package 00012963.upk
Loaded in 0.049 sec, 2167 allocs, 0.69 MBytes serialized in 136988 calls.

Object info:
============
ClassName: SkeletalMesh3 ObjectName: 010011_JinF

    LODInfo[1] =
    {
        LODInfo[0] =
        {
            DisplayFactor = 0
            LODHysteresis = 0.02
            LODMaterialMap[0] = {}
            bEnableShadowCasting[1] = { true }
        }
    }
    Sockets[0] = {}
    bHasVertexColors = false
    EnableTwistBoneFixers = true
    EnableClavicleFixer = true
    Materials[1] = { MaterialInstanceConstant'col1' }


    Lods[1] =
    {
        Lods[0] =
        {
            Sections[1] =
            {
                Sections[0] = { Material=MaterialInstanceConstant'col1', FirstIndex=0, NumFaces=163 }
            }
            NumVerts = 118
            IndexCount = 489
            NumTexCoords = 1
        }
    }
    LodCount = 1
    MeshOrigin = { X=-0, Y=-0, Z=-0 }
    MeshScale = { X=1, Y=1, Z=1 }
    RotOrigin = { Yaw=0, Pitch=0, Roll=0 }
    BoneCount = 9
