Found 21310 game files (132 skipped)
Loading package: 00012554.upk Ver: 573/1 Engine: 4205 Names: 77 Exports: 1 Imports: 16 Game: 801A
Loading MaterialInstanceConstant col1 from package 00012554.upk
Loading package: 00012553.upk Ver: 573/1 Engine: 4205 Names: 34 Exports: 5 Imports: 2 Game: 801A
Loading package: 00002620.upk Ver: 573/1 Engine: 4205 Names: 560 Exports: 6612 Imports: 96 Game: 801A
Loading Texture2D 040021_JinM_N from package 00012553.upk
Loading Texture2D 040021_JinM_D from package 00012553.upk
Loading Texture2D 040021_JinM_S from package 00012553.upk
Loading Texture2D 040021_JinM_E from package 00012553.upk
WARNING: ByteProperty "UTexture2D::ManualLoadSwitchSettings" was not found
Loading Material3 Basic from package 00002620.upk
Loading package: 00012963.upk Ver: 573/1 Engine: 4205 Names: 1234 Exports: 1209 Imports: 10 Game: 801A
Loading Texture2D check_n from package 00002620.upk
Loading Texture2D check from package 00002620.upk
Loading Texture2D Smoke_Pattern_001 from package 00012963.upk
Loading Texture2D Gradient_Line_003 from package 00012963.upk
Loading Texture2D Gradient_Wipe_BurnOut_Mask_TEST from package 00012963.upk
Loading Texture2D Gradient_Wipe_BurnOut_Mask from package 00012963.upk
Loaded in 0.084 sec, 2215 allocs, 1.04 MBytes serialized in 149775 calls.

Object info:
============
ClassName: MaterialInstanceConstant ObjectName: col1

    ScalarParameterValues[6] =
    {
        ScalarParameterValues[0] = { ParameterName=Glossiness1, ParameterValue=5 }
        ScalarParameterValues[1] = { ParameterName=Specular_value, ParameterValue=2.5 }
        ScalarParameterValues[2] = { ParameterName=HighLight_Value, ParameterValue=1 }
        ScalarParameterValues[3] = { ParameterName=HighLight_glossiness, ParameterValue=60 }
        ScalarParameterValues[4] = { ParameterName=Emissive_value, ParameterValue=3 }
        ScalarParameterValues[5] = { ParameterName=Emissive_value2, ParameterValue=1.5 }
    }
    TextureParameterValues[4] =
    {
        TextureParameterValues[0] = { ParameterName=Normal, ParameterValue=Texture2D'040021_JinM_N' }
        TextureParameterValues[1] = { ParameterName=Diffuse, ParameterValue=Texture2D'040021_JinM_D' }
        TextureParameterValues[2] = { ParameterName=Specular, ParameterValue=Texture2D'040021_JinM_S' }
        TextureParameterValues[3] = { ParameterName=Emissive, ParameterValue=Texture2D'040021_JinM_E' }
    }
    VectorParameterValues[0] = {}
    Parent = Material3'Basic'
    FlattenedTexture = None
    MobileBaseTexture = None
    MobileNormalTexture = None
    bUseMobileSpecular = false
    MobileSpecularPower = 16
    MobileSpecularMask = MSM_Constant (0)
    MobileMaskTexture = None
