Found 16187 game files (144 skipped)
Loading package: 00012535.upk Ver: 573/1 Engine: 4205 Names: 83 Exports: 1 Imports: 20 Game: 801A
Loading MaterialInstanceConstant col2 from package 00012535.upk
Loading package: 00007099.upk Ver: 573/1 Engine: 4205 Names: 50 Exports: 21 Imports: 4 Game: 801A
Loading package: 00002640.upk Ver: 573/1 Engine: 4205 Names: 340 Exports: 556 Imports: 5 Game: 801A
Loading package: 00002620.upk Ver: 573/1 Engine: 4205 Names: 500 Exports: 5733 Imports: 89 Game: 801A
Loading Texture2D Cloth_40002_GonM_col1_N from package 00007099.upk
Loading Texture2D Cloth_40002_GonM_col1_M from package 00007099.upk
Loading Texture2D 40002_GonM_D2 from package 00007099.upk
Loading Texture2D 40002_GonM_S2 from package 00007099.upk
Loading TextureCube lenscube_c from package 00002640.upk
Loading Material3 Body from package 00002620.upk
Loading package: 00012963.upk Ver: 573/1 Engine: 4205 Names: 1199 Exports: 1162 Imports: 10 Game: 801A
Loading Texture2D CubemapFace0 from package 00002640.upk
Loading Texture2D CubemapFace1 from package 00002640.upk
Loading Texture2D CubemapFace2 from package 00002640.upk
Loading Texture2D CubemapFace3 from package 00002640.upk
Loading Texture2D CubemapFace4 from package 00002640.upk
Loading Texture2D CubemapFace5 from package 00002640.upk
Loading Texture2D check_n from package 00002620.upk
Loading Texture2D Noise_Glass_000 from package 00012963.upk
Loading Texture2D Smoke_Pattern_001 from package 00012963.upk
Loading Texture2D Gradient_Wipe_BurnOut_Mask_TEST from package 00012963.upk
Loading Texture2D Gradient_Wipe_BurnOut_Mask from package 00012963.upk
Loading Texture2D check from package 00002620.upk
Loading Texture2D Gradient_Line_003 from package 00012963.upk
Loaded in 0.098 sec, 2684 allocs, 1.44 MBytes serialized in 145570 calls.

Object info:
============
ClassName: MaterialInstanceConstant ObjectName: col2

    ScalarParameterValues[4] =
    {
        ScalarParameterValues[0] = { ParameterName=Skin_glossiness, ParameterValue=3.5 }
        ScalarParameterValues[1] = { ParameterName=Wear_glossiness1, ParameterValue=3 }
        ScalarParameterValues[2] = { ParameterName=Wear_glossiness2, ParameterValue=15 }
        ScalarParameterValues[3] = { ParameterName=Skin_Spec_value, ParameterValue=1 }
    }
    TextureParameterValues[5] =
    {
        TextureParameterValues[0] = { ParameterName=Body_normal, ParameterValue=Texture2D'Cloth_40002_GonM_col1_N' }
        TextureParameterValues[1] = { ParameterName=Body_mask_RGB, ParameterValue=Texture2D'Cloth_40002_GonM_col1_M' }
        TextureParameterValues[2] = { ParameterName=Body_diffuse, ParameterValue=Texture2D'40002_GonM_D2' }
        TextureParameterValues[3] = { ParameterName=Body_specular, ParameterValue=Texture2D'40002_GonM_S2' }
        TextureParameterValues[4] = { ParameterName=rf_cube, ParameterValue=TextureCube'lenscube_c' }
    }
    VectorParameterValues[2] =
    {
        VectorParameterValues[0] =
        {
            ParameterName = Reflection_value
            ParameterValue = { R=0.687031, G=0.687031, B=0.687031, A=1 }
        }
        VectorParameterValues[1] =
        {
            ParameterName = skin_color
            ParameterValue = { R=1, G=1, B=1, A=1 }
        }
    }
    Parent = Material3'Body'
    FlattenedTexture = None
    MobileBaseTexture = None
    MobileNormalTexture = None
    bUseMobileSpecular = false
    MobileSpecularPower = 16
    MobileSpecularMask = MSM_Constant (0)
    MobileMaskTexture = None
