Found 16186 game files (0 skipped)
Loading package: 00018103.upk Ver: 573/1 Engine: 4205 Names: 28 Exports: 2 Imports: 2 Game: 801A
Loading Texture2D 040066_KunN_d from package 00018103.upk
Loading Texture2D 040066_KunN_N from package 00018103.upk
Loaded in 0.016 sec, 110 allocs, 0.41 MBytes serialized in 581 calls.

Object info:
============
ClassName: Texture2D ObjectName: 040066_KunN_d

    SizeX = 512
    SizeY = 512
    Format = PF_DXT5 (7)
    AddressX = TA_Wrap (0)
    AddressY = TA_Wrap (0)
    TextureFileCacheName = None
    MipTailBaseIdx = 9
    bForcePVRTC4 = false
    UnpackMin[4] = { 0, 0, 0, 0 }
    UnpackMax[4] = { 1, 1, 1, 1 }

Object info:
============
ClassName: Texture2D ObjectName: 040066_KunN_N

    SizeX = 512
    SizeY = 512
    Format = PF_DXT5 (7)
    AddressX = TA_Wrap (0)
    AddressY = TA_Wrap (0)
    TextureFileCacheName = None
    MipTailBaseIdx = 9
    bForcePVRTC4 = false
    UnpackMin[4] = { -1, -1, -1, 0 }
    UnpackMax[4] = { 1, 1, 1, 1 }
