Found 16187 game files (144 skipped)
Loading package: 00010005.upk Ver: 573/1 Engine: 4205 Names: 86 Exports: 2 Imports: 21 Game: 801A
Loading MaterialInstanceConstant col1 from package 00010005.upk
Loading package: 00010004.upk Ver: 573/1 Engine: 4205 Names: 48 Exports: 21 Imports: 6 Game: 801A
Loading package: 00002620.upk Ver: 573/1 Engine: 4205 Names: 500 Exports: 5733 Imports: 89 Game: 801A
Loading Texture2D Nm from package 00010004.upk
Loading Texture2D Mm from package 00010004.upk
Loading Texture2D Dm from package 00010004.upk
Loading Texture2D SM from package 00010004.upk
Loading Material3 Body from package 00002620.upk
Loading package: 00012963.upk Ver: 573/1 Engine: 4205 Names: 1199 Exports: 1162 Imports: 10 Game: 801A
Loading Texture2D check_n from package 00002620.upk
Loading Texture2D Noise_Glass_000 from package 00012963.upk
Loading Texture2D Smoke_Pattern_001 from package 00012963.upk
Loading Texture2D Gradient_Wipe_BurnOut_Mask_TEST from package 00012963.upk
Loading Texture2D Gradient_Wipe_BurnOut_Mask from package 00012963.upk
Loading Texture2D check from package 00002620.upk
Loading Texture2D Gradient_Line_003 from package 00012963.upk
Loaded in 0.075 sec, 2176 allocs, 1.35 MBytes serialized in 133476 calls.

Object info:
============
ClassName: MaterialInstanceConstant ObjectName: col1

    ScalarParameterValues[6] =
    {
        ScalarParameterValues[0] = { ParameterName=Skin_glossiness, ParameterValue=80 }
        ScalarParameterValues[1] = { ParameterName=Wear_glossiness1, ParameterValue=10 }
        ScalarParameterValues[2] = { ParameterName=Wear_glossiness2, ParameterValue=5 }
        ScalarParameterValues[3] = { ParameterName=Skin_Spec_value, ParameterValue=2 }
        ScalarParameterValues[4] = { ParameterName=Fresnel Value, ParameterValue=5 }
        ScalarParameterValues[5] = { ParameterName=Fresnel exponent, ParameterValue=15 }
    }
    TextureParameterValues[4] =
    {
        TextureParameterValues[0] = { ParameterName=Body_normal, ParameterValue=Texture2D'Nm' }
        TextureParameterValues[1] = { ParameterName=Body_mask_RGB, ParameterValue=Texture2D'Mm' }
        TextureParameterValues[2] = { ParameterName=Body_diffuse, ParameterValue=Texture2D'Dm' }
        TextureParameterValues[3] = { ParameterName=Body_specular, ParameterValue=Texture2D'SM' }
    }
    VectorParameterValues[2] =
    {
        VectorParameterValues[0] =
        {
            ParameterName = Reflection_value
            ParameterValue = { R=1, G=0.21952, B=0.21952, A=1 }
        }
        VectorParameterValues[1] =
        {
            ParameterName = skin_color
            ParameterValue = { R=1, G=1, B=1, A=1 }
        }
    }
    Parent = Material3'Body'
    FlattenedTexture = None
    MobileBaseTexture = None
    MobileNormalTexture = None
    bUseMobileSpecular = false
    MobileSpecularPower = 16
    MobileSpecularMask = MSM_Constant (0)
    MobileMaskTexture = None
