Found 21974 game files (0 skipped)
Loading package: 00010850.upk Ver: 573/1 Engine: 4205 Names: 88 Exports: 38 Imports: 12 Game: 801A
Loading SkeletalMesh3 990009_BoneMaskThinA from package 00010850.upk
Loading package: 00010847.upk Ver: 573/1 Engine: 4205 Names: 167 Exports: 141 Imports: 45 Game: 801A
Loading MaterialInstanceConstant col1 from package 00010847.upk
Loading package: 00010846.upk Ver: 573/1 Engine: 4205 Names: 45 Exports: 12 Imports: 4 Game: 801A
Loading package: 00002640.upk Ver: 573/1 Engine: 4205 Names: 340 Exports: 556 Imports: 5 Game: 801A
Loading package: 00002620.upk Ver: 573/1 Engine: 4205 Names: 560 Exports: 6612 Imports: 96 Game: 801A
Loading package: 00012963.upk Ver: 573/1 Engine: 4205 Names: 1236 Exports: 1211 Imports: 10 Game: 801A
Loading Texture2D Acc_BoneMaskThinA_col1_N from package 00010846.upk
Loading Texture2D Acc_BoneMaskThinA_col1_M from package 00010846.upk
Loading Texture2D Acc_BoneMaskThinA_col1_D from package 00010846.upk
Loading Texture2D Acc_BoneMaskThinA_col1_S from package 00010846.upk
Loading TextureCube lenscube_a from package 00002640.upk
Loading Texture2D check from package 00002620.upk
Loading Texture2D Smoke_Pattern_001 from package 00012963.upk
Loading Texture2D Acc_BoneMaskThinA_Fx_Line from package 00010846.upk
Loading Material3 Basic_AccBoneMaskThin from package 00010847.upk
Loading Texture2D CubemapFace0 from package 00002640.upk
Loading Texture2D CubemapFace1 from package 00002640.upk
Loading Texture2D CubemapFace2 from package 00002640.upk
Loading Texture2D CubemapFace3 from package 00002640.upk
Loading Texture2D CubemapFace4 from package 00002640.upk
Loading Texture2D CubemapFace5 from package 00002640.upk
Loading Texture2D check_n from package 00002620.upk
Loading Texture2D Gradient_Line_003 from package 00012963.upk
Loading Texture2D Gradient_Wipe_BurnOut_Mask_TEST from package 00012963.upk
Loading Texture2D Gradient_Wipe_BurnOut_Mask from package 00012963.upk
Loaded in 0.13 sec, 2982 allocs, 1.77 MBytes serialized in 240374 calls.

Object info:
============
ClassName: SkeletalMesh3 ObjectName: 990009_BoneMaskThinA

    LODInfo[1] =
    {
        LODInfo[0] =
        {
            DisplayFactor = 0
            LODHysteresis = 0.02
            LODMaterialMap[0] = {}
            bEnableShadowCasting[1] = { true }
        }
    }
    Sockets[0] = {}
    bHasVertexColors = false
    EnableTwistBoneFixers = true
    EnableClavicleFixer = true
    Materials[1] = { MaterialInstanceConstant'col1' }


    Lods[1] =
    {
        Lods[0] =
        {
            Sections[1] =
            {
                Sections[0] = { Material=MaterialInstanceConstant'col1', FirstIndex=0, NumFaces=2922 }
            }
            NumVerts = 2300
            IndexCount = 8766
            NumTexCoords = 1
        }
    }
    LodCount = 1
    MeshOrigin = { X=-0, Y=-0, Z=-0 }
    MeshScale = { X=1, Y=1, Z=1 }
    RotOrigin = { Yaw=0, Pitch=0, Roll=0 }
    BoneCount = 11
