Found 16186 game files (0 skipped)
Loading package: 00014535.upk Ver: 573/1 Engine: 4205 Names: 200 Exports: 378 Imports: 24 Game: 801A
Loading SkeletalMesh3 FrogTribeC from package 00014535.upk
WARNING: ObjectProperty "USkeletalMesh3::PlaySoundSet" was not found
WARNING: ObjectProperty "USkeletalMesh3::PlayParticleSet" was not found
WARNING: FloatProperty "USkeletalMesh3::AnimNameHeight" was not found
WARNING: FloatProperty "USkeletalMesh3::NormalNameHeight" was not found
WARNING: FloatProperty "USkeletalMesh3::LowNameHeight" was not found
Loading package: 00014534.upk Ver: 573/1 Engine: 4205 Names: 166 Exports: 141 Imports: 45 Game: 801A
Loading SkeletalMeshSocket SkeletalMeshSocket_49 from package 00014535.upk
Loading SkeletalMeshSocket SkeletalMeshSocket_50 from package 00014535.upk
Loading SkeletalMeshSocket SkeletalMeshSocket_51 from package 00014535.upk
Loading SkeletalMeshSocket SkeletalMeshSocket_52 from package 00014535.upk
Loading SkeletalMeshSocket SkeletalMeshSocket_70 from package 00014535.upk
WARNING: ObjectProperty "USkeletalMeshSocket::PreviewSkelMesh" was not found
Loading SkeletalMeshSocket SkeletalMeshSocket_80 from package 00014535.upk
Loading SkeletalMeshSocket SkeletalMeshSocket_81 from package 00014535.upk
Loading SkeletalMeshSocket SkeletalMeshSocket_82 from package 00014535.upk
Loading SkeletalMeshSocket SkeletalMeshSocket_84 from package 00014535.upk
Loading SkeletalMeshSocket SkeletalMeshSocket_88 from package 00014535.upk
Loading SkeletalMeshSocket SkeletalMeshSocket_89 from package 00014535.upk
Loading MaterialInstanceConstant col1 from package 00014534.upk
Loading package: 00014533.upk Ver: 573/1 Engine: 4205 Names: 40 Exports: 12 Imports: 2 Game: 801A
Loading package: 00002640.upk Ver: 573/1 Engine: 4205 Names: 340 Exports: 556 Imports: 5 Game: 801A
Loading package: 00002620.upk Ver: 573/1 Engine: 4205 Names: 500 Exports: 5733 Imports: 89 Game: 801A
Loading Texture2D Human_FrogTribeC_N from package 00014533.upk
Loading Texture2D Human_FrogTribeC_M from package 00014533.upk
Loading Texture2D Human_FrogTribeC_D from package 00014533.upk
Loading Texture2D Human_FrogTribeC_S from package 00014533.upk
Loading TextureCube lenscube from package 00002640.upk
Loading Texture2D check from package 00002620.upk
Loading Texture2D Human_FrogTribeC_FX from package 00014533.upk
Loading Material3 Basic_FrogC from package 00014534.upk
Loading package: 00012963.upk Ver: 573/1 Engine: 4205 Names: 1199 Exports: 1162 Imports: 10 Game: 801A
Loading Texture2D CubemapFace0 from package 00002640.upk
Loading Texture2D CubemapFace1 from package 00002640.upk
Loading Texture2D CubemapFace2 from package 00002640.upk
Loading Texture2D CubemapFace3 from package 00002640.upk
Loading Texture2D CubemapFace4 from package 00002640.upk
Loading Texture2D CubemapFace5 from package 00002640.upk
Loading Texture2D check_n from package 00002620.upk
Loading Texture2D Smoke_Pattern_001 from package 00012963.upk
Loading Texture2D Gradient_Line_003 from package 00012963.upk
Loading Texture2D Gradient_Wipe_BurnOut_Mask_TEST from package 00012963.upk
Loading Texture2D Gradient_Wipe_BurnOut_Mask from package 00012963.upk
Loaded in 0.12 sec, 3008 allocs, 2.05 MBytes serialized in 290618 calls.

Object info:
============
ClassName: SkeletalMesh3 ObjectName: FrogTribeC

    LODInfo[1] =
    {
        LODInfo[0] =
        {
            DisplayFactor = 0
            LODHysteresis = 0.02
            LODMaterialMap[0] = {}
            bEnableShadowCasting[1] = { true }
        }
    }
    Sockets[11] =
    {
        Sockets[0] = SkeletalMeshSocket'FrogTribeC.SkeletalMeshSocket_70'
        Sockets[1] = SkeletalMeshSocket'FrogTribeC.SkeletalMeshSocket_80'
        Sockets[2] = SkeletalMeshSocket'FrogTribeC.SkeletalMeshSocket_81'
        Sockets[3] = SkeletalMeshSocket'FrogTribeC.SkeletalMeshSocket_82'
        Sockets[4] = SkeletalMeshSocket'FrogTribeC.SkeletalMeshSocket_84'
        Sockets[5] = SkeletalMeshSocket'FrogTribeC.SkeletalMeshSocket_88'
        Sockets[6] = SkeletalMeshSocket'FrogTribeC.SkeletalMeshSocket_89'
        Sockets[7] = SkeletalMeshSocket'FrogTribeC.SkeletalMeshSocket_49'
        Sockets[8] = SkeletalMeshSocket'FrogTribeC.SkeletalMeshSocket_50'
        Sockets[9] = SkeletalMeshSocket'FrogTribeC.SkeletalMeshSocket_51'
        Sockets[10] = SkeletalMeshSocket'FrogTribeC.SkeletalMeshSocket_52'
    }
    bHasVertexColors = false
    EnableTwistBoneFixers = true
    EnableClavicleFixer = true
    Materials[1] = { MaterialInstanceConstant'col1' }


    Lods[1] =
    {
        Lods[0] =
        {
            Sections[1] =
            {
                Sections[0] = { Material=MaterialInstanceConstant'col1', FirstIndex=0, NumFaces=4933 }
            }
            NumVerts = 3656
            IndexCount = 14799
            NumTexCoords = 1
        }
    }
    LodCount = 1
    MeshOrigin = { X=-0, Y=-0, Z=-0 }
    MeshScale = { X=1, Y=1, Z=1 }
    RotOrigin = { Yaw=0, Pitch=0, Roll=0 }
    BoneCount = 78

Object info:
============
ClassName: SkeletalMeshSocket ObjectName: SkeletalMeshSocket_49

    SocketName = socket_force
    BoneName = Root
    RelativeLocation = { X=90, Y=45, Z=0 }
    RelativeRotation = { Yaw=0, Pitch=0, Roll=0 }
    RelativeScale = { X=1, Y=1, Z=1 }

Object info:
============
ClassName: SkeletalMeshSocket ObjectName: SkeletalMeshSocket_50

    SocketName = Mount_Socket
    BoneName = Bip01Spine1
    RelativeLocation = { X=0.174509, Y=-35.5392, Z=0 }
    RelativeRotation = { Yaw=0, Pitch=0, Roll=-16384 }
    RelativeScale = { X=1, Y=1, Z=1 }

Object info:
============
ClassName: SkeletalMeshSocket ObjectName: SkeletalMeshSocket_51

    SocketName = Mount_Ambar_Socket
    BoneName = Bip01LClavicle
    RelativeLocation = { X=5, Y=-14, Z=-25 }
    RelativeRotation = { Yaw=-285, Pitch=9970, Roll=22850 }
    RelativeScale = { X=1, Y=1, Z=1 }

Object info:
============
ClassName: SkeletalMeshSocket ObjectName: SkeletalMeshSocket_52

    SocketName = Mount_Choke_Socket
    BoneName = Root
    RelativeLocation = { X=29.1402, Y=-8.58067, Z=25.25 }
    RelativeRotation = { Yaw=32768, Pitch=0, Roll=0 }
    RelativeScale = { X=1, Y=1, Z=1 }

Object info:
============
ClassName: SkeletalMeshSocket ObjectName: SkeletalMeshSocket_70

    SocketName = WeaponR
    BoneName = WeaponR
    RelativeLocation = { X=0, Y=0, Z=0 }
    RelativeRotation = { Yaw=0, Pitch=0, Roll=0 }
    RelativeScale = { X=1, Y=1, Z=1 }

Object info:
============
ClassName: SkeletalMeshSocket ObjectName: SkeletalMeshSocket_80

    SocketName = W_R
    BoneName = WeaponR
    RelativeLocation = { X=-1.68182, Y=0, Z=41.4655 }
    RelativeRotation = { Yaw=0, Pitch=0, Roll=0 }
    RelativeScale = { X=1, Y=1, Z=1 }

Object info:
============
ClassName: SkeletalMeshSocket ObjectName: SkeletalMeshSocket_81

    SocketName = ATTACH_EFFECT
    BoneName = Bip01
    RelativeLocation = { X=10, Y=0, Z=0 }
    RelativeRotation = { Yaw=0, Pitch=0, Roll=0 }
    RelativeScale = { X=1, Y=1, Z=1 }

Object info:
============
ClassName: SkeletalMeshSocket ObjectName: SkeletalMeshSocket_82

    SocketName = Catch_Neck
    BoneName = Bip01Neck
    RelativeLocation = { X=2.03753, Y=-18.8743, Z=0 }
    RelativeRotation = { Yaw=0, Pitch=0, Roll=0 }
    RelativeScale = { X=1, Y=1, Z=1 }

Object info:
============
ClassName: SkeletalMeshSocket ObjectName: SkeletalMeshSocket_84

    SocketName = Catch_Back
    BoneName = Bip01Spine2
    RelativeLocation = { X=0, Y=30.4156, Z=0 }
    RelativeRotation = { Yaw=0, Pitch=0, Roll=0 }
    RelativeScale = { X=1, Y=1, Z=1 }

Object info:
============
ClassName: SkeletalMeshSocket ObjectName: SkeletalMeshSocket_88

    SocketName = Decap_Socket
    BoneName = Bip01Neck
    RelativeLocation = { X=13.3454, Y=6.63123, Z=0 }
    RelativeRotation = { Yaw=0, Pitch=0, Roll=0 }
    RelativeScale = { X=1, Y=1, Z=1 }

Object info:
============
ClassName: SkeletalMeshSocket ObjectName: SkeletalMeshSocket_89

    SocketName = target_high
    BoneName = Bip01Head
    RelativeLocation = { X=0, Y=-20, Z=0 }
    RelativeRotation = { Yaw=0, Pitch=0, Roll=0 }
    RelativeScale = { X=1, Y=1, Z=1 }
