Found 27000 game files (27 skipped)
Loading package: 00014231.upk Ver: 573/1 Engine: 4205 Names: 92 Exports: 2 Imports: 24 Game: 801A
Loading MaterialInstanceConstant col20 from package 00014231.upk
Loading package: 00008613.upk Ver: 573/1 Engine: 4205 Names: 95 Exports: 6 Imports: 12 Game: 801A
Loading package: 00008486.upk Ver: 573/1 Engine: 4205 Names: 73 Exports: 45 Imports: 4 Game: 801A
Loading package: 00008484.upk Ver: 573/1 Engine: 4205 Names: 33 Exports: 5 Imports: 4 Game: 801A
Loading package: 00004047.upk Ver: 573/1 Engine: 4205 Names: 48 Exports: 18 Imports: 11 Game: 801A
Loading package: 00002620.upk Ver: 573/1 Engine: 4205 Names: 560 Exports: 6612 Imports: 96 Game: 801A
Loading Texture2D Nothing_A from package 00008613.upk
Loading Texture2D LynM_face_BrowBeard1 from package 00008486.upk
Loading Texture2D LynM_face_oldMask from package 00008484.upk
Loading Texture2D Nothing_A_n from package 00008613.upk
Loading Texture2D LynM_face_n from package 00004047.upk
Loading Texture2D LynM_face_d from package 00004047.upk
Loading Texture2D LynM_face_M from package 00004047.upk
Loading Texture2D LynM_face_s from package 00004047.upk
Loading Material3 Ghost_Face-F from package 00002620.upk
Loading package: 00012963.upk Ver: 573/1 Engine: 4205 Names: 1264 Exports: 1240 Imports: 10 Game: 801A
Loading package: EngineResources.upk Ver: 573/1 Engine: 4205 Names: 151 Exports: 86 Imports: 11 Game: 801A
Loading Texture2D check_n from package 00002620.upk
Loading Texture2D check from package 00002620.upk
Loading Texture2D Smoke_Pattern_001 from package 00012963.upk
Loading Texture2D Gradient_Line_003 from package 00012963.upk
Loading Texture2D DefaultTexture from package EngineResources.upk
Loaded in 0.068 sec, 2713 allocs, 0.86 MBytes serialized in 156163 calls.

Object info:
============
ClassName: MaterialInstanceConstant ObjectName: col20

    ScalarParameterValues[20] =
    {
        ScalarParameterValues[0] = { ParameterName=Decal_Up?r(0~1), ParameterValue=0 }
        ScalarParameterValues[1] = { ParameterName=old4, ParameterValue=0 }
        ScalarParameterValues[2] = { ParameterName=old3, ParameterValue=0 }
        ScalarParameterValues[3] = { ParameterName=old2, ParameterValue=0 }
        ScalarParameterValues[4] = { ParameterName=old1, ParameterValue=0 }
        ScalarParameterValues[5] = { ParameterName=EyeLine, ParameterValue=0 }
        ScalarParameterValues[6] = { ParameterName=EyeLine_glossiness, ParameterValue=0 }
        ScalarParameterValues[7] = { ParameterName=EyeShadow, ParameterValue=0 }
        ScalarParameterValues[8] = { ParameterName=EyeShadow_glossiness, ParameterValue=0 }
        ScalarParameterValues[9] = { ParameterName=Lip, ParameterValue=0.3 }
        ScalarParameterValues[10] = { ParameterName=Lip_Glossiness, ParameterValue=50 }
        ScalarParameterValues[11] = { ParameterName=Skin_glossiness2, ParameterValue=50 }
        ScalarParameterValues[12] = { ParameterName=Skin_glossiness1, ParameterValue=3 }
        ScalarParameterValues[13] = { ParameterName=Skin_Spec_value, ParameterValue=1 }
        ScalarParameterValues[14] = { ParameterName=Decal_OriginalColor(0~1), ParameterValue=0 }
        ScalarParameterValues[15] = { ParameterName=Blusher, ParameterValue=0 }
        ScalarParameterValues[16] = { ParameterName=SkinEffect_at_Lip, ParameterValue=0.3 }
        ScalarParameterValues[17] = { ParameterName=Lip_Spec_value, ParameterValue=1 }
        ScalarParameterValues[18] = { ParameterName=Ghost_Fresnel_Power, ParameterValue=2 }
        ScalarParameterValues[19] = { ParameterName=Skin_Spec_value_X, ParameterValue=1 }
    }
    TextureParameterValues[11] =
    {
        TextureParameterValues[0] = { ParameterName=Decal_Diffuse, ParameterValue=Texture2D'Nothing_A' }
        TextureParameterValues[1] = { ParameterName=eyebrow_mask, ParameterValue=Texture2D'LynM_face_BrowBeard1' }
        TextureParameterValues[2] = { ParameterName=old_Mask, ParameterValue=Texture2D'LynM_face_oldMask' }
        TextureParameterValues[3] = { ParameterName=old_Normal, ParameterValue=Texture2D'Nothing_A_n' }
        TextureParameterValues[4] = { ParameterName=Face_Normal, ParameterValue=Texture2D'LynM_face_n' }
        TextureParameterValues[5] = { ParameterName=Decal_Normal, ParameterValue=Texture2D'Nothing_A_n' }
        TextureParameterValues[6] = { ParameterName=Beard_mask, ParameterValue=Texture2D'LynM_face_BrowBeard1' }
        TextureParameterValues[7] = { ParameterName=Face_Diffuse, ParameterValue=Texture2D'LynM_face_d' }
        TextureParameterValues[8] = { ParameterName=makeup_mask, ParameterValue=Texture2D'Nothing_A' }
        TextureParameterValues[9] = { ParameterName=Face_Mask, ParameterValue=Texture2D'LynM_face_M' }
        TextureParameterValues[10] = { ParameterName=Face_Specular, ParameterValue=Texture2D'LynM_face_s' }
    }
    VectorParameterValues[14] =
    {
        VectorParameterValues[0] =
        {
            ParameterName = Mesh_trangition
            ParameterValue = { R=0, G=0, B=0, A=1 }
        }
        VectorParameterValues[1] =
        {
            ParameterName = EyeLine_Specular
            ParameterValue = { R=0, G=0, B=0, A=1 }
        }
        VectorParameterValues[2] =
        {
            ParameterName = EyeShadow_Specular
            ParameterValue = { R=0, G=0, B=0, A=1 }
        }
        VectorParameterValues[3] =
        {
            ParameterName = Lip_Specular
            ParameterValue = { R=1, G=1, B=1, A=1 }
        }
        VectorParameterValues[4] =
        {
            ParameterName = Skin_Specular
            ParameterValue = { R=1, G=1, B=1, A=1 }
        }
        VectorParameterValues[5] =
        {
            ParameterName = Fresnel_color
            ParameterValue = { R=0, G=0, B=0, A=1 }
        }
        VectorParameterValues[6] =
        {
            ParameterName = Fresnel_Power
            ParameterValue = { R=0, G=0, B=0, A=1 }
        }
        VectorParameterValues[7] =
        {
            ParameterName = eyebrow_color
            ParameterValue = { R=0, G=0, B=0, A=1 }
        }
        VectorParameterValues[8] =
        {
            ParameterName = EyeLine_Diffuse
            ParameterValue = { R=0, G=0, B=0, A=1 }
        }
        VectorParameterValues[9] =
        {
            ParameterName = EyeShadow_Diffuse
            ParameterValue = { R=0, G=0, B=0, A=1 }
        }
        VectorParameterValues[10] =
        {
            ParameterName = Blusher_Diffuse
            ParameterValue = { R=0.378676, G=0.005522, B=0.000107, A=1 }
        }
        VectorParameterValues[11] =
        {
            ParameterName = Lip_color
            ParameterValue = { R=1, G=0.21952, B=0.21952, A=1 }
        }
        VectorParameterValues[12] =
        {
            ParameterName = skin_color
            ParameterValue = { R=1, G=1, B=1, A=1 }
        }
        VectorParameterValues[13] =
        {
            ParameterName = Ghost_Fresnel_color
            ParameterValue = { R=0.5, G=1, B=2.5, A=1 }
        }
    }
    Parent = Material3'Ghost_Face-F'
    FlattenedTexture = None
    MobileBaseTexture = None
    MobileNormalTexture = None
    bUseMobileSpecular = false
    MobileSpecularPower = 16
    MobileSpecularMask = MSM_Constant (0)
    MobileMaskTexture = None
