Found 21975 game files (132 skipped)
Loading package: 00010899.upk Ver: 573/1 Engine: 4205 Names: 79 Exports: 3 Imports: 20 Game: 801A
Loading MaterialInstanceConstant col1 from package 00010899.upk
Loading package: 00010898.upk Ver: 573/1 Engine: 4205 Names: 84 Exports: 55 Imports: 4 Game: 801A
Loading package: 00002620.upk Ver: 573/1 Engine: 4205 Names: 560 Exports: 6612 Imports: 96 Game: 801A
Loading Texture2D Cloth_60018_JinM_col1_n from package 00010898.upk
Loading Texture2D Cloth_60018_JinM_col1_mask from package 00010898.upk
Loading Texture2D Cloth_60018_JinM_col1_d from package 00010898.upk
Loading Texture2D Cloth_60018_JinM_col1_s from package 00010898.upk
Loading Material3 Body from package 00002620.upk
Loading package: 00012963.upk Ver: 573/1 Engine: 4205 Names: 1236 Exports: 1211 Imports: 10 Game: 801A
Loading Texture2D check_n from package 00002620.upk
Loading Texture2D Noise_Glass_000 from package 00012963.upk
Loading Texture2D Smoke_Pattern_001 from package 00012963.upk
Loading Texture2D Gradient_Wipe_BurnOut_Mask_TEST from package 00012963.upk
Loading Texture2D Gradient_Wipe_BurnOut_Mask from package 00012963.upk
Loading Texture2D check from package 00002620.upk
Loading Texture2D Gradient_Line_003 from package 00012963.upk
Loaded in 0.13 sec, 2304 allocs, 1.32 MBytes serialized in 151193 calls.

Object info:
============
ClassName: MaterialInstanceConstant ObjectName: col1

    ScalarParameterValues[7] =
    {
        ScalarParameterValues[0] = { ParameterName=Skin_glossiness, ParameterValue=3.5 }
        ScalarParameterValues[1] = { ParameterName=Wear_glossiness1, ParameterValue=8 }
        ScalarParameterValues[2] = { ParameterName=Wear_glossiness2, ParameterValue=30 }
        ScalarParameterValues[3] = { ParameterName=Skin_Spec_value, ParameterValue=1 }
        ScalarParameterValues[4] = { ParameterName=HighLight_Value, ParameterValue=1 }
        ScalarParameterValues[5] = { ParameterName=HighLight_glossiness, ParameterValue=500 }
        ScalarParameterValues[6] = { ParameterName=Specular_value, ParameterValue=2 }
    }
    TextureParameterValues[4] =
    {
        TextureParameterValues[0] = { ParameterName=Body_normal, ParameterValue=Texture2D'Cloth_60018_JinM_col1_n' }
        TextureParameterValues[1] =
        {
            ParameterName = Body_mask_RGB
            ParameterValue = Texture2D'Cloth_60018_JinM_col1_mask'
        }
        TextureParameterValues[2] = { ParameterName=Body_diffuse, ParameterValue=Texture2D'Cloth_60018_JinM_col1_d' }
        TextureParameterValues[3] = { ParameterName=Body_specular, ParameterValue=Texture2D'Cloth_60018_JinM_col1_s' }
    }
    VectorParameterValues[0] = {}
    Parent = Material3'Body'
    FlattenedTexture = None
    MobileBaseTexture = None
    MobileNormalTexture = None
    bUseMobileSpecular = false
    MobileSpecularPower = 16
    MobileSpecularMask = MSM_Constant (0)
    MobileMaskTexture = None
