Found 27000 game files (27 skipped)
Loading package: 00011422.upk Ver: 573/1 Engine: 4205 Names: 72 Exports: 1 Imports: 18 Game: 801A
Loading MaterialInstanceConstant col1 from package 00011422.upk
Loading package: 00011421.upk Ver: 573/1 Engine: 4205 Names: 32 Exports: 4 Imports: 2 Game: 801A
Loading package: 00002620.upk Ver: 573/1 Engine: 4205 Names: 560 Exports: 6612 Imports: 96 Game: 801A
Loading Texture2D 040025_JinF_D from package 00011421.upk
Loading Texture2D 040025_JinF_S from package 00011421.upk
Loading Texture2D 040025_JinF_N from package 00011421.upk
Loading Texture2D 040025_JinF_M from package 00011421.upk
Loading Material3 Hair_Ac from package 00002620.upk
Loading package: 00012963.upk Ver: 573/1 Engine: 4205 Names: 1264 Exports: 1240 Imports: 10 Game: 801A
Loading Texture2D check_n from package 00002620.upk
Loading Texture2D Noise_Glass_000 from package 00012963.upk
Loading Texture2D Smoke_Pattern_000 from package 00012963.upk
Loading Texture2D Smoke_Pattern_001 from package 00012963.upk
Loading Texture2D Gradient_Wipe_BurnOut_Mask_TEST from package 00012963.upk
Loading Texture2D Gradient_Wipe_BurnOut_Mask from package 00012963.upk
Loading Texture2D check from package 00002620.upk
Loading Texture2D Gradient_Line_003 from package 00012963.upk
Loaded in 0.069 sec, 2294 allocs, 1.20 MBytes serialized in 150798 calls.

Object info:
============
ClassName: MaterialInstanceConstant ObjectName: col1

    ScalarParameterValues[4] =
    {
        ScalarParameterValues[0] = { ParameterName=Ac_Glossiness, ParameterValue=3 }
        ScalarParameterValues[1] = { ParameterName=Hair_Glossiness, ParameterValue=15 }
        ScalarParameterValues[2] = { ParameterName=Ac_Glossiness2, ParameterValue=10 }
        ScalarParameterValues[3] = { ParameterName=Acc_Spec_Value, ParameterValue=2 }
    }
    TextureParameterValues[4] =
    {
        TextureParameterValues[0] = { ParameterName=Hair_Diffuse, ParameterValue=Texture2D'040025_JinF_D' }
        TextureParameterValues[1] = { ParameterName=Hair_Specular, ParameterValue=Texture2D'040025_JinF_S' }
        TextureParameterValues[2] = { ParameterName=Hair_normal, ParameterValue=Texture2D'040025_JinF_N' }
        TextureParameterValues[3] = { ParameterName=Hair_Mask_RGB, ParameterValue=Texture2D'040025_JinF_M' }
    }
    VectorParameterValues[3] =
    {
        VectorParameterValues[0] =
        {
            ParameterName = hair_color_S
            ParameterValue = { R=0.136099, G=0.098689, B=0.038473, A=1 }
        }
        VectorParameterValues[1] =
        {
            ParameterName = hair_color_L
            ParameterValue = { R=0.058187, G=0.054592, B=0.051122, A=1 }
        }
        VectorParameterValues[2] =
        {
            ParameterName = hair_color_D
            ParameterValue = { R=0.028991, G=0.026549, B=0.022013, A=1 }
        }
    }
    Parent = Material3'Hair_Ac'
    FlattenedTexture = None
    MobileBaseTexture = None
    MobileNormalTexture = None
    bUseMobileSpecular = false
    MobileSpecularPower = 16
    MobileSpecularMask = MSM_Constant (0)
    MobileMaskTexture = None
