Found 16187 game files (144 skipped)
Loading package: 00012725.upk Ver: 573/1 Engine: 4205 Names: 73 Exports: 1 Imports: 16 Game: 801A
Loading MaterialInstanceConstant col3 from package 00012725.upk
Loading package: 00012722.upk Ver: 573/1 Engine: 4205 Names: 37 Exports: 9 Imports: 2 Game: 801A
Loading package: 00002620.upk Ver: 573/1 Engine: 4205 Names: 500 Exports: 5733 Imports: 89 Game: 801A
Loading Texture2D Weapon_060013_col1_N from package 00012722.upk
Loading Texture2D Weapon_060013_col1_M from package 00012722.upk
Loading Texture2D Weapon_060013_col3_D from package 00012722.upk
Loading Texture2D Weapon_060013_col3_S from package 00012722.upk
Loading Material3 Basic from package 00002620.upk
Loading package: 00012963.upk Ver: 573/1 Engine: 4205 Names: 1199 Exports: 1162 Imports: 10 Game: 801A
Loading Texture2D check_n from package 00002620.upk
Loading Texture2D check from package 00002620.upk
Loading Texture2D Smoke_Pattern_001 from package 00012963.upk
Loading Texture2D Gradient_Line_003 from package 00012963.upk
Loading Texture2D Gradient_Wipe_BurnOut_Mask_TEST from package 00012963.upk
Loading Texture2D Gradient_Wipe_BurnOut_Mask from package 00012963.upk
Loaded in 0.057 sec, 2116 allocs, 0.82 MBytes serialized in 132736 calls.

Object info:
============
ClassName: MaterialInstanceConstant ObjectName: col3

    ScalarParameterValues[3] =
    {
        ScalarParameterValues[0] = { ParameterName=Glossiness1, ParameterValue=5 }
        ScalarParameterValues[1] = { ParameterName=Glossiness2, ParameterValue=20 }
        ScalarParameterValues[2] = { ParameterName=Specular_value, ParameterValue=3 }
    }
    TextureParameterValues[4] =
    {
        TextureParameterValues[0] = { ParameterName=Normal, ParameterValue=Texture2D'Weapon_060013_col1_N' }
        TextureParameterValues[1] = { ParameterName=Mask_GB, ParameterValue=Texture2D'Weapon_060013_col1_M' }
        TextureParameterValues[2] = { ParameterName=Diffuse, ParameterValue=Texture2D'Weapon_060013_col3_D' }
        TextureParameterValues[3] = { ParameterName=Specular, ParameterValue=Texture2D'Weapon_060013_col3_S' }
    }
    VectorParameterValues[0] = {}
    Parent = Material3'Basic'
    FlattenedTexture = None
    MobileBaseTexture = None
    MobileNormalTexture = None
    bUseMobileSpecular = false
    MobileSpecularPower = 16
    MobileSpecularMask = MSM_Constant (0)
    MobileMaskTexture = None
