Found 19856 game files (132 skipped)
Loading package: 00011332.upk Ver: 573/1 Engine: 4205 Names: 74 Exports: 2 Imports: 20 Game: 801A
Loading MaterialInstanceConstant col2 from package 00011332.upk
Loading package: 00007318.upk Ver: 573/1 Engine: 4205 Names: 41 Exports: 9 Imports: 2 Game: 801A
Loading package: 00002620.upk Ver: 573/1 Engine: 4205 Names: 560 Exports: 6612 Imports: 96 Game: 801A
Loading Texture2D Monster_Beast_hongun_col2_n from package 00007318.upk
Loading Texture2D M2 from package 00007318.upk
Loading Texture2D Monster_Beast_hongun_col1_s from package 00007318.upk
Loading Texture2D Monster_Beast_hongun_col2_d from package 00007318.upk
Loading Texture2D Monster_Beast_hongun_col2_e from package 00007318.upk
WARNING: ByteProperty "UTexture2D::ManualLoadSwitchSettings" was not found
Loading Material3 Fur_Ac from package 00002620.upk
Loading package: 00012963.upk Ver: 573/1 Engine: 4205 Names: 1223 Exports: 1198 Imports: 10 Game: 801A
Loading Texture2D check from package 00002620.upk
Loading Texture2D check_n from package 00002620.upk
Loading Texture2D Noise_Glass_000 from package 00012963.upk
Loading Texture2D Smoke_Pattern_001 from package 00012963.upk
Loading Texture2D Gradient_Wipe_BurnOut_Mask_TEST from package 00012963.upk
Loading Texture2D Gradient_Wipe_BurnOut_Mask from package 00012963.upk
Loading Texture2D Gradient_Line_003 from package 00012963.upk
Loaded in 0.084 sec, 2263 allocs, 1.17 MBytes serialized in 150091 calls.

Object info:
============
ClassName: MaterialInstanceConstant ObjectName: col2

    ScalarParameterValues[8] =
    {
        ScalarParameterValues[0] = { ParameterName=Spec_value, ParameterValue=2 }
        ScalarParameterValues[1] = { ParameterName=LimLight_value, ParameterValue=35 }
        ScalarParameterValues[2] = { ParameterName=LimLight_exp, ParameterValue=3 }
        ScalarParameterValues[3] = { ParameterName=long, ParameterValue=0.7 }
        ScalarParameterValues[4] = { ParameterName=Glossiness1, ParameterValue=5 }
        ScalarParameterValues[5] = { ParameterName=Glossiness2, ParameterValue=20 }
        ScalarParameterValues[6] = { ParameterName=Emissive_value, ParameterValue=0.1 }
        ScalarParameterValues[7] = { ParameterName=Emissive_value2, ParameterValue=1.5 }
    }
    TextureParameterValues[5] =
    {
        TextureParameterValues[0] = { ParameterName=Normal, ParameterValue=Texture2D'Monster_Beast_hongun_col2_n' }
        TextureParameterValues[1] = { ParameterName=Mask_GB, ParameterValue=Texture2D'M2' }
        TextureParameterValues[2] = { ParameterName=Specular, ParameterValue=Texture2D'Monster_Beast_hongun_col1_s' }
        TextureParameterValues[3] = { ParameterName=Diffuse, ParameterValue=Texture2D'Monster_Beast_hongun_col2_d' }
        TextureParameterValues[4] = { ParameterName=Emissive, ParameterValue=Texture2D'Monster_Beast_hongun_col2_e' }
    }
    VectorParameterValues[0] = {}
    Parent = Material3'Fur_Ac'
    FlattenedTexture = None
    MobileBaseTexture = None
    MobileNormalTexture = None
    bUseMobileSpecular = false
    MobileSpecularPower = 16
    MobileSpecularMask = MSM_Constant (0)
    MobileMaskTexture = None
