Found 16186 game files (0 skipped)
Loading package: 00015816.upk Ver: 573/1 Engine: 4205 Names: 98 Exports: 1 Imports: 23 Game: 801A
Loading MaterialInstanceConstant col3 from package 00015816.upk
Loading package: 00014580.upk Ver: 573/1 Engine: 4205 Names: 46 Exports: 18 Imports: 2 Game: 801A
Loading package: 00002640.upk Ver: 573/1 Engine: 4205 Names: 340 Exports: 556 Imports: 5 Game: 801A
Loading package: 00012963.upk Ver: 573/1 Engine: 4205 Names: 1199 Exports: 1162 Imports: 10 Game: 801A
Loading package: 00014581.upk Ver: 573/1 Engine: 4205 Names: 180 Exports: 180 Imports: 51 Game: 801A
Loading Texture2D SinSi_N_col3 from package 00014580.upk
Loading Texture2D SinSi_M from package 00014580.upk
Loading Texture2D Sinsi_D_col3 from package 00014580.upk
Loading Texture2D SinSi_S_col3 from package 00014580.upk
Loading TextureCube cube_orb from package 00002640.upk
Loading Texture2D SinSi_E_col3 from package 00014580.upk
Loading Texture2D Smoke_Pattern_001 from package 00012963.upk
Loading Texture2D sinsi_fx from package 00014580.upk
Loading Texture2D SinSi_D2 from package 00014580.upk
Loading Material3 S_FX from package 00014581.upk
Loading package: 00002620.upk Ver: 573/1 Engine: 4205 Names: 500 Exports: 5733 Imports: 89 Game: 801A
Loading Texture2D CubemapFace0 from package 00002640.upk
Loading Texture2D CubemapFace1 from package 00002640.upk
Loading Texture2D CubemapFace2 from package 00002640.upk
Loading Texture2D CubemapFace3 from package 00002640.upk
Loading Texture2D CubemapFace4 from package 00002640.upk
Loading Texture2D CubemapFace5 from package 00002640.upk
Loading Texture2D check_n from package 00002620.upk
Loading Texture2D check from package 00002620.upk
Loading Texture2D Gradient_Line_003 from package 00012963.upk
Loading Texture2D Gradient_Wipe_BurnOut_Mask_TEST from package 00012963.upk
Loading Texture2D Gradient_Wipe_BurnOut_Mask from package 00012963.upk
Loaded in 0.11 sec, 2959 allocs, 2.72 MBytes serialized in 150736 calls.

Object info:
============
ClassName: MaterialInstanceConstant ObjectName: col3

    ScalarParameterValues[10] =
    {
        ScalarParameterValues[0] = { ParameterName=Transmission_value, ParameterValue=1.5 }
        ScalarParameterValues[1] = { ParameterName=Glossiness1, ParameterValue=15 }
        ScalarParameterValues[2] = { ParameterName=Glossiness2, ParameterValue=50 }
        ScalarParameterValues[3] = { ParameterName=Specular_value, ParameterValue=2 }
        ScalarParameterValues[4] = { ParameterName=HighLight_Value, ParameterValue=5 }
        ScalarParameterValues[5] = { ParameterName=HighLight_glossiness, ParameterValue=2 }
        ScalarParameterValues[6] = { ParameterName=Emissive_value, ParameterValue=2 }
        ScalarParameterValues[7] = { ParameterName=Emissive_value2, ParameterValue=1 }
        ScalarParameterValues[8] = { ParameterName=Fresnel Value, ParameterValue=30 }
        ScalarParameterValues[9] = { ParameterName=Fresnel exponent, ParameterValue=30 }
    }
    TextureParameterValues[10] =
    {
        TextureParameterValues[0] = { ParameterName=Normal, ParameterValue=Texture2D'SinSi_N_col3' }
        TextureParameterValues[1] = { ParameterName=Mask_GB, ParameterValue=Texture2D'SinSi_M' }
        TextureParameterValues[2] = { ParameterName=Diffuse, ParameterValue=Texture2D'Sinsi_D_col3' }
        TextureParameterValues[3] = { ParameterName=Specular, ParameterValue=Texture2D'SinSi_S_col3' }
        TextureParameterValues[4] = { ParameterName=rf_cube, ParameterValue=TextureCube'cube_orb' }
        TextureParameterValues[5] = { ParameterName=Emissive, ParameterValue=Texture2D'SinSi_E_col3' }
        TextureParameterValues[6] = { ParameterName=Mask_FX_Texture, ParameterValue=Texture2D'Smoke_Pattern_001' }
        TextureParameterValues[7] = { ParameterName=FX_Add_B, ParameterValue=Texture2D'sinsi_fx' }
        TextureParameterValues[8] = { ParameterName=FX_Add, ParameterValue=Texture2D'sinsi_fx' }
        TextureParameterValues[9] = { ParameterName=Wing_FX, ParameterValue=Texture2D'SinSi_D2' }
    }
    VectorParameterValues[11] =
    {
        VectorParameterValues[0] =
        {
            ParameterName = Mesh_trangition
            ParameterValue = { R=0, G=0, B=0, A=1 }
        }
        VectorParameterValues[1] =
        {
            ParameterName = Reflection_value
            ParameterValue = { R=0.116576, G=0.124741, B=0.091518, A=1 }
        }
        VectorParameterValues[2] =
        {
            ParameterName = HighLight_Color
            ParameterValue = { R=0.481952, G=0.442323, B=0.612066, A=1 }
        }
        VectorParameterValues[3] =
        {
            ParameterName = Fresnel_color
            ParameterValue = { R=0, G=0, B=0, A=1 }
        }
        VectorParameterValues[4] =
        {
            ParameterName = Fresnel_Power
            ParameterValue = { R=0, G=0, B=0, A=1 }
        }
        VectorParameterValues[5] =
        {
            ParameterName = Burn_Color
            ParameterValue = { R=0, G=0, B=0, A=1 }
        }
        VectorParameterValues[6] =
        {
            ParameterName = Fx_Glow_color_B
            ParameterValue = { R=0, G=0, B=0, A=1 }
        }
        VectorParameterValues[7] =
        {
            ParameterName = Fx_Glow_power_B
            ParameterValue = { R=0, G=0, B=0, A=1 }
        }
        VectorParameterValues[8] =
        {
            ParameterName = Fx_Glow_color
            ParameterValue = { R=0, G=0, B=0, A=1 }
        }
        VectorParameterValues[9] =
        {
            ParameterName = Glow_Trangition
            ParameterValue = { R=0, G=0, B=0, A=1 }
        }
        VectorParameterValues[10] =
        {
            ParameterName = Fx_Glow_power
            ParameterValue = { R=0, G=0, B=0, A=1 }
        }
    }
    Parent = Material3'S_FX'
    FlattenedTexture = None
    MobileBaseTexture = None
    MobileNormalTexture = None
    bUseMobileSpecular = false
    MobileSpecularPower = 16
    MobileSpecularMask = MSM_Constant (0)
    MobileMaskTexture = None
