Found 27000 game files (27 skipped)
Loading package: 00016373.upk Ver: 573/1 Engine: 4205 Names: 62 Exports: 1 Imports: 40 Game: 801A
Loading AnimSet Summon_Cat_Facial_AnimSet from package 00016373.upk
WARNING: BoolProperty "UAnimSet::bServiced" was not found
WARNING: ArrayProperty "UAnimSet::AdjustAniScaleBoneNames" was not found
WARNING: ArrayProperty "UAnimSet::RefSequences" was not found
WARNING: AnimSet Summon_Cat_Facial_AnimSet has 0 sequences, but empty TrackBoneNames
Loaded in 0.012 sec, 82 allocs, 0.00 MBytes serialized in 543 calls.

Object info:
============
ClassName: AnimSet ObjectName: Summon_Cat_Facial_AnimSet

    bAnimRotationOnly = true
    TrackBoneNames[0] = {}
    Sequences[0] = {}
    UseTranslationBoneNames[0] = {}
    ForceMeshTranslationBoneNames[0] = {}
    PreviewSkelMeshName = 00014424.Face_0001
    BulkDataBlocks[0] = {}
    KeyFrameSize = 0
    RotationChannels = 0
    TranslationChannels = 0
    m_pBioAnimSetData = None
