Found 19856 game files (132 skipped)
Loading package: 00018370.upk Ver: 573/1 Engine: 4205 Names: 207 Exports: 164 Imports: 18 Game: 801A
Loading SkeletalMesh3 SnakeWoman from package 00018370.upk
WARNING: ObjectProperty "USkeletalMesh3::PlaySoundSet" was not found
WARNING: ObjectProperty "USkeletalMesh3::PlayParticleSet" was not found
WARNING: FloatProperty "USkeletalMesh3::AnimNameHeight" was not found
WARNING: FloatProperty "USkeletalMesh3::NormalNameHeight" was not found
WARNING: FloatProperty "USkeletalMesh3::LowNameHeight" was not found
WARNING: FloatProperty "USkeletalMesh3::PhysicalHitScale" was not found
Loading package: 00018369.upk Ver: 573/1 Engine: 4205 Names: 189 Exports: 153 Imports: 51 Game: 801A
Loading SkeletalMeshSocket SkeletalMeshSocket_178 from package 00018370.upk
Loading SkeletalMeshSocket SkeletalMeshSocket_185 from package 00018370.upk
Loading SkeletalMeshSocket SkeletalMeshSocket_188 from package 00018370.upk
WARNING: BoolProperty "USkeletalMeshSocket::bParticleAttachPosOnly" was not found
Loading SkeletalMeshSocket SkeletalMeshSocket_190 from package 00018370.upk
Loading SkeletalMeshSocket SkeletalMeshSocket_192 from package 00018370.upk
Loading SkeletalMeshSocket SkeletalMeshSocket_270 from package 00018370.upk
Loading SkeletalMeshSocket SkeletalMeshSocket_271 from package 00018370.upk
Loading SkeletalMeshSocket SkeletalMeshSocket_272 from package 00018370.upk
Loading SkeletalMeshSocket SkeletalMeshSocket_273 from package 00018370.upk
Loading SkeletalMeshSocket SkeletalMeshSocket_274 from package 00018370.upk
Loading MaterialInstanceConstant col1 from package 00018369.upk
Loading package: 00018371.upk Ver: 573/1 Engine: 4205 Names: 40 Exports: 10 Imports: 2 Game: 801A
Loading package: 00002640.upk Ver: 573/1 Engine: 4205 Names: 340 Exports: 556 Imports: 5 Game: 801A
Loading Texture2D Monster_Beast_SnakeWoman_col1_N from package 00018371.upk
Loading Texture2D Monster_Beast_SnakeWoman_col1_M from package 00018371.upk
Loading Texture2D Monster_Beast_SnakeWoman_col1_D from package 00018371.upk
Loading Texture2D Monster_Beast_SnakeWoman_col1_S from package 00018371.upk
Loading TextureCube cube_orb from package 00002640.upk
Loading Texture2D Monster_Beast_SnakeWoman_col1_E from package 00018371.upk
WARNING: ByteProperty "UTexture2D::ManualLoadSwitchSettings" was not found
Loading Material3 Basic_SnakeWoman from package 00018369.upk
Loading package: 00002620.upk Ver: 573/1 Engine: 4205 Names: 560 Exports: 6612 Imports: 96 Game: 801A
Loading package: 00012963.upk Ver: 573/1 Engine: 4205 Names: 1223 Exports: 1198 Imports: 10 Game: 801A
Loading Texture2D CubemapFace0 from package 00002640.upk
Loading Texture2D CubemapFace1 from package 00002640.upk
Loading Texture2D CubemapFace2 from package 00002640.upk
Loading Texture2D CubemapFace3 from package 00002640.upk
Loading Texture2D CubemapFace4 from package 00002640.upk
Loading Texture2D CubemapFace5 from package 00002640.upk
Loading Texture2D check_n from package 00002620.upk
Loading Texture2D check from package 00002620.upk
Loading Texture2D Smoke_Pattern_001 from package 00012963.upk
Loading Texture2D Gradient_Line_003 from package 00012963.upk
Loading Texture2D Gradient_Wipe_BurnOut_Mask_TEST from package 00012963.upk
Loading Texture2D Gradient_Wipe_BurnOut_Mask from package 00012963.upk
Loaded in 0.16 sec, 3130 allocs, 3.14 MBytes serialized in 424530 calls.

Object info:
============
ClassName: SkeletalMesh3 ObjectName: SnakeWoman

    LODInfo[1] =
    {
        LODInfo[0] =
        {
            DisplayFactor = 0
            LODHysteresis = 0.02
            LODMaterialMap[0] = {}
            bEnableShadowCasting[2] = { true, true }
        }
    }
    Sockets[10] =
    {
        Sockets[0] = SkeletalMeshSocket'SnakeWoman.SkeletalMeshSocket_178'
        Sockets[1] = SkeletalMeshSocket'SnakeWoman.SkeletalMeshSocket_185'
        Sockets[2] = SkeletalMeshSocket'SnakeWoman.SkeletalMeshSocket_188'
        Sockets[3] = SkeletalMeshSocket'SnakeWoman.SkeletalMeshSocket_190'
        Sockets[4] = SkeletalMeshSocket'SnakeWoman.SkeletalMeshSocket_192'
        Sockets[5] = SkeletalMeshSocket'SnakeWoman.SkeletalMeshSocket_270'
        Sockets[6] = SkeletalMeshSocket'SnakeWoman.SkeletalMeshSocket_271'
        Sockets[7] = SkeletalMeshSocket'SnakeWoman.SkeletalMeshSocket_272'
        Sockets[8] = SkeletalMeshSocket'SnakeWoman.SkeletalMeshSocket_273'
        Sockets[9] = SkeletalMeshSocket'SnakeWoman.SkeletalMeshSocket_274'
    }
    bHasVertexColors = false
    EnableTwistBoneFixers = true
    EnableClavicleFixer = true
    Materials[1] = { MaterialInstanceConstant'col1' }


    Lods[1] =
    {
        Lods[0] =
        {
            Sections[2] =
            {
                Sections[0] = { Material=MaterialInstanceConstant'col1', FirstIndex=0, NumFaces=9178 }
                Sections[1] = { Material=MaterialInstanceConstant'col1', FirstIndex=27534, NumFaces=302 }
            }
            NumVerts = 6922
            IndexCount = 28440
            NumTexCoords = 1
        }
    }
    LodCount = 1
    MeshOrigin = { X=-0, Y=-0, Z=-0 }
    MeshScale = { X=1, Y=1, Z=1 }
    RotOrigin = { Yaw=0, Pitch=0, Roll=0 }
    BoneCount = 99

Object info:
============
ClassName: SkeletalMeshSocket ObjectName: SkeletalMeshSocket_178

    SocketName = target_high
    BoneName = Bip01Head
    RelativeLocation = { X=0, Y=0, Z=0 }
    RelativeRotation = { Yaw=0, Pitch=0, Roll=0 }
    RelativeScale = { X=1, Y=1, Z=1 }

Object info:
============
ClassName: SkeletalMeshSocket ObjectName: SkeletalMeshSocket_185

    SocketName = Catch_Neck
    BoneName = Bip01Neck
    RelativeLocation = { X=0, Y=0, Z=0 }
    RelativeRotation = { Yaw=0, Pitch=0, Roll=0 }
    RelativeScale = { X=1, Y=1, Z=1 }

Object info:
============
ClassName: SkeletalMeshSocket ObjectName: SkeletalMeshSocket_188

    SocketName = ATTACH_EFFECT
    BoneName = Bip01
    RelativeLocation = { X=0, Y=0, Z=0 }
    RelativeRotation = { Yaw=0, Pitch=0, Roll=0 }
    RelativeScale = { X=1, Y=1, Z=1 }

Object info:
============
ClassName: SkeletalMeshSocket ObjectName: SkeletalMeshSocket_190

    SocketName = Mount_Ambar_Socket
    BoneName = Bip01LClavicle
    RelativeLocation = { X=-10, Y=-2, Z=-12 }
    RelativeRotation = { Yaw=-285, Pitch=9970, Roll=22850 }
    RelativeScale = { X=1, Y=1, Z=1 }

Object info:
============
ClassName: SkeletalMeshSocket ObjectName: SkeletalMeshSocket_192

    SocketName = Decap_Socket
    BoneName = Bip01Neck
    RelativeLocation = { X=0, Y=0, Z=0 }
    RelativeRotation = { Yaw=0, Pitch=0, Roll=0 }
    RelativeScale = { X=1, Y=1, Z=1 }

Object info:
============
ClassName: SkeletalMeshSocket ObjectName: SkeletalMeshSocket_270

    SocketName = bodytarget
    BoneName = Bip01Spine
    RelativeLocation = { X=0, Y=0, Z=0 }
    RelativeRotation = { Yaw=0, Pitch=0, Roll=0 }
    RelativeScale = { X=1, Y=1, Z=1 }

Object info:
============
ClassName: SkeletalMeshSocket ObjectName: SkeletalMeshSocket_271

    SocketName = socket_force
    BoneName = Root
    RelativeLocation = { X=121.845, Y=60, Z=-15 }
    RelativeRotation = { Yaw=0, Pitch=0, Roll=-16384 }
    RelativeScale = { X=1, Y=1, Z=1 }

Object info:
============
ClassName: SkeletalMeshSocket ObjectName: SkeletalMeshSocket_272

    SocketName = Mount_Socket
    BoneName = Root
    RelativeLocation = { X=-20, Y=-10, Z=13 }
    RelativeRotation = { Yaw=32768, Pitch=0, Roll=0 }
    RelativeScale = { X=1, Y=1, Z=1 }

Object info:
============
ClassName: SkeletalMeshSocket ObjectName: SkeletalMeshSocket_273

    SocketName = Catch_Back
    BoneName = Bip01Spine2
    RelativeLocation = { X=-22.5725, Y=38.9323, Z=0 }
    RelativeRotation = { Yaw=0, Pitch=0, Roll=0 }
    RelativeScale = { X=1, Y=1, Z=1 }

Object info:
============
ClassName: SkeletalMeshSocket ObjectName: SkeletalMeshSocket_274

    SocketName = Mount_Choke_Socket
    BoneName = Root
    RelativeLocation = { X=-10.5917, Y=-4.21807, Z=10 }
    RelativeRotation = { Yaw=32768, Pitch=0, Roll=0 }
    RelativeScale = { X=1, Y=1, Z=1 }
