Found 19856 game files (132 skipped)
Loading package: 00017680.upk Ver: 573/1 Engine: 4205 Names: 146 Exports: 113 Imports: 16 Game: 801A
Loading SkeletalMesh3 RuneMechaB from package 00017680.upk
WARNING: ObjectProperty "USkeletalMesh3::PlaySoundSet" was not found
WARNING: FloatProperty "USkeletalMesh3::AnimNameHeight" was not found
WARNING: FloatProperty "USkeletalMesh3::NormalNameHeight" was not found
WARNING: FloatProperty "USkeletalMesh3::LowNameHeight" was not found
Loading package: 00017679.upk Ver: 573/1 Engine: 4205 Names: 183 Exports: 175 Imports: 55 Game: 801A
Loading SkeletalMeshSocket SkeletalMeshSocket_113 from package 00017680.upk
Loading SkeletalMeshSocket SkeletalMeshSocket_81 from package 00017680.upk
Loading SkeletalMeshSocket SkeletalMeshSocket_82 from package 00017680.upk
Loading SkeletalMeshSocket SkeletalMeshSocket_83 from package 00017680.upk
Loading SkeletalMeshSocket SkeletalMeshSocket_84 from package 00017680.upk
Loading SkeletalMeshSocket SkeletalMeshSocket_85 from package 00017680.upk
Loading SkeletalMeshSocket SkeletalMeshSocket_86 from package 00017680.upk
Loading SkeletalMeshSocket SkeletalMeshSocket_87 from package 00017680.upk
Loading SkeletalMeshSocket SkeletalMeshSocket_88 from package 00017680.upk
Loading SkeletalMeshSocket SkeletalMeshSocket_89 from package 00017680.upk
Loading SkeletalMeshSocket SkeletalMeshSocket_90 from package 00017680.upk
Loading SkeletalMeshSocket SkeletalMeshSocket_91 from package 00017680.upk
Loading SkeletalMeshSocket SkeletalMeshSocket_92 from package 00017680.upk
Loading SkeletalMeshSocket SkeletalMeshSocket_93 from package 00017680.upk
Loading SkeletalMeshSocket SkeletalMeshSocket_94 from package 00017680.upk
Loading SkeletalMeshSocket SkeletalMeshSocket_95 from package 00017680.upk
Loading MaterialInstanceConstant col1 from package 00017679.upk
Loading package: 00013584.upk Ver: 573/1 Engine: 4205 Names: 40 Exports: 8 Imports: 8 Game: 801A
Loading package: 00012963.upk Ver: 573/1 Engine: 4205 Names: 1223 Exports: 1198 Imports: 10 Game: 801A
Loading package: 00002640.upk Ver: 573/1 Engine: 4205 Names: 340 Exports: 556 Imports: 5 Game: 801A
Loading package: 00017678.upk Ver: 573/1 Engine: 4205 Names: 39 Exports: 11 Imports: 4 Game: 801A
Loading MaterialInstanceConstant col1_1 from package 00017679.upk
Loading Texture2D Etc_RuneMechaBase_N from package 00013584.upk
Loading Texture2D Etc_RuneMechaBase_M from package 00013584.upk
Loading Texture2D Etc_RuneMechaBase_D from package 00013584.upk
Loading Texture2D Smoke_Pattern_001 from package 00012963.upk
Loading Texture2D Etc_RuneMechaBase_s from package 00013584.upk
Loading TextureCube Cube_A from package 00002640.upk
Loading Texture2D Etc_RuneMechaBase_E from package 00013584.upk
WARNING: ByteProperty "UTexture2D::ManualLoadSwitchSettings" was not found
Loading Texture2D RuneMechaB_col1_FX_Line from package 00017678.upk
Loading Material3 Basic_RuneMechaB from package 00017679.upk
Loading package: 00002620.upk Ver: 573/1 Engine: 4205 Names: 560 Exports: 6612 Imports: 96 Game: 801A
Loading Texture2D RuneMechaB_N_col1 from package 00017678.upk
Loading Texture2D RuneMechaB_M_col1 from package 00017678.upk
Loading Texture2D RuneMechaB_D_col1 from package 00017678.upk
Loading Texture2D RuneMechaB_S_col1 from package 00017678.upk
Loading Texture2D RuneMechaB_E_col1 from package 00017678.upk
Loading Texture2D CubemapFace0 from package 00002640.upk
Loading Texture2D CubemapFace1 from package 00002640.upk
Loading Texture2D CubemapFace2 from package 00002640.upk
Loading Texture2D CubemapFace3 from package 00002640.upk
Loading Texture2D CubemapFace4 from package 00002640.upk
Loading Texture2D CubemapFace5 from package 00002640.upk
Loading Texture2D check_n from package 00002620.upk
Loading Texture2D check from package 00002620.upk
Loading Texture2D Gradient_Line_003 from package 00012963.upk
Loading Texture2D Gradient_Wipe_BurnOut_Mask_TEST from package 00012963.upk
Loading Texture2D Gradient_Wipe_BurnOut_Mask from package 00012963.upk
Loaded in 0.2 sec, 3310 allocs, 2.75 MBytes serialized in 426370 calls.

Object info:
============
ClassName: SkeletalMesh3 ObjectName: RuneMechaB

    LODInfo[1] =
    {
        LODInfo[0] =
        {
            DisplayFactor = 0
            LODHysteresis = 0.02
            LODMaterialMap[0] = {}
            bEnableShadowCasting[2] = { true, true }
        }
    }
    Sockets[16] =
    {
        Sockets[0] = SkeletalMeshSocket'RuneMechaB.SkeletalMeshSocket_81'
        Sockets[1] = SkeletalMeshSocket'RuneMechaB.SkeletalMeshSocket_82'
        Sockets[2] = SkeletalMeshSocket'RuneMechaB.SkeletalMeshSocket_83'
        Sockets[3] = SkeletalMeshSocket'RuneMechaB.SkeletalMeshSocket_84'
        Sockets[4] = SkeletalMeshSocket'RuneMechaB.SkeletalMeshSocket_85'
        Sockets[5] = SkeletalMeshSocket'RuneMechaB.SkeletalMeshSocket_86'
        Sockets[6] = SkeletalMeshSocket'RuneMechaB.SkeletalMeshSocket_113'
        Sockets[7] = SkeletalMeshSocket'RuneMechaB.SkeletalMeshSocket_87'
        Sockets[8] = SkeletalMeshSocket'RuneMechaB.SkeletalMeshSocket_88'
        Sockets[9] = SkeletalMeshSocket'RuneMechaB.SkeletalMeshSocket_89'
        Sockets[10] = SkeletalMeshSocket'RuneMechaB.SkeletalMeshSocket_90'
        Sockets[11] = SkeletalMeshSocket'RuneMechaB.SkeletalMeshSocket_91'
        Sockets[12] = SkeletalMeshSocket'RuneMechaB.SkeletalMeshSocket_92'
        Sockets[13] = SkeletalMeshSocket'RuneMechaB.SkeletalMeshSocket_93'
        Sockets[14] = SkeletalMeshSocket'RuneMechaB.SkeletalMeshSocket_94'
        Sockets[15] = SkeletalMeshSocket'RuneMechaB.SkeletalMeshSocket_95'
    }
    bHasVertexColors = false
    EnableTwistBoneFixers = true
    EnableClavicleFixer = true
    Materials[2] =
    {
        Materials[0] = MaterialInstanceConstant'Etc_RuneMechaBase.col1'
        Materials[1] = MaterialInstanceConstant'Etc_RuneMechaBase.col1_1'
    }


    Lods[1] =
    {
        Lods[0] =
        {
            Sections[2] =
            {
                Sections[0] =
                {
                    Material = MaterialInstanceConstant'Etc_RuneMechaBase.col1'
                    FirstIndex = 0
                    NumFaces = 4188
                }
                Sections[1] =
                {
                    Material = MaterialInstanceConstant'Etc_RuneMechaBase.col1_1'
                    FirstIndex = 12564
                    NumFaces = 4624
                }
            }
            NumVerts = 8248
            IndexCount = 26436
            NumTexCoords = 1
        }
    }
    LodCount = 1
    MeshOrigin = { X=-0, Y=-0, Z=-0 }
    MeshScale = { X=1, Y=1, Z=1 }
    RotOrigin = { Yaw=0, Pitch=0, Roll=0 }
    BoneCount = 39

Object info:
============
ClassName: SkeletalMeshSocket ObjectName: SkeletalMeshSocket_113

    SocketName = FX_Spawn
    BoneName = TopBone03
    RelativeLocation = { X=74.4568, Y=0, Z=0 }
    RelativeRotation = { Yaw=0, Pitch=0, Roll=0 }
    RelativeScale = { X=1, Y=1, Z=1 }

Object info:
============
ClassName: SkeletalMeshSocket ObjectName: SkeletalMeshSocket_81

    SocketName = L00
    BoneName = LArmBone01
    RelativeLocation = { X=0, Y=0, Z=0 }
    RelativeRotation = { Yaw=0, Pitch=0, Roll=0 }
    RelativeScale = { X=1, Y=1, Z=1 }

Object info:
============
ClassName: SkeletalMeshSocket ObjectName: SkeletalMeshSocket_82

    SocketName = L01
    BoneName = LArmBone02
    RelativeLocation = { X=29.2434, Y=0, Z=0 }
    RelativeRotation = { Yaw=0, Pitch=0, Roll=0 }
    RelativeScale = { X=1, Y=1, Z=1 }

Object info:
============
ClassName: SkeletalMeshSocket ObjectName: SkeletalMeshSocket_83

    SocketName = R00
    BoneName = RArmBone01
    RelativeLocation = { X=0, Y=0, Z=0 }
    RelativeRotation = { Yaw=0, Pitch=0, Roll=0 }
    RelativeScale = { X=1, Y=1, Z=1 }

Object info:
============
ClassName: SkeletalMeshSocket ObjectName: SkeletalMeshSocket_84

    SocketName = R01
    BoneName = RArmBone02
    RelativeLocation = { X=29.2434, Y=0, Z=0 }
    RelativeRotation = { Yaw=0, Pitch=0, Roll=0 }
    RelativeScale = { X=1, Y=1, Z=1 }

Object info:
============
ClassName: SkeletalMeshSocket ObjectName: SkeletalMeshSocket_85

    SocketName = B00
    BoneName = BArmBone01
    RelativeLocation = { X=0, Y=0, Z=0 }
    RelativeRotation = { Yaw=0, Pitch=0, Roll=0 }
    RelativeScale = { X=1, Y=1, Z=1 }

Object info:
============
ClassName: SkeletalMeshSocket ObjectName: SkeletalMeshSocket_86

    SocketName = B01
    BoneName = BArmBone02
    RelativeLocation = { X=29.2434, Y=0, Z=0 }
    RelativeRotation = { Yaw=0, Pitch=0, Roll=0 }
    RelativeScale = { X=1, Y=1, Z=1 }

Object info:
============
ClassName: SkeletalMeshSocket ObjectName: SkeletalMeshSocket_87

    SocketName = Catch_Back
    BoneName = Bip01Spine2
    RelativeLocation = { X=-36.8553, Y=-18.2242, Z=1.5 }
    RelativeRotation = { Yaw=0, Pitch=0, Roll=0 }
    RelativeScale = { X=1, Y=1, Z=1 }

Object info:
============
ClassName: SkeletalMeshSocket ObjectName: SkeletalMeshSocket_88

    SocketName = Mount_Socket
    BoneName = Bip01
    RelativeLocation = { X=6.33692, Y=-1.4984, Z=-39.2179 }
    RelativeRotation = { Yaw=-32768, Pitch=14927, Roll=0 }
    RelativeScale = { X=1, Y=1, Z=1 }

Object info:
============
ClassName: SkeletalMeshSocket ObjectName: SkeletalMeshSocket_89

    SocketName = Catch_Neck
    BoneName = Bip01Neck
    RelativeLocation = { X=11.1695, Y=0, Z=0 }
    RelativeRotation = { Yaw=0, Pitch=0, Roll=0 }
    RelativeScale = { X=1, Y=1, Z=1 }

Object info:
============
ClassName: SkeletalMeshSocket ObjectName: SkeletalMeshSocket_90

    SocketName = socket_force
    BoneName = Root
    RelativeLocation = { X=90, Y=33.6472, Z=-15 }
    RelativeRotation = { Yaw=0, Pitch=0, Roll=0 }
    RelativeScale = { X=1, Y=1, Z=1 }

Object info:
============
ClassName: SkeletalMeshSocket ObjectName: SkeletalMeshSocket_91

    SocketName = Decap_Socket
    BoneName = Bip01Neck
    RelativeLocation = { X=7.31343, Y=1.91714, Z=0 }
    RelativeRotation = { Yaw=0, Pitch=0, Roll=0 }
    RelativeScale = { X=1, Y=1, Z=1 }

Object info:
============
ClassName: SkeletalMeshSocket ObjectName: SkeletalMeshSocket_92

    SocketName = ATTACH_EFFECT
    BoneName = Bip01
    RelativeLocation = { X=0, Y=0, Z=0 }
    RelativeRotation = { Yaw=0, Pitch=0, Roll=0 }
    RelativeScale = { X=1, Y=1, Z=1 }

Object info:
============
ClassName: SkeletalMeshSocket ObjectName: SkeletalMeshSocket_93

    SocketName = target_high
    BoneName = Bip01Head
    RelativeLocation = { X=0, Y=10, Z=0 }
    RelativeRotation = { Yaw=0, Pitch=0, Roll=0 }
    RelativeScale = { X=1, Y=1, Z=1 }

Object info:
============
ClassName: SkeletalMeshSocket ObjectName: SkeletalMeshSocket_94

    SocketName = Mount_Ambar_Socket
    BoneName = Bip01LUpperArm
    RelativeLocation = { X=-8.17646, Y=-13.8151, Z=0.621747 }
    RelativeRotation = { Yaw=18204, Pitch=910, Roll=-16384 }
    RelativeScale = { X=1, Y=1, Z=1 }

Object info:
============
ClassName: SkeletalMeshSocket ObjectName: SkeletalMeshSocket_95

    SocketName = Mount_Choke_Socket
    BoneName = Root
    RelativeLocation = { X=-1.22301, Y=-2.84694, Z=10.4206 }
    RelativeRotation = { Yaw=32768, Pitch=-2002, Roll=0 }
    RelativeScale = { X=1, Y=1, Z=1 }
