Found 21310 game files (132 skipped)
Loading package: 00012915.upk Ver: 573/1 Engine: 4205 Names: 82 Exports: 1 Imports: 19 Game: 801A
Loading MaterialInstanceConstant col1 from package 00012915.upk
Loading package: 00002640.upk Ver: 573/1 Engine: 4205 Names: 340 Exports: 556 Imports: 5 Game: 801A
Loading package: 00012914.upk Ver: 573/1 Engine: 4205 Names: 44 Exports: 16 Imports: 2 Game: 801A
Loading package: 00002620.upk Ver: 573/1 Engine: 4205 Names: 560 Exports: 6612 Imports: 96 Game: 801A
Loading TextureCube lenscube_a from package 00002640.upk
Loading Texture2D 60025_KunN_S from package 00012914.upk
Loading Texture2D 60025_KunN_N from package 00012914.upk
Loading Texture2D 60025_KunN_M from package 00012914.upk
Loading Texture2D 60025_KunN_D from package 00012914.upk
Loading Material3 body_kUN from package 00002620.upk
Loading package: 00012963.upk Ver: 573/1 Engine: 4205 Names: 1234 Exports: 1209 Imports: 10 Game: 801A
Loading Texture2D CubemapFace0 from package 00002640.upk
Loading Texture2D CubemapFace1 from package 00002640.upk
Loading Texture2D CubemapFace2 from package 00002640.upk
Loading Texture2D CubemapFace3 from package 00002640.upk
Loading Texture2D CubemapFace4 from package 00002640.upk
Loading Texture2D CubemapFace5 from package 00002640.upk
Loading Texture2D check_n from package 00002620.upk
Loading Texture2D Noise_Glass_000 from package 00012963.upk
Loading Texture2D Smoke_Pattern_001 from package 00012963.upk
Loading Texture2D Gradient_Wipe_BurnOut_Mask_TEST from package 00012963.upk
Loading Texture2D Gradient_Wipe_BurnOut_Mask from package 00012963.upk
Loading Texture2D check from package 00002620.upk
Loading Texture2D Gradient_Line_003 from package 00012963.upk
Loaded in 0.13 sec, 2775 allocs, 1.61 MBytes serialized in 162534 calls.

Object info:
============
ClassName: MaterialInstanceConstant ObjectName: col1

    ScalarParameterValues[7] =
    {
        ScalarParameterValues[0] = { ParameterName=Fresnel exponent, ParameterValue=15 }
        ScalarParameterValues[1] = { ParameterName=Fresnel Value, ParameterValue=3 }
        ScalarParameterValues[2] = { ParameterName=Specular_value, ParameterValue=2 }
        ScalarParameterValues[3] = { ParameterName=Skin_Spec_value, ParameterValue=1 }
        ScalarParameterValues[4] = { ParameterName=Wear_glossiness1, ParameterValue=20 }
        ScalarParameterValues[5] = { ParameterName=Wear_glossiness2, ParameterValue=5 }
        ScalarParameterValues[6] = { ParameterName=Skin_glossiness, ParameterValue=10 }
    }
    TextureParameterValues[5] =
    {
        TextureParameterValues[0] = { ParameterName=rf_cube, ParameterValue=TextureCube'lenscube_a' }
        TextureParameterValues[1] = { ParameterName=Body_specular, ParameterValue=Texture2D'60025_KunN_S' }
        TextureParameterValues[2] = { ParameterName=Body_normal, ParameterValue=Texture2D'60025_KunN_N' }
        TextureParameterValues[3] = { ParameterName=Body_mask_RGB, ParameterValue=Texture2D'60025_KunN_M' }
        TextureParameterValues[4] = { ParameterName=Body_diffuse, ParameterValue=Texture2D'60025_KunN_D' }
    }
    VectorParameterValues[2] =
    {
        VectorParameterValues[0] =
        {
            ParameterName = Reflection_value
            ParameterValue = { R=1, G=0.21952, B=0.21952, A=1 }
        }
        VectorParameterValues[1] =
        {
            ParameterName = skin_color
            ParameterValue = { R=1, G=1, B=1, A=1 }
        }
    }
    Parent = Material3'body_kUN'
    FlattenedTexture = None
    MobileBaseTexture = None
    MobileNormalTexture = None
    bUseMobileSpecular = false
    MobileSpecularPower = 16
    MobileSpecularMask = MSM_Constant (0)
    MobileMaskTexture = None
