Found 16187 game files (144 skipped)
Loading package: 00015766.upk Ver: 573/1 Engine: 4205 Names: 223 Exports: 226 Imports: 18 Game: 801A
Loading SkeletalMesh3 FireGorillaB from package 00015766.upk
WARNING: ObjectProperty "USkeletalMesh3::PlaySoundSet" was not found
WARNING: ObjectProperty "USkeletalMesh3::PlayParticleSet" was not found
WARNING: FloatProperty "USkeletalMesh3::AnimNameHeight" was not found
WARNING: FloatProperty "USkeletalMesh3::NormalNameHeight" was not found
WARNING: FloatProperty "USkeletalMesh3::LowNameHeight" was not found
Loading package: 00015765.upk Ver: 573/1 Engine: 4205 Names: 105 Exports: 1 Imports: 20 Game: 801A
Loading SkeletalMeshSocket SkeletalMeshSocket_101 from package 00015766.upk
Loading SkeletalMeshSocket SkeletalMeshSocket_102 from package 00015766.upk
Loading SkeletalMeshSocket SkeletalMeshSocket_103 from package 00015766.upk
Loading SkeletalMeshSocket SkeletalMeshSocket_104 from package 00015766.upk
Loading SkeletalMeshSocket SkeletalMeshSocket_105 from package 00015766.upk
Loading SkeletalMeshSocket SkeletalMeshSocket_106 from package 00015766.upk
Loading SkeletalMeshSocket SkeletalMeshSocket_107 from package 00015766.upk
Loading SkeletalMeshSocket SkeletalMeshSocket_108 from package 00015766.upk
Loading SkeletalMeshSocket SkeletalMeshSocket_26 from package 00015766.upk
Loading SkeletalMeshSocket SkeletalMeshSocket_55 from package 00015766.upk
Loading MaterialInstanceConstant col1 from package 00015765.upk
Loading package: 00015763.upk Ver: 573/1 Engine: 4205 Names: 36 Exports: 8 Imports: 2 Game: 801A
Loading package: 00002640.upk Ver: 573/1 Engine: 4205 Names: 340 Exports: 556 Imports: 5 Game: 801A
Loading package: 00012963.upk Ver: 573/1 Engine: 4205 Names: 1199 Exports: 1162 Imports: 10 Game: 801A
Loading package: 00002620.upk Ver: 573/1 Engine: 4205 Names: 500 Exports: 5733 Imports: 89 Game: 801A
Loading Texture2D Beast_FireGorillaB_N from package 00015763.upk
Loading Texture2D Beast_FireGorillaB_M from package 00015763.upk
Loading Texture2D Beast_FireGorillaB_D from package 00015763.upk
Loading Texture2D Beast_FireGorillaB_S from package 00015763.upk
Loading TextureCube lenscube_a from package 00002640.upk
Loading Texture2D Beast_FireGorillaB_E from package 00015763.upk
Loading Texture2D Smoke_Pattern_001 from package 00012963.upk
Loading Texture2D check from package 00002620.upk
Loading Material3 Basic from package 00002620.upk
Loading Texture2D CubemapFace0 from package 00002640.upk
Loading Texture2D CubemapFace1 from package 00002640.upk
Loading Texture2D CubemapFace2 from package 00002640.upk
Loading Texture2D CubemapFace3 from package 00002640.upk
Loading Texture2D CubemapFace4 from package 00002640.upk
Loading Texture2D CubemapFace5 from package 00002640.upk
Loading Texture2D check_n from package 00002620.upk
Loading Texture2D Gradient_Line_003 from package 00012963.upk
Loading Texture2D Gradient_Wipe_BurnOut_Mask_TEST from package 00012963.upk
Loading Texture2D Gradient_Wipe_BurnOut_Mask from package 00012963.upk
Loaded in 0.15 sec, 2968 allocs, 2.63 MBytes serialized in 304877 calls.

Object info:
============
ClassName: SkeletalMesh3 ObjectName: FireGorillaB

    LODInfo[1] =
    {
        LODInfo[0] =
        {
            DisplayFactor = 0
            LODHysteresis = 0.02
            LODMaterialMap[0] = {}
            bEnableShadowCasting[1] = { true }
        }
    }
    Sockets[10] =
    {
        Sockets[0] = SkeletalMeshSocket'FireGorillaB.SkeletalMeshSocket_101'
        Sockets[1] = SkeletalMeshSocket'FireGorillaB.SkeletalMeshSocket_102'
        Sockets[2] = SkeletalMeshSocket'FireGorillaB.SkeletalMeshSocket_103'
        Sockets[3] = SkeletalMeshSocket'FireGorillaB.SkeletalMeshSocket_104'
        Sockets[4] = SkeletalMeshSocket'FireGorillaB.SkeletalMeshSocket_105'
        Sockets[5] = SkeletalMeshSocket'FireGorillaB.SkeletalMeshSocket_106'
        Sockets[6] = SkeletalMeshSocket'FireGorillaB.SkeletalMeshSocket_107'
        Sockets[7] = SkeletalMeshSocket'FireGorillaB.SkeletalMeshSocket_108'
        Sockets[8] = SkeletalMeshSocket'FireGorillaB.SkeletalMeshSocket_26'
        Sockets[9] = SkeletalMeshSocket'FireGorillaB.SkeletalMeshSocket_55'
    }
    bHasVertexColors = false
    EnableTwistBoneFixers = true
    EnableClavicleFixer = true
    Materials[1] = { MaterialInstanceConstant'col1' }


    Lods[1] =
    {
        Lods[0] =
        {
            Sections[1] =
            {
                Sections[0] = { Material=MaterialInstanceConstant'col1', FirstIndex=0, NumFaces=6136 }
            }
            NumVerts = 4236
            IndexCount = 18408
            NumTexCoords = 1
        }
    }
    LodCount = 1
    MeshOrigin = { X=-0, Y=-0, Z=-0 }
    MeshScale = { X=1, Y=1, Z=1 }
    RotOrigin = { Yaw=0, Pitch=0, Roll=0 }
    BoneCount = 111

Object info:
============
ClassName: SkeletalMeshSocket ObjectName: SkeletalMeshSocket_101

    SocketName = target_high
    BoneName = Bip01Head
    RelativeLocation = { X=45.6921, Y=-15.9584, Z=0 }
    RelativeRotation = { Yaw=0, Pitch=0, Roll=0 }
    RelativeScale = { X=1, Y=1, Z=1 }

Object info:
============
ClassName: SkeletalMeshSocket ObjectName: SkeletalMeshSocket_102

    SocketName = Catch_Back
    BoneName = Bip01Spine2
    RelativeLocation = { X=0, Y=42.5988, Z=0 }
    RelativeRotation = { Yaw=0, Pitch=0, Roll=0 }
    RelativeScale = { X=1, Y=1, Z=1 }

Object info:
============
ClassName: SkeletalMeshSocket ObjectName: SkeletalMeshSocket_103

    SocketName = Mount_Socket
    BoneName = Bip01Spine2
    RelativeLocation = { X=-0.935314, Y=-47.6977, Z=0 }
    RelativeRotation = { Yaw=0, Pitch=0, Roll=-16384 }
    RelativeScale = { X=1, Y=1, Z=1 }

Object info:
============
ClassName: SkeletalMeshSocket ObjectName: SkeletalMeshSocket_104

    SocketName = Catch_Neck
    BoneName = Bip01Spine2
    RelativeLocation = { X=0, Y=0, Z=0 }
    RelativeRotation = { Yaw=0, Pitch=0, Roll=0 }
    RelativeScale = { X=1, Y=1, Z=1 }

Object info:
============
ClassName: SkeletalMeshSocket ObjectName: SkeletalMeshSocket_105

    SocketName = Mount_Ambar_Socket
    BoneName = Bip01LClavicle
    RelativeLocation = { X=126.847, Y=40.183, Z=-55.3412 }
    RelativeRotation = { Yaw=-285, Pitch=9970, Roll=22850 }
    RelativeScale = { X=1, Y=1, Z=1 }

Object info:
============
ClassName: SkeletalMeshSocket ObjectName: SkeletalMeshSocket_106

    SocketName = Mount_Choke_Socket
    BoneName = Root
    RelativeLocation = { X=0, Y=0, Z=47.5 }
    RelativeRotation = { Yaw=32768, Pitch=0, Roll=0 }
    RelativeScale = { X=1, Y=1, Z=1 }

Object info:
============
ClassName: SkeletalMeshSocket ObjectName: SkeletalMeshSocket_107

    SocketName = Decap_Socket
    BoneName = Bip01Neck
    RelativeLocation = { X=17.886, Y=29.119, Z=0 }
    RelativeRotation = { Yaw=0, Pitch=0, Roll=0 }
    RelativeScale = { X=1, Y=1, Z=1 }

Object info:
============
ClassName: SkeletalMeshSocket ObjectName: SkeletalMeshSocket_108

    SocketName = ATTACH_EFFECT
    BoneName = Bip01
    RelativeLocation = { X=10, Y=0, Z=0 }
    RelativeRotation = { Yaw=0, Pitch=0, Roll=0 }
    RelativeScale = { X=1, Y=1, Z=1 }

Object info:
============
ClassName: SkeletalMeshSocket ObjectName: SkeletalMeshSocket_26

    SocketName = socket_force
    BoneName = Root
    RelativeLocation = { X=60, Y=60, Z=5 }
    RelativeRotation = { Yaw=0, Pitch=0, Roll=0 }
    RelativeScale = { X=1, Y=1, Z=1 }

Object info:
============
ClassName: SkeletalMeshSocket ObjectName: SkeletalMeshSocket_55

    SocketName = WeaponR
    BoneName = Bip01RHand
    RelativeLocation = { X=0, Y=0, Z=0 }
    RelativeRotation = { Yaw=0, Pitch=0, Roll=0 }
    RelativeScale = { X=1, Y=1, Z=1 }
