Found 19856 game files (132 skipped)
Loading package: 00017009.upk Ver: 573/1 Engine: 4205 Names: 100 Exports: 30 Imports: 14 Game: 801A
Loading SkeletalMesh3 KunN_028 from package 00017009.upk
Loading package: 00017013.upk Ver: 573/1 Engine: 4205 Names: 54 Exports: 2 Imports: 18 Game: 801A
Loading MaterialInstanceConstant col1 from package 00017013.upk
Loading package: 00005632.upk Ver: 573/1 Engine: 4205 Names: 32 Exports: 4 Imports: 4 Game: 801A
Loading package: 00002620.upk Ver: 573/1 Engine: 4205 Names: 560 Exports: 6612 Imports: 96 Game: 801A
Loading Texture2D JinF_007_col1_D from package 00005632.upk
Loading Texture2D JinF_007_col1_N from package 00005632.upk
WARNING: BoolProperty "UTexture2D::bDisableLoadSwitch" was not found
Loading Material3 Beard_Ac from package 00002620.upk
Loading package: 00012963.upk Ver: 573/1 Engine: 4205 Names: 1223 Exports: 1198 Imports: 10 Game: 801A
Loading package: 00008613.upk Ver: 573/1 Engine: 4205 Names: 95 Exports: 6 Imports: 12 Game: 801A
Loading Texture2D check_n from package 00002620.upk
Loading Texture2D Noise_Glass_000 from package 00012963.upk
Loading Texture2D Smoke_Pattern_001 from package 00012963.upk
Loading Texture2D Gradient_Wipe_BurnOut_Mask_TEST from package 00012963.upk
Loading Texture2D Gradient_Wipe_BurnOut_Mask from package 00012963.upk
Loading Texture2D check from package 00002620.upk
Loading Texture2D Gradient_Line_003 from package 00012963.upk
Loading Texture2D Nothing_A from package 00008613.upk
Loaded in 0.073 sec, 2397 allocs, 1.28 MBytes serialized in 197033 calls.

Object info:
============
ClassName: SkeletalMesh3 ObjectName: KunN_028

    LODInfo[1] =
    {
        LODInfo[0] =
        {
            DisplayFactor = 0
            LODHysteresis = 0.02
            LODMaterialMap[0] = {}
            bEnableShadowCasting[1] = { true }
        }
    }
    Sockets[0] = {}
    bHasVertexColors = false
    EnableTwistBoneFixers = true
    EnableClavicleFixer = true
    Materials[1] = { MaterialInstanceConstant'col1' }


    Lods[1] =
    {
        Lods[0] =
        {
            Sections[1] =
            {
                Sections[0] = { Material=MaterialInstanceConstant'col1', FirstIndex=0, NumFaces=1497 }
            }
            NumVerts = 1242
            IndexCount = 4491
            NumTexCoords = 1
        }
    }
    LodCount = 1
    MeshOrigin = { X=-0, Y=-0, Z=-0 }
    MeshScale = { X=1, Y=1, Z=1 }
    RotOrigin = { Yaw=0, Pitch=0, Roll=0 }
    BoneCount = 15
