Found 27000 game files (27 skipped)
Loading package: 00010027.upk Ver: 573/1 Engine: 4205 Names: 79 Exports: 1 Imports: 20 Game: 801A
Loading MaterialInstanceConstant col1 from package 00010027.upk
Loading package: 00002640.upk Ver: 573/1 Engine: 4205 Names: 340 Exports: 556 Imports: 5 Game: 801A
Loading package: 00010026.upk Ver: 573/1 Engine: 4205 Names: 47 Exports: 16 Imports: 2 Game: 801A
Loading package: 00002620.upk Ver: 573/1 Engine: 4205 Names: 560 Exports: 6612 Imports: 96 Game: 801A
Loading TextureCube cube_orb from package 00002640.upk
Loading Texture2D Cloth_40013_KunN_col1_s from package 00010026.upk
Loading Texture2D Cloth_40013_KunN_col1_n from package 00010026.upk
Loading Texture2D Cloth_40013_KunN_col1_mask from package 00010026.upk
Loading Texture2D Cloth_40013_KunN_col1_d from package 00010026.upk
Loading Material3 body_kUN from package 00002620.upk
Loading package: 00012963.upk Ver: 573/1 Engine: 4205 Names: 1264 Exports: 1240 Imports: 10 Game: 801A
Loading Texture2D CubemapFace0 from package 00002640.upk
Loading Texture2D CubemapFace1 from package 00002640.upk
Loading Texture2D CubemapFace2 from package 00002640.upk
Loading Texture2D CubemapFace3 from package 00002640.upk
Loading Texture2D CubemapFace4 from package 00002640.upk
Loading Texture2D CubemapFace5 from package 00002640.upk
Loading Texture2D check_n from package 00002620.upk
Loading Texture2D Noise_Glass_000 from package 00012963.upk
Loading Texture2D Smoke_Pattern_001 from package 00012963.upk
Loading Texture2D Gradient_Wipe_BurnOut_Mask_TEST from package 00012963.upk
Loading Texture2D Gradient_Wipe_BurnOut_Mask from package 00012963.upk
Loading Texture2D check from package 00002620.upk
Loading Texture2D Gradient_Line_003 from package 00012963.upk
Loaded in 0.093 sec, 2804 allocs, 1.52 MBytes serialized in 163047 calls.

Object info:
============
ClassName: MaterialInstanceConstant ObjectName: col1

    ScalarParameterValues[4] =
    {
        ScalarParameterValues[0] = { ParameterName=Skin_Spec_value, ParameterValue=1 }
        ScalarParameterValues[1] = { ParameterName=Wear_glossiness1, ParameterValue=5 }
        ScalarParameterValues[2] = { ParameterName=Wear_glossiness2, ParameterValue=50 }
        ScalarParameterValues[3] = { ParameterName=Skin_glossiness, ParameterValue=10 }
    }
    TextureParameterValues[5] =
    {
        TextureParameterValues[0] = { ParameterName=rf_cube, ParameterValue=TextureCube'cube_orb' }
        TextureParameterValues[1] = { ParameterName=Body_specular, ParameterValue=Texture2D'Cloth_40013_KunN_col1_s' }
        TextureParameterValues[2] = { ParameterName=Body_normal, ParameterValue=Texture2D'Cloth_40013_KunN_col1_n' }
        TextureParameterValues[3] =
        {
            ParameterName = Body_mask_RGB
            ParameterValue = Texture2D'Cloth_40013_KunN_col1_mask'
        }
        TextureParameterValues[4] = { ParameterName=Body_diffuse, ParameterValue=Texture2D'Cloth_40013_KunN_col1_d' }
    }
    VectorParameterValues[0] = {}
    Parent = Material3'body_kUN'
    FlattenedTexture = None
    MobileBaseTexture = None
    MobileNormalTexture = None
    bUseMobileSpecular = false
    MobileSpecularPower = 16
    MobileSpecularMask = MSM_Constant (0)
    MobileMaskTexture = None
