Found 19856 game files (132 skipped)
Loading package: 00012632.upk Ver: 573/1 Engine: 4205 Names: 61 Exports: 6 Imports: 10 Game: 801A
Loading SkeletalMesh3 040010_GonM from package 00012632.upk
Loading package: 00012631.upk Ver: 573/1 Engine: 4205 Names: 71 Exports: 1 Imports: 18 Game: 801A
Loading MaterialInstanceConstant col1 from package 00012631.upk
Loading package: 00012630.upk Ver: 573/1 Engine: 4205 Names: 32 Exports: 4 Imports: 2 Game: 801A
Loading package: 00002620.upk Ver: 573/1 Engine: 4205 Names: 560 Exports: 6612 Imports: 96 Game: 801A
Loading Texture2D Acc_040010_GonM_col1_D from package 00012630.upk
Loading Texture2D Acc_040010_GonM_col1_S from package 00012630.upk
Loading Texture2D Acc_040010_GonM_col1_N from package 00012630.upk
Loading Texture2D Acc_040010_GonM_col1_M from package 00012630.upk
Loading Material3 Hair_Ac from package 00002620.upk
Loading package: 00012963.upk Ver: 573/1 Engine: 4205 Names: 1223 Exports: 1198 Imports: 10 Game: 801A
Loading Texture2D check_n from package 00002620.upk
Loading Texture2D Noise_Glass_000 from package 00012963.upk
Loading Texture2D Smoke_Pattern_000 from package 00012963.upk
Loading Texture2D Smoke_Pattern_001 from package 00012963.upk
Loading Texture2D Gradient_Wipe_BurnOut_Mask_TEST from package 00012963.upk
Loading Texture2D Gradient_Wipe_BurnOut_Mask from package 00012963.upk
Loading Texture2D check from package 00002620.upk
Loading Texture2D Gradient_Line_003 from package 00012963.upk
Loaded in 0.086 sec, 2348 allocs, 1.13 MBytes serialized in 180269 calls.

Object info:
============
ClassName: SkeletalMesh3 ObjectName: 040010_GonM

    LODInfo[1] =
    {
        LODInfo[0] =
        {
            DisplayFactor = 0
            LODHysteresis = 0.02
            LODMaterialMap[0] = {}
            bEnableShadowCasting[1] = { true }
        }
    }
    Sockets[0] = {}
    bHasVertexColors = false
    EnableTwistBoneFixers = true
    EnableClavicleFixer = true
    Materials[1] = { MaterialInstanceConstant'col1' }


    Lods[1] =
    {
        Lods[0] =
        {
            Sections[1] =
            {
                Sections[0] = { Material=MaterialInstanceConstant'col1', FirstIndex=0, NumFaces=1048 }
            }
            NumVerts = 853
            IndexCount = 3144
            NumTexCoords = 1
        }
    }
    LodCount = 1
    MeshOrigin = { X=-0, Y=-0, Z=-0 }
    MeshScale = { X=1, Y=1, Z=1 }
    RotOrigin = { Yaw=0, Pitch=0, Roll=0 }
    BoneCount = 9
