Found 18875 game files (36 skipped)
Loading package: 00012345.upk Ver: 573/1 Engine: 4205 Names: 35 Exports: 5 Imports: 2 Game: 801A
Loading Texture2D Weapon_010126_col1_d from package 00012345.upk
Loading Texture2D Weapon_010126_col1_FX_Line from package 00012345.upk
Loading Texture2D Weapon_010126_col1_m from package 00012345.upk
Loading Texture2D Weapon_010126_col1_n from package 00012345.upk
Loading Texture2D Weapon_010126_col1_s from package 00012345.upk
Loaded in 0.03 sec, 204 allocs, 0.12 MBytes serialized in 1199 calls.

Object info:
============
ClassName: Texture2D ObjectName: Weapon_010126_col1_d

    SizeX = 256
    SizeY = 512
    Format = PF_DXT1 (5)
    AddressX = TA_Wrap (0)
    AddressY = TA_Wrap (0)
    TextureFileCacheName = None
    MipTailBaseIdx = 9
    bForcePVRTC4 = false
    UnpackMin[4] = { 0, 0, 0, 0 }
    UnpackMax[4] = { 1, 1, 1, 1 }

Object info:
============
ClassName: Texture2D ObjectName: Weapon_010126_col1_FX_Line

    SizeX = 256
    SizeY = 512
    Format = PF_DXT1 (5)
    AddressX = TA_Wrap (0)
    AddressY = TA_Wrap (0)
    TextureFileCacheName = None
    MipTailBaseIdx = 9
    bForcePVRTC4 = false
    UnpackMin[4] = { 0, 0, 0, 0 }
    UnpackMax[4] = { 1, 1, 1, 1 }

Object info:
============
ClassName: Texture2D ObjectName: Weapon_010126_col1_m

    SizeX = 128
    SizeY = 256
    Format = PF_DXT1 (5)
    AddressX = TA_Wrap (0)
    AddressY = TA_Wrap (0)
    TextureFileCacheName = None
    MipTailBaseIdx = 8
    bForcePVRTC4 = false
    UnpackMin[4] = { 0, 0, 0, 0 }
    UnpackMax[4] = { 1, 1, 1, 1 }

Object info:
============
ClassName: Texture2D ObjectName: Weapon_010126_col1_n

    SizeX = 256
    SizeY = 512
    Format = PF_DXT1 (5)
    AddressX = TA_Wrap (0)
    AddressY = TA_Wrap (0)
    TextureFileCacheName = None
    MipTailBaseIdx = 9
    bForcePVRTC4 = false
    UnpackMin[4] = { -1, -1, -1, 0 }
    UnpackMax[4] = { 1, 1, 1, 1 }

Object info:
============
ClassName: Texture2D ObjectName: Weapon_010126_col1_s

    SizeX = 256
    SizeY = 512
    Format = PF_DXT1 (5)
    AddressX = TA_Wrap (0)
    AddressY = TA_Wrap (0)
    TextureFileCacheName = None
    MipTailBaseIdx = 9
    bForcePVRTC4 = false
    UnpackMin[4] = { 0, 0, 0, 0 }
    UnpackMax[4] = { 1, 1, 1, 1 }
