Found 27000 game files (27 skipped)
Loading package: 00012892.upk Ver: 573/1 Engine: 4205 Names: 929 Exports: 4955 Imports: 320 Game: 801A
Loading AnimSet GhostFire_Anim from package 00012892.upk
WARNING: BoolProperty "UAnimSet::bServiced" was not found
WARNING: ArrayProperty "UAnimSet::AdjustAniScaleBoneNames" was not found
Loading AnimSequence AnimSequence_0 from package 00012892.upk
WARNING: BoolProperty "UAnimSequence::bServiced" was not found
Loading AnimSet Mesh_NightmareStone_Anim from package 00012892.upk
WARNING: BoolProperty "UAnimSet::bServiced" was not found
WARNING: ArrayProperty "UAnimSet::AdjustAniScaleBoneNames" was not found
Loading AnimSequence AnimSequence_2 from package 00012892.upk
WARNING: BoolProperty "UAnimSequence::bServiced" was not found
Loading Material3 001_Mesh_Default_MatM from package 00012892.upk
WARNING: BoolProperty "UMaterial3::bAcceptRenderDecal" was not found
Loading package: 00023713.upk Ver: 573/1 Engine: 4205 Names: 96 Exports: 71 Imports: 4 Game: 801A
Loading Material3 001_Mesh_Invisible_MatM from package 00012892.upk
WARNING: BoolProperty "UMaterial3::bAcceptRenderDecal" was not found
Loading Material3 Bamboo_Leaf1_Mat from package 00012892.upk
WARNING: BoolProperty "UMaterial3::bAcceptRenderDecal" was not found
Loading Material3 Bamboo_Leaf2_Mat from package 00012892.upk
WARNING: BoolProperty "UMaterial3::bAcceptRenderDecal" was not found
Loading Material3 BG_Cloud_001_Mat from package 00012892.upk
WARNING: BoolProperty "UMaterial3::bAcceptRenderDecal" was not found
Loading package: clouds_001.upk Ver: 573/1 Engine: 4205 Names: 22 Exports: 5 Imports: 3 Game: 801A
Loading Material3 BG_Cloud_002_Mat from package 00012892.upk
WARNING: BoolProperty "UMaterial3::bAcceptRenderDecal" was not found
Loading Material3 BG_Cloud_003A_Mat from package 00012892.upk
WARNING: BoolProperty "UMaterial3::bAcceptRenderDecal" was not found
Loading Material3 BG_DarkSandFog_001_Mat from package 00012892.upk
WARNING: BoolProperty "UMaterial3::bAcceptRenderDecal" was not found
Loading package: 00012963.upk Ver: 573/1 Engine: 4205 Names: 1264 Exports: 1240 Imports: 10 Game: 801A
Loading Material3 BG_DarkSandFog_002_Mat from package 00012892.upk
WARNING: BoolProperty "UMaterial3::bAcceptRenderDecal" was not found
Loading Material3 BG_Env_Snow_001_Mat from package 00012892.upk
WARNING: BoolProperty "UMaterial3::bAcceptRenderDecal" was not found
Loading Material3 BG_Env_Snow_002_Mat from package 00012892.upk
WARNING: BoolProperty "UMaterial3::bAcceptRenderDecal" was not found
Loading Material3 BG_Env_Snow_003_Mat from package 00012892.upk
WARNING: BoolProperty "UMaterial3::bAcceptRenderDecal" was not found
Loading Material3 BG_Env_Snow_004_Mat from package 00012892.upk
WARNING: BoolProperty "UMaterial3::bAcceptRenderDecal" was not found
Loading Material3 BG_FX_CircleEmitte_001 from package 00012892.upk
WARNING: BoolProperty "UMaterial3::bAcceptRenderDecal" was not found
Loading Material3 BG_FX_CircleEmitte_002 from package 00012892.upk
WARNING: BoolProperty "UMaterial3::bAcceptRenderDecal" was not found
Loading Material3 BG_FX_Cloud_001_Mat from package 00012892.upk
Loading Material3 BG_FX_Cloud_002_Mat from package 00012892.upk
Loading Material3 BG_FX_Electric_ani_gradient from package 00012892.upk
WARNING: BoolProperty "UMaterial3::bAcceptRenderDecal" was not found
Loading package: EngineResources.upk Ver: 573/1 Engine: 4205 Names: 151 Exports: 86 Imports: 11 Game: 801A
Loading Material3 BG_FX_Electric_Marble from package 00012892.upk
WARNING: BoolProperty "UMaterial3::bAcceptRenderDecal" was not found
Loading Material3 BG_FX_FlowerLeaf_001_Mat from package 00012892.upk
WARNING: BoolProperty "UMaterial3::bAcceptRenderDecal" was not found
Loading Material3 BG_FX_FlowerLeaf_002_Mat from package 00012892.upk
WARNING: BoolProperty "UMaterial3::bAcceptRenderDecal" was not found
Loading Material3 BG_FX_FlowerLeaf_003_Mat from package 00012892.upk
WARNING: BoolProperty "UMaterial3::bAcceptRenderDecal" was not found
Loading Material3 BG_FX_FlowerLeaf_004_Mat from package 00012892.upk
WARNING: BoolProperty "UMaterial3::bAcceptRenderDecal" was not found
Loading Material3 BG_FX_FlowerLeaf_005_Mat from package 00012892.upk
WARNING: BoolProperty "UMaterial3::bAcceptRenderDecal" was not found
Loading Material3 BG_FX_FlowerLeaf_006_Mat from package 00012892.upk
WARNING: BoolProperty "UMaterial3::bAcceptRenderDecal" was not found
Loading Material3 BG_FX_FlowerLeaf_007_Mat from package 00012892.upk
WARNING: BoolProperty "UMaterial3::bAcceptRenderDecal" was not found
Loading Material3 BG_FX_FlowerLeaf_008_Mat from package 00012892.upk
WARNING: BoolProperty "UMaterial3::bAcceptRenderDecal" was not found
Loading Material3 BG_FX_FlowerLeaf_009_Mat from package 00012892.upk
WARNING: BoolProperty "UMaterial3::bAcceptRenderDecal" was not found
Loading Material3 BG_FX_GeneralCircle_001_Blur_Mat from package 00012892.upk
WARNING: BoolProperty "UMaterial3::bAcceptRenderDecal" was not found
Loading Material3 BG_FX_GeneralCircle_001_Mat from package 00012892.upk
WARNING: BoolProperty "UMaterial3::bAcceptRenderDecal" was not found
Loading Material3 BG_FX_GeneralCircle_Backglow_001_Mat from package 00012892.upk
WARNING: BoolProperty "UMaterial3::bAcceptRenderDecal" was not found
Loading Material3 BG_FX_GeneralCircle_Logo_001_Mat from package 00012892.upk
WARNING: BoolProperty "UMaterial3::bAcceptRenderDecal" was not found
Loading Material3 BG_FX_GeneralCircle_Logo_002_Mat from package 00012892.upk
WARNING: BoolProperty "UMaterial3::bAcceptRenderDecal" was not found
Loading Material3 BG_FX_GeneralCircle_Logo_003_Mat from package 00012892.upk
WARNING: BoolProperty "UMaterial3::bAcceptRenderDecal" was not found
Loading Material3 BG_FX_GeneralCircleMesh_004_Mat from package 00012892.upk
WARNING: BoolProperty "UMaterial3::bAcceptRenderDecal" was not found
Loading Material3 BG_FX_Guidosi_Screw_Center from package 00012892.upk
WARNING: BoolProperty "UMaterial3::bAcceptRenderDecal" was not found
Loading Material3 BG_FX_Guidosi_Screw_Wave from package 00012892.upk
WARNING: BoolProperty "UMaterial3::bAcceptRenderDecal" was not found
Loading Material3 BG_FX_HeukRyong_Smoke_01 from package 00012892.upk
Loading Material3 BG_FX_HeukRyong_Smoke_02 from package 00012892.upk
WARNING: BoolProperty "UMaterial3::bAcceptRenderDecal" was not found
Loading Material3 BG_FX_LightMesh_001_Mat from package 00012892.upk
WARNING: BoolProperty "UMaterial3::bAcceptRenderDecal" was not found
Loading package: light_001.upk Ver: 573/1 Engine: 4205 Names: 366 Exports: 167 Imports: 42 Game: 801A
Loading package: parent_normal.upk Ver: 573/1 Engine: 4205 Names: 1089 Exports: 9880 Imports: 96 Game: 801A
Loading Material3 BG_FX_Poison_001_Mat from package 00012892.upk
WARNING: BoolProperty "UMaterial3::bAcceptRenderDecal" was not found
Loading Material3 BG_FX_Snow_001_Mat from package 00012892.upk
WARNING: BoolProperty "UMaterial3::bAcceptRenderDecal" was not found
Loading Material3 BG_FX_water_bottom_Mat from package 00012892.upk
WARNING: BoolProperty "UMaterial3::bAcceptRenderDecal" was not found
Loading Material3 BG_FX_Waterfall_001_Mat from package 00012892.upk
WARNING: BoolProperty "UMaterial3::bAcceptRenderDecal" was not found
Loading Material3 BG_Sandfall_001_Mat from package 00012892.upk
WARNING: BoolProperty "UMaterial3::bAcceptRenderDecal" was not found
Loading Material3 BG_Sandfall_002_Mat from package 00012892.upk
WARNING: BoolProperty "UMaterial3::bAcceptRenderDecal" was not found
Loading Material3 BG_Sandfall_003_Mat from package 00012892.upk
WARNING: BoolProperty "UMaterial3::bAcceptRenderDecal" was not found
Loading Material3 BG_SandFog_001_Mat from package 00012892.upk
WARNING: BoolProperty "UMaterial3::bAcceptRenderDecal" was not found
Loading Material3 BG_SandFog_002_Mat from package 00012892.upk
WARNING: BoolProperty "UMaterial3::bAcceptRenderDecal" was not found
Loading Material3 BG_Tornado01 from package 00012892.upk
Loading Material3 BG_Tornado05 from package 00012892.upk
Loading Material3 BGFX_Battlearea_Fire02_Mat from package 00012892.upk
Loading Material3 BGFX_BattleArea_Fire_001_Mat from package 00012892.upk
WARNING: BoolProperty "UMaterial3::bAcceptRenderDecal" was not found
Loading Material3 BGFX_Battlearea_Fire_Mat from package 00012892.upk
WARNING: BoolProperty "UMaterial3::bAcceptRenderDecal" was not found
Loading Material3 BGFX_BattleArea_FireAsh001_Mat from package 00012892.upk
WARNING: BoolProperty "UMaterial3::bAcceptRenderDecal" was not found
Loading Material3 BGFX_Blackhole_001_Mat from package 00012892.upk
Loading Material3 BGFX_Blackhole_001_Out_Mat from package 00012892.upk
Loading Material3 BGFX_Chillyair_001_Mat from package 00012892.upk
WARNING: BoolProperty "UMaterial3::bAcceptRenderDecal" was not found
Loading Material3 BGFX_Chillyair_002_Mat from package 00012892.upk
WARNING: BoolProperty "UMaterial3::bAcceptRenderDecal" was not found
Loading Material3 BGFX_DragonFly_001_Mat from package 00012892.upk
WARNING: BoolProperty "UMaterial3::bAcceptRenderDecal" was not found
Loading Material3 BGFX_DragonFly_002_Mat from package 00012892.upk
WARNING: BoolProperty "UMaterial3::bAcceptRenderDecal" was not found
Loading Material3 BGFX_Dust_001_Mat from package 00012892.upk
WARNING: BoolProperty "UMaterial3::bAcceptRenderDecal" was not found
Loading Material3 BGFX_Fire_Herotower_001_Mat from package 00012892.upk
WARNING: BoolProperty "UMaterial3::bAcceptRenderDecal" was not found
Loading Material3 BGFX_GhostFire_MAT from package 00012892.upk
Loading package: cine_effect_texture.upk Ver: 573/1 Engine: 4205 Names: 297 Exports: 263 Imports: 7 Game: 801A
Loading Material3 BGFX_HR_Dragon_Hwaro_01_Mat from package 00012892.upk
WARNING: BoolProperty "UMaterial3::bAcceptRenderDecal" was not found
Loading Material3 BGFX_HR_Torch_001_Mat from package 00012892.upk
WARNING: BoolProperty "UMaterial3::bAcceptRenderDecal" was not found
Loading Material3 BGFX_IceAsh_001_Mat from package 00012892.upk
WARNING: BoolProperty "UMaterial3::bAcceptRenderDecal" was not found
Loading Material3 BGFX_JaJak_Bubble_001_Mat from package 00012892.upk
Loading package: cubemap_001.upk Ver: 573/1 Engine: 4205 Names: 179 Exports: 525 Imports: 34 Game: 801A
Loading Material3 BGFX_Mesh_HaeMuJin_002_Mat from package 00012892.upk
WARNING: BoolProperty "UMaterial3::bAcceptRenderDecal" was not found
Loading Material3 BGFX_Mesh_HaeMuJin_003_Mat from package 00012892.upk
WARNING: BoolProperty "UMaterial3::bAcceptRenderDecal" was not found
Loading Material3 BGFX_Meteorites_001_Mat from package 00012892.upk
Loading Material3 BGFX_Meteorites_002_Mat from package 00012892.upk
Loading Material3 BGFX_NightmareDarkCloud_001_Mat from package 00012892.upk
WARNING: BoolProperty "UMaterial3::bAcceptRenderDecal" was not found
Loading Material3 BGFX_Portal_003_Mat from package 00012892.upk
WARNING: BoolProperty "UMaterial3::bAcceptRenderDecal" was not found
Loading Material3 BGFX_PortalLogo_001_Mat from package 00012892.upk
WARNING: BoolProperty "UMaterial3::bAcceptRenderDecal" was not found
Loading Material3 BGFX_sulokgung_Cloud_001_Mat from package 00012892.upk
WARNING: BoolProperty "UMaterial3::bAcceptRenderDecal" was not found
Loading Material3 BGFX_SulokgungWater_001_Mat from package 00012892.upk
WARNING: BoolProperty "UMaterial3::bAcceptRenderDecal" was not found
Loading Material3 BGFX_TreeLeaf_010_Mat from package 00012892.upk
WARNING: BoolProperty "UMaterial3::bAcceptRenderDecal" was not found
Loading Material3 BGFX_TreeLeaf_011_Mat from package 00012892.upk
WARNING: BoolProperty "UMaterial3::bAcceptRenderDecal" was not found
Loading Material3 BGFX_TreeLeaf_012_Mat from package 00012892.upk
WARNING: BoolProperty "UMaterial3::bAcceptRenderDecal" was not found
Loading Material3 BGFX_TreeLeaf_013_Mat from package 00012892.upk
WARNING: BoolProperty "UMaterial3::bAcceptRenderDecal" was not found
Loading Material3 BGFX_TreeLeaf_014_Mat from package 00012892.upk
WARNING: BoolProperty "UMaterial3::bAcceptRenderDecal" was not found
Loading Material3 BGFX_TreeLeaf_015_Mat from package 00012892.upk
WARNING: BoolProperty "UMaterial3::bAcceptRenderDecal" was not found
Loading Material3 BGFX_TreeLeaf_016_Mat from package 00012892.upk
WARNING: BoolProperty "UMaterial3::bAcceptRenderDecal" was not found
Loading Material3 BGFX_TreeLeaf_017_Mat from package 00012892.upk
WARNING: BoolProperty "UMaterial3::bAcceptRenderDecal" was not found
Loading Material3 BGFX_TreeLeaf_018_Mat from package 00012892.upk
WARNING: BoolProperty "UMaterial3::bAcceptRenderDecal" was not found
Loading Material3 BGFX_TreeLeaf_019_Mat from package 00012892.upk
WARNING: BoolProperty "UMaterial3::bAcceptRenderDecal" was not found
Loading Material3 Blob_volume_opt from package 00012892.upk
WARNING: BoolProperty "UMaterial3::bAcceptRenderDecal" was not found
Loading Material3 break_screen from package 00012892.upk
Loading Material3 Butterfly_MeshM from package 00012892.upk
WARNING: BoolProperty "UMaterial3::bAcceptRenderDecal" was not found
Loading Material3 Dash_Leaf_Mat from package 00012892.upk
WARNING: BoolProperty "UMaterial3::bAcceptRenderDecal" was not found
Loading Material3 Dst_volume_fall_2opt from package 00012892.upk
WARNING: BoolProperty "UMaterial3::bAcceptRenderDecal" was not found
Loading Material3 Electric_Sprite_002_Mat from package 00012892.upk
WARNING: BoolProperty "UMaterial3::bAcceptRenderDecal" was not found
Loading Material3 Electric_Sprite_003_Mat from package 00012892.upk
WARNING: BoolProperty "UMaterial3::bAcceptRenderDecal" was not found
Loading Material3 Electric_Sprite_004_Mat from package 00012892.upk
WARNING: BoolProperty "UMaterial3::bAcceptRenderDecal" was not found
Loading Material3 Electric_Sprite_005_Mat from package 00012892.upk
WARNING: BoolProperty "UMaterial3::bAcceptRenderDecal" was not found
Loading Material3 Env_Fx_BlackFog_MAT from package 00012892.upk
WARNING: BoolProperty "UMaterial3::bAcceptRenderDecal" was not found
Loading Material3 Env_Fx_BlackFog_MAT2 from package 00012892.upk
WARNING: BoolProperty "UMaterial3::bAcceptRenderDecal" was not found
Loading Material3 Env_Fx_Fly_MAT from package 00012892.upk
Loading Material3 Env_Fx_Ghost from package 00012892.upk
Loading Material3 Env_Fx_Ghost2_Mat from package 00012892.upk
Loading Material3 Env_Fx_LeafFall_Mat from package 00012892.upk
Loading Material3 Env_Fx_SpaKles from package 00012892.upk
Loading Material3 Env_Fx_Water_Cloud from package 00012892.upk
Loading Material3 Env_Fx_Water_Cloud2_Mat from package 00012892.upk
WARNING: BoolProperty "UMaterial3::bAcceptRenderDecal" was not found
Loading Material3 Env_Fx_Water_Cloud3_Mat from package 00012892.upk
WARNING: BoolProperty "UMaterial3::bAcceptRenderDecal" was not found
Loading Material3 Env_Fx_Water_Cloud_Mat from package 00012892.upk
Loading Material3 Env_Fx_WaterDust from package 00012892.upk
Loading Material3 Env_Fx_WaterDust2_Mat from package 00012892.upk
Loading Material3 Env_Fx_Yeolsa_Sandfall from package 00012892.upk
Loading Material3 Fire_Torch_002_Mat from package 00012892.upk
Loading Material3 Firefly_001_Mat from package 00012892.upk
WARNING: BoolProperty "UMaterial3::bAcceptRenderDecal" was not found
Loading Material3 Firefly_002_Mat from package 00012892.upk
WARNING: BoolProperty "UMaterial3::bAcceptRenderDecal" was not found
Loading Material3 FireGorilla_exp_Mat from package 00012892.upk
Loading package: musinreung_d_003.upk Ver: 573/1 Engine: 4205 Names: 268 Exports: 49 Imports: 29 Game: 801A
Loading Material3 Foot_Print from package 00012892.upk
Loading Material3 Foot_Prints from package 00012892.upk
Loading Material3 Foot_Prints2 from package 00012892.upk
Loading Material3 FX_Leaf_001_Mat from package 00012892.upk
WARNING: BoolProperty "UMaterial3::bAcceptRenderDecal" was not found
Loading Material3 FX_Leaf_002_Mat from package 00012892.upk
WARNING: BoolProperty "UMaterial3::bAcceptRenderDecal" was not found
Loading Material3 FX_Leaf_003_Mat from package 00012892.upk
WARNING: BoolProperty "UMaterial3::bAcceptRenderDecal" was not found
Loading Material3 FX_Leaf_004_Mat from package 00012892.upk
WARNING: BoolProperty "UMaterial3::bAcceptRenderDecal" was not found
Loading Material3 FX_Leaf_005_Mat from package 00012892.upk
WARNING: BoolProperty "UMaterial3::bAcceptRenderDecal" was not found
Loading Material3 FX_Sparkle_Depth001_Mat from package 00012892.upk
WARNING: BoolProperty "UMaterial3::bAcceptRenderDecal" was not found
Loading Material3 FX_Sparkle_Depth002_Mat from package 00012892.upk
WARNING: BoolProperty "UMaterial3::bAcceptRenderDecal" was not found
Loading Material3 FX_Sparkle_Depth003_Mat from package 00012892.upk
WARNING: BoolProperty "UMaterial3::bAcceptRenderDecal" was not found
Loading Material3 FXBG_PortalCircle_001_Mat from package 00012892.upk
WARNING: BoolProperty "UMaterial3::bAcceptRenderDecal" was not found
Loading Material3 HellGate_Potal2_Mat1 from package 00012892.upk
Loading Material3 HellGate_Potal2_Mat2 from package 00012892.upk
WARNING: BoolProperty "UMaterial3::bAcceptRenderDecal" was not found
Loading Material3 HellGate_Potal2_Mat3 from package 00012892.upk
WARNING: BoolProperty "UMaterial3::bAcceptRenderDecal" was not found
Loading Material3 HellGate_Potal2_Mat4 from package 00012892.upk
WARNING: BoolProperty "UMaterial3::bAcceptRenderDecal" was not found
Loading Material3 HellGate_Potal2_trail_Mat1 from package 00012892.upk
WARNING: BoolProperty "UMaterial3::bAcceptRenderDecal" was not found
Loading Material3 HellGate_Potal_black from package 00012892.upk
WARNING: BoolProperty "UMaterial3::bAcceptRenderDecal" was not found
Loading Material3 HellGate_Potal_black2 from package 00012892.upk
WARNING: BoolProperty "UMaterial3::bAcceptRenderDecal" was not found
Loading Material3 HellGate_Potal_Mat1 from package 00012892.upk
Loading Material3 HellGate_Potal_Mat2 from package 00012892.upk
Loading Material3 HellGate_Potal_Mat3 from package 00012892.upk
WARNING: BoolProperty "UMaterial3::bAcceptRenderDecal" was not found
Loading Material3 HellGate_Potal_Mat4 from package 00012892.upk
WARNING: BoolProperty "UMaterial3::bAcceptRenderDecal" was not found
Loading Material3 HellGate_Potal_trail_Mat1 from package 00012892.upk
WARNING: BoolProperty "UMaterial3::bAcceptRenderDecal" was not found
Loading Material3 HellGate_Potal_trail_Mat2 from package 00012892.upk
Loading Material3 Herotower_Rain_001_Mat from package 00012892.upk
WARNING: BoolProperty "UMaterial3::bAcceptRenderDecal" was not found
Loading package: fx_weather_001.upk Ver: 573/1 Engine: 4205 Names: 485 Exports: 1611 Imports: 173 Game: 801A
Loading Material3 M01_dst_03_opt from package 00012892.upk
WARNING: BoolProperty "UMaterial3::bAcceptRenderDecal" was not found
Loading Material3 M01_Ripple_opt from package 00012892.upk
WARNING: BoolProperty "UMaterial3::bAcceptRenderDecal" was not found
Loading Material3 M01_Water_Splash_nov3_opt from package 00012892.upk
WARNING: BoolProperty "UMaterial3::bAcceptRenderDecal" was not found
Loading Material3 M01_Water_Splash_nov_opt from package 00012892.upk
WARNING: BoolProperty "UMaterial3::bAcceptRenderDecal" was not found
Loading Material3 M01_Water_Splash_Sp from package 00012892.upk
WARNING: BoolProperty "UMaterial3::bAcceptRenderDecal" was not found
Loading Material3 M_Exhausted from package 00012892.upk
Loading Material3 M_Liquid_GroundWater_01 from package 00012892.upk
Loading Material3 M_Liquid_NanoWaterDrip_01 from package 00012892.upk
Loading Material3 M_Liquid_WaterFall_02 from package 00012892.upk
Loading Material3 M_Liquid_WaterFall_02a from package 00012892.upk
Loading Material3 M_Liquid_WaterFall_02b from package 00012892.upk
Loading Material3 M_MukHwaLeaf_01 from package 00012892.upk
WARNING: BoolProperty "UMaterial3::bAcceptRenderDecal" was not found
Loading Material3 M_MukHwaLeaf_02 from package 00012892.upk
WARNING: BoolProperty "UMaterial3::bAcceptRenderDecal" was not found
Loading Material3 M_MukHwarLeaf_02m from package 00012892.upk
WARNING: BoolProperty "UMaterial3::bAcceptRenderDecal" was not found
Loading Material3 M_MukHwaScar_Flower from package 00012892.upk
WARNING: BoolProperty "UMaterial3::bAcceptRenderDecal" was not found
Loading Material3 M_MukHwaScar_flower_kneel from package 00012892.upk
WARNING: BoolProperty "UMaterial3::bAcceptRenderDecal" was not found
Loading Material3 M_MukHwaScar_Ivy from package 00012892.upk
WARNING: BoolProperty "UMaterial3::bAcceptRenderDecal" was not found
Loading Material3 M_OnOFF_01 from package 00012892.upk
Loading Material3 M_OnOFF_01_Test_RadiusBlur from package 00012892.upk
Loading Material3 M_Physical_Dash_Dirt_01 from package 00012892.upk
Loading Material3 M_Restoration from package 00012892.upk
Loading Material3 Maple_RedLeaf_001_Mat from package 00012892.upk
WARNING: BoolProperty "UMaterial3::bAcceptRenderDecal" was not found
Loading Material3 Mesh_Beam_001_Mat from package 00012892.upk
WARNING: BoolProperty "UMaterial3::bAcceptRenderDecal" was not found
Loading Material3 Mesh_DarkCloud_001_Mat from package 00012892.upk
WARNING: BoolProperty "UMaterial3::bAcceptRenderDecal" was not found
Loading Material3 Mesh_NightmareBeam_001_Mat from package 00012892.upk
WARNING: BoolProperty "UMaterial3::bAcceptRenderDecal" was not found
Loading Material3 Mesh_NightmareBeam_002_Mat from package 00012892.upk
WARNING: BoolProperty "UMaterial3::bAcceptRenderDecal" was not found
Loading Material3 Mesh_NightmareBeamAurora_001_Mat from package 00012892.upk
WARNING: BoolProperty "UMaterial3::bAcceptRenderDecal" was not found
Loading Material3 Mesh_NightmareSky_001_Mat from package 00012892.upk
WARNING: BoolProperty "UMaterial3::bAcceptRenderDecal" was not found
Loading Material3 Mesh_NightmareStone_Mat from package 00012892.upk
WARNING: BoolProperty "UMaterial3::bAcceptRenderDecal" was not found
Loading package: stonetextures_001a.upk Ver: 573/1 Engine: 4205 Names: 143 Exports: 114 Imports: 5 Game: 801A
Loading Material3 Mesh_NightmareWaveBeam_001_Mat from package 00012892.upk
WARNING: BoolProperty "UMaterial3::bAcceptRenderDecal" was not found
Loading Material3 NightmareCloud_001_Mat from package 00012892.upk
WARNING: BoolProperty "UMaterial3::bAcceptRenderDecal" was not found
Loading Material3 NightmareDust_001_Mat from package 00012892.upk
WARNING: BoolProperty "UMaterial3::bAcceptRenderDecal" was not found
Loading Material3 Raid_Potal_MatM from package 00012892.upk
WARNING: BoolProperty "UMaterial3::bAcceptRenderDecal" was not found
Loading Material3 Raid_Potal_MatM2 from package 00012892.upk
WARNING: BoolProperty "UMaterial3::bAcceptRenderDecal" was not found
Loading Material3 Raid_Potal_MatM3 from package 00012892.upk
WARNING: BoolProperty "UMaterial3::bAcceptRenderDecal" was not found
Loading Material3 Raid_Potal_MatM_2 from package 00012892.upk
WARNING: BoolProperty "UMaterial3::bAcceptRenderDecal" was not found
Loading Material3 Rose_Leaf from package 00012892.upk
WARNING: BoolProperty "UMaterial3::bAcceptRenderDecal" was not found
Loading Material3 Rose_Leaf_mesh from package 00012892.upk
WARNING: BoolProperty "UMaterial3::bAcceptRenderDecal" was not found
Loading Material3 SandWind_001_Mat from package 00012892.upk
WARNING: BoolProperty "UMaterial3::bAcceptRenderDecal" was not found
Loading Material3 SandWind_002_Mat from package 00012892.upk
WARNING: BoolProperty "UMaterial3::bAcceptRenderDecal" was not found
Loading Material3 Seed_001_Mat from package 00012892.upk
WARNING: BoolProperty "UMaterial3::bAcceptRenderDecal" was not found
Loading Material3 Seed_002_Mat from package 00012892.upk
WARNING: BoolProperty "UMaterial3::bAcceptRenderDecal" was not found
Loading Material3 Start_exhaust from package 00012892.upk
Loading Material3 Start_Fade_in from package 00012892.upk
Loading Material3 Stone_Exp_001_Mat from package 00012892.upk
WARNING: BoolProperty "UMaterial3::bAcceptRenderDecal" was not found
Loading Material3 Stone_Exp_002_Mat from package 00012892.upk
WARNING: BoolProperty "UMaterial3::bAcceptRenderDecal" was not found
Loading Material3 Tree_Leaf_002_Mat from package 00012892.upk
WARNING: BoolProperty "UMaterial3::bAcceptRenderDecal" was not found
Loading Material3 Tree_Leaf_003_Mat from package 00012892.upk
WARNING: BoolProperty "UMaterial3::bAcceptRenderDecal" was not found
Loading Material3 Water_Cloud_002_Mat from package 00012892.upk
Loading Material3 Water_Ripple from package 00012892.upk
Loading Material3 Water_Splash_Wave_Mat from package 00012892.upk
WARNING: BoolProperty "UMaterial3::bAcceptRenderDecal" was not found
Loading Material3 Waterfall_mist_Mat from package 00012892.upk
WARNING: BoolProperty "UMaterial3::bAcceptRenderDecal" was not found
Loading MaterialInstanceConstant BG_FX_CircleEmitte_001_INST from package 00012892.upk
WARNING: BoolProperty "UMaterialInstanceConstant::bAcceptRenderDecal" was not found
Loading MaterialInstanceConstant BG_FX_CircleEmitte_002_INST from package 00012892.upk
WARNING: BoolProperty "UMaterialInstanceConstant::bAcceptRenderDecal" was not found
Loading MaterialInstanceConstant BG_FX_Guidosi_Screw_Center2_Mat from package 00012892.upk
Loading MaterialInstanceConstant BG_FX_Guidosi_Screw_Center_INST from package 00012892.upk
Loading MaterialInstanceConstant BG_FX_Guidosi_Screw_Center_INST2 from package 00012892.upk
Loading MaterialInstanceConstant BG_FX_Guidosi_Screw_Wave2_Mat from package 00012892.upk
Loading MaterialInstanceConstant BG_FX_Guidosi_Screw_Wave_INST from package 00012892.upk
Loading MaterialInstanceConstant BG_FX_Guidosi_Screw_Wave_INST2 from package 00012892.upk
Loading MaterialInstanceConstant M_Exhausted_INST from package 00012892.upk
Loading MaterialInstanceConstant M_MukHwaLeaf_01_INST from package 00012892.upk
Loading MaterialInstanceConstant M_OnOFF_01_INST from package 00012892.upk
Loading MaterialInstanceConstant M_restoration_INST from package 00012892.upk
Loading MaterialInstanceConstant Waterfall_mist_INST from package 00012892.upk
Loading SkeletalMesh3 BGFX_GhostFire from package 00012892.upk
Loading SkeletalMesh3 Mesh_NightmareStone from package 00012892.upk
Loading StaticMesh3 BeamMesh_000 from package 00012892.upk
Loading StaticMesh3 BeamMesh_001 from package 00012892.upk
Loading StaticMesh3 BeamMesh_002 from package 00012892.upk
Loading StaticMesh3 BeamMesh_003 from package 00012892.upk
Loading StaticMesh3 BeamMesh_004 from package 00012892.upk
Loading StaticMesh3 BeamMesh_005 from package 00012892.upk
Loading StaticMesh3 BG_FX_GeneralCircleMesh_001 from package 00012892.upk
Loading StaticMesh3 BG_FX_GeneralCircleMesh_002 from package 00012892.upk
Loading StaticMesh3 BG_FX_GeneralCircleMesh_003 from package 00012892.upk
Loading StaticMesh3 BG_FX_GeneralCircleMesh_004 from package 00012892.upk
Loading StaticMesh3 BG_FX_Mesh_FlowerLeaf_000 from package 00012892.upk
Loading StaticMesh3 BG_FX_Mesh_FlowerLeaf_001 from package 00012892.upk
Loading StaticMesh3 BG_FX_Mesh_FlowerLeaf_002 from package 00012892.upk
Loading StaticMesh3 BG_FX_Mesh_FlowerLeaf_003 from package 00012892.upk
Loading StaticMesh3 BG_FX_Mesh_FlowerLeaf_004 from package 00012892.upk
Loading StaticMesh3 BG_FX_Mesh_FlowerLeaf_005 from package 00012892.upk
Loading StaticMesh3 BG_FX_Mesh_Guidosi_Screw from package 00012892.upk
Loading StaticMesh3 BG_FX_Mesh_Guidosi_Screw2 from package 00012892.upk
Loading StaticMesh3 BG_Mesh_Sandfall_001 from package 00012892.upk
Loading StaticMesh3 BG_Mesh_Sandfall_002 from package 00012892.upk
Loading StaticMesh3 BGFX_Mesh_HaeMuJin_001 from package 00012892.upk
Loading StaticMesh3 BGFX_Mesh_HaeMuJin_002 from package 00012892.upk
Loading StaticMesh3 BGFX_Mesh_HaeMuJin_003 from package 00012892.upk
Loading StaticMesh3 BGFX_Mesh_HR_DragonTrail_001 from package 00012892.upk
Loading StaticMesh3 BGFX_Mesh_HR_DragonTrail_002 from package 00012892.upk
Loading StaticMesh3 BGFX_Mesh_HR_DragonTrail_003 from package 00012892.upk
Loading StaticMesh3 BGFX_Mesh_HR_DragonTrail_004 from package 00012892.upk
Loading StaticMesh3 BGFX_Mesh_HR_DragonTrail_005 from package 00012892.upk
Loading StaticMesh3 Env_Fx_FallLeaf_Mesh from package 00012892.upk
Loading StaticMesh3 FireGorilla_EXP_001 from package 00012892.upk
Loading StaticMesh3 FireGorilla_exp_003 from package 00012892.upk
Loading StaticMesh3 FX_Bamboo_Leaf_001 from package 00012892.upk
Loading StaticMesh3 FX_LightMesh_001 from package 00012892.upk
Loading StaticMesh3 Mesh_Bubble_001 from package 00012892.upk
Loading StaticMesh3 Mesh_Butterfly_Plane from package 00012892.upk
Loading StaticMesh3 Mesh_Env_Fx_Ghost from package 00012892.upk
Loading StaticMesh3 Mesh_Meteorites_01 from package 00012892.upk
Loading StaticMesh3 Mesh_Meteorites_02 from package 00012892.upk
Loading StaticMesh3 Mesh_Meteorites_03 from package 00012892.upk
Loading StaticMesh3 Mesh_NightmareBeam_001 from package 00012892.upk
Loading StaticMesh3 Mesh_NightmareSky_001 from package 00012892.upk
Loading StaticMesh3 Mesh_NightmareWaveBeam_001 from package 00012892.upk
Loading StaticMesh3 Mesh_Portal_001 from package 00012892.upk
Loading StaticMesh3 Mesh_PortalLogo_001 from package 00012892.upk
Loading StaticMesh3 Seed_001 from package 00012892.upk
Loading StaticMesh3 Seed_002 from package 00012892.upk
Loading StaticMesh3 Seed_003 from package 00012892.upk
Loading StaticMesh3 Seed_004 from package 00012892.upk
Loading StaticMesh3 Stone_Exp_001 from package 00012892.upk
Loading StaticMesh3 Stone_Exp_002 from package 00012892.upk
Loading StaticMesh3 Stone_Exp_003 from package 00012892.upk
Loading StaticMesh3 Stone_Exp_004 from package 00012892.upk
Loading Texture2D BG_Env_Snow_001 from package 00012892.upk
Loading Texture2D BG_Env_Snow_002 from package 00012892.upk
Loading Texture2D BG_Env_Snow_003 from package 00012892.upk
Loading Texture2D BG_Env_Snow_004 from package 00012892.upk
Loading Texture2D BG_FX_FlowerLeaf_001_D from package 00012892.upk
Loading Texture2D BG_FX_FlowerLeaf_002_D from package 00012892.upk
Loading Texture2D BG_FX_FlowerLeaf_003_D from package 00012892.upk
Loading Texture2D BG_FX_FlowerLeaf_004_D from package 00012892.upk
Loading Texture2D BG_FX_FlowerLeaf_005_D from package 00012892.upk
Loading Texture2D BG_FX_FlowerLeaf_006_D from package 00012892.upk
Loading Texture2D BG_FX_FlowerLeaf_007_D from package 00012892.upk
Loading Texture2D BG_FX_FlowerLeaf_008_D from package 00012892.upk
Loading Texture2D BG_FX_FlowerLeaf_009_D from package 00012892.upk
Loading Texture2D BG_FX_Snow_001_D from package 00012892.upk
Loading Texture2D BGFX_Bamboo_Leaf_D1 from package 00012892.upk
Loading Texture2D BGFX_Bamboo_Leaf_D2 from package 00012892.upk
Loading Texture2D BGFX_Dots from package 00012892.upk
Loading Texture2D BGFX_DragonFly_001_D from package 00012892.upk
Loading Texture2D BGFX_DragonFly_002_D from package 00012892.upk
Loading Texture2D BGFX_Dust_001 from package 00012892.upk
Loading Texture2D BGFX_NightmareBeamColor_001 from package 00012892.upk
Loading Texture2D BGFX_Portal_Logo_001 from package 00012892.upk
Loading Texture2D BGFX_TreeLeaf_001_D from package 00012892.upk
Loading Texture2D BGFX_TreeLeaf_002_D from package 00012892.upk
Loading Texture2D BGFX_TreeLeaf_003_D from package 00012892.upk
Loading Texture2D BGFX_TreeLeaf_004_D from package 00012892.upk
Loading Texture2D BGFX_TreeLeaf_005_D from package 00012892.upk
Loading Texture2D BGFX_TreeLeaf_006_D from package 00012892.upk
Loading Texture2D BGFX_TreeLeaf_007_D from package 00012892.upk
Loading Texture2D BGFX_TreeLeaf_008_D from package 00012892.upk
Loading Texture2D BGFX_TreeLeaf_009_D from package 00012892.upk
Loading Texture2D BGFX_TreeLeaf_010_D from package 00012892.upk
Loading Texture2D BGFX_TreeLeaf_011_D from package 00012892.upk
Loading Texture2D BGFX_TreeLeaf_012_D from package 00012892.upk
Loading Texture2D BGFX_TreeLeaf_013_D from package 00012892.upk
Loading Texture2D BGFX_TreeLeaf_014_D from package 00012892.upk
Loading Texture2D BGFX_TreeLeaf_015_D from package 00012892.upk
Loading Texture2D BGFX_TreeLeaf_016_D from package 00012892.upk
Loading Texture2D BGFX_TreeLeaf_017_D from package 00012892.upk
Loading Texture2D BGFX_TreeLeaf_018_D from package 00012892.upk
Loading Texture2D BGFX_TreeLeaf_019_D from package 00012892.upk
Loading Texture2D BGFX_waterFall_Mask from package 00012892.upk
Loading Texture2D BGFX_waterfalls_D01 from package 00012892.upk
Loading Texture2D BGFX_WaterForm_D from package 00012892.upk
Loading Texture2D BGFX_WaterForm_N from package 00012892.upk
Loading Texture2D BGFX_WaterWave_1 from package 00012892.upk
Loading Texture2D BGFX_WaterWave_2 from package 00012892.upk
Loading Texture2D bubble_opt from package 00012892.upk
Loading Texture2D Cube000_Tex from package 00012892.upk
Loading Texture2D Env_Fx_Fly_Tex from package 00012892.upk
Loading Texture2D Env_Fx_Water_Dust2 from package 00012892.upk
Loading Texture2D Ghost from package 00012892.upk
Loading Texture2D HeavyRain_001_D from package 00012892.upk
Loading Texture2D HeavyRain_002_D from package 00012892.upk
Loading Texture2D Liquid_Ocean_Foam01 from package 00012892.upk
Loading Texture2D Mesh_NightmareBeam_001_D from package 00012892.upk
Loading Texture2D Mesh_NightmareStone_L from package 00012892.upk
Loading Texture2D Mesh_NightmareWaveBeam_001_D from package 00012892.upk
Loading Texture2D NightmareCloud_001_D from package 00012892.upk
Loading Texture2D NightmareSky_001_D from package 00012892.upk
Loading Texture2D Seed_001_D from package 00012892.upk
Loading Texture2D Seed_002_D from package 00012892.upk
Loading Texture2D Stone_Exp_D from package 00012892.upk
Loading Texture2D T_Physical_Dash_Mirror_01 from package 00012892.upk
Loading Texture2D T_smoke_puff from package 00012892.upk
Loading Texture2D Cube000_Tex from package 00023713.upk
Loading Texture2D BGFX_Bamboo_Leaf_D1 from package 00023713.upk
Loading Texture2D BGFX_Bamboo_Leaf_D2 from package 00023713.upk
Loading Texture2D Clouds_001 from package clouds_001.upk
Loading Texture2D Clouds_002 from package clouds_001.upk
Loading Texture2D Clouds_003 from package clouds_001.upk
Loading Texture2D BG_Sandfog_001 from package 00012963.upk
Loading Texture2D BG_Env_Snow_001 from package 00023713.upk
Loading Texture2D BG_Env_Snow_002 from package 00023713.upk
Loading Texture2D BG_Env_Snow_003 from package 00023713.upk
Loading Texture2D BG_Env_Snow_004 from package 00023713.upk
Loading Texture2D Tk_Image from package 00012963.upk
Loading Texture2D Color_Ring_001 from package 00012963.upk
Loading Texture2D Glow_ShockWave_002 from package 00012963.upk
Loading Texture2D Ring_ShockWave_001 from package 00012963.upk
Loading Texture2D Glow_Flare_009 from package 00012963.upk
Loading Texture2D Noise_006 from package 00012963.upk
Loading Texture2D Gradient_Color_WhiteToPurple_000 from package 00012963.upk
Loading Texture2D Smoke_Cloud_003 from package 00012963.upk
Loading Texture2D Glow_Flair_002 from package 00012963.upk
Loading Texture2D Gradient_Half_000 from package 00012963.upk
Loading Texture2D Glow_008 from package 00012963.upk
Loading Texture2D DefaultTexture from package EngineResources.upk
Loading Texture2D Electric_Sprite_001 from package 00012963.upk
Loading Texture2D Noise_011 from package 00012963.upk
Loading Texture2D Noise_004 from package 00012963.upk
Loading Texture2D Smoke_Dust_001 from package 00012963.upk
Loading Texture2D BG_FX_FlowerLeaf_001_D from package 00023713.upk
Loading Texture2D BG_FX_FlowerLeaf_002_D from package 00023713.upk
Loading Texture2D BG_FX_FlowerLeaf_003_D from package 00023713.upk
Loading Texture2D BG_FX_FlowerLeaf_004_D from package 00023713.upk
Loading Texture2D BG_FX_FlowerLeaf_005_D from package 00023713.upk
Loading Texture2D BG_FX_FlowerLeaf_006_D from package 00023713.upk
Loading Texture2D BG_FX_FlowerLeaf_007_D from package 00023713.upk
Loading Texture2D BG_FX_FlowerLeaf_008_D from package 00023713.upk
Loading Texture2D BG_FX_FlowerLeaf_009_D from package 00023713.upk
Loading Texture2D BG_FX_GeneralCircle_001_Blur from package 00012963.upk
Loading Texture2D BG_FX_GeneralCircle_001_D from package 00012963.upk
Loading Texture2D Glow_002 from package 00012963.upk
Loading Texture2D BG_FX_GeneralCircle_Logo_001 from package 00012963.upk
Loading Texture2D Noise_Distortion_000 from package 00012963.upk
Loading Texture2D Gradient_Line_003 from package 00012963.upk
Loading Texture2D BG_FX_GeneralCircle_Logo_002 from package 00012963.upk
Loading Texture2D BG_FX_GeneralCircle_Logo_003 from package 00012963.upk
Loading Texture2D Normal_Noise_000 from package 00012963.upk
WARNING: BoolProperty "UTexture2D::bDisableLoadSwitch" was not found
Loading Texture2D BG_SandfallNoise_001_D from package 00012963.upk
Loading Texture2D Electric_Light_001 from package 00012963.upk
Loading Texture2D Unique_Stone_001 from package 00012963.upk
Loading Texture2D Ghost from package 00023713.upk
Loading Texture2D Gradient_Trail_003 from package 00012963.upk
Loading Texture2D Smoke_000 from package 00012963.upk
Loading Texture2D Noise_005 from package 00012963.upk
Loading Texture2D Noise_003 from package 00012963.upk
Loading Texture2D Gradient_Beam_001 from package 00012963.upk
Loading Texture2D Gradient_Beam_007_Clamp from package 00012963.upk
Loading Texture2D Smoke_Cloud_001 from package 00012963.upk
Loading Texture2D Smoke_001 from package 00012963.upk
Loading Texture2D Smoke_002 from package 00012963.upk
Loading Texture2D Prop_light_001_01_D_3 from package light_001.upk
Loading Texture2D Prop_light_001_01_E from package light_001.upk
Loading Texture2D Gradient_Timetable_002 from package parent_normal.upk
Loading Texture2D Water_001_01_N_Wave3 from package 00012963.upk
Loading Texture2D Noise_Bubble_000 from package 00012963.upk
Loading Texture2D Noise_Plazma_002 from package 00012963.upk
Loading Texture2D Electric_Light_000 from package 00012963.upk
Loading Texture2D Smoke_Fractal_002 from package 00012963.upk
Loading Texture2D Sparkle_Ink_Small from package 00012963.upk
Loading Texture2D Sparkle_Ink_001 from package 00012963.upk
Loading Texture2D BG_FX_Snow_001_D from package 00023713.upk
Loading Texture2D Sparkle_000 from package 00012963.upk
Loading Texture2D BG_Sandfall_001_D from package 00012963.upk
Loading Texture2D Smoke_Dust_006 from package 00012963.upk
Loading Texture2D Noise_018 from package 00012963.upk
Loading Texture2D BGFX_WaterForm_D from package 00023713.upk
Loading Texture2D Sparkle_004 from package 00012963.upk
Loading Texture2D Gradient_Flow_000 from package 00012963.upk
Loading Texture2D BG_Sandfall_002_D from package 00012963.upk
Loading Texture2D Normal_Noise_003 from package 00012963.upk
WARNING: BoolProperty "UTexture2D::bDisableLoadSwitch" was not found
Loading Texture2D Smoke_Pattern_000 from package 00012963.upk
Loading Texture2D VortextTemple_cloud01 from package 00023713.upk
Loading Texture2D T_Physical_Dash_Mirror_01 from package 00023713.upk
Loading Texture2D VortextTemple_cloud02 from package 00023713.upk
Loading Texture2D VortextTemple_cloud03 from package 00023713.upk
Loading Texture2D Fire_Sprite_000 from package 00012963.upk
Loading Texture2D Fire_Sprite_006 from package 00012963.upk
Loading Texture2D Env_Fx_Water_Dust2 from package 00023713.upk
Loading Texture2D Noise_Wave_000 from package 00012963.upk
Loading Texture2D Gradient_009 from package 00012963.upk
Loading Texture2D Smoke_Cloud_TR_004 from package 00012963.upk
Loading Texture2D Smoke_Dust_002 from package 00012963.upk
Loading Texture2D Noise_013 from package 00012963.upk
Loading Texture2D BGFX_DragonFly_001_D from package 00023713.upk
Loading Texture2D BGFX_DragonFly_002_D from package 00023713.upk
Loading Texture2D BGFX_Dust_001 from package 00023713.upk
Loading Texture2D Aura_Ripple_000 from package 00012963.upk
Loading Texture2D Aura_Ripple_001 from package 00012963.upk
Loading Texture2D NormalDistortionMarble000_Tex from package cine_effect_texture.upk
Loading Texture2D Noise_011 from package cine_effect_texture.upk
Loading Texture2D Marble011_Tex from package cine_effect_texture.upk
Loading Texture2D Noise_Plazma_002 from package cine_effect_texture.upk
Loading Texture2D Smoke_Dust_000 from package 00012963.upk
Loading Texture2D Glow_001 from package 00012963.upk
Loading TextureCube Water_cube3 from package cubemap_001.upk
Loading Texture2D Glow_Twiri_000 from package 00012963.upk
Loading Texture2D Smoke_009 from package 00012963.upk
Loading Texture2D Smoke_005 from package 00012963.upk
Loading Texture2D Gradient_Beam_002 from package 00012963.upk
Loading Texture2D Sparkle_Ink_007 from package 00012963.upk
Loading Texture2D Smoke_011 from package 00012963.upk
Loading Texture2D Env_Water_Cloud from package 00012963.upk
Loading Texture2D BGFX_TreeLeaf_010_D from package 00023713.upk
Loading Texture2D BGFX_TreeLeaf_011_D from package 00023713.upk
Loading Texture2D BGFX_TreeLeaf_012_D from package 00023713.upk
Loading Texture2D BGFX_TreeLeaf_013_D from package 00023713.upk
Loading Texture2D BGFX_TreeLeaf_014_D from package 00023713.upk
Loading Texture2D BGFX_TreeLeaf_015_D from package 00023713.upk
Loading Texture2D BGFX_TreeLeaf_016_D from package 00023713.upk
Loading Texture2D BGFX_TreeLeaf_017_D from package 00023713.upk
Loading Texture2D BGFX_TreeLeaf_018_D from package 00023713.upk
Loading Texture2D BGFX_TreeLeaf_019_D from package 00023713.upk
Loading Texture2D Noise_020 from package 00012963.upk
Loading Texture2D Noise_Fractal_002 from package 00012963.upk
Loading Texture2D bubble_opt from package 00023713.upk
Loading Texture2D Decal_Mask_000 from package 00012963.upk
Loading Texture2D Smoke_Pattern_001_128 from package 00012963.upk
Loading Texture2D Butt from package 00012963.upk
Loading Texture2D Gradient_Color_YtoG000_Tex from package 00012963.upk
Loading Texture2D Glow_Flair_001 from package 00012963.upk
Loading Texture2D Smoke_Dusts_002 from package 00012963.upk
Loading Texture2D Electric_Sprite_002 from package 00012963.upk
Loading Texture2D Electric_Sprite_003 from package 00012963.upk
Loading Texture2D Electric_Sprite_004 from package 00012963.upk
Loading Texture2D Electric_Sprite_005 from package 00012963.upk
Loading Texture2D Env_Fx_BlackFog_TEX from package 00012963.upk
Loading Texture2D Env_Fx_Fly_Tex from package 00023713.upk
Loading Texture2D Env_Fx_Ghost_D from package 00012963.upk
Loading Texture2D Glow_007 from package 00012963.upk
Loading Texture2D Env_Fx_Ghost2 from package 00012963.upk
Loading Texture2D BGFX_TreeLeaf_001_D from package 00023713.upk
Loading Texture2D Env_SpaKles from package 00012963.upk
Loading Texture2D Env_Fx_Water_Dust from package 00012963.upk
Loading Texture2D Fire_Torch_Sample_001_D from package 00012963.upk
Loading Texture2D Glow_003 from package 00012963.upk
Loading Texture2D CA_Jin_A_pr_038_Norm from package musinreung_d_003.upk
Loading Texture2D CA_Jin_A_pr_038_Diff from package musinreung_d_003.upk
Loading Texture2D CA_Jin_A_pr_038_Spec from package musinreung_d_003.upk
Loading Texture2D Unique_WarterFall_001 from package 00012963.upk
Loading Texture2D Gradient_Line_000 from package 00012963.upk
Loading Texture2D BGFX_TreeLeaf_002_D from package 00023713.upk
Loading Texture2D BGFX_TreeLeaf_003_D from package 00023713.upk
Loading Texture2D BGFX_TreeLeaf_004_D from package 00023713.upk
Loading Texture2D BGFX_TreeLeaf_008_D from package 00023713.upk
Loading Texture2D BGFX_TreeLeaf_009_D from package 00023713.upk
Loading Texture2D Sparkle_Sprite_005 from package 00012963.upk
Loading Texture2D Smoke_Inc_002 from package 00012963.upk
Loading Texture2D Portal_CircleTrail_001_D from package 00023713.upk
Loading Texture2D Gradient_Color_001 from package 00012963.upk
Loading Texture2D T_Liquid_SM_NanoBlack_Mask_01 from package 00012963.upk
Loading Texture2D Noise_010 from package 00012963.upk
Loading Texture2D Gradient_001_Left from package 00012963.upk
Loading Texture2D Ring_000 from package 00012963.upk
Loading Texture2D Gradient_Color_RedToOrange_000 from package 00012963.upk
Loading Texture2D Glow_011 from package 00012963.upk
Loading Texture2D Gradient_Color_PurpleToBlue_000 from package 00012963.upk
Loading Texture2D Gradient_Color_PtoP001_Tex from package 00012963.upk
Loading Texture2D Normal_Noise_002 from package 00012963.upk
Loading Texture2D BGFX_PortalMask_00 from package 00012963.upk
Loading Texture2D Unique_Waterfall_000_Mask from package 00012963.upk
Loading Texture2D Rain_001_N from package fx_weather_001.upk
Loading Texture2D Rain_001_D from package fx_weather_001.upk
Loading Texture2D Smoke_013 from package 00012963.upk
Loading Texture2D Normal_Ring_000 from package 00012963.upk
Loading Texture2D Smoke_Blur_000 from package 00012963.upk
Loading Texture2D Noise_Ripple_000_Inverse from package 00012963.upk
Loading Texture2D Smoke_ShockWave_003 from package 00012963.upk
Loading Texture2D Smoke_012 from package 00012963.upk
Loading Texture2D Smoke_ShockWave_004 from package 00012963.upk
Loading Texture2D Smoke_ShockWave_002 from package 00012963.upk
Loading Texture2D Electric_Blood_000 from package 00012963.upk
Loading Texture2D Noise_Fractal_005 from package 00012963.upk
Loading Texture2D White from package EngineResources.upk
Loading Texture2D Unique_Exhausted_000 from package 00012963.upk
Loading Texture2D Sparkle_Ink_000 from package 00012963.upk
Loading Texture2D Normal_Stone_001 from package 00012963.upk
WARNING: BoolProperty "UTexture2D::bDisableLoadSwitch" was not found
Loading Texture2D Noise_016 from package 00012963.upk
Loading Texture2D Noise_002 from package 00012963.upk
Loading Texture2D Noise_012 from package 00012963.upk
Loading Texture2D Unique_WaterFall_002_Normal from package 00012963.upk
Loading Texture2D T_MukHwa_FlowerLeaf_02 from package 00012963.upk
Loading Texture2D T_MukHwa_FlowerLeaf_01bora from package 00012963.upk
Loading Texture2D T_MukHwa_s2 from package 00012963.upk
Loading Texture2D Gradient_Beam_005_YClamp from package 00012963.upk
Loading Texture2D Gradient_Line_004 from package 00012963.upk
Loading Texture2D Smoke_Cloud_005 from package 00012963.upk
Loading Texture2D T_MukHwa_e2 from package 00012963.upk
Loading Texture2D T_MukHwa_n2 from package 00012963.upk
Loading Texture2D Gradient_Line_001_YClamp from package 00012963.upk
Loading Texture2D T_MukHwa_d2 from package 00012963.upk
Loading Texture2D Normal_Noise_004 from package 00012963.upk
Loading Texture2D Smoke_014 from package 00012963.upk
Loading Texture2D BGFX_TreeLeaf_005_D from package 00023713.upk
Loading Texture2D BGFX_NightmareBeamColor_001 from package 00023713.upk
Loading Texture2D Smoke_Pattern_000_128 from package 00012963.upk
Loading Texture2D Mesh_NightmareBeam_001_D from package 00023713.upk
Loading Texture2D NightmareSky_001_D from package 00023713.upk
Loading Texture2D Smoke_Pattern_001 from package 00012963.upk
Loading Texture2D StoneTexture_001_037A_D from package stonetextures_001a.upk
Loading Texture2D Mesh_NightmareStone_L from package 00023713.upk
Loading Texture2D StoneTexture_001_036A_D from package stonetextures_001a.upk
Loading Texture2D Mesh_NightmareWaveBeam_001_D from package 00023713.upk
Loading Texture2D NightmareCloud_001_D from package 00023713.upk
Loading Texture2D Glow_006 from package 00012963.upk
Loading Texture2D Raid_Potal_01 from package 00012963.upk
Loading Texture2D Raid_Potal_02 from package 00012963.upk
Loading Texture2D Raid_Potal_03 from package 00012963.upk
Loading Texture2D Rose_1 from package 00012963.upk
Loading Texture2D Seed_001_D from package 00023713.upk
Loading Texture2D Seed_002_D from package 00023713.upk
Loading Texture2D Stone_Exp_D from package 00023713.upk
Loading Texture2D BGFX_TreeLeaf_006_D from package 00023713.upk
Loading Texture2D BGFX_TreeLeaf_007_D from package 00023713.upk
Loading Texture2D Clouds from package EngineResources.upk
Loading Texture2D Normal_Ripple_000 from package 00012963.upk
Loading Texture2D Noise_Glow_000 from package 00012963.upk
Loading Texture2D Waveform_001 from package 00012963.upk
Loading Texture2D Noise_001 from package 00012963.upk
Loading Texture2D Unique_WaterFall_001_Des from package 00012963.upk
Loading Texture2D Unique_WaterFall_001 from package 00012963.upk
Loading Texture2D T_smoke_puff from package 00023713.upk
Loading Texture2D CubemapFace0 from package cubemap_001.upk
Loading Texture2D CubemapFace1 from package cubemap_001.upk
Loading Texture2D CubemapFace2 from package cubemap_001.upk
Loading Texture2D CubemapFace3 from package cubemap_001.upk
Loading Texture2D CubemapFace4 from package cubemap_001.upk
Loading Texture2D CubemapFace5 from package cubemap_001.upk
Error: Command failed: ******** 00012892 ********
*** unknown member ACF_ZOnlyRLE of enum AnimationCompressionFormat
*** unknown member ACF_ZOnlyRLE of enum AnimationCompressionFormat
*** ERROR: Unknown rotation compression method: 255
UAnimSet::ConvertAnims <- PostLoad:GhostFire_Anim <- UObject::EndLoad <- LoadWholePackage:00012892 <- Main


    at ChildProcess.exithandler (child_process.js:637:15)
    at ChildProcess.EventEmitter.emit (events.js:98:17)
    at maybeClose (child_process.js:743:16)
    at Process.ChildProcess._handle.onexit (child_process.js:810:5)