Found 19856 game files (132 skipped)
Loading package: 00019166.upk Ver: 573/1 Engine: 4205 Names: 222 Exports: 350 Imports: 21 Game: 801A
Loading SkeletalMesh3 Icewing from package 00019166.upk
WARNING: ObjectProperty "USkeletalMesh3::PlaySoundSet" was not found
WARNING: ObjectProperty "USkeletalMesh3::PlayParticleSet" was not found
WARNING: FloatProperty "USkeletalMesh3::AnimNameHeight" was not found
WARNING: FloatProperty "USkeletalMesh3::NormalNameHeight" was not found
WARNING: FloatProperty "USkeletalMesh3::LowNameHeight" was not found
Loading package: 00019165.upk Ver: 573/1 Engine: 4205 Names: 183 Exports: 234 Imports: 48 Game: 801A
Loading SkeletalMeshSocket SkeletalMeshSocket_270 from package 00019166.upk
Loading SkeletalMeshSocket SkeletalMeshSocket_271 from package 00019166.upk
Loading SkeletalMeshSocket SkeletalMeshSocket_272 from package 00019166.upk
Loading SkeletalMeshSocket SkeletalMeshSocket_273 from package 00019166.upk
Loading SkeletalMeshSocket SkeletalMeshSocket_274 from package 00019166.upk
Loading SkeletalMeshSocket SkeletalMeshSocket_275 from package 00019166.upk
Loading SkeletalMeshSocket SkeletalMeshSocket_276 from package 00019166.upk
Loading SkeletalMeshSocket SkeletalMeshSocket_277 from package 00019166.upk
Loading SkeletalMeshSocket SkeletalMeshSocket_278 from package 00019166.upk
Loading SkeletalMeshSocket SkeletalMeshSocket_55 from package 00019166.upk
Loading SkeletalMeshSocket SkeletalMeshSocket_56 from package 00019166.upk
Loading SkeletalMeshSocket SkeletalMeshSocket_57 from package 00019166.upk
Loading SkeletalMeshSocket SkeletalMeshSocket_58 from package 00019166.upk
Loading MaterialInstanceConstant col1 from package 00019165.upk
Loading package: 00019164.upk Ver: 573/1 Engine: 4205 Names: 43 Exports: 13 Imports: 2 Game: 801A
Loading package: 00002640.upk Ver: 573/1 Engine: 4205 Names: 340 Exports: 556 Imports: 5 Game: 801A
Loading package: 00012963.upk Ver: 573/1 Engine: 4205 Names: 1223 Exports: 1198 Imports: 10 Game: 801A
Loading Texture2D Monster_Beast_Icewing_col1_N from package 00019164.upk
Loading Texture2D Monster_Beast_Icewing_col1_M from package 00019164.upk
Loading Texture2D Monster_Beast_Icewing_col1_D from package 00019164.upk
Loading Texture2D Monster_Beast_Icewing_col1_S from package 00019164.upk
Loading TextureCube cube_orb from package 00002640.upk
Loading Texture2D Monster_Beast_Icewing_col1_E from package 00019164.upk
WARNING: ByteProperty "UTexture2D::ManualLoadSwitchSettings" was not found
Loading Texture2D Smoke_Pattern_001 from package 00012963.upk
Loading Texture2D Monster_Beast_Icewing_col_FX_Line from package 00019164.upk
Loading Material3 Basic_IceWing from package 00019165.upk
Loading package: 00002620.upk Ver: 573/1 Engine: 4205 Names: 560 Exports: 6612 Imports: 96 Game: 801A
Loading Texture2D CubemapFace0 from package 00002640.upk
Loading Texture2D CubemapFace1 from package 00002640.upk
Loading Texture2D CubemapFace2 from package 00002640.upk
Loading Texture2D CubemapFace3 from package 00002640.upk
Loading Texture2D CubemapFace4 from package 00002640.upk
Loading Texture2D CubemapFace5 from package 00002640.upk
Loading Texture2D check_n from package 00002620.upk
Loading Texture2D check from package 00002620.upk
Loading Texture2D Gradient_Line_003 from package 00012963.upk
Loading Texture2D Gradient_Wipe_BurnOut_Mask_TEST from package 00012963.upk
Loading Texture2D Gradient_Wipe_BurnOut_Mask from package 00012963.upk
Loaded in 0.15 sec, 3169 allocs, 2.05 MBytes serialized in 400675 calls.

Object info:
============
ClassName: SkeletalMesh3 ObjectName: Icewing

    LODInfo[1] =
    {
        LODInfo[0] =
        {
            DisplayFactor = 0
            LODHysteresis = 0.02
            LODMaterialMap[0] = {}
            bEnableShadowCasting[2] = { true, true }
        }
    }
    Sockets[13] =
    {
        Sockets[0] = SkeletalMeshSocket'Icewing.SkeletalMeshSocket_270'
        Sockets[1] = SkeletalMeshSocket'Icewing.SkeletalMeshSocket_271'
        Sockets[2] = SkeletalMeshSocket'Icewing.SkeletalMeshSocket_272'
        Sockets[3] = SkeletalMeshSocket'Icewing.SkeletalMeshSocket_273'
        Sockets[4] = SkeletalMeshSocket'Icewing.SkeletalMeshSocket_274'
        Sockets[5] = SkeletalMeshSocket'Icewing.SkeletalMeshSocket_275'
        Sockets[6] = SkeletalMeshSocket'Icewing.SkeletalMeshSocket_276'
        Sockets[7] = SkeletalMeshSocket'Icewing.SkeletalMeshSocket_277'
        Sockets[8] = SkeletalMeshSocket'Icewing.SkeletalMeshSocket_278'
        Sockets[9] = SkeletalMeshSocket'Icewing.SkeletalMeshSocket_55'
        Sockets[10] = SkeletalMeshSocket'Icewing.SkeletalMeshSocket_56'
        Sockets[11] = SkeletalMeshSocket'Icewing.SkeletalMeshSocket_57'
        Sockets[12] = SkeletalMeshSocket'Icewing.SkeletalMeshSocket_58'
    }
    bHasVertexColors = false
    EnableTwistBoneFixers = true
    EnableClavicleFixer = true
    Materials[1] = { MaterialInstanceConstant'col1' }


    Lods[1] =
    {
        Lods[0] =
        {
            Sections[2] =
            {
                Sections[0] = { Material=MaterialInstanceConstant'col1', FirstIndex=0, NumFaces=6282 }
                Sections[1] = { Material=MaterialInstanceConstant'col1', FirstIndex=18846, NumFaces=48 }
            }
            NumVerts = 6292
            IndexCount = 18990
            NumTexCoords = 1
        }
    }
    LodCount = 1
    MeshOrigin = { X=-0, Y=-0, Z=-0 }
    MeshScale = { X=1, Y=1, Z=1 }
    RotOrigin = { Yaw=0, Pitch=0, Roll=0 }
    BoneCount = 90

Object info:
============
ClassName: SkeletalMeshSocket ObjectName: SkeletalMeshSocket_270

    SocketName = target_high
    BoneName = Bip01Head
    RelativeLocation = { X=0, Y=0, Z=0 }
    RelativeRotation = { Yaw=0, Pitch=0, Roll=0 }
    RelativeScale = { X=1, Y=1, Z=1 }

Object info:
============
ClassName: SkeletalMeshSocket ObjectName: SkeletalMeshSocket_271

    SocketName = socket_force
    BoneName = Root
    RelativeLocation = { X=93.0031, Y=33.4021, Z=-3.5 }
    RelativeRotation = { Yaw=0, Pitch=0, Roll=0 }
    RelativeScale = { X=1, Y=1, Z=1 }

Object info:
============
ClassName: SkeletalMeshSocket ObjectName: SkeletalMeshSocket_272

    SocketName = Catch_Neck
    BoneName = Bip01Neck
    RelativeLocation = { X=0, Y=0, Z=0 }
    RelativeRotation = { Yaw=0, Pitch=0, Roll=0 }
    RelativeScale = { X=1, Y=1, Z=1 }

Object info:
============
ClassName: SkeletalMeshSocket ObjectName: SkeletalMeshSocket_273

    SocketName = Decap_Socket
    BoneName = Bip01Neck2
    RelativeLocation = { X=0, Y=0, Z=0 }
    RelativeRotation = { Yaw=0, Pitch=0, Roll=0 }
    RelativeScale = { X=1, Y=1, Z=1 }

Object info:
============
ClassName: SkeletalMeshSocket ObjectName: SkeletalMeshSocket_274

    SocketName = Catch_Back
    BoneName = Bip01Spine2
    RelativeLocation = { X=-3.51103, Y=15.1138, Z=-2.10168 }
    RelativeRotation = { Yaw=0, Pitch=0, Roll=0 }
    RelativeScale = { X=1, Y=1, Z=1 }

Object info:
============
ClassName: SkeletalMeshSocket ObjectName: SkeletalMeshSocket_275

    SocketName = Mount_Socket
    BoneName = Bip01Spine1
    RelativeLocation = { X=5.02712, Y=-0.231782, Z=-0 }
    RelativeRotation = { Yaw=0, Pitch=0, Roll=-16384 }
    RelativeScale = { X=1, Y=1, Z=1 }

Object info:
============
ClassName: SkeletalMeshSocket ObjectName: SkeletalMeshSocket_276

    SocketName = Mount_Ambar_Socket
    BoneName = Bip01LClavicle
    RelativeLocation = { X=8.25843, Y=-14.0393, Z=-13.1675 }
    RelativeRotation = { Yaw=-1820, Pitch=14563, Roll=23665 }
    RelativeScale = { X=1, Y=1, Z=1 }

Object info:
============
ClassName: SkeletalMeshSocket ObjectName: SkeletalMeshSocket_277

    SocketName = Mount_Choke_Socket
    BoneName = Root
    RelativeLocation = { X=-7.91531, Y=1.57512e-016, Z=13.75 }
    RelativeRotation = { Yaw=32768, Pitch=0, Roll=0 }
    RelativeScale = { X=1, Y=1, Z=1 }

Object info:
============
ClassName: SkeletalMeshSocket ObjectName: SkeletalMeshSocket_278

    SocketName = ATTACH_EFFECT
    BoneName = Bip01
    RelativeLocation = { X=0, Y=0, Z=0 }
    RelativeRotation = { Yaw=0, Pitch=0, Roll=0 }
    RelativeScale = { X=1, Y=1, Z=1 }

Object info:
============
ClassName: SkeletalMeshSocket ObjectName: SkeletalMeshSocket_55

    SocketName = Trail_Left
    BoneName = Bip01Head
    RelativeLocation = { X=10, Y=0, Z=-15 }
    RelativeRotation = { Yaw=0, Pitch=0, Roll=0 }
    RelativeScale = { X=1, Y=1, Z=1 }

Object info:
============
ClassName: SkeletalMeshSocket ObjectName: SkeletalMeshSocket_56

    SocketName = Trail_Right
    BoneName = Bip01Head
    RelativeLocation = { X=10, Y=0, Z=15 }
    RelativeRotation = { Yaw=0, Pitch=0, Roll=0 }
    RelativeScale = { X=1, Y=1, Z=1 }

Object info:
============
ClassName: SkeletalMeshSocket ObjectName: SkeletalMeshSocket_57

    SocketName = Trail_Up
    BoneName = Bip01Head
    RelativeLocation = { X=10, Y=0, Z=0 }
    RelativeRotation = { Yaw=0, Pitch=0, Roll=0 }
    RelativeScale = { X=1, Y=1, Z=1 }

Object info:
============
ClassName: SkeletalMeshSocket ObjectName: SkeletalMeshSocket_58

    SocketName = Trail_Down
    BoneName = Bip01Head
    RelativeLocation = { X=10, Y=-30.5251, Z=0 }
    RelativeRotation = { Yaw=0, Pitch=0, Roll=0 }
    RelativeScale = { X=1, Y=1, Z=1 }
