Found 16186 game files (0 skipped)
Loading package: 00019487.upk Ver: 573/1 Engine: 4205 Names: 61 Exports: 6 Imports: 10 Game: 801A
Loading SkeletalMesh3 010022_JinM from package 00019487.upk
Loading package: 00019600.upk Ver: 573/1 Engine: 4205 Names: 78 Exports: 1 Imports: 14 Game: 801A
Loading MaterialInstanceConstant col1 from package 00019600.upk
Loading package: 00002640.upk Ver: 573/1 Engine: 4205 Names: 340 Exports: 556 Imports: 5 Game: 801A
Loading package: 00002620.upk Ver: 573/1 Engine: 4205 Names: 500 Exports: 5733 Imports: 89 Game: 801A
Loading package: 00014524.upk Ver: 573/1 Engine: 4205 Names: 33 Exports: 6 Imports: 2 Game: 801A
Loading TextureCube lenscube_c from package 00002640.upk
Loading Texture2D check from package 00002620.upk
Loading Texture2D Eye_patch_65054_GonM_col1_D from package 00014524.upk
Loading Texture2D Eye_patch_65054_GonM_col1_S from package 00014524.upk
Loading Texture2D Eye_patch_65054_GonM_col1_M from package 00014524.upk
Loading Texture2D Eye_patch_65054_GonM_col1_N from package 00014524.upk
Loading Material3 body_bk from package 00002620.upk
Loading Texture2D CubemapFace0 from package 00002640.upk
Loading Texture2D CubemapFace1 from package 00002640.upk
Loading Texture2D CubemapFace2 from package 00002640.upk
Loading Texture2D CubemapFace3 from package 00002640.upk
Loading Texture2D CubemapFace4 from package 00002640.upk
Loading Texture2D CubemapFace5 from package 00002640.upk
Loading Texture2D check_n from package 00002620.upk
Loaded in 0.058 sec, 1383 allocs, 0.64 MBytes serialized in 132127 calls.

Object info:
============
ClassName: SkeletalMesh3 ObjectName: 010022_JinM

    LODInfo[1] =
    {
        LODInfo[0] =
        {
            DisplayFactor = 0
            LODHysteresis = 0.02
            LODMaterialMap[0] = {}
            bEnableShadowCasting[1] = { true }
        }
    }
    Sockets[0] = {}
    bHasVertexColors = false
    EnableTwistBoneFixers = true
    EnableClavicleFixer = true
    Materials[1] = { MaterialInstanceConstant'col1' }


    Lods[1] =
    {
        Lods[0] =
        {
            Sections[1] =
            {
                Sections[0] = { Material=MaterialInstanceConstant'col1', FirstIndex=0, NumFaces=457 }
            }
            NumVerts = 354
            IndexCount = 1371
            NumTexCoords = 1
        }
    }
    LodCount = 1
    MeshOrigin = { X=-0, Y=-0, Z=-0 }
    MeshScale = { X=1, Y=1, Z=1 }
    RotOrigin = { Yaw=0, Pitch=0, Roll=0 }
    BoneCount = 9
