Found 18875 game files (36 skipped)
Loading package: 00016178.upk Ver: 573/1 Engine: 4205 Names: 226 Exports: 245 Imports: 27 Game: 801A
Loading SkeletalMesh3 CrocodileSharkTribeDSorcerer from package 00016178.upk
WARNING: ObjectProperty "USkeletalMesh3::PlaySoundSet" was not found
WARNING: ObjectProperty "USkeletalMesh3::PlayParticleSet" was not found
WARNING: FloatProperty "USkeletalMesh3::AddFootOffsetValue" was not found
WARNING: FloatProperty "USkeletalMesh3::AnimNameHeight" was not found
WARNING: FloatProperty "USkeletalMesh3::NormalNameHeight" was not found
WARNING: FloatProperty "USkeletalMesh3::LowNameHeight" was not found
Loading package: 00007549.upk Ver: 573/1 Engine: 4205 Names: 171 Exports: 148 Imports: 48 Game: 801A
Loading SkeletalMeshSocket SkeletalMeshSocket_103 from package 00016178.upk
WARNING: ObjectProperty "USkeletalMeshSocket::PreviewSkelMesh" was not found
Loading SkeletalMeshSocket SkeletalMeshSocket_118 from package 00016178.upk
Loading SkeletalMeshSocket SkeletalMeshSocket_79 from package 00016178.upk
Loading SkeletalMeshSocket SkeletalMeshSocket_80 from package 00016178.upk
Loading SkeletalMeshSocket SkeletalMeshSocket_81 from package 00016178.upk
Loading SkeletalMeshSocket SkeletalMeshSocket_82 from package 00016178.upk
Loading SkeletalMeshSocket SkeletalMeshSocket_83 from package 00016178.upk
Loading SkeletalMeshSocket SkeletalMeshSocket_84 from package 00016178.upk
Loading SkeletalMeshSocket SkeletalMeshSocket_85 from package 00016178.upk
Loading SkeletalMeshSocket SkeletalMeshSocket_93 from package 00016178.upk
Loading MaterialInstanceConstant col1 from package 00007549.upk
Loading package: 00007548.upk Ver: 573/1 Engine: 4205 Names: 45 Exports: 17 Imports: 2 Game: 801A
Loading package: 00002640.upk Ver: 573/1 Engine: 4205 Names: 340 Exports: 556 Imports: 5 Game: 801A
Loading package: 00002620.upk Ver: 573/1 Engine: 4205 Names: 560 Exports: 6612 Imports: 96 Game: 801A
Loading package: 00012963.upk Ver: 573/1 Engine: 4205 Names: 1219 Exports: 1194 Imports: 10 Game: 801A
Loading Texture2D Monster_Human_CrocodileSharkTribeD_col1_N from package 00007548.upk
Loading Texture2D Monster_Human_CrocodileSharkTribeD_col1_M from package 00007548.upk
Loading Texture2D Monster_Human_CrocodileSharkTribeD_col1_D from package 00007548.upk
Loading Texture2D Monster_Human_CrocodileSharkTribeD_col1_S from package 00007548.upk
Loading TextureCube cube_orb from package 00002640.upk
Loading Texture2D check from package 00002620.upk
Loading Texture2D Smoke_Pattern_001 from package 00012963.upk
Loading Texture2D Monster_Human_CrocodileSharkTribeD_col1_FX_Line from package 00007548.upk
Loading Material3 Basic_CrododileSharkTribeD from package 00007549.upk
Loading Texture2D CubemapFace0 from package 00002640.upk
Loading Texture2D CubemapFace1 from package 00002640.upk
Loading Texture2D CubemapFace2 from package 00002640.upk
Loading Texture2D CubemapFace3 from package 00002640.upk
Loading Texture2D CubemapFace4 from package 00002640.upk
Loading Texture2D CubemapFace5 from package 00002640.upk
Loading Texture2D check_n from package 00002620.upk
Loading Texture2D Gradient_Line_003 from package 00012963.upk
Loading Texture2D Gradient_Wipe_BurnOut_Mask_TEST from package 00012963.upk
Loading Texture2D Gradient_Wipe_BurnOut_Mask from package 00012963.upk
Loaded in 0.12 sec, 3114 allocs, 1.65 MBytes serialized in 286462 calls.

Object info:
============
ClassName: SkeletalMesh3 ObjectName: CrocodileSharkTribeDSorcerer

    LODInfo[1] =
    {
        LODInfo[0] =
        {
            DisplayFactor = 0
            LODHysteresis = 0.02
            LODMaterialMap[0] = {}
            bEnableShadowCasting[2] = { true, true }
        }
    }
    Sockets[10] =
    {
        Sockets[0] = SkeletalMeshSocket'CrocodileSharkTribeDSorcerer.SkeletalMeshSocket_103'
        Sockets[1] = SkeletalMeshSocket'CrocodileSharkTribeDSorcerer.SkeletalMeshSocket_79'
        Sockets[2] = SkeletalMeshSocket'CrocodileSharkTribeDSorcerer.SkeletalMeshSocket_80'
        Sockets[3] = SkeletalMeshSocket'CrocodileSharkTribeDSorcerer.SkeletalMeshSocket_81'
        Sockets[4] = SkeletalMeshSocket'CrocodileSharkTribeDSorcerer.SkeletalMeshSocket_82'
        Sockets[5] = SkeletalMeshSocket'CrocodileSharkTribeDSorcerer.SkeletalMeshSocket_83'
        Sockets[6] = SkeletalMeshSocket'CrocodileSharkTribeDSorcerer.SkeletalMeshSocket_84'
        Sockets[7] = SkeletalMeshSocket'CrocodileSharkTribeDSorcerer.SkeletalMeshSocket_85'
        Sockets[8] = SkeletalMeshSocket'CrocodileSharkTribeDSorcerer.SkeletalMeshSocket_93'
        Sockets[9] = SkeletalMeshSocket'CrocodileSharkTribeDSorcerer.SkeletalMeshSocket_118'
    }
    bHasVertexColors = false
    EnableTwistBoneFixers = true
    EnableClavicleFixer = true
    Materials[1] = { MaterialInstanceConstant'Monster_Human_CrocodileSharkTribeD_col1.col1' }


    Lods[1] =
    {
        Lods[0] =
        {
            Sections[2] =
            {
                Sections[0] =
                {
                    Material = MaterialInstanceConstant'Monster_Human_CrocodileSharkTribeD_col1.col1'
                    FirstIndex = 0
                    NumFaces = 3798
                }
                Sections[1] =
                {
                    Material = MaterialInstanceConstant'Monster_Human_CrocodileSharkTribeD_col1.col1'
                    FirstIndex = 11394
                    NumFaces = 484
                }
            }
            NumVerts = 3210
            IndexCount = 12846
            NumTexCoords = 1
        }
    }
    LodCount = 1
    MeshOrigin = { X=-0, Y=-0, Z=-0 }
    MeshScale = { X=1, Y=1, Z=1 }
    RotOrigin = { Yaw=0, Pitch=0, Roll=0 }
    BoneCount = 104

Object info:
============
ClassName: SkeletalMeshSocket ObjectName: SkeletalMeshSocket_103

    SocketName = WeaponR
    BoneName = WeaponR
    RelativeLocation = { X=0, Y=0, Z=0 }
    RelativeRotation = { Yaw=0, Pitch=0, Roll=0 }
    RelativeScale = { X=1, Y=1, Z=1 }

Object info:
============
ClassName: SkeletalMeshSocket ObjectName: SkeletalMeshSocket_118

    SocketName = Catch_Back
    BoneName = Bip01Spine2
    RelativeLocation = { X=7.59193, Y=16.5254, Z=4.1869 }
    RelativeRotation = { Yaw=0, Pitch=0, Roll=0 }
    RelativeScale = { X=1, Y=1, Z=1 }

Object info:
============
ClassName: SkeletalMeshSocket ObjectName: SkeletalMeshSocket_79

    SocketName = target_high
    BoneName = Bip01Head
    RelativeLocation = { X=0, Y=0, Z=0 }
    RelativeRotation = { Yaw=0, Pitch=0, Roll=0 }
    RelativeScale = { X=1, Y=1, Z=1 }

Object info:
============
ClassName: SkeletalMeshSocket ObjectName: SkeletalMeshSocket_80

    SocketName = socket_force
    BoneName = Root
    RelativeLocation = { X=52, Y=33, Z=10 }
    RelativeRotation = { Yaw=0, Pitch=0, Roll=0 }
    RelativeScale = { X=1, Y=1, Z=1 }

Object info:
============
ClassName: SkeletalMeshSocket ObjectName: SkeletalMeshSocket_81

    SocketName = Catch_Neck
    BoneName = Bip01Neck
    RelativeLocation = { X=0, Y=0, Z=0 }
    RelativeRotation = { Yaw=0, Pitch=0, Roll=0 }
    RelativeScale = { X=1, Y=1, Z=1 }

Object info:
============
ClassName: SkeletalMeshSocket ObjectName: SkeletalMeshSocket_82

    SocketName = Mount_Ambar_Socket
    BoneName = Bip01LClavicle
    RelativeLocation = { X=-10, Y=-2, Z=-12 }
    RelativeRotation = { Yaw=-285, Pitch=9970, Roll=22850 }
    RelativeScale = { X=1, Y=1, Z=1 }

Object info:
============
ClassName: SkeletalMeshSocket ObjectName: SkeletalMeshSocket_83

    SocketName = Mount_Choke_Socket
    BoneName = Root
    RelativeLocation = { X=4.63961, Y=-5.68169e-016, Z=0 }
    RelativeRotation = { Yaw=32768, Pitch=0, Roll=0 }
    RelativeScale = { X=1, Y=1, Z=1 }

Object info:
============
ClassName: SkeletalMeshSocket ObjectName: SkeletalMeshSocket_84

    SocketName = Mount_Socket
    BoneName = Bip01Spine1
    RelativeLocation = { X=0, Y=0, Z=0 }
    RelativeRotation = { Yaw=0, Pitch=0, Roll=-16384 }
    RelativeScale = { X=1, Y=1, Z=1 }

Object info:
============
ClassName: SkeletalMeshSocket ObjectName: SkeletalMeshSocket_85

    SocketName = Decap_Socket
    BoneName = Bip01Neck1
    RelativeLocation = { X=0, Y=0, Z=0 }
    RelativeRotation = { Yaw=0, Pitch=0, Roll=0 }
    RelativeScale = { X=1, Y=1, Z=1 }

Object info:
============
ClassName: SkeletalMeshSocket ObjectName: SkeletalMeshSocket_93

    SocketName = ATTACH_EFFECT
    BoneName = Bip01
    RelativeLocation = { X=10, Y=0, Z=0 }
    RelativeRotation = { Yaw=0, Pitch=0, Roll=0 }
    RelativeScale = { X=1, Y=1, Z=1 }
