Found 16186 game files (0 skipped)
Loading package: 00019187.upk Ver: 573/1 Engine: 4205 Names: 97 Exports: 21 Imports: 13 Game: 801A
Loading SkeletalMesh3 040077_LynM from package 00019187.upk
Loading package: 00019188.upk Ver: 573/1 Engine: 4205 Names: 53 Exports: 2 Imports: 16 Game: 801A
Loading MaterialInstanceConstant col1 from package 00019188.upk
Loading package: 00018517.upk Ver: 573/1 Engine: 4205 Names: 35 Exports: 6 Imports: 4 Game: 801A
Loading package: 00002620.upk Ver: 573/1 Engine: 4205 Names: 500 Exports: 5733 Imports: 89 Game: 801A
Loading MaterialInstanceConstant col1_ac from package 00019188.upk
Loading Texture2D 040073_JinM_col1_D from package 00018517.upk
Loading Texture2D 040073_JinM_col1_N from package 00018517.upk
Loading Material3 Beard_Ac from package 00002620.upk
Loading package: 00012963.upk Ver: 573/1 Engine: 4205 Names: 1199 Exports: 1162 Imports: 10 Game: 801A
Loading package: 00008613.upk Ver: 573/1 Engine: 4205 Names: 95 Exports: 6 Imports: 12 Game: 801A
Loading Texture2D check_n from package 00002620.upk
Loading Texture2D Noise_Glass_000 from package 00012963.upk
Loading Texture2D Smoke_Pattern_001 from package 00012963.upk
Loading Texture2D Gradient_Wipe_BurnOut_Mask_TEST from package 00012963.upk
Loading Texture2D Gradient_Wipe_BurnOut_Mask from package 00012963.upk
Loading Texture2D check from package 00002620.upk
Loading Texture2D Gradient_Line_003 from package 00012963.upk
Loading Texture2D Nothing_A from package 00008613.upk
Loaded in 0.066 sec, 2319 allocs, 1.22 MBytes serialized in 179920 calls.

Object info:
============
ClassName: SkeletalMesh3 ObjectName: 040077_LynM

    LODInfo[1] =
    {
        LODInfo[0] =
        {
            DisplayFactor = 0
            LODHysteresis = 0.02
            LODMaterialMap[0] = {}
            bEnableShadowCasting[2] = { true, true }
        }
    }
    Sockets[0] = {}
    bHasVertexColors = false
    EnableTwistBoneFixers = true
    EnableClavicleFixer = true
    Materials[2] = { MaterialInstanceConstant'col1', MaterialInstanceConstant'col1_ac' }


    Lods[1] =
    {
        Lods[0] =
        {
            Sections[2] =
            {
                Sections[0] = { Material=MaterialInstanceConstant'col1_ac', FirstIndex=0, NumFaces=1118 }
                Sections[1] = { Material=MaterialInstanceConstant'col1', FirstIndex=3354, NumFaces=546 }
            }
            NumVerts = 1302
            IndexCount = 4992
            NumTexCoords = 1
        }
    }
    LodCount = 1
    MeshOrigin = { X=-0, Y=-0, Z=-0 }
    MeshScale = { X=1, Y=1, Z=1 }
    RotOrigin = { Yaw=0, Pitch=0, Roll=0 }
    BoneCount = 13
