Found 21975 game files (132 skipped)
Loading package: 00012318.upk Ver: 573/1 Engine: 4205 Names: 89 Exports: 2 Imports: 18 Game: 801A
Loading MaterialInstanceConstant col1 from package 00012318.upk
Loading package: 00012317.upk Ver: 573/1 Engine: 4205 Names: 32 Exports: 4 Imports: 2 Game: 801A
Loading package: 00002620.upk Ver: 573/1 Engine: 4205 Names: 560 Exports: 6612 Imports: 96 Game: 801A
Loading MaterialInstanceConstant Fur from package 00012318.upk
Loading Texture2D 65021_JinF_col1_N from package 00012317.upk
Loading Texture2D 65021_JinF_col1_M from package 00012317.upk
Loading Texture2D 65021_JinF_col1_D from package 00012317.upk
Loading Texture2D 65021_JinF_col1_S from package 00012317.upk
Loading Material3 Body from package 00002620.upk
Loading package: 00012963.upk Ver: 573/1 Engine: 4205 Names: 1236 Exports: 1211 Imports: 10 Game: 801A
Loading Material3 Fur from package 00002620.upk
Loading Texture2D check_n from package 00002620.upk
Loading Texture2D Noise_Glass_000 from package 00012963.upk
Loading Texture2D Smoke_Pattern_001 from package 00012963.upk
Loading Texture2D Gradient_Wipe_BurnOut_Mask_TEST from package 00012963.upk
Loading Texture2D Gradient_Wipe_BurnOut_Mask from package 00012963.upk
Loading Texture2D check from package 00002620.upk
Loading Texture2D Gradient_Line_003 from package 00012963.upk
Loaded in 0.084 sec, 2271 allocs, 1.55 MBytes serialized in 150506 calls.

Object info:
============
ClassName: MaterialInstanceConstant ObjectName: col1

    ScalarParameterValues[5] =
    {
        ScalarParameterValues[0] = { ParameterName=Skin_glossiness, ParameterValue=80 }
        ScalarParameterValues[1] = { ParameterName=Wear_glossiness1, ParameterValue=5 }
        ScalarParameterValues[2] = { ParameterName=Wear_glossiness2, ParameterValue=50 }
        ScalarParameterValues[3] = { ParameterName=Skin_Spec_value, ParameterValue=1 }
        ScalarParameterValues[4] = { ParameterName=Specular_value, ParameterValue=2 }
    }
    TextureParameterValues[4] =
    {
        TextureParameterValues[0] = { ParameterName=Body_normal, ParameterValue=Texture2D'65021_JinF_col1_N' }
        TextureParameterValues[1] = { ParameterName=Body_mask_RGB, ParameterValue=Texture2D'65021_JinF_col1_M' }
        TextureParameterValues[2] = { ParameterName=Body_diffuse, ParameterValue=Texture2D'65021_JinF_col1_D' }
        TextureParameterValues[3] = { ParameterName=Body_specular, ParameterValue=Texture2D'65021_JinF_col1_S' }
    }
    VectorParameterValues[1] =
    {
        VectorParameterValues[0] =
        {
            ParameterName = skin_color
            ParameterValue = { R=1, G=1, B=1, A=1 }
        }
    }
    Parent = Material3'Body'
    FlattenedTexture = None
    MobileBaseTexture = None
    MobileNormalTexture = None
    bUseMobileSpecular = false
    MobileSpecularPower = 16
    MobileSpecularMask = MSM_Constant (0)
    MobileMaskTexture = None

Object info:
============
ClassName: MaterialInstanceConstant ObjectName: Fur

    ScalarParameterValues[6] =
    {
        ScalarParameterValues[0] = { ParameterName=long, ParameterValue=0.3 }
        ScalarParameterValues[1] = { ParameterName=Glossiness1, ParameterValue=5 }
        ScalarParameterValues[2] = { ParameterName=Glossiness2, ParameterValue=10 }
        ScalarParameterValues[3] = { ParameterName=Spec_value, ParameterValue=1 }
        ScalarParameterValues[4] = { ParameterName=LimLight_value, ParameterValue=10 }
        ScalarParameterValues[5] = { ParameterName=LimLight_exp, ParameterValue=5 }
    }
    TextureParameterValues[4] =
    {
        TextureParameterValues[0] = { ParameterName=Normal, ParameterValue=Texture2D'65021_JinF_col1_N' }
        TextureParameterValues[1] = { ParameterName=Mask_GB, ParameterValue=Texture2D'65021_JinF_col1_M' }
        TextureParameterValues[2] = { ParameterName=Diffuse, ParameterValue=Texture2D'65021_JinF_col1_D' }
        TextureParameterValues[3] = { ParameterName=Specular, ParameterValue=Texture2D'65021_JinF_col1_S' }
    }
    VectorParameterValues[0] = {}
    Parent = Material3'Fur'
    FlattenedTexture = None
    MobileBaseTexture = None
    MobileNormalTexture = None
    bUseMobileSpecular = false
    MobileSpecularPower = 16
    MobileSpecularMask = MSM_Constant (0)
    MobileMaskTexture = None
