Found 16187 game files (144 skipped)
Loading package: 00016434.upk Ver: 573/1 Engine: 4205 Names: 515 Exports: 5382 Imports: 134 Game: 801A
Loading Texture2D Game_PartySerchNotificationScene_Preview from package 00016434.upk
Loading Texture2D Game_PartySerchScene_Preview from package 00016434.upk
Loaded in 0.016 sec, 543 allocs, 0.41 MBytes serialized in 99508 calls.

Object info:
============
ClassName: Texture2D ObjectName: Game_PartySerchNotificationScene_Preview

    SizeX = 256
    SizeY = 256
    Format = PF_DXT1 (5)
    AddressX = TA_Wrap (0)
    AddressY = TA_Wrap (0)
    TextureFileCacheName = None
    MipTailBaseIdx = 0
    bForcePVRTC4 = false
    UnpackMin[4] = { 0, 0, 0, 0 }
    UnpackMax[4] = { 1, 1, 1, 1 }

Object info:
============
ClassName: Texture2D ObjectName: Game_PartySerchScene_Preview

    SizeX = 256
    SizeY = 256
    Format = PF_DXT1 (5)
    AddressX = TA_Wrap (0)
    AddressY = TA_Wrap (0)
    TextureFileCacheName = None
    MipTailBaseIdx = 0
    bForcePVRTC4 = false
    UnpackMin[4] = { 0, 0, 0, 0 }
    UnpackMax[4] = { 1, 1, 1, 1 }
