Found 18875 game files (36 skipped)
Loading package: 00014228.upk Ver: 573/1 Engine: 4205 Names: 92 Exports: 3 Imports: 22 Game: 801A
Loading MaterialInstanceConstant col20 from package 00014228.upk
Loading package: 00002775.upk Ver: 573/1 Engine: 4205 Names: 51 Exports: 20 Imports: 9 Game: 801A
Loading package: 00008613.upk Ver: 573/1 Engine: 4205 Names: 95 Exports: 6 Imports: 12 Game: 801A
Loading package: 00008478.upk Ver: 573/1 Engine: 4205 Names: 50 Exports: 23 Imports: 2 Game: 801A
Loading package: 00002620.upk Ver: 573/1 Engine: 4205 Names: 560 Exports: 6612 Imports: 96 Game: 801A
Loading Texture2D GonM_Face001_n from package 00002775.upk
Loading Texture2D Nothing_A_n from package 00008613.upk
Loading Texture2D Nothing_A from package 00008613.upk
Loading Texture2D GonM_Face_BrowBeard1 from package 00008478.upk
Loading Texture2D GonM_Face001_d from package 00002775.upk
Loading Texture2D GonM_Face_s from package 00002775.upk
Loading Texture2D GonM_Face_m from package 00002775.upk
Loading Material3 Ghost_Face-M from package 00002620.upk
Loading package: 00012963.upk Ver: 573/1 Engine: 4205 Names: 1219 Exports: 1194 Imports: 10 Game: 801A
Loading package: EngineResources.upk Ver: 573/1 Engine: 4205 Names: 134 Exports: 73 Imports: 11 Game: 801A
Loading Texture2D check_n from package 00002620.upk
Loading Texture2D check from package 00002620.upk
Loading Texture2D Smoke_Pattern_001 from package 00012963.upk
Loading Texture2D Gradient_Line_003 from package 00012963.upk
Loading Texture2D DefaultTexture from package EngineResources.upk
Loaded in 0.068 sec, 2558 allocs, 0.89 MBytes serialized in 154061 calls.

Object info:
============
ClassName: MaterialInstanceConstant ObjectName: col20

    ScalarParameterValues[21] =
    {
        ScalarParameterValues[0] = { ParameterName=old1, ParameterValue=0 }
        ScalarParameterValues[1] = { ParameterName=old2, ParameterValue=0 }
        ScalarParameterValues[2] = { ParameterName=old3, ParameterValue=0 }
        ScalarParameterValues[3] = { ParameterName=Beard, ParameterValue=0 }
        ScalarParameterValues[4] = { ParameterName=EyeLine, ParameterValue=0 }
        ScalarParameterValues[5] = { ParameterName=EyeShadow, ParameterValue=0 }
        ScalarParameterValues[6] = { ParameterName=Blusher, ParameterValue=0 }
        ScalarParameterValues[7] = { ParameterName=Skin_Spec_value, ParameterValue=1 }
        ScalarParameterValues[8] = { ParameterName=EyeLine_glossiness, ParameterValue=1 }
        ScalarParameterValues[9] = { ParameterName=EyeShadow_glossiness, ParameterValue=1 }
        ScalarParameterValues[10] = { ParameterName=Lip_Glossiness, ParameterValue=5 }
        ScalarParameterValues[11] = { ParameterName=Skin_glossiness1, ParameterValue=3.5 }
        ScalarParameterValues[12] = { ParameterName=Skin_glossiness2, ParameterValue=100 }
        ScalarParameterValues[13] = { ParameterName=Decal_OriginalColor(0~1), ParameterValue=0 }
        ScalarParameterValues[14] = { ParameterName=Decal_Up?r(0~1), ParameterValue=0 }
        ScalarParameterValues[15] = { ParameterName=old4, ParameterValue=0 }
        ScalarParameterValues[16] = { ParameterName=SkinEffect_at_Lip, ParameterValue=0.4 }
        ScalarParameterValues[17] = { ParameterName=Lip, ParameterValue=0.4 }
        ScalarParameterValues[18] = { ParameterName=Lip_Spec_value, ParameterValue=1 }
        ScalarParameterValues[19] = { ParameterName=Ghost_Fresnel_Power, ParameterValue=2 }
        ScalarParameterValues[20] = { ParameterName=Skin_Spec_value_X, ParameterValue=1 }
    }
    TextureParameterValues[11] =
    {
        TextureParameterValues[0] = { ParameterName=Face_Normal, ParameterValue=Texture2D'GonM_Face001_n' }
        TextureParameterValues[1] = { ParameterName=old_Normal, ParameterValue=Texture2D'Nothing_A_n' }
        TextureParameterValues[2] = { ParameterName=old_Mask, ParameterValue=Texture2D'Nothing_A' }
        TextureParameterValues[3] = { ParameterName=eyebrow_mask, ParameterValue=Texture2D'GonM_Face_BrowBeard1' }
        TextureParameterValues[4] = { ParameterName=Beard_mask, ParameterValue=Texture2D'GonM_Face_BrowBeard1' }
        TextureParameterValues[5] = { ParameterName=Decal_Diffuse, ParameterValue=Texture2D'Nothing_A' }
        TextureParameterValues[6] = { ParameterName=Decal_Normal, ParameterValue=Texture2D'Nothing_A_n' }
        TextureParameterValues[7] = { ParameterName=makeup_mask, ParameterValue=Texture2D'Nothing_A' }
        TextureParameterValues[8] = { ParameterName=Face_Diffuse, ParameterValue=Texture2D'GonM_Face001_d' }
        TextureParameterValues[9] = { ParameterName=Face_Specular, ParameterValue=Texture2D'GonM_Face_s' }
        TextureParameterValues[10] = { ParameterName=Face_Mask, ParameterValue=Texture2D'GonM_Face_m' }
    }
    VectorParameterValues[14] =
    {
        VectorParameterValues[0] =
        {
            ParameterName = eyebrow_color
            ParameterValue = { R=0.000175, G=0.000175, B=0.000175, A=1 }
        }
        VectorParameterValues[1] =
        {
            ParameterName = EyeLine_Diffuse
            ParameterValue = { R=0, G=0, B=0, A=1 }
        }
        VectorParameterValues[2] =
        {
            ParameterName = EyeShadow_Diffuse
            ParameterValue = { R=0, G=0, B=0, A=1 }
        }
        VectorParameterValues[3] =
        {
            ParameterName = Blusher_Diffuse
            ParameterValue = { R=0.234895, G=0.011126, B=0, A=1 }
        }
        VectorParameterValues[4] =
        {
            ParameterName = Lip_color
            ParameterValue = { R=0, G=0, B=0, A=1 }
        }
        VectorParameterValues[5] =
        {
            ParameterName = skin_color
            ParameterValue = { R=1, G=1, B=1, A=1 }
        }
        VectorParameterValues[6] =
        {
            ParameterName = EyeLine_Specular
            ParameterValue = { R=0, G=0, B=0, A=1 }
        }
        VectorParameterValues[7] =
        {
            ParameterName = EyeShadow_Specular
            ParameterValue = { R=0, G=0, B=0, A=1 }
        }
        VectorParameterValues[8] =
        {
            ParameterName = Lip_Specular
            ParameterValue = { R=1, G=1, B=1, A=1 }
        }
        VectorParameterValues[9] =
        {
            ParameterName = Skin_Specular
            ParameterValue = { R=1, G=1, B=1, A=1 }
        }
        VectorParameterValues[10] =
        {
            ParameterName = Fresnel_color
            ParameterValue = { R=0, G=0, B=0, A=1 }
        }
        VectorParameterValues[11] =
        {
            ParameterName = Fresnel_Power
            ParameterValue = { R=0, G=0, B=0, A=1 }
        }
        VectorParameterValues[12] =
        {
            ParameterName = Mesh_trangition
            ParameterValue = { R=0, G=0, B=0, A=1 }
        }
        VectorParameterValues[13] =
        {
            ParameterName = Ghost_Fresnel_color
            ParameterValue = { R=0.5, G=1, B=2.5, A=1 }
        }
    }
    Parent = Material3'Ghost_Face-M'
    FlattenedTexture = None
    MobileBaseTexture = None
    MobileNormalTexture = None
    bUseMobileSpecular = false
    MobileSpecularPower = 16
    MobileSpecularMask = MSM_Constant (0)
    MobileMaskTexture = None
