Found 21310 game files (132 skipped)
Loading package: 00015892.upk Ver: 573/1 Engine: 4205 Names: 105 Exports: 16 Imports: 20 Game: 801A
Loading SkeletalMesh3 010139_Autoscale from package 00015892.upk
WARNING: ObjectProperty "USkeletalMesh3::MeshFactorSet" was not found
WARNING: ObjectProperty "USkeletalMesh3::PhysMaterialOverride" was not found
Loading package: 00015891.upk Ver: 573/1 Engine: 4205 Names: 93 Exports: 1 Imports: 19 Game: 801A
Loading SkeletalMeshSocket SkeletalMeshSocket_111 from package 00015892.upk
Loading SkeletalMeshSocket SkeletalMeshSocket_115 from package 00015892.upk
Loading MaterialInstanceConstant 010139_Col1 from package 00015891.upk
Loading package: 00015890.upk Ver: 573/1 Engine: 4205 Names: 46 Exports: 16 Imports: 2 Game: 801A
Loading package: 00002640.upk Ver: 573/1 Engine: 4205 Names: 340 Exports: 556 Imports: 5 Game: 801A
Loading package: 00002620.upk Ver: 573/1 Engine: 4205 Names: 560 Exports: 6612 Imports: 96 Game: 801A
Loading package: 00012963.upk Ver: 573/1 Engine: 4205 Names: 1234 Exports: 1209 Imports: 10 Game: 801A
Loading Texture2D 010139_Autoscale_col1_N from package 00015890.upk
Loading Texture2D 010139_Autoscale_col1_M from package 00015890.upk
Loading Texture2D 010139_Autoscale_col1_D from package 00015890.upk
Loading Texture2D 010139_Autoscale_col1_S from package 00015890.upk
Loading TextureCube lenscube_a from package 00002640.upk
Loading Texture2D check from package 00002620.upk
Loading Texture2D Smoke_Pattern_001 from package 00012963.upk
Loading Material3 Basic from package 00002620.upk
Loading Texture2D CubemapFace0 from package 00002640.upk
Loading Texture2D CubemapFace1 from package 00002640.upk
Loading Texture2D CubemapFace2 from package 00002640.upk
Loading Texture2D CubemapFace3 from package 00002640.upk
Loading Texture2D CubemapFace4 from package 00002640.upk
Loading Texture2D CubemapFace5 from package 00002640.upk
Loading Texture2D check_n from package 00002620.upk
Loading Texture2D Gradient_Line_003 from package 00012963.upk
Loading Texture2D Gradient_Wipe_BurnOut_Mask_TEST from package 00012963.upk
Loading Texture2D Gradient_Wipe_BurnOut_Mask from package 00012963.upk
Loaded in 0.11 sec, 2897 allocs, 1.10 MBytes serialized in 183067 calls.

Object info:
============
ClassName: SkeletalMesh3 ObjectName: 010139_Autoscale

    LODInfo[1] =
    {
        LODInfo[0] =
        {
            DisplayFactor = 0
            LODHysteresis = 0.02
            LODMaterialMap[0] = {}
            bEnableShadowCasting[1] = { true }
        }
    }
    Sockets[2] =
    {
        Sockets[0] = SkeletalMeshSocket'010139_Autoscale.SkeletalMeshSocket_111'
        Sockets[1] = SkeletalMeshSocket'010139_Autoscale.SkeletalMeshSocket_115'
    }
    bHasVertexColors = false
    EnableTwistBoneFixers = true
    EnableClavicleFixer = true
    Materials[1] = { MaterialInstanceConstant'010139_Col1' }


    Lods[1] =
    {
        Lods[0] =
        {
            Sections[1] =
            {
                Sections[0] = { Material=MaterialInstanceConstant'010139_Col1', FirstIndex=0, NumFaces=655 }
            }
            NumVerts = 614
            IndexCount = 1965
            NumTexCoords = 1
        }
    }
    LodCount = 1
    MeshOrigin = { X=-0, Y=-0, Z=-0 }
    MeshScale = { X=1, Y=1, Z=1 }
    RotOrigin = { Yaw=0, Pitch=0, Roll=0 }
    BoneCount = 5

Object info:
============
ClassName: SkeletalMeshSocket ObjectName: SkeletalMeshSocket_111

    SocketName = fx_trail01
    BoneName = WeaponRoot
    RelativeLocation = { X=0, Y=0, Z=43 }
    RelativeRotation = { Yaw=0, Pitch=0, Roll=0 }
    RelativeScale = { X=1, Y=1, Z=1 }

Object info:
============
ClassName: SkeletalMeshSocket ObjectName: SkeletalMeshSocket_115

    SocketName = fx_trail02
    BoneName = WeaponRoot
    RelativeLocation = { X=0, Y=0, Z=26.25 }
    RelativeRotation = { Yaw=0, Pitch=0, Roll=0 }
    RelativeScale = { X=1, Y=1, Z=1 }
