Found 16186 game files (0 skipped)
Loading package: 00019239.upk Ver: 573/1 Engine: 4205 Names: 63 Exports: 5 Imports: 9 Game: 801A
Loading SkeletalMesh3 040026_LynF from package 00019239.upk
Loading package: 00019240.upk Ver: 573/1 Engine: 4205 Names: 93 Exports: 6 Imports: 29 Game: 801A
Loading MaterialInstanceConstant col1 from package 00019240.upk
Loading package: 00010034.upk Ver: 573/1 Engine: 4205 Names: 32 Exports: 4 Imports: 4 Game: 801A
Loading package: 00002620.upk Ver: 573/1 Engine: 4205 Names: 500 Exports: 5733 Imports: 89 Game: 801A
Loading MaterialInstanceConstant col1_ac from package 00019240.upk
Loading package: 00011539.upk Ver: 573/1 Engine: 4205 Names: 32 Exports: 4 Imports: 2 Game: 801A
Loading package: 00002640.upk Ver: 573/1 Engine: 4205 Names: 340 Exports: 556 Imports: 5 Game: 801A
Loading Texture2D LynF_007_col1_D from package 00010034.upk
Loading Texture2D LynF_007_col1_n from package 00010034.upk
Loading Material3 Beard_Ac from package 00002620.upk
Loading package: 00012963.upk Ver: 573/1 Engine: 4205 Names: 1199 Exports: 1162 Imports: 10 Game: 801A
Loading package: 00008613.upk Ver: 573/1 Engine: 4205 Names: 95 Exports: 6 Imports: 12 Game: 801A
Loading Texture2D 040026_JinM_D from package 00011539.upk
Loading Texture2D 040026_JinM_S from package 00011539.upk
Loading Texture2D 040026_JinM_N from package 00011539.upk
Loading Texture2D 040026_JinM_M from package 00011539.upk
Loading TextureCube cube_cst from package 00002640.upk
Loading Material3 Hair_Ac from package 00002620.upk
Loading Texture2D check_n from package 00002620.upk
Loading Texture2D Noise_Glass_000 from package 00012963.upk
Loading Texture2D Smoke_Pattern_001 from package 00012963.upk
Loading Texture2D Gradient_Wipe_BurnOut_Mask_TEST from package 00012963.upk
Loading Texture2D Gradient_Wipe_BurnOut_Mask from package 00012963.upk
Loading Texture2D check from package 00002620.upk
Loading Texture2D Gradient_Line_003 from package 00012963.upk
Loading Texture2D Nothing_A from package 00008613.upk
Loading Texture2D CubemapFace0 from package 00002640.upk
Loading Texture2D CubemapFace1 from package 00002640.upk
Loading Texture2D CubemapFace2 from package 00002640.upk
Loading Texture2D CubemapFace3 from package 00002640.upk
Loading Texture2D CubemapFace4 from package 00002640.upk
Loading Texture2D CubemapFace5 from package 00002640.upk
Loading Texture2D Smoke_Pattern_000 from package 00012963.upk
Loaded in 0.14 sec, 3020 allocs, 1.62 MBytes serialized in 175709 calls.

Object info:
============
ClassName: SkeletalMesh3 ObjectName: 040026_LynF

    LODInfo[1] =
    {
        LODInfo[0] =
        {
            DisplayFactor = 0
            LODHysteresis = 0.02
            LODMaterialMap[0] = {}
            bEnableShadowCasting[2] = { true, true }
        }
    }
    Sockets[0] = {}
    bHasVertexColors = false
    EnableTwistBoneFixers = true
    EnableClavicleFixer = true
    Materials[2] = { MaterialInstanceConstant'col1', MaterialInstanceConstant'col1_ac' }


    Lods[1] =
    {
        Lods[0] =
        {
            Sections[2] =
            {
                Sections[0] = { Material=MaterialInstanceConstant'col1', FirstIndex=0, NumFaces=757 }
                Sections[1] = { Material=MaterialInstanceConstant'col1_ac', FirstIndex=2271, NumFaces=312 }
            }
            NumVerts = 843
            IndexCount = 3207
            NumTexCoords = 1
        }
    }
    LodCount = 1
    MeshOrigin = { X=-0, Y=-0, Z=-0 }
    MeshScale = { X=1, Y=1, Z=1 }
    RotOrigin = { Yaw=0, Pitch=0, Roll=0 }
    BoneCount = 9
