Found 18875 game files (36 skipped)
Loading package: 00011919.upk Ver: 573/1 Engine: 4205 Names: 80 Exports: 2 Imports: 21 Game: 801A
Loading MaterialInstanceConstant col2 from package 00011919.upk
Loading package: 00010603.upk Ver: 573/1 Engine: 4205 Names: 52 Exports: 24 Imports: 2 Game: 801A
Loading package: 00002640.upk Ver: 573/1 Engine: 4205 Names: 340 Exports: 556 Imports: 5 Game: 801A
Loading package: 00002620.upk Ver: 573/1 Engine: 4205 Names: 560 Exports: 6612 Imports: 96 Game: 801A
Loading Texture2D 41001_LynM_N2 from package 00010603.upk
Loading Texture2D 41001_LynM_M2 from package 00010603.upk
Loading Texture2D 41001_LynM_D2 from package 00010603.upk
Loading Texture2D 41001_LynM_S2 from package 00010603.upk
Loading Texture2D lenscube_Y from package 00002640.upk
Loading Material3 Body from package 00002620.upk
Loading package: 00012963.upk Ver: 573/1 Engine: 4205 Names: 1219 Exports: 1194 Imports: 10 Game: 801A
Loading Texture2D check_n from package 00002620.upk
Loading Texture2D Noise_Glass_000 from package 00012963.upk
Loading Texture2D Smoke_Pattern_001 from package 00012963.upk
Loading Texture2D Gradient_Wipe_BurnOut_Mask_TEST from package 00012963.upk
Loading Texture2D Gradient_Wipe_BurnOut_Mask from package 00012963.upk
Loading Texture2D check from package 00002620.upk
Loading Texture2D Gradient_Line_003 from package 00012963.upk
Loaded in 0.08 sec, 2627 allocs, 1.41 MBytes serialized in 161377 calls.

Object info:
============
ClassName: MaterialInstanceConstant ObjectName: col2

    ScalarParameterValues[5] =
    {
        ScalarParameterValues[0] = { ParameterName=Skin_glossiness, ParameterValue=3.5 }
        ScalarParameterValues[1] = { ParameterName=Wear_glossiness1, ParameterValue=4 }
        ScalarParameterValues[2] = { ParameterName=Wear_glossiness2, ParameterValue=10 }
        ScalarParameterValues[3] = { ParameterName=Skin_Spec_value, ParameterValue=1 }
        ScalarParameterValues[4] = { ParameterName=Specular_value, ParameterValue=1.5 }
    }
    TextureParameterValues[5] =
    {
        TextureParameterValues[0] = { ParameterName=Body_normal, ParameterValue=Texture2D'41001_LynM_N2' }
        TextureParameterValues[1] = { ParameterName=Body_mask_RGB, ParameterValue=Texture2D'41001_LynM_M2' }
        TextureParameterValues[2] = { ParameterName=Body_diffuse, ParameterValue=Texture2D'41001_LynM_D2' }
        TextureParameterValues[3] = { ParameterName=Body_specular, ParameterValue=Texture2D'41001_LynM_S2' }
        TextureParameterValues[4] = { ParameterName=rf_cube, ParameterValue=Texture2D'lenscube_Y' }
    }
    VectorParameterValues[0] = {}
    Parent = Material3'Body'
    FlattenedTexture = None
    MobileBaseTexture = None
    MobileNormalTexture = None
    bUseMobileSpecular = false
    MobileSpecularPower = 16
    MobileSpecularMask = MSM_Constant (0)
    MobileMaskTexture = None
