Found 21974 game files (0 skipped)
Loading package: 00018169.upk Ver: 573/1 Engine: 4205 Names: 35 Exports: 6 Imports: 2 Game: 801A
Loading Texture2D 65067_GonM_col1_D from package 00018169.upk
Loading Texture2D 65067_GonM_col1_M from package 00018169.upk
Loading Texture2D 65067_GonM_col1_N from package 00018169.upk
Loading Texture2D 65067_GonM_col1_S from package 00018169.upk
Loading Texture2D 65067_GonM_col2_D from package 00018169.upk
Loading Texture2D 65067_GonM_col2_s from package 00018169.upk
Loaded in 0.042 sec, 218 allocs, 1.11 MBytes serialized in 1340 calls.

Object info:
============
ClassName: Texture2D ObjectName: 65067_GonM_col1_D

    SizeX = 1024
    SizeY = 512
    Format = PF_DXT5 (7)
    AddressX = TA_Wrap (0)
    AddressY = TA_Wrap (0)
    TextureFileCacheName = None
    MipTailBaseIdx = 10
    bForcePVRTC4 = false
    UnpackMin[4] = { 0, 0, 0, 0 }
    UnpackMax[4] = { 1, 1, 1, 1 }

Object info:
============
ClassName: Texture2D ObjectName: 65067_GonM_col1_M

    SizeX = 512
    SizeY = 256
    Format = PF_DXT1 (5)
    AddressX = TA_Wrap (0)
    AddressY = TA_Wrap (0)
    TextureFileCacheName = None
    MipTailBaseIdx = 9
    bForcePVRTC4 = false
    UnpackMin[4] = { 0, 0, 0, 0 }
    UnpackMax[4] = { 1, 1, 1, 1 }

Object info:
============
ClassName: Texture2D ObjectName: 65067_GonM_col1_N

    SizeX = 1024
    SizeY = 512
    Format = PF_DXT1 (5)
    AddressX = TA_Wrap (0)
    AddressY = TA_Wrap (0)
    TextureFileCacheName = None
    MipTailBaseIdx = 10
    bForcePVRTC4 = false
    UnpackMin[4] = { -1, -1, -1, 0 }
    UnpackMax[4] = { 1, 1, 1, 1 }

Object info:
============
ClassName: Texture2D ObjectName: 65067_GonM_col1_S

    SizeX = 1024
    SizeY = 512
    Format = PF_DXT5 (7)
    AddressX = TA_Wrap (0)
    AddressY = TA_Wrap (0)
    TextureFileCacheName = None
    MipTailBaseIdx = 10
    bForcePVRTC4 = false
    UnpackMin[4] = { 0, 0, 0, 0 }
    UnpackMax[4] = { 1, 1, 1, 1 }

Object info:
============
ClassName: Texture2D ObjectName: 65067_GonM_col2_D

    SizeX = 1024
    SizeY = 512
    Format = PF_DXT5 (7)
    AddressX = TA_Wrap (0)
    AddressY = TA_Wrap (0)
    TextureFileCacheName = None
    MipTailBaseIdx = 0
    bForcePVRTC4 = false
    UnpackMin[4] = { 0, 0, 0, 0 }
    UnpackMax[4] = { 1, 1, 1, 1 }

Object info:
============
ClassName: Texture2D ObjectName: 65067_GonM_col2_s

    SizeX = 1024
    SizeY = 512
    Format = PF_DXT5 (7)
    AddressX = TA_Wrap (0)
    AddressY = TA_Wrap (0)
    TextureFileCacheName = None
    MipTailBaseIdx = 10
    bForcePVRTC4 = false
    UnpackMin[4] = { 0, 0, 0, 0 }
    UnpackMax[4] = { 1, 1, 1, 1 }
