Found 21310 game files (132 skipped)
Loading package: 00013016.upk Ver: 573/1 Engine: 4205 Names: 78 Exports: 1 Imports: 17 Game: 801A
Loading MaterialInstanceConstant col1 from package 00013016.upk
Loading package: 00013015.upk Ver: 573/1 Engine: 4205 Names: 45 Exports: 18 Imports: 2 Game: 801A
Loading package: 00002620.upk Ver: 573/1 Engine: 4205 Names: 560 Exports: 6612 Imports: 96 Game: 801A
Loading Texture2D Weapon_060036_col1_N from package 00013015.upk
Loading Texture2D Weapon_060036_col1_M from package 00013015.upk
Loading Texture2D Weapon_060036_col1_D from package 00013015.upk
Loading Texture2D Weapon_060036_col1_S from package 00013015.upk
Loading Texture2D Weapon_060036_col1_EM from package 00013015.upk
Loading Material3 Basic from package 00002620.upk
Loading package: 00012963.upk Ver: 573/1 Engine: 4205 Names: 1234 Exports: 1209 Imports: 10 Game: 801A
Loading Texture2D check_n from package 00002620.upk
Loading Texture2D check from package 00002620.upk
Loading Texture2D Smoke_Pattern_001 from package 00012963.upk
Loading Texture2D Gradient_Line_003 from package 00012963.upk
Loading Texture2D Gradient_Wipe_BurnOut_Mask_TEST from package 00012963.upk
Loading Texture2D Gradient_Wipe_BurnOut_Mask from package 00012963.upk
Loaded in 0.085 sec, 2259 allocs, 0.92 MBytes serialized in 150254 calls.

Object info:
============
ClassName: MaterialInstanceConstant ObjectName: col1

    ScalarParameterValues[6] =
    {
        ScalarParameterValues[0] = { ParameterName=Transmission_value, ParameterValue=3 }
        ScalarParameterValues[1] = { ParameterName=Glossiness1, ParameterValue=2 }
        ScalarParameterValues[2] = { ParameterName=Glossiness2, ParameterValue=25 }
        ScalarParameterValues[3] = { ParameterName=Specular_value, ParameterValue=2 }
        ScalarParameterValues[4] = { ParameterName=Emissive_value, ParameterValue=2.5 }
        ScalarParameterValues[5] = { ParameterName=Emissive_value2, ParameterValue=0.8 }
    }
    TextureParameterValues[5] =
    {
        TextureParameterValues[0] = { ParameterName=Normal, ParameterValue=Texture2D'Weapon_060036_col1_N' }
        TextureParameterValues[1] = { ParameterName=Mask_GB, ParameterValue=Texture2D'Weapon_060036_col1_M' }
        TextureParameterValues[2] = { ParameterName=Diffuse, ParameterValue=Texture2D'Weapon_060036_col1_D' }
        TextureParameterValues[3] = { ParameterName=Specular, ParameterValue=Texture2D'Weapon_060036_col1_S' }
        TextureParameterValues[4] = { ParameterName=Emissive, ParameterValue=Texture2D'Weapon_060036_col1_EM' }
    }
    VectorParameterValues[0] = {}
    Parent = Material3'Basic'
    FlattenedTexture = None
    MobileBaseTexture = None
    MobileNormalTexture = None
    bUseMobileSpecular = false
    MobileSpecularPower = 16
    MobileSpecularMask = MSM_Constant (0)
    MobileMaskTexture = None
