Found 21310 game files (132 skipped)
Loading package: 00017419.upk Ver: 573/1 Engine: 4205 Names: 357 Exports: 681 Imports: 25 Game: 801A
Loading SkeletalMesh3 RuneMechaCGiant from package 00017419.upk
WARNING: ObjectProperty "USkeletalMesh3::PlaySoundSet" was not found
WARNING: FloatProperty "USkeletalMesh3::AnimNameHeight" was not found
WARNING: FloatProperty "USkeletalMesh3::NormalNameHeight" was not found
WARNING: FloatProperty "USkeletalMesh3::LowNameHeight" was not found
WARNING: ByteProperty "USkeletalMesh3::CommonPhysicsUseFlag" was not found
WARNING: FloatProperty "USkeletalMesh3::PhysicalHitScale" was not found
Loading package: 00017418.upk Ver: 573/1 Engine: 4205 Names: 205 Exports: 235 Imports: 56 Game: 801A
Loading package: 00009830.upk Ver: 573/1 Engine: 4205 Names: 56 Exports: 4 Imports: 18 Game: 801A
Loading SkeletalMeshSocket SkeletalMeshSocket_115 from package 00017419.upk
Loading SkeletalMeshSocket SkeletalMeshSocket_116 from package 00017419.upk
Loading SkeletalMeshSocket SkeletalMeshSocket_424 from package 00017419.upk
WARNING: BoolProperty "USkeletalMeshSocket::bParticleAttachPosOnly" was not found
Loading SkeletalMeshSocket SkeletalMeshSocket_55 from package 00017419.upk
Loading SkeletalMeshSocket SkeletalMeshSocket_56 from package 00017419.upk
Loading SkeletalMeshSocket SkeletalMeshSocket_57 from package 00017419.upk
WARNING: ObjectProperty "USkeletalMeshSocket::PreviewSkelMesh" was not found
Loading SkeletalMeshSocket SkeletalMeshSocket_58 from package 00017419.upk
Loading SkeletalMeshSocket SkeletalMeshSocket_59 from package 00017419.upk
Loading SkeletalMeshSocket SkeletalMeshSocket_60 from package 00017419.upk
WARNING: ObjectProperty "USkeletalMeshSocket::PreviewSkelMesh" was not found
Loading SkeletalMeshSocket SkeletalMeshSocket_61 from package 00017419.upk
WARNING: ObjectProperty "USkeletalMeshSocket::PreviewSkelMesh" was not found
Loading SkeletalMeshSocket SkeletalMeshSocket_62 from package 00017419.upk
Loading MaterialInstanceConstant col1 from package 00017418.upk
Loading package: 00017417.upk Ver: 573/1 Engine: 4205 Names: 58 Exports: 27 Imports: 4 Game: 801A
Loading package: 00002640.upk Ver: 573/1 Engine: 4205 Names: 340 Exports: 556 Imports: 5 Game: 801A
Loading package: 00012963.upk Ver: 573/1 Engine: 4205 Names: 1234 Exports: 1209 Imports: 10 Game: 801A
Loading MaterialInstanceConstant col1_baydo from package 00017418.upk
Loading package: 00002620.upk Ver: 573/1 Engine: 4205 Names: 560 Exports: 6612 Imports: 96 Game: 801A
Loading MaterialInstanceConstant col1_baydo_hair from package 00009830.upk
Loading package: 00009829.upk Ver: 573/1 Engine: 4205 Names: 29 Exports: 2 Imports: 2 Game: 801A
Loading Texture2D RuneMechaCGiant_N from package 00017417.upk
Loading Texture2D RuneMechaCGiant_M from package 00017417.upk
Loading Texture2D RuneMechaCGiant_D from package 00017417.upk
Loading Texture2D RuneMechaCGiant_S from package 00017417.upk
Loading TextureCube Cube_A from package 00002640.upk
Loading Texture2D RuneMechaCGiant_E from package 00017417.upk
WARNING: ByteProperty "UTexture2D::ManualLoadSwitchSettings" was not found
Loading Texture2D Smoke_Pattern_001 from package 00012963.upk
Loading Texture2D RuneMechaCGiant_FX_Line from package 00017417.upk
Loading Material3 Basic_RuneMechaCGiant from package 00017418.upk
Loading Texture2D baydo_N from package 00017417.upk
Loading Texture2D baydo_M from package 00017417.upk
Loading Texture2D baydo_d from package 00017417.upk
Loading Texture2D baydo_s from package 00017417.upk
Loading TextureCube Cube_E from package 00002640.upk
Loading Texture2D check from package 00002620.upk
Loading Material3 Body from package 00002620.upk
Loading Texture2D LynM_007_col1_D from package 00009829.upk
Loading Texture2D LynM_007_col1_N from package 00009829.upk
Loading Material3 Beard_Ac from package 00002620.upk
Loading package: 00008613.upk Ver: 573/1 Engine: 4205 Names: 95 Exports: 6 Imports: 12 Game: 801A
Loading Texture2D CubemapFace0 from package 00002640.upk
Loading Texture2D CubemapFace1 from package 00002640.upk
Loading Texture2D CubemapFace2 from package 00002640.upk
Loading Texture2D CubemapFace3 from package 00002640.upk
Loading Texture2D CubemapFace4 from package 00002640.upk
Loading Texture2D CubemapFace5 from package 00002640.upk
Loading Texture2D check_n from package 00002620.upk
Loading Texture2D Gradient_Line_003 from package 00012963.upk
Loading Texture2D Gradient_Wipe_BurnOut_Mask_TEST from package 00012963.upk
Loading Texture2D Gradient_Wipe_BurnOut_Mask from package 00012963.upk
Loading Texture2D CubemapFace0 from package 00002640.upk
Loading Texture2D CubemapFace1 from package 00002640.upk
Loading Texture2D CubemapFace2 from package 00002640.upk
Loading Texture2D CubemapFace3 from package 00002640.upk
Loading Texture2D CubemapFace4 from package 00002640.upk
Loading Texture2D CubemapFace5 from package 00002640.upk
Loading Texture2D Noise_Glass_000 from package 00012963.upk
Loading Texture2D Nothing_A from package 00008613.upk
Loaded in 0.35 sec, 3983 allocs, 7.15 MBytes serialized in 1114147 calls.

Object info:
============
ClassName: SkeletalMesh3 ObjectName: RuneMechaCGiant

    LODInfo[1] =
    {
        LODInfo[0] =
        {
            DisplayFactor = 0
            LODHysteresis = 0.02
            LODMaterialMap[0] = {}
            bEnableShadowCasting[4] = { true, true, true, true }
        }
    }
    Sockets[11] =
    {
        Sockets[0] = SkeletalMeshSocket'RuneMechaCGiant.SkeletalMeshSocket_55'
        Sockets[1] = SkeletalMeshSocket'RuneMechaCGiant.SkeletalMeshSocket_56'
        Sockets[2] = SkeletalMeshSocket'RuneMechaCGiant.SkeletalMeshSocket_57'
        Sockets[3] = SkeletalMeshSocket'RuneMechaCGiant.SkeletalMeshSocket_58'
        Sockets[4] = SkeletalMeshSocket'RuneMechaCGiant.SkeletalMeshSocket_59'
        Sockets[5] = SkeletalMeshSocket'RuneMechaCGiant.SkeletalMeshSocket_60'
        Sockets[6] = SkeletalMeshSocket'RuneMechaCGiant.SkeletalMeshSocket_61'
        Sockets[7] = SkeletalMeshSocket'RuneMechaCGiant.SkeletalMeshSocket_62'
        Sockets[8] = SkeletalMeshSocket'RuneMechaCGiant.SkeletalMeshSocket_424'
        Sockets[9] = SkeletalMeshSocket'RuneMechaCGiant.SkeletalMeshSocket_115'
        Sockets[10] = SkeletalMeshSocket'RuneMechaCGiant.SkeletalMeshSocket_116'
    }
    bHasVertexColors = false
    EnableTwistBoneFixers = true
    EnableClavicleFixer = true
    Materials[3] =
    {
        Materials[0] = MaterialInstanceConstant'col1'
        Materials[1] = MaterialInstanceConstant'col1_baydo'
        Materials[2] = MaterialInstanceConstant'col1_baydo_hair'
    }


    Lods[1] =
    {
        Lods[0] =
        {
            Sections[4] =
            {
                Sections[0] = { Material=MaterialInstanceConstant'col1', FirstIndex=0, NumFaces=15862 }
                Sections[1] = { Material=MaterialInstanceConstant'col1', FirstIndex=47586, NumFaces=4536 }
                Sections[2] = { Material=MaterialInstanceConstant'col1_baydo', FirstIndex=61194, NumFaces=7801 }
                Sections[3] =
                {
                    Material = MaterialInstanceConstant'col1_baydo_hair'
                    FirstIndex = 84597
                    NumFaces = 929
                }
            }
            NumVerts = 29381
            IndexCount = 87384
            NumTexCoords = 1
        }
    }
    LodCount = 1
    MeshOrigin = { X=-0, Y=-0, Z=-0 }
    MeshScale = { X=1, Y=1, Z=1 }
    RotOrigin = { Yaw=0, Pitch=0, Roll=0 }
    BoneCount = 236

Object info:
============
ClassName: SkeletalMeshSocket ObjectName: SkeletalMeshSocket_115

    SocketName = Volume_Light_01
    BoneName = Bip01Spine_Rotate_Bone01
    RelativeLocation = { X=16.6151, Y=0, Z=0 }
    RelativeRotation = { Yaw=0, Pitch=0, Roll=0 }
    RelativeScale = { X=1, Y=1, Z=1 }

Object info:
============
ClassName: SkeletalMeshSocket ObjectName: SkeletalMeshSocket_116

    SocketName = Volume_head
    BoneName = Bip01ArmControl
    RelativeLocation = { X=33.518, Y=-38.7944, Z=0.498303 }
    RelativeRotation = { Yaw=0, Pitch=0, Roll=0 }
    RelativeScale = { X=1, Y=1, Z=1 }

Object info:
============
ClassName: SkeletalMeshSocket ObjectName: SkeletalMeshSocket_424

    SocketName = ATTACH_EFFECT
    BoneName = Bip01
    RelativeLocation = { X=0, Y=0, Z=0 }
    RelativeRotation = { Yaw=0, Pitch=0, Roll=0 }
    RelativeScale = { X=1, Y=1, Z=1 }

Object info:
============
ClassName: SkeletalMeshSocket ObjectName: SkeletalMeshSocket_55

    SocketName = target_high
    BoneName = Bip01Head
    RelativeLocation = { X=55.1075, Y=-25.2074, Z=0 }
    RelativeRotation = { Yaw=0, Pitch=0, Roll=0 }
    RelativeScale = { X=1, Y=1, Z=1 }

Object info:
============
ClassName: SkeletalMeshSocket ObjectName: SkeletalMeshSocket_56

    SocketName = socket_force
    BoneName = Root
    RelativeLocation = { X=106, Y=65, Z=21.75 }
    RelativeRotation = { Yaw=0, Pitch=0, Roll=0 }
    RelativeScale = { X=1, Y=1, Z=1 }

Object info:
============
ClassName: SkeletalMeshSocket ObjectName: SkeletalMeshSocket_57

    SocketName = Mount_Socket
    BoneName = Bip01Spine1
    RelativeLocation = { X=-77.0875, Y=-11.6727, Z=2.55453 }
    RelativeRotation = { Yaw=0, Pitch=0, Roll=-17356 }
    RelativeScale = { X=1, Y=1, Z=1 }

Object info:
============
ClassName: SkeletalMeshSocket ObjectName: SkeletalMeshSocket_58

    SocketName = Catch_Neck
    BoneName = Bip01Head
    RelativeLocation = { X=37.7943, Y=-9.21564, Z=0 }
    RelativeRotation = { Yaw=0, Pitch=0, Roll=0 }
    RelativeScale = { X=1, Y=1, Z=1 }

Object info:
============
ClassName: SkeletalMeshSocket ObjectName: SkeletalMeshSocket_59

    SocketName = Catch_Back
    BoneName = Bip01Spine1
    RelativeLocation = { X=-11.6788, Y=50.6952, Z=0 }
    RelativeRotation = { Yaw=0, Pitch=0, Roll=0 }
    RelativeScale = { X=1, Y=1, Z=1 }

Object info:
============
ClassName: SkeletalMeshSocket ObjectName: SkeletalMeshSocket_60

    SocketName = Mount_Ambar_Socket
    BoneName = armL
    RelativeLocation = { X=28.643, Y=27.0674, Z=-4.88579 }
    RelativeRotation = { Yaw=-26064, Pitch=-4291, Roll=17385 }
    RelativeScale = { X=1, Y=1, Z=1 }

Object info:
============
ClassName: SkeletalMeshSocket ObjectName: SkeletalMeshSocket_61

    SocketName = Mount_Choke_Socket
    BoneName = Root
    RelativeLocation = { X=-13.6421, Y=-12.5588, Z=70 }
    RelativeRotation = { Yaw=-31785, Pitch=0, Roll=0 }
    RelativeScale = { X=1, Y=1, Z=1 }

Object info:
============
ClassName: SkeletalMeshSocket ObjectName: SkeletalMeshSocket_62

    SocketName = Decap_Socket
    BoneName = Bip01Head
    RelativeLocation = { X=13.8114, Y=48.0104, Z=0 }
    RelativeRotation = { Yaw=0, Pitch=0, Roll=0 }
    RelativeScale = { X=1, Y=1, Z=1 }
