Found 21310 game files (132 skipped)
Loading package: 00013588.upk Ver: 573/1 Engine: 4205 Names: 31 Exports: 3 Imports: 2 Game: 801A
Loading Texture2D mustache_D from package 00013588.upk
Loading Texture2D mustache_N from package 00013588.upk
Loading Texture2D mustache_S from package 00013588.upk
Loaded in 0.022 sec, 130 allocs, 0.08 MBytes serialized in 732 calls.

Object info:
============
ClassName: Texture2D ObjectName: mustache_D

    SizeX = 256
    SizeY = 256
    Format = PF_DXT5 (7)
    AddressX = TA_Wrap (0)
    AddressY = TA_Wrap (0)
    TextureFileCacheName = None
    MipTailBaseIdx = 8
    bForcePVRTC4 = false
    UnpackMin[4] = { 0, 0, 0, 0 }
    UnpackMax[4] = { 1, 1, 1, 1 }

Object info:
============
ClassName: Texture2D ObjectName: mustache_N

    SizeX = 256
    SizeY = 256
    Format = PF_DXT1 (5)
    AddressX = TA_Wrap (0)
    AddressY = TA_Wrap (0)
    TextureFileCacheName = None
    MipTailBaseIdx = 8
    bForcePVRTC4 = false
    UnpackMin[4] = { -1, -1, -1, 0 }
    UnpackMax[4] = { 1, 1, 1, 1 }

Object info:
============
ClassName: Texture2D ObjectName: mustache_S

    SizeX = 256
    SizeY = 256
    Format = PF_DXT1 (5)
    AddressX = TA_Wrap (0)
    AddressY = TA_Wrap (0)
    TextureFileCacheName = None
    MipTailBaseIdx = 8
    bForcePVRTC4 = false
    UnpackMin[4] = { 0, 0, 0, 0 }
    UnpackMax[4] = { 1, 1, 1, 1 }
