Found 18875 game files (36 skipped)
Loading package: 00013679.upk Ver: 573/1 Engine: 4205 Names: 176 Exports: 215 Imports: 21 Game: 801A
Loading SkeletalMesh3 WolfB from package 00013679.upk
WARNING: ObjectProperty "USkeletalMesh3::PlaySoundSet" was not found
WARNING: ObjectProperty "USkeletalMesh3::PlayParticleSet" was not found
WARNING: FloatProperty "USkeletalMesh3::AnimNameHeight" was not found
WARNING: FloatProperty "USkeletalMesh3::NormalNameHeight" was not found
WARNING: FloatProperty "USkeletalMesh3::LowNameHeight" was not found
Loading package: 00013678.upk Ver: 573/1 Engine: 4205 Names: 166 Exports: 141 Imports: 44 Game: 801A
Loading SkeletalMeshSocket SkeletalMeshSocket_112 from package 00013679.upk
Loading SkeletalMeshSocket SkeletalMeshSocket_113 from package 00013679.upk
Loading SkeletalMeshSocket SkeletalMeshSocket_114 from package 00013679.upk
WARNING: BoolProperty "USkeletalMeshSocket::bParticleAttachPosOnly" was not found
Loading SkeletalMeshSocket SkeletalMeshSocket_115 from package 00013679.upk
Loading SkeletalMeshSocket SkeletalMeshSocket_116 from package 00013679.upk
Loading SkeletalMeshSocket SkeletalMeshSocket_117 from package 00013679.upk
Loading SkeletalMeshSocket SkeletalMeshSocket_118 from package 00013679.upk
Loading SkeletalMeshSocket SkeletalMeshSocket_121 from package 00013679.upk
Loading SkeletalMeshSocket SkeletalMeshSocket_124 from package 00013679.upk
Loading SkeletalMeshSocket SkeletalMeshSocket_125 from package 00013679.upk
Loading MaterialInstanceConstant col1 from package 00013678.upk
Loading package: 00013677.upk Ver: 573/1 Engine: 4205 Names: 46 Exports: 16 Imports: 2 Game: 801A
Loading package: 00002640.upk Ver: 573/1 Engine: 4205 Names: 340 Exports: 556 Imports: 5 Game: 801A
Loading Texture2D Monster_Beast_WolfB_col1_N from package 00013677.upk
Loading Texture2D Monster_Beast_WolfB_col1_M from package 00013677.upk
Loading Texture2D Monster_Beast_WolfB_col1_D from package 00013677.upk
Loading Texture2D Monster_Beast_WolfB_col1_s from package 00013677.upk
Loading TextureCube Cube_D from package 00002640.upk
Loading Texture2D Monster_Beast_WolfB_col1_E from package 00013677.upk
WARNING: ByteProperty "UTexture2D::ManualLoadSwitchSettings" was not found
Loading Material3 Basic_wolfb from package 00013678.upk
Loading package: 00002620.upk Ver: 573/1 Engine: 4205 Names: 560 Exports: 6612 Imports: 96 Game: 801A
Loading package: 00012963.upk Ver: 573/1 Engine: 4205 Names: 1219 Exports: 1194 Imports: 10 Game: 801A
Loading Texture2D CubemapFace0 from package 00002640.upk
Loading Texture2D CubemapFace1 from package 00002640.upk
Loading Texture2D CubemapFace2 from package 00002640.upk
Loading Texture2D CubemapFace3 from package 00002640.upk
Loading Texture2D CubemapFace4 from package 00002640.upk
Loading Texture2D CubemapFace5 from package 00002640.upk
Loading Texture2D check_n from package 00002620.upk
Loading Texture2D check from package 00002620.upk
Loading Texture2D Smoke_Pattern_001 from package 00012963.upk
Loading Texture2D Gradient_Line_003 from package 00012963.upk
Loading Texture2D Gradient_Wipe_BurnOut_Mask_TEST from package 00012963.upk
Loading Texture2D Gradient_Wipe_BurnOut_Mask from package 00012963.upk
Loaded in 0.11 sec, 3042 allocs, 1.64 MBytes serialized in 294567 calls.

Object info:
============
ClassName: SkeletalMesh3 ObjectName: WolfB

    LODInfo[1] =
    {
        LODInfo[0] =
        {
            DisplayFactor = 0
            LODHysteresis = 0.02
            LODMaterialMap[0] = {}
            bEnableShadowCasting[1] = { true }
        }
    }
    Sockets[10] =
    {
        Sockets[0] = SkeletalMeshSocket'WolfB.SkeletalMeshSocket_112'
        Sockets[1] = SkeletalMeshSocket'WolfB.SkeletalMeshSocket_113'
        Sockets[2] = SkeletalMeshSocket'WolfB.SkeletalMeshSocket_114'
        Sockets[3] = SkeletalMeshSocket'WolfB.SkeletalMeshSocket_115'
        Sockets[4] = SkeletalMeshSocket'WolfB.SkeletalMeshSocket_116'
        Sockets[5] = SkeletalMeshSocket'WolfB.SkeletalMeshSocket_117'
        Sockets[6] = SkeletalMeshSocket'WolfB.SkeletalMeshSocket_118'
        Sockets[7] = SkeletalMeshSocket'WolfB.SkeletalMeshSocket_121'
        Sockets[8] = SkeletalMeshSocket'WolfB.SkeletalMeshSocket_124'
        Sockets[9] = SkeletalMeshSocket'WolfB.SkeletalMeshSocket_125'
    }
    bHasVertexColors = false
    EnableTwistBoneFixers = true
    EnableClavicleFixer = true
    Materials[1] = { MaterialInstanceConstant'col1' }


    Lods[1] =
    {
        Lods[0] =
        {
            Sections[1] =
            {
                Sections[0] = { Material=MaterialInstanceConstant'col1', FirstIndex=0, NumFaces=4591 }
            }
            NumVerts = 3316
            IndexCount = 13773
            NumTexCoords = 1
        }
    }
    LodCount = 1
    MeshOrigin = { X=-0, Y=-0, Z=-0 }
    MeshScale = { X=1, Y=1, Z=1 }
    RotOrigin = { Yaw=0, Pitch=0, Roll=0 }
    BoneCount = 58

Object info:
============
ClassName: SkeletalMeshSocket ObjectName: SkeletalMeshSocket_112

    SocketName = target_high
    BoneName = Bip01Head
    RelativeLocation = { X=0, Y=0, Z=0 }
    RelativeRotation = { Yaw=0, Pitch=0, Roll=0 }
    RelativeScale = { X=1, Y=1, Z=1 }

Object info:
============
ClassName: SkeletalMeshSocket ObjectName: SkeletalMeshSocket_113

    SocketName = socket_force
    BoneName = Root
    RelativeLocation = { X=-10, Y=40, Z=0 }
    RelativeRotation = { Yaw=0, Pitch=0, Roll=0 }
    RelativeScale = { X=1, Y=1, Z=1 }

Object info:
============
ClassName: SkeletalMeshSocket ObjectName: SkeletalMeshSocket_114

    SocketName = ATTACH_EFFECT
    BoneName = Bip01
    RelativeLocation = { X=10.8913, Y=0, Z=0 }
    RelativeRotation = { Yaw=0, Pitch=0, Roll=0 }
    RelativeScale = { X=1, Y=1, Z=1 }

Object info:
============
ClassName: SkeletalMeshSocket ObjectName: SkeletalMeshSocket_115

    SocketName = Mount_Socket
    BoneName = Root
    RelativeLocation = { X=-10.9977, Y=7.95384e-016, Z=6.25 }
    RelativeRotation = { Yaw=32768, Pitch=0, Roll=0 }
    RelativeScale = { X=1, Y=1, Z=1 }

Object info:
============
ClassName: SkeletalMeshSocket ObjectName: SkeletalMeshSocket_116

    SocketName = Catch_Neck
    BoneName = Bip01Neck
    RelativeLocation = { X=0, Y=0, Z=0 }
    RelativeRotation = { Yaw=0, Pitch=0, Roll=0 }
    RelativeScale = { X=1, Y=1, Z=1 }

Object info:
============
ClassName: SkeletalMeshSocket ObjectName: SkeletalMeshSocket_117

    SocketName = socket_neck
    BoneName = Bip01Neck1
    RelativeLocation = { X=0, Y=0, Z=0 }
    RelativeRotation = { Yaw=0, Pitch=0, Roll=0 }
    RelativeScale = { X=1, Y=1, Z=1 }

Object info:
============
ClassName: SkeletalMeshSocket ObjectName: SkeletalMeshSocket_118

    SocketName = Decap_Socket
    BoneName = Bip01Neck
    RelativeLocation = { X=5.8505, Y=0, Z=0 }
    RelativeRotation = { Yaw=0, Pitch=0, Roll=0 }
    RelativeScale = { X=1, Y=1, Z=1 }

Object info:
============
ClassName: SkeletalMeshSocket ObjectName: SkeletalMeshSocket_121

    SocketName = Catch_Back
    BoneName = Bip01Spine2
    RelativeLocation = { X=-9.34763, Y=-5.78542, Z=-5.24565 }
    RelativeRotation = { Yaw=0, Pitch=0, Roll=0 }
    RelativeScale = { X=1, Y=1, Z=1 }

Object info:
============
ClassName: SkeletalMeshSocket ObjectName: SkeletalMeshSocket_124

    SocketName = Mount_Choke_Socket
    BoneName = Root
    RelativeLocation = { X=0.854149, Y=-1.046e-016, Z=0 }
    RelativeRotation = { Yaw=32768, Pitch=0, Roll=0 }
    RelativeScale = { X=1, Y=1, Z=1 }

Object info:
============
ClassName: SkeletalMeshSocket ObjectName: SkeletalMeshSocket_125

    SocketName = Mount_Ambar_Socket
    BoneName = Bip01LClavicle
    RelativeLocation = { X=14.6294, Y=0, Z=-17.4407 }
    RelativeRotation = { Yaw=0, Pitch=23665, Roll=-23665 }
    RelativeScale = { X=1, Y=1, Z=1 }
