Found 21975 game files (132 skipped)
Loading package: 00017452.upk Ver: 573/1 Engine: 4205 Names: 94 Exports: 51 Imports: 12 Game: 801A
Loading SkeletalMesh3 990067_DokkebiGonNamed from package 00017452.upk
Loading package: 00017451.upk Ver: 573/1 Engine: 4205 Names: 178 Exports: 225 Imports: 49 Game: 801A
Loading MaterialInstanceConstant col1 from package 00017451.upk
Loading package: 00017454.upk Ver: 573/1 Engine: 4205 Names: 48 Exports: 19 Imports: 4 Game: 801A
Loading package: 00002640.upk Ver: 573/1 Engine: 4205 Names: 340 Exports: 556 Imports: 5 Game: 801A
Loading package: 00002620.upk Ver: 573/1 Engine: 4205 Names: 560 Exports: 6612 Imports: 96 Game: 801A
Loading package: 00012963.upk Ver: 573/1 Engine: 4205 Names: 1236 Exports: 1211 Imports: 10 Game: 801A
Loading Texture2D Acc_990067_DokkebiGon_N from package 00017454.upk
Loading Texture2D Acc_990067_DokkebiGon_M from package 00017454.upk
Loading Texture2D Acc_990067_DokkebiGon_D from package 00017454.upk
Loading Texture2D Acc_990067_DokkebiGon_S from package 00017454.upk
Loading TextureCube cube_cst from package 00002640.upk
Loading Texture2D Acc_990067_DokkebiGon_E from package 00017454.upk
Loading Texture2D check from package 00002620.upk
Loading Texture2D Smoke_Pattern_001 from package 00012963.upk
Loading Material3 Gon_FX from package 00017451.upk
Loading Texture2D CubemapFace0 from package 00002640.upk
Loading Texture2D CubemapFace1 from package 00002640.upk
Loading Texture2D CubemapFace2 from package 00002640.upk
Loading Texture2D CubemapFace3 from package 00002640.upk
Loading Texture2D CubemapFace4 from package 00002640.upk
Loading Texture2D CubemapFace5 from package 00002640.upk
Loading Texture2D check_n from package 00002620.upk
Loading Texture2D Gradient_Line_003 from package 00012963.upk
Loading Texture2D Noise_Glass_000 from package 00012963.upk
Loading Texture2D Gradient_Wipe_BurnOut_Mask_TEST from package 00012963.upk
Loading Texture2D Gradient_Wipe_BurnOut_Mask from package 00012963.upk
Loaded in 0.13 sec, 3026 allocs, 1.34 MBytes serialized in 245423 calls.

Object info:
============
ClassName: SkeletalMesh3 ObjectName: 990067_DokkebiGonNamed

    LODInfo[1] =
    {
        LODInfo[0] =
        {
            DisplayFactor = 0
            LODHysteresis = 0.02
            LODMaterialMap[0] = {}
            bEnableShadowCasting[1] = { true }
        }
    }
    Sockets[0] = {}
    bHasVertexColors = false
    EnableTwistBoneFixers = true
    EnableClavicleFixer = true
    Materials[1] = { MaterialInstanceConstant'col1' }


    Lods[1] =
    {
        Lods[0] =
        {
            Sections[1] =
            {
                Sections[0] = { Material=MaterialInstanceConstant'col1', FirstIndex=0, NumFaces=2872 }
            }
            NumVerts = 2165
            IndexCount = 8616
            NumTexCoords = 1
        }
    }
    LodCount = 1
    MeshOrigin = { X=-0, Y=-0, Z=-0 }
    MeshScale = { X=1, Y=1, Z=1 }
    RotOrigin = { Yaw=0, Pitch=0, Roll=0 }
    BoneCount = 15
