Found 16187 game files (144 skipped)
Loading package: 00012332.upk Ver: 573/1 Engine: 4205 Names: 84 Exports: 1 Imports: 19 Game: 801A
Loading MaterialInstanceConstant body_inst from package 00012332.upk
Loading package: 00012331.upk Ver: 573/1 Engine: 4205 Names: 33 Exports: 5 Imports: 2 Game: 801A
Loading package: 00002640.upk Ver: 573/1 Engine: 4205 Names: 340 Exports: 556 Imports: 5 Game: 801A
Loading package: 00002620.upk Ver: 573/1 Engine: 4205 Names: 500 Exports: 5733 Imports: 89 Game: 801A
Loading Texture2D Monster_Human_ZombieB_N from package 00012331.upk
Loading Texture2D Monster_Human_ZombieB_M from package 00012331.upk
Loading Texture2D Monster_Human_ZombieB_D from package 00012331.upk
Loading Texture2D Monster_Human_ZombieB_S from package 00012331.upk
Loading Texture2D lenscube_NegY from package 00002640.upk
Loading Texture2D Monster_Human_ZombieB_E from package 00012331.upk
Loading Material3 Basic from package 00002620.upk
Loading package: 00012963.upk Ver: 573/1 Engine: 4205 Names: 1199 Exports: 1162 Imports: 10 Game: 801A
Loading Texture2D check_n from package 00002620.upk
Loading Texture2D check from package 00002620.upk
Loading Texture2D Smoke_Pattern_001 from package 00012963.upk
Loading Texture2D Gradient_Line_003 from package 00012963.upk
Loading Texture2D Gradient_Wipe_BurnOut_Mask_TEST from package 00012963.upk
Loading Texture2D Gradient_Wipe_BurnOut_Mask from package 00012963.upk
Loaded in 0.074 sec, 2526 allocs, 1.17 MBytes serialized in 144349 calls.

Object info:
============
ClassName: MaterialInstanceConstant ObjectName: body_inst

    ScalarParameterValues[9] =
    {
        ScalarParameterValues[0] = { ParameterName=Transmission_value, ParameterValue=65 }
        ScalarParameterValues[1] = { ParameterName=Glossiness1, ParameterValue=50 }
        ScalarParameterValues[2] = { ParameterName=Glossiness2, ParameterValue=30 }
        ScalarParameterValues[3] = { ParameterName=Specular_value, ParameterValue=8 }
        ScalarParameterValues[4] = { ParameterName=HighLight_Value, ParameterValue=0.5 }
        ScalarParameterValues[5] = { ParameterName=Emissive_value, ParameterValue=20 }
        ScalarParameterValues[6] = { ParameterName=Emissive_value2, ParameterValue=5 }
        ScalarParameterValues[7] = { ParameterName=Fresnel Value, ParameterValue=10 }
        ScalarParameterValues[8] = { ParameterName=Fresnel exponent, ParameterValue=10 }
    }
    TextureParameterValues[6] =
    {
        TextureParameterValues[0] = { ParameterName=Normal, ParameterValue=Texture2D'Monster_Human_ZombieB_N' }
        TextureParameterValues[1] = { ParameterName=Mask_GB, ParameterValue=Texture2D'Monster_Human_ZombieB_M' }
        TextureParameterValues[2] = { ParameterName=Diffuse, ParameterValue=Texture2D'Monster_Human_ZombieB_D' }
        TextureParameterValues[3] = { ParameterName=Specular, ParameterValue=Texture2D'Monster_Human_ZombieB_S' }
        TextureParameterValues[4] = { ParameterName=rf_cube, ParameterValue=Texture2D'lenscube_NegY' }
        TextureParameterValues[5] = { ParameterName=Emissive, ParameterValue=Texture2D'Monster_Human_ZombieB_E' }
    }
    VectorParameterValues[0] = {}
    Parent = Material3'Basic'
    FlattenedTexture = None
    MobileBaseTexture = None
    MobileNormalTexture = None
    bUseMobileSpecular = false
    MobileSpecularPower = 16
    MobileSpecularMask = MSM_Constant (0)
    MobileMaskTexture = None
