Found 16186 game files (0 skipped)
Loading package: 00019152.upk Ver: 573/1 Engine: 4205 Names: 136 Exports: 98 Imports: 13 Game: 801A
Loading SkeletalMesh3 CannonFighterBandit from package 00019152.upk
WARNING: FloatProperty "USkeletalMesh3::AnimNameHeight" was not found
WARNING: FloatProperty "USkeletalMesh3::NormalNameHeight" was not found
WARNING: FloatProperty "USkeletalMesh3::LowNameHeight" was not found
Loading package: 00019151.upk Ver: 573/1 Engine: 4205 Names: 92 Exports: 1 Imports: 20 Game: 801A
Loading SkeletalMeshSocket SkeletalMeshSocket_56 from package 00019152.upk
Loading SkeletalMeshSocket SkeletalMeshSocket_57 from package 00019152.upk
Loading SkeletalMeshSocket SkeletalMeshSocket_58 from package 00019152.upk
Loading SkeletalMeshSocket SkeletalMeshSocket_59 from package 00019152.upk
Loading SkeletalMeshSocket SkeletalMeshSocket_60 from package 00019152.upk
Loading SkeletalMeshSocket SkeletalMeshSocket_61 from package 00019152.upk
Loading SkeletalMeshSocket SkeletalMeshSocket_62 from package 00019152.upk
Loading SkeletalMeshSocket SkeletalMeshSocket_63 from package 00019152.upk
Loading MaterialInstanceConstant col1 from package 00019151.upk
Loading package: 00019150.upk Ver: 573/1 Engine: 4205 Names: 32 Exports: 4 Imports: 2 Game: 801A
Loading package: 00002640.upk Ver: 573/1 Engine: 4205 Names: 340 Exports: 556 Imports: 5 Game: 801A
Loading package: 00002620.upk Ver: 573/1 Engine: 4205 Names: 500 Exports: 5733 Imports: 89 Game: 801A
Loading Texture2D Monster_Human_CannonFighterBandit_col1_N from package 00019150.upk
Loading Texture2D Monster_Human_CannonFighterBandit_col1_M from package 00019150.upk
Loading Texture2D Monster_Human_CannonFighterBandit_col1_D from package 00019150.upk
Loading Texture2D Monster_Human_CannonFighterBandit_col1_S from package 00019150.upk
Loading TextureCube MatelR5 from package 00002640.upk
Loading Texture2D check from package 00002620.upk
Loading Material3 Body from package 00002620.upk
Loading package: 00012963.upk Ver: 573/1 Engine: 4205 Names: 1199 Exports: 1162 Imports: 10 Game: 801A
Loading Texture2D CubemapFace0 from package 00002640.upk
Loading Texture2D CubemapFace1 from package 00002640.upk
Loading Texture2D CubemapFace2 from package 00002640.upk
Loading Texture2D CubemapFace3 from package 00002640.upk
Loading Texture2D CubemapFace4 from package 00002640.upk
Loading Texture2D CubemapFace5 from package 00002640.upk
Loading Texture2D check_n from package 00002620.upk
Loading Texture2D Noise_Glass_000 from package 00012963.upk
Loading Texture2D Smoke_Pattern_001 from package 00012963.upk
Loading Texture2D Gradient_Wipe_BurnOut_Mask_TEST from package 00012963.upk
Loading Texture2D Gradient_Wipe_BurnOut_Mask from package 00012963.upk
Loading Texture2D Gradient_Line_003 from package 00012963.upk
Loaded in 0.12 sec, 2829 allocs, 1.61 MBytes serialized in 295440 calls.

Object info:
============
ClassName: SkeletalMesh3 ObjectName: CannonFighterBandit

    LODInfo[1] =
    {
        LODInfo[0] =
        {
            DisplayFactor = 0
            LODHysteresis = 0.02
            LODMaterialMap[0] = {}
            bEnableShadowCasting[1] = { true }
        }
    }
    Sockets[8] =
    {
        Sockets[0] = SkeletalMeshSocket'CannonFighterBandit.SkeletalMeshSocket_56'
        Sockets[1] = SkeletalMeshSocket'CannonFighterBandit.SkeletalMeshSocket_57'
        Sockets[2] = SkeletalMeshSocket'CannonFighterBandit.SkeletalMeshSocket_58'
        Sockets[3] = SkeletalMeshSocket'CannonFighterBandit.SkeletalMeshSocket_59'
        Sockets[4] = SkeletalMeshSocket'CannonFighterBandit.SkeletalMeshSocket_60'
        Sockets[5] = SkeletalMeshSocket'CannonFighterBandit.SkeletalMeshSocket_61'
        Sockets[6] = SkeletalMeshSocket'CannonFighterBandit.SkeletalMeshSocket_62'
        Sockets[7] = SkeletalMeshSocket'CannonFighterBandit.SkeletalMeshSocket_63'
    }
    bHasVertexColors = false
    EnableTwistBoneFixers = true
    EnableClavicleFixer = true
    Materials[1] = { MaterialInstanceConstant'col1' }


    Lods[1] =
    {
        Lods[0] =
        {
            Sections[1] =
            {
                Sections[0] = { Material=MaterialInstanceConstant'col1', FirstIndex=0, NumFaces=5571 }
            }
            NumVerts = 4257
            IndexCount = 16713
            NumTexCoords = 1
        }
    }
    LodCount = 1
    MeshOrigin = { X=-0, Y=-0, Z=-0 }
    MeshScale = { X=1, Y=1, Z=1 }
    RotOrigin = { Yaw=0, Pitch=0, Roll=0 }
    BoneCount = 37

Object info:
============
ClassName: SkeletalMeshSocket ObjectName: SkeletalMeshSocket_56

    SocketName = target_high
    BoneName = Bip01Head
    RelativeLocation = { X=0, Y=0, Z=0 }
    RelativeRotation = { Yaw=0, Pitch=0, Roll=0 }
    RelativeScale = { X=1, Y=1, Z=1 }

Object info:
============
ClassName: SkeletalMeshSocket ObjectName: SkeletalMeshSocket_57

    SocketName = socket_force
    BoneName = Root
    RelativeLocation = { X=44, Y=30, Z=30 }
    RelativeRotation = { Yaw=0, Pitch=0, Roll=0 }
    RelativeScale = { X=1, Y=1, Z=1 }

Object info:
============
ClassName: SkeletalMeshSocket ObjectName: SkeletalMeshSocket_58

    SocketName = Catch_Neck
    BoneName = Bip01Neck
    RelativeLocation = { X=0, Y=-4.23489, Z=0 }
    RelativeRotation = { Yaw=0, Pitch=0, Roll=0 }
    RelativeScale = { X=1, Y=1, Z=1 }

Object info:
============
ClassName: SkeletalMeshSocket ObjectName: SkeletalMeshSocket_59

    SocketName = Mount_Ambar_Socket
    BoneName = Bip01LClavicle
    RelativeLocation = { X=-11.1546, Y=-0.933654, Z=-11.1637 }
    RelativeRotation = { Yaw=-285, Pitch=9970, Roll=22850 }
    RelativeScale = { X=1, Y=1, Z=1 }

Object info:
============
ClassName: SkeletalMeshSocket ObjectName: SkeletalMeshSocket_60

    SocketName = Mount_Choke_Socket
    BoneName = Root
    RelativeLocation = { X=21.5242, Y=-6.32381, Z=0 }
    RelativeRotation = { Yaw=32768, Pitch=0, Roll=0 }
    RelativeScale = { X=1, Y=1, Z=1 }

Object info:
============
ClassName: SkeletalMeshSocket ObjectName: SkeletalMeshSocket_61

    SocketName = Decap_Socket
    BoneName = Bip01Neck
    RelativeLocation = { X=2.96474, Y=0, Z=0 }
    RelativeRotation = { Yaw=0, Pitch=0, Roll=0 }
    RelativeScale = { X=1, Y=1, Z=1 }

Object info:
============
ClassName: SkeletalMeshSocket ObjectName: SkeletalMeshSocket_62

    SocketName = Mount_Socket
    BoneName = Root
    RelativeLocation = { X=0, Y=0, Z=0 }
    RelativeRotation = { Yaw=-32768, Pitch=0, Roll=0 }
    RelativeScale = { X=1, Y=1, Z=1 }

Object info:
============
ClassName: SkeletalMeshSocket ObjectName: SkeletalMeshSocket_63

    SocketName = ATTACH_EFFECT
    BoneName = Bip01
    RelativeLocation = { X=10, Y=0, Z=0 }
    RelativeRotation = { Yaw=0, Pitch=0, Roll=0 }
    RelativeScale = { X=1, Y=1, Z=1 }
