Found 27000 game files (27 skipped)
Loading package: 00016531.upk Ver: 573/1 Engine: 4205 Names: 164 Exports: 29 Imports: 14 Game: 801A
Loading SkeletalMesh3 040045_LynM from package 00016531.upk
Loading package: 00002795.upk Ver: 573/1 Engine: 4205 Names: 54 Exports: 2 Imports: 18 Game: 801A
Loading package: 00016000.upk Ver: 573/1 Engine: 4205 Names: 93 Exports: 2 Imports: 21 Game: 801A
Loading MaterialInstanceConstant col1 from package 00002795.upk
Loading package: 00002794.upk Ver: 573/1 Engine: 4205 Names: 33 Exports: 5 Imports: 4 Game: 801A
Loading package: 00002620.upk Ver: 573/1 Engine: 4205 Names: 560 Exports: 6612 Imports: 96 Game: 801A
Loading MaterialInstanceConstant col1_Hat from package 00016000.upk
Loading package: 00015999.upk Ver: 573/1 Engine: 4205 Names: 32 Exports: 4 Imports: 2 Game: 801A
Loading package: 00002640.upk Ver: 573/1 Engine: 4205 Names: 340 Exports: 556 Imports: 5 Game: 801A
Loading package: 00012963.upk Ver: 573/1 Engine: 4205 Names: 1264 Exports: 1240 Imports: 10 Game: 801A
Loading Texture2D GonM_003_col1_d from package 00002794.upk
Loading Texture2D GonM_003_col1_N from package 00002794.upk
Loading Material3 Beard_Ac from package 00002620.upk
Loading package: 00008613.upk Ver: 573/1 Engine: 4205 Names: 95 Exports: 6 Imports: 12 Game: 801A
Loading Texture2D Hat_65049_JinM_col2_N from package 00015999.upk
Loading Texture2D Hat_65049_JinM_col2_M from package 00015999.upk
Loading Texture2D Hat_65049_JinM_col2_D from package 00015999.upk
Loading Texture2D Hat_65049_JinM_col2_S from package 00015999.upk
Loading TextureCube lenscube_c from package 00002640.upk
Loading Texture2D check from package 00002620.upk
Loading Texture2D Smoke_Pattern_001 from package 00012963.upk
Loading Material3 Basic from package 00002620.upk
Loading Texture2D check_n from package 00002620.upk
Loading Texture2D Noise_Glass_000 from package 00012963.upk
Loading Texture2D Gradient_Wipe_BurnOut_Mask_TEST from package 00012963.upk
Loading Texture2D Gradient_Wipe_BurnOut_Mask from package 00012963.upk
Loading Texture2D Gradient_Line_003 from package 00012963.upk
Loading Texture2D Nothing_A from package 00008613.upk
Loading Texture2D CubemapFace0 from package 00002640.upk
Loading Texture2D CubemapFace1 from package 00002640.upk
Loading Texture2D CubemapFace2 from package 00002640.upk
Loading Texture2D CubemapFace3 from package 00002640.upk
Loading Texture2D CubemapFace4 from package 00002640.upk
Loading Texture2D CubemapFace5 from package 00002640.upk
Loaded in 0.11 sec, 3280 allocs, 1.44 MBytes serialized in 211684 calls.

Object info:
============
ClassName: SkeletalMesh3 ObjectName: 040045_LynM

    LODInfo[1] =
    {
        LODInfo[0] =
        {
            DisplayFactor = 0
            LODHysteresis = 0.02
            LODMaterialMap[0] = {}
            bEnableShadowCasting[2] = { true, true }
        }
    }
    Sockets[0] = {}
    bHasVertexColors = false
    EnableTwistBoneFixers = true
    EnableClavicleFixer = true
    Materials[2] = { MaterialInstanceConstant'col1', MaterialInstanceConstant'col1_Hat' }


    Lods[1] =
    {
        Lods[0] =
        {
            Sections[2] =
            {
                Sections[0] = { Material=MaterialInstanceConstant'col1_Hat', FirstIndex=0, NumFaces=678 }
                Sections[1] = { Material=MaterialInstanceConstant'col1', FirstIndex=2034, NumFaces=952 }
            }
            NumVerts = 1352
            IndexCount = 4890
            NumTexCoords = 1
        }
    }
    LodCount = 1
    MeshOrigin = { X=-0, Y=-0, Z=-0 }
    MeshScale = { X=1, Y=1, Z=1 }
    RotOrigin = { Yaw=0, Pitch=0, Roll=0 }
    BoneCount = 78
