Found 19856 game files (132 skipped)
Loading package: 00015824.upk Ver: 573/1 Engine: 4205 Names: 29 Exports: 2 Imports: 2 Game: 801A
Loading Texture2D KunN_022_col1_D from package 00015824.upk
Loading Texture2D KunN_022_col1_N from package 00015824.upk
WARNING: BoolProperty "UTexture2D::bDisableLoadSwitch" was not found
Loaded in 0.016 sec, 111 allocs, 0.42 MBytes serialized in 591 calls.

Object info:
============
ClassName: Texture2D ObjectName: KunN_022_col1_D

    SizeX = 512
    SizeY = 512
    Format = PF_DXT5 (7)
    AddressX = TA_Wrap (0)
    AddressY = TA_Wrap (0)
    TextureFileCacheName = None
    MipTailBaseIdx = 9
    bForcePVRTC4 = false
    UnpackMin[4] = { 0, 0, 0, 0 }
    UnpackMax[4] = { 1, 1, 1, 1 }

Object info:
============
ClassName: Texture2D ObjectName: KunN_022_col1_N

    SizeX = 512
    SizeY = 512
    Format = PF_DXT5 (7)
    AddressX = TA_Wrap (0)
    AddressY = TA_Wrap (0)
    TextureFileCacheName = None
    MipTailBaseIdx = 9
    bForcePVRTC4 = false
    UnpackMin[4] = { -1, -1, -1, 0 }
    UnpackMax[4] = { 1, 1, 1, 1 }
