Found 18875 game files (36 skipped)
Loading package: 00012143.upk Ver: 573/1 Engine: 4205 Names: 33 Exports: 5 Imports: 4 Game: 801A
Loading Texture2D 65020_JinF_col1_D from package 00012143.upk
Loading Texture2D 65020_JinF_col1_M from package 00012143.upk
Loading Texture2D 65020_JinF_col1_N from package 00012143.upk
Loading Texture2D 65020_JinF_col1_S from package 00012143.upk
Loaded in 0.031 sec, 179 allocs, 0.64 MBytes serialized in 1054 calls.

Object info:
============
ClassName: Texture2D ObjectName: 65020_JinF_col1_D

    SizeX = 1024
    SizeY = 512
    Format = PF_DXT5 (7)
    AddressX = TA_Wrap (0)
    AddressY = TA_Wrap (0)
    TextureFileCacheName = None
    MipTailBaseIdx = 10
    bForcePVRTC4 = false
    UnpackMin[4] = { 0, 0, 0, 0 }
    UnpackMax[4] = { 1, 1, 1, 1 }

Object info:
============
ClassName: Texture2D ObjectName: 65020_JinF_col1_M

    SizeX = 512
    SizeY = 256
    Format = PF_DXT5 (7)
    AddressX = TA_Wrap (0)
    AddressY = TA_Wrap (0)
    TextureFileCacheName = None
    MipTailBaseIdx = 9
    bForcePVRTC4 = false
    UnpackMin[4] = { 0, 0, 0, 0 }
    UnpackMax[4] = { 1, 1, 1, 1 }

Object info:
============
ClassName: Texture2D ObjectName: 65020_JinF_col1_N

    SizeX = 1024
    SizeY = 512
    Format = PF_DXT1 (5)
    AddressX = TA_Wrap (0)
    AddressY = TA_Wrap (0)
    TextureFileCacheName = None
    MipTailBaseIdx = 10
    bForcePVRTC4 = false
    UnpackMin[4] = { -1, -1, -1, 0 }
    UnpackMax[4] = { 1, 1, 1, 1 }

Object info:
============
ClassName: Texture2D ObjectName: 65020_JinF_col1_S

    SizeX = 1024
    SizeY = 512
    Format = PF_DXT5 (7)
    AddressX = TA_Wrap (0)
    AddressY = TA_Wrap (0)
    TextureFileCacheName = None
    MipTailBaseIdx = 10
    bForcePVRTC4 = false
    UnpackMin[4] = { 0, 0, 0, 0 }
    UnpackMax[4] = { 1, 1, 1, 1 }
