Found 18875 game files (36 skipped)
Loading package: 00012903.upk Ver: 573/1 Engine: 4205 Names: 61 Exports: 6 Imports: 10 Game: 801A
Loading SkeletalMesh3 040030_KunN from package 00012903.upk
Loading package: 00012902.upk Ver: 573/1 Engine: 4205 Names: 80 Exports: 1 Imports: 16 Game: 801A
Loading MaterialInstanceConstant col1 from package 00012902.upk
Loading package: 00012901.upk Ver: 573/1 Engine: 4205 Names: 32 Exports: 4 Imports: 2 Game: 801A
Loading package: 00002620.upk Ver: 573/1 Engine: 4205 Names: 560 Exports: 6612 Imports: 96 Game: 801A
Loading Texture2D Cloth_60002_Kun_H_N from package 00012901.upk
Loading Texture2D Cloth_60002_Kun_H_D from package 00012901.upk
Loading Texture2D Cloth_60002_Kun_H_S from package 00012901.upk
Loading Material3 Body from package 00002620.upk
Loading package: 00012963.upk Ver: 573/1 Engine: 4205 Names: 1219 Exports: 1194 Imports: 10 Game: 801A
Loading Texture2D check_n from package 00002620.upk
Loading Texture2D Noise_Glass_000 from package 00012963.upk
Loading Texture2D Smoke_Pattern_001 from package 00012963.upk
Loading Texture2D Gradient_Wipe_BurnOut_Mask_TEST from package 00012963.upk
Loading Texture2D Gradient_Wipe_BurnOut_Mask from package 00012963.upk
Loading Texture2D check from package 00002620.upk
Loading Texture2D Gradient_Line_003 from package 00012963.upk
Loaded in 0.065 sec, 2287 allocs, 0.90 MBytes serialized in 162034 calls.

Object info:
============
ClassName: SkeletalMesh3 ObjectName: 040030_KunN

    LODInfo[1] =
    {
        LODInfo[0] =
        {
            DisplayFactor = 0
            LODHysteresis = 0.02
            LODMaterialMap[0] = {}
            bEnableShadowCasting[1] = { true }
        }
    }
    Sockets[0] = {}
    bHasVertexColors = false
    EnableTwistBoneFixers = true
    EnableClavicleFixer = true
    Materials[1] = { MaterialInstanceConstant'col1' }


    Lods[1] =
    {
        Lods[0] =
        {
            Sections[1] =
            {
                Sections[0] = { Material=MaterialInstanceConstant'col1', FirstIndex=0, NumFaces=452 }
            }
            NumVerts = 385
            IndexCount = 1356
            NumTexCoords = 1
        }
    }
    LodCount = 1
    MeshOrigin = { X=-0, Y=-0, Z=-0 }
    MeshScale = { X=1, Y=1, Z=1 }
    RotOrigin = { Yaw=0, Pitch=0, Roll=0 }
    BoneCount = 9
