Found 19856 game files (132 skipped)
Loading package: 00012958.upk Ver: 573/1 Engine: 4205 Names: 33 Exports: 4 Imports: 4 Game: 801A
Loading Texture2D JinM_022_col1_d from package 00012958.upk
Loading Texture2D JinM_022_col1_n from package 00012958.upk
Loading Texture2D JinM_022_col1_n_a from package 00012958.upk
Loaded in 0.024 sec, 147 allocs, 0.54 MBytes serialized in 869 calls.

Object info:
============
ClassName: Texture2D ObjectName: JinM_022_col1_d

    SizeX = 512
    SizeY = 512
    Format = PF_DXT5 (7)
    AddressX = TA_Wrap (0)
    AddressY = TA_Wrap (0)
    TextureFileCacheName = None
    MipTailBaseIdx = 9
    bForcePVRTC4 = false
    UnpackMin[4] = { 0, 0, 0, 0 }
    UnpackMax[4] = { 1, 1, 1, 1 }

Object info:
============
ClassName: Texture2D ObjectName: JinM_022_col1_n

    SizeX = 512
    SizeY = 512
    Format = PF_DXT1 (5)
    AddressX = TA_Wrap (0)
    AddressY = TA_Wrap (0)
    TextureFileCacheName = None
    MipTailBaseIdx = 9
    bForcePVRTC4 = false
    UnpackMin[4] = { -1, -1, -1, 0 }
    UnpackMax[4] = { 1, 1, 1, 1 }

Object info:
============
ClassName: Texture2D ObjectName: JinM_022_col1_n_a

    SizeX = 512
    SizeY = 512
    Format = PF_DXT5 (7)
    AddressX = TA_Wrap (0)
    AddressY = TA_Wrap (0)
    TextureFileCacheName = None
    MipTailBaseIdx = 9
    bForcePVRTC4 = false
    UnpackMin[4] = { -1, -1, -1, 0 }
    UnpackMax[4] = { 1, 1, 1, 1 }
