Found 16187 game files (144 skipped)
Loading package: 00016052.upk Ver: 573/1 Engine: 4205 Names: 200 Exports: 193 Imports: 25 Game: 801A
Loading SkeletalMesh3 CrocodileSharkTribeBKingJeokKyo from package 00016052.upk
WARNING: FloatProperty "USkeletalMesh3::AutoScale" was not found
WARNING: ObjectProperty "USkeletalMesh3::PlaySoundSet" was not found
WARNING: ObjectProperty "USkeletalMesh3::PlayParticleSet" was not found
WARNING: FloatProperty "USkeletalMesh3::AddFootOffsetValue" was not found
WARNING: FloatProperty "USkeletalMesh3::AnimNameHeight" was not found
WARNING: FloatProperty "USkeletalMesh3::NormalNameHeight" was not found
WARNING: FloatProperty "USkeletalMesh3::LowNameHeight" was not found
WARNING: ByteProperty "USkeletalMesh3::CommonPhysicsUseFlag" was not found
Loading package: 00016051.upk Ver: 573/1 Engine: 4205 Names: 89 Exports: 1 Imports: 19 Game: 801A
Loading SkeletalMeshSocket SkeletalMeshSocket_55 from package 00016052.upk
WARNING: ObjectProperty "USkeletalMeshSocket::PreviewSkelMesh" was not found
Loading SkeletalMeshSocket SkeletalMeshSocket_56 from package 00016052.upk
Loading SkeletalMeshSocket SkeletalMeshSocket_57 from package 00016052.upk
Loading SkeletalMeshSocket SkeletalMeshSocket_58 from package 00016052.upk
Loading SkeletalMeshSocket SkeletalMeshSocket_59 from package 00016052.upk
Loading SkeletalMeshSocket SkeletalMeshSocket_60 from package 00016052.upk
Loading SkeletalMeshSocket SkeletalMeshSocket_61 from package 00016052.upk
Loading SkeletalMeshSocket SkeletalMeshSocket_62 from package 00016052.upk
Loading SkeletalMeshSocket SkeletalMeshSocket_63 from package 00016052.upk
Loading SkeletalMeshSocket SkeletalMeshSocket_64 from package 00016052.upk
WARNING: BoolProperty "USkeletalMeshSocket::bParticleAttachPosOnly" was not found
Loading MaterialInstanceConstant col1 from package 00016051.upk
Loading package: 00016050.upk Ver: 573/1 Engine: 4205 Names: 32 Exports: 4 Imports: 2 Game: 801A
Loading package: 00002640.upk Ver: 573/1 Engine: 4205 Names: 340 Exports: 556 Imports: 5 Game: 801A
Loading package: 00002620.upk Ver: 573/1 Engine: 4205 Names: 500 Exports: 5733 Imports: 89 Game: 801A
Loading Texture2D CrocodileSharkTribeBKingJeokKyo_N from package 00016050.upk
Loading Texture2D CrocodileSharkTribeBKingJeokKyo_M from package 00016050.upk
Loading Texture2D CrocodileSharkTribeBKingJeokKyo_D from package 00016050.upk
Loading Texture2D CrocodileSharkTribeBKingJeokKyo_S from package 00016050.upk
Loading TextureCube lenscube from package 00002640.upk
Loading Material3 Basic from package 00002620.upk
Loading package: 00012963.upk Ver: 573/1 Engine: 4205 Names: 1199 Exports: 1162 Imports: 10 Game: 801A
Loading Texture2D CubemapFace0 from package 00002640.upk
Loading Texture2D CubemapFace1 from package 00002640.upk
Loading Texture2D CubemapFace2 from package 00002640.upk
Loading Texture2D CubemapFace3 from package 00002640.upk
Loading Texture2D CubemapFace4 from package 00002640.upk
Loading Texture2D CubemapFace5 from package 00002640.upk
Loading Texture2D check_n from package 00002620.upk
Loading Texture2D check from package 00002620.upk
Loading Texture2D Smoke_Pattern_001 from package 00012963.upk
Loading Texture2D Gradient_Line_003 from package 00012963.upk
Loading Texture2D Gradient_Wipe_BurnOut_Mask_TEST from package 00012963.upk
Loading Texture2D Gradient_Wipe_BurnOut_Mask from package 00012963.upk
Loaded in 0.11 sec, 2884 allocs, 1.80 MBytes serialized in 334906 calls.

Object info:
============
ClassName: SkeletalMesh3 ObjectName: CrocodileSharkTribeBKingJeokKyo

    LODInfo[1] =
    {
        LODInfo[0] =
        {
            DisplayFactor = 0
            LODHysteresis = 0.02
            LODMaterialMap[0] = {}
            bEnableShadowCasting[1] = { true }
        }
    }
    Sockets[10] =
    {
        Sockets[0] = SkeletalMeshSocket'CrocodileSharkTribeBKingJeokKyo.SkeletalMeshSocket_55'
        Sockets[1] = SkeletalMeshSocket'CrocodileSharkTribeBKingJeokKyo.SkeletalMeshSocket_56'
        Sockets[2] = SkeletalMeshSocket'CrocodileSharkTribeBKingJeokKyo.SkeletalMeshSocket_57'
        Sockets[3] = SkeletalMeshSocket'CrocodileSharkTribeBKingJeokKyo.SkeletalMeshSocket_58'
        Sockets[4] = SkeletalMeshSocket'CrocodileSharkTribeBKingJeokKyo.SkeletalMeshSocket_59'
        Sockets[5] = SkeletalMeshSocket'CrocodileSharkTribeBKingJeokKyo.SkeletalMeshSocket_60'
        Sockets[6] = SkeletalMeshSocket'CrocodileSharkTribeBKingJeokKyo.SkeletalMeshSocket_61'
        Sockets[7] = SkeletalMeshSocket'CrocodileSharkTribeBKingJeokKyo.SkeletalMeshSocket_62'
        Sockets[8] = SkeletalMeshSocket'CrocodileSharkTribeBKingJeokKyo.SkeletalMeshSocket_63'
        Sockets[9] = SkeletalMeshSocket'CrocodileSharkTribeBKingJeokKyo.SkeletalMeshSocket_64'
    }
    bHasVertexColors = false
    EnableTwistBoneFixers = true
    EnableClavicleFixer = true
    Materials[1] = { MaterialInstanceConstant'col1' }


    Lods[1] =
    {
        Lods[0] =
        {
            Sections[1] =
            {
                Sections[0] = { Material=MaterialInstanceConstant'col1', FirstIndex=0, NumFaces=6575 }
            }
            NumVerts = 5141
            IndexCount = 19725
            NumTexCoords = 1
        }
    }
    LodCount = 1
    MeshOrigin = { X=-0, Y=-0, Z=-0 }
    MeshScale = { X=1, Y=1, Z=1 }
    RotOrigin = { Yaw=0, Pitch=0, Roll=0 }
    BoneCount = 74

Object info:
============
ClassName: SkeletalMeshSocket ObjectName: SkeletalMeshSocket_55

    SocketName = WeaponR
    BoneName = WeaponR
    RelativeLocation = { X=0, Y=0, Z=0 }
    RelativeRotation = { Yaw=0, Pitch=0, Roll=0 }
    RelativeScale = { X=1, Y=1, Z=1 }

Object info:
============
ClassName: SkeletalMeshSocket ObjectName: SkeletalMeshSocket_56

    SocketName = target_high
    BoneName = Bip01Head
    RelativeLocation = { X=10, Y=-7, Z=0 }
    RelativeRotation = { Yaw=0, Pitch=0, Roll=0 }
    RelativeScale = { X=1, Y=1, Z=1 }

Object info:
============
ClassName: SkeletalMeshSocket ObjectName: SkeletalMeshSocket_57

    SocketName = socket_force
    BoneName = Root
    RelativeLocation = { X=55, Y=35, Z=12 }
    RelativeRotation = { Yaw=0, Pitch=0, Roll=0 }
    RelativeScale = { X=1, Y=1, Z=1 }

Object info:
============
ClassName: SkeletalMeshSocket ObjectName: SkeletalMeshSocket_58

    SocketName = Mount_Socket
    BoneName = Bip01Spine1
    RelativeLocation = { X=5.02712, Y=-15.6462, Z=0 }
    RelativeRotation = { Yaw=0, Pitch=0, Roll=0 }
    RelativeScale = { X=1, Y=1, Z=1 }

Object info:
============
ClassName: SkeletalMeshSocket ObjectName: SkeletalMeshSocket_59

    SocketName = Catch_Neck
    BoneName = Bip01Neck1
    RelativeLocation = { X=-3.90525, Y=-14.116, Z=0 }
    RelativeRotation = { Yaw=0, Pitch=0, Roll=0 }
    RelativeScale = { X=1, Y=1, Z=1 }

Object info:
============
ClassName: SkeletalMeshSocket ObjectName: SkeletalMeshSocket_60

    SocketName = Catch_Back
    BoneName = Bip01Spine2
    RelativeLocation = { X=4.13469, Y=20.7626, Z=6.9858 }
    RelativeRotation = { Yaw=0, Pitch=0, Roll=0 }
    RelativeScale = { X=1, Y=1, Z=1 }

Object info:
============
ClassName: SkeletalMeshSocket ObjectName: SkeletalMeshSocket_61

    SocketName = Mount_Ambar_Socket
    BoneName = Bip01LClavicle
    RelativeLocation = { X=1.42858, Y=-7.54266, Z=-20.3005 }
    RelativeRotation = { Yaw=0, Pitch=0, Roll=0 }
    RelativeScale = { X=1, Y=1, Z=1 }

Object info:
============
ClassName: SkeletalMeshSocket ObjectName: SkeletalMeshSocket_62

    SocketName = Mount_Choke_Socket
    BoneName = Root
    RelativeLocation = { X=21.728, Y=0, Z=0 }
    RelativeRotation = { Yaw=0, Pitch=0, Roll=0 }
    RelativeScale = { X=1, Y=1, Z=1 }

Object info:
============
ClassName: SkeletalMeshSocket ObjectName: SkeletalMeshSocket_63

    SocketName = Decap_Socket
    BoneName = Bip01Neck1
    RelativeLocation = { X=9.64733, Y=5.92014, Z=7.26633 }
    RelativeRotation = { Yaw=0, Pitch=0, Roll=0 }
    RelativeScale = { X=1, Y=1, Z=1 }

Object info:
============
ClassName: SkeletalMeshSocket ObjectName: SkeletalMeshSocket_64

    SocketName = ATTACH_EFFECT
    BoneName = Bip01
    RelativeLocation = { X=10, Y=0, Z=0 }
    RelativeRotation = { Yaw=0, Pitch=0, Roll=0 }
    RelativeScale = { X=1, Y=1, Z=1 }
