Found 21310 game files (132 skipped)
Loading package: 00014968.upk Ver: 573/1 Engine: 4205 Names: 162 Exports: 152 Imports: 18 Game: 801A
Loading SkeletalMesh3 Golem from package 00014968.upk
WARNING: ObjectProperty "USkeletalMesh3::PlaySoundSet" was not found
WARNING: ObjectProperty "USkeletalMesh3::ImpactEffect" was not found
WARNING: FloatProperty "USkeletalMesh3::AnimNameHeight" was not found
WARNING: FloatProperty "USkeletalMesh3::NormalNameHeight" was not found
WARNING: FloatProperty "USkeletalMesh3::LowNameHeight" was not found
Loading package: 00014967.upk Ver: 573/1 Engine: 4205 Names: 167 Exports: 141 Imports: 44 Game: 801A
Loading SkeletalMeshSocket SkeletalMeshSocket_117 from package 00014968.upk
WARNING: BoolProperty "USkeletalMeshSocket::bParticleAttachPosOnly" was not found
Loading SkeletalMeshSocket SkeletalMeshSocket_120 from package 00014968.upk
Loading SkeletalMeshSocket SkeletalMeshSocket_142 from package 00014968.upk
Loading SkeletalMeshSocket SkeletalMeshSocket_143 from package 00014968.upk
Loading SkeletalMeshSocket SkeletalMeshSocket_144 from package 00014968.upk
Loading SkeletalMeshSocket SkeletalMeshSocket_145 from package 00014968.upk
Loading SkeletalMeshSocket SkeletalMeshSocket_146 from package 00014968.upk
Loading SkeletalMeshSocket SkeletalMeshSocket_147 from package 00014968.upk
Loading SkeletalMeshSocket SkeletalMeshSocket_149 from package 00014968.upk
Loading SkeletalMeshSocket SkeletalMeshSocket_55 from package 00014968.upk
Loading MaterialInstanceConstant col1 from package 00014967.upk
Loading package: 00014966.upk Ver: 573/1 Engine: 4205 Names: 65 Exports: 43 Imports: 4 Game: 801A
Loading package: 00002640.upk Ver: 573/1 Engine: 4205 Names: 340 Exports: 556 Imports: 5 Game: 801A
Loading package: 00012963.upk Ver: 573/1 Engine: 4205 Names: 1234 Exports: 1209 Imports: 10 Game: 801A
Loading Texture2D Monster_Human_Golem_col1_N from package 00014966.upk
Loading Texture2D Monster_Human_Golem_col1_M from package 00014966.upk
Loading Texture2D Monster_Human_Golem_col1_D from package 00014966.upk
Loading Texture2D Monster_Human_Golem_col1_S from package 00014966.upk
Loading TextureCube Cube_D from package 00002640.upk
Loading Texture2D Monster_Human_Golem_col1_E from package 00014966.upk
Loading Texture2D Smoke_Pattern_001 from package 00012963.upk
Loading Material3 Golem_BodyFX from package 00014967.upk
Loading package: 00002620.upk Ver: 573/1 Engine: 4205 Names: 560 Exports: 6612 Imports: 96 Game: 801A
Loading Texture2D CubemapFace0 from package 00002640.upk
Loading Texture2D CubemapFace1 from package 00002640.upk
Loading Texture2D CubemapFace2 from package 00002640.upk
Loading Texture2D CubemapFace3 from package 00002640.upk
Loading Texture2D CubemapFace4 from package 00002640.upk
Loading Texture2D CubemapFace5 from package 00002640.upk
Loading Texture2D check_n from package 00002620.upk
Loading Texture2D check from package 00002620.upk
Loading Texture2D Gradient_Line_003 from package 00012963.upk
Loading Texture2D Gradient_Wipe_BurnOut_Mask_TEST from package 00012963.upk
Loading Texture2D Gradient_Wipe_BurnOut_Mask from package 00012963.upk
Loaded in 0.16 sec, 3066 allocs, 1.62 MBytes serialized in 286748 calls.

Object info:
============
ClassName: SkeletalMesh3 ObjectName: Golem

    LODInfo[1] =
    {
        LODInfo[0] =
        {
            DisplayFactor = 0
            LODHysteresis = 0.02
            LODMaterialMap[0] = {}
            bEnableShadowCasting[1] = { true }
        }
    }
    Sockets[10] =
    {
        Sockets[0] = SkeletalMeshSocket'Golem.SkeletalMeshSocket_142'
        Sockets[1] = SkeletalMeshSocket'Golem.SkeletalMeshSocket_143'
        Sockets[2] = SkeletalMeshSocket'Golem.SkeletalMeshSocket_144'
        Sockets[3] = SkeletalMeshSocket'Golem.SkeletalMeshSocket_145'
        Sockets[4] = SkeletalMeshSocket'Golem.SkeletalMeshSocket_146'
        Sockets[5] = SkeletalMeshSocket'Golem.SkeletalMeshSocket_147'
        Sockets[6] = SkeletalMeshSocket'Golem.SkeletalMeshSocket_149'
        Sockets[7] = SkeletalMeshSocket'Golem.SkeletalMeshSocket_117'
        Sockets[8] = SkeletalMeshSocket'Golem.SkeletalMeshSocket_120'
        Sockets[9] = SkeletalMeshSocket'Golem.SkeletalMeshSocket_55'
    }
    bHasVertexColors = false
    EnableTwistBoneFixers = true
    EnableClavicleFixer = true
    Materials[1] = { MaterialInstanceConstant'col1' }


    Lods[1] =
    {
        Lods[0] =
        {
            Sections[1] =
            {
                Sections[0] = { Material=MaterialInstanceConstant'col1', FirstIndex=0, NumFaces=4991 }
            }
            NumVerts = 3494
            IndexCount = 14973
            NumTexCoords = 1
        }
    }
    LodCount = 1
    MeshOrigin = { X=-0, Y=-0, Z=-0 }
    MeshScale = { X=1, Y=1, Z=1 }
    RotOrigin = { Yaw=0, Pitch=0, Roll=0 }
    BoneCount = 55

Object info:
============
ClassName: SkeletalMeshSocket ObjectName: SkeletalMeshSocket_117

    SocketName = ATTACH_EFFECT
    BoneName = Bip01
    RelativeLocation = { X=10, Y=0, Z=0 }
    RelativeRotation = { Yaw=0, Pitch=0, Roll=0 }
    RelativeScale = { X=1, Y=1, Z=1 }

Object info:
============
ClassName: SkeletalMeshSocket ObjectName: SkeletalMeshSocket_120

    SocketName = Catch_Back
    BoneName = Bip01Spine1
    RelativeLocation = { X=7.48467, Y=12.7477, Z=-4.16443 }
    RelativeRotation = { Yaw=0, Pitch=0, Roll=0 }
    RelativeScale = { X=1, Y=1, Z=1 }

Object info:
============
ClassName: SkeletalMeshSocket ObjectName: SkeletalMeshSocket_142

    SocketName = target_high
    BoneName = Bip01Neck
    RelativeLocation = { X=30, Y=0, Z=0 }
    RelativeRotation = { Yaw=0, Pitch=0, Roll=0 }
    RelativeScale = { X=1, Y=1, Z=1 }

Object info:
============
ClassName: SkeletalMeshSocket ObjectName: SkeletalMeshSocket_143

    SocketName = socket_force
    BoneName = Root
    RelativeLocation = { X=50, Y=40, Z=13 }
    RelativeRotation = { Yaw=0, Pitch=0, Roll=0 }
    RelativeScale = { X=1, Y=1, Z=1 }

Object info:
============
ClassName: SkeletalMeshSocket ObjectName: SkeletalMeshSocket_144

    SocketName = Catch_Neck
    BoneName = Bip01Neck
    RelativeLocation = { X=-13.1237, Y=-23.0014, Z=0 }
    RelativeRotation = { Yaw=0, Pitch=0, Roll=0 }
    RelativeScale = { X=1, Y=1, Z=1 }

Object info:
============
ClassName: SkeletalMeshSocket ObjectName: SkeletalMeshSocket_145

    SocketName = Mount_Ambar_Socket
    BoneName = Bip01LClavicle
    RelativeLocation = { X=0.175193, Y=-11.3972, Z=-19.3701 }
    RelativeRotation = { Yaw=-285, Pitch=9970, Roll=22850 }
    RelativeScale = { X=1, Y=1, Z=1 }

Object info:
============
ClassName: SkeletalMeshSocket ObjectName: SkeletalMeshSocket_146

    SocketName = Mount_Choke_Socket
    BoneName = Root
    RelativeLocation = { X=9.80414, Y=-1.20062e-015, Z=0 }
    RelativeRotation = { Yaw=32768, Pitch=0, Roll=0 }
    RelativeScale = { X=1, Y=1, Z=1 }

Object info:
============
ClassName: SkeletalMeshSocket ObjectName: SkeletalMeshSocket_147

    SocketName = Mount_Socket
    BoneName = Root
    RelativeLocation = { X=-7.22141, Y=8.84338e-016, Z=5 }
    RelativeRotation = { Yaw=32768, Pitch=0, Roll=0 }
    RelativeScale = { X=1, Y=1, Z=1 }

Object info:
============
ClassName: SkeletalMeshSocket ObjectName: SkeletalMeshSocket_149

    SocketName = Decap_Socket
    BoneName = non_Bip01-Head
    RelativeLocation = { X=18.6224, Y=-0.549216, Z=10.8405 }
    RelativeRotation = { Yaw=0, Pitch=0, Roll=0 }
    RelativeScale = { X=1, Y=1, Z=1 }

Object info:
============
ClassName: SkeletalMeshSocket ObjectName: SkeletalMeshSocket_55

    SocketName = bodytarget
    BoneName = Bip01Spine1
    RelativeLocation = { X=0, Y=0, Z=0 }
    RelativeRotation = { Yaw=0, Pitch=0, Roll=0 }
    RelativeScale = { X=1, Y=1, Z=1 }
