Found 16187 game files (144 skipped)
Loading package: 00010135.upk Ver: 573/1 Engine: 4205 Names: 26 Exports: 2 Imports: 6 Game: 801A
Loading SkeletalMesh3 Chopsticks_001_Autoscale from package 00010135.upk
Loading package: 00010134.upk Ver: 573/1 Engine: 4205 Names: 69 Exports: 1 Imports: 15 Game: 801A
Loading MaterialInstanceConstant col1 from package 00010134.upk
Loading package: 00010133.upk Ver: 573/1 Engine: 4205 Names: 30 Exports: 3 Imports: 2 Game: 801A
Loading package: 00002620.upk Ver: 573/1 Engine: 4205 Names: 500 Exports: 5733 Imports: 89 Game: 801A
Loading Texture2D Chopsticks_001_N from package 00010133.upk
Loading Texture2D Chopsticks_001_D from package 00010133.upk
Loading Texture2D Chopsticks_001_S from package 00010133.upk
Loading Material3 Basic from package 00002620.upk
Loading package: 00012963.upk Ver: 573/1 Engine: 4205 Names: 1199 Exports: 1162 Imports: 10 Game: 801A
Loading Texture2D check_n from package 00002620.upk
Loading Texture2D check from package 00002620.upk
Loading Texture2D Smoke_Pattern_001 from package 00012963.upk
Loading Texture2D Gradient_Line_003 from package 00012963.upk
Loading Texture2D Gradient_Wipe_BurnOut_Mask_TEST from package 00012963.upk
Loading Texture2D Gradient_Wipe_BurnOut_Mask from package 00012963.upk
Loaded in 0.048 sec, 2126 allocs, 0.69 MBytes serialized in 134741 calls.

Object info:
============
ClassName: SkeletalMesh3 ObjectName: Chopsticks_001_Autoscale

    LODInfo[1] =
    {
        LODInfo[0] =
        {
            DisplayFactor = 0
            LODHysteresis = 0.02
            LODMaterialMap[0] = {}
            bEnableShadowCasting[1] = { true }
        }
    }
    Sockets[0] = {}
    bHasVertexColors = false
    EnableTwistBoneFixers = true
    EnableClavicleFixer = true
    Materials[1] = { MaterialInstanceConstant'col1' }


    Lods[1] =
    {
        Lods[0] =
        {
            Sections[1] =
            {
                Sections[0] = { Material=MaterialInstanceConstant'col1', FirstIndex=0, NumFaces=40 }
            }
            NumVerts = 80
            IndexCount = 120
            NumTexCoords = 1
        }
    }
    LodCount = 1
    MeshOrigin = { X=3, Y=-0, Z=-0 }
    MeshScale = { X=1, Y=1, Z=1 }
    RotOrigin = { Yaw=0, Pitch=0, Roll=3640 }
    BoneCount = 1
