Found 27000 game files (27 skipped)
Loading package: 00011414.upk Ver: 573/1 Engine: 4205 Names: 86 Exports: 1 Imports: 20 Game: 801A
Loading MaterialInstanceConstant col1 from package 00011414.upk
Loading package: 00011413.upk Ver: 573/1 Engine: 4205 Names: 35 Exports: 5 Imports: 2 Game: 801A
Loading package: 00002640.upk Ver: 573/1 Engine: 4205 Names: 340 Exports: 556 Imports: 5 Game: 801A
Loading package: 00002620.upk Ver: 573/1 Engine: 4205 Names: 560 Exports: 6612 Imports: 96 Game: 801A
Loading Texture2D DarkCrazyTribeMaskB_N from package 00011413.upk
Loading Texture2D DarkCrazyTribeMaskB_M from package 00011413.upk
Loading Texture2D DarkCrazyTribeMaskB_D from package 00011413.upk
Loading Texture2D DarkCrazyTribeMaskB_S from package 00011413.upk
Loading TextureCube lenscube from package 00002640.upk
Loading Texture2D DarkCrazyTribeMaskB_E from package 00011413.upk
WARNING: ByteProperty "UTexture2D::ManualLoadSwitchSettings" was not found
Loading Material3 Basic from package 00002620.upk
Loading package: 00012963.upk Ver: 573/1 Engine: 4205 Names: 1264 Exports: 1240 Imports: 10 Game: 801A
Loading Texture2D CubemapFace0 from package 00002640.upk
Loading Texture2D CubemapFace1 from package 00002640.upk
Loading Texture2D CubemapFace2 from package 00002640.upk
Loading Texture2D CubemapFace3 from package 00002640.upk
Loading Texture2D CubemapFace4 from package 00002640.upk
Loading Texture2D CubemapFace5 from package 00002640.upk
Loading Texture2D check_n from package 00002620.upk
Loading Texture2D check from package 00002620.upk
Loading Texture2D Smoke_Pattern_001 from package 00012963.upk
Loading Texture2D Gradient_Line_003 from package 00012963.upk
Loading Texture2D Gradient_Wipe_BurnOut_Mask_TEST from package 00012963.upk
Loading Texture2D Gradient_Wipe_BurnOut_Mask from package 00012963.upk
Loaded in 0.091 sec, 2797 allocs, 1.03 MBytes serialized in 162918 calls.

Object info:
============
ClassName: MaterialInstanceConstant ObjectName: col1

    ScalarParameterValues[6] =
    {
        ScalarParameterValues[0] = { ParameterName=Glossiness1, ParameterValue=6 }
        ScalarParameterValues[1] = { ParameterName=Glossiness2, ParameterValue=50 }
        ScalarParameterValues[2] = { ParameterName=Specular_value, ParameterValue=2 }
        ScalarParameterValues[3] = { ParameterName=HighLight_Value, ParameterValue=0.5 }
        ScalarParameterValues[4] = { ParameterName=HighLight_glossiness, ParameterValue=500 }
        ScalarParameterValues[5] = { ParameterName=Emissive_value, ParameterValue=2 }
    }
    TextureParameterValues[6] =
    {
        TextureParameterValues[0] = { ParameterName=Normal, ParameterValue=Texture2D'DarkCrazyTribeMaskB_N' }
        TextureParameterValues[1] = { ParameterName=Mask_GB, ParameterValue=Texture2D'DarkCrazyTribeMaskB_M' }
        TextureParameterValues[2] = { ParameterName=Diffuse, ParameterValue=Texture2D'DarkCrazyTribeMaskB_D' }
        TextureParameterValues[3] = { ParameterName=Specular, ParameterValue=Texture2D'DarkCrazyTribeMaskB_S' }
        TextureParameterValues[4] = { ParameterName=rf_cube, ParameterValue=TextureCube'lenscube' }
        TextureParameterValues[5] = { ParameterName=Emissive, ParameterValue=Texture2D'DarkCrazyTribeMaskB_E' }
    }
    VectorParameterValues[1] =
    {
        VectorParameterValues[0] =
        {
            ParameterName = Reflection_value
            ParameterValue = { R=0.103634, G=0.106156, B=0.073828, A=1 }
        }
    }
    Parent = Material3'Basic'
    FlattenedTexture = None
    MobileBaseTexture = None
    MobileNormalTexture = None
    bUseMobileSpecular = false
    MobileSpecularPower = 16
    MobileSpecularMask = MSM_Constant (0)
    MobileMaskTexture = None
