Found 21974 game files (0 skipped)
Loading package: 00013644.upk Ver: 573/1 Engine: 4205 Names: 59 Exports: 5 Imports: 8 Game: 801A
Loading SkeletalMesh3 010019_GonM from package 00013644.upk
Loading package: 00007052.upk Ver: 573/1 Engine: 4205 Names: 91 Exports: 2 Imports: 21 Game: 801A
Loading MaterialInstanceConstant col1 from package 00007052.upk
Loading package: 00007050.upk Ver: 573/1 Engine: 4205 Names: 39 Exports: 12 Imports: 4 Game: 801A
Loading package: 00002620.upk Ver: 573/1 Engine: 4205 Names: 560 Exports: 6612 Imports: 96 Game: 801A
Loading Texture2D Cloth_40003_GonM_col1_N from package 00007050.upk
Loading Texture2D Cloth_40003_GonM_col1_M from package 00007050.upk
Loading Texture2D Cloth_40003_GonM_col1_D from package 00007050.upk
Loading Texture2D Cloth_40003_GonM_col1_S from package 00007050.upk
Loading Material3 Body from package 00002620.upk
Loading package: 00012963.upk Ver: 573/1 Engine: 4205 Names: 1236 Exports: 1211 Imports: 10 Game: 801A
Loading Texture2D check_n from package 00002620.upk
Loading Texture2D Noise_Glass_000 from package 00012963.upk
Loading Texture2D Smoke_Pattern_001 from package 00012963.upk
Loading Texture2D Gradient_Wipe_BurnOut_Mask_TEST from package 00012963.upk
Loading Texture2D Gradient_Wipe_BurnOut_Mask from package 00012963.upk
Loading Texture2D check from package 00002620.upk
Loading Texture2D Gradient_Line_003 from package 00012963.upk
Loaded in 0.085 sec, 2365 allocs, 1.36 MBytes serialized in 152806 calls.

Object info:
============
ClassName: SkeletalMesh3 ObjectName: 010019_GonM

    LODInfo[1] =
    {
        LODInfo[0] =
        {
            DisplayFactor = 0
            LODHysteresis = 0.02
            LODMaterialMap[0] = {}
            bEnableShadowCasting[1] = { true }
        }
    }
    Sockets[0] = {}
    bHasVertexColors = false
    EnableTwistBoneFixers = true
    EnableClavicleFixer = true
    Materials[1] = { MaterialInstanceConstant'col1' }


    Lods[1] =
    {
        Lods[0] =
        {
            Sections[1] =
            {
                Sections[0] = { Material=MaterialInstanceConstant'col1', FirstIndex=0, NumFaces=66 }
            }
            NumVerts = 59
            IndexCount = 198
            NumTexCoords = 1
        }
    }
    LodCount = 1
    MeshOrigin = { X=-0, Y=-0, Z=-0 }
    MeshScale = { X=1, Y=1, Z=1 }
    RotOrigin = { Yaw=0, Pitch=0, Roll=0 }
    BoneCount = 9
