Found 18875 game files (36 skipped)
Loading package: 00017225.upk Ver: 573/1 Engine: 4205 Names: 115 Exports: 2 Imports: 23 Game: 801A
Loading MaterialInstanceConstant col1 from package 00017225.upk
Loading package: 00017224.upk Ver: 573/1 Engine: 4205 Names: 32 Exports: 4 Imports: 2 Game: 801A
Loading package: 00002640.upk Ver: 573/1 Engine: 4205 Names: 340 Exports: 556 Imports: 5 Game: 801A
Loading package: 00002620.upk Ver: 573/1 Engine: 4205 Names: 560 Exports: 6612 Imports: 96 Game: 801A
Loading MaterialInstanceConstant Col1_A from package 00017225.upk
Loading Texture2D 040054_JinF_col1_D from package 00017224.upk
Loading Texture2D 040054_JinF_col1_S from package 00017224.upk
Loading Texture2D 040054_JinF_col1_N from package 00017224.upk
Loading Texture2D 040054_JinF_col1_M from package 00017224.upk
Loading TextureCube lenscube_c from package 00002640.upk
Loading Texture2D check from package 00002620.upk
Loading Material3 Hair_Ac from package 00002620.upk
Loading package: 00012963.upk Ver: 573/1 Engine: 4205 Names: 1219 Exports: 1194 Imports: 10 Game: 801A
Loading TextureCube MatelW5 from package 00002640.upk
Loading Material3 Basic from package 00002620.upk
Loading Texture2D CubemapFace0 from package 00002640.upk
Loading Texture2D CubemapFace1 from package 00002640.upk
Loading Texture2D CubemapFace2 from package 00002640.upk
Loading Texture2D CubemapFace3 from package 00002640.upk
Loading Texture2D CubemapFace4 from package 00002640.upk
Loading Texture2D CubemapFace5 from package 00002640.upk
Loading Texture2D check_n from package 00002620.upk
Loading Texture2D Noise_Glass_000 from package 00012963.upk
Loading Texture2D Smoke_Pattern_000 from package 00012963.upk
Loading Texture2D Smoke_Pattern_001 from package 00012963.upk
Loading Texture2D Gradient_Wipe_BurnOut_Mask_TEST from package 00012963.upk
Loading Texture2D Gradient_Wipe_BurnOut_Mask from package 00012963.upk
Loading Texture2D Gradient_Line_003 from package 00012963.upk
Loading Texture2D CubemapFace0 from package 00002640.upk
Loading Texture2D CubemapFace1 from package 00002640.upk
Loading Texture2D CubemapFace2 from package 00002640.upk
Loading Texture2D CubemapFace3 from package 00002640.upk
Loading Texture2D CubemapFace4 from package 00002640.upk
Loading Texture2D CubemapFace5 from package 00002640.upk
Loaded in 0.16 sec, 2945 allocs, 1.36 MBytes serialized in 164289 calls.

Object info:
============
ClassName: MaterialInstanceConstant ObjectName: col1

    ScalarParameterValues[8] =
    {
        ScalarParameterValues[0] = { ParameterName=Ac_Glossiness, ParameterValue=10 }
        ScalarParameterValues[1] = { ParameterName=Hair_Glossiness, ParameterValue=10 }
        ScalarParameterValues[2] = { ParameterName=Emissive_value, ParameterValue=2 }
        ScalarParameterValues[3] = { ParameterName=Transmission_value, ParameterValue=0.5 }
        ScalarParameterValues[4] = { ParameterName=Ac_Glossiness2, ParameterValue=6 }
        ScalarParameterValues[5] = { ParameterName=Acc_Spec_Value, ParameterValue=1.3 }
        ScalarParameterValues[6] = { ParameterName=HighLight_glossiness, ParameterValue=100 }
        ScalarParameterValues[7] = { ParameterName=HighLight_Value, ParameterValue=5 }
    }
    TextureParameterValues[6] =
    {
        TextureParameterValues[0] = { ParameterName=Hair_Diffuse, ParameterValue=Texture2D'040054_JinF_col1_D' }
        TextureParameterValues[1] = { ParameterName=Hair_Specular, ParameterValue=Texture2D'040054_JinF_col1_S' }
        TextureParameterValues[2] = { ParameterName=Hair_normal, ParameterValue=Texture2D'040054_JinF_col1_N' }
        TextureParameterValues[3] = { ParameterName=Hair_Mask_RGB, ParameterValue=Texture2D'040054_JinF_col1_M' }
        TextureParameterValues[4] = { ParameterName=rf_cube, ParameterValue=TextureCube'lenscube_c' }
        TextureParameterValues[5] = { ParameterName=Emissive, ParameterValue=Texture2D'check' }
    }
    VectorParameterValues[8] =
    {
        VectorParameterValues[0] =
        {
            ParameterName = Reflection_value
            ParameterValue = { R=0.499505, G=0.315763, B=0.147998, A=1 }
        }
        VectorParameterValues[1] =
        {
            ParameterName = hair_color_S
            ParameterValue = { R=0.71, G=0.57, B=0.45, A=1 }
        }
        VectorParameterValues[2] =
        {
            ParameterName = hair_color_L
            ParameterValue = { R=0.05, G=0.05, B=0.05, A=1 }
        }
        VectorParameterValues[3] =
        {
            ParameterName = hair_color_D
            ParameterValue = { R=0, G=0, B=0, A=1 }
        }
        VectorParameterValues[4] =
        {
            ParameterName = Fresnel_color
            ParameterValue = { R=0, G=0, B=0, A=1 }
        }
        VectorParameterValues[5] =
        {
            ParameterName = Fresnel_Power
            ParameterValue = { R=0, G=0, B=0, A=1 }
        }
        VectorParameterValues[6] =
        {
            ParameterName = Mesh_trangition
            ParameterValue = { R=0, G=0, B=0, A=1 }
        }
        VectorParameterValues[7] =
        {
            ParameterName = HighLight_Color
            ParameterValue = { R=1, G=1, B=1, A=1 }
        }
    }
    Parent = Material3'Hair_Ac'
    FlattenedTexture = None
    MobileBaseTexture = None
    MobileNormalTexture = None
    bUseMobileSpecular = false
    MobileSpecularPower = 16
    MobileSpecularMask = MSM_Constant (0)
    MobileMaskTexture = None

Object info:
============
ClassName: MaterialInstanceConstant ObjectName: Col1_A

    ScalarParameterValues[10] =
    {
        ScalarParameterValues[0] = { ParameterName=Transmission_value, ParameterValue=1.2 }
        ScalarParameterValues[1] = { ParameterName=Glossiness1, ParameterValue=4 }
        ScalarParameterValues[2] = { ParameterName=Glossiness2, ParameterValue=20 }
        ScalarParameterValues[3] = { ParameterName=Specular_value, ParameterValue=2 }
        ScalarParameterValues[4] = { ParameterName=HighLight_Value, ParameterValue=1 }
        ScalarParameterValues[5] = { ParameterName=HighLight_glossiness, ParameterValue=30 }
        ScalarParameterValues[6] = { ParameterName=Emissive_value, ParameterValue=2 }
        ScalarParameterValues[7] = { ParameterName=Emissive_value2, ParameterValue=0 }
        ScalarParameterValues[8] = { ParameterName=Fresnel Value, ParameterValue=0 }
        ScalarParameterValues[9] = { ParameterName=Fresnel exponent, ParameterValue=0 }
    }
    TextureParameterValues[6] =
    {
        TextureParameterValues[0] = { ParameterName=Normal, ParameterValue=Texture2D'040054_JinF_col1_N' }
        TextureParameterValues[1] = { ParameterName=Mask_GB, ParameterValue=Texture2D'040054_JinF_col1_M' }
        TextureParameterValues[2] = { ParameterName=Diffuse, ParameterValue=Texture2D'040054_JinF_col1_D' }
        TextureParameterValues[3] = { ParameterName=Specular, ParameterValue=Texture2D'040054_JinF_col1_S' }
        TextureParameterValues[4] = { ParameterName=rf_cube, ParameterValue=TextureCube'MatelW5' }
        TextureParameterValues[5] = { ParameterName=Emissive, ParameterValue=Texture2D'check' }
    }
    VectorParameterValues[9] =
    {
        VectorParameterValues[0] =
        {
            ParameterName = Mesh_trangition
            ParameterValue = { R=0, G=0, B=0, A=1 }
        }
        VectorParameterValues[1] =
        {
            ParameterName = Reflection_value
            ParameterValue = { R=0.554227, G=0.554227, B=0.554227, A=1 }
        }
        VectorParameterValues[2] =
        {
            ParameterName = HighLight_Color
            ParameterValue = { R=0, G=0, B=0, A=1 }
        }
        VectorParameterValues[3] =
        {
            ParameterName = Fresnel_color
            ParameterValue = { R=0, G=0, B=0, A=1 }
        }
        VectorParameterValues[4] =
        {
            ParameterName = Fresnel_Power
            ParameterValue = { R=0, G=0, B=0, A=1 }
        }
        VectorParameterValues[5] =
        {
            ParameterName = Burn_Color
            ParameterValue = { R=0, G=0, B=0, A=1 }
        }
        VectorParameterValues[6] =
        {
            ParameterName = Glow_Trangition
            ParameterValue = { R=0, G=0, B=0, A=1 }
        }
        VectorParameterValues[7] =
        {
            ParameterName = Fx_Glow_power
            ParameterValue = { R=0, G=0, B=0, A=1 }
        }
        VectorParameterValues[8] =
        {
            ParameterName = Fx_Glow_color
            ParameterValue = { R=0, G=0, B=0, A=1 }
        }
    }
    Parent = Material3'Basic'
    FlattenedTexture = None
    MobileBaseTexture = None
    MobileNormalTexture = None
    bUseMobileSpecular = false
    MobileSpecularPower = 16
    MobileSpecularMask = MSM_Constant (0)
    MobileMaskTexture = None
