Found 21310 game files (132 skipped)
Loading package: 00011615.upk Ver: 573/1 Engine: 4205 Names: 145 Exports: 152 Imports: 16 Game: 801A
Loading SkeletalMesh3 Tiger from package 00011615.upk
WARNING: ObjectProperty "USkeletalMesh3::PlaySoundSet" was not found
WARNING: ObjectProperty "USkeletalMesh3::PlayParticleSet" was not found
WARNING: FloatProperty "USkeletalMesh3::AnimNameHeight" was not found
WARNING: FloatProperty "USkeletalMesh3::NormalNameHeight" was not found
WARNING: FloatProperty "USkeletalMesh3::LowNameHeight" was not found
Loading package: 00011614.upk Ver: 573/1 Engine: 4205 Names: 168 Exports: 142 Imports: 47 Game: 801A
Loading SkeletalMeshSocket SkeletalMeshSocket_127 from package 00011615.upk
Loading SkeletalMeshSocket SkeletalMeshSocket_128 from package 00011615.upk
Loading SkeletalMeshSocket SkeletalMeshSocket_130 from package 00011615.upk
Loading SkeletalMeshSocket SkeletalMeshSocket_131 from package 00011615.upk
Loading SkeletalMeshSocket SkeletalMeshSocket_243 from package 00011615.upk
Loading SkeletalMeshSocket SkeletalMeshSocket_245 from package 00011615.upk
Loading SkeletalMeshSocket SkeletalMeshSocket_246 from package 00011615.upk
Loading SkeletalMeshSocket SkeletalMeshSocket_247 from package 00011615.upk
Loading SkeletalMeshSocket SkeletalMeshSocket_73 from package 00011615.upk
Loading MaterialInstanceConstant col1 from package 00011614.upk
Loading package: 00011613.upk Ver: 573/1 Engine: 4205 Names: 41 Exports: 13 Imports: 2 Game: 801A
Loading package: 00002640.upk Ver: 573/1 Engine: 4205 Names: 340 Exports: 556 Imports: 5 Game: 801A
Loading package: 00002620.upk Ver: 573/1 Engine: 4205 Names: 560 Exports: 6612 Imports: 96 Game: 801A
Loading Texture2D Monster_Beast_Tiger_col1_n from package 00011613.upk
Loading Texture2D Monster_Beast_Tiger_col1_mask from package 00011613.upk
Loading Texture2D Monster_Beast_Tiger_col1_d from package 00011613.upk
Loading Texture2D Monster_Beast_Tiger_col1_s from package 00011613.upk
Loading TextureCube cube_orb from package 00002640.upk
Loading Texture2D check from package 00002620.upk
Loading Texture2D Monster_Beast_Tiger_col1_fx from package 00011613.upk
Loading Material3 Tiger_Basic from package 00011614.upk
Loading package: 00012963.upk Ver: 573/1 Engine: 4205 Names: 1234 Exports: 1209 Imports: 10 Game: 801A
Loading Texture2D CubemapFace0 from package 00002640.upk
Loading Texture2D CubemapFace1 from package 00002640.upk
Loading Texture2D CubemapFace2 from package 00002640.upk
Loading Texture2D CubemapFace3 from package 00002640.upk
Loading Texture2D CubemapFace4 from package 00002640.upk
Loading Texture2D CubemapFace5 from package 00002640.upk
Loading Texture2D check_n from package 00002620.upk
Loading Texture2D Smoke_Pattern_001 from package 00012963.upk
Loading Texture2D Gradient_Line_003 from package 00012963.upk
Loading Texture2D Gradient_Wipe_BurnOut_Mask_TEST from package 00012963.upk
Loading Texture2D Gradient_Wipe_BurnOut_Mask from package 00012963.upk
Loaded in 0.14 sec, 3058 allocs, 1.56 MBytes serialized in 274005 calls.

Object info:
============
ClassName: SkeletalMesh3 ObjectName: Tiger

    LODInfo[2] =
    {
        LODInfo[0] =
        {
            DisplayFactor = 0
            LODHysteresis = 0.02
            LODMaterialMap[0] = {}
            bEnableShadowCasting[1] = { true }
        }
        LODInfo[1] =
        {
            DisplayFactor = 0
            LODHysteresis = 0.02
            LODMaterialMap[1] = { 0 }
            bEnableShadowCasting[1] = { true }
        }
    }
    Sockets[9] =
    {
        Sockets[0] = SkeletalMeshSocket'Tiger.SkeletalMeshSocket_127'
        Sockets[1] = SkeletalMeshSocket'Tiger.SkeletalMeshSocket_128'
        Sockets[2] = SkeletalMeshSocket'Tiger.SkeletalMeshSocket_130'
        Sockets[3] = SkeletalMeshSocket'Tiger.SkeletalMeshSocket_131'
        Sockets[4] = SkeletalMeshSocket'Tiger.SkeletalMeshSocket_243'
        Sockets[5] = SkeletalMeshSocket'Tiger.SkeletalMeshSocket_245'
        Sockets[6] = SkeletalMeshSocket'Tiger.SkeletalMeshSocket_246'
        Sockets[7] = SkeletalMeshSocket'Tiger.SkeletalMeshSocket_247'
        Sockets[8] = SkeletalMeshSocket'Tiger.SkeletalMeshSocket_73'
    }
    bHasVertexColors = false
    EnableTwistBoneFixers = true
    EnableClavicleFixer = true
    Materials[1] = { MaterialInstanceConstant'col1' }


    Lods[2] =
    {
        Lods[0] =
        {
            Sections[1] =
            {
                Sections[0] = { Material=MaterialInstanceConstant'col1', FirstIndex=0, NumFaces=3086 }
            }
            NumVerts = 2084
            IndexCount = 9258
            NumTexCoords = 1
        }
        Lods[1] =
        {
            Sections[1] =
            {
                Sections[0] = { Material=MaterialInstanceConstant'col1', FirstIndex=0, NumFaces=922 }
            }
            NumVerts = 770
            IndexCount = 2766
            NumTexCoords = 1
        }
    }
    LodCount = 2
    MeshOrigin = { X=-0, Y=-0, Z=-0 }
    MeshScale = { X=1, Y=1, Z=1 }
    RotOrigin = { Yaw=0, Pitch=0, Roll=0 }
    BoneCount = 43

Object info:
============
ClassName: SkeletalMeshSocket ObjectName: SkeletalMeshSocket_127

    SocketName = target_high
    BoneName = Bip01Head
    RelativeLocation = { X=0, Y=-5, Z=0 }
    RelativeRotation = { Yaw=0, Pitch=0, Roll=0 }
    RelativeScale = { X=1, Y=1, Z=1 }

Object info:
============
ClassName: SkeletalMeshSocket ObjectName: SkeletalMeshSocket_128

    SocketName = socket_force
    BoneName = Root
    RelativeLocation = { X=33, Y=35, Z=42 }
    RelativeRotation = { Yaw=0, Pitch=0, Roll=0 }
    RelativeScale = { X=1, Y=1, Z=1 }

Object info:
============
ClassName: SkeletalMeshSocket ObjectName: SkeletalMeshSocket_130

    SocketName = Catch_Neck
    BoneName = Bip01Neck
    RelativeLocation = { X=0, Y=0, Z=0 }
    RelativeRotation = { Yaw=0, Pitch=0, Roll=0 }
    RelativeScale = { X=1, Y=1, Z=1 }

Object info:
============
ClassName: SkeletalMeshSocket ObjectName: SkeletalMeshSocket_131

    SocketName = Catch_Back
    BoneName = Bip01Spine2
    RelativeLocation = { X=-10.7093, Y=-23.4687, Z=-6.00069 }
    RelativeRotation = { Yaw=0, Pitch=0, Roll=0 }
    RelativeScale = { X=1, Y=1, Z=1 }

Object info:
============
ClassName: SkeletalMeshSocket ObjectName: SkeletalMeshSocket_243

    SocketName = Mount_Socket
    BoneName = Bip01Spine2
    RelativeLocation = { X=10.5103, Y=6.4682, Z=-11.6766 }
    RelativeRotation = { Yaw=0, Pitch=0, Roll=30401 }
    RelativeScale = { X=1, Y=1, Z=1 }

Object info:
============
ClassName: SkeletalMeshSocket ObjectName: SkeletalMeshSocket_245

    SocketName = Mount_Ambar_Socket
    BoneName = Bip01LClavicle
    RelativeLocation = { X=22.0543, Y=9.24839, Z=-17.1687 }
    RelativeRotation = { Yaw=0, Pitch=16384, Roll=4004 }
    RelativeScale = { X=1, Y=1, Z=1 }

Object info:
============
ClassName: SkeletalMeshSocket ObjectName: SkeletalMeshSocket_246

    SocketName = Mount_Choke_Socket
    BoneName = Root
    RelativeLocation = { X=-12.0504, Y=12.4967, Z=19.7322 }
    RelativeRotation = { Yaw=32768, Pitch=-2730, Roll=0 }
    RelativeScale = { X=1, Y=1, Z=1 }

Object info:
============
ClassName: SkeletalMeshSocket ObjectName: SkeletalMeshSocket_247

    SocketName = Decap_Socket
    BoneName = Bip01Neck
    RelativeLocation = { X=-1.721, Y=24.2892, Z=0 }
    RelativeRotation = { Yaw=0, Pitch=0, Roll=0 }
    RelativeScale = { X=1, Y=1, Z=1 }

Object info:
============
ClassName: SkeletalMeshSocket ObjectName: SkeletalMeshSocket_73

    SocketName = ATTACH_EFFECT
    BoneName = Bip01
    RelativeLocation = { X=0, Y=0, Z=0 }
    RelativeRotation = { Yaw=0, Pitch=0, Roll=0 }
    RelativeScale = { X=1, Y=1, Z=1 }
