Found 21974 game files (0 skipped)
Loading package: 00012793.upk Ver: 573/1 Engine: 4205 Names: 86 Exports: 2 Imports: 20 Game: 801A
Loading MaterialInstanceConstant col1 from package 00012793.upk
Loading package: 00012792.upk Ver: 573/1 Engine: 4205 Names: 45 Exports: 15 Imports: 2 Game: 801A
Loading package: 00002620.upk Ver: 573/1 Engine: 4205 Names: 560 Exports: 6612 Imports: 96 Game: 801A
Loading Texture2D 60045_GonF_N from package 00012792.upk
Loading Texture2D 60045_GonF_M from package 00012792.upk
Loading Texture2D 60045_GonF_D from package 00012792.upk
Loading Texture2D 60045_GonF_S from package 00012792.upk
Loading Texture2D 60045_GonF_E from package 00012792.upk
WARNING: ByteProperty "UTexture2D::ManualLoadSwitchSettings" was not found
Loading Material3 Body from package 00002620.upk
Loading package: 00012963.upk Ver: 573/1 Engine: 4205 Names: 1236 Exports: 1211 Imports: 10 Game: 801A
Loading Texture2D check_n from package 00002620.upk
Loading Texture2D Noise_Glass_000 from package 00012963.upk
Loading Texture2D Smoke_Pattern_001 from package 00012963.upk
Loading Texture2D Gradient_Wipe_BurnOut_Mask_TEST from package 00012963.upk
Loading Texture2D Gradient_Wipe_BurnOut_Mask from package 00012963.upk
Loading Texture2D check from package 00002620.upk
Loading Texture2D Gradient_Line_003 from package 00012963.upk
Loaded in 0.091 sec, 2310 allocs, 1.73 MBytes serialized in 150697 calls.

Object info:
============
ClassName: MaterialInstanceConstant ObjectName: col1

    ScalarParameterValues[10] =
    {
        ScalarParameterValues[0] = { ParameterName=Transmission_value, ParameterValue=5 }
        ScalarParameterValues[1] = { ParameterName=Skin_glossiness, ParameterValue=80 }
        ScalarParameterValues[2] = { ParameterName=Wear_glossiness1, ParameterValue=5 }
        ScalarParameterValues[3] = { ParameterName=Wear_glossiness2, ParameterValue=40 }
        ScalarParameterValues[4] = { ParameterName=Skin_Spec_value, ParameterValue=5 }
        ScalarParameterValues[5] = { ParameterName=HighLight_Value, ParameterValue=0.5 }
        ScalarParameterValues[6] = { ParameterName=HighLight_glossiness, ParameterValue=20 }
        ScalarParameterValues[7] = { ParameterName=Emissive_value, ParameterValue=3 }
        ScalarParameterValues[8] = { ParameterName=Emissive_value2, ParameterValue=0.8 }
        ScalarParameterValues[9] = { ParameterName=Specular_value, ParameterValue=2 }
    }
    TextureParameterValues[6] =
    {
        TextureParameterValues[0] = { ParameterName=Body_normal, ParameterValue=Texture2D'60045_GonF_N' }
        TextureParameterValues[1] = { ParameterName=Body_mask_RGB, ParameterValue=Texture2D'60045_GonF_M' }
        TextureParameterValues[2] = { ParameterName=Body_diffuse, ParameterValue=Texture2D'60045_GonF_D' }
        TextureParameterValues[3] = { ParameterName=Body_specular, ParameterValue=Texture2D'60045_GonF_S' }
        TextureParameterValues[4] = { ParameterName=rf_cube, ParameterValue=None }
        TextureParameterValues[5] = { ParameterName=Emissive, ParameterValue=Texture2D'60045_GonF_E' }
    }
    VectorParameterValues[0] = {}
    Parent = Material3'Body'
    FlattenedTexture = None
    MobileBaseTexture = None
    MobileNormalTexture = None
    bUseMobileSpecular = false
    MobileSpecularPower = 16
    MobileSpecularMask = MSM_Constant (0)
    MobileMaskTexture = None
