Found 21974 game files (0 skipped)
Loading package: 00016439.upk Ver: 573/1 Engine: 4205 Names: 751 Exports: 2 Imports: 978 Game: 801A
Loading AnimSet Destroyer_F_Animset from package 00016439.upk
WARNING: BoolProperty "UAnimSet::bServiced" was not found
WARNING: ArrayProperty "UAnimSet::AdjustAniScaleBoneNames" was not found
WARNING: ArrayProperty "UAnimSet::RefSequences" was not found
WARNING: ArrayProperty "UAnimSet::PhysicalHitBoneNames" was not found
WARNING: ArrayProperty "UAnimSet::WeaponSlotSocketNames" was not found
Loading AnimSet Destroyer_M_Animset from package 00016439.upk
WARNING: BoolProperty "UAnimSet::bServiced" was not found
WARNING: ArrayProperty "UAnimSet::AdjustAniScaleBoneNames" was not found
WARNING: ArrayProperty "UAnimSet::RefSequences" was not found
WARNING: ArrayProperty "UAnimSet::PhysicalHitBoneNames" was not found
WARNING: ArrayProperty "UAnimSet::WeaponSlotSocketNames" was not found
WARNING: AnimSet Destroyer_F_Animset has 0 sequences, but empty TrackBoneNames
WARNING: AnimSet Destroyer_M_Animset has 0 sequences, but empty TrackBoneNames
Loaded in 0.002 sec, 775 allocs, 0.06 MBytes serialized in 9298 calls.

Object info:
============
ClassName: AnimSet ObjectName: Destroyer_F_Animset

    bAnimRotationOnly = true
    TrackBoneNames[0] = {}
    Sequences[0] = {}
    UseTranslationBoneNames[9] =
    {
        UseTranslationBoneNames[0] = Bip01
        UseTranslationBoneNames[1] = WeaponL
        UseTranslationBoneNames[2] = WeaponR
        UseTranslationBoneNames[3] = AdB01LForearmMuscleBone
        UseTranslationBoneNames[4] = AdB01RForearmMuscleBone
        UseTranslationBoneNames[5] = AdB01LHipBone
        UseTranslationBoneNames[6] = AdB01RHipBone
        UseTranslationBoneNames[7] = AdB01LKneeBone
        UseTranslationBoneNames[8] = AdB01RKneeBone
    }
    ForceMeshTranslationBoneNames[0] = {}
    PreviewSkelMeshName = 00003798.52002_GonF
    BulkDataBlocks[0] = {}
    KeyFrameSize = 0
    RotationChannels = 0
    TranslationChannels = 0
    m_pBioAnimSetData = None

Object info:
============
ClassName: AnimSet ObjectName: Destroyer_M_Animset

    bAnimRotationOnly = true
    TrackBoneNames[0] = {}
    Sequences[0] = {}
    UseTranslationBoneNames[9] =
    {
        UseTranslationBoneNames[0] = Bip01
        UseTranslationBoneNames[1] = WeaponL
        UseTranslationBoneNames[2] = WeaponR
        UseTranslationBoneNames[3] = AdB01LForearmMuscleBone
        UseTranslationBoneNames[4] = AdB01RForearmMuscleBone
        UseTranslationBoneNames[5] = AdB01LHipBone
        UseTranslationBoneNames[6] = AdB01RHipBone
        UseTranslationBoneNames[7] = AdB01LKneeBone
        UseTranslationBoneNames[8] = AdB01RKneeBone
    }
    ForceMeshTranslationBoneNames[0] = {}
    PreviewSkelMeshName = 00004702.52002_GonM
    BulkDataBlocks[0] = {}
    KeyFrameSize = 0
    RotationChannels = 0
    TranslationChannels = 0
    m_pBioAnimSetData = None
