Found 27000 game files (27 skipped)
Loading package: 00014921.upk Ver: 573/1 Engine: 4205 Names: 161 Exports: 9 Imports: 12 Game: 801A
Loading SkeletalMesh3 040003_GonM from package 00014921.upk
Loading package: 00007125.upk Ver: 573/1 Engine: 4205 Names: 73 Exports: 1 Imports: 16 Game: 801A
Loading MaterialInstanceConstant col1 from package 00007125.upk
Loading package: 00007124.upk Ver: 573/1 Engine: 4205 Names: 32 Exports: 4 Imports: 2 Game: 801A
Loading package: 00002620.upk Ver: 573/1 Engine: 4205 Names: 560 Exports: 6612 Imports: 96 Game: 801A
Loading Texture2D N from package 00007124.upk
Loading Texture2D m1 from package 00007124.upk
Loading Texture2D D from package 00007124.upk
Loading Texture2D S2 from package 00007124.upk
Loading Material3 Basic from package 00002620.upk
Loading package: 00012963.upk Ver: 573/1 Engine: 4205 Names: 1264 Exports: 1240 Imports: 10 Game: 801A
Loading Texture2D check_n from package 00002620.upk
Loading Texture2D check from package 00002620.upk
Loading Texture2D Smoke_Pattern_001 from package 00012963.upk
Loading Texture2D Gradient_Line_003 from package 00012963.upk
Loading Texture2D Gradient_Wipe_BurnOut_Mask_TEST from package 00012963.upk
Loading Texture2D Gradient_Wipe_BurnOut_Mask from package 00012963.upk
Loaded in 0.063 sec, 2432 allocs, 1.06 MBytes serialized in 164821 calls.

Object info:
============
ClassName: SkeletalMesh3 ObjectName: 040003_GonM

    LODInfo[1] =
    {
        LODInfo[0] =
        {
            DisplayFactor = 0
            LODHysteresis = 0.02
            LODMaterialMap[0] = {}
            bEnableShadowCasting[1] = { true }
        }
    }
    Sockets[0] = {}
    bHasVertexColors = false
    EnableTwistBoneFixers = true
    EnableClavicleFixer = true
    Materials[1] = { MaterialInstanceConstant'col1' }


    Lods[1] =
    {
        Lods[0] =
        {
            Sections[1] =
            {
                Sections[0] = { Material=MaterialInstanceConstant'col1', FirstIndex=0, NumFaces=526 }
            }
            NumVerts = 379
            IndexCount = 1578
            NumTexCoords = 1
        }
    }
    LodCount = 1
    MeshOrigin = { X=-0, Y=-0, Z=-0 }
    MeshScale = { X=1, Y=1, Z=1 }
    RotOrigin = { Yaw=0, Pitch=0, Roll=0 }
    BoneCount = 79
