Found 21974 game files (0 skipped)
Loading package: 00023736.upk Ver: 573/1 Engine: 4205 Names: 234 Exports: 299 Imports: 19 Game: 801A
Loading SkeletalMesh3 Zakan from package 00023736.upk
WARNING: ObjectProperty "USkeletalMesh3::PlaySoundSet" was not found
WARNING: FloatProperty "USkeletalMesh3::AnimNameHeight" was not found
WARNING: FloatProperty "USkeletalMesh3::NormalNameHeight" was not found
WARNING: FloatProperty "USkeletalMesh3::LowNameHeight" was not found
WARNING: FloatProperty "USkeletalMesh3::PhysicalHitScale" was not found
Loading package: 00023735.upk Ver: 573/1 Engine: 4205 Names: 183 Exports: 206 Imports: 52 Game: 801A
Loading SkeletalMeshSocket SkeletalMeshSocket_111 from package 00023736.upk
Loading SkeletalMeshSocket SkeletalMeshSocket_112 from package 00023736.upk
Loading SkeletalMeshSocket SkeletalMeshSocket_113 from package 00023736.upk
Loading SkeletalMeshSocket SkeletalMeshSocket_114 from package 00023736.upk
Loading SkeletalMeshSocket SkeletalMeshSocket_115 from package 00023736.upk
Loading SkeletalMeshSocket SkeletalMeshSocket_116 from package 00023736.upk
Loading SkeletalMeshSocket SkeletalMeshSocket_117 from package 00023736.upk
Loading SkeletalMeshSocket SkeletalMeshSocket_118 from package 00023736.upk
Loading SkeletalMeshSocket SkeletalMeshSocket_119 from package 00023736.upk
Loading SkeletalMeshSocket SkeletalMeshSocket_120 from package 00023736.upk
Loading SkeletalMeshSocket SkeletalMeshSocket_93 from package 00023736.upk
Loading SkeletalMeshSocket SkeletalMeshSocket_94 from package 00023736.upk
WARNING: ObjectProperty "USkeletalMeshSocket::PreviewSkelMesh" was not found
Loading MaterialInstanceConstant col1 from package 00023735.upk
Loading package: 00023734.upk Ver: 573/1 Engine: 4205 Names: 42 Exports: 11 Imports: 2 Game: 801A
Loading package: 00002640.upk Ver: 573/1 Engine: 4205 Names: 340 Exports: 556 Imports: 5 Game: 801A
Loading package: 00012963.upk Ver: 573/1 Engine: 4205 Names: 1236 Exports: 1211 Imports: 10 Game: 801A
Loading Texture2D Zakan_N from package 00023734.upk
Loading Texture2D Zakan_M from package 00023734.upk
Loading Texture2D Zakan_D from package 00023734.upk
Loading Texture2D Zakan_S from package 00023734.upk
Loading TextureCube lenscube from package 00002640.upk
Loading Texture2D Zakan_E from package 00023734.upk
Loading Texture2D zakan_fx_mask from package 00023734.upk
Loading Texture2D Noise_Wave_000 from package 00012963.upk
Loading Material3 Basic_zakan from package 00023735.upk
Loading package: 00002620.upk Ver: 573/1 Engine: 4205 Names: 560 Exports: 6612 Imports: 96 Game: 801A
Loading Texture2D CubemapFace0 from package 00002640.upk
Loading Texture2D CubemapFace1 from package 00002640.upk
Loading Texture2D CubemapFace2 from package 00002640.upk
Loading Texture2D CubemapFace3 from package 00002640.upk
Loading Texture2D CubemapFace4 from package 00002640.upk
Loading Texture2D CubemapFace5 from package 00002640.upk
Loading Texture2D check_n from package 00002620.upk
Loading Texture2D check from package 00002620.upk
Loading Texture2D Smoke_Pattern_001 from package 00012963.upk
Loading Texture2D Gradient_Line_003 from package 00012963.upk
Loading Texture2D Gradient_Wipe_BurnOut_Mask_TEST from package 00012963.upk
Loading Texture2D Gradient_Wipe_BurnOut_Mask from package 00012963.upk
Loaded in 0.18 sec, 3233 allocs, 6.99 MBytes serialized in 397787 calls.

Object info:
============
ClassName: SkeletalMesh3 ObjectName: Zakan

    LODInfo[1] =
    {
        LODInfo[0] =
        {
            DisplayFactor = 0
            LODHysteresis = 0.02
            LODMaterialMap[0] = {}
            bEnableShadowCasting[1] = { true }
        }
    }
    Sockets[12] =
    {
        Sockets[0] = SkeletalMeshSocket'Zakan.SkeletalMeshSocket_93'
        Sockets[1] = SkeletalMeshSocket'Zakan.SkeletalMeshSocket_94'
        Sockets[2] = SkeletalMeshSocket'Zakan.SkeletalMeshSocket_111'
        Sockets[3] = SkeletalMeshSocket'Zakan.SkeletalMeshSocket_112'
        Sockets[4] = SkeletalMeshSocket'Zakan.SkeletalMeshSocket_113'
        Sockets[5] = SkeletalMeshSocket'Zakan.SkeletalMeshSocket_114'
        Sockets[6] = SkeletalMeshSocket'Zakan.SkeletalMeshSocket_115'
        Sockets[7] = SkeletalMeshSocket'Zakan.SkeletalMeshSocket_116'
        Sockets[8] = SkeletalMeshSocket'Zakan.SkeletalMeshSocket_117'
        Sockets[9] = SkeletalMeshSocket'Zakan.SkeletalMeshSocket_118'
        Sockets[10] = SkeletalMeshSocket'Zakan.SkeletalMeshSocket_119'
        Sockets[11] = SkeletalMeshSocket'Zakan.SkeletalMeshSocket_120'
    }
    bHasVertexColors = false
    EnableTwistBoneFixers = true
    EnableClavicleFixer = true
    Materials[1] = { MaterialInstanceConstant'col1' }


    Lods[1] =
    {
        Lods[0] =
        {
            Sections[1] =
            {
                Sections[0] = { Material=MaterialInstanceConstant'col1', FirstIndex=0, NumFaces=8824 }
            }
            NumVerts = 5922
            IndexCount = 26472
            NumTexCoords = 1
        }
    }
    LodCount = 1
    MeshOrigin = { X=-0, Y=-0, Z=-0 }
    MeshScale = { X=1, Y=1, Z=1 }
    RotOrigin = { Yaw=0, Pitch=0, Roll=0 }
    BoneCount = 113

Object info:
============
ClassName: SkeletalMeshSocket ObjectName: SkeletalMeshSocket_111

    SocketName = target_high
    BoneName = Bip01Head
    RelativeLocation = { X=20, Y=-10, Z=0 }
    RelativeRotation = { Yaw=0, Pitch=0, Roll=0 }
    RelativeScale = { X=1, Y=1, Z=1 }

Object info:
============
ClassName: SkeletalMeshSocket ObjectName: SkeletalMeshSocket_112

    SocketName = socket_force
    BoneName = Root
    RelativeLocation = { X=85, Y=38.2815, Z=-15 }
    RelativeRotation = { Yaw=0, Pitch=0, Roll=0 }
    RelativeScale = { X=1, Y=1, Z=1 }

Object info:
============
ClassName: SkeletalMeshSocket ObjectName: SkeletalMeshSocket_113

    SocketName = Catch_Neck
    BoneName = Bip01Neck
    RelativeLocation = { X=0, Y=0, Z=0 }
    RelativeRotation = { Yaw=0, Pitch=0, Roll=0 }
    RelativeScale = { X=1, Y=1, Z=1 }

Object info:
============
ClassName: SkeletalMeshSocket ObjectName: SkeletalMeshSocket_114

    SocketName = Catch_Back
    BoneName = Bip01Spine2
    RelativeLocation = { X=6.12873, Y=33.7054, Z=3.07445 }
    RelativeRotation = { Yaw=0, Pitch=0, Roll=0 }
    RelativeScale = { X=1, Y=1, Z=1 }

Object info:
============
ClassName: SkeletalMeshSocket ObjectName: SkeletalMeshSocket_115

    SocketName = Mount_Socket
    BoneName = Bip01Spine1
    RelativeLocation = { X=-0.0467752, Y=-15.5769, Z=1.10479 }
    RelativeRotation = { Yaw=0, Pitch=0, Roll=-16384 }
    RelativeScale = { X=1, Y=1, Z=1 }

Object info:
============
ClassName: SkeletalMeshSocket ObjectName: SkeletalMeshSocket_116

    SocketName = Mount_Ambar_Socket
    BoneName = Bip01LClavicle
    RelativeLocation = { X=4.3842, Y=-16.1909, Z=-22.5568 }
    RelativeRotation = { Yaw=-285, Pitch=9970, Roll=22850 }
    RelativeScale = { X=1, Y=1, Z=1 }

Object info:
============
ClassName: SkeletalMeshSocket ObjectName: SkeletalMeshSocket_117

    SocketName = Mount_Choke_Socket
    BoneName = Root
    RelativeLocation = { X=20.2695, Y=-3.29402e-015, Z=12.5 }
    RelativeRotation = { Yaw=32768, Pitch=0, Roll=0 }
    RelativeScale = { X=1, Y=1, Z=1 }

Object info:
============
ClassName: SkeletalMeshSocket ObjectName: SkeletalMeshSocket_118

    SocketName = Decap_Socket
    BoneName = Bip01Neck1
    RelativeLocation = { X=11.3985, Y=-7.21113, Z=0 }
    RelativeRotation = { Yaw=0, Pitch=0, Roll=0 }
    RelativeScale = { X=1, Y=1, Z=1 }

Object info:
============
ClassName: SkeletalMeshSocket ObjectName: SkeletalMeshSocket_119

    SocketName = ATTACH_EFFECT
    BoneName = Bip01
    RelativeLocation = { X=10, Y=0, Z=0 }
    RelativeRotation = { Yaw=0, Pitch=0, Roll=0 }
    RelativeScale = { X=1, Y=1, Z=1 }

Object info:
============
ClassName: SkeletalMeshSocket ObjectName: SkeletalMeshSocket_120

    SocketName = FX01
    BoneName = Bip01RHand
    RelativeLocation = { X=31.4268, Y=-10.1369, Z=-3.21403 }
    RelativeRotation = { Yaw=-15655, Pitch=0, Roll=0 }
    RelativeScale = { X=1, Y=1, Z=1 }

Object info:
============
ClassName: SkeletalMeshSocket ObjectName: SkeletalMeshSocket_93

    SocketName = WeaponR
    BoneName = WeaponR
    RelativeLocation = { X=0, Y=0, Z=0 }
    RelativeRotation = { Yaw=0, Pitch=0, Roll=0 }
    RelativeScale = { X=1, Y=1, Z=1 }

Object info:
============
ClassName: SkeletalMeshSocket ObjectName: SkeletalMeshSocket_94

    SocketName = WeaponL
    BoneName = WeaponL
    RelativeLocation = { X=0, Y=0, Z=0 }
    RelativeRotation = { Yaw=0, Pitch=0, Roll=0 }
    RelativeScale = { X=1, Y=1, Z=1 }
