Found 27000 game files (27 skipped)
Loading package: 00029163.upk Ver: 573/1 Engine: 4205 Names: 193 Exports: 116 Imports: 16 Game: 801A
Loading SkeletalMesh3 RuneMechaYacha_col1 from package 00029163.upk
WARNING: ObjectProperty "USkeletalMesh3::PlaySoundSet" was not found
WARNING: FloatProperty "USkeletalMesh3::AnimNameHeight" was not found
WARNING: FloatProperty "USkeletalMesh3::NormalNameHeight" was not found
WARNING: FloatProperty "USkeletalMesh3::LowNameHeight" was not found
WARNING: FloatProperty "USkeletalMesh3::PhysicalHitScale" was not found
Loading package: 00029164.upk Ver: 573/1 Engine: 4205 Names: 174 Exports: 154 Imports: 47 Game: 801A
Loading SkeletalMeshSocket SkeletalMeshSocket_128 from package 00029163.upk
Loading SkeletalMeshSocket SkeletalMeshSocket_131 from package 00029163.upk
Loading SkeletalMeshSocket SkeletalMeshSocket_132 from package 00029163.upk
Loading SkeletalMeshSocket SkeletalMeshSocket_133 from package 00029163.upk
Loading SkeletalMeshSocket SkeletalMeshSocket_134 from package 00029163.upk
Loading SkeletalMeshSocket SkeletalMeshSocket_141 from package 00029163.upk
Loading SkeletalMeshSocket SkeletalMeshSocket_142 from package 00029163.upk
WARNING: ObjectProperty "USkeletalMeshSocket::PreviewSkelMesh" was not found
Loading SkeletalMeshSocket SkeletalMeshSocket_143 from package 00029163.upk
Loading SkeletalMeshSocket SkeletalMeshSocket_150 from package 00029163.upk
Loading SkeletalMeshSocket SkeletalMeshSocket_151 from package 00029163.upk
Loading SkeletalMeshSocket SkeletalMeshSocket_152 from package 00029163.upk
Loading SkeletalMeshSocket SkeletalMeshSocket_153 from package 00029163.upk
WARNING: BoolProperty "USkeletalMeshSocket::bParticleAttachPosOnly" was not found
Loading SkeletalMeshSocket SkeletalMeshSocket_155 from package 00029163.upk
Loading SkeletalMeshSocket SkeletalMeshSocket_156 from package 00029163.upk
Loading SkeletalMeshSocket SkeletalMeshSocket_157 from package 00029163.upk
Loading MaterialInstanceConstant col1 from package 00029164.upk
Loading package: 00029165.upk Ver: 573/1 Engine: 4205 Names: 34 Exports: 7 Imports: 2 Game: 801A
Loading package: 00002640.upk Ver: 573/1 Engine: 4205 Names: 340 Exports: 556 Imports: 5 Game: 801A
Loading Texture2D RuneMechaYacha_col1_N from package 00029165.upk
Loading Texture2D RuneMechaYacha_col1_M from package 00029165.upk
Loading Texture2D RuneMechaYacha_col1_D from package 00029165.upk
Loading Texture2D RuneMechaYacha_col1_S from package 00029165.upk
Loading TextureCube Cube_Suicide2 from package 00002640.upk
Loading Texture2D RuneMechaYacha_col1_E from package 00029165.upk
Loading Texture2D FX_Mask from package 00029165.upk
Loading Material3 RuneMechaYacha_Basic from package 00029164.upk
Loading package: 00002620.upk Ver: 573/1 Engine: 4205 Names: 560 Exports: 6612 Imports: 96 Game: 801A
Loading package: 00012963.upk Ver: 573/1 Engine: 4205 Names: 1264 Exports: 1240 Imports: 10 Game: 801A
Loading Texture2D CubemapFace0 from package 00002640.upk
Loading Texture2D CubemapFace1 from package 00002640.upk
Loading Texture2D CubemapFace2 from package 00002640.upk
Loading Texture2D CubemapFace3 from package 00002640.upk
Loading Texture2D CubemapFace4 from package 00002640.upk
Loading Texture2D CubemapFace5 from package 00002640.upk
Loading Texture2D check_n from package 00002620.upk
Loading Texture2D check from package 00002620.upk
Loading Texture2D Smoke_Pattern_001 from package 00012963.upk
Loading Texture2D Gradient_Line_003 from package 00012963.upk
Loading Texture2D Gradient_Wipe_BurnOut_Mask_TEST from package 00012963.upk
Loading Texture2D Gradient_Wipe_BurnOut_Mask from package 00012963.upk
Loaded in 0.13 sec, 3171 allocs, 2.23 MBytes serialized in 347641 calls.

Object info:
============
ClassName: SkeletalMesh3 ObjectName: RuneMechaYacha_col1

    LODInfo[1] =
    {
        LODInfo[0] =
        {
            DisplayFactor = 0
            LODHysteresis = 0.02
            LODMaterialMap[0] = {}
            bEnableShadowCasting[1] = { true }
        }
    }
    Sockets[15] =
    {
        Sockets[0] = SkeletalMeshSocket'RuneMechaYacha_col1.SkeletalMeshSocket_141'
        Sockets[1] = SkeletalMeshSocket'RuneMechaYacha_col1.SkeletalMeshSocket_142'
        Sockets[2] = SkeletalMeshSocket'RuneMechaYacha_col1.SkeletalMeshSocket_143'
        Sockets[3] = SkeletalMeshSocket'RuneMechaYacha_col1.SkeletalMeshSocket_150'
        Sockets[4] = SkeletalMeshSocket'RuneMechaYacha_col1.SkeletalMeshSocket_151'
        Sockets[5] = SkeletalMeshSocket'RuneMechaYacha_col1.SkeletalMeshSocket_152'
        Sockets[6] = SkeletalMeshSocket'RuneMechaYacha_col1.SkeletalMeshSocket_153'
        Sockets[7] = SkeletalMeshSocket'RuneMechaYacha_col1.SkeletalMeshSocket_155'
        Sockets[8] = SkeletalMeshSocket'RuneMechaYacha_col1.SkeletalMeshSocket_156'
        Sockets[9] = SkeletalMeshSocket'RuneMechaYacha_col1.SkeletalMeshSocket_157'
        Sockets[10] = SkeletalMeshSocket'RuneMechaYacha_col1.SkeletalMeshSocket_131'
        Sockets[11] = SkeletalMeshSocket'RuneMechaYacha_col1.SkeletalMeshSocket_132'
        Sockets[12] = SkeletalMeshSocket'RuneMechaYacha_col1.SkeletalMeshSocket_128'
        Sockets[13] = SkeletalMeshSocket'RuneMechaYacha_col1.SkeletalMeshSocket_133'
        Sockets[14] = SkeletalMeshSocket'RuneMechaYacha_col1.SkeletalMeshSocket_134'
    }
    bHasVertexColors = false
    EnableTwistBoneFixers = true
    EnableClavicleFixer = true
    Materials[1] = { MaterialInstanceConstant'col1' }


    Lods[1] =
    {
        Lods[0] =
        {
            Sections[1] =
            {
                Sections[0] = { Material=MaterialInstanceConstant'col1', FirstIndex=0, NumFaces=7132 }
            }
            NumVerts = 4961
            IndexCount = 21396
            NumTexCoords = 1
        }
    }
    LodCount = 1
    MeshOrigin = { X=-0, Y=-0, Z=-0 }
    MeshScale = { X=1, Y=1, Z=1 }
    RotOrigin = { Yaw=0, Pitch=0, Roll=0 }
    BoneCount = 85

Object info:
============
ClassName: SkeletalMeshSocket ObjectName: SkeletalMeshSocket_128

    SocketName = Catch_Back
    BoneName = Bip01Spine
    RelativeLocation = { X=9.44028, Y=27.037, Z=5.12727 }
    RelativeRotation = { Yaw=14269, Pitch=-14519, Roll=-14287 }
    RelativeScale = { X=1, Y=1, Z=1 }

Object info:
============
ClassName: SkeletalMeshSocket ObjectName: SkeletalMeshSocket_131

    SocketName = Weaponstart
    BoneName = WeaponR
    RelativeLocation = { X=0, Y=0, Z=176.988 }
    RelativeRotation = { Yaw=0, Pitch=0, Roll=0 }
    RelativeScale = { X=1, Y=1, Z=1 }

Object info:
============
ClassName: SkeletalMeshSocket ObjectName: SkeletalMeshSocket_132

    SocketName = WeaponEnd
    BoneName = WeaponR
    RelativeLocation = { X=0, Y=0, Z=90.1268 }
    RelativeRotation = { Yaw=0, Pitch=0, Roll=0 }
    RelativeScale = { X=1, Y=1, Z=1 }

Object info:
============
ClassName: SkeletalMeshSocket ObjectName: SkeletalMeshSocket_133

    SocketName = weaponKnife
    BoneName = WeaponR
    RelativeLocation = { X=0, Y=0, Z=100 }
    RelativeRotation = { Yaw=0, Pitch=0, Roll=0 }
    RelativeScale = { X=1, Y=1, Z=1 }

Object info:
============
ClassName: SkeletalMeshSocket ObjectName: SkeletalMeshSocket_134

    SocketName = weaponKnifeL
    BoneName = WeaponL
    RelativeLocation = { X=0, Y=0, Z=100 }
    RelativeRotation = { Yaw=0, Pitch=0, Roll=0 }
    RelativeScale = { X=1, Y=1, Z=1 }

Object info:
============
ClassName: SkeletalMeshSocket ObjectName: SkeletalMeshSocket_141

    SocketName = WeaponL
    BoneName = WeaponL
    RelativeLocation = { X=0, Y=0, Z=0 }
    RelativeRotation = { Yaw=0, Pitch=0, Roll=0 }
    RelativeScale = { X=1, Y=1, Z=1 }

Object info:
============
ClassName: SkeletalMeshSocket ObjectName: SkeletalMeshSocket_142

    SocketName = WeaponR
    BoneName = WeaponR
    RelativeLocation = { X=0, Y=0, Z=0 }
    RelativeRotation = { Yaw=0, Pitch=0, Roll=0 }
    RelativeScale = { X=1, Y=1, Z=1 }

Object info:
============
ClassName: SkeletalMeshSocket ObjectName: SkeletalMeshSocket_143

    SocketName = target_high
    BoneName = Bip01Head
    RelativeLocation = { X=0, Y=0, Z=0 }
    RelativeRotation = { Yaw=0, Pitch=0, Roll=0 }
    RelativeScale = { X=1, Y=1, Z=1 }

Object info:
============
ClassName: SkeletalMeshSocket ObjectName: SkeletalMeshSocket_150

    SocketName = Catch_Neck
    BoneName = Bip01Neck
    RelativeLocation = { X=0, Y=0, Z=0 }
    RelativeRotation = { Yaw=0, Pitch=0, Roll=0 }
    RelativeScale = { X=1, Y=1, Z=1 }

Object info:
============
ClassName: SkeletalMeshSocket ObjectName: SkeletalMeshSocket_151

    SocketName = socket_force
    BoneName = Root
    RelativeLocation = { X=40, Y=33, Z=7 }
    RelativeRotation = { Yaw=0, Pitch=0, Roll=0 }
    RelativeScale = { X=1, Y=1, Z=1 }

Object info:
============
ClassName: SkeletalMeshSocket ObjectName: SkeletalMeshSocket_152

    SocketName = Mount_Socket
    BoneName = Root
    RelativeLocation = { X=-28.7433, Y=3.51992e-015, Z=38.25 }
    RelativeRotation = { Yaw=32768, Pitch=0, Roll=0 }
    RelativeScale = { X=1, Y=1, Z=1 }

Object info:
============
ClassName: SkeletalMeshSocket ObjectName: SkeletalMeshSocket_153

    SocketName = ATTACH_EFFECT
    BoneName = Bip01
    RelativeLocation = { X=0, Y=0, Z=0 }
    RelativeRotation = { Yaw=0, Pitch=0, Roll=0 }
    RelativeScale = { X=1, Y=1, Z=1 }

Object info:
============
ClassName: SkeletalMeshSocket ObjectName: SkeletalMeshSocket_155

    SocketName = Mount_Ambar_Socket
    BoneName = Bip01LClavicle
    RelativeLocation = { X=7.02622, Y=-11.5276, Z=-14.5674 }
    RelativeRotation = { Yaw=-3459, Pitch=13306, Roll=20227 }
    RelativeScale = { X=1, Y=1, Z=1 }

Object info:
============
ClassName: SkeletalMeshSocket ObjectName: SkeletalMeshSocket_156

    SocketName = Mount_Choke_Socket
    BoneName = Root
    RelativeLocation = { X=7.90871, Y=4.99021, Z=41 }
    RelativeRotation = { Yaw=32768, Pitch=0, Roll=0 }
    RelativeScale = { X=1, Y=1, Z=1 }

Object info:
============
ClassName: SkeletalMeshSocket ObjectName: SkeletalMeshSocket_157

    SocketName = Decap_Socket
    BoneName = Bip01Neck
    RelativeLocation = { X=12.8468, Y=12.4673, Z=0 }
    RelativeRotation = { Yaw=0, Pitch=0, Roll=0 }
    RelativeScale = { X=1, Y=1, Z=1 }
