Found 21310 game files (132 skipped)
Loading package: 00026761.upk Ver: 573/1 Engine: 4205 Names: 112 Exports: 46 Imports: 14 Game: 801A
Loading SkeletalMesh3 040159_JinM from package 00026761.upk
Loading package: 00026760.upk Ver: 573/1 Engine: 4205 Names: 142 Exports: 2 Imports: 29 Game: 801A
Loading SkeletalMeshSocket SkeletalMeshSocket_55 from package 00026761.upk
Loading MaterialInstanceConstant col1 from package 00026760.upk
Loading package: 00021201.upk Ver: 573/1 Engine: 4205 Names: 32 Exports: 4 Imports: 2 Game: 801A
Loading package: 00002620.upk Ver: 573/1 Engine: 4205 Names: 560 Exports: 6612 Imports: 96 Game: 801A
Loading MaterialInstanceConstant Col_Hair_Acc from package 00026760.upk
Loading package: 00026762.upk Ver: 573/1 Engine: 4205 Names: 32 Exports: 4 Imports: 2 Game: 801A
Loading package: 00025178.upk Ver: 573/1 Engine: 4205 Names: 69 Exports: 39 Imports: 2 Game: 801A
Loading package: 00002640.upk Ver: 573/1 Engine: 4205 Names: 340 Exports: 556 Imports: 5 Game: 801A
Loading Texture2D 040089_JinM_col1_N from package 00021201.upk
Loading Texture2D 040089_JinM_col1_D from package 00021201.upk
Loading Texture2D 040089_JinM_col1_S from package 00021201.upk
Loading Texture2D 040089_JinM_col1_M from package 00021201.upk
Loading Material3 Hair from package 00002620.upk
Loading package: 00012963.upk Ver: 573/1 Engine: 4205 Names: 1234 Exports: 1209 Imports: 10 Game: 801A
Loading Texture2D 040089_JinM_col1_N_r1 from package 00026762.upk
Loading Texture2D 040159_JinM_col1_S from package 00026762.upk
Loading Texture2D 040159_JinM_col1_M from package 00026762.upk
Loading Texture2D Mask_ck from package 00025178.upk
Loading Texture2D 040159_JinM_col1_D from package 00026762.upk
Loading TextureCube lenscube from package 00002640.upk
Loading Texture2D check from package 00002620.upk
Loading Material3 Moonpa_Body from package 00002620.upk
Loading Texture2D check_n from package 00002620.upk
Loading Texture2D Noise_Glass_000 from package 00012963.upk
Loading Texture2D Smoke_Pattern_001 from package 00012963.upk
Loading Texture2D Gradient_Wipe_BurnOut_Mask_TEST from package 00012963.upk
Loading Texture2D Gradient_Wipe_BurnOut_Mask from package 00012963.upk
Loading Texture2D Gradient_Line_003 from package 00012963.upk
Loading Texture2D CubemapFace0 from package 00002640.upk
Loading Texture2D CubemapFace1 from package 00002640.upk
Loading Texture2D CubemapFace2 from package 00002640.upk
Loading Texture2D CubemapFace3 from package 00002640.upk
Loading Texture2D CubemapFace4 from package 00002640.upk
Loading Texture2D CubemapFace5 from package 00002640.upk
Loading Texture2D Mask_Default from package 00025178.upk
Loaded in 0.17 sec, 3240 allocs, 1.86 MBytes serialized in 187400 calls.

Object info:
============
ClassName: SkeletalMesh3 ObjectName: 040159_JinM

    LODInfo[1] =
    {
        LODInfo[0] =
        {
            DisplayFactor = 0
            LODHysteresis = 0.02
            LODMaterialMap[0] = {}
            bEnableShadowCasting[2] = { true, true }
        }
    }
    Sockets[1] = { SkeletalMeshSocket'040159_JinM.SkeletalMeshSocket_55' }
    bHasVertexColors = false
    EnableTwistBoneFixers = true
    EnableClavicleFixer = true
    Materials[2] = { MaterialInstanceConstant'col1', MaterialInstanceConstant'Col_Hair_Acc' }


    Lods[1] =
    {
        Lods[0] =
        {
            Sections[2] =
            {
                Sections[0] = { Material=MaterialInstanceConstant'col1', FirstIndex=0, NumFaces=647 }
                Sections[1] = { Material=MaterialInstanceConstant'Col_Hair_Acc', FirstIndex=1941, NumFaces=128 }
            }
            NumVerts = 567
            IndexCount = 2325
            NumTexCoords = 1
        }
    }
    LodCount = 1
    MeshOrigin = { X=-0, Y=-0, Z=-0 }
    MeshScale = { X=1, Y=1, Z=1 }
    RotOrigin = { Yaw=0, Pitch=0, Roll=0 }
    BoneCount = 18

Object info:
============
ClassName: SkeletalMeshSocket ObjectName: SkeletalMeshSocket_55

    SocketName = FX_Add
    BoneName = FX_R
    RelativeLocation = { X=0.035933, Y=-2.08198, Z=-0.848098 }
    RelativeRotation = { Yaw=182, Pitch=0, Roll=-15473 }
    RelativeScale = { X=1, Y=1, Z=1 }
