Found 16187 game files (144 skipped)
Loading package: 00024023.upk Ver: 573/1 Engine: 4205 Names: 25 Exports: 4 Imports: 4 Game: 801A
Loading Texture2D JinF_047_col1_D from package 00024023.upk
Loading Texture2D JinF_047_col1_N from package 00024023.upk
Loaded in 0.018 sec, 113 allocs, 0.59 MBytes serialized in 626 calls.

Object info:
============
ClassName: Texture2D ObjectName: JinF_047_col1_D

    SizeX = 512
    SizeY = 1024
    Format = PF_DXT5 (7)
    AddressX = TA_Wrap (0)
    AddressY = TA_Wrap (0)
    TextureFileCacheName = None
    MipTailBaseIdx = 10
    bForcePVRTC4 = false
    UnpackMin[4] = { 0, 0, 0, 0 }
    UnpackMax[4] = { 1, 1, 1, 1 }

Object info:
============
ClassName: Texture2D ObjectName: JinF_047_col1_N

    SizeX = 512
    SizeY = 1024
    Format = PF_DXT5 (7)
    AddressX = TA_Wrap (0)
    AddressY = TA_Wrap (0)
    TextureFileCacheName = None
    MipTailBaseIdx = 10
    bForcePVRTC4 = false
    UnpackMin[4] = { 0, 0, 0, 0 }
    UnpackMax[4] = { 1, 1, 1, 1 }
