Found 16187 game files (144 skipped)
Loading package: 00020624.upk Ver: 573/1 Engine: 4205 Names: 67 Exports: 7 Imports: 12 Game: 801A
Loading SkeletalMesh3 990169_Autoscale from package 00020624.upk
WARNING: ObjectProperty "USkeletalMesh3::PhysMaterialOverride" was not found
Loading package: 00013358.upk Ver: 573/1 Engine: 4205 Names: 165 Exports: 142 Imports: 43 Game: 801A
Loading SkeletalMeshSocket SkeletalMeshSocket_160 from package 00020624.upk
Loading SkeletalMeshSocket SkeletalMeshSocket_161 from package 00020624.upk
Loading MaterialInstanceConstant col2 from package 00013358.upk
Loading package: 00013198.upk Ver: 573/1 Engine: 4205 Names: 36 Exports: 8 Imports: 2 Game: 801A
Loading package: 00002640.upk Ver: 573/1 Engine: 4205 Names: 340 Exports: 556 Imports: 5 Game: 801A
Loading package: 00012963.upk Ver: 573/1 Engine: 4205 Names: 1199 Exports: 1162 Imports: 10 Game: 801A
Loading Texture2D Weapon_110024_col2_n from package 00013198.upk
Loading Texture2D Weapon_110024_col2_d from package 00013198.upk
Loading Texture2D Weapon_110024_col2_s from package 00013198.upk
Loading TextureCube Cube_D from package 00002640.upk
Loading Texture2D Smoke_Pattern_001 from package 00012963.upk
Loading Texture2D Weapon_110024_FX from package 00013198.upk
Loading Material3 Basic_00013358 from package 00013358.upk
Loading package: 00002620.upk Ver: 573/1 Engine: 4205 Names: 500 Exports: 5733 Imports: 89 Game: 801A
Loading Texture2D CubemapFace0 from package 00002640.upk
Loading Texture2D CubemapFace1 from package 00002640.upk
Loading Texture2D CubemapFace2 from package 00002640.upk
Loading Texture2D CubemapFace3 from package 00002640.upk
Loading Texture2D CubemapFace4 from package 00002640.upk
Loading Texture2D CubemapFace5 from package 00002640.upk
Loading Texture2D check_n from package 00002620.upk
Loading Texture2D check from package 00002620.upk
Loading Texture2D Gradient_Line_003 from package 00012963.upk
Loaded in 0.068 sec, 2746 allocs, 0.92 MBytes serialized in 166131 calls.

Object info:
============
ClassName: SkeletalMesh3 ObjectName: 990169_Autoscale

    LODInfo[1] =
    {
        LODInfo[0] =
        {
            DisplayFactor = 0
            LODHysteresis = 0.02
            LODMaterialMap[0] = {}
            bEnableShadowCasting[1] = { true }
        }
    }
    Sockets[2] =
    {
        Sockets[0] = SkeletalMeshSocket'990169_Autoscale.SkeletalMeshSocket_160'
        Sockets[1] = SkeletalMeshSocket'990169_Autoscale.SkeletalMeshSocket_161'
    }
    bHasVertexColors = false
    EnableTwistBoneFixers = true
    EnableClavicleFixer = true
    Materials[1] = { MaterialInstanceConstant'col2' }


    Lods[1] =
    {
        Lods[0] =
        {
            Sections[1] =
            {
                Sections[0] = { Material=MaterialInstanceConstant'col2', FirstIndex=0, NumFaces=688 }
            }
            NumVerts = 554
            IndexCount = 2064
            NumTexCoords = 1
        }
    }
    LodCount = 1
    MeshOrigin = { X=-0, Y=-0, Z=-0 }
    MeshScale = { X=1, Y=1, Z=1 }
    RotOrigin = { Yaw=0, Pitch=0, Roll=0 }
    BoneCount = 1

Object info:
============
ClassName: SkeletalMeshSocket ObjectName: SkeletalMeshSocket_160

    SocketName = trail_start
    BoneName = WeaponRoot
    RelativeLocation = { X=0, Y=0, Z=0 }
    RelativeRotation = { Yaw=0, Pitch=0, Roll=0 }
    RelativeScale = { X=1, Y=1, Z=1 }

Object info:
============
ClassName: SkeletalMeshSocket ObjectName: SkeletalMeshSocket_161

    SocketName = trail_end
    BoneName = WeaponRoot
    RelativeLocation = { X=0, Y=0, Z=35 }
    RelativeRotation = { Yaw=0, Pitch=0, Roll=0 }
    RelativeScale = { X=1, Y=1, Z=1 }
