Found 18875 game files (36 skipped)
Loading package: 00020609.upk Ver: 573/1 Engine: 4205 Names: 188 Exports: 264 Imports: 55 Game: 801A
Loading Material3 body_JinSeoYeonM from package 00020609.upk
Loading package: 00002620.upk Ver: 573/1 Engine: 4205 Names: 560 Exports: 6612 Imports: 96 Game: 801A
Loading package: 00012963.upk Ver: 573/1 Engine: 4205 Names: 1219 Exports: 1194 Imports: 10 Game: 801A
Loading MaterialInstanceConstant col1 from package 00020609.upk
Loading package: 00020611.upk Ver: 573/1 Engine: 4205 Names: 48 Exports: 20 Imports: 4 Game: 801A
Loading package: 00002640.upk Ver: 573/1 Engine: 4205 Names: 340 Exports: 556 Imports: 5 Game: 801A
Loading MaterialInstanceConstant col1_1 from package 00020609.upk
Loading Texture2D check_n from package 00002620.upk
Loading Texture2D check from package 00002620.upk
Loading Texture2D Smoke_Pattern_001 from package 00012963.upk
Loading Texture2D Gradient_Line_003 from package 00012963.upk
Loading Texture2D Noise_Glass_000 from package 00012963.upk
Loading Texture2D Gradient_Wipe_BurnOut_Mask_TEST from package 00012963.upk
Loading Texture2D Gradient_Wipe_BurnOut_Mask from package 00012963.upk
Loading Texture2D JinSeoYeonM_col1_E from package 00020611.upk
Loading TextureCube lenscube from package 00002640.upk
Loading Texture2D JinSeoYeonM_col1_S from package 00020611.upk
Loading Texture2D JinSeoYeonM_col1_N from package 00020611.upk
Loading Texture2D JinSeoYeonM_col1_M from package 00020611.upk
Loading Texture2D JinSeoYeonM_col1_D from package 00020611.upk
Loading Texture2D JinSeoYeonM_col1_FX from package 00020611.upk
Loading TextureCube lenscube_a from package 00002640.upk
Loading Texture2D kunF_face_s from package 00020611.upk
Loading Texture2D kunF_face_n from package 00020611.upk
Loading Texture2D kunF_face_M from package 00020611.upk
Loading Texture2D kunF_face_D from package 00020611.upk
Loading Material3 body_kUN from package 00002620.upk
Loading Texture2D CubemapFace0 from package 00002640.upk
Loading Texture2D CubemapFace1 from package 00002640.upk
Loading Texture2D CubemapFace2 from package 00002640.upk
Loading Texture2D CubemapFace3 from package 00002640.upk
Loading Texture2D CubemapFace4 from package 00002640.upk
Loading Texture2D CubemapFace5 from package 00002640.upk
Loading Texture2D CubemapFace0 from package 00002640.upk
Loading Texture2D CubemapFace1 from package 00002640.upk
Loading Texture2D CubemapFace2 from package 00002640.upk
Loading Texture2D CubemapFace3 from package 00002640.upk
Loading Texture2D CubemapFace4 from package 00002640.upk
Loading Texture2D CubemapFace5 from package 00002640.upk
Loaded in 0.23 sec, 3267 allocs, 10.44 MBytes serialized in 171845 calls.

Object info:
============
ClassName: Material3 ObjectName: body_JinSeoYeonM

    TwoSided = true
    bDisableDepthTest = false
    bIsMasked = true
    ReferencedTextures[7] =
    {
        ReferencedTextures[0] = Texture2D'check_n'
        ReferencedTextures[1] = Texture2D'check'
        ReferencedTextures[2] = Texture2D'Smoke_Pattern_001'
        ReferencedTextures[3] = Texture2D'Gradient_Line_003'
        ReferencedTextures[4] = Texture2D'Noise_Glass_000'
        ReferencedTextures[5] = Texture2D'Gradient_Wipe_BurnOut_Mask_TEST'
        ReferencedTextures[6] = Texture2D'Gradient_Wipe_BurnOut_Mask'
    }
    BlendMode = BLEND_Masked (1)
    OpacityMaskClipValue = 0.333
    FlattenedTexture = None
    MobileBaseTexture = None
    MobileNormalTexture = None
    bUseMobileSpecular = false
    MobileSpecularPower = 16
    MobileSpecularMask = MSM_Constant (0)
    MobileMaskTexture = None

Object info:
============
ClassName: MaterialInstanceConstant ObjectName: col1

    ScalarParameterValues[14] =
    {
        ScalarParameterValues[0] = { ParameterName=Emissive_value, ParameterValue=3 }
        ScalarParameterValues[1] = { ParameterName=Emissive_value2, ParameterValue=0 }
        ScalarParameterValues[2] = { ParameterName=Fresnel exponent, ParameterValue=2 }
        ScalarParameterValues[3] = { ParameterName=Fresnel Value, ParameterValue=10 }
        ScalarParameterValues[4] = { ParameterName=Specular_value, ParameterValue=4 }
        ScalarParameterValues[5] = { ParameterName=Wear_glossiness1, ParameterValue=10 }
        ScalarParameterValues[6] = { ParameterName=Wear_glossiness2, ParameterValue=50 }
        ScalarParameterValues[7] = { ParameterName=Skin_glossiness, ParameterValue=10 }
        ScalarParameterValues[8] = { ParameterName=Transmission_value, ParameterValue=100 }
        ScalarParameterValues[9] = { ParameterName=HighLight_glossiness, ParameterValue=50 }
        ScalarParameterValues[10] = { ParameterName=HighLight_Value, ParameterValue=3 }
        ScalarParameterValues[11] = { ParameterName=Fresnel_Exp, ParameterValue=0.5 }
        ScalarParameterValues[12] = { ParameterName=Skin_Spec_value, ParameterValue=1 }
        ScalarParameterValues[13] = { ParameterName=Skin_Spec_value_X, ParameterValue=1 }
    }
    TextureParameterValues[7] =
    {
        TextureParameterValues[0] = { ParameterName=Emissive, ParameterValue=Texture2D'JinSeoYeonM_col1_E' }
        TextureParameterValues[1] = { ParameterName=rf_cube, ParameterValue=TextureCube'lenscube' }
        TextureParameterValues[2] = { ParameterName=Body_specular, ParameterValue=Texture2D'JinSeoYeonM_col1_S' }
        TextureParameterValues[3] = { ParameterName=Body_normal, ParameterValue=Texture2D'JinSeoYeonM_col1_N' }
        TextureParameterValues[4] = { ParameterName=Body_mask_RGB, ParameterValue=Texture2D'JinSeoYeonM_col1_M' }
        TextureParameterValues[5] = { ParameterName=Body_diffuse, ParameterValue=Texture2D'JinSeoYeonM_col1_D' }
        TextureParameterValues[6] = { ParameterName=FX_Add, ParameterValue=Texture2D'JinSeoYeonM_col1_FX' }
    }
    VectorParameterValues[12] =
    {
        VectorParameterValues[0] =
        {
            ParameterName = Reflection_value
            ParameterValue = { R=2, G=2, B=2, A=1 }
        }
        VectorParameterValues[1] =
        {
            ParameterName = skin_color
            ParameterValue = { R=1, G=1, B=1, A=1 }
        }
        VectorParameterValues[2] =
        {
            ParameterName = Fresnel_Power
            ParameterValue = { R=0, G=0, B=0, A=1 }
        }
        VectorParameterValues[3] =
        {
            ParameterName = Fresnel_color
            ParameterValue = { R=0, G=0, B=0, A=1 }
        }
        VectorParameterValues[4] =
        {
            ParameterName = Skin_Specular
            ParameterValue = { R=1, G=1, B=1, A=1 }
        }
        VectorParameterValues[5] =
        {
            ParameterName = Mesh_trangition
            ParameterValue = { R=0, G=0, B=0, A=1 }
        }
        VectorParameterValues[6] =
        {
            ParameterName = HighLight_Color
            ParameterValue = { R=0.560499, G=0.348865, B=0.166872, A=1 }
        }
        VectorParameterValues[7] =
        {
            ParameterName = Fresnel_skin_color2
            ParameterValue = { R=1, G=1.2, B=1.8, A=1 }
        }
        VectorParameterValues[8] =
        {
            ParameterName = Fresnel_skin_color1
            ParameterValue = { R=0.8, G=1.5, B=1.5, A=1 }
        }
        VectorParameterValues[9] =
        {
            ParameterName = Fx_Glow_color_A
            ParameterValue = { R=0, G=0, B=0, A=1 }
        }
        VectorParameterValues[10] =
        {
            ParameterName = Glow_Trangition_A
            ParameterValue = { R=0, G=0, B=0, A=1 }
        }
        VectorParameterValues[11] =
        {
            ParameterName = Fx_Glow_power_A
            ParameterValue = { R=0, G=0, B=0, A=1 }
        }
    }
    Parent = Material3'body_JinSeoYeonM'
    FlattenedTexture = None
    MobileBaseTexture = None
    MobileNormalTexture = None
    bUseMobileSpecular = false
    MobileSpecularPower = 16
    MobileSpecularMask = MSM_Constant (0)
    MobileMaskTexture = None

Object info:
============
ClassName: MaterialInstanceConstant ObjectName: col1_1

    ScalarParameterValues[14] =
    {
        ScalarParameterValues[0] = { ParameterName=Emissive_value, ParameterValue=2 }
        ScalarParameterValues[1] = { ParameterName=Emissive_value2, ParameterValue=0 }
        ScalarParameterValues[2] = { ParameterName=Fresnel exponent, ParameterValue=30 }
        ScalarParameterValues[3] = { ParameterName=Fresnel Value, ParameterValue=1 }
        ScalarParameterValues[4] = { ParameterName=Specular_value, ParameterValue=2 }
        ScalarParameterValues[5] = { ParameterName=Wear_glossiness1, ParameterValue=3 }
        ScalarParameterValues[6] = { ParameterName=Wear_glossiness2, ParameterValue=20 }
        ScalarParameterValues[7] = { ParameterName=Skin_glossiness, ParameterValue=20 }
        ScalarParameterValues[8] = { ParameterName=Transmission_value, ParameterValue=0 }
        ScalarParameterValues[9] = { ParameterName=HighLight_glossiness, ParameterValue=100 }
        ScalarParameterValues[10] = { ParameterName=HighLight_Value, ParameterValue=5 }
        ScalarParameterValues[11] = { ParameterName=Fresnel_Exp, ParameterValue=0.5 }
        ScalarParameterValues[12] = { ParameterName=Skin_Spec_value, ParameterValue=1 }
        ScalarParameterValues[13] = { ParameterName=Skin_Spec_value_X, ParameterValue=1 }
    }
    TextureParameterValues[6] =
    {
        TextureParameterValues[0] = { ParameterName=Emissive, ParameterValue=Texture2D'check' }
        TextureParameterValues[1] = { ParameterName=rf_cube, ParameterValue=TextureCube'lenscube_a' }
        TextureParameterValues[2] = { ParameterName=Body_specular, ParameterValue=Texture2D'kunF_face_s' }
        TextureParameterValues[3] = { ParameterName=Body_normal, ParameterValue=Texture2D'kunF_face_n' }
        TextureParameterValues[4] = { ParameterName=Body_mask_RGB, ParameterValue=Texture2D'kunF_face_M' }
        TextureParameterValues[5] = { ParameterName=Body_diffuse, ParameterValue=Texture2D'kunF_face_D' }
    }
    VectorParameterValues[9] =
    {
        VectorParameterValues[0] =
        {
            ParameterName = Reflection_value
            ParameterValue = { R=2, G=2, B=2, A=1 }
        }
        VectorParameterValues[1] =
        {
            ParameterName = skin_color
            ParameterValue = { R=1, G=1, B=1, A=1 }
        }
        VectorParameterValues[2] =
        {
            ParameterName = Fresnel_Power
            ParameterValue = { R=0, G=0, B=0, A=1 }
        }
        VectorParameterValues[3] =
        {
            ParameterName = Fresnel_color
            ParameterValue = { R=0, G=0, B=0, A=1 }
        }
        VectorParameterValues[4] =
        {
            ParameterName = Skin_Specular
            ParameterValue = { R=1, G=1, B=1, A=1 }
        }
        VectorParameterValues[5] =
        {
            ParameterName = Mesh_trangition
            ParameterValue = { R=0, G=0, B=0, A=1 }
        }
        VectorParameterValues[6] =
        {
            ParameterName = HighLight_Color
            ParameterValue = { R=1, G=1, B=1, A=1 }
        }
        VectorParameterValues[7] =
        {
            ParameterName = Fresnel_skin_color2
            ParameterValue = { R=1, G=1.2, B=1.8, A=1 }
        }
        VectorParameterValues[8] =
        {
            ParameterName = Fresnel_skin_color1
            ParameterValue = { R=0.8, G=1.5, B=1.5, A=1 }
        }
    }
    Parent = Material3'body_kUN'
    FlattenedTexture = None
    MobileBaseTexture = None
    MobileNormalTexture = None
    bUseMobileSpecular = false
    MobileSpecularPower = 16
    MobileSpecularMask = MSM_Constant (0)
    MobileMaskTexture = None
