Found 21974 game files (0 skipped)
Loading package: 00026925.upk Ver: 573/1 Engine: 4205 Names: 188 Exports: 198 Imports: 55 Game: 801A
Loading Material3 GolemLeaderLava_fx_w from package 00026925.upk
Loading package: 00002620.upk Ver: 573/1 Engine: 4205 Names: 560 Exports: 6612 Imports: 96 Game: 801A
Loading package: 00012963.upk Ver: 573/1 Engine: 4205 Names: 1236 Exports: 1211 Imports: 10 Game: 801A
Loading MaterialInstanceConstant col1 from package 00026925.upk
Loading package: 00026927.upk Ver: 573/1 Engine: 4205 Names: 31 Exports: 4 Imports: 2 Game: 801A
Loading package: 00008613.upk Ver: 573/1 Engine: 4205 Names: 95 Exports: 6 Imports: 12 Game: 801A
Loading package: 00002640.upk Ver: 573/1 Engine: 4205 Names: 340 Exports: 556 Imports: 5 Game: 801A
Loading Texture2D check_n from package 00002620.upk
Loading Texture2D lava01 from package 00012963.upk
Loading Texture2D Noise_Distortion_000 from package 00012963.upk
Loading Texture2D lava01N from package 00012963.upk
Loading Texture2D check from package 00002620.upk
Loading Texture2D Smoke_Pattern_001 from package 00012963.upk
Loading Texture2D Gradient_Line_003 from package 00012963.upk
Loading Texture2D Gradient_Wipe_BurnOut_Mask_TEST from package 00012963.upk
Loading Texture2D Gradient_Wipe_BurnOut_Mask from package 00012963.upk
Loading Texture2D HeukChunJu_04_N from package 00026927.upk
Loading Texture2D Nothing_B from package 00008613.upk
Loading Texture2D HeukChunJu_04_D from package 00026927.upk
Loading Texture2D HeukChunJu_04_S from package 00026927.upk
Loading TextureCube Cube_E from package 00002640.upk
Loading Texture2D HeukChunJu_04_E from package 00026927.upk
Loading Texture2D CubemapFace0 from package 00002640.upk
Loading Texture2D CubemapFace1 from package 00002640.upk
Loading Texture2D CubemapFace2 from package 00002640.upk
Loading Texture2D CubemapFace3 from package 00002640.upk
Loading Texture2D CubemapFace4 from package 00002640.upk
Loading Texture2D CubemapFace5 from package 00002640.upk
Loaded in 0.14 sec, 3042 allocs, 2.32 MBytes serialized in 167911 calls.

Object info:
============
ClassName: Material3 ObjectName: GolemLeaderLava_fx_w

    TwoSided = true
    bDisableDepthTest = false
    bIsMasked = true
    ReferencedTextures[9] =
    {
        ReferencedTextures[0] = Texture2D'check_n'
        ReferencedTextures[1] = Texture2D'lava01'
        ReferencedTextures[2] = Texture2D'Noise_Distortion_000'
        ReferencedTextures[3] = Texture2D'lava01N'
        ReferencedTextures[4] = Texture2D'check'
        ReferencedTextures[5] = Texture2D'Smoke_Pattern_001'
        ReferencedTextures[6] = Texture2D'Gradient_Line_003'
        ReferencedTextures[7] = Texture2D'Gradient_Wipe_BurnOut_Mask_TEST'
        ReferencedTextures[8] = Texture2D'Gradient_Wipe_BurnOut_Mask'
    }
    BlendMode = BLEND_Masked (1)
    OpacityMaskClipValue = 0.333
    FlattenedTexture = None
    MobileBaseTexture = None
    MobileNormalTexture = None
    bUseMobileSpecular = false
    MobileSpecularPower = 16
    MobileSpecularMask = MSM_Constant (0)
    MobileMaskTexture = None

Object info:
============
ClassName: MaterialInstanceConstant ObjectName: col1

    ScalarParameterValues[10] =
    {
        ScalarParameterValues[0] = { ParameterName=Transmission_value, ParameterValue=0.5 }
        ScalarParameterValues[1] = { ParameterName=Glossiness1, ParameterValue=60 }
        ScalarParameterValues[2] = { ParameterName=Glossiness2, ParameterValue=40 }
        ScalarParameterValues[3] = { ParameterName=Specular_value, ParameterValue=8 }
        ScalarParameterValues[4] = { ParameterName=HighLight_Value, ParameterValue=1 }
        ScalarParameterValues[5] = { ParameterName=HighLight_glossiness, ParameterValue=100 }
        ScalarParameterValues[6] = { ParameterName=Emissive_value, ParameterValue=3 }
        ScalarParameterValues[7] = { ParameterName=Emissive_value2, ParameterValue=0.8 }
        ScalarParameterValues[8] = { ParameterName=Fresnel Value, ParameterValue=8 }
        ScalarParameterValues[9] = { ParameterName=Fresnel exponent, ParameterValue=30 }
    }
    TextureParameterValues[6] =
    {
        TextureParameterValues[0] = { ParameterName=Normal, ParameterValue=Texture2D'HeukChunJu_04_N' }
        TextureParameterValues[1] = { ParameterName=Mask_GB, ParameterValue=Texture2D'Nothing_B' }
        TextureParameterValues[2] = { ParameterName=Diffuse, ParameterValue=Texture2D'HeukChunJu_04_D' }
        TextureParameterValues[3] = { ParameterName=Specular, ParameterValue=Texture2D'HeukChunJu_04_S' }
        TextureParameterValues[4] = { ParameterName=rf_cube, ParameterValue=TextureCube'Cube_E' }
        TextureParameterValues[5] = { ParameterName=Emissive, ParameterValue=Texture2D'HeukChunJu_04_E' }
    }
    VectorParameterValues[15] =
    {
        VectorParameterValues[0] =
        {
            ParameterName = AC_color
            ParameterValue = { R=1, G=1, B=1, A=1 }
        }
        VectorParameterValues[1] =
        {
            ParameterName = Mesh_trangition
            ParameterValue = { R=0, G=0, B=0, A=1 }
        }
        VectorParameterValues[2] =
        {
            ParameterName = AC_specular
            ParameterValue = { R=1, G=1, B=1, A=1 }
        }
        VectorParameterValues[3] =
        {
            ParameterName = Reflection_value
            ParameterValue = { R=0, G=0, B=0, A=1 }
        }
        VectorParameterValues[4] =
        {
            ParameterName = HighLight_Color
            ParameterValue = { R=1, G=1, B=1, A=1 }
        }
        VectorParameterValues[5] =
        {
            ParameterName = Fresnel_color
            ParameterValue = { R=0, G=0, B=0, A=1 }
        }
        VectorParameterValues[6] =
        {
            ParameterName = Fresnel_Power
            ParameterValue = { R=0, G=0, B=0, A=1 }
        }
        VectorParameterValues[7] =
        {
            ParameterName = Burn_Color
            ParameterValue = { R=0, G=0, B=0, A=1 }
        }
        VectorParameterValues[8] =
        {
            ParameterName = Fx_Glow_power_W
            ParameterValue = { R=0, G=0, B=0, A=1 }
        }
        VectorParameterValues[9] =
        {
            ParameterName = Glow_Trangition_W
            ParameterValue = { R=0, G=0, B=0, A=1 }
        }
        VectorParameterValues[10] =
        {
            ParameterName = fx_Glow_color_multi
            ParameterValue = { R=0.5, G=0.5, B=0.5, A=1 }
        }
        VectorParameterValues[11] =
        {
            ParameterName = Fx_Glow_color_W
            ParameterValue = { R=0, G=0, B=0, A=1 }
        }
        VectorParameterValues[12] =
        {
            ParameterName = Emi_Color
            ParameterValue = { R=0.5, G=0, B=0, A=1 }
        }
        VectorParameterValues[13] =
        {
            ParameterName = Lava_glow
            ParameterValue = { R=10, G=-1, B=0, A=1 }
        }
        VectorParameterValues[14] =
        {
            ParameterName = Lava_Color
            ParameterValue = { R=2, G=0.5, B=0.15, A=1 }
        }
    }
    Parent = Material3'GolemLeaderLava_fx_w'
    FlattenedTexture = None
    MobileBaseTexture = None
    MobileNormalTexture = None
    bUseMobileSpecular = false
    MobileSpecularPower = 16
    MobileSpecularMask = MSM_Constant (0)
    MobileMaskTexture = None
