Found 16186 game files (0 skipped)
Loading package: 00022465.upk Ver: 573/1 Engine: 4205 Names: 59 Exports: 5 Imports: 9 Game: 801A
Loading SkeletalMesh3 040095_JinF from package 00022465.upk
Loading package: 00022464.upk Ver: 573/1 Engine: 4205 Names: 94 Exports: 2 Imports: 23 Game: 801A
Loading MaterialInstanceConstant col1 from package 00022464.upk
Loading package: 00019949.upk Ver: 573/1 Engine: 4205 Names: 31 Exports: 4 Imports: 4 Game: 801A
Loading package: 00008613.upk Ver: 573/1 Engine: 4205 Names: 95 Exports: 6 Imports: 12 Game: 801A
Loading package: 00002620.upk Ver: 573/1 Engine: 4205 Names: 500 Exports: 5733 Imports: 89 Game: 801A
Loading MaterialInstanceConstant col1_1 from package 00022464.upk
Loading package: 00022463.upk Ver: 573/1 Engine: 4205 Names: 35 Exports: 6 Imports: 7 Game: 801A
Loading Texture2D JinF_043_col1_D from package 00019949.upk
Loading Texture2D JinF_043_col1_N from package 00019949.upk
Loading Texture2D Nothing_A from package 00008613.upk
Loading Material3 Beard_Ac from package 00002620.upk
Loading package: 00012963.upk Ver: 573/1 Engine: 4205 Names: 1199 Exports: 1162 Imports: 10 Game: 801A
Loading Texture2D 040095_JinF_col1_N from package 00022463.upk
Loading Texture2D 040095_JinF_col1_M from package 00022463.upk
Loading Texture2D 040095_JinF_col1_S from package 00022463.upk
Loading Texture2D 040095_JinF_col1_D from package 00022463.upk
Loading Texture2D check from package 00002620.upk
Loading Material3 Fur_Ac from package 00002620.upk
Loading Texture2D check_n from package 00002620.upk
Loading Texture2D Noise_Glass_000 from package 00012963.upk
Loading Texture2D Smoke_Pattern_001 from package 00012963.upk
Loading Texture2D Gradient_Wipe_BurnOut_Mask_TEST from package 00012963.upk
Loading Texture2D Gradient_Wipe_BurnOut_Mask from package 00012963.upk
Loading Texture2D Gradient_Line_003 from package 00012963.upk
Loaded in 0.096 sec, 2486 allocs, 1.45 MBytes serialized in 176772 calls.

Object info:
============
ClassName: SkeletalMesh3 ObjectName: 040095_JinF

    LODInfo[1] =
    {
        LODInfo[0] =
        {
            DisplayFactor = 0
            LODHysteresis = 0.02
            LODMaterialMap[0] = {}
            bEnableShadowCasting[2] = { true, true }
        }
    }
    Sockets[0] = {}
    bHasVertexColors = false
    EnableTwistBoneFixers = true
    EnableClavicleFixer = true
    Materials[2] = { MaterialInstanceConstant'col1', MaterialInstanceConstant'col1_1' }


    Lods[1] =
    {
        Lods[0] =
        {
            Sections[2] =
            {
                Sections[0] = { Material=MaterialInstanceConstant'col1_1', FirstIndex=0, NumFaces=820 }
                Sections[1] = { Material=MaterialInstanceConstant'col1', FirstIndex=2460, NumFaces=687 }
            }
            NumVerts = 1163
            IndexCount = 4521
            NumTexCoords = 1
        }
    }
    LodCount = 1
    MeshOrigin = { X=-0, Y=-0, Z=-0 }
    MeshScale = { X=1, Y=1, Z=1 }
    RotOrigin = { Yaw=0, Pitch=0, Roll=0 }
    BoneCount = 9
