Found 27000 game files (27 skipped)
Loading package: 00028404.upk Ver: 573/1 Engine: 4205 Names: 98 Exports: 2 Imports: 18 Game: 801A
Loading MaterialInstanceConstant col2 from package 00028404.upk
Loading package: 00002640.upk Ver: 573/1 Engine: 4205 Names: 340 Exports: 556 Imports: 5 Game: 801A
Loading package: 00002620.upk Ver: 573/1 Engine: 4205 Names: 560 Exports: 6612 Imports: 96 Game: 801A
Loading MaterialInstanceConstant col2_acc from package 00028404.upk
Loading TextureCube lenscube from package 00002640.upk
Loading Texture2D check from package 00002620.upk
Loading Material3 Body from package 00002620.upk
Loading package: 00012963.upk Ver: 573/1 Engine: 4205 Names: 1264 Exports: 1240 Imports: 10 Game: 801A
Loading TextureCube Cube_D from package 00002640.upk
Loading Material3 Blend_OP_TSx from package 00002620.upk
Loading Texture2D CubemapFace0 from package 00002640.upk
Loading Texture2D CubemapFace1 from package 00002640.upk
Loading Texture2D CubemapFace2 from package 00002640.upk
Loading Texture2D CubemapFace3 from package 00002640.upk
Loading Texture2D CubemapFace4 from package 00002640.upk
Loading Texture2D CubemapFace5 from package 00002640.upk
Loading Texture2D check_n from package 00002620.upk
Loading Texture2D Noise_Glass_000 from package 00012963.upk
Loading Texture2D Smoke_Pattern_001 from package 00012963.upk
Loading Texture2D Gradient_Wipe_BurnOut_Mask_TEST from package 00012963.upk
Loading Texture2D Gradient_Wipe_BurnOut_Mask from package 00012963.upk
Loading Texture2D Gradient_Line_003 from package 00012963.upk
Loading Texture2D CubemapFace0 from package 00002640.upk
Loading Texture2D CubemapFace1 from package 00002640.upk
Loading Texture2D CubemapFace2 from package 00002640.upk
Loading Texture2D CubemapFace3 from package 00002640.upk
Loading Texture2D CubemapFace4 from package 00002640.upk
Loading Texture2D CubemapFace5 from package 00002640.upk
Loaded in 0.092 sec, 2785 allocs, 0.86 MBytes serialized in 163803 calls.

Object info:
============
ClassName: MaterialInstanceConstant ObjectName: col2

    ScalarParameterValues[13] =
    {
        ScalarParameterValues[0] = { ParameterName=Transmission_value, ParameterValue=0 }
        ScalarParameterValues[1] = { ParameterName=Skin_glossiness, ParameterValue=3.5 }
        ScalarParameterValues[2] = { ParameterName=Wear_glossiness1, ParameterValue=2 }
        ScalarParameterValues[3] = { ParameterName=Wear_glossiness2, ParameterValue=7 }
        ScalarParameterValues[4] = { ParameterName=Skin_Spec_value, ParameterValue=1 }
        ScalarParameterValues[5] = { ParameterName=HighLight_Value, ParameterValue=2 }
        ScalarParameterValues[6] = { ParameterName=HighLight_glossiness, ParameterValue=40 }
        ScalarParameterValues[7] = { ParameterName=Emissive_value, ParameterValue=2 }
        ScalarParameterValues[8] = { ParameterName=Emissive_value2, ParameterValue=0 }
        ScalarParameterValues[9] = { ParameterName=Fresnel Value, ParameterValue=5 }
        ScalarParameterValues[10] = { ParameterName=Fresnel exponent, ParameterValue=5 }
        ScalarParameterValues[11] = { ParameterName=Specular_value, ParameterValue=1.2 }
        ScalarParameterValues[12] = { ParameterName=Skin_Spec_value_X, ParameterValue=1 }
    }
    TextureParameterValues[6] =
    {
        TextureParameterValues[0] = { ParameterName=Body_normal, ParameterValue=None }
        TextureParameterValues[1] = { ParameterName=Body_mask_RGB, ParameterValue=None }
        TextureParameterValues[2] = { ParameterName=Body_diffuse, ParameterValue=None }
        TextureParameterValues[3] = { ParameterName=Body_specular, ParameterValue=None }
        TextureParameterValues[4] = { ParameterName=rf_cube, ParameterValue=TextureCube'lenscube' }
        TextureParameterValues[5] = { ParameterName=Emissive, ParameterValue=Texture2D'check' }
    }
    VectorParameterValues[10] =
    {
        VectorParameterValues[0] =
        {
            ParameterName = Mesh_trangition
            ParameterValue = { R=0, G=0, B=0, A=1 }
        }
        VectorParameterValues[1] =
        {
            ParameterName = Skin_Specular
            ParameterValue = { R=1, G=1, B=1, A=1 }
        }
        VectorParameterValues[2] =
        {
            ParameterName = Reflection_value
            ParameterValue = { R=0.88318, G=0.781751, B=0.499505, A=1 }
        }
        VectorParameterValues[3] =
        {
            ParameterName = HighLight_Color
            ParameterValue = { R=0.573159, G=0.907547, B=0.88318, A=1 }
        }
        VectorParameterValues[4] =
        {
            ParameterName = Fresnel_color
            ParameterValue = { R=0, G=0, B=0, A=1 }
        }
        VectorParameterValues[5] =
        {
            ParameterName = Fresnel_Power
            ParameterValue = { R=0, G=0, B=0, A=1 }
        }
        VectorParameterValues[6] =
        {
            ParameterName = skin_color
            ParameterValue = { R=1, G=1, B=1, A=1 }
        }
        VectorParameterValues[7] =
        {
            ParameterName = Burn_Color
            ParameterValue = { R=0, G=0, B=0, A=1 }
        }
        VectorParameterValues[8] =
        {
            ParameterName = AC_color
            ParameterValue = { R=1, G=1, B=1, A=1 }
        }
        VectorParameterValues[9] =
        {
            ParameterName = AC_specular
            ParameterValue = { R=1, G=1, B=1, A=1 }
        }
    }
    Parent = Material3'Body'
    FlattenedTexture = None
    MobileBaseTexture = None
    MobileNormalTexture = None
    bUseMobileSpecular = false
    MobileSpecularPower = 16
    MobileSpecularMask = MSM_Constant (0)
    MobileMaskTexture = None

Object info:
============
ClassName: MaterialInstanceConstant ObjectName: col2_acc

    ScalarParameterValues[4] =
    {
        ScalarParameterValues[0] = { ParameterName=Fresnel_Exp, ParameterValue=0.5 }
        ScalarParameterValues[1] = { ParameterName=Specular_value, ParameterValue=2 }
        ScalarParameterValues[2] = { ParameterName=Lens_spec_Power, ParameterValue=2 }
        ScalarParameterValues[3] = { ParameterName=Opacity, ParameterValue=0.8 }
    }
    TextureParameterValues[4] =
    {
        TextureParameterValues[0] = { ParameterName=Normal, ParameterValue=None }
        TextureParameterValues[1] = { ParameterName=Diffuse, ParameterValue=None }
        TextureParameterValues[2] = { ParameterName=Specular, ParameterValue=None }
        TextureParameterValues[3] = { ParameterName=Lens_spec_cube, ParameterValue=TextureCube'Cube_D' }
    }
    VectorParameterValues[3] =
    {
        VectorParameterValues[0] =
        {
            ParameterName = Fresnel_color
            ParameterValue = { R=0, G=0, B=0, A=1 }
        }
        VectorParameterValues[1] =
        {
            ParameterName = Fresnel_Power
            ParameterValue = { R=0, G=0, B=0, A=1 }
        }
        VectorParameterValues[2] =
        {
            ParameterName = Mesh_trangition
            ParameterValue = { R=0, G=0, B=0, A=1 }
        }
    }
    Parent = Material3'Blend_OP_TSx'
    FlattenedTexture = None
    MobileBaseTexture = None
    MobileNormalTexture = None
    bUseMobileSpecular = false
    MobileSpecularPower = 16
    MobileSpecularMask = MSM_Constant (0)
    MobileMaskTexture = None
