Found 19856 game files (132 skipped)
Loading package: 00029545.upk Ver: 573/1 Engine: 4205 Names: 27 Exports: 4 Imports: 4 Game: 801A
Loading Texture2D 020027_LynM_col1_D from package 00029545.upk
Loading Texture2D 020027_LynM_col1_S from package 00029545.upk
Loaded in 0.008 sec, 76 allocs, 0.05 MBytes serialized in 445 calls.

Object info:
============
ClassName: Texture2D ObjectName: 020027_LynM_col1_D

    SizeX = 512
    SizeY = 256
    Format = PF_DXT5 (7)
    AddressX = TA_Wrap (0)
    AddressY = TA_Wrap (0)
    TextureFileCacheName = None
    MipTailBaseIdx = 0
    bForcePVRTC4 = false
    UnpackMin[4] = { 0, 0, 0, 0 }
    UnpackMax[4] = { 1, 1, 1, 1 }

Object info:
============
ClassName: Texture2D ObjectName: 020027_LynM_col1_S

    SizeX = 512
    SizeY = 256
    Format = PF_DXT1 (5)
    AddressX = TA_Wrap (0)
    AddressY = TA_Wrap (0)
    TextureFileCacheName = None
    MipTailBaseIdx = 9
    bForcePVRTC4 = false
    UnpackMin[4] = { 0, 0, 0, 0 }
    UnpackMax[4] = { 1, 1, 1, 1 }
