Found 21310 game files (132 skipped)
Loading package: 00026174.upk Ver: 573/1 Engine: 4205 Names: 97 Exports: 13 Imports: 13 Game: 801A
Loading SkeletalMesh3 010077_JinM from package 00026174.upk
Loading package: 00026175.upk Ver: 573/1 Engine: 4205 Names: 140 Exports: 2 Imports: 25 Game: 801A
Loading MaterialInstanceConstant Col_Face_Acc from package 00026175.upk
Loading package: 00026176.upk Ver: 573/1 Engine: 4205 Names: 32 Exports: 4 Imports: 2 Game: 801A
Loading package: 00002640.upk Ver: 573/1 Engine: 4205 Names: 340 Exports: 556 Imports: 5 Game: 801A
Loading package: 00002620.upk Ver: 573/1 Engine: 4205 Names: 560 Exports: 6612 Imports: 96 Game: 801A
Loading MaterialInstanceConstant Col_Acc from package 00026175.upk
Loading Texture2D 010077_JinM_col1_N from package 00026176.upk
Loading TextureCube lenscube_a from package 00002640.upk
Loading Texture2D check from package 00002620.upk
Loading Texture2D 010077_JinM_col1_S from package 00026176.upk
Loading Texture2D 010077_JinM_col1_M from package 00026176.upk
Loading Texture2D 010077_JinM_col1_D from package 00026176.upk
Loading Material3 Moonpa_Body from package 00002620.upk
Loading package: 00025178.upk Ver: 573/1 Engine: 4205 Names: 69 Exports: 39 Imports: 2 Game: 801A
Loading package: 00012963.upk Ver: 573/1 Engine: 4205 Names: 1234 Exports: 1209 Imports: 10 Game: 801A
Loading Texture2D Lens_n from package 00002620.upk
Loading TextureCube mirror2 from package 00002640.upk
Loading TextureCube eye_s from package 00002640.upk
Loading Material3 Lens from package 00002620.upk
Loading Texture2D CubemapFace0 from package 00002640.upk
Loading Texture2D CubemapFace1 from package 00002640.upk
Loading Texture2D CubemapFace2 from package 00002640.upk
Loading Texture2D CubemapFace3 from package 00002640.upk
Loading Texture2D CubemapFace4 from package 00002640.upk
Loading Texture2D CubemapFace5 from package 00002640.upk
Loading Texture2D Mask_Default from package 00025178.upk
Loading Texture2D check_n from package 00002620.upk
Loading Texture2D Noise_Glass_000 from package 00012963.upk
Loading Texture2D Smoke_Pattern_001 from package 00012963.upk
Loading Texture2D Gradient_Wipe_BurnOut_Mask_TEST from package 00012963.upk
Loading Texture2D Gradient_Wipe_BurnOut_Mask from package 00012963.upk
Loading Texture2D Gradient_Line_003 from package 00012963.upk
Loading Texture2D CubemapFace0 from package 00002640.upk
Loading Texture2D CubemapFace1 from package 00002640.upk
Loading Texture2D CubemapFace2 from package 00002640.upk
Loading Texture2D CubemapFace3 from package 00002640.upk
Loading Texture2D CubemapFace4 from package 00002640.upk
Loading Texture2D CubemapFace5 from package 00002640.upk
Loading Texture2D CubemapFace0 from package 00002640.upk
Loading Texture2D CubemapFace1 from package 00002640.upk
Loading Texture2D CubemapFace2 from package 00002640.upk
Loading Texture2D CubemapFace3 from package 00002640.upk
Loading Texture2D CubemapFace4 from package 00002640.upk
Loading Texture2D CubemapFace5 from package 00002640.upk
Loaded in 0.28 sec, 3377 allocs, 1.26 MBytes serialized in 177023 calls.

Object info:
============
ClassName: SkeletalMesh3 ObjectName: 010077_JinM

    LODInfo[1] =
    {
        LODInfo[0] =
        {
            DisplayFactor = 0
            LODHysteresis = 0.02
            LODMaterialMap[0] = {}
            bEnableShadowCasting[2] = { true, true }
        }
    }
    Sockets[0] = {}
    bHasVertexColors = false
    EnableTwistBoneFixers = true
    EnableClavicleFixer = true
    Materials[2] = { MaterialInstanceConstant'Col_Face_Acc', MaterialInstanceConstant'Col_Acc' }


    Lods[1] =
    {
        Lods[0] =
        {
            Sections[2] =
            {
                Sections[0] = { Material=MaterialInstanceConstant'Col_Face_Acc', FirstIndex=0, NumFaces=259 }
                Sections[1] = { Material=MaterialInstanceConstant'Col_Acc', FirstIndex=777, NumFaces=4 }
            }
            NumVerts = 235
            IndexCount = 789
            NumTexCoords = 1
        }
    }
    LodCount = 1
    MeshOrigin = { X=-0, Y=-0, Z=-0 }
    MeshScale = { X=1, Y=1, Z=1 }
    RotOrigin = { Yaw=0, Pitch=0, Roll=0 }
    BoneCount = 11
