Found 18875 game files (36 skipped)
Loading package: 00028271.upk Ver: 573/1 Engine: 4205 Names: 100 Exports: 18 Imports: 15 Game: 801A
Loading SkeletalMesh3 040163_LynF from package 00028271.upk
Loading package: 00028275.upk Ver: 573/1 Engine: 4205 Names: 118 Exports: 2 Imports: 26 Game: 801A
Loading MaterialInstanceConstant col1 from package 00028275.upk
Loading package: 00019979.upk Ver: 573/1 Engine: 4205 Names: 31 Exports: 4 Imports: 4 Game: 801A
Loading package: 00008613.upk Ver: 573/1 Engine: 4205 Names: 95 Exports: 6 Imports: 12 Game: 801A
Loading package: 00002620.upk Ver: 573/1 Engine: 4205 Names: 560 Exports: 6612 Imports: 96 Game: 801A
Loading MaterialInstanceConstant col1_acc from package 00028275.upk
Loading package: 00028183.upk Ver: 573/1 Engine: 4205 Names: 41 Exports: 10 Imports: 4 Game: 801A
Loading package: 00002640.upk Ver: 573/1 Engine: 4205 Names: 340 Exports: 556 Imports: 5 Game: 801A
Loading Texture2D JinF_042_col1_D from package 00019979.upk
Loading Texture2D JinF_042_col1_N from package 00019979.upk
Loading Texture2D Nothing_A from package 00008613.upk
Loading Material3 Beard_Ac from package 00002620.upk
Loading package: 00012963.upk Ver: 573/1 Engine: 4205 Names: 1219 Exports: 1194 Imports: 10 Game: 801A
Loading Texture2D 040163_JinF_Col1_N from package 00028183.upk
Loading Texture2D 040163_JinF_Col1_M from package 00028183.upk
Loading Texture2D 040163_JinF_Col1_D from package 00028183.upk
Loading Texture2D 040163_JinF_Col1_S from package 00028183.upk
Loading TextureCube Cube_D from package 00002640.upk
Loading Texture2D 040163_JinF_Col1_E from package 00028183.upk
WARNING: ByteProperty "UTexture2D::ManualLoadSwitchSettings" was not found
Loading Material3 Basic from package 00002620.upk
Loading Texture2D check_n from package 00002620.upk
Loading Texture2D Noise_Glass_000 from package 00012963.upk
Loading Texture2D Smoke_Pattern_001 from package 00012963.upk
Loading Texture2D Gradient_Wipe_BurnOut_Mask_TEST from package 00012963.upk
Loading Texture2D Gradient_Wipe_BurnOut_Mask from package 00012963.upk
Loading Texture2D check from package 00002620.upk
Loading Texture2D Gradient_Line_003 from package 00012963.upk
Loading Texture2D CubemapFace0 from package 00002640.upk
Loading Texture2D CubemapFace1 from package 00002640.upk
Loading Texture2D CubemapFace2 from package 00002640.upk
Loading Texture2D CubemapFace3 from package 00002640.upk
Loading Texture2D CubemapFace4 from package 00002640.upk
Loading Texture2D CubemapFace5 from package 00002640.upk
Loaded in 0.13 sec, 3149 allocs, 1.78 MBytes serialized in 266886 calls.

Object info:
============
ClassName: SkeletalMesh3 ObjectName: 040163_LynF

    LODInfo[1] =
    {
        LODInfo[0] =
        {
            DisplayFactor = 0
            LODHysteresis = 0.02
            LODMaterialMap[0] = {}
            bEnableShadowCasting[2] = { true, true }
        }
    }
    Sockets[0] = {}
    bHasVertexColors = false
    EnableTwistBoneFixers = true
    EnableClavicleFixer = true
    Materials[2] = { MaterialInstanceConstant'col1', MaterialInstanceConstant'col1_acc' }


    Lods[1] =
    {
        Lods[0] =
        {
            Sections[2] =
            {
                Sections[0] = { Material=MaterialInstanceConstant'col1_acc', FirstIndex=0, NumFaces=2491 }
                Sections[1] = { Material=MaterialInstanceConstant'col1', FirstIndex=7473, NumFaces=1085 }
            }
            NumVerts = 3058
            IndexCount = 10728
            NumTexCoords = 1
        }
    }
    LodCount = 1
    MeshOrigin = { X=-0, Y=-0, Z=-0 }
    MeshScale = { X=1, Y=1, Z=1 }
    RotOrigin = { Yaw=0, Pitch=0, Roll=0 }
    BoneCount = 12
