Found 19856 game files (132 skipped)
Loading package: 00029608.upk Ver: 573/1 Engine: 4205 Names: 26 Exports: 4 Imports: 4 Game: 801A
Loading Texture2D 020032_LynM_col1_D from package 00029608.upk
Loading Texture2D 020032_LynM_col1_S from package 00029608.upk
Loaded in 0.016 sec, 108 allocs, 0.28 MBytes serialized in 600 calls.

Object info:
============
ClassName: Texture2D ObjectName: 020032_LynM_col1_D

    SizeX = 1024
    SizeY = 512
    Format = PF_DXT5 (7)
    AddressX = TA_Wrap (0)
    AddressY = TA_Wrap (0)
    TextureFileCacheName = None
    MipTailBaseIdx = 10
    bForcePVRTC4 = false
    UnpackMin[4] = { 0, 0, 0, 0 }
    UnpackMax[4] = { 1, 1, 1, 1 }

Object info:
============
ClassName: Texture2D ObjectName: 020032_LynM_col1_S

    SizeX = 1024
    SizeY = 512
    Format = PF_DXT1 (5)
    AddressX = TA_Wrap (0)
    AddressY = TA_Wrap (0)
    TextureFileCacheName = None
    MipTailBaseIdx = 10
    bForcePVRTC4 = false
    UnpackMin[4] = { 0, 0, 0, 0 }
    UnpackMax[4] = { 1, 1, 1, 1 }
