Found 19856 game files (132 skipped)
Loading package: 00027194.upk Ver: 573/1 Engine: 4205 Names: 103 Exports: 1 Imports: 25 Game: 801A
Loading MaterialInstanceConstant col2 from package 00027194.upk
Loading package: 00023838.upk Ver: 573/1 Engine: 4205 Names: 40 Exports: 10 Imports: 2 Game: 801A
Loading package: 00012963.upk Ver: 573/1 Engine: 4205 Names: 1223 Exports: 1198 Imports: 10 Game: 801A
Loading package: 00002640.upk Ver: 573/1 Engine: 4205 Names: 340 Exports: 556 Imports: 5 Game: 801A
Loading package: 00002620.upk Ver: 573/1 Engine: 4205 Names: 560 Exports: 6612 Imports: 96 Game: 801A
Loading package: 00023839.upk Ver: 573/1 Engine: 4205 Names: 180 Exports: 170 Imports: 49 Game: 801A
Loading Texture2D 990112_DemonGorilla_col1_N from package 00023838.upk
Loading Texture2D 990112_DemonGorilla_col1_M from package 00023838.upk
Loading Texture2D 990112_DemonGorilla_col2_D from package 00023838.upk
Loading Texture2D Smoke_Pattern_001 from package 00012963.upk
Loading Texture2D 990112_DemonGorilla_col2_S from package 00023838.upk
Loading TextureCube lenscube_a from package 00002640.upk
Loading Texture2D 990112_DemonGorilla_col2_E from package 00023838.upk
WARNING: ByteProperty "UTexture2D::ManualLoadSwitchSettings" was not found
Loading Texture2D FX_DemonGorillaACC_Mash from package 00023838.upk
Loading Texture2D check from package 00002620.upk
Loading Material3 Body_DemonGorillaACC_FX from package 00023839.upk
Loading package: 00008436.upk Ver: 573/1 Engine: 4205 Names: 37 Exports: 9 Imports: 2 Game: 801A
Loading Texture2D CubemapFace0 from package 00002640.upk
Loading Texture2D CubemapFace1 from package 00002640.upk
Loading Texture2D CubemapFace2 from package 00002640.upk
Loading Texture2D CubemapFace3 from package 00002640.upk
Loading Texture2D CubemapFace4 from package 00002640.upk
Loading Texture2D CubemapFace5 from package 00002640.upk
Loading Texture2D check_n from package 00002620.upk
Loading Texture2D Monster_Beast_FireGorillaA_FX_LL from package 00008436.upk
Loading Texture2D Gradient_Line_003 from package 00012963.upk
Loading Texture2D FX_DemonGorillaACC_Mash2 from package 00023838.upk
Loading Texture2D Gradient_Wipe_BurnOut_Mask_TEST from package 00012963.upk
Loading Texture2D Gradient_Wipe_BurnOut_Mask from package 00012963.upk
Loaded in 0.14 sec, 3095 allocs, 1.31 MBytes serialized in 167591 calls.

Object info:
============
ClassName: MaterialInstanceConstant ObjectName: col2

    ScalarParameterValues[11] =
    {
        ScalarParameterValues[0] = { ParameterName=Transmission_value, ParameterValue=2 }
        ScalarParameterValues[1] = { ParameterName=Skin_glossiness, ParameterValue=1 }
        ScalarParameterValues[2] = { ParameterName=Wear_glossiness1, ParameterValue=2 }
        ScalarParameterValues[3] = { ParameterName=Wear_glossiness2, ParameterValue=10 }
        ScalarParameterValues[4] = { ParameterName=Skin_Spec_value, ParameterValue=2 }
        ScalarParameterValues[5] = { ParameterName=HighLight_Value, ParameterValue=8 }
        ScalarParameterValues[6] = { ParameterName=HighLight_glossiness, ParameterValue=500 }
        ScalarParameterValues[7] = { ParameterName=Emissive_value, ParameterValue=2 }
        ScalarParameterValues[8] = { ParameterName=Emissive_value2, ParameterValue=4 }
        ScalarParameterValues[9] = { ParameterName=Fresnel Value, ParameterValue=5 }
        ScalarParameterValues[10] = { ParameterName=Fresnel exponent, ParameterValue=15 }
    }
    TextureParameterValues[9] =
    {
        TextureParameterValues[0] = { ParameterName=Body_normal, ParameterValue=Texture2D'990112_DemonGorilla_col1_N' }
        TextureParameterValues[1] =
        {
            ParameterName = Body_mask_RGB
            ParameterValue = Texture2D'990112_DemonGorilla_col1_M'
        }
        TextureParameterValues[2] =
        {
            ParameterName = Body_diffuse
            ParameterValue = Texture2D'990112_DemonGorilla_col2_D'
        }
        TextureParameterValues[3] = { ParameterName=Mask_FX_Texture, ParameterValue=Texture2D'Smoke_Pattern_001' }
        TextureParameterValues[4] =
        {
            ParameterName = Body_specular
            ParameterValue = Texture2D'990112_DemonGorilla_col2_S'
        }
        TextureParameterValues[5] = { ParameterName=rf_cube, ParameterValue=TextureCube'lenscube_a' }
        TextureParameterValues[6] = { ParameterName=Emissive, ParameterValue=Texture2D'990112_DemonGorilla_col2_E' }
        TextureParameterValues[7] = { ParameterName=FX_Add, ParameterValue=Texture2D'FX_DemonGorillaACC_Mash' }
        TextureParameterValues[8] = { ParameterName=Mask_GB, ParameterValue=Texture2D'check' }
    }
    VectorParameterValues[12] =
    {
        VectorParameterValues[0] =
        {
            ParameterName = Mesh_trangition
            ParameterValue = { R=0, G=0, B=0, A=1 }
        }
        VectorParameterValues[1] =
        {
            ParameterName = Skin_Specular
            ParameterValue = { R=1, G=1, B=1, A=1 }
        }
        VectorParameterValues[2] =
        {
            ParameterName = Reflection_value
            ParameterValue = { R=0.827726, G=0.511398, B=0.009021, A=1 }
        }
        VectorParameterValues[3] =
        {
            ParameterName = HighLight_Color
            ParameterValue = { R=1, G=1, B=1, A=1 }
        }
        VectorParameterValues[4] =
        {
            ParameterName = Burn_Color
            ParameterValue = { R=0, G=0, B=0, A=1 }
        }
        VectorParameterValues[5] =
        {
            ParameterName = Fire_Color
            ParameterValue = { R=0, G=0, B=0, A=1 }
        }
        VectorParameterValues[6] =
        {
            ParameterName = Fresnel
            ParameterValue = { R=0, G=0, B=0, A=1 }
        }
        VectorParameterValues[7] =
        {
            ParameterName = skin_color
            ParameterValue = { R=1, G=1, B=1, A=1 }
        }
        VectorParameterValues[8] =
        {
            ParameterName = Fx_Glow_color
            ParameterValue = { R=0, G=0, B=0, A=1 }
        }
        VectorParameterValues[9] =
        {
            ParameterName = Glow_Trangition
            ParameterValue = { R=0, G=0, B=0, A=1 }
        }
        VectorParameterValues[10] =
        {
            ParameterName = Fx_Glow_power
            ParameterValue = { R=0, G=0, B=0, A=1 }
        }
        VectorParameterValues[11] =
        {
            ParameterName = fx_color
            ParameterValue = { R=1, G=2, B=1, A=0 }
        }
    }
    Parent = Material3'Body_DemonGorillaACC_FX'
    FlattenedTexture = None
    MobileBaseTexture = None
    MobileNormalTexture = None
    bUseMobileSpecular = false
    MobileSpecularPower = 16
    MobileSpecularMask = MSM_Constant (0)
    MobileMaskTexture = None
