Found 21974 game files (0 skipped)
Loading package: 00026796.upk Ver: 573/1 Engine: 4205 Names: 365 Exports: 216 Imports: 160 Game: 801A
Loading AnimSet iorak_Animset from package 00026796.upk
WARNING: BoolProperty "UAnimSet::bServiced" was not found
WARNING: ArrayProperty "UAnimSet::AdjustAniScaleBoneNames" was not found
WARNING: ArrayProperty "UAnimSet::RefSequences" was not found
WARNING: ArrayProperty "UAnimSet::PhysicalHitBoneNames" was not found
Loading AnimSequence AnimSequence_14 from package 00026796.upk
WARNING: BoolProperty "UAnimSequence::bIgnoreAimControl" was not found
WARNING: BoolProperty "UAnimSequence::bServiced" was not found
WARNING: ByteProperty "UAnimSequence::WeaponRLocType" was not found
WARNING: ByteProperty "UAnimSequence::WeaponLLocType" was not found
Loading AnimNotify_Sound AnimNotify_Sound_31 from package 00026796.upk
WARNING: FloatProperty "UAnimNotify_Sound::SoundVolume" was not found
Loading AnimSequence AnimSequence_15 from package 00026796.upk
WARNING: BoolProperty "UAnimSequence::bIgnoreAimControl" was not found
WARNING: BoolProperty "UAnimSequence::bServiced" was not found
WARNING: ByteProperty "UAnimSequence::WeaponRLocType" was not found
WARNING: ByteProperty "UAnimSequence::WeaponLLocType" was not found
Loading AnimNotify_Sound AnimNotify_Sound_32 from package 00026796.upk
Loading AnimSequence AnimSequence_18 from package 00026796.upk
WARNING: BoolProperty "UAnimSequence::bIgnoreAimControl" was not found
WARNING: BoolProperty "UAnimSequence::bServiced" was not found
WARNING: ByteProperty "UAnimSequence::WeaponRLocType" was not found
WARNING: ByteProperty "UAnimSequence::WeaponLLocType" was not found
Loading AnimNotify_Sound AnimNotify_Sound_33 from package 00026796.upk
WARNING: FloatProperty "UAnimNotify_Sound::SoundVolume" was not found
Loading AnimSequence AnimSequence_19 from package 00026796.upk
WARNING: BoolProperty "UAnimSequence::bIgnoreAimControl" was not found
WARNING: BoolProperty "UAnimSequence::bServiced" was not found
WARNING: ByteProperty "UAnimSequence::WeaponRLocType" was not found
WARNING: ByteProperty "UAnimSequence::WeaponLLocType" was not found
Loading AnimNotify_Sound AnimNotify_Sound_34 from package 00026796.upk
Loading AnimSequence AnimSequence_21 from package 00026796.upk
WARNING: BoolProperty "UAnimSequence::bIgnoreAimControl" was not found
WARNING: BoolProperty "UAnimSequence::bServiced" was not found
WARNING: ByteProperty "UAnimSequence::WeaponRLocType" was not found
WARNING: ByteProperty "UAnimSequence::WeaponLLocType" was not found
Loading AnimNotify_Sound AnimNotify_Sound_35 from package 00026796.upk
Loading AnimNotify_Sound AnimNotify_Sound_36 from package 00026796.upk
WARNING: FloatProperty "UAnimNotify_Sound::SoundVolume" was not found
Loading AnimSequence AnimSequence_22 from package 00026796.upk
WARNING: BoolProperty "UAnimSequence::bIgnoreAimControl" was not found
WARNING: BoolProperty "UAnimSequence::bServiced" was not found
WARNING: ByteProperty "UAnimSequence::WeaponRLocType" was not found
WARNING: ByteProperty "UAnimSequence::WeaponLLocType" was not found
Loading AnimNotify_Sound AnimNotify_Sound_37 from package 00026796.upk
Loading AnimNotify_Sound AnimNotify_Sound_38 from package 00026796.upk
Loading AnimSequence AnimSequence_23 from package 00026796.upk
WARNING: BoolProperty "UAnimSequence::bIgnoreAimControl" was not found
WARNING: BoolProperty "UAnimSequence::bServiced" was not found
WARNING: ByteProperty "UAnimSequence::WeaponRLocType" was not found
WARNING: ByteProperty "UAnimSequence::WeaponLLocType" was not found
Loading AnimNotify_Sound AnimNotify_Sound_30 from package 00026796.upk
WARNING: FloatProperty "UAnimNotify_Sound::SoundVolume" was not found
Loading AnimSequence AnimSequence_24 from package 00026796.upk
WARNING: BoolProperty "UAnimSequence::bIgnoreAimControl" was not found
WARNING: BoolProperty "UAnimSequence::bServiced" was not found
WARNING: ByteProperty "UAnimSequence::WeaponRLocType" was not found
WARNING: ByteProperty "UAnimSequence::WeaponLLocType" was not found
WARNING: ByteProperty "UAnimSequence::NamePlateControlMode" was not found
Loading AnimNotify_Sound AnimNotify_Sound_28 from package 00026796.upk
Loading AnimNotify_Sound AnimNotify_Sound_29 from package 00026796.upk
Loading AnimSequence AnimSequence_28 from package 00026796.upk
WARNING: BoolProperty "UAnimSequence::bIgnoreAimControl" was not found
WARNING: BoolProperty "UAnimSequence::bServiced" was not found
WARNING: ByteProperty "UAnimSequence::WeaponRLocType" was not found
WARNING: ByteProperty "UAnimSequence::WeaponLLocType" was not found
WARNING: ByteProperty "UAnimSequence::NamePlateControlMode" was not found
Loading AnimNotify_Sound AnimNotify_Sound_16 from package 00026796.upk
Loading AnimNotify_Sound AnimNotify_Sound_17 from package 00026796.upk
WARNING: FloatProperty "UAnimNotify_Sound::SoundVolume" was not found
Loading AnimSequence AnimSequence_30 from package 00026796.upk
WARNING: BoolProperty "UAnimSequence::bIgnoreAimControl" was not found
WARNING: BoolProperty "UAnimSequence::bServiced" was not found
WARNING: ByteProperty "UAnimSequence::WeaponRLocType" was not found
WARNING: ByteProperty "UAnimSequence::WeaponLLocType" was not found
Loading AnimNotify_Sound AnimNotify_Sound_41 from package 00026796.upk
WARNING: FloatProperty "UAnimNotify_Sound::SoundVolume" was not found
Loading AnimNotify_Sound AnimNotify_Sound_42 from package 00026796.upk
WARNING: FloatProperty "UAnimNotify_Sound::SoundVolume" was not found
Loading AnimNotify_Sound AnimNotify_Sound_43 from package 00026796.upk
WARNING: FloatProperty "UAnimNotify_Sound::SoundVolume" was not found
Loading AnimNotify_Sound AnimNotify_Sound_44 from package 00026796.upk
WARNING: FloatProperty "UAnimNotify_Sound::SoundVolume" was not found
Loading AnimNotify_Sound AnimNotify_Sound_45 from package 00026796.upk
WARNING: FloatProperty "UAnimNotify_Sound::SoundVolume" was not found
Loading AnimNotify_Sound AnimNotify_Sound_46 from package 00026796.upk
WARNING: FloatProperty "UAnimNotify_Sound::SoundVolume" was not found
Loading AnimNotify_Sound AnimNotify_Sound_47 from package 00026796.upk
WARNING: FloatProperty "UAnimNotify_Sound::SoundVolume" was not found
Loading AnimNotify_Sound AnimNotify_Sound_48 from package 00026796.upk
WARNING: FloatProperty "UAnimNotify_Sound::SoundVolume" was not found
Loading AnimSequence AnimSequence_31 from package 00026796.upk
WARNING: BoolProperty "UAnimSequence::bIgnoreAimControl" was not found
WARNING: BoolProperty "UAnimSequence::bServiced" was not found
WARNING: ByteProperty "UAnimSequence::WeaponRLocType" was not found
WARNING: ByteProperty "UAnimSequence::WeaponLLocType" was not found
Loading AnimNotify_Sound AnimNotify_Sound_39 from package 00026796.upk
Loading AnimNotify_Sound AnimNotify_Sound_40 from package 00026796.upk
WARNING: FloatProperty "UAnimNotify_Sound::SoundVolume" was not found
Loading AnimSequence AnimSequence_33 from package 00026796.upk
WARNING: BoolProperty "UAnimSequence::bIgnoreAimControl" was not found
WARNING: BoolProperty "UAnimSequence::bServiced" was not found
WARNING: ByteProperty "UAnimSequence::WeaponRLocType" was not found
WARNING: ByteProperty "UAnimSequence::WeaponLLocType" was not found
Loading AnimNotify_Sound AnimNotify_Sound_49 from package 00026796.upk
Loading AnimSequence AnimSequence_34 from package 00026796.upk
WARNING: BoolProperty "UAnimSequence::bIgnoreAimControl" was not found
WARNING: BoolProperty "UAnimSequence::bServiced" was not found
WARNING: ByteProperty "UAnimSequence::WeaponRLocType" was not found
WARNING: ByteProperty "UAnimSequence::WeaponLLocType" was not found
Loading AnimNotify_Sound AnimNotify_Sound_23 from package 00026796.upk
WARNING: FloatProperty "UAnimNotify_Sound::SoundVolume" was not found
Loading AnimNotify_Sound AnimNotify_Sound_52 from package 00026796.upk
Loading AnimSequence AnimSequence_35 from package 00026796.upk
WARNING: BoolProperty "UAnimSequence::bIgnoreAimControl" was not found
WARNING: BoolProperty "UAnimSequence::bServiced" was not found
WARNING: ByteProperty "UAnimSequence::WeaponRLocType" was not found
WARNING: ByteProperty "UAnimSequence::WeaponLLocType" was not found
Loading AnimNotify_Sound AnimNotify_Sound_22 from package 00026796.upk
WARNING: FloatProperty "UAnimNotify_Sound::SoundVolume" was not found
Loading AnimSequence AnimSequence_36 from package 00026796.upk
WARNING: BoolProperty "UAnimSequence::bIgnoreAimControl" was not found
WARNING: BoolProperty "UAnimSequence::bServiced" was not found
WARNING: ByteProperty "UAnimSequence::WeaponRLocType" was not found
WARNING: ByteProperty "UAnimSequence::WeaponLLocType" was not found
Loading AnimNotify_Sound AnimNotify_Sound_51 from package 00026796.upk
WARNING: FloatProperty "UAnimNotify_Sound::SoundVolume" was not found
Loading AnimSequence AnimSequence_38 from package 00026796.upk
WARNING: BoolProperty "UAnimSequence::bIgnoreAimControl" was not found
WARNING: BoolProperty "UAnimSequence::bServiced" was not found
WARNING: ByteProperty "UAnimSequence::WeaponRLocType" was not found
WARNING: ByteProperty "UAnimSequence::WeaponLLocType" was not found
Loading AnimNotify_Sound AnimNotify_Sound_26 from package 00026796.upk
Loading AnimNotify_Sound AnimNotify_Sound_27 from package 00026796.upk
WARNING: FloatProperty "UAnimNotify_Sound::SoundVolume" was not found
Loading AnimSequence AnimSequence_39 from package 00026796.upk
WARNING: BoolProperty "UAnimSequence::bIgnoreAimControl" was not found
WARNING: BoolProperty "UAnimSequence::bServiced" was not found
WARNING: ByteProperty "UAnimSequence::WeaponRLocType" was not found
WARNING: ByteProperty "UAnimSequence::WeaponLLocType" was not found
Loading AnimNotify_Sound AnimNotify_Sound_24 from package 00026796.upk
Loading AnimNotify_Sound AnimNotify_Sound_25 from package 00026796.upk
Loading AnimSequence AnimSequence_4 from package 00026796.upk
WARNING: BoolProperty "UAnimSequence::bIgnoreAimControl" was not found
WARNING: BoolProperty "UAnimSequence::bServiced" was not found
WARNING: ByteProperty "UAnimSequence::WeaponRLocType" was not found
WARNING: ByteProperty "UAnimSequence::WeaponLLocType" was not found
Loading AnimNotify_Sound AnimNotify_Sound_21 from package 00026796.upk
Loading AnimSequence AnimSequence_40 from package 00026796.upk
WARNING: BoolProperty "UAnimSequence::bIgnoreAimControl" was not found
WARNING: BoolProperty "UAnimSequence::bServiced" was not found
WARNING: ByteProperty "UAnimSequence::WeaponRLocType" was not found
WARNING: ByteProperty "UAnimSequence::WeaponLLocType" was not found
Loading AnimNotify_Sound AnimNotify_Sound_22 from package 00026796.upk
Loading AnimNotify_Sound AnimNotify_Sound_23 from package 00026796.upk
WARNING: FloatProperty "UAnimNotify_Sound::SoundVolume" was not found
Loading AnimNotify_Sound AnimNotify_Sound_53 from package 00026796.upk
WARNING: FloatProperty "UAnimNotify_Sound::SoundVolume" was not found
Loading AnimSequence AnimSequence_43 from package 00026796.upk
WARNING: BoolProperty "UAnimSequence::bIgnoreAimControl" was not found
WARNING: BoolProperty "UAnimSequence::bServiced" was not found
WARNING: ByteProperty "UAnimSequence::WeaponRLocType" was not found
WARNING: ByteProperty "UAnimSequence::WeaponLLocType" was not found
Loading AnimNotify_Sound AnimNotify_Sound_1 from package 00026796.upk
WARNING: BoolProperty "UAnimNotify_Sound::bMute" was not found
Loading AnimNotify_Sound AnimNotify_Sound_14 from package 00026796.upk
Loading AnimNotify_Sound AnimNotify_Sound_15 from package 00026796.upk
WARNING: FloatProperty "UAnimNotify_Sound::SoundVolume" was not found
Loading AnimSequence AnimSequence_44 from package 00026796.upk
WARNING: BoolProperty "UAnimSequence::bIgnoreAimControl" was not found
WARNING: BoolProperty "UAnimSequence::bServiced" was not found
WARNING: ByteProperty "UAnimSequence::WeaponRLocType" was not found
WARNING: ByteProperty "UAnimSequence::WeaponLLocType" was not found
Loading AnimNotify_Sound AnimNotify_Sound_0 from package 00026796.upk
Loading AnimNotify_Sound AnimNotify_Sound_1 from package 00026796.upk
Loading AnimNotify_Sound AnimNotify_Sound_10 from package 00026796.upk
Loading AnimNotify_Sound AnimNotify_Sound_11 from package 00026796.upk
Loading AnimNotify_Sound AnimNotify_Sound_12 from package 00026796.upk
Loading AnimNotify_Sound AnimNotify_Sound_13 from package 00026796.upk
Loading AnimNotify_Sound AnimNotify_Sound_14 from package 00026796.upk
WARNING: FloatProperty "UAnimNotify_Sound::SoundVolume" was not found
Loading AnimNotify_Sound AnimNotify_Sound_15 from package 00026796.upk
Loading AnimNotify_Sound AnimNotify_Sound_2 from package 00026796.upk
Loading AnimNotify_Sound AnimNotify_Sound_3 from package 00026796.upk
Loading AnimNotify_Sound AnimNotify_Sound_4 from package 00026796.upk
Loading AnimNotify_Sound AnimNotify_Sound_5 from package 00026796.upk
Loading AnimNotify_Sound AnimNotify_Sound_6 from package 00026796.upk
Loading AnimNotify_Sound AnimNotify_Sound_7 from package 00026796.upk
Loading AnimNotify_Sound AnimNotify_Sound_8 from package 00026796.upk
Loading AnimNotify_Sound AnimNotify_Sound_9 from package 00026796.upk
Loading AnimSequence AnimSequence_45 from package 00026796.upk
WARNING: BoolProperty "UAnimSequence::bIgnoreAimControl" was not found
WARNING: BoolProperty "UAnimSequence::bServiced" was not found
WARNING: ByteProperty "UAnimSequence::WeaponRLocType" was not found
WARNING: ByteProperty "UAnimSequence::WeaponLLocType" was not found
WARNING: ByteProperty "UAnimSequence::NamePlateControlMode" was not found
Loading AnimNotify_Sound AnimNotify_Sound_0 from package 00026796.upk
WARNING: FloatProperty "UAnimNotify_Sound::SoundVolume" was not found
Loading AnimNotify_Sound AnimNotify_Sound_16 from package 00026796.upk
Loading AnimNotify_Sound AnimNotify_Sound_2 from package 00026796.upk
WARNING: FloatProperty "UAnimNotify_Sound::SoundVolume" was not found
Loading AnimSequence AnimSequence_46 from package 00026796.upk
WARNING: BoolProperty "UAnimSequence::bIgnoreAimControl" was not found
WARNING: BoolProperty "UAnimSequence::bServiced" was not found
WARNING: ByteProperty "UAnimSequence::WeaponRLocType" was not found
WARNING: ByteProperty "UAnimSequence::WeaponLLocType" was not found
Loading AnimNotify_Sound AnimNotify_Sound_1 from package 00026796.upk
Loading AnimNotify_Sound AnimNotify_Sound_4 from package 00026796.upk
Loading AnimSequence AnimSequence_47 from package 00026796.upk
WARNING: BoolProperty "UAnimSequence::bIgnoreAimControl" was not found
WARNING: BoolProperty "UAnimSequence::bServiced" was not found
WARNING: ByteProperty "UAnimSequence::WeaponRLocType" was not found
WARNING: ByteProperty "UAnimSequence::WeaponLLocType" was not found
Loading AnimNotify_Sound AnimNotify_Sound_0 from package 00026796.upk
Loading AnimSequence AnimSequence_49 from package 00026796.upk
WARNING: BoolProperty "UAnimSequence::bIgnoreAimControl" was not found
WARNING: BoolProperty "UAnimSequence::bServiced" was not found
WARNING: ByteProperty "UAnimSequence::WeaponRLocType" was not found
WARNING: ByteProperty "UAnimSequence::WeaponLLocType" was not found
Loading AnimNotify_Sound AnimNotify_Sound_21 from package 00026796.upk
WARNING: FloatProperty "UAnimNotify_Sound::SoundVolume" was not found
Loading AnimSequence AnimSequence_5 from package 00026796.upk
WARNING: BoolProperty "UAnimSequence::bIgnoreAimControl" was not found
WARNING: BoolProperty "UAnimSequence::bServiced" was not found
WARNING: ByteProperty "UAnimSequence::WeaponRLocType" was not found
WARNING: ByteProperty "UAnimSequence::WeaponLLocType" was not found
Loading AnimNotify_Sound AnimNotify_Sound_17 from package 00026796.upk
Loading AnimNotify_Sound AnimNotify_Sound_18 from package 00026796.upk
WARNING: FloatProperty "UAnimNotify_Sound::SoundVolume" was not found
Loading AnimNotify_Sound AnimNotify_Sound_19 from package 00026796.upk
Loading AnimNotify_Sound AnimNotify_Sound_20 from package 00026796.upk
Loading AnimSequence AnimSequence_50 from package 00026796.upk
WARNING: BoolProperty "UAnimSequence::bIgnoreAimControl" was not found
WARNING: BoolProperty "UAnimSequence::bServiced" was not found
WARNING: ByteProperty "UAnimSequence::WeaponRLocType" was not found
WARNING: ByteProperty "UAnimSequence::WeaponLLocType" was not found
Loading AnimNotify_Sound AnimNotify_Sound_18 from package 00026796.upk
Loading AnimNotify_Sound AnimNotify_Sound_19 from package 00026796.upk
WARNING: FloatProperty "UAnimNotify_Sound::SoundVolume" was not found
Loading AnimNotify_Sound AnimNotify_Sound_20 from package 00026796.upk
Loading AnimSequence AnimSequence_6 from package 00026796.upk
WARNING: BoolProperty "UAnimSequence::bIgnoreAimControl" was not found
WARNING: BoolProperty "UAnimSequence::bServiced" was not found
WARNING: ByteProperty "UAnimSequence::WeaponRLocType" was not found
WARNING: ByteProperty "UAnimSequence::WeaponLLocType" was not found
Loading AnimNotify_Sound AnimNotify_Sound_14 from package 00026796.upk
Loading AnimNotify_Sound AnimNotify_Sound_15 from package 00026796.upk
Loading AnimNotify_Sound AnimNotify_Sound_16 from package 00026796.upk
WARNING: FloatProperty "UAnimNotify_Sound::SoundVolume" was not found
Loading AnimSequence AnimSequence_7 from package 00026796.upk
WARNING: BoolProperty "UAnimSequence::bIgnoreAimControl" was not found
WARNING: BoolProperty "UAnimSequence::bServiced" was not found
WARNING: ByteProperty "UAnimSequence::WeaponRLocType" was not found
WARNING: ByteProperty "UAnimSequence::WeaponLLocType" was not found
Loading AnimNotify_Sound AnimNotify_Sound_11 from package 00026796.upk
Loading AnimNotify_Sound AnimNotify_Sound_12 from package 00026796.upk
Loading AnimNotify_Sound AnimNotify_Sound_13 from package 00026796.upk
WARNING: FloatProperty "UAnimNotify_Sound::SoundVolume" was not found
Loading AnimSequence AnimSequence_8 from package 00026796.upk
WARNING: BoolProperty "UAnimSequence::bIgnoreAimControl" was not found
WARNING: BoolProperty "UAnimSequence::bServiced" was not found
WARNING: ByteProperty "UAnimSequence::WeaponRLocType" was not found
WARNING: ByteProperty "UAnimSequence::WeaponLLocType" was not found
Loading AnimNotify_Sound AnimNotify_Sound_10 from package 00026796.upk
Loading AnimNotify_Sound AnimNotify_Sound_9 from package 00026796.upk
Loading AnimSequence AnimSequence_9 from package 00026796.upk
WARNING: BoolProperty "UAnimSequence::bIgnoreAimControl" was not found
WARNING: BoolProperty "UAnimSequence::bServiced" was not found
WARNING: ByteProperty "UAnimSequence::WeaponRLocType" was not found
WARNING: ByteProperty "UAnimSequence::WeaponLLocType" was not found
Loading AnimNotify_Sound AnimNotify_Sound_6 from package 00026796.upk
Loading AnimNotify_Sound AnimNotify_Sound_7 from package 00026796.upk
WARNING: FloatProperty "UAnimNotify_Sound::SoundVolume" was not found
Loading AnimSequence AnimSequence_0 from package 00026796.upk
WARNING: BoolProperty "UAnimSequence::bIgnoreFootAimControl" was not found
WARNING: BoolProperty "UAnimSequence::bIgnoreAimControl" was not found
WARNING: BoolProperty "UAnimSequence::bUseSlopeRotation" was not found
WARNING: BoolProperty "UAnimSequence::bUseCustomForceAnim" was not found
WARNING: BoolProperty "UAnimSequence::bServiced" was not found
WARNING: ByteProperty "UAnimSequence::WeaponRLocType" was not found
WARNING: ByteProperty "UAnimSequence::WeaponLLocType" was not found
Loading AnimSequence AnimSequence_1 from package 00026796.upk
WARNING: BoolProperty "UAnimSequence::bIgnoreFootAimControl" was not found
WARNING: BoolProperty "UAnimSequence::bIgnoreAimControl" was not found
WARNING: BoolProperty "UAnimSequence::bUseSlopeRotation" was not found
WARNING: BoolProperty "UAnimSequence::bUseCustomForceAnim" was not found
WARNING: BoolProperty "UAnimSequence::bServiced" was not found
WARNING: ByteProperty "UAnimSequence::WeaponRLocType" was not found
WARNING: ByteProperty "UAnimSequence::WeaponLLocType" was not found
Loading AnimSequence AnimSequence_10 from package 00026796.upk
WARNING: BoolProperty "UAnimSequence::bUseCustomAttachAnim" was not found
WARNING: BoolProperty "UAnimSequence::bServiced" was not found
WARNING: ByteProperty "UAnimSequence::WeaponRLocType" was not found
WARNING: ByteProperty "UAnimSequence::WeaponLLocType" was not found
Loading AnimSequence AnimSequence_11 from package 00026796.upk
WARNING: BoolProperty "UAnimSequence::bUseCustomAttachAnim" was not found
WARNING: BoolProperty "UAnimSequence::bIgnoreFootAimControl" was not found
WARNING: BoolProperty "UAnimSequence::bServiced" was not found
WARNING: ByteProperty "UAnimSequence::WeaponRLocType" was not found
WARNING: ByteProperty "UAnimSequence::WeaponLLocType" was not found
Loading AnimSequence AnimSequence_12 from package 00026796.upk
WARNING: BoolProperty "UAnimSequence::bUseCustomAttachAnim" was not found
WARNING: BoolProperty "UAnimSequence::bServiced" was not found
WARNING: ByteProperty "UAnimSequence::WeaponRLocType" was not found
WARNING: ByteProperty "UAnimSequence::WeaponLLocType" was not found
Loading AnimSequence AnimSequence_16 from package 00026796.upk
WARNING: BoolProperty "UAnimSequence::bServiced" was not found
WARNING: ByteProperty "UAnimSequence::WeaponRLocType" was not found
WARNING: ByteProperty "UAnimSequence::WeaponLLocType" was not found
Loading AnimSequence AnimSequence_25 from package 00026796.upk
WARNING: BoolProperty "UAnimSequence::bIgnoreAimControl" was not found
WARNING: BoolProperty "UAnimSequence::bServiced" was not found
WARNING: ByteProperty "UAnimSequence::WeaponRLocType" was not found
WARNING: ByteProperty "UAnimSequence::WeaponLLocType" was not found
Loading AnimSequence AnimSequence_27 from package 00026796.upk
WARNING: BoolProperty "UAnimSequence::bIgnoreAimControl" was not found
WARNING: BoolProperty "UAnimSequence::bServiced" was not found
WARNING: ByteProperty "UAnimSequence::WeaponRLocType" was not found
WARNING: ByteProperty "UAnimSequence::WeaponLLocType" was not found
Error: Command failed: ******** 00026796 ********
*** unknown member ACF_ZOnlyRLE of enum AnimationCompressionFormat
*** unknown member ACF_ZOnlyRLE of enum AnimationCompressionFormat
*** unknown member ACF_ZOnlyRLE of enum AnimationCompressionFormat
*** unknown member ACF_ZOnlyRLE of enum AnimationCompressionFormat
*** unknown member ACF_ZOnlyRLE of enum AnimationCompressionFormat
*** unknown member ACF_ZOnlyRLE of enum AnimationCompressionFormat
*** unknown member ACF_ZOnlyRLE of enum AnimationCompressionFormat
*** unknown member ACF_ZOnlyRLE of enum AnimationCompressionFormat
*** unknown member ACF_ZOnlyRLE of enum AnimationCompressionFormat
*** unknown member ACF_ZOnlyRLE of enum AnimationCompressionFormat
*** unknown member ACF_ZOnlyRLE of enum AnimationCompressionFormat
*** unknown member ACF_ZOnlyRLE of enum AnimationCompressionFormat
*** unknown member ACF_ZOnlyRLE of enum AnimationCompressionFormat
*** unknown member ACF_ZOnlyRLE of enum AnimationCompressionFormat
*** unknown member ACF_ZOnlyRLE of enum AnimationCompressionFormat
*** unknown member ACF_ZOnlyRLE of enum AnimationCompressionFormat
*** unknown member ACF_ZOnlyRLE of enum AnimationCompressionFormat
*** unknown member ACF_ZOnlyRLE of enum AnimationCompressionFormat
*** unknown member ACF_ZOnlyRLE of enum AnimationCompressionFormat
*** unknown member ACF_ZOnlyRLE of enum AnimationCompressionFormat
*** unknown member ACF_ZOnlyRLE of enum AnimationCompressionFormat
*** unknown member ACF_ZOnlyRLE of enum AnimationCompressionFormat
*** unknown member ACF_ZOnlyRLE of enum AnimationCompressionFormat
*** unknown member ACF_ZOnlyRLE of enum AnimationCompressionFormat
*** unknown member ACF_ZOnlyRLE of enum AnimationCompressionFormat
*** unknown member ACF_ZOnlyRLE of enum AnimationCompressionFormat
*** unknown member ACF_ZOnlyRLE of enum AnimationCompressionFormat
*** unknown member ACF_ZOnlyRLE of enum AnimationCompressionFormat
*** unknown member ACF_ZOnlyRLE of enum AnimationCompressionFormat
*** unknown member ACF_ZOnlyRLE of enum AnimationCompressionFormat
*** unknown member ACF_ZOnlyRLE of enum AnimationCompressionFormat
*** unknown member ACF_ZOnlyRLE of enum AnimationCompressionFormat
*** unknown member ACF_ZOnlyRLE of enum AnimationCompressionFormat
*** unknown member ACF_ZOnlyRLE of enum AnimationCompressionFormat
*** unknown member ACF_ZOnlyRLE of enum AnimationCompressionFormat
*** unknown member ACF_ZOnlyRLE of enum AnimationCompressionFormat
*** unknown member ACF_ZOnlyRLE of enum AnimationCompressionFormat
*** unknown member ACF_ZOnlyRLE of enum AnimationCompressionFormat
*** unknown member ACF_ZOnlyRLE of enum AnimationCompressionFormat
*** ERROR: Unknown rotation compression method: 255
UAnimSet::ConvertAnims <- PostLoad:iorak_Animset <- UObject::EndLoad <- LoadWholePackage:00026796 <- Main


    at ChildProcess.exithandler (child_process.js:637:15)
    at ChildProcess.EventEmitter.emit (events.js:98:17)
    at maybeClose (child_process.js:743:16)
    at Process.ChildProcess._handle.onexit (child_process.js:810:5)