Found 19856 game files (132 skipped)
Loading package: 00025380.upk Ver: 573/1 Engine: 4205 Names: 106 Exports: 40 Imports: 16 Game: 801A
Loading SkeletalMesh3 060018_GonF from package 00025380.upk
Loading package: 00025379.upk Ver: 573/1 Engine: 4205 Names: 107 Exports: 2 Imports: 26 Game: 801A
Loading MaterialInstanceConstant col1 from package 00025379.upk
Loading package: 00003475.upk Ver: 573/1 Engine: 4205 Names: 29 Exports: 2 Imports: 2 Game: 801A
Loading package: 00002620.upk Ver: 573/1 Engine: 4205 Names: 560 Exports: 6612 Imports: 96 Game: 801A
Loading MaterialInstanceConstant col1-acc from package 00025379.upk
Loading package: 00025378.upk Ver: 573/1 Engine: 4205 Names: 32 Exports: 4 Imports: 2 Game: 801A
Loading package: 00002640.upk Ver: 573/1 Engine: 4205 Names: 340 Exports: 556 Imports: 5 Game: 801A
Loading Texture2D GonF_004_col1_D from package 00003475.upk
Loading Texture2D GonF_004_col1_N from package 00003475.upk
WARNING: BoolProperty "UTexture2D::bDisableLoadSwitch" was not found
Loading Material3 Beard_Ac from package 00002620.upk
Loading package: 00012963.upk Ver: 573/1 Engine: 4205 Names: 1223 Exports: 1198 Imports: 10 Game: 801A
Loading package: 00008613.upk Ver: 573/1 Engine: 4205 Names: 95 Exports: 6 Imports: 12 Game: 801A
Loading Texture2D 060018_Autoscale_col1_N from package 00025378.upk
Loading Texture2D 060018_Autoscale_col1_M from package 00025378.upk
Loading Texture2D 060018_Autoscale_col1_D from package 00025378.upk
Loading Texture2D 060018_Autoscale_col1_S from package 00025378.upk
Loading TextureCube cube_orb from package 00002640.upk
Loading Texture2D check from package 00002620.upk
Loading Material3 Basic from package 00002620.upk
Loading Texture2D check_n from package 00002620.upk
Loading Texture2D Noise_Glass_000 from package 00012963.upk
Loading Texture2D Smoke_Pattern_001 from package 00012963.upk
Loading Texture2D Gradient_Wipe_BurnOut_Mask_TEST from package 00012963.upk
Loading Texture2D Gradient_Wipe_BurnOut_Mask from package 00012963.upk
Loading Texture2D Gradient_Line_003 from package 00012963.upk
Loading Texture2D Nothing_A from package 00008613.upk
Loading Texture2D CubemapFace0 from package 00002640.upk
Loading Texture2D CubemapFace1 from package 00002640.upk
Loading Texture2D CubemapFace2 from package 00002640.upk
Loading Texture2D CubemapFace3 from package 00002640.upk
Loading Texture2D CubemapFace4 from package 00002640.upk
Loading Texture2D CubemapFace5 from package 00002640.upk
Loaded in 0.16 sec, 3127 allocs, 1.75 MBytes serialized in 252782 calls.

Object info:
============
ClassName: SkeletalMesh3 ObjectName: 060018_GonF

    LODInfo[1] =
    {
        LODInfo[0] =
        {
            DisplayFactor = 0
            LODHysteresis = 0.02
            LODMaterialMap[0] = {}
            bEnableShadowCasting[2] = { true, true }
        }
    }
    Sockets[0] = {}
    bHasVertexColors = false
    EnableTwistBoneFixers = true
    EnableClavicleFixer = true
    Materials[2] = { MaterialInstanceConstant'col1', MaterialInstanceConstant'col1-acc' }


    Lods[1] =
    {
        Lods[0] =
        {
            Sections[2] =
            {
                Sections[0] = { Material=MaterialInstanceConstant'col1', FirstIndex=0, NumFaces=1264 }
                Sections[1] = { Material=MaterialInstanceConstant'col1-acc', FirstIndex=3792, NumFaces=1395 }
            }
            NumVerts = 2626
            IndexCount = 7977
            NumTexCoords = 1
        }
    }
    LodCount = 1
    MeshOrigin = { X=-0, Y=-0, Z=-0 }
    MeshScale = { X=1, Y=1, Z=1 }
    RotOrigin = { Yaw=0, Pitch=0, Roll=0 }
    BoneCount = 17
