Found 16187 game files (144 skipped)
Loading package: 00024482.upk Ver: 573/1 Engine: 4205 Names: 24 Exports: 3 Imports: 2 Game: 801A
Loading Texture2D 040133_GonF_D from package 00024482.upk
Loading Texture2D 040133_GonF_E from package 00024482.upk
Loading Texture2D 040133_GonF_S from package 00024482.upk
Loaded in 0.017 sec, 129 allocs, 0.10 MBytes serialized in 703 calls.

Object info:
============
ClassName: Texture2D ObjectName: 040133_GonF_D

    SizeX = 512
    SizeY = 256
    Format = PF_DXT5 (7)
    AddressX = TA_Wrap (0)
    AddressY = TA_Wrap (0)
    TextureFileCacheName = None
    MipTailBaseIdx = 9
    bForcePVRTC4 = false
    UnpackMin[4] = { 0, 0, 0, 0 }
    UnpackMax[4] = { 1, 1, 1, 1 }

Object info:
============
ClassName: Texture2D ObjectName: 040133_GonF_E

    SizeX = 512
    SizeY = 256
    Format = PF_DXT1 (5)
    AddressX = TA_Wrap (0)
    AddressY = TA_Wrap (0)
    TextureFileCacheName = None
    MipTailBaseIdx = 9
    bForcePVRTC4 = false
    UnpackMin[4] = { 0, 0, 0, 0 }
    UnpackMax[4] = { 1, 1, 1, 1 }

Object info:
============
ClassName: Texture2D ObjectName: 040133_GonF_S

    SizeX = 512
    SizeY = 256
    Format = PF_DXT1 (5)
    AddressX = TA_Wrap (0)
    AddressY = TA_Wrap (0)
    TextureFileCacheName = None
    MipTailBaseIdx = 9
    bForcePVRTC4 = false
    UnpackMin[4] = { 0, 0, 0, 0 }
    UnpackMax[4] = { 1, 1, 1, 1 }
