Found 21310 game files (132 skipped)
Loading package: 00029451.upk Ver: 573/1 Engine: 4205 Names: 27 Exports: 2 Imports: 2 Game: 801A
Loading Texture2D JinM_050_col1_D from package 00029451.upk
Loading Texture2D JinM_050_col1_N from package 00029451.upk
Loaded in 0.019 sec, 115 allocs, 0.97 MBytes serialized in 610 calls.

Object info:
============
ClassName: Texture2D ObjectName: JinM_050_col1_D

    SizeX = 1024
    SizeY = 512
    Format = PF_DXT5 (7)
    AddressX = TA_Wrap (0)
    AddressY = TA_Wrap (0)
    TextureFileCacheName = None
    MipTailBaseIdx = 10
    bForcePVRTC4 = false
    UnpackMin[4] = { 0, 0, 0, 0 }
    UnpackMax[4] = { 1, 1, 1, 1 }

Object info:
============
ClassName: Texture2D ObjectName: JinM_050_col1_N

    SizeX = 1024
    SizeY = 512
    Format = PF_DXT5 (7)
    AddressX = TA_Wrap (0)
    AddressY = TA_Wrap (0)
    TextureFileCacheName = None
    MipTailBaseIdx = 10
    bForcePVRTC4 = false
    UnpackMin[4] = { -1, -1, -1, 0 }
    UnpackMax[4] = { 1, 1, 1, 1 }
