Found 27000 game files (27 skipped)
Loading package: 00025123.upk Ver: 573/1 Engine: 4205 Names: 133 Exports: 138 Imports: 14 Game: 801A
Loading SkeletalMesh3 090014_JinM from package 00025123.upk
Loading package: 00025122.upk Ver: 573/1 Engine: 4205 Names: 126 Exports: 1 Imports: 23 Game: 801A
Loading MaterialInstanceConstant col1 from package 00025122.upk
Loading package: 00025121.upk Ver: 573/1 Engine: 4205 Names: 48 Exports: 16 Imports: 8 Game: 801A
Loading package: 00002640.upk Ver: 573/1 Engine: 4205 Names: 340 Exports: 556 Imports: 5 Game: 801A
Loading package: 00002620.upk Ver: 573/1 Engine: 4205 Names: 560 Exports: 6612 Imports: 96 Game: 801A
Loading package: 00025178.upk Ver: 573/1 Engine: 4205 Names: 69 Exports: 39 Imports: 2 Game: 801A
Loading Texture2D 090014_JinM_col1_N from package 00025121.upk
Loading TextureCube lenscube from package 00002640.upk
Loading Texture2D check from package 00002620.upk
Loading Texture2D 090014_JinM_col1_S from package 00025121.upk
Loading Texture2D 090014_JinM_col1_M from package 00025121.upk
Loading Texture2D 090014_JinM_col1_D from package 00025121.upk
Loading Texture2D Mask_hopi from package 00025178.upk
Loading Material3 Moonpa_Body from package 00002620.upk
Loading package: 00012963.upk Ver: 573/1 Engine: 4205 Names: 1264 Exports: 1240 Imports: 10 Game: 801A
Loading Texture2D CubemapFace0 from package 00002640.upk
Loading Texture2D CubemapFace1 from package 00002640.upk
Loading Texture2D CubemapFace2 from package 00002640.upk
Loading Texture2D CubemapFace3 from package 00002640.upk
Loading Texture2D CubemapFace4 from package 00002640.upk
Loading Texture2D CubemapFace5 from package 00002640.upk
Loading Texture2D Mask_Default from package 00025178.upk
Loading Texture2D check_n from package 00002620.upk
Loading Texture2D Noise_Glass_000 from package 00012963.upk
Loading Texture2D Smoke_Pattern_001 from package 00012963.upk
Loading Texture2D Gradient_Wipe_BurnOut_Mask_TEST from package 00012963.upk
Loading Texture2D Gradient_Wipe_BurnOut_Mask from package 00012963.upk
Loading Texture2D Gradient_Line_003 from package 00012963.upk
Loaded in 0.11 sec, 3147 allocs, 1.88 MBytes serialized in 269136 calls.

Object info:
============
ClassName: SkeletalMesh3 ObjectName: 090014_JinM

    LODInfo[1] =
    {
        LODInfo[0] =
        {
            DisplayFactor = 0
            LODHysteresis = 0.02
            LODMaterialMap[0] = {}
            bEnableShadowCasting[1] = { true }
        }
    }
    Sockets[0] = {}
    bHasVertexColors = false
    EnableTwistBoneFixers = true
    EnableClavicleFixer = true
    Materials[1] = { MaterialInstanceConstant'col1' }


    Lods[1] =
    {
        Lods[0] =
        {
            Sections[1] =
            {
                Sections[0] = { Material=MaterialInstanceConstant'col1', FirstIndex=0, NumFaces=3098 }
            }
            NumVerts = 2585
            IndexCount = 9294
            NumTexCoords = 1
        }
    }
    LodCount = 1
    MeshOrigin = { X=-0, Y=-0, Z=-0 }
    MeshScale = { X=1, Y=1, Z=1 }
    RotOrigin = { Yaw=0, Pitch=0, Roll=0 }
    BoneCount = 39
