Found 16186 game files (0 skipped)
Loading package: 00022145.upk Ver: 573/1 Engine: 4205 Names: 24 Exports: 1 Imports: 4 Game: 801A
Loading SkeletalMesh3 990099_ChainKnuckleBanditA from package 00022145.upk
Loading package: 00022146.upk Ver: 573/1 Engine: 4205 Names: 178 Exports: 204 Imports: 47 Game: 801A
Loading MaterialInstanceConstant col1 from package 00022146.upk
Loading package: 00022147.upk Ver: 573/1 Engine: 4205 Names: 34 Exports: 6 Imports: 2 Game: 801A
Loading package: 00012963.upk Ver: 573/1 Engine: 4205 Names: 1199 Exports: 1162 Imports: 10 Game: 801A
Loading package: 00002640.upk Ver: 573/1 Engine: 4205 Names: 340 Exports: 556 Imports: 5 Game: 801A
Loading Texture2D norm from package 00022147.upk
Loading Texture2D Mask from package 00022147.upk
Loading Texture2D Diff from package 00022147.upk
Loading Texture2D Smoke_Pattern_001 from package 00012963.upk
Loading Texture2D Spec from package 00022147.upk
Loading TextureCube lenscube from package 00002640.upk
Loading Texture2D Em from package 00022147.upk
Loading Texture2D fX_990099 from package 00022147.upk
Loading Material3 Basic_Acc_990099 from package 00022146.upk
Loading package: 00002620.upk Ver: 573/1 Engine: 4205 Names: 500 Exports: 5733 Imports: 89 Game: 801A
Loading Texture2D CubemapFace0 from package 00002640.upk
Loading Texture2D CubemapFace1 from package 00002640.upk
Loading Texture2D CubemapFace2 from package 00002640.upk
Loading Texture2D CubemapFace3 from package 00002640.upk
Loading Texture2D CubemapFace4 from package 00002640.upk
Loading Texture2D CubemapFace5 from package 00002640.upk
Loading Texture2D check_n from package 00002620.upk
Loading Texture2D check from package 00002620.upk
Loading Texture2D Gradient_Line_003 from package 00012963.upk
Loading Texture2D Gradient_Wipe_BurnOut_Mask_TEST from package 00012963.upk
Loading Texture2D Gradient_Wipe_BurnOut_Mask from package 00012963.upk
Loaded in 0.13 sec, 2847 allocs, 1.62 MBytes serialized in 292886 calls.

Object info:
============
ClassName: SkeletalMesh3 ObjectName: 990099_ChainKnuckleBanditA

    LODInfo[1] =
    {
        LODInfo[0] =
        {
            DisplayFactor = 0
            LODHysteresis = 0.02
            LODMaterialMap[0] = {}
            bEnableShadowCasting[1] = { true }
        }
    }
    Sockets[0] = {}
    bHasVertexColors = false
    EnableTwistBoneFixers = true
    EnableClavicleFixer = true
    Materials[1] = { MaterialInstanceConstant'col1' }


    Lods[1] =
    {
        Lods[0] =
        {
            Sections[1] =
            {
                Sections[0] = { Material=MaterialInstanceConstant'col1', FirstIndex=0, NumFaces=4988 }
            }
            NumVerts = 4582
            IndexCount = 14964
            NumTexCoords = 1
        }
    }
    LodCount = 1
    MeshOrigin = { X=-0, Y=-0, Z=-0 }
    MeshScale = { X=1, Y=1, Z=1 }
    RotOrigin = { Yaw=0, Pitch=0, Roll=0 }
    BoneCount = 1
