Found 27000 game files (27 skipped)
Loading package: 00026657.upk Ver: 573/1 Engine: 4205 Names: 317 Exports: 2209 Imports: 52 Game: 801A
Loading Texture2D Game_ContextMenuTooltipScene_Preview from package 00026657.upk
Loading Texture2D Game_TooltipScene2_Preview from package 00026657.upk
Loaded in 0.044 sec, 345 allocs, 0.18 MBytes serialized in 41226 calls.

Object info:
============
ClassName: Texture2D ObjectName: Game_ContextMenuTooltipScene_Preview

    SizeX = 256
    SizeY = 256
    Format = PF_DXT1 (5)
    AddressX = TA_Wrap (0)
    AddressY = TA_Wrap (0)
    TextureFileCacheName = None
    MipTailBaseIdx = 0
    bForcePVRTC4 = false
    UnpackMin[4] = { 0, 0, 0, 0 }
    UnpackMax[4] = { 1, 1, 1, 1 }

Object info:
============
ClassName: Texture2D ObjectName: Game_TooltipScene2_Preview

    SizeX = 256
    SizeY = 256
    Format = PF_DXT1 (5)
    AddressX = TA_Wrap (0)
    AddressY = TA_Wrap (0)
    TextureFileCacheName = None
    MipTailBaseIdx = 0
    bForcePVRTC4 = false
    UnpackMin[4] = { 0, 0, 0, 0 }
    UnpackMax[4] = { 1, 1, 1, 1 }
