Found 21974 game files (0 skipped)
Loading package: 00029079.upk Ver: 573/1 Engine: 4205 Names: 140 Exports: 125 Imports: 14 Game: 801A
Loading SkeletalMesh3 090042_JinF from package 00029079.upk
Loading package: 00029078.upk Ver: 573/1 Engine: 4205 Names: 135 Exports: 2 Imports: 24 Game: 801A
Loading MaterialInstanceConstant col1 from package 00029078.upk
Loading package: 00029077.upk Ver: 573/1 Engine: 4205 Names: 35 Exports: 5 Imports: 6 Game: 801A
Loading package: 00002640.upk Ver: 573/1 Engine: 4205 Names: 340 Exports: 556 Imports: 5 Game: 801A
Loading package: 00002620.upk Ver: 573/1 Engine: 4205 Names: 560 Exports: 6612 Imports: 96 Game: 801A
Loading package: 00025178.upk Ver: 573/1 Engine: 4205 Names: 69 Exports: 39 Imports: 2 Game: 801A
Loading MaterialInstanceConstant Col_Emblem from package 00029078.upk
Loading Texture2D 090042_JinF_col1_N from package 00029077.upk
Loading TextureCube lenscube_a from package 00002640.upk
Loading Texture2D check from package 00002620.upk
Loading Texture2D 090042_JinF_col1_S from package 00029077.upk
Loading Texture2D 090042_JinF_col1_M from package 00029077.upk
Loading Texture2D 090042_JinF_col1_D from package 00029077.upk
Loading Texture2D Mask_ck from package 00025178.upk
Loading Material3 Moonpa_Body from package 00002620.upk
Loading package: 00012963.upk Ver: 573/1 Engine: 4205 Names: 1236 Exports: 1211 Imports: 10 Game: 801A
Loading Texture2D mark0 from package 00025178.upk
Loading Material3 Moonpa_Mark from package 00002620.upk
Loading Texture2D CubemapFace0 from package 00002640.upk
Loading Texture2D CubemapFace1 from package 00002640.upk
Loading Texture2D CubemapFace2 from package 00002640.upk
Loading Texture2D CubemapFace3 from package 00002640.upk
Loading Texture2D CubemapFace4 from package 00002640.upk
Loading Texture2D CubemapFace5 from package 00002640.upk
Loading Texture2D Mask_Default from package 00025178.upk
Loading Texture2D check_n from package 00002620.upk
Loading Texture2D Noise_Glass_000 from package 00012963.upk
Loading Texture2D Smoke_Pattern_001 from package 00012963.upk
Loading Texture2D Gradient_Wipe_BurnOut_Mask_TEST from package 00012963.upk
Loading Texture2D Gradient_Wipe_BurnOut_Mask from package 00012963.upk
Loading Texture2D Gradient_Line_003 from package 00012963.upk
Loaded in 0.15 sec, 3167 allocs, 1.98 MBytes serialized in 247541 calls.

Object info:
============
ClassName: SkeletalMesh3 ObjectName: 090042_JinF

    LODInfo[1] =
    {
        LODInfo[0] =
        {
            DisplayFactor = 0
            LODHysteresis = 0.02
            LODMaterialMap[0] = {}
            bEnableShadowCasting[2] = { true, true }
        }
    }
    Sockets[0] = {}
    bHasVertexColors = false
    EnableTwistBoneFixers = true
    EnableClavicleFixer = true
    Materials[2] = { MaterialInstanceConstant'col1', MaterialInstanceConstant'Col_Emblem' }


    Lods[1] =
    {
        Lods[0] =
        {
            Sections[2] =
            {
                Sections[0] = { Material=MaterialInstanceConstant'col1', FirstIndex=0, NumFaces=2672 }
                Sections[1] = { Material=MaterialInstanceConstant'Col_Emblem', FirstIndex=8016, NumFaces=37 }
            }
            NumVerts = 1973
            IndexCount = 8127
            NumTexCoords = 1
        }
    }
    LodCount = 1
    MeshOrigin = { X=-0, Y=-0, Z=-0 }
    MeshScale = { X=1, Y=1, Z=1 }
    RotOrigin = { Yaw=0, Pitch=0, Roll=0 }
    BoneCount = 42
