Found 21974 game files (0 skipped)
Loading package: 00024037.upk Ver: 573/1 Engine: 4205 Names: 172 Exports: 112 Imports: 15 Game: 801A
Loading SkeletalMesh3 AncientMechTwinsA from package 00024037.upk
WARNING: FloatProperty "USkeletalMesh3::AnimNameHeight" was not found
WARNING: FloatProperty "USkeletalMesh3::NormalNameHeight" was not found
WARNING: FloatProperty "USkeletalMesh3::LowNameHeight" was not found
Loading package: 00024036.upk Ver: 573/1 Engine: 4205 Names: 190 Exports: 208 Imports: 51 Game: 801A
Loading SkeletalMeshSocket SkeletalMeshSocket_108 from package 00024037.upk
Loading SkeletalMeshSocket SkeletalMeshSocket_111 from package 00024037.upk
WARNING: ObjectProperty "USkeletalMeshSocket::PreviewSkelMesh" was not found
Loading SkeletalMeshSocket SkeletalMeshSocket_114 from package 00024037.upk
Loading SkeletalMeshSocket SkeletalMeshSocket_115 from package 00024037.upk
Loading SkeletalMeshSocket SkeletalMeshSocket_79 from package 00024037.upk
Loading SkeletalMeshSocket SkeletalMeshSocket_80 from package 00024037.upk
Loading SkeletalMeshSocket SkeletalMeshSocket_81 from package 00024037.upk
Loading MaterialInstanceConstant col1 from package 00024036.upk
Loading package: 00024035.upk Ver: 573/1 Engine: 4205 Names: 35 Exports: 7 Imports: 2 Game: 801A
Loading package: 00002640.upk Ver: 573/1 Engine: 4205 Names: 340 Exports: 556 Imports: 5 Game: 801A
Loading package: 00012963.upk Ver: 573/1 Engine: 4205 Names: 1236 Exports: 1211 Imports: 10 Game: 801A
Loading Texture2D Monster_Human_AncientMechTwinsA_col1_N from package 00024035.upk
Loading Texture2D Monster_Human_AncientMechTwinsA_col1_M from package 00024035.upk
Loading Texture2D Monster_Human_AncientMechTwinsA_col1_D from package 00024035.upk
Loading Texture2D Monster_Human_AncientMechTwinsA_col1_S from package 00024035.upk
Loading TextureCube MatelR3 from package 00002640.upk
Loading Texture2D Monster_Human_AncientMechTwinsA_col1_E from package 00024035.upk
Loading Texture2D FX_AncientMechTwinsA_col1_Mask from package 00024035.upk
Loading Texture2D FireWork_Burst_Heart_03 from package 00012963.upk
Loading Texture2D FireWork_Burst_Heart_04 from package 00012963.upk
Loading Texture2D Noise_013 from package 00012963.upk
Loading Texture2D Gradient_Line_003 from package 00012963.upk
Loading Material3 Basic_AncienMechTwinsAB_FX from package 00024036.upk
Loading package: 00002620.upk Ver: 573/1 Engine: 4205 Names: 560 Exports: 6612 Imports: 96 Game: 801A
Loading Texture2D CubemapFace0 from package 00002640.upk
Loading Texture2D CubemapFace1 from package 00002640.upk
Loading Texture2D CubemapFace2 from package 00002640.upk
Loading Texture2D CubemapFace3 from package 00002640.upk
Loading Texture2D CubemapFace4 from package 00002640.upk
Loading Texture2D CubemapFace5 from package 00002640.upk
Loading Texture2D check_n from package 00002620.upk
Loading Texture2D check from package 00002620.upk
Loading Texture2D Smoke_Pattern_001 from package 00012963.upk
Loading Texture2D Noise_Plazma_000 from package 00012963.upk
Loading Texture2D Gradient_Wipe_BurnOut_Mask_TEST from package 00012963.upk
Loading Texture2D Gradient_Wipe_BurnOut_Mask from package 00012963.upk
Loaded in 0.19 sec, 3250 allocs, 4.86 MBytes serialized in 389667 calls.

Object info:
============
ClassName: SkeletalMesh3 ObjectName: AncientMechTwinsA

    LODInfo[1] =
    {
        LODInfo[0] =
        {
            DisplayFactor = 0
            LODHysteresis = 0.02
            LODMaterialMap[0] = {}
            bEnableShadowCasting[1] = { true }
        }
    }
    Sockets[7] =
    {
        Sockets[0] = SkeletalMeshSocket'AncientMechTwinsA.SkeletalMeshSocket_111'
        Sockets[1] = SkeletalMeshSocket'AncientMechTwinsA.SkeletalMeshSocket_108'
        Sockets[2] = SkeletalMeshSocket'AncientMechTwinsA.SkeletalMeshSocket_114'
        Sockets[3] = SkeletalMeshSocket'AncientMechTwinsA.SkeletalMeshSocket_115'
        Sockets[4] = SkeletalMeshSocket'AncientMechTwinsA.SkeletalMeshSocket_79'
        Sockets[5] = SkeletalMeshSocket'AncientMechTwinsA.SkeletalMeshSocket_80'
        Sockets[6] = SkeletalMeshSocket'AncientMechTwinsA.SkeletalMeshSocket_81'
    }
    bHasVertexColors = false
    EnableTwistBoneFixers = true
    EnableClavicleFixer = true
    Materials[1] = { MaterialInstanceConstant'col1' }


    Lods[1] =
    {
        Lods[0] =
        {
            Sections[1] =
            {
                Sections[0] = { Material=MaterialInstanceConstant'col1', FirstIndex=0, NumFaces=7806 }
            }
            NumVerts = 6941
            IndexCount = 23418
            NumTexCoords = 1
        }
    }
    LodCount = 1
    MeshOrigin = { X=-0, Y=-0, Z=-0 }
    MeshScale = { X=1, Y=1, Z=1 }
    RotOrigin = { Yaw=0, Pitch=0, Roll=0 }
    BoneCount = 77

Object info:
============
ClassName: SkeletalMeshSocket ObjectName: SkeletalMeshSocket_108

    SocketName = SW_L_A
    BoneName = weaponBack
    RelativeLocation = { X=0, Y=0, Z=0 }
    RelativeRotation = { Yaw=0, Pitch=0, Roll=0 }
    RelativeScale = { X=1, Y=1, Z=1 }

Object info:
============
ClassName: SkeletalMeshSocket ObjectName: SkeletalMeshSocket_111

    SocketName = WeaponR
    BoneName = WeaponR
    RelativeLocation = { X=0, Y=0, Z=0 }
    RelativeRotation = { Yaw=0, Pitch=0, Roll=0 }
    RelativeScale = { X=1, Y=1, Z=1 }

Object info:
============
ClassName: SkeletalMeshSocket ObjectName: SkeletalMeshSocket_114

    SocketName = FX_Eye_R
    BoneName = Bip01Head
    RelativeLocation = { X=3.5, Y=-12.4236, Z=-3.01572 }
    RelativeRotation = { Yaw=0, Pitch=0, Roll=0 }
    RelativeScale = { X=1, Y=1, Z=1 }

Object info:
============
ClassName: SkeletalMeshSocket ObjectName: SkeletalMeshSocket_115

    SocketName = FX_Eye_L
    BoneName = Bip01Head
    RelativeLocation = { X=3.5, Y=-12.4236, Z=3.01572 }
    RelativeRotation = { Yaw=0, Pitch=0, Roll=0 }
    RelativeScale = { X=1, Y=1, Z=1 }

Object info:
============
ClassName: SkeletalMeshSocket ObjectName: SkeletalMeshSocket_79

    SocketName = FX_Arm_L
    BoneName = Bone_arm01
    RelativeLocation = { X=-12.633, Y=0, Z=1.87755 }
    RelativeRotation = { Yaw=0, Pitch=0, Roll=0 }
    RelativeScale = { X=1, Y=1, Z=1 }

Object info:
============
ClassName: SkeletalMeshSocket ObjectName: SkeletalMeshSocket_80

    SocketName = FX_Arm_R
    BoneName = Bone_armour
    RelativeLocation = { X=-0.474742, Y=0, Z=-3.34741 }
    RelativeRotation = { Yaw=0, Pitch=0, Roll=0 }
    RelativeScale = { X=1, Y=1, Z=1 }

Object info:
============
ClassName: SkeletalMeshSocket ObjectName: SkeletalMeshSocket_81

    SocketName = FX_Center
    BoneName = Bip01Spine1
    RelativeLocation = { X=23.7504, Y=-22.1882, Z=0.284736 }
    RelativeRotation = { Yaw=0, Pitch=0, Roll=0 }
    RelativeScale = { X=1, Y=1, Z=1 }
