Found 19856 game files (132 skipped)
Loading package: 00028436.upk Ver: 573/1 Engine: 4205 Names: 93 Exports: 9 Imports: 12 Game: 801A
Loading SkeletalMesh3 010071_jinM from package 00028436.upk
Loading package: 00028435.upk Ver: 573/1 Engine: 4205 Names: 130 Exports: 2 Imports: 24 Game: 801A
Loading MaterialInstanceConstant Col_Hair_Acc from package 00028435.upk
Loading package: 00028433.upk Ver: 573/1 Engine: 4205 Names: 31 Exports: 4 Imports: 2 Game: 801A
Loading package: 00002640.upk Ver: 573/1 Engine: 4205 Names: 340 Exports: 556 Imports: 5 Game: 801A
Loading package: 00002620.upk Ver: 573/1 Engine: 4205 Names: 560 Exports: 6612 Imports: 96 Game: 801A
Loading Texture2D 010071_JinF_col1_N from package 00028433.upk
Loading TextureCube lenscube from package 00002640.upk
Loading Texture2D check from package 00002620.upk
Loading Texture2D 010071_JinF_col1_S from package 00028433.upk
Loading Texture2D 010071_JinF_col1_M from package 00028433.upk
Loading Texture2D 010071_JinF_col1_D from package 00028433.upk
Loading Material3 Moonpa_Body from package 00002620.upk
Loading package: 00025178.upk Ver: 573/1 Engine: 4205 Names: 69 Exports: 39 Imports: 2 Game: 801A
Loading package: 00012963.upk Ver: 573/1 Engine: 4205 Names: 1223 Exports: 1198 Imports: 10 Game: 801A
Loading Texture2D CubemapFace0 from package 00002640.upk
Loading Texture2D CubemapFace1 from package 00002640.upk
Loading Texture2D CubemapFace2 from package 00002640.upk
Loading Texture2D CubemapFace3 from package 00002640.upk
Loading Texture2D CubemapFace4 from package 00002640.upk
Loading Texture2D CubemapFace5 from package 00002640.upk
Loading Texture2D Mask_Default from package 00025178.upk
Loading Texture2D check_n from package 00002620.upk
Loading Texture2D Noise_Glass_000 from package 00012963.upk
Loading Texture2D Smoke_Pattern_001 from package 00012963.upk
Loading Texture2D Gradient_Wipe_BurnOut_Mask_TEST from package 00012963.upk
Loading Texture2D Gradient_Wipe_BurnOut_Mask from package 00012963.upk
Loading Texture2D Gradient_Line_003 from package 00012963.upk
Loaded in 0.12 sec, 3020 allocs, 1.12 MBytes serialized in 166534 calls.

Object info:
============
ClassName: SkeletalMesh3 ObjectName: 010071_jinM

    LODInfo[1] =
    {
        LODInfo[0] =
        {
            DisplayFactor = 0
            LODHysteresis = 0.02
            LODMaterialMap[0] = {}
            bEnableShadowCasting[1] = { true }
        }
    }
    Sockets[0] = {}
    bHasVertexColors = false
    EnableTwistBoneFixers = true
    EnableClavicleFixer = true
    Materials[1] = { MaterialInstanceConstant'Col_Hair_Acc' }


    Lods[1] =
    {
        Lods[0] =
        {
            Sections[1] =
            {
                Sections[0] = { Material=MaterialInstanceConstant'Col_Hair_Acc', FirstIndex=0, NumFaces=28 }
            }
            NumVerts = 36
            IndexCount = 84
            NumTexCoords = 1
        }
    }
    LodCount = 1
    MeshOrigin = { X=-0, Y=-0, Z=-0 }
    MeshScale = { X=1, Y=1, Z=1 }
    RotOrigin = { Yaw=0, Pitch=0, Roll=0 }
    BoneCount = 10
