Found 21974 game files (0 skipped)
Loading package: 00024036.upk Ver: 573/1 Engine: 4205 Names: 190 Exports: 208 Imports: 51 Game: 801A
Loading Material3 Basic_AncienMechTwinsAB_FX from package 00024036.upk
Loading package: 00002620.upk Ver: 573/1 Engine: 4205 Names: 560 Exports: 6612 Imports: 96 Game: 801A
Loading package: 00012963.upk Ver: 573/1 Engine: 4205 Names: 1236 Exports: 1211 Imports: 10 Game: 801A
Loading MaterialInstanceConstant col1 from package 00024036.upk
Loading package: 00024035.upk Ver: 573/1 Engine: 4205 Names: 35 Exports: 7 Imports: 2 Game: 801A
Loading package: 00002640.upk Ver: 573/1 Engine: 4205 Names: 340 Exports: 556 Imports: 5 Game: 801A
Loading Texture2D check_n from package 00002620.upk
Loading Texture2D check from package 00002620.upk
Loading Texture2D Smoke_Pattern_001 from package 00012963.upk
Loading Texture2D Noise_Plazma_000 from package 00012963.upk
Loading Texture2D Gradient_Line_003 from package 00012963.upk
Loading Texture2D Gradient_Wipe_BurnOut_Mask_TEST from package 00012963.upk
Loading Texture2D Gradient_Wipe_BurnOut_Mask from package 00012963.upk
Loading Texture2D Monster_Human_AncientMechTwinsA_col1_N from package 00024035.upk
Loading Texture2D Monster_Human_AncientMechTwinsA_col1_M from package 00024035.upk
Loading Texture2D Monster_Human_AncientMechTwinsA_col1_D from package 00024035.upk
Loading Texture2D Monster_Human_AncientMechTwinsA_col1_S from package 00024035.upk
Loading TextureCube MatelR3 from package 00002640.upk
Loading Texture2D Monster_Human_AncientMechTwinsA_col1_E from package 00024035.upk
Loading Texture2D FX_AncientMechTwinsA_col1_Mask from package 00024035.upk
Loading Texture2D FireWork_Burst_Heart_03 from package 00012963.upk
Loading Texture2D FireWork_Burst_Heart_04 from package 00012963.upk
Loading Texture2D Noise_013 from package 00012963.upk
Loading Texture2D CubemapFace0 from package 00002640.upk
Loading Texture2D CubemapFace1 from package 00002640.upk
Loading Texture2D CubemapFace2 from package 00002640.upk
Loading Texture2D CubemapFace3 from package 00002640.upk
Loading Texture2D CubemapFace4 from package 00002640.upk
Loading Texture2D CubemapFace5 from package 00002640.upk
Loaded in 0.17 sec, 3032 allocs, 4.11 MBytes serialized in 168409 calls.

Object info:
============
ClassName: Material3 ObjectName: Basic_AncienMechTwinsAB_FX

    TwoSided = true
    bDisableDepthTest = false
    bIsMasked = true
    ReferencedTextures[7] =
    {
        ReferencedTextures[0] = Texture2D'check_n'
        ReferencedTextures[1] = Texture2D'check'
        ReferencedTextures[2] = Texture2D'Smoke_Pattern_001'
        ReferencedTextures[3] = Texture2D'Noise_Plazma_000'
        ReferencedTextures[4] = Texture2D'Gradient_Line_003'
        ReferencedTextures[5] = Texture2D'Gradient_Wipe_BurnOut_Mask_TEST'
        ReferencedTextures[6] = Texture2D'Gradient_Wipe_BurnOut_Mask'
    }
    BlendMode = BLEND_Masked (1)
    OpacityMaskClipValue = 0.333
    FlattenedTexture = None
    MobileBaseTexture = None
    MobileNormalTexture = None
    bUseMobileSpecular = false
    MobileSpecularPower = 16
    MobileSpecularMask = MSM_Constant (0)
    MobileMaskTexture = None

Object info:
============
ClassName: MaterialInstanceConstant ObjectName: col1

    ScalarParameterValues[13] =
    {
        ScalarParameterValues[0] = { ParameterName=Transmission_value, ParameterValue=10 }
        ScalarParameterValues[1] = { ParameterName=Glossiness1, ParameterValue=3 }
        ScalarParameterValues[2] = { ParameterName=Glossiness2, ParameterValue=100 }
        ScalarParameterValues[3] = { ParameterName=Specular_value, ParameterValue=2 }
        ScalarParameterValues[4] = { ParameterName=HighLight_Value, ParameterValue=2 }
        ScalarParameterValues[5] = { ParameterName=HighLight_glossiness, ParameterValue=100 }
        ScalarParameterValues[6] = { ParameterName=Emissive_value, ParameterValue=3 }
        ScalarParameterValues[7] = { ParameterName=Emissive_value2, ParameterValue=1 }
        ScalarParameterValues[8] = { ParameterName=Fresnel Value, ParameterValue=1 }
        ScalarParameterValues[9] = { ParameterName=Fresnel exponent, ParameterValue=30 }
        ScalarParameterValues[10] = { ParameterName=SubTract_Tex1_Alpha, ParameterValue=1 }
        ScalarParameterValues[11] = { ParameterName=Strength, ParameterValue=1 }
        ScalarParameterValues[12] = { ParameterName=SubTract_Tex2_Alpha, ParameterValue=1 }
    }
    TextureParameterValues[11] =
    {
        TextureParameterValues[0] =
        {
            ParameterName = Normal
            ParameterValue = Texture2D'Monster_Human_AncientMechTwinsA_col1_N'
        }
        TextureParameterValues[1] =
        {
            ParameterName = Mask_GB
            ParameterValue = Texture2D'Monster_Human_AncientMechTwinsA_col1_M'
        }
        TextureParameterValues[2] =
        {
            ParameterName = Diffuse
            ParameterValue = Texture2D'Monster_Human_AncientMechTwinsA_col1_D'
        }
        TextureParameterValues[3] =
        {
            ParameterName = Specular
            ParameterValue = Texture2D'Monster_Human_AncientMechTwinsA_col1_S'
        }
        TextureParameterValues[4] = { ParameterName=rf_cube, ParameterValue=TextureCube'MatelR3' }
        TextureParameterValues[5] =
        {
            ParameterName = Emissive
            ParameterValue = Texture2D'Monster_Human_AncientMechTwinsA_col1_E'
        }
        TextureParameterValues[6] = { ParameterName=FX_Mask, ParameterValue=Texture2D'FX_AncientMechTwinsA_col1_Mask' }
        TextureParameterValues[7] = { ParameterName=Lerp_Tex_A, ParameterValue=Texture2D'FireWork_Burst_Heart_03' }
        TextureParameterValues[8] = { ParameterName=Subtract_Tex1, ParameterValue=Texture2D'FireWork_Burst_Heart_04' }
        TextureParameterValues[9] = { ParameterName=Subtract_Tex2, ParameterValue=Texture2D'Noise_013' }
        TextureParameterValues[10] = { ParameterName=Lerp_Tex_B, ParameterValue=Texture2D'Gradient_Line_003' }
    }
    VectorParameterValues[17] =
    {
        VectorParameterValues[0] =
        {
            ParameterName = Mesh_trangition
            ParameterValue = { R=0, G=0, B=0, A=1 }
        }
        VectorParameterValues[1] =
        {
            ParameterName = Reflection_value
            ParameterValue = { R=2, G=2, B=2, A=1 }
        }
        VectorParameterValues[2] =
        {
            ParameterName = HighLight_Color
            ParameterValue = { R=1, G=1, B=1, A=1 }
        }
        VectorParameterValues[3] =
        {
            ParameterName = Fresnel_color
            ParameterValue = { R=0, G=0, B=0, A=1 }
        }
        VectorParameterValues[4] =
        {
            ParameterName = Fresnel_Power
            ParameterValue = { R=0, G=0, B=0, A=1 }
        }
        VectorParameterValues[5] =
        {
            ParameterName = Burn_Color
            ParameterValue = { R=0, G=0, B=0, A=1 }
        }
        VectorParameterValues[6] =
        {
            ParameterName = Glow_Trangition
            ParameterValue = { R=0, G=0, B=0, A=1 }
        }
        VectorParameterValues[7] =
        {
            ParameterName = Fx_Glow_power
            ParameterValue = { R=0, G=0, B=0, A=1 }
        }
        VectorParameterValues[8] =
        {
            ParameterName = Fx_Glow_color
            ParameterValue = { R=0, G=0, B=0, A=1 }
        }
        VectorParameterValues[9] =
        {
            ParameterName = AC_color
            ParameterValue = { R=1, G=1, B=1, A=1 }
        }
        VectorParameterValues[10] =
        {
            ParameterName = AC_specular
            ParameterValue = { R=1, G=1, B=1, A=1 }
        }
        VectorParameterValues[11] =
        {
            ParameterName = Fx_Glow_color_B
            ParameterValue = { R=0, G=0, B=0, A=1 }
        }
        VectorParameterValues[12] =
        {
            ParameterName = Glow_Trangition_B
            ParameterValue = { R=0, G=0, B=0, A=1 }
        }
        VectorParameterValues[13] =
        {
            ParameterName = Fx_Glow_power_B
            ParameterValue = { R=0, G=0, B=0, A=1 }
        }
        VectorParameterValues[14] =
        {
            ParameterName = Fx_Glow_color_A
            ParameterValue = { R=0, G=0, B=0, A=1 }
        }
        VectorParameterValues[15] =
        {
            ParameterName = Glow_Trangition_A
            ParameterValue = { R=0, G=0, B=0, A=1 }
        }
        VectorParameterValues[16] =
        {
            ParameterName = Fx_Glow_power_A
            ParameterValue = { R=0, G=0, B=0, A=1 }
        }
    }
    Parent = Material3'Basic_AncienMechTwinsAB_FX'
    FlattenedTexture = None
    MobileBaseTexture = None
    MobileNormalTexture = None
    bUseMobileSpecular = false
    MobileSpecularPower = 16
    MobileSpecularMask = MSM_Constant (0)
    MobileMaskTexture = None
