Found 27000 game files (27 skipped)
Loading package: 00023966.upk Ver: 573/1 Engine: 4205 Names: 98 Exports: 17 Imports: 13 Game: 801A
Loading SkeletalMesh3 040120_LynF from package 00023966.upk
Loading package: 00023965.upk Ver: 573/1 Engine: 4205 Names: 93 Exports: 2 Imports: 23 Game: 801A
Loading MaterialInstanceConstant col1 from package 00023965.upk
Loading package: 00010034.upk Ver: 573/1 Engine: 4205 Names: 32 Exports: 4 Imports: 4 Game: 801A
Loading package: 00002620.upk Ver: 573/1 Engine: 4205 Names: 560 Exports: 6612 Imports: 96 Game: 801A
Loading MaterialInstanceConstant col1_fur from package 00023965.upk
Loading package: 00023964.upk Ver: 573/1 Engine: 4205 Names: 32 Exports: 4 Imports: 2 Game: 801A
Loading Texture2D LynF_007_col1_D from package 00010034.upk
Loading Texture2D LynF_007_col1_n from package 00010034.upk
Loading Material3 Beard_Ac from package 00002620.upk
Loading package: 00012963.upk Ver: 573/1 Engine: 4205 Names: 1264 Exports: 1240 Imports: 10 Game: 801A
Loading package: 00008613.upk Ver: 573/1 Engine: 4205 Names: 95 Exports: 6 Imports: 12 Game: 801A
Loading Texture2D 040120_LynF_col1_N from package 00023964.upk
Loading Texture2D 040120_LynF_col1_M from package 00023964.upk
Loading Texture2D 040120_LynF_col1_S from package 00023964.upk
Loading Texture2D 040120_LynF_col1_D from package 00023964.upk
Loading Texture2D check from package 00002620.upk
Loading Material3 Fur_Ac from package 00002620.upk
Loading Texture2D check_n from package 00002620.upk
Loading Texture2D Noise_Glass_000 from package 00012963.upk
Loading Texture2D Smoke_Pattern_001 from package 00012963.upk
Loading Texture2D Gradient_Wipe_BurnOut_Mask_TEST from package 00012963.upk
Loading Texture2D Gradient_Wipe_BurnOut_Mask from package 00012963.upk
Loading Texture2D Gradient_Line_003 from package 00012963.upk
Loading Texture2D Nothing_A from package 00008613.upk
Loaded in 0.088 sec, 2649 allocs, 1.77 MBytes serialized in 248351 calls.

Object info:
============
ClassName: SkeletalMesh3 ObjectName: 040120_LynF

    LODInfo[1] =
    {
        LODInfo[0] =
        {
            DisplayFactor = 0
            LODHysteresis = 0.02
            LODMaterialMap[0] = {}
            bEnableShadowCasting[2] = { true, true }
        }
    }
    Sockets[0] = {}
    bHasVertexColors = false
    EnableTwistBoneFixers = true
    EnableClavicleFixer = true
    Materials[2] = { MaterialInstanceConstant'col1', MaterialInstanceConstant'col1_fur' }


    Lods[1] =
    {
        Lods[0] =
        {
            Sections[2] =
            {
                Sections[0] = { Material=MaterialInstanceConstant'col1_fur', FirstIndex=0, NumFaces=2047 }
                Sections[1] = { Material=MaterialInstanceConstant'col1', FirstIndex=6141, NumFaces=310 }
            }
            NumVerts = 3033
            IndexCount = 7071
            NumTexCoords = 1
        }
    }
    LodCount = 1
    MeshOrigin = { X=-0, Y=-0, Z=-0 }
    MeshScale = { X=1, Y=1, Z=1 }
    RotOrigin = { Yaw=0, Pitch=0, Roll=0 }
    BoneCount = 12
