Found 19856 game files (132 skipped)
Loading package: 00028793.upk Ver: 573/1 Engine: 4205 Names: 158 Exports: 244 Imports: 13 Game: 801A
Loading SkeletalMesh3 AnthroCrocodile from package 00028793.upk
WARNING: FloatProperty "USkeletalMesh3::AnimNameHeight" was not found
WARNING: FloatProperty "USkeletalMesh3::NormalNameHeight" was not found
WARNING: FloatProperty "USkeletalMesh3::LowNameHeight" was not found
Loading package: 00028801.upk Ver: 573/1 Engine: 4205 Names: 91 Exports: 1 Imports: 20 Game: 801A
Loading SkeletalMeshSocket SkeletalMeshSocket_79 from package 00028793.upk
WARNING: ObjectProperty "USkeletalMeshSocket::PreviewSkelMesh" was not found
Loading SkeletalMeshSocket SkeletalMeshSocket_80 from package 00028793.upk
WARNING: ObjectProperty "USkeletalMeshSocket::PreviewSkelMesh" was not found
Loading SkeletalMeshSocket SkeletalMeshSocket_81 from package 00028793.upk
Loading SkeletalMeshSocket SkeletalMeshSocket_82 from package 00028793.upk
Loading SkeletalMeshSocket SkeletalMeshSocket_83 from package 00028793.upk
Loading SkeletalMeshSocket SkeletalMeshSocket_84 from package 00028793.upk
Loading SkeletalMeshSocket SkeletalMeshSocket_85 from package 00028793.upk
WARNING: BoolProperty "USkeletalMeshSocket::bParticleAttachPosOnly" was not found
Loading SkeletalMeshSocket SkeletalMeshSocket_86 from package 00028793.upk
Loading SkeletalMeshSocket SkeletalMeshSocket_87 from package 00028793.upk
Loading SkeletalMeshSocket SkeletalMeshSocket_88 from package 00028793.upk
Loading SkeletalMeshSocket SkeletalMeshSocket_89 from package 00028793.upk
Loading MaterialInstanceConstant col1 from package 00028801.upk
Loading package: 00028795.upk Ver: 573/1 Engine: 4205 Names: 33 Exports: 5 Imports: 2 Game: 801A
Loading package: 00002640.upk Ver: 573/1 Engine: 4205 Names: 340 Exports: 556 Imports: 5 Game: 801A
Loading package: 00002620.upk Ver: 573/1 Engine: 4205 Names: 560 Exports: 6612 Imports: 96 Game: 801A
Loading Texture2D AnthroCrocodile_col1_N from package 00028795.upk
Loading Texture2D AnthroCrocodile_col1_M from package 00028795.upk
Loading Texture2D AnthroCrocodile_col1_D from package 00028795.upk
Loading Texture2D AnthroCrocodile_col1_S from package 00028795.upk
Loading TextureCube MatelR5 from package 00002640.upk
Loading Texture2D AnthroCrocodile_col1_E from package 00028795.upk
Loading Material3 Basic from package 00002620.upk
Loading package: 00012963.upk Ver: 573/1 Engine: 4205 Names: 1223 Exports: 1198 Imports: 10 Game: 801A
Loading Texture2D CubemapFace0 from package 00002640.upk
Loading Texture2D CubemapFace1 from package 00002640.upk
Loading Texture2D CubemapFace2 from package 00002640.upk
Loading Texture2D CubemapFace3 from package 00002640.upk
Loading Texture2D CubemapFace4 from package 00002640.upk
Loading Texture2D CubemapFace5 from package 00002640.upk
Loading Texture2D check_n from package 00002620.upk
Loading Texture2D check from package 00002620.upk
Loading Texture2D Smoke_Pattern_001 from package 00012963.upk
Loading Texture2D Gradient_Line_003 from package 00012963.upk
Loading Texture2D Gradient_Wipe_BurnOut_Mask_TEST from package 00012963.upk
Loading Texture2D Gradient_Wipe_BurnOut_Mask from package 00012963.upk
Loaded in 0.17 sec, 2968 allocs, 3.98 MBytes serialized in 403361 calls.

Object info:
============
ClassName: SkeletalMesh3 ObjectName: AnthroCrocodile

    LODInfo[1] =
    {
        LODInfo[0] =
        {
            DisplayFactor = 0
            LODHysteresis = 0.02
            LODMaterialMap[0] = {}
            bEnableShadowCasting[1] = { true }
        }
    }
    Sockets[11] =
    {
        Sockets[0] = SkeletalMeshSocket'AnthroCrocodile.SkeletalMeshSocket_79'
        Sockets[1] = SkeletalMeshSocket'AnthroCrocodile.SkeletalMeshSocket_80'
        Sockets[2] = SkeletalMeshSocket'AnthroCrocodile.SkeletalMeshSocket_81'
        Sockets[3] = SkeletalMeshSocket'AnthroCrocodile.SkeletalMeshSocket_82'
        Sockets[4] = SkeletalMeshSocket'AnthroCrocodile.SkeletalMeshSocket_83'
        Sockets[5] = SkeletalMeshSocket'AnthroCrocodile.SkeletalMeshSocket_84'
        Sockets[6] = SkeletalMeshSocket'AnthroCrocodile.SkeletalMeshSocket_85'
        Sockets[7] = SkeletalMeshSocket'AnthroCrocodile.SkeletalMeshSocket_86'
        Sockets[8] = SkeletalMeshSocket'AnthroCrocodile.SkeletalMeshSocket_87'
        Sockets[9] = SkeletalMeshSocket'AnthroCrocodile.SkeletalMeshSocket_88'
        Sockets[10] = SkeletalMeshSocket'AnthroCrocodile.SkeletalMeshSocket_89'
    }
    bHasVertexColors = false
    EnableTwistBoneFixers = true
    EnableClavicleFixer = true
    Materials[1] = { MaterialInstanceConstant'col1' }


    Lods[1] =
    {
        Lods[0] =
        {
            Sections[1] =
            {
                Sections[0] = { Material=MaterialInstanceConstant'col1', FirstIndex=0, NumFaces=9035 }
            }
            NumVerts = 6258
            IndexCount = 27105
            NumTexCoords = 1
        }
    }
    LodCount = 1
    MeshOrigin = { X=-0, Y=-0, Z=-0 }
    MeshScale = { X=1, Y=1, Z=1 }
    RotOrigin = { Yaw=0, Pitch=0, Roll=0 }
    BoneCount = 65

Object info:
============
ClassName: SkeletalMeshSocket ObjectName: SkeletalMeshSocket_79

    SocketName = WeaponL
    BoneName = WeaponL
    RelativeLocation = { X=1.73807, Y=-0.367952, Z=0.327252 }
    RelativeRotation = { Yaw=-2131, Pitch=769, Roll=32276 }
    RelativeScale = { X=1, Y=1, Z=1 }

Object info:
============
ClassName: SkeletalMeshSocket ObjectName: SkeletalMeshSocket_80

    SocketName = WeaponR
    BoneName = WeaponR
    RelativeLocation = { X=0.687302, Y=0, Z=-0.0422253 }
    RelativeRotation = { Yaw=0, Pitch=-639, Roll=0 }
    RelativeScale = { X=1, Y=1, Z=1 }

Object info:
============
ClassName: SkeletalMeshSocket ObjectName: SkeletalMeshSocket_81

    SocketName = target_high
    BoneName = Bip01Head
    RelativeLocation = { X=0, Y=0, Z=0 }
    RelativeRotation = { Yaw=0, Pitch=0, Roll=0 }
    RelativeScale = { X=1, Y=1, Z=1 }

Object info:
============
ClassName: SkeletalMeshSocket ObjectName: SkeletalMeshSocket_82

    SocketName = Catch_Neck
    BoneName = Bip01Neck
    RelativeLocation = { X=0, Y=0, Z=0 }
    RelativeRotation = { Yaw=0, Pitch=0, Roll=0 }
    RelativeScale = { X=1, Y=1, Z=1 }

Object info:
============
ClassName: SkeletalMeshSocket ObjectName: SkeletalMeshSocket_83

    SocketName = socket_force
    BoneName = Root
    RelativeLocation = { X=40, Y=33, Z=0 }
    RelativeRotation = { Yaw=0, Pitch=0, Roll=0 }
    RelativeScale = { X=1, Y=1, Z=1 }

Object info:
============
ClassName: SkeletalMeshSocket ObjectName: SkeletalMeshSocket_84

    SocketName = Mount_Socket
    BoneName = Root
    RelativeLocation = { X=0, Y=0, Z=0 }
    RelativeRotation = { Yaw=32768, Pitch=0, Roll=0 }
    RelativeScale = { X=1, Y=1, Z=1 }

Object info:
============
ClassName: SkeletalMeshSocket ObjectName: SkeletalMeshSocket_85

    SocketName = ATTACH_EFFECT
    BoneName = Bip01
    RelativeLocation = { X=0, Y=0, Z=0 }
    RelativeRotation = { Yaw=0, Pitch=0, Roll=0 }
    RelativeScale = { X=1, Y=1, Z=1 }

Object info:
============
ClassName: SkeletalMeshSocket ObjectName: SkeletalMeshSocket_86

    SocketName = Mount_Ambar_Socket
    BoneName = Bip01LClavicle
    RelativeLocation = { X=-10, Y=-2, Z=-12 }
    RelativeRotation = { Yaw=-285, Pitch=9970, Roll=22850 }
    RelativeScale = { X=1, Y=1, Z=1 }

Object info:
============
ClassName: SkeletalMeshSocket ObjectName: SkeletalMeshSocket_87

    SocketName = Mount_Choke_Socket
    BoneName = Root
    RelativeLocation = { X=1.5, Y=0, Z=0 }
    RelativeRotation = { Yaw=32768, Pitch=0, Roll=0 }
    RelativeScale = { X=1, Y=1, Z=1 }

Object info:
============
ClassName: SkeletalMeshSocket ObjectName: SkeletalMeshSocket_88

    SocketName = Decap_Socket
    BoneName = Bip01Neck
    RelativeLocation = { X=0, Y=0, Z=0 }
    RelativeRotation = { Yaw=0, Pitch=0, Roll=0 }
    RelativeScale = { X=1, Y=1, Z=1 }

Object info:
============
ClassName: SkeletalMeshSocket ObjectName: SkeletalMeshSocket_89

    SocketName = Socket_Caster
    BoneName = Root
    RelativeLocation = { X=0, Y=0, Z=0 }
    RelativeRotation = { Yaw=32768, Pitch=0, Roll=0 }
    RelativeScale = { X=1, Y=1, Z=1 }
