Found 16186 game files (0 skipped)
Loading package: 00020630.upk Ver: 573/1 Engine: 4205 Names: 106 Exports: 2 Imports: 23 Game: 801A
Loading MaterialInstanceConstant col1 from package 00020630.upk
Loading package: 00020629.upk Ver: 573/1 Engine: 4205 Names: 32 Exports: 4 Imports: 2 Game: 801A
Loading package: 00008613.upk Ver: 573/1 Engine: 4205 Names: 95 Exports: 6 Imports: 12 Game: 801A
Loading package: 00002620.upk Ver: 573/1 Engine: 4205 Names: 500 Exports: 5733 Imports: 89 Game: 801A
Loading MaterialInstanceConstant col1_Acc from package 00020630.upk
Loading package: 00002640.upk Ver: 573/1 Engine: 4205 Names: 340 Exports: 556 Imports: 5 Game: 801A
Loading Texture2D Acc_040084_JinM_Col1_D from package 00020629.upk
Loading Texture2D Acc_040084_JinM_Col1_N from package 00020629.upk
Loading Texture2D Nothing_A from package 00008613.upk
Loading Material3 Beard_Ac from package 00002620.upk
Loading package: 00012963.upk Ver: 573/1 Engine: 4205 Names: 1199 Exports: 1162 Imports: 10 Game: 801A
Loading Texture2D Acc_040084_JinM_Col1_M from package 00020629.upk
Loading Texture2D Acc_040084_JinM_Col1_S from package 00020629.upk
Loading TextureCube lenscube from package 00002640.upk
Loading Material3 Basic from package 00002620.upk
Loading Texture2D check_n from package 00002620.upk
Loading Texture2D Noise_Glass_000 from package 00012963.upk
Loading Texture2D Smoke_Pattern_001 from package 00012963.upk
Loading Texture2D Gradient_Wipe_BurnOut_Mask_TEST from package 00012963.upk
Loading Texture2D Gradient_Wipe_BurnOut_Mask from package 00012963.upk
Loading Texture2D check from package 00002620.upk
Loading Texture2D Gradient_Line_003 from package 00012963.upk
Loading Texture2D CubemapFace0 from package 00002640.upk
Loading Texture2D CubemapFace1 from package 00002640.upk
Loading Texture2D CubemapFace2 from package 00002640.upk
Loading Texture2D CubemapFace3 from package 00002640.upk
Loading Texture2D CubemapFace4 from package 00002640.upk
Loading Texture2D CubemapFace5 from package 00002640.upk
Loaded in 0.11 sec, 2800 allocs, 1.20 MBytes serialized in 146878 calls.

Object info:
============
ClassName: MaterialInstanceConstant ObjectName: col1

    ScalarParameterValues[3] =
    {
        ScalarParameterValues[0] = { ParameterName=Ac_Glossiness, ParameterValue=1 }
        ScalarParameterValues[1] = { ParameterName=Hair_Glossiness, ParameterValue=8 }
        ScalarParameterValues[2] = { ParameterName=beard_hide, ParameterValue=0 }
    }
    TextureParameterValues[3] =
    {
        TextureParameterValues[0] = { ParameterName=Hair_Diffuse, ParameterValue=Texture2D'Acc_040084_JinM_Col1_D' }
        TextureParameterValues[1] = { ParameterName=Hair_normal, ParameterValue=Texture2D'Acc_040084_JinM_Col1_N' }
        TextureParameterValues[2] = { ParameterName=Hide, ParameterValue=Texture2D'Nothing_A' }
    }
    VectorParameterValues[9] =
    {
        VectorParameterValues[0] =
        {
            ParameterName = hair_color_S
            ParameterValue = { R=0.447871, G=0.425905, B=0.238828, A=1 }
        }
        VectorParameterValues[1] =
        {
            ParameterName = hair_color_L
            ParameterValue = { R=0.054592, G=0.042987, B=0.026549, A=1 }
        }
        VectorParameterValues[2] =
        {
            ParameterName = hair_color_D
            ParameterValue = { R=0.007155, G=0.007155, B=0.005522, A=1 }
        }
        VectorParameterValues[3] =
        {
            ParameterName = Fresnel_color
            ParameterValue = { R=0, G=0, B=0, A=1 }
        }
        VectorParameterValues[4] =
        {
            ParameterName = Fresnel_Power
            ParameterValue = { R=0, G=0, B=0, A=1 }
        }
        VectorParameterValues[5] =
        {
            ParameterName = Mesh_trangition
            ParameterValue = { R=0, G=0, B=0, A=1 }
        }
        VectorParameterValues[6] =
        {
            ParameterName = Ac_color_S
            ParameterValue = { R=0.91575, G=0.940601, B=0.579547, A=1 }
        }
        VectorParameterValues[7] =
        {
            ParameterName = Ac_color_L
            ParameterValue = { R=0.84337, G=0.812242, B=0.517401, A=1 }
        }
        VectorParameterValues[8] =
        {
            ParameterName = Ac_color_D
            ParameterValue = { R=0.517401, G=0.481952, B=0.344026, A=1 }
        }
    }
    Parent = Material3'Beard_Ac'
    FlattenedTexture = None
    MobileBaseTexture = None
    MobileNormalTexture = None
    bUseMobileSpecular = false
    MobileSpecularPower = 16
    MobileSpecularMask = MSM_Constant (0)
    MobileMaskTexture = None

Object info:
============
ClassName: MaterialInstanceConstant ObjectName: col1_Acc

    ScalarParameterValues[10] =
    {
        ScalarParameterValues[0] = { ParameterName=Transmission_value, ParameterValue=1 }
        ScalarParameterValues[1] = { ParameterName=Glossiness1, ParameterValue=10 }
        ScalarParameterValues[2] = { ParameterName=Glossiness2, ParameterValue=50 }
        ScalarParameterValues[3] = { ParameterName=Specular_value, ParameterValue=1 }
        ScalarParameterValues[4] = { ParameterName=HighLight_Value, ParameterValue=1 }
        ScalarParameterValues[5] = { ParameterName=HighLight_glossiness, ParameterValue=200 }
        ScalarParameterValues[6] = { ParameterName=Emissive_value, ParameterValue=1 }
        ScalarParameterValues[7] = { ParameterName=Emissive_value2, ParameterValue=0 }
        ScalarParameterValues[8] = { ParameterName=Fresnel Value, ParameterValue=1 }
        ScalarParameterValues[9] = { ParameterName=Fresnel exponent, ParameterValue=30 }
    }
    TextureParameterValues[6] =
    {
        TextureParameterValues[0] = { ParameterName=Normal, ParameterValue=Texture2D'Acc_040084_JinM_Col1_N' }
        TextureParameterValues[1] = { ParameterName=Mask_GB, ParameterValue=Texture2D'Acc_040084_JinM_Col1_M' }
        TextureParameterValues[2] = { ParameterName=Diffuse, ParameterValue=Texture2D'Acc_040084_JinM_Col1_D' }
        TextureParameterValues[3] = { ParameterName=Specular, ParameterValue=Texture2D'Acc_040084_JinM_Col1_S' }
        TextureParameterValues[4] = { ParameterName=rf_cube, ParameterValue=TextureCube'lenscube' }
        TextureParameterValues[5] = { ParameterName=Emissive, ParameterValue=None }
    }
    VectorParameterValues[11] =
    {
        VectorParameterValues[0] =
        {
            ParameterName = Mesh_trangition
            ParameterValue = { R=0, G=0, B=0, A=1 }
        }
        VectorParameterValues[1] =
        {
            ParameterName = Reflection_value
            ParameterValue = { R=1, G=1, B=1, A=0 }
        }
        VectorParameterValues[2] =
        {
            ParameterName = HighLight_Color
            ParameterValue = { R=1, G=1, B=1, A=1 }
        }
        VectorParameterValues[3] =
        {
            ParameterName = Fresnel_color
            ParameterValue = { R=0, G=0, B=0, A=1 }
        }
        VectorParameterValues[4] =
        {
            ParameterName = Fresnel_Power
            ParameterValue = { R=0, G=0, B=0, A=1 }
        }
        VectorParameterValues[5] =
        {
            ParameterName = Burn_Color
            ParameterValue = { R=0, G=0, B=0, A=1 }
        }
        VectorParameterValues[6] =
        {
            ParameterName = Glow_Trangition
            ParameterValue = { R=0, G=0, B=0, A=1 }
        }
        VectorParameterValues[7] =
        {
            ParameterName = Fx_Glow_power
            ParameterValue = { R=0, G=0, B=0, A=1 }
        }
        VectorParameterValues[8] =
        {
            ParameterName = Fx_Glow_color
            ParameterValue = { R=0, G=0, B=0, A=1 }
        }
        VectorParameterValues[9] =
        {
            ParameterName = AC_color
            ParameterValue = { R=1, G=1, B=1, A=1 }
        }
        VectorParameterValues[10] =
        {
            ParameterName = AC_specular
            ParameterValue = { R=1, G=1, B=1, A=1 }
        }
    }
    Parent = Material3'Basic'
    FlattenedTexture = None
    MobileBaseTexture = None
    MobileNormalTexture = None
    bUseMobileSpecular = false
    MobileSpecularPower = 16
    MobileSpecularMask = MSM_Constant (0)
    MobileMaskTexture = None
