Found 18875 game files (36 skipped)
Loading package: 00026258.upk Ver: 573/1 Engine: 4205 Names: 124 Exports: 1 Imports: 21 Game: 801A
Loading MaterialInstanceConstant Col_Face_Acc from package 00026258.upk
Loading package: 00026252.upk Ver: 573/1 Engine: 4205 Names: 32 Exports: 4 Imports: 2 Game: 801A
Loading package: 00002640.upk Ver: 573/1 Engine: 4205 Names: 340 Exports: 556 Imports: 5 Game: 801A
Loading package: 00002620.upk Ver: 573/1 Engine: 4205 Names: 560 Exports: 6612 Imports: 96 Game: 801A
Loading Texture2D 010078_JinF_col1_N from package 00026252.upk
Loading TextureCube lenscube_a from package 00002640.upk
Loading Texture2D check from package 00002620.upk
Loading Texture2D 010078_JinF_col1_S from package 00026252.upk
Loading Texture2D 010078_JinF_col1_M from package 00026252.upk
Loading Texture2D 010078_JinF_col1_D from package 00026252.upk
Loading Material3 Moonpa_Body from package 00002620.upk
Loading package: 00025178.upk Ver: 573/1 Engine: 4205 Names: 69 Exports: 39 Imports: 2 Game: 801A
Loading package: 00012963.upk Ver: 573/1 Engine: 4205 Names: 1219 Exports: 1194 Imports: 10 Game: 801A
Loading Texture2D CubemapFace0 from package 00002640.upk
Loading Texture2D CubemapFace1 from package 00002640.upk
Loading Texture2D CubemapFace2 from package 00002640.upk
Loading Texture2D CubemapFace3 from package 00002640.upk
Loading Texture2D CubemapFace4 from package 00002640.upk
Loading Texture2D CubemapFace5 from package 00002640.upk
Loading Texture2D Mask_Default from package 00025178.upk
Loading Texture2D check_n from package 00002620.upk
Loading Texture2D Noise_Glass_000 from package 00012963.upk
Loading Texture2D Smoke_Pattern_001 from package 00012963.upk
Loading Texture2D Gradient_Wipe_BurnOut_Mask_TEST from package 00012963.upk
Loading Texture2D Gradient_Wipe_BurnOut_Mask from package 00012963.upk
Loading Texture2D Gradient_Line_003 from package 00012963.upk
Loaded in 0.11 sec, 2872 allocs, 0.98 MBytes serialized in 164408 calls.

Object info:
============
ClassName: MaterialInstanceConstant ObjectName: Col_Face_Acc

    ScalarParameterValues[25] =
    {
        ScalarParameterValues[0] = { ParameterName=Transmission_value, ParameterValue=0 }
        ScalarParameterValues[1] = { ParameterName=Skin_glossiness, ParameterValue=3.5 }
        ScalarParameterValues[2] = { ParameterName=Skin_Spec_value, ParameterValue=1 }
        ScalarParameterValues[3] = { ParameterName=HighLight_Value, ParameterValue=2 }
        ScalarParameterValues[4] = { ParameterName=HighLight_glossiness, ParameterValue=100 }
        ScalarParameterValues[5] = { ParameterName=Emissive_value, ParameterValue=2 }
        ScalarParameterValues[6] = { ParameterName=Emissive_value2, ParameterValue=0 }
        ScalarParameterValues[7] = { ParameterName=Fresnel Value, ParameterValue=1 }
        ScalarParameterValues[8] = { ParameterName=Fresnel exponent, ParameterValue=30 }
        ScalarParameterValues[9] = { ParameterName=Skin_Spec_value_X, ParameterValue=1 }
        ScalarParameterValues[10] = { ParameterName=Top_M, ParameterValue=0 }
        ScalarParameterValues[11] = { ParameterName=Under_M, ParameterValue=0 }
        ScalarParameterValues[12] = { ParameterName=Wear_SP, ParameterValue=1 }
        ScalarParameterValues[13] = { ParameterName=Top_S, ParameterValue=1 }
        ScalarParameterValues[14] = { ParameterName=Top_SP, ParameterValue=5 }
        ScalarParameterValues[15] = { ParameterName=Under_S, ParameterValue=1 }
        ScalarParameterValues[16] = { ParameterName=Under_SP, ParameterValue=5 }
        ScalarParameterValues[17] = { ParameterName=Point_S, ParameterValue=1 }
        ScalarParameterValues[18] = { ParameterName=Point_SP, ParameterValue=5 }
        ScalarParameterValues[19] = { ParameterName=Ac1_S, ParameterValue=0.4 }
        ScalarParameterValues[20] = { ParameterName=Ac1_SP, ParameterValue=10 }
        ScalarParameterValues[21] = { ParameterName=Ac2_S, ParameterValue=0.5 }
        ScalarParameterValues[22] = { ParameterName=Ac2_SP, ParameterValue=10 }
        ScalarParameterValues[23] = { ParameterName=Ac3_S, ParameterValue=2 }
        ScalarParameterValues[24] = { ParameterName=Ac3_SP, ParameterValue=2 }
    }
    TextureParameterValues[8] =
    {
        TextureParameterValues[0] = { ParameterName=N, ParameterValue=Texture2D'010078_JinF_col1_N' }
        TextureParameterValues[1] = { ParameterName=rf_cube, ParameterValue=TextureCube'lenscube_a' }
        TextureParameterValues[2] = { ParameterName=Emissive, ParameterValue=Texture2D'check' }
        TextureParameterValues[3] = { ParameterName=S, ParameterValue=Texture2D'010078_JinF_col1_S' }
        TextureParameterValues[4] = { ParameterName=M, ParameterValue=Texture2D'010078_JinF_col1_M' }
        TextureParameterValues[5] = { ParameterName=D, ParameterValue=Texture2D'010078_JinF_col1_D' }
        TextureParameterValues[6] = { ParameterName=Top_Pattern, ParameterValue=None }
        TextureParameterValues[7] = { ParameterName=Under_Pattern, ParameterValue=None }
    }
    VectorParameterValues[27] =
    {
        VectorParameterValues[0] =
        {
            ParameterName = Mesh_trangition
            ParameterValue = { R=0, G=0, B=0, A=1 }
        }
        VectorParameterValues[1] =
        {
            ParameterName = Skin_Specular
            ParameterValue = { R=1, G=1, B=1, A=1 }
        }
        VectorParameterValues[2] =
        {
            ParameterName = Reflection_value
            ParameterValue = { R=1, G=1, B=1, A=1 }
        }
        VectorParameterValues[3] =
        {
            ParameterName = HighLight_Color
            ParameterValue = { R=1, G=1, B=1, A=1 }
        }
        VectorParameterValues[4] =
        {
            ParameterName = Fresnel_color
            ParameterValue = { R=0, G=0, B=0, A=1 }
        }
        VectorParameterValues[5] =
        {
            ParameterName = Fresnel_Power
            ParameterValue = { R=0, G=0, B=0, A=1 }
        }
        VectorParameterValues[6] =
        {
            ParameterName = skin_color
            ParameterValue = { R=1, G=1, B=1, A=1 }
        }
        VectorParameterValues[7] =
        {
            ParameterName = Burn_Color
            ParameterValue = { R=0, G=0, B=0, A=1 }
        }
        VectorParameterValues[8] =
        {
            ParameterName = Top_S
            ParameterValue = { R=0.948965, G=0.907547, B=0.812242, A=1 }
        }
        VectorParameterValues[9] =
        {
            ParameterName = Top_L
            ParameterValue = { R=0.899385, G=0.88318, B=0.835528, A=1 }
        }
        VectorParameterValues[10] =
        {
            ParameterName = Top_D
            ParameterValue = { R=0.781751, G=0.781751, B=0.68002, A=1 }
        }
        VectorParameterValues[11] =
        {
            ParameterName = Under_S
            ParameterValue = { R=1, G=0.940601, B=0.907547, A=1 }
        }
        VectorParameterValues[12] =
        {
            ParameterName = Under_L
            ParameterValue = { R=0.796917, G=0.70117, B=0.645555, A=1 }
        }
        VectorParameterValues[13] =
        {
            ParameterName = Under_D
            ParameterValue = { R=0.63878, G=0.585973, B=0.56681, A=1 }
        }
        VectorParameterValues[14] =
        {
            ParameterName = Point_S
            ParameterValue = { R=0.035614, G=0.035614, B=0.035614, A=1 }
        }
        VectorParameterValues[15] =
        {
            ParameterName = Point_L
            ParameterValue = { R=0.027755, G=0.023104, B=0.024223, A=1 }
        }
        VectorParameterValues[16] =
        {
            ParameterName = Point_D
            ParameterValue = { R=0.014311, G=0.002932, B=0.001687, A=1 }
        }
        VectorParameterValues[17] =
        {
            ParameterName = Ac1_S
            ParameterValue = { R=0.160444, G=0.093876, B=0.625345, A=1 }
        }
        VectorParameterValues[18] =
        {
            ParameterName = Ac1_L
            ParameterValue = { R=0.133209, G=0.124741, B=0.183549, A=1 }
        }
        VectorParameterValues[19] =
        {
            ParameterName = Ac1_D
            ParameterValue = { R=0.024223, G=0.023104, B=0.030257, A=1 }
        }
        VectorParameterValues[20] =
        {
            ParameterName = Ac2_S
            ParameterValue = { R=0.242796, G=0.242796, B=0.242796, A=1 }
        }
        VectorParameterValues[21] =
        {
            ParameterName = Ac2_L
            ParameterValue = { R=0.023104, G=0.023104, B=0.023104, A=1 }
        }
        VectorParameterValues[22] =
        {
            ParameterName = Ac2_D
            ParameterValue = { R=0.003303, G=0.002932, B=0.005028, A=1 }
        }
        VectorParameterValues[23] =
        {
            ParameterName = Ac3_S
            ParameterValue = { R=1, G=1, B=0.21952, A=1 }
        }
        VectorParameterValues[24] =
        {
            ParameterName = Ac3_L
            ParameterValue = { R=0.009696, G=0.005522, B=0.009696, A=1 }
        }
        VectorParameterValues[25] =
        {
            ParameterName = Ac3_D
            ParameterValue = { R=0.005522, G=0.003303, B=0.006041, A=1 }
        }
        VectorParameterValues[26] =
        {
            ParameterName = Pattern_Size
            ParameterValue = { R=0.8, G=0.5, B=2, A=2 }
        }
    }
    Parent = Material3'Moonpa_Body'
    FlattenedTexture = None
    MobileBaseTexture = None
    MobileNormalTexture = None
    bUseMobileSpecular = false
    MobileSpecularPower = 16
    MobileSpecularMask = MSM_Constant (0)
    MobileMaskTexture = None
