Found 18875 game files (36 skipped)
Loading package: 00027533.upk Ver: 573/1 Engine: 4205 Names: 101 Exports: 33 Imports: 13 Game: 801A
Loading SkeletalMesh3 060026_JinF from package 00027533.upk
Loading package: 00027534.upk Ver: 573/1 Engine: 4205 Names: 95 Exports: 2 Imports: 24 Game: 801A
Loading MaterialInstanceConstant col1 from package 00027534.upk
Loading package: 00027530.upk Ver: 573/1 Engine: 4205 Names: 37 Exports: 8 Imports: 4 Game: 801A
Loading package: 00002640.upk Ver: 573/1 Engine: 4205 Names: 340 Exports: 556 Imports: 5 Game: 801A
Loading package: 00002620.upk Ver: 573/1 Engine: 4205 Names: 560 Exports: 6612 Imports: 96 Game: 801A
Loading MaterialInstanceConstant col1_1 from package 00027534.upk
Loading package: 00021822.upk Ver: 573/1 Engine: 4205 Names: 31 Exports: 3 Imports: 2 Game: 801A
Loading package: 00021830.upk Ver: 573/1 Engine: 4205 Names: 32 Exports: 4 Imports: 2 Game: 801A
Loading Texture2D 060026_JinM_col1_N from package 00027530.upk
Loading Texture2D 060026_JinM_col1_M from package 00027530.upk
Loading Texture2D 060026_JinM_col1_D from package 00027530.upk
Loading Texture2D 060026_JinM_col1_S from package 00027530.upk
Loading TextureCube Cube_D from package 00002640.upk
Loading Texture2D check from package 00002620.upk
Loading Material3 Basic from package 00002620.upk
Loading package: 00012963.upk Ver: 573/1 Engine: 4205 Names: 1219 Exports: 1194 Imports: 10 Game: 801A
Loading Texture2D 060013_LynM_Col1_N from package 00021822.upk
Loading Texture2D 060014_LynM_Col1_M from package 00021830.upk
Loading Texture2D 060013_LynM_Col1_D from package 00021822.upk
Loading Texture2D 060013_LynM_Col1_S from package 00021822.upk
Loading Texture2D CubemapFace0 from package 00002640.upk
Loading Texture2D CubemapFace1 from package 00002640.upk
Loading Texture2D CubemapFace2 from package 00002640.upk
Loading Texture2D CubemapFace3 from package 00002640.upk
Loading Texture2D CubemapFace4 from package 00002640.upk
Loading Texture2D CubemapFace5 from package 00002640.upk
Loading Texture2D check_n from package 00002620.upk
Loading Texture2D Smoke_Pattern_001 from package 00012963.upk
Loading Texture2D Gradient_Line_003 from package 00012963.upk
Loading Texture2D Gradient_Wipe_BurnOut_Mask_TEST from package 00012963.upk
Loading Texture2D Gradient_Wipe_BurnOut_Mask from package 00012963.upk
Loaded in 0.13 sec, 3038 allocs, 1.22 MBytes serialized in 176091 calls.

Object info:
============
ClassName: SkeletalMesh3 ObjectName: 060026_JinF

    LODInfo[1] =
    {
        LODInfo[0] =
        {
            DisplayFactor = 0
            LODHysteresis = 0.02
            LODMaterialMap[0] = {}
            bEnableShadowCasting[2] = { true, true }
        }
    }
    Sockets[0] = {}
    bHasVertexColors = false
    EnableTwistBoneFixers = true
    EnableClavicleFixer = true
    Materials[2] = { MaterialInstanceConstant'col1', MaterialInstanceConstant'col1_1' }


    Lods[1] =
    {
        Lods[0] =
        {
            Sections[2] =
            {
                Sections[0] = { Material=MaterialInstanceConstant'col1', FirstIndex=0, NumFaces=358 }
                Sections[1] = { Material=MaterialInstanceConstant'col1_1', FirstIndex=1074, NumFaces=76 }
            }
            NumVerts = 294
            IndexCount = 1302
            NumTexCoords = 1
        }
    }
    LodCount = 1
    MeshOrigin = { X=-0, Y=-0, Z=-0 }
    MeshScale = { X=1, Y=1, Z=1 }
    RotOrigin = { Yaw=0, Pitch=0, Roll=0 }
    BoneCount = 16
