Found 16187 game files (144 skipped)
Loading package: 00022061.upk Ver: 573/1 Engine: 4205 Names: 314 Exports: 90 Imports: 83 Game: 801A
Loading AnimSet DemonShadowE_AnimSet from package 00022061.upk
WARNING: BoolProperty "UAnimSet::bServiced" was not found
WARNING: ArrayProperty "UAnimSet::AdjustAniScaleBoneNames" was not found
WARNING: ArrayProperty "UAnimSet::DynamicFixedBones" was not found
WARNING: ArrayProperty "UAnimSet::RefSequences" was not found
Loading AnimSequence AnimSequence_1 from package 00022061.upk
WARNING: BoolProperty "UAnimSequence::bUseDynamicFixedBone" was not found
WARNING: BoolProperty "UAnimSequence::bServiced" was not found
WARNING: ByteProperty "UAnimSequence::NamePlateControlMode" was not found
Loading AnimSequence AnimSequence_11 from package 00022061.upk
WARNING: BoolProperty "UAnimSequence::bUseDynamicFixedBone" was not found
WARNING: BoolProperty "UAnimSequence::bIgnoreAimControl" was not found
WARNING: BoolProperty "UAnimSequence::bServiced" was not found
WARNING: ByteProperty "UAnimSequence::NamePlateControlMode" was not found
Loading AnimSequence AnimSequence_12 from package 00022061.upk
WARNING: BoolProperty "UAnimSequence::bUseDynamicFixedBone" was not found
WARNING: BoolProperty "UAnimSequence::bIgnoreAimControl" was not found
WARNING: BoolProperty "UAnimSequence::bServiced" was not found
WARNING: ByteProperty "UAnimSequence::NamePlateControlMode" was not found
Loading AnimSequence AnimSequence_13 from package 00022061.upk
WARNING: BoolProperty "UAnimSequence::bUseDynamicFixedBone" was not found
WARNING: BoolProperty "UAnimSequence::bIgnoreAimControl" was not found
WARNING: BoolProperty "UAnimSequence::bServiced" was not found
WARNING: ByteProperty "UAnimSequence::NamePlateControlMode" was not found
Loading AnimSequence AnimSequence_14 from package 00022061.upk
WARNING: BoolProperty "UAnimSequence::bIgnoreAimControl" was not found
WARNING: BoolProperty "UAnimSequence::bServiced" was not found
WARNING: ByteProperty "UAnimSequence::NamePlateControlMode" was not found
Loading AnimSequence AnimSequence_15 from package 00022061.upk
WARNING: BoolProperty "UAnimSequence::bIgnoreAimControl" was not found
WARNING: BoolProperty "UAnimSequence::bServiced" was not found
WARNING: ByteProperty "UAnimSequence::NamePlateControlMode" was not found
Loading AnimSequence AnimSequence_16 from package 00022061.upk
WARNING: BoolProperty "UAnimSequence::bIgnoreAimControl" was not found
WARNING: BoolProperty "UAnimSequence::bServiced" was not found
WARNING: ByteProperty "UAnimSequence::NamePlateControlMode" was not found
Loading AnimSequence AnimSequence_17 from package 00022061.upk
WARNING: BoolProperty "UAnimSequence::bIgnoreAimControl" was not found
WARNING: BoolProperty "UAnimSequence::bServiced" was not found
WARNING: ByteProperty "UAnimSequence::NamePlateControlMode" was not found
Loading AnimSequence AnimSequence_18 from package 00022061.upk
WARNING: BoolProperty "UAnimSequence::bIgnoreAimControl" was not found
WARNING: BoolProperty "UAnimSequence::bServiced" was not found
WARNING: ByteProperty "UAnimSequence::NamePlateControlMode" was not found
Loading AnimSequence AnimSequence_19 from package 00022061.upk
WARNING: BoolProperty "UAnimSequence::bIgnoreAimControl" was not found
WARNING: BoolProperty "UAnimSequence::bServiced" was not found
WARNING: ByteProperty "UAnimSequence::NamePlateControlMode" was not found
Loading AnimSequence AnimSequence_20 from package 00022061.upk
WARNING: BoolProperty "UAnimSequence::bIgnoreAimControl" was not found
WARNING: BoolProperty "UAnimSequence::bServiced" was not found
WARNING: ByteProperty "UAnimSequence::NamePlateControlMode" was not found
Loading AnimSequence AnimSequence_21 from package 00022061.upk
WARNING: BoolProperty "UAnimSequence::bIgnoreAimControl" was not found
WARNING: BoolProperty "UAnimSequence::bUseSlopeRotation" was not found
WARNING: BoolProperty "UAnimSequence::bUseCustomForceAnim" was not found
WARNING: BoolProperty "UAnimSequence::bServiced" was not found
WARNING: ByteProperty "UAnimSequence::NamePlateControlMode" was not found
Loading AnimSequence AnimSequence_4 from package 00022061.upk
WARNING: BoolProperty "UAnimSequence::bServiced" was not found
WARNING: ByteProperty "UAnimSequence::NamePlateControlMode" was not found
Loading AnimSequence AnimSequence_5 from package 00022061.upk
WARNING: BoolProperty "UAnimSequence::bIgnoreAimControl" was not found
WARNING: BoolProperty "UAnimSequence::bUseSlopeRotation" was not found
WARNING: BoolProperty "UAnimSequence::bUseCustomForceAnim" was not found
WARNING: BoolProperty "UAnimSequence::bServiced" was not found
WARNING: ByteProperty "UAnimSequence::NamePlateControlMode" was not found
Loading AnimSequence AnimSequence_6 from package 00022061.upk
WARNING: BoolProperty "UAnimSequence::bUseDynamicFixedBone" was not found
WARNING: BoolProperty "UAnimSequence::bIgnoreAimControl" was not found
WARNING: BoolProperty "UAnimSequence::bServiced" was not found
WARNING: ByteProperty "UAnimSequence::NamePlateControlMode" was not found
Loading AnimSequence AnimSequence_7 from package 00022061.upk
WARNING: BoolProperty "UAnimSequence::bUseDynamicFixedBone" was not found
WARNING: BoolProperty "UAnimSequence::bIgnoreAimControl" was not found
WARNING: BoolProperty "UAnimSequence::bServiced" was not found
WARNING: ByteProperty "UAnimSequence::NamePlateControlMode" was not found
Loading AnimSequence AnimSequence_8 from package 00022061.upk
WARNING: BoolProperty "UAnimSequence::bUseDynamicFixedBone" was not found
WARNING: BoolProperty "UAnimSequence::bIgnoreAimControl" was not found
WARNING: BoolProperty "UAnimSequence::bServiced" was not found
WARNING: ByteProperty "UAnimSequence::NamePlateControlMode" was not found
Loading AnimSequence AnimSequence_9 from package 00022061.upk
WARNING: BoolProperty "UAnimSequence::bUseDynamicFixedBone" was not found
WARNING: BoolProperty "UAnimSequence::bIgnoreAimControl" was not found
WARNING: BoolProperty "UAnimSequence::bServiced" was not found
WARNING: ByteProperty "UAnimSequence::NamePlateControlMode" was not found
Error: Command failed: ******** 00022061 ********
*** unknown member ACF_ZOnlyRLE of enum AnimationCompressionFormat
*** unknown member ACF_ZOnlyRLE of enum AnimationCompressionFormat
*** unknown member ACF_ZOnlyRLE of enum AnimationCompressionFormat
*** unknown member ACF_ZOnlyRLE of enum AnimationCompressionFormat
*** unknown member ACF_ZOnlyRLE of enum AnimationCompressionFormat
*** unknown member ACF_ZOnlyRLE of enum AnimationCompressionFormat
*** unknown member ACF_ZOnlyRLE of enum AnimationCompressionFormat
*** unknown member ACF_ZOnlyRLE of enum AnimationCompressionFormat
*** unknown member ACF_ZOnlyRLE of enum AnimationCompressionFormat
*** unknown member ACF_ZOnlyRLE of enum AnimationCompressionFormat
*** unknown member ACF_ZOnlyRLE of enum AnimationCompressionFormat
*** unknown member ACF_ZOnlyRLE of enum AnimationCompressionFormat
*** unknown member ACF_ZOnlyRLE of enum AnimationCompressionFormat
*** unknown member ACF_ZOnlyRLE of enum AnimationCompressionFormat
*** unknown member ACF_ZOnlyRLE of enum AnimationCompressionFormat
*** unknown member ACF_ZOnlyRLE of enum AnimationCompressionFormat
*** unknown member ACF_ZOnlyRLE of enum AnimationCompressionFormat
*** unknown member ACF_ZOnlyRLE of enum AnimationCompressionFormat
*** ERROR: Unknown rotation compression method: 255
UAnimSet::ConvertAnims <- PostLoad:DemonShadowE_AnimSet <- UObject::EndLoad <- LoadWholePackage:00022061 <- Main


    at ChildProcess.exithandler (child_process.js:637:15)
    at ChildProcess.EventEmitter.emit (events.js:98:17)
    at maybeClose (child_process.js:743:16)
    at Process.ChildProcess._handle.onexit (child_process.js:810:5)