Found 21310 game files (132 skipped)
Loading package: 00021142.upk Ver: 573/1 Engine: 4205 Names: 107 Exports: 4 Imports: 30 Game: 801A
Loading MaterialInstanceConstant col1 from package 00021142.upk
Loading package: 00021138.upk Ver: 573/1 Engine: 4205 Names: 33 Exports: 5 Imports: 2 Game: 801A
Loading package: 00002640.upk Ver: 573/1 Engine: 4205 Names: 340 Exports: 556 Imports: 5 Game: 801A
Loading package: 00019354.upk Ver: 573/1 Engine: 4205 Names: 33 Exports: 5 Imports: 2 Game: 801A
Loading package: 00002620.upk Ver: 573/1 Engine: 4205 Names: 560 Exports: 6612 Imports: 96 Game: 801A
Loading MaterialInstanceConstant col1_1 from package 00021142.upk
Loading Texture2D ring_n from package 00021138.upk
Loading Texture2D ring_m from package 00021138.upk
Loading Texture2D ring_d from package 00021138.upk
Loading Texture2D ring_s from package 00021138.upk
Loading TextureCube lenscube_a from package 00002640.upk
Loading Texture2D Em from package 00019354.upk
Loading Material3 Basic_view_reflect from package 00002620.upk
Loading package: 00012963.upk Ver: 573/1 Engine: 4205 Names: 1234 Exports: 1209 Imports: 10 Game: 801A
Loading TextureCube eye_s from package 00002640.upk
Loading TextureCube IllusionV2 from package 00002640.upk
Loading Texture2D ring_e from package 00021138.upk
Loading TextureCube Cube_Suicide2 from package 00002640.upk
Loading Material3 Blend_Bead from package 00002620.upk
Loading Texture2D CubemapFace0 from package 00002640.upk
Loading Texture2D CubemapFace1 from package 00002640.upk
Loading Texture2D CubemapFace2 from package 00002640.upk
Loading Texture2D CubemapFace3 from package 00002640.upk
Loading Texture2D CubemapFace4 from package 00002640.upk
Loading Texture2D CubemapFace5 from package 00002640.upk
Loading Texture2D check_n from package 00002620.upk
Loading Texture2D Noise_Glass_000 from package 00012963.upk
Loading Texture2D Smoke_Pattern_001 from package 00012963.upk
Loading Texture2D Gradient_Wipe_BurnOut_Mask_TEST from package 00012963.upk
Loading Texture2D Gradient_Wipe_BurnOut_Mask from package 00012963.upk
Loading Texture2D check from package 00002620.upk
Loading Texture2D Gradient_Line_003 from package 00012963.upk
Loading Texture2D CubemapFace0 from package 00002640.upk
Loading Texture2D CubemapFace1 from package 00002640.upk
Loading Texture2D CubemapFace2 from package 00002640.upk
Loading Texture2D CubemapFace3 from package 00002640.upk
Loading Texture2D CubemapFace4 from package 00002640.upk
Loading Texture2D CubemapFace5 from package 00002640.upk
Loading Texture2D CubemapFace0 from package 00002640.upk
Loading Texture2D CubemapFace1 from package 00002640.upk
Loading Texture2D CubemapFace2 from package 00002640.upk
Loading Texture2D CubemapFace3 from package 00002640.upk
Loading Texture2D CubemapFace4 from package 00002640.upk
Loading Texture2D CubemapFace5 from package 00002640.upk
Loading Texture2D CubemapFace0 from package 00002640.upk
Loading Texture2D CubemapFace1 from package 00002640.upk
Loading Texture2D CubemapFace2 from package 00002640.upk
Loading Texture2D CubemapFace3 from package 00002640.upk
Loading Texture2D CubemapFace4 from package 00002640.upk
Loading Texture2D CubemapFace5 from package 00002640.upk
Loading TextureCube Cube_D from package 00002640.upk
Loading Texture2D CubemapFace0 from package 00002640.upk
Loading Texture2D CubemapFace1 from package 00002640.upk
Loading Texture2D CubemapFace2 from package 00002640.upk
Loading Texture2D CubemapFace3 from package 00002640.upk
Loading Texture2D CubemapFace4 from package 00002640.upk
Loading Texture2D CubemapFace5 from package 00002640.upk
Loaded in 0.32 sec, 3463 allocs, 1.42 MBytes serialized in 168103 calls.

Object info:
============
ClassName: MaterialInstanceConstant ObjectName: col1

    ScalarParameterValues[10] =
    {
        ScalarParameterValues[0] = { ParameterName=Transmission_value, ParameterValue=0 }
        ScalarParameterValues[1] = { ParameterName=Glossiness1, ParameterValue=3 }
        ScalarParameterValues[2] = { ParameterName=Glossiness2, ParameterValue=30 }
        ScalarParameterValues[3] = { ParameterName=Specular_value, ParameterValue=3.5 }
        ScalarParameterValues[4] = { ParameterName=HighLight_Value, ParameterValue=1 }
        ScalarParameterValues[5] = { ParameterName=HighLight_glossiness, ParameterValue=20 }
        ScalarParameterValues[6] = { ParameterName=Emissive_value, ParameterValue=3 }
        ScalarParameterValues[7] = { ParameterName=Emissive_value2, ParameterValue=1 }
        ScalarParameterValues[8] = { ParameterName=Fresnel Value, ParameterValue=3 }
        ScalarParameterValues[9] = { ParameterName=Fresnel exponent, ParameterValue=10 }
    }
    TextureParameterValues[6] =
    {
        TextureParameterValues[0] = { ParameterName=Normal, ParameterValue=Texture2D'ring_n' }
        TextureParameterValues[1] = { ParameterName=Mask_GB, ParameterValue=Texture2D'ring_m' }
        TextureParameterValues[2] = { ParameterName=Diffuse, ParameterValue=Texture2D'ring_d' }
        TextureParameterValues[3] = { ParameterName=Specular, ParameterValue=Texture2D'ring_s' }
        TextureParameterValues[4] = { ParameterName=rf_cube, ParameterValue=TextureCube'lenscube_a' }
        TextureParameterValues[5] = { ParameterName=Emissive, ParameterValue=Texture2D'Em' }
    }
    VectorParameterValues[5] =
    {
        VectorParameterValues[0] =
        {
            ParameterName = Mesh_trangition
            ParameterValue = { R=0, G=0, B=0, A=1 }
        }
        VectorParameterValues[1] =
        {
            ParameterName = Reflection_value
            ParameterValue = { R=1.8, G=1.4, B=0.3, A=1 }
        }
        VectorParameterValues[2] =
        {
            ParameterName = HighLight_Color
            ParameterValue = { R=0.9743, G=0.851252, B=0.404541, A=1 }
        }
        VectorParameterValues[3] =
        {
            ParameterName = Fresnel_color
            ParameterValue = { R=0, G=0, B=0, A=1 }
        }
        VectorParameterValues[4] =
        {
            ParameterName = Fresnel_Power
            ParameterValue = { R=0, G=0, B=0, A=1 }
        }
    }
    Parent = Material3'Basic_view_reflect'
    FlattenedTexture = None
    MobileBaseTexture = None
    MobileNormalTexture = None
    bUseMobileSpecular = false
    MobileSpecularPower = 16
    MobileSpecularMask = MSM_Constant (0)
    MobileMaskTexture = None

Object info:
============
ClassName: MaterialInstanceConstant ObjectName: col1_1

    ScalarParameterValues[11] =
    {
        ScalarParameterValues[0] = { ParameterName=Refracion, ParameterValue=0 }
        ScalarParameterValues[1] = { ParameterName=Specular_Fresnel exponent, ParameterValue=0 }
        ScalarParameterValues[2] = { ParameterName=HighLight_Value, ParameterValue=20 }
        ScalarParameterValues[3] = { ParameterName=Diffuse_Fresnel exponent, ParameterValue=2 }
        ScalarParameterValues[4] = { ParameterName=Diffuse_IN_value, ParameterValue=0.1 }
        ScalarParameterValues[5] = { ParameterName=Specular_value, ParameterValue=5 }
        ScalarParameterValues[6] = { ParameterName=Emissive_value, ParameterValue=2 }
        ScalarParameterValues[7] = { ParameterName=Emissive_value2, ParameterValue=0.5 }
        ScalarParameterValues[8] = { ParameterName=Reflection_Fresnel exponent, ParameterValue=10 }
        ScalarParameterValues[9] = { ParameterName=Reflection_OUT_value, ParameterValue=10 }
        ScalarParameterValues[10] = { ParameterName=Reflection_IN_value, ParameterValue=15 }
    }
    TextureParameterValues[8] =
    {
        TextureParameterValues[0] = { ParameterName=Normal, ParameterValue=Texture2D'ring_n' }
        TextureParameterValues[1] = { ParameterName=HighLight_cube, ParameterValue=TextureCube'eye_s' }
        TextureParameterValues[2] = { ParameterName=Diffuse, ParameterValue=Texture2D'ring_d' }
        TextureParameterValues[3] = { ParameterName=Mask_GB, ParameterValue=Texture2D'ring_m' }
        TextureParameterValues[4] = { ParameterName=Specular, ParameterValue=Texture2D'ring_s' }
        TextureParameterValues[5] = { ParameterName=Illusion_cube, ParameterValue=TextureCube'IllusionV2' }
        TextureParameterValues[6] = { ParameterName=Emissive, ParameterValue=Texture2D'ring_e' }
        TextureParameterValues[7] = { ParameterName=rf_cube, ParameterValue=TextureCube'Cube_Suicide2' }
    }
    VectorParameterValues[6] =
    {
        VectorParameterValues[0] =
        {
            ParameterName = Mesh_trangition
            ParameterValue = { R=0, G=0, B=0, A=1 }
        }
        VectorParameterValues[1] =
        {
            ParameterName = HighLight_Color
            ParameterValue = { R=1, G=1, B=1, A=1 }
        }
        VectorParameterValues[2] =
        {
            ParameterName = Illusion_Color
            ParameterValue = { R=5, G=5, B=5, A=1 }
        }
        VectorParameterValues[3] =
        {
            ParameterName = Fresnel_color
            ParameterValue = { R=0, G=0, B=0, A=1 }
        }
        VectorParameterValues[4] =
        {
            ParameterName = Fresnel_Power
            ParameterValue = { R=0, G=0, B=0, A=1 }
        }
        VectorParameterValues[5] =
        {
            ParameterName = Reflection_value
            ParameterValue = { R=0.965815, G=0.859174, B=0.47044, A=1 }
        }
    }
    Parent = Material3'Blend_Bead'
    FlattenedTexture = None
    MobileBaseTexture = None
    MobileNormalTexture = None
    bUseMobileSpecular = false
    MobileSpecularPower = 16
    MobileSpecularMask = MSM_Constant (0)
    MobileMaskTexture = None
