Found 21975 game files (132 skipped)
Loading package: 00022410.upk Ver: 573/1 Engine: 4205 Names: 22 Exports: 2 Imports: 2 Game: 801A
Loading Texture2D 010058_LynM_D_col1 from package 00022410.upk
Loading Texture2D 010058_LynM_S_col1 from package 00022410.upk
Loaded in 0.017 sec, 98 allocs, 0.15 MBytes serialized in 506 calls.

Object info:
============
ClassName: Texture2D ObjectName: 010058_LynM_D_col1

    SizeX = 512
    SizeY = 512
    Format = PF_DXT5 (7)
    AddressX = TA_Wrap (0)
    AddressY = TA_Wrap (0)
    TextureFileCacheName = None
    MipTailBaseIdx = 9
    bForcePVRTC4 = false
    UnpackMin[4] = { 0, 0, 0, 0 }
    UnpackMax[4] = { 1, 1, 1, 1 }

Object info:
============
ClassName: Texture2D ObjectName: 010058_LynM_S_col1

    SizeX = 512
    SizeY = 512
    Format = PF_DXT5 (7)
    AddressX = TA_Wrap (0)
    AddressY = TA_Wrap (0)
    TextureFileCacheName = None
    MipTailBaseIdx = 9
    bForcePVRTC4 = false
    UnpackMin[4] = { 0, 0, 0, 0 }
    UnpackMax[4] = { 1, 1, 1, 1 }
