Found 18875 game files (36 skipped)
Loading package: 00028041.upk Ver: 573/1 Engine: 4205 Names: 152 Exports: 4 Imports: 39 Game: 801A
Loading MaterialInstanceConstant col1 from package 00028041.upk
Loading package: 00007387.upk Ver: 573/1 Engine: 4205 Names: 32 Exports: 4 Imports: 2 Game: 801A
Loading package: 00002640.upk Ver: 573/1 Engine: 4205 Names: 340 Exports: 556 Imports: 5 Game: 801A
Loading package: 00002620.upk Ver: 573/1 Engine: 4205 Names: 560 Exports: 6612 Imports: 96 Game: 801A
Loading MaterialInstanceConstant col1_face from package 00028041.upk
Loading package: 00002665.upk Ver: 573/1 Engine: 4205 Names: 187 Exports: 31 Imports: 21 Game: 801A
Loading package: 00008613.upk Ver: 573/1 Engine: 4205 Names: 95 Exports: 6 Imports: 12 Game: 801A
Loading package: 00008621.upk Ver: 573/1 Engine: 4205 Names: 48 Exports: 18 Imports: 4 Game: 801A
Loading MaterialInstanceConstant col1_hair from package 00028041.upk
Loading package: 00007370.upk Ver: 573/1 Engine: 4205 Names: 29 Exports: 2 Imports: 2 Game: 801A
Loading Texture2D Normal from package 00007387.upk
Loading Texture2D Mask from package 00007387.upk
Loading Texture2D Diffuse from package 00007387.upk
Loading Texture2D Specular from package 00007387.upk
Loading TextureCube cube_orb from package 00002640.upk
Loading Material3 Body from package 00002620.upk
Loading package: 00012963.upk Ver: 573/1 Engine: 4205 Names: 1219 Exports: 1194 Imports: 10 Game: 801A
Loading Texture2D Normal from package 00002665.upk
Loading Texture2D Nothing_A_n from package 00008613.upk
Loading Texture2D Nothing_A from package 00008613.upk
Loading Texture2D JinM_borw01 from package 00008621.upk
Loading Texture2D Diffuse from package 00002665.upk
Loading Texture2D Specular from package 00002665.upk
Loading Texture2D Mask from package 00002665.upk
Loading Material3 Face-M from package 00002620.upk
Loading package: EngineResources.upk Ver: 573/1 Engine: 4205 Names: 134 Exports: 73 Imports: 11 Game: 801A
Loading Texture2D JinM_007_col1_d from package 00007370.upk
Loading Texture2D JinM_007_col1_n from package 00007370.upk
Loading Material3 Beard_Ac from package 00002620.upk
Loading Texture2D CubemapFace0 from package 00002640.upk
Loading Texture2D CubemapFace1 from package 00002640.upk
Loading Texture2D CubemapFace2 from package 00002640.upk
Loading Texture2D CubemapFace3 from package 00002640.upk
Loading Texture2D CubemapFace4 from package 00002640.upk
Loading Texture2D CubemapFace5 from package 00002640.upk
Loading Texture2D check_n from package 00002620.upk
Loading Texture2D Noise_Glass_000 from package 00012963.upk
Loading Texture2D Smoke_Pattern_001 from package 00012963.upk
Loading Texture2D Gradient_Wipe_BurnOut_Mask_TEST from package 00012963.upk
Loading Texture2D Gradient_Wipe_BurnOut_Mask from package 00012963.upk
Loading Texture2D check from package 00002620.upk
Loading Texture2D Gradient_Line_003 from package 00012963.upk
Loading Texture2D DefaultTexture from package EngineResources.upk
Loaded in 0.14 sec, 3632 allocs, 2.00 MBytes serialized in 170340 calls.

Object info:
============
ClassName: MaterialInstanceConstant ObjectName: col1

    ScalarParameterValues[5] =
    {
        ScalarParameterValues[0] = { ParameterName=Transmission_value, ParameterValue=1 }
        ScalarParameterValues[1] = { ParameterName=Skin_glossiness, ParameterValue=3.5 }
        ScalarParameterValues[2] = { ParameterName=Wear_glossiness1, ParameterValue=5 }
        ScalarParameterValues[3] = { ParameterName=Wear_glossiness2, ParameterValue=100 }
        ScalarParameterValues[4] = { ParameterName=Skin_Spec_value, ParameterValue=1 }
    }
    TextureParameterValues[5] =
    {
        TextureParameterValues[0] = { ParameterName=Body_normal, ParameterValue=Texture2D'Normal' }
        TextureParameterValues[1] = { ParameterName=Body_mask_RGB, ParameterValue=Texture2D'Mask' }
        TextureParameterValues[2] = { ParameterName=Body_diffuse, ParameterValue=Texture2D'Diffuse' }
        TextureParameterValues[3] = { ParameterName=Body_specular, ParameterValue=Texture2D'Specular' }
        TextureParameterValues[4] = { ParameterName=rf_cube, ParameterValue=TextureCube'cube_orb' }
    }
    VectorParameterValues[3] =
    {
        VectorParameterValues[0] =
        {
            ParameterName = Skin_Specular
            ParameterValue = { R=1, G=1, B=1, A=1 }
        }
        VectorParameterValues[1] =
        {
            ParameterName = Reflection_value
            ParameterValue = { R=2, G=2, B=2, A=1 }
        }
        VectorParameterValues[2] =
        {
            ParameterName = skin_color
            ParameterValue = { R=1, G=1, B=1, A=1 }
        }
    }
    Parent = Material3'Body'
    FlattenedTexture = None
    MobileBaseTexture = None
    MobileNormalTexture = None
    bUseMobileSpecular = false
    MobileSpecularPower = 16
    MobileSpecularMask = MSM_Constant (0)
    MobileMaskTexture = None

Object info:
============
ClassName: MaterialInstanceConstant ObjectName: col1_face

    ScalarParameterValues[20] =
    {
        ScalarParameterValues[0] = { ParameterName=old1, ParameterValue=0 }
        ScalarParameterValues[1] = { ParameterName=old2, ParameterValue=0 }
        ScalarParameterValues[2] = { ParameterName=old3, ParameterValue=0 }
        ScalarParameterValues[3] = { ParameterName=Beard, ParameterValue=0 }
        ScalarParameterValues[4] = { ParameterName=EyeLine, ParameterValue=0 }
        ScalarParameterValues[5] = { ParameterName=EyeShadow, ParameterValue=1 }
        ScalarParameterValues[6] = { ParameterName=Blusher, ParameterValue=0 }
        ScalarParameterValues[7] = { ParameterName=Skin_Spec_value, ParameterValue=1 }
        ScalarParameterValues[8] = { ParameterName=EyeLine_glossiness, ParameterValue=0 }
        ScalarParameterValues[9] = { ParameterName=EyeShadow_glossiness, ParameterValue=0 }
        ScalarParameterValues[10] = { ParameterName=Lip_Glossiness, ParameterValue=100 }
        ScalarParameterValues[11] = { ParameterName=Skin_glossiness1, ParameterValue=3.5 }
        ScalarParameterValues[12] = { ParameterName=Skin_glossiness2, ParameterValue=50 }
        ScalarParameterValues[13] = { ParameterName=Decal_OriginalColor(0~1), ParameterValue=0 }
        ScalarParameterValues[14] = { ParameterName=Decal_Up?r(0~1), ParameterValue=0 }
        ScalarParameterValues[15] = { ParameterName=old4, ParameterValue=0 }
        ScalarParameterValues[16] = { ParameterName=SkinEffect_at_Lip, ParameterValue=0.1 }
        ScalarParameterValues[17] = { ParameterName=Lip, ParameterValue=0.3 }
        ScalarParameterValues[18] = { ParameterName=Lip_Spec_value, ParameterValue=1 }
        ScalarParameterValues[19] = { ParameterName=Skin_Spec_value_X, ParameterValue=1 }
    }
    TextureParameterValues[11] =
    {
        TextureParameterValues[0] = { ParameterName=Face_Normal, ParameterValue=Texture2D'Normal' }
        TextureParameterValues[1] = { ParameterName=old_Normal, ParameterValue=Texture2D'Nothing_A_n' }
        TextureParameterValues[2] = { ParameterName=old_Mask, ParameterValue=Texture2D'Nothing_A' }
        TextureParameterValues[3] = { ParameterName=eyebrow_mask, ParameterValue=Texture2D'JinM_borw01' }
        TextureParameterValues[4] = { ParameterName=Beard_mask, ParameterValue=Texture2D'Nothing_A' }
        TextureParameterValues[5] = { ParameterName=Decal_Diffuse, ParameterValue=Texture2D'Nothing_A' }
        TextureParameterValues[6] = { ParameterName=Decal_Normal, ParameterValue=Texture2D'Nothing_A_n' }
        TextureParameterValues[7] = { ParameterName=makeup_mask, ParameterValue=Texture2D'Nothing_A' }
        TextureParameterValues[8] = { ParameterName=Face_Diffuse, ParameterValue=Texture2D'Diffuse' }
        TextureParameterValues[9] = { ParameterName=Face_Specular, ParameterValue=Texture2D'Specular' }
        TextureParameterValues[10] = { ParameterName=Face_Mask, ParameterValue=Texture2D'Mask' }
    }
    VectorParameterValues[15] =
    {
        VectorParameterValues[0] =
        {
            ParameterName = eyebrow_color
            ParameterValue = { R=0, G=0, B=0, A=1 }
        }
        VectorParameterValues[1] =
        {
            ParameterName = EyeLine_Diffuse
            ParameterValue = { R=0, G=0, B=0, A=1 }
        }
        VectorParameterValues[2] =
        {
            ParameterName = EyeShadow_Diffuse
            ParameterValue = { R=0, G=0, B=0, A=1 }
        }
        VectorParameterValues[3] =
        {
            ParameterName = Blusher_Diffuse
            ParameterValue = { R=0.297653, G=0.009021, B=0, A=1 }
        }
        VectorParameterValues[4] =
        {
            ParameterName = Lip_color
            ParameterValue = { R=0.047776, G=0, B=0, A=1 }
        }
        VectorParameterValues[5] =
        {
            ParameterName = skin_color
            ParameterValue = { R=1, G=1, B=1, A=1 }
        }
        VectorParameterValues[6] =
        {
            ParameterName = EyeLine_Specular
            ParameterValue = { R=0, G=0, B=0, A=1 }
        }
        VectorParameterValues[7] =
        {
            ParameterName = EyeShadow_Specular
            ParameterValue = { R=0, G=0, B=0, A=1 }
        }
        VectorParameterValues[8] =
        {
            ParameterName = Lip_Specular
            ParameterValue = { R=0, G=0, B=0, A=1 }
        }
        VectorParameterValues[9] =
        {
            ParameterName = Skin_Specular
            ParameterValue = { R=1, G=1, B=1, A=1 }
        }
        VectorParameterValues[10] =
        {
            ParameterName = Fresnel_color
            ParameterValue = { R=0, G=0, B=0, A=1 }
        }
        VectorParameterValues[11] =
        {
            ParameterName = Fresnel_Power
            ParameterValue = { R=0, G=0, B=0, A=1 }
        }
        VectorParameterValues[12] =
        {
            ParameterName = Mesh_trangition
            ParameterValue = { R=0, G=0, B=0, A=1 }
        }
        VectorParameterValues[13] =
        {
            ParameterName = old_color
            ParameterValue = { R=0.2, G=0.02, B=0.03, A=1 }
        }
        VectorParameterValues[14] =
        {
            ParameterName = eyebrow_L_color
            ParameterValue = { R=1, G=1, B=1, A=1 }
        }
    }
    Parent = Material3'Face-M'
    FlattenedTexture = None
    MobileBaseTexture = None
    MobileNormalTexture = None
    bUseMobileSpecular = false
    MobileSpecularPower = 16
    MobileSpecularMask = MSM_Constant (0)
    MobileMaskTexture = None

Object info:
============
ClassName: MaterialInstanceConstant ObjectName: col1_hair

    ScalarParameterValues[2] =
    {
        ScalarParameterValues[0] = { ParameterName=Ac_Glossiness, ParameterValue=1 }
        ScalarParameterValues[1] = { ParameterName=Hair_Glossiness, ParameterValue=4 }
    }
    TextureParameterValues[2] =
    {
        TextureParameterValues[0] = { ParameterName=Hair_Diffuse, ParameterValue=Texture2D'JinM_007_col1_d' }
        TextureParameterValues[1] = { ParameterName=Hair_normal, ParameterValue=Texture2D'JinM_007_col1_n' }
    }
    VectorParameterValues[9] =
    {
        VectorParameterValues[0] =
        {
            ParameterName = hair_color_S
            ParameterValue = { R=0.899385, G=0.796917, B=0.353741, A=1 }
        }
        VectorParameterValues[1] =
        {
            ParameterName = hair_color_L
            ParameterValue = { R=0.420508, G=0.297653, B=0.163641, A=1 }
        }
        VectorParameterValues[2] =
        {
            ParameterName = hair_color_D
            ParameterValue = { R=0.103634, G=0.080219, B=0.071761, A=1 }
        }
        VectorParameterValues[3] =
        {
            ParameterName = Fresnel_color
            ParameterValue = { R=0, G=0, B=0, A=1 }
        }
        VectorParameterValues[4] =
        {
            ParameterName = Fresnel_Power
            ParameterValue = { R=0, G=0, B=0, A=1 }
        }
        VectorParameterValues[5] =
        {
            ParameterName = Mesh_trangition
            ParameterValue = { R=0, G=0, B=0, A=1 }
        }
        VectorParameterValues[6] =
        {
            ParameterName = Ac_color_S
            ParameterValue = { R=1, G=1, B=1, A=1 }
        }
        VectorParameterValues[7] =
        {
            ParameterName = Ac_color_L
            ParameterValue = { R=1, G=1, B=1, A=1 }
        }
        VectorParameterValues[8] =
        {
            ParameterName = Ac_color_D
            ParameterValue = { R=1, G=1, B=1, A=1 }
        }
    }
    Parent = Material3'Beard_Ac'
    FlattenedTexture = None
    MobileBaseTexture = None
    MobileNormalTexture = None
    bUseMobileSpecular = false
    MobileSpecularPower = 16
    MobileSpecularMask = MSM_Constant (0)
    MobileMaskTexture = None
