Found 21310 game files (132 skipped)
Loading package: 00027109.upk Ver: 573/1 Engine: 4205 Names: 36 Exports: 7 Imports: 4 Game: 801A
Loading Texture2D 990154_Fatmangold_Col1_D from package 00027109.upk
Loading Texture2D 990154_Fatmangold_Col1_M from package 00027109.upk
Loading Texture2D 990154_Fatmangold_Col1_N from package 00027109.upk
Loading Texture2D 990154_Fatmangold_Col1_S from package 00027109.upk
Loaded in 0.03 sec, 176 allocs, 0.40 MBytes serialized in 1064 calls.

Object info:
============
ClassName: Texture2D ObjectName: 990154_Fatmangold_Col1_D

    SizeX = 512
    SizeY = 512
    Format = PF_DXT5 (7)
    AddressX = TA_Wrap (0)
    AddressY = TA_Wrap (0)
    TextureFileCacheName = None
    MipTailBaseIdx = 9
    bForcePVRTC4 = false
    UnpackMin[4] = { 0, 0, 0, 0 }
    UnpackMax[4] = { 1, 1, 1, 1 }

Object info:
============
ClassName: Texture2D ObjectName: 990154_Fatmangold_Col1_M

    SizeX = 512
    SizeY = 512
    Format = PF_DXT1 (5)
    AddressX = TA_Wrap (0)
    AddressY = TA_Wrap (0)
    TextureFileCacheName = None
    MipTailBaseIdx = 9
    bForcePVRTC4 = false
    UnpackMin[4] = { 0, 0, 0, 0 }
    UnpackMax[4] = { 1, 1, 1, 1 }

Object info:
============
ClassName: Texture2D ObjectName: 990154_Fatmangold_Col1_N

    SizeX = 512
    SizeY = 512
    Format = PF_DXT1 (5)
    AddressX = TA_Wrap (0)
    AddressY = TA_Wrap (0)
    TextureFileCacheName = None
    MipTailBaseIdx = 9
    bForcePVRTC4 = false
    UnpackMin[4] = { -1, -1, -1, 0 }
    UnpackMax[4] = { 1, 1, 1, 1 }

Object info:
============
ClassName: Texture2D ObjectName: 990154_Fatmangold_Col1_S

    SizeX = 512
    SizeY = 512
    Format = PF_DXT5 (7)
    AddressX = TA_Wrap (0)
    AddressY = TA_Wrap (0)
    TextureFileCacheName = None
    MipTailBaseIdx = 9
    bForcePVRTC4 = false
    UnpackMin[4] = { 0, 0, 0, 0 }
    UnpackMax[4] = { 1, 1, 1, 1 }
