Found 16186 game files (0 skipped)
Loading package: 00020335.upk Ver: 573/1 Engine: 4205 Names: 96 Exports: 9 Imports: 13 Game: 801A
Loading SkeletalMesh3 040081_LynM from package 00020335.upk
Loading package: 00020334.upk Ver: 573/1 Engine: 4205 Names: 89 Exports: 3 Imports: 27 Game: 801A
Loading MaterialInstanceConstant col1 from package 00020334.upk
Loading package: 00003373.upk Ver: 573/1 Engine: 4205 Names: 28 Exports: 2 Imports: 2 Game: 801A
Loading package: 00002620.upk Ver: 573/1 Engine: 4205 Names: 500 Exports: 5733 Imports: 89 Game: 801A
Loading MaterialInstanceConstant col_ac from package 00020334.upk
Loading package: 00020323.upk Ver: 573/1 Engine: 4205 Names: 40 Exports: 7 Imports: 9 Game: 801A
Loading package: 00012963.upk Ver: 573/1 Engine: 4205 Names: 1199 Exports: 1162 Imports: 10 Game: 801A
Loading Texture2D JinM_002_col1_d from package 00003373.upk
Loading Texture2D JinM_002_col1_n from package 00003373.upk
Loading Material3 Beard_Ac from package 00002620.upk
Loading package: 00008613.upk Ver: 573/1 Engine: 4205 Names: 95 Exports: 6 Imports: 12 Game: 801A
Loading Texture2D 040081_GonM_col1_n from package 00020323.upk
Loading Texture2D 040081_GonM_col1_M from package 00020323.upk
Loading Texture2D 040081_GonM_col1_D from package 00020323.upk
Loading Texture2D 040081_GonM_col1_s from package 00020323.upk
Loading Texture2D Smoke_Pattern_001 from package 00012963.upk
Loading Material3 Fur from package 00002620.upk
Loading Texture2D check_n from package 00002620.upk
Loading Texture2D Noise_Glass_000 from package 00012963.upk
Loading Texture2D Gradient_Wipe_BurnOut_Mask_TEST from package 00012963.upk
Loading Texture2D Gradient_Wipe_BurnOut_Mask from package 00012963.upk
Loading Texture2D check from package 00002620.upk
Loading Texture2D Gradient_Line_003 from package 00012963.upk
Loading Texture2D Nothing_A from package 00008613.upk
Loaded in 0.1 sec, 2510 allocs, 1.34 MBytes serialized in 173841 calls.

Object info:
============
ClassName: SkeletalMesh3 ObjectName: 040081_LynM

    LODInfo[1] =
    {
        LODInfo[0] =
        {
            DisplayFactor = 0
            LODHysteresis = 0.02
            LODMaterialMap[0] = {}
            bEnableShadowCasting[2] = { true, true }
        }
    }
    Sockets[0] = {}
    bHasVertexColors = false
    EnableTwistBoneFixers = true
    EnableClavicleFixer = true
    Materials[2] = { MaterialInstanceConstant'col1', MaterialInstanceConstant'col_ac' }


    Lods[1] =
    {
        Lods[0] =
        {
            Sections[2] =
            {
                Sections[0] = { Material=MaterialInstanceConstant'col1', FirstIndex=0, NumFaces=1038 }
                Sections[1] = { Material=MaterialInstanceConstant'col_ac', FirstIndex=3114, NumFaces=278 }
            }
            NumVerts = 1161
            IndexCount = 3948
            NumTexCoords = 1
        }
    }
    LodCount = 1
    MeshOrigin = { X=-0, Y=-0, Z=-0 }
    MeshScale = { X=1, Y=1, Z=1 }
    RotOrigin = { Yaw=0, Pitch=0, Roll=0 }
    BoneCount = 10
