Found 16187 game files (144 skipped)
Loading package: 00024227.upk Ver: 573/1 Engine: 4205 Names: 132 Exports: 5 Imports: 8 Game: 801A
Loading SkeletalMesh3 090032_JinF from package 00024227.upk
Loading package: 00024197.upk Ver: 573/1 Engine: 4205 Names: 89 Exports: 1 Imports: 18 Game: 801A
Loading MaterialInstanceConstant col1 from package 00024197.upk
Loading package: 00024192.upk Ver: 573/1 Engine: 4205 Names: 32 Exports: 4 Imports: 2 Game: 801A
Loading package: 00002620.upk Ver: 573/1 Engine: 4205 Names: 500 Exports: 5733 Imports: 89 Game: 801A
Loading package: 00002640.upk Ver: 573/1 Engine: 4205 Names: 340 Exports: 556 Imports: 5 Game: 801A
Loading Texture2D 090031_JinM_col1_N from package 00024192.upk
Loading Texture2D check from package 00002620.upk
Loading Texture2D 090031_JinM_col1_D from package 00024192.upk
Loading Texture2D 090031_JinM_col1_S from package 00024192.upk
Loading TextureCube Cube_D from package 00002640.upk
Loading Texture2D 090031_JinM_col1_E from package 00024192.upk
Loading Material3 Basic from package 00002620.upk
Loading package: 00012963.upk Ver: 573/1 Engine: 4205 Names: 1199 Exports: 1162 Imports: 10 Game: 801A
Loading Texture2D CubemapFace0 from package 00002640.upk
Loading Texture2D CubemapFace1 from package 00002640.upk
Loading Texture2D CubemapFace2 from package 00002640.upk
Loading Texture2D CubemapFace3 from package 00002640.upk
Loading Texture2D CubemapFace4 from package 00002640.upk
Loading Texture2D CubemapFace5 from package 00002640.upk
Loading Texture2D check_n from package 00002620.upk
Loading Texture2D Smoke_Pattern_001 from package 00012963.upk
Loading Texture2D Gradient_Line_003 from package 00012963.upk
Loading Texture2D Gradient_Wipe_BurnOut_Mask_TEST from package 00012963.upk
Loading Texture2D Gradient_Wipe_BurnOut_Mask from package 00012963.upk
Loaded in 0.095 sec, 2786 allocs, 1.24 MBytes serialized in 214416 calls.

Object info:
============
ClassName: SkeletalMesh3 ObjectName: 090032_JinF

    LODInfo[1] =
    {
        LODInfo[0] =
        {
            DisplayFactor = 0
            LODHysteresis = 0.02
            LODMaterialMap[0] = {}
            bEnableShadowCasting[1] = { true }
        }
    }
    Sockets[0] = {}
    bHasVertexColors = false
    EnableTwistBoneFixers = true
    EnableClavicleFixer = true
    Materials[1] = { MaterialInstanceConstant'col1' }


    Lods[1] =
    {
        Lods[0] =
        {
            Sections[1] =
            {
                Sections[0] = { Material=MaterialInstanceConstant'col1', FirstIndex=0, NumFaces=2458 }
            }
            NumVerts = 1708
            IndexCount = 7374
            NumTexCoords = 1
        }
    }
    LodCount = 1
    MeshOrigin = { X=-0, Y=-0, Z=-0 }
    MeshScale = { X=1, Y=1, Z=1 }
    RotOrigin = { Yaw=0, Pitch=0, Roll=0 }
    BoneCount = 82
