Found 21310 game files (132 skipped)
Loading package: 00020361.upk Ver: 573/1 Engine: 4205 Names: 180 Exports: 177 Imports: 52 Game: 801A
Loading Material3 S_FXcol5 from package 00020361.upk
Loading package: 00002620.upk Ver: 573/1 Engine: 4205 Names: 560 Exports: 6612 Imports: 96 Game: 801A
Loading package: 00012963.upk Ver: 573/1 Engine: 4205 Names: 1234 Exports: 1209 Imports: 10 Game: 801A
Loading MaterialInstanceConstant col5 from package 00020361.upk
Loading package: 00015864.upk Ver: 573/1 Engine: 4205 Names: 61 Exports: 27 Imports: 9 Game: 801A
Loading package: 00002640.upk Ver: 573/1 Engine: 4205 Names: 340 Exports: 556 Imports: 5 Game: 801A
Loading Texture2D check_n from package 00002620.upk
Loading Texture2D check from package 00002620.upk
Loading Texture2D Smoke_Pattern_001 from package 00012963.upk
Loading Texture2D Gradient_Line_003 from package 00012963.upk
Loading Texture2D Gradient_Wipe_BurnOut_Mask_TEST from package 00012963.upk
Loading Texture2D Gradient_Wipe_BurnOut_Mask from package 00012963.upk
Loading Texture2D Weapon_110034_col1_n from package 00015864.upk
Loading Texture2D 110034_Autoscale_col5_M from package 00015864.upk
Loading Texture2D 110034_Autoscale_col5_D from package 00015864.upk
Loading Texture2D 110034_Autoscale_col5_S from package 00015864.upk
Loading TextureCube lenscube_c from package 00002640.upk
Loading Texture2D 110034_Autoscale_col5_E from package 00015864.upk
WARNING: ByteProperty "UTexture2D::ManualLoadSwitchSettings" was not found
Loading Texture2D 110034_Autoscale_col4_D from package 00015864.upk
Loading Texture2D 110034_Autoscale_col1_D2 from package 00015864.upk
Loading Texture2D CubemapFace0 from package 00002640.upk
Loading Texture2D CubemapFace1 from package 00002640.upk
Loading Texture2D CubemapFace2 from package 00002640.upk
Loading Texture2D CubemapFace3 from package 00002640.upk
Loading Texture2D CubemapFace4 from package 00002640.upk
Loading Texture2D CubemapFace5 from package 00002640.upk
Loaded in 0.14 sec, 2954 allocs, 1.19 MBytes serialized in 167358 calls.

Object info:
============
ClassName: Material3 ObjectName: S_FXcol5

    TwoSided = true
    bDisableDepthTest = false
    bIsMasked = true
    ReferencedTextures[6] =
    {
        ReferencedTextures[0] = Texture2D'check_n'
        ReferencedTextures[1] = Texture2D'check'
        ReferencedTextures[2] = Texture2D'Smoke_Pattern_001'
        ReferencedTextures[3] = Texture2D'Gradient_Line_003'
        ReferencedTextures[4] = Texture2D'Gradient_Wipe_BurnOut_Mask_TEST'
        ReferencedTextures[5] = Texture2D'Gradient_Wipe_BurnOut_Mask'
    }
    BlendMode = BLEND_Masked (1)
    OpacityMaskClipValue = 0.333
    FlattenedTexture = None
    MobileBaseTexture = None
    MobileNormalTexture = None
    bUseMobileSpecular = false
    MobileSpecularPower = 16
    MobileSpecularMask = MSM_Constant (0)
    MobileMaskTexture = None

Object info:
============
ClassName: MaterialInstanceConstant ObjectName: col5

    ScalarParameterValues[10] =
    {
        ScalarParameterValues[0] = { ParameterName=Transmission_value, ParameterValue=1.5 }
        ScalarParameterValues[1] = { ParameterName=Glossiness1, ParameterValue=10 }
        ScalarParameterValues[2] = { ParameterName=Glossiness2, ParameterValue=50 }
        ScalarParameterValues[3] = { ParameterName=Specular_value, ParameterValue=1 }
        ScalarParameterValues[4] = { ParameterName=HighLight_Value, ParameterValue=1 }
        ScalarParameterValues[5] = { ParameterName=HighLight_glossiness, ParameterValue=1 }
        ScalarParameterValues[6] = { ParameterName=Emissive_value, ParameterValue=3 }
        ScalarParameterValues[7] = { ParameterName=Emissive_value2, ParameterValue=1 }
        ScalarParameterValues[8] = { ParameterName=Fresnel Value, ParameterValue=20 }
        ScalarParameterValues[9] = { ParameterName=Fresnel exponent, ParameterValue=14 }
    }
    TextureParameterValues[10] =
    {
        TextureParameterValues[0] = { ParameterName=Normal, ParameterValue=Texture2D'Weapon_110034_col1_n' }
        TextureParameterValues[1] = { ParameterName=Mask_GB, ParameterValue=Texture2D'110034_Autoscale_col5_M' }
        TextureParameterValues[2] = { ParameterName=Diffuse, ParameterValue=Texture2D'110034_Autoscale_col5_D' }
        TextureParameterValues[3] = { ParameterName=Specular, ParameterValue=Texture2D'110034_Autoscale_col5_S' }
        TextureParameterValues[4] = { ParameterName=rf_cube, ParameterValue=TextureCube'lenscube_c' }
        TextureParameterValues[5] = { ParameterName=Emissive, ParameterValue=Texture2D'110034_Autoscale_col5_E' }
        TextureParameterValues[6] = { ParameterName=Mask_FX_Texture, ParameterValue=Texture2D'Smoke_Pattern_001' }
        TextureParameterValues[7] = { ParameterName=FX_Add_B, ParameterValue=None }
        TextureParameterValues[8] = { ParameterName=FX_Add, ParameterValue=Texture2D'110034_Autoscale_col4_D' }
        TextureParameterValues[9] = { ParameterName=Wing_FX, ParameterValue=Texture2D'110034_Autoscale_col1_D2' }
    }
    VectorParameterValues[11] =
    {
        VectorParameterValues[0] =
        {
            ParameterName = Mesh_trangition
            ParameterValue = { R=0, G=0, B=0, A=1 }
        }
        VectorParameterValues[1] =
        {
            ParameterName = Reflection_value
            ParameterValue = { R=0.306635, G=0.121986, B=0.63878, A=1 }
        }
        VectorParameterValues[2] =
        {
            ParameterName = HighLight_Color
            ParameterValue = { R=0.476177, G=0.442323, B=0.612066, A=1 }
        }
        VectorParameterValues[3] =
        {
            ParameterName = Fresnel_color
            ParameterValue = { R=0, G=0, B=0, A=1 }
        }
        VectorParameterValues[4] =
        {
            ParameterName = Fresnel_Power
            ParameterValue = { R=0, G=0, B=0, A=1 }
        }
        VectorParameterValues[5] =
        {
            ParameterName = Burn_Color
            ParameterValue = { R=0, G=0, B=0, A=1 }
        }
        VectorParameterValues[6] =
        {
            ParameterName = Fx_Glow_color_B
            ParameterValue = { R=0, G=0, B=0, A=1 }
        }
        VectorParameterValues[7] =
        {
            ParameterName = Fx_Glow_power_B
            ParameterValue = { R=0, G=0, B=0, A=1 }
        }
        VectorParameterValues[8] =
        {
            ParameterName = Fx_Glow_color
            ParameterValue = { R=0, G=0, B=0, A=1 }
        }
        VectorParameterValues[9] =
        {
            ParameterName = Glow_Trangition
            ParameterValue = { R=0, G=0, B=0, A=1 }
        }
        VectorParameterValues[10] =
        {
            ParameterName = Fx_Glow_power
            ParameterValue = { R=0, G=0, B=0, A=1 }
        }
    }
    Parent = Material3'S_FXcol5'
    FlattenedTexture = None
    MobileBaseTexture = None
    MobileNormalTexture = None
    bUseMobileSpecular = false
    MobileSpecularPower = 16
    MobileSpecularMask = MSM_Constant (0)
    MobileMaskTexture = None
