Found 27000 game files (27 skipped)
Loading package: 00021902.upk Ver: 573/1 Engine: 4205 Names: 60 Exports: 5 Imports: 9 Game: 801A
Loading SkeletalMesh3 040093_GonF from package 00021902.upk
Loading package: 00021903.upk Ver: 573/1 Engine: 4205 Names: 95 Exports: 2 Imports: 23 Game: 801A
Loading MaterialInstanceConstant col1 from package 00021903.upk
Loading package: 00009888.upk Ver: 573/1 Engine: 4205 Names: 32 Exports: 4 Imports: 4 Game: 801A
Loading package: 00008613.upk Ver: 573/1 Engine: 4205 Names: 95 Exports: 6 Imports: 12 Game: 801A
Loading package: 00002620.upk Ver: 573/1 Engine: 4205 Names: 560 Exports: 6612 Imports: 96 Game: 801A
Loading MaterialInstanceConstant Fur from package 00021903.upk
Loading package: 00021746.upk Ver: 573/1 Engine: 4205 Names: 32 Exports: 4 Imports: 2 Game: 801A
Loading Texture2D LynF_006_col1_d from package 00009888.upk
Loading Texture2D LynF_006_col1_N from package 00009888.upk
WARNING: BoolProperty "UTexture2D::bDisableLoadSwitch" was not found
Loading Texture2D Nothing_A from package 00008613.upk
Loading Material3 Beard_Ac from package 00002620.upk
Loading package: 00012963.upk Ver: 573/1 Engine: 4205 Names: 1264 Exports: 1240 Imports: 10 Game: 801A
Loading Texture2D 040093_LynM_col1_N from package 00021746.upk
Loading Texture2D 040093_LynM_col1_M from package 00021746.upk
Loading Texture2D 040093_LynM_col1_S from package 00021746.upk
Loading Texture2D 040093_LynM_col1_D from package 00021746.upk
Loading Texture2D check from package 00002620.upk
Loading Material3 Fur_Ac from package 00002620.upk
Loading Texture2D check_n from package 00002620.upk
Loading Texture2D Noise_Glass_000 from package 00012963.upk
Loading Texture2D Smoke_Pattern_001 from package 00012963.upk
Loading Texture2D Gradient_Wipe_BurnOut_Mask_TEST from package 00012963.upk
Loading Texture2D Gradient_Wipe_BurnOut_Mask from package 00012963.upk
Loading Texture2D Gradient_Line_003 from package 00012963.upk
Loaded in 0.084 sec, 2612 allocs, 1.67 MBytes serialized in 181226 calls.

Object info:
============
ClassName: SkeletalMesh3 ObjectName: 040093_GonF

    LODInfo[1] =
    {
        LODInfo[0] =
        {
            DisplayFactor = 0
            LODHysteresis = 0.02
            LODMaterialMap[0] = {}
            bEnableShadowCasting[2] = { true, true }
        }
    }
    Sockets[0] = {}
    bHasVertexColors = false
    EnableTwistBoneFixers = true
    EnableClavicleFixer = true
    Materials[2] = { MaterialInstanceConstant'col1', MaterialInstanceConstant'Fur' }


    Lods[1] =
    {
        Lods[0] =
        {
            Sections[2] =
            {
                Sections[0] = { Material=MaterialInstanceConstant'Fur', FirstIndex=0, NumFaces=1064 }
                Sections[1] = { Material=MaterialInstanceConstant'col1', FirstIndex=3192, NumFaces=136 }
            }
            NumVerts = 842
            IndexCount = 3600
            NumTexCoords = 1
        }
    }
    LodCount = 1
    MeshOrigin = { X=-0, Y=-0, Z=-0 }
    MeshScale = { X=1, Y=1, Z=1 }
    RotOrigin = { Yaw=0, Pitch=0, Roll=0 }
    BoneCount = 9
