Found 21975 game files (132 skipped)
Loading package: 00022269.upk Ver: 573/1 Engine: 4205 Names: 123 Exports: 73 Imports: 13 Game: 801A
Loading SkeletalMesh3 040099_KunN from package 00022269.upk
Loading package: 00022268.upk Ver: 573/1 Engine: 4205 Names: 109 Exports: 2 Imports: 26 Game: 801A
Loading MaterialInstanceConstant col1 from package 00022268.upk
Loading package: 00014011.upk Ver: 573/1 Engine: 4205 Names: 32 Exports: 4 Imports: 4 Game: 801A
Loading package: 00002620.upk Ver: 573/1 Engine: 4205 Names: 560 Exports: 6612 Imports: 96 Game: 801A
Loading MaterialInstanceConstant col1_hat from package 00022268.upk
Loading package: 00022263.upk Ver: 573/1 Engine: 4205 Names: 36 Exports: 5 Imports: 6 Game: 801A
Loading package: 00002640.upk Ver: 573/1 Engine: 4205 Names: 340 Exports: 556 Imports: 5 Game: 801A
Loading Texture2D KunN_020_col1_d from package 00014011.upk
Loading Texture2D KunN_020_col1_n from package 00014011.upk
Loading Material3 Beard_Ac from package 00002620.upk
Loading package: 00012963.upk Ver: 573/1 Engine: 4205 Names: 1236 Exports: 1211 Imports: 10 Game: 801A
Loading package: 00008613.upk Ver: 573/1 Engine: 4205 Names: 95 Exports: 6 Imports: 12 Game: 801A
Loading Texture2D 040099_JinF_Col1_N from package 00022263.upk
Loading Texture2D 040099_JinF_Col1_M from package 00022263.upk
Loading Texture2D 040099_JinF_Col1_D from package 00022263.upk
Loading Texture2D 040099_JinF_Col1_S from package 00022263.upk
Loading TextureCube mirror2 from package 00002640.upk
Loading Texture2D check from package 00002620.upk
Loading Material3 Basic from package 00002620.upk
Loading Texture2D check_n from package 00002620.upk
Loading Texture2D Noise_Glass_000 from package 00012963.upk
Loading Texture2D Smoke_Pattern_001 from package 00012963.upk
Loading Texture2D Gradient_Wipe_BurnOut_Mask_TEST from package 00012963.upk
Loading Texture2D Gradient_Wipe_BurnOut_Mask from package 00012963.upk
Loading Texture2D Gradient_Line_003 from package 00012963.upk
Loading Texture2D Nothing_A from package 00008613.upk
Loading Texture2D CubemapFace0 from package 00002640.upk
Loading Texture2D CubemapFace1 from package 00002640.upk
Loading Texture2D CubemapFace2 from package 00002640.upk
Loading Texture2D CubemapFace3 from package 00002640.upk
Loading Texture2D CubemapFace4 from package 00002640.upk
Loading Texture2D CubemapFace5 from package 00002640.upk
Loaded in 0.17 sec, 3172 allocs, 1.69 MBytes serialized in 218577 calls.

Object info:
============
ClassName: SkeletalMesh3 ObjectName: 040099_KunN

    LODInfo[1] =
    {
        LODInfo[0] =
        {
            DisplayFactor = 0
            LODHysteresis = 0.02
            LODMaterialMap[0] = {}
            bEnableShadowCasting[2] = { true, true }
        }
    }
    Sockets[0] = {}
    bHasVertexColors = false
    EnableTwistBoneFixers = true
    EnableClavicleFixer = true
    Materials[2] = { MaterialInstanceConstant'col1', MaterialInstanceConstant'col1_hat' }


    Lods[1] =
    {
        Lods[0] =
        {
            Sections[2] =
            {
                Sections[0] = { Material=MaterialInstanceConstant'col1', FirstIndex=0, NumFaces=933 }
                Sections[1] = { Material=MaterialInstanceConstant'col1_hat', FirstIndex=2799, NumFaces=957 }
            }
            NumVerts = 1414
            IndexCount = 5670
            NumTexCoords = 1
        }
    }
    LodCount = 1
    MeshOrigin = { X=-0, Y=-0, Z=-0 }
    MeshScale = { X=1, Y=1, Z=1 }
    RotOrigin = { Yaw=0, Pitch=0, Roll=0 }
    BoneCount = 27
