Found 27000 game files (27 skipped)
Loading package: 00022709.upk Ver: 573/1 Engine: 4205 Names: 63 Exports: 6 Imports: 11 Game: 801A
Loading SkeletalMesh3 010056_JinM from package 00022709.upk
WARNING: IntProperty "USkeletalMesh3::CustomizeDefaultType" was not found
Loading package: 00022708.upk Ver: 573/1 Engine: 4205 Names: 112 Exports: 3 Imports: 25 Game: 801A
Loading MaterialInstanceConstant col1 from package 00022708.upk
Loading package: 00022707.upk Ver: 573/1 Engine: 4205 Names: 33 Exports: 4 Imports: 2 Game: 801A
Loading package: 00002640.upk Ver: 573/1 Engine: 4205 Names: 340 Exports: 556 Imports: 5 Game: 801A
Loading package: 00002620.upk Ver: 573/1 Engine: 4205 Names: 560 Exports: 6612 Imports: 96 Game: 801A
Loading MaterialInstanceConstant Opa from package 00022708.upk
Loading Texture2D Acc_010056_JinM_col1_N from package 00022707.upk
Loading Texture2D Acc_010056_JinM_col1_M from package 00022707.upk
Loading Texture2D Acc_010056_JinM_col1_D from package 00022707.upk
Loading Texture2D Acc_010056_JinM_col1_S from package 00022707.upk
Loading TextureCube IllusionV2 from package 00002640.upk
Loading Texture2D check from package 00002620.upk
Loading Material3 Basic from package 00002620.upk
Loading package: 00012963.upk Ver: 573/1 Engine: 4205 Names: 1264 Exports: 1240 Imports: 10 Game: 801A
Loading Texture2D Lens_n from package 00002620.upk
Loading TextureCube mirror2 from package 00002640.upk
Loading TextureCube eye_s from package 00002640.upk
Loading Material3 Lens from package 00002620.upk
Loading Texture2D CubemapFace0 from package 00002640.upk
Loading Texture2D CubemapFace1 from package 00002640.upk
Loading Texture2D CubemapFace2 from package 00002640.upk
Loading Texture2D CubemapFace3 from package 00002640.upk
Loading Texture2D CubemapFace4 from package 00002640.upk
Loading Texture2D CubemapFace5 from package 00002640.upk
Loading Texture2D check_n from package 00002620.upk
Loading Texture2D Smoke_Pattern_001 from package 00012963.upk
Loading Texture2D Gradient_Line_003 from package 00012963.upk
Loading Texture2D Gradient_Wipe_BurnOut_Mask_TEST from package 00012963.upk
Loading Texture2D Gradient_Wipe_BurnOut_Mask from package 00012963.upk
Loading Texture2D CubemapFace0 from package 00002640.upk
Loading Texture2D CubemapFace1 from package 00002640.upk
Loading Texture2D CubemapFace2 from package 00002640.upk
Loading Texture2D CubemapFace3 from package 00002640.upk
Loading Texture2D CubemapFace4 from package 00002640.upk
Loading Texture2D CubemapFace5 from package 00002640.upk
Loading Texture2D CubemapFace0 from package 00002640.upk
Loading Texture2D CubemapFace1 from package 00002640.upk
Loading Texture2D CubemapFace2 from package 00002640.upk
Loading Texture2D CubemapFace3 from package 00002640.upk
Loading Texture2D CubemapFace4 from package 00002640.upk
Loading Texture2D CubemapFace5 from package 00002640.upk
Loaded in 0.13 sec, 3150 allocs, 0.96 MBytes serialized in 174764 calls.

Object info:
============
ClassName: SkeletalMesh3 ObjectName: 010056_JinM

    LODInfo[1] =
    {
        LODInfo[0] =
        {
            DisplayFactor = 0
            LODHysteresis = 0.02
            LODMaterialMap[0] = {}
            bEnableShadowCasting[2] = { true, true }
        }
    }
    Sockets[0] = {}
    bHasVertexColors = false
    EnableTwistBoneFixers = true
    EnableClavicleFixer = true
    Materials[2] = { MaterialInstanceConstant'col1', MaterialInstanceConstant'Opa' }


    Lods[1] =
    {
        Lods[0] =
        {
            Sections[2] =
            {
                Sections[0] = { Material=MaterialInstanceConstant'col1', FirstIndex=0, NumFaces=284 }
                Sections[1] = { Material=MaterialInstanceConstant'Opa', FirstIndex=852, NumFaces=18 }
            }
            NumVerts = 258
            IndexCount = 906
            NumTexCoords = 1
        }
    }
    LodCount = 1
    MeshOrigin = { X=-0, Y=-0, Z=-0 }
    MeshScale = { X=1, Y=1, Z=1 }
    RotOrigin = { Yaw=0, Pitch=0, Roll=0 }
    BoneCount = 9
