Found 21975 game files (132 skipped)
Loading package: 00028578.upk Ver: 573/1 Engine: 4205 Names: 34 Exports: 6 Imports: 4 Game: 801A
Loading Texture2D LynM_021_col1_D from package 00028578.upk
Loading Texture2D LynM_021_col1_N from package 00028578.upk
Loading Texture2D LynM_021_col1_S from package 00028578.upk
Loaded in 0.027 sec, 142 allocs, 0.36 MBytes serialized in 851 calls.

Object info:
============
ClassName: Texture2D ObjectName: LynM_021_col1_D

    SizeX = 512
    SizeY = 512
    Format = PF_DXT5 (7)
    AddressX = TA_Wrap (0)
    AddressY = TA_Wrap (0)
    TextureFileCacheName = None
    MipTailBaseIdx = 9
    bForcePVRTC4 = false
    UnpackMin[4] = { 0, 0, 0, 0 }
    UnpackMax[4] = { 1, 1, 1, 1 }

Object info:
============
ClassName: Texture2D ObjectName: LynM_021_col1_N

    SizeX = 512
    SizeY = 512
    Format = PF_DXT1 (5)
    AddressX = TA_Wrap (0)
    AddressY = TA_Wrap (0)
    TextureFileCacheName = None
    MipTailBaseIdx = 9
    bForcePVRTC4 = false
    UnpackMin[4] = { -1, -1, -1, 0 }
    UnpackMax[4] = { 1, 1, 1, 1 }

Object info:
============
ClassName: Texture2D ObjectName: LynM_021_col1_S

    SizeX = 512
    SizeY = 512
    Format = PF_DXT1 (5)
    AddressX = TA_Wrap (0)
    AddressY = TA_Wrap (0)
    TextureFileCacheName = None
    MipTailBaseIdx = 9
    bForcePVRTC4 = false
    UnpackMin[4] = { 0, 0, 0, 0 }
    UnpackMax[4] = { 1, 1, 1, 1 }
