Found 27000 game files (27 skipped)
Loading package: 00023818.upk Ver: 573/1 Engine: 4205 Names: 69 Exports: 10 Imports: 14 Game: 801A
Loading SkeletalMesh3 990178_Autoscale from package 00023818.upk
WARNING: ObjectProperty "USkeletalMesh3::PhysMaterialOverride" was not found
Loading package: 00023817.upk Ver: 573/1 Engine: 4205 Names: 89 Exports: 1 Imports: 19 Game: 801A
Loading SkeletalMeshSocket SkeletalMeshSocket_115 from package 00023818.upk
Loading SkeletalMeshSocket SkeletalMeshSocket_116 from package 00023818.upk
Loading SkeletalMeshSocket SkeletalMeshSocket_81 from package 00023818.upk
Loading SkeletalMeshSocket SkeletalMeshSocket_82 from package 00023818.upk
Loading MaterialInstanceConstant col1 from package 00023817.upk
Loading package: 00023816.upk Ver: 573/1 Engine: 4205 Names: 39 Exports: 9 Imports: 2 Game: 801A
Loading package: 00002640.upk Ver: 573/1 Engine: 4205 Names: 340 Exports: 556 Imports: 5 Game: 801A
Loading package: 00002620.upk Ver: 573/1 Engine: 4205 Names: 560 Exports: 6612 Imports: 96 Game: 801A
Loading Texture2D 990178_Autoscale_col1_N from package 00023816.upk
Loading Texture2D 990178_Autoscale_col1_M from package 00023816.upk
Loading Texture2D 990178_Autoscale_col1_D from package 00023816.upk
Loading Texture2D 990178_Autoscale_col1_S from package 00023816.upk
Loading TextureCube lenscube from package 00002640.upk
Loading Texture2D check from package 00002620.upk
Loading Material3 Basic from package 00002620.upk
Loading package: 00012963.upk Ver: 573/1 Engine: 4205 Names: 1264 Exports: 1240 Imports: 10 Game: 801A
Loading Texture2D CubemapFace0 from package 00002640.upk
Loading Texture2D CubemapFace1 from package 00002640.upk
Loading Texture2D CubemapFace2 from package 00002640.upk
Loading Texture2D CubemapFace3 from package 00002640.upk
Loading Texture2D CubemapFace4 from package 00002640.upk
Loading Texture2D CubemapFace5 from package 00002640.upk
Loading Texture2D check_n from package 00002620.upk
Loading Texture2D Smoke_Pattern_001 from package 00012963.upk
Loading Texture2D Gradient_Line_003 from package 00012963.upk
Loading Texture2D Gradient_Wipe_BurnOut_Mask_TEST from package 00012963.upk
Loading Texture2D Gradient_Wipe_BurnOut_Mask from package 00012963.upk
Loaded in 0.12 sec, 2893 allocs, 1.67 MBytes serialized in 211947 calls.

Object info:
============
ClassName: SkeletalMesh3 ObjectName: 990178_Autoscale

    LODInfo[1] =
    {
        LODInfo[0] =
        {
            DisplayFactor = 0
            LODHysteresis = 0.02
            LODMaterialMap[0] = {}
            bEnableShadowCasting[1] = { true }
        }
    }
    Sockets[4] =
    {
        Sockets[0] = SkeletalMeshSocket'990178_Autoscale.SkeletalMeshSocket_81'
        Sockets[1] = SkeletalMeshSocket'990178_Autoscale.SkeletalMeshSocket_82'
        Sockets[2] = SkeletalMeshSocket'990178_Autoscale.SkeletalMeshSocket_115'
        Sockets[3] = SkeletalMeshSocket'990178_Autoscale.SkeletalMeshSocket_116'
    }
    bHasVertexColors = false
    EnableTwistBoneFixers = true
    EnableClavicleFixer = true
    Materials[1] = { MaterialInstanceConstant'col1' }


    Lods[1] =
    {
        Lods[0] =
        {
            Sections[1] =
            {
                Sections[0] = { Material=MaterialInstanceConstant'col1', FirstIndex=0, NumFaces=1756 }
            }
            NumVerts = 1504
            IndexCount = 5268
            NumTexCoords = 1
        }
    }
    LodCount = 1
    MeshOrigin = { X=-0, Y=-0, Z=-0 }
    MeshScale = { X=1, Y=1, Z=1 }
    RotOrigin = { Yaw=0, Pitch=0, Roll=0 }
    BoneCount = 2

Object info:
============
ClassName: SkeletalMeshSocket ObjectName: SkeletalMeshSocket_115

    SocketName = trail1_end
    BoneName = WeaponRoot
    RelativeLocation = { X=0, Y=-36.83, Z=217.75 }
    RelativeRotation = { Yaw=0, Pitch=0, Roll=0 }
    RelativeScale = { X=1, Y=1, Z=1 }

Object info:
============
ClassName: SkeletalMeshSocket ObjectName: SkeletalMeshSocket_116

    SocketName = trail1_start
    BoneName = WeaponRoot
    RelativeLocation = { X=0, Y=21.5588, Z=91 }
    RelativeRotation = { Yaw=0, Pitch=0, Roll=0 }
    RelativeScale = { X=1, Y=1, Z=1 }

Object info:
============
ClassName: SkeletalMeshSocket ObjectName: SkeletalMeshSocket_81

    SocketName = trail_start
    BoneName = WeaponRoot
    RelativeLocation = { X=0, Y=18.7062, Z=35 }
    RelativeRotation = { Yaw=0, Pitch=0, Roll=0 }
    RelativeScale = { X=1, Y=1, Z=1 }

Object info:
============
ClassName: SkeletalMeshSocket ObjectName: SkeletalMeshSocket_82

    SocketName = trail_end
    BoneName = WeaponRoot
    RelativeLocation = { X=0, Y=-37.5381, Z=217 }
    RelativeRotation = { Yaw=0, Pitch=0, Roll=0 }
    RelativeScale = { X=1, Y=1, Z=1 }
