Found 21310 game files (132 skipped)
Loading package: 00028390.upk Ver: 573/1 Engine: 4205 Names: 30 Exports: 2 Imports: 2 Game: 801A
Loading Texture2D JinM_045_D from package 00028390.upk
Loading Texture2D JinM_045_N from package 00028390.upk
Loaded in 0.011 sec, 85 allocs, 0.26 MBytes serialized in 467 calls.

Object info:
============
ClassName: Texture2D ObjectName: JinM_045_D

    SizeX = 512
    SizeY = 512
    Format = PF_DXT5 (7)
    AddressX = TA_Wrap (0)
    AddressY = TA_Wrap (0)
    TextureFileCacheName = None
    MipTailBaseIdx = 0
    bForcePVRTC4 = false
    UnpackMin[4] = { 0, 0, 0, 0 }
    UnpackMax[4] = { 1, 1, 1, 1 }

Object info:
============
ClassName: Texture2D ObjectName: JinM_045_N

    SizeX = 512
    SizeY = 512
    Format = PF_DXT1 (5)
    AddressX = TA_Wrap (0)
    AddressY = TA_Wrap (0)
    TextureFileCacheName = None
    MipTailBaseIdx = 9
    bForcePVRTC4 = false
    UnpackMin[4] = { -1, -1, -1, 0 }
    UnpackMax[4] = { 1, 1, 1, 1 }
