Found 18875 game files (36 skipped)
Loading package: 00026129.upk Ver: 573/1 Engine: 4205 Names: 56 Exports: 7 Imports: 9 Game: 801A
Loading AnimSet SorcererDWolf_Anim from package 00026129.upk
WARNING: BoolProperty "UAnimSet::bServiced" was not found
WARNING: ArrayProperty "UAnimSet::AdjustAniScaleBoneNames" was not found
Loading AnimSequence AnimSequence_0 from package 00026129.upk
WARNING: BoolProperty "UAnimSequence::bServiced" was not found
Loading AnimSequence AnimSequence_1 from package 00026129.upk
WARNING: BoolProperty "UAnimSequence::bServiced" was not found
Loading SkeletalMesh3 SorcererDWolf_mesh from package 00026129.upk
Loading package: 00012892.upk Ver: 573/1 Engine: 4205 Names: 925 Exports: 4775 Imports: 262 Game: 801A
Loading StaticMesh3 SorcererDWolfBody__A_Mesh from package 00026129.upk
Loading StaticMesh3 SorcererDWolfBody__B_Mesh from package 00026129.upk
Loading Material3 001_Mesh_Default_MatM from package 00012892.upk
WARNING: BoolProperty "UMaterial3::bAcceptRenderDecal" was not found
Loading Texture2D Cube000_Tex from package 00012892.upk
Error: Command failed: ******** 00026129 ********
*** unknown member ACF_ZOnlyRLE of enum AnimationCompressionFormat
*** unknown member ACF_ZOnlyRLE of enum AnimationCompressionFormat
*** ERROR: Unknown rotation compression method: 255
UAnimSet::ConvertAnims <- PostLoad:SorcererDWolf_Anim <- UObject::EndLoad <- LoadWholePackage:00026129 <- Main


    at ChildProcess.exithandler (child_process.js:637:15)
    at ChildProcess.EventEmitter.emit (events.js:98:17)
    at maybeClose (child_process.js:743:16)
    at Process.ChildProcess._handle.onexit (child_process.js:810:5)