Found 18875 game files (36 skipped)
Loading package: 00023881.upk Ver: 573/1 Engine: 4205 Names: 62 Exports: 6 Imports: 11 Game: 801A
Loading SkeletalMesh3 040120_JinF from package 00023881.upk
Loading package: 00023875.upk Ver: 573/1 Engine: 4205 Names: 98 Exports: 4 Imports: 25 Game: 801A
Loading MaterialInstanceConstant col1 from package 00023875.upk
Loading package: 00013933.upk Ver: 573/1 Engine: 4205 Names: 31 Exports: 3 Imports: 4 Game: 801A
Loading package: 00008613.upk Ver: 573/1 Engine: 4205 Names: 95 Exports: 6 Imports: 12 Game: 801A
Loading package: 00002620.upk Ver: 573/1 Engine: 4205 Names: 560 Exports: 6612 Imports: 96 Game: 801A
Loading MaterialInstanceConstant col1_fur from package 00023875.upk
Loading package: 00023880.upk Ver: 573/1 Engine: 4205 Names: 36 Exports: 8 Imports: 4 Game: 801A
Loading Texture2D JinF_029_col1_D from package 00013933.upk
Loading Texture2D JinF_029_col1_n from package 00013933.upk
Loading Texture2D Nothing_A from package 00008613.upk
Loading Material3 Beard_Ac from package 00002620.upk
Loading package: 00012963.upk Ver: 573/1 Engine: 4205 Names: 1219 Exports: 1194 Imports: 10 Game: 801A
Loading Texture2D 040120_JinF_col1_N from package 00023880.upk
Loading Texture2D 040120_JinF_col1_M from package 00023880.upk
Loading Texture2D 040120_JinF_col1_S from package 00023880.upk
Loading Texture2D 040120_JinF_col1_D from package 00023880.upk
Loading Texture2D check from package 00002620.upk
Loading Material3 Fur_Ac from package 00002620.upk
Loading Texture2D check_n from package 00002620.upk
Loading Texture2D Noise_Glass_000 from package 00012963.upk
Loading Texture2D Smoke_Pattern_001 from package 00012963.upk
Loading Texture2D Gradient_Wipe_BurnOut_Mask_TEST from package 00012963.upk
Loading Texture2D Gradient_Wipe_BurnOut_Mask from package 00012963.upk
Loading Texture2D Gradient_Line_003 from package 00012963.upk
Loaded in 0.097 sec, 2574 allocs, 1.76 MBytes serialized in 289096 calls.

Object info:
============
ClassName: SkeletalMesh3 ObjectName: 040120_JinF

    LODInfo[1] =
    {
        LODInfo[0] =
        {
            DisplayFactor = 0
            LODHysteresis = 0.02
            LODMaterialMap[0] = {}
            bEnableShadowCasting[2] = { true, true }
        }
    }
    Sockets[0] = {}
    bHasVertexColors = false
    EnableTwistBoneFixers = true
    EnableClavicleFixer = true
    Materials[2] = { MaterialInstanceConstant'col1', MaterialInstanceConstant'col1_fur' }


    Lods[1] =
    {
        Lods[0] =
        {
            Sections[2] =
            {
                Sections[0] = { Material=MaterialInstanceConstant'col1_fur', FirstIndex=0, NumFaces=2160 }
                Sections[1] = { Material=MaterialInstanceConstant'col1', FirstIndex=6480, NumFaces=766 }
            }
            NumVerts = 3989
            IndexCount = 8778
            NumTexCoords = 1
        }
    }
    LodCount = 1
    MeshOrigin = { X=-0, Y=-0, Z=-0 }
    MeshScale = { X=1, Y=1, Z=1 }
    RotOrigin = { Yaw=0, Pitch=0, Roll=0 }
    BoneCount = 9
