Found 18875 game files (36 skipped)
Loading package: 00020237.upk Ver: 573/1 Engine: 4205 Names: 419 Exports: 206 Imports: 166 Game: 801A
Loading AnimSet JinSeoYeon_Animset from package 00020237.upk
WARNING: BoolProperty "UAnimSet::bServiced" was not found
WARNING: ArrayProperty "UAnimSet::AdjustAniScaleBoneNames" was not found
WARNING: ArrayProperty "UAnimSet::RefSequences" was not found
WARNING: ArrayProperty "UAnimSet::PhysicalHitBoneNames" was not found
Loading AnimSequence AnimSequence_0 from package 00020237.upk
WARNING: BoolProperty "UAnimSequence::bIgnoreFootAimControl" was not found
WARNING: BoolProperty "UAnimSequence::bServiced" was not found
Loading AnimNotify_Sound AnimNotify_Sound_0 from package 00020237.upk
WARNING: BoolProperty "UAnimNotify_Sound::bPlayOnce" was not found
Loading AnimSequence AnimSequence_11 from package 00020237.upk
WARNING: BoolProperty "UAnimSequence::bIgnoreAimControl" was not found
WARNING: BoolProperty "UAnimSequence::bServiced" was not found
Loading AnimNotify_Sound AnimNotify_Sound_3 from package 00020237.upk
Loading AnimNotify_Sound AnimNotify_Sound_4 from package 00020237.upk
WARNING: FloatProperty "UAnimNotify_Sound::SoundVolume" was not found
Loading AnimNotify_Sound AnimNotify_Sound_5 from package 00020237.upk
WARNING: FloatProperty "UAnimNotify_Sound::SoundVolume" was not found
Loading AnimSequence AnimSequence_12 from package 00020237.upk
WARNING: BoolProperty "UAnimSequence::bIgnoreAimControl" was not found
WARNING: BoolProperty "UAnimSequence::bServiced" was not found
Loading AnimNotify_Sound AnimNotify_Sound_0 from package 00020237.upk
Loading AnimNotify_Sound AnimNotify_Sound_1 from package 00020237.upk
WARNING: FloatProperty "UAnimNotify_Sound::SoundVolume" was not found
Loading AnimSequence AnimSequence_138 from package 00020237.upk
WARNING: BoolProperty "UAnimSequence::bIgnoreAimControl" was not found
WARNING: BoolProperty "UAnimSequence::bServiced" was not found
Loading AnimNotify_Sound AnimNotify_Sound_3 from package 00020237.upk
Loading AnimSequence AnimSequence_139 from package 00020237.upk
WARNING: BoolProperty "UAnimSequence::bIgnoreAimControl" was not found
WARNING: BoolProperty "UAnimSequence::bServiced" was not found
Loading AnimNotify_Sound AnimNotify_Sound_2 from package 00020237.upk
Loading AnimSequence AnimSequence_15 from package 00020237.upk
WARNING: BoolProperty "UAnimSequence::bIgnoreAimControl" was not found
WARNING: BoolProperty "UAnimSequence::bServiced" was not found
WARNING: ByteProperty "UAnimSequence::NamePlateControlMode" was not found
Loading AnimNotify_Sound AnimNotify_Sound_3 from package 00020237.upk
WARNING: FloatProperty "UAnimNotify_Sound::SoundVolume" was not found
Loading AnimNotify_Sound AnimNotify_Sound_4 from package 00020237.upk
Loading AnimSequence AnimSequence_20 from package 00020237.upk
WARNING: BoolProperty "UAnimSequence::bIgnoreAimControl" was not found
WARNING: BoolProperty "UAnimSequence::bServiced" was not found
Loading AnimNotify_Sound AnimNotify_Sound_5 from package 00020237.upk
Loading AnimSequence AnimSequence_21 from package 00020237.upk
WARNING: BoolProperty "UAnimSequence::bIgnoreAimControl" was not found
WARNING: BoolProperty "UAnimSequence::bServiced" was not found
Loading AnimNotify_Sound AnimNotify_Sound_0 from package 00020237.upk
WARNING: IntProperty "UAnimNotify_Sound::RandomSkipPercent" was not found
Loading AnimNotify_Sound AnimNotify_Sound_3 from package 00020237.upk
Loading AnimNotify_Sound AnimNotify_Sound_4 from package 00020237.upk
Loading AnimSequence AnimSequence_25 from package 00020237.upk
WARNING: BoolProperty "UAnimSequence::bIgnoreAimControl" was not found
WARNING: BoolProperty "UAnimSequence::bServiced" was not found
Loading AnimNotify_Sound AnimNotify_Sound_2 from package 00020237.upk
Loading AnimNotify_Sound AnimNotify_Sound_3 from package 00020237.upk
Loading AnimSequence AnimSequence_28 from package 00020237.upk
WARNING: BoolProperty "UAnimSequence::bIgnoreAimControl" was not found
WARNING: BoolProperty "UAnimSequence::bServiced" was not found
Loading AnimNotify_Sound AnimNotify_Sound_0 from package 00020237.upk
Loading AnimNotify_Sound AnimNotify_Sound_1 from package 00020237.upk
Loading AnimSequence AnimSequence_29 from package 00020237.upk
WARNING: BoolProperty "UAnimSequence::bIgnoreAimControl" was not found
WARNING: BoolProperty "UAnimSequence::bServiced" was not found
Loading AnimNotify_Sound AnimNotify_Sound_2 from package 00020237.upk
WARNING: FloatProperty "UAnimNotify_Sound::SoundVolume" was not found
Loading AnimNotify_Sound AnimNotify_Sound_3 from package 00020237.upk
WARNING: FloatProperty "UAnimNotify_Sound::SoundVolume" was not found
Loading AnimSequence AnimSequence_31 from package 00020237.upk
WARNING: BoolProperty "UAnimSequence::bIgnoreAimControl" was not found
WARNING: BoolProperty "UAnimSequence::bServiced" was not found
Loading AnimNotify_Sound AnimNotify_Sound_11 from package 00020237.upk
Loading AnimSequence AnimSequence_32 from package 00020237.upk
WARNING: BoolProperty "UAnimSequence::bIgnoreAimControl" was not found
WARNING: BoolProperty "UAnimSequence::bServiced" was not found
Loading AnimNotify_Sound AnimNotify_Sound_12 from package 00020237.upk
Loading AnimSequence AnimSequence_33 from package 00020237.upk
WARNING: BoolProperty "UAnimSequence::bIgnoreAimControl" was not found
WARNING: BoolProperty "UAnimSequence::bServiced" was not found
Loading AnimNotify_Sound AnimNotify_Sound_13 from package 00020237.upk
Loading AnimSequence AnimSequence_34 from package 00020237.upk
WARNING: BoolProperty "UAnimSequence::bIgnoreAimControl" was not found
WARNING: BoolProperty "UAnimSequence::bServiced" was not found
Loading AnimNotify_Sound AnimNotify_Sound_14 from package 00020237.upk
Loading AnimSequence AnimSequence_35 from package 00020237.upk
WARNING: BoolProperty "UAnimSequence::bIgnoreAimControl" was not found
WARNING: BoolProperty "UAnimSequence::bServiced" was not found
Loading AnimNotify_Sound AnimNotify_Sound_15 from package 00020237.upk
Loading AnimSequence AnimSequence_36 from package 00020237.upk
WARNING: BoolProperty "UAnimSequence::bIgnoreAimControl" was not found
WARNING: BoolProperty "UAnimSequence::bServiced" was not found
Loading AnimNotify_Sound AnimNotify_Sound_16 from package 00020237.upk
Loading AnimSequence AnimSequence_38 from package 00020237.upk
WARNING: BoolProperty "UAnimSequence::bIgnoreAimControl" was not found
WARNING: BoolProperty "UAnimSequence::bServiced" was not found
Loading AnimNotify_Sound AnimNotify_Sound_4 from package 00020237.upk
Loading AnimSequence AnimSequence_41 from package 00020237.upk
WARNING: BoolProperty "UAnimSequence::bIgnoreAimControl" was not found
WARNING: BoolProperty "UAnimSequence::bServiced" was not found
WARNING: ByteProperty "UAnimSequence::NamePlateControlMode" was not found
Loading AnimNotify_Sound AnimNotify_Sound_10 from package 00020237.upk
Loading AnimNotify_Sound AnimNotify_Sound_7 from package 00020237.upk
Loading AnimNotify_Sound AnimNotify_Sound_8 from package 00020237.upk
Loading AnimNotify_Sound AnimNotify_Sound_9 from package 00020237.upk
Loading AnimSequence AnimSequence_43 from package 00020237.upk
WARNING: BoolProperty "UAnimSequence::bIgnoreAimControl" was not found
WARNING: BoolProperty "UAnimSequence::bServiced" was not found
Loading AnimNotify_Sound AnimNotify_Sound_5 from package 00020237.upk
WARNING: FloatProperty "UAnimNotify_Sound::SoundVolume" was not found
Loading AnimNotify_Sound AnimNotify_Sound_6 from package 00020237.upk
WARNING: FloatProperty "UAnimNotify_Sound::SoundVolume" was not found
Loading AnimSequence AnimSequence_45 from package 00020237.upk
WARNING: BoolProperty "UAnimSequence::bIgnoreAimControl" was not found
WARNING: BoolProperty "UAnimSequence::bServiced" was not found
Loading AnimNotify_Sound AnimNotify_Sound_1 from package 00020237.upk
Loading AnimSequence AnimSequence_46 from package 00020237.upk
WARNING: BoolProperty "UAnimSequence::bIgnoreAimControl" was not found
WARNING: BoolProperty "UAnimSequence::bServiced" was not found
Loading AnimNotify_Sound AnimNotify_Sound_0 from package 00020237.upk
Loading AnimSequence AnimSequence_9 from package 00020237.upk
WARNING: BoolProperty "UAnimSequence::bIgnoreAimControl" was not found
WARNING: BoolProperty "UAnimSequence::bServiced" was not found
Loading AnimNotify_Sound AnimNotify_Sound_0 from package 00020237.upk
Loading AnimSequence AnimSequence_1 from package 00020237.upk
WARNING: BoolProperty "UAnimSequence::bIgnoreFootAimControl" was not found
WARNING: BoolProperty "UAnimSequence::bServiced" was not found
Loading AnimSequence AnimSequence_14 from package 00020237.upk
WARNING: BoolProperty "UAnimSequence::bIgnoreAimControl" was not found
WARNING: BoolProperty "UAnimSequence::bServiced" was not found
WARNING: ByteProperty "UAnimSequence::NamePlateControlMode" was not found
Loading AnimSequence AnimSequence_18 from package 00020237.upk
WARNING: BoolProperty "UAnimSequence::bIgnoreAimControl" was not found
WARNING: BoolProperty "UAnimSequence::bServiced" was not found
Loading AnimSequence AnimSequence_19 from package 00020237.upk
WARNING: BoolProperty "UAnimSequence::bIgnoreAimControl" was not found
WARNING: BoolProperty "UAnimSequence::bServiced" was not found
Loading AnimSequence AnimSequence_2 from package 00020237.upk
WARNING: BoolProperty "UAnimSequence::bIgnoreFootAimControl" was not found
WARNING: BoolProperty "UAnimSequence::bServiced" was not found
Loading AnimSequence AnimSequence_24 from package 00020237.upk
WARNING: BoolProperty "UAnimSequence::bIgnoreAimControl" was not found
WARNING: BoolProperty "UAnimSequence::bServiced" was not found
Loading AnimSequence AnimSequence_26 from package 00020237.upk
WARNING: BoolProperty "UAnimSequence::bIgnoreFootAimControl" was not found
WARNING: BoolProperty "UAnimSequence::bServiced" was not found
Loading AnimSequence AnimSequence_27 from package 00020237.upk
WARNING: BoolProperty "UAnimSequence::bIgnoreFootAimControl" was not found
WARNING: BoolProperty "UAnimSequence::bIgnoreAimControl" was not found
WARNING: BoolProperty "UAnimSequence::bServiced" was not found
WARNING: ByteProperty "UAnimSequence::WeaponRLocType" was not found
Loading AnimSequence AnimSequence_3 from package 00020237.upk
WARNING: BoolProperty "UAnimSequence::bIgnoreFootAimControl" was not found
WARNING: BoolProperty "UAnimSequence::bServiced" was not found
Loading AnimSequence AnimSequence_39 from package 00020237.upk
WARNING: BoolProperty "UAnimSequence::bIgnoreAimControl" was not found
WARNING: BoolProperty "UAnimSequence::bServiced" was not found
Loading AnimSequence AnimSequence_4 from package 00020237.upk
WARNING: BoolProperty "UAnimSequence::bServiced" was not found
Loading AnimSequence AnimSequence_40 from package 00020237.upk
WARNING: BoolProperty "UAnimSequence::bIgnoreAimControl" was not found
WARNING: BoolProperty "UAnimSequence::bServiced" was not found
Loading AnimSequence AnimSequence_5 from package 00020237.upk
WARNING: BoolProperty "UAnimSequence::bServiced" was not found
Loading AnimSequence AnimSequence_6 from package 00020237.upk
WARNING: BoolProperty "UAnimSequence::bIgnoreFootAimControl" was not found
WARNING: BoolProperty "UAnimSequence::bIgnoreAimControl" was not found
WARNING: BoolProperty "UAnimSequence::bServiced" was not found
WARNING: ByteProperty "UAnimSequence::WeaponRLocType" was not found
Loading AnimSequence AnimSequence_8 from package 00020237.upk
WARNING: BoolProperty "UAnimSequence::bIgnoreAimControl" was not found
WARNING: BoolProperty "UAnimSequence::bServiced" was not found
Loading AnimSequence AnimSequence_91 from package 00020237.upk
WARNING: BoolProperty "UAnimSequence::bIgnoreAimControl" was not found
WARNING: BoolProperty "UAnimSequence::bServiced" was not found
Loading StaticMesh3 Jinseoyeon_sword from package 00020237.upk
Loading package: 00009345.upk Ver: 573/1 Engine: 4205 Names: 82 Exports: 1 Imports: 20 Game: 801A
Loading StaticMesh3 walk12 from package 00020237.upk
Loading package: 00012509.upk Ver: 573/1 Engine: 4205 Names: 407 Exports: 543 Imports: 142 Game: 801A
Loading StaticMesh3 walk15 from package 00020237.upk
Loading StaticMesh3 walk18 from package 00020237.upk
Loading StaticMesh3 walk21 from package 00020237.upk
Loading StaticMesh3 walk24 from package 00020237.upk
Loading StaticMesh3 walk27 from package 00020237.upk
Loading StaticMesh3 walk3 from package 00020237.upk
Loading StaticMesh3 walk6 from package 00020237.upk
Loading StaticMesh3 walk9 from package 00020237.upk
Loading MaterialInstanceConstant col1 from package 00009345.upk
Loading package: 00009344.upk Ver: 573/1 Engine: 4205 Names: 42 Exports: 7 Imports: 6 Game: 801A
Loading package: 00002620.upk Ver: 573/1 Engine: 4205 Names: 560 Exports: 6612 Imports: 96 Game: 801A
Loading Material3 KungfuFighter_Martial_MatM from package 00012509.upk
WARNING: BoolProperty "UMaterial3::bAcceptRenderDecal" was not found
Loading package: 00012963.upk Ver: 573/1 Engine: 4205 Names: 1219 Exports: 1194 Imports: 10 Game: 801A
Loading Texture2D jins_n from package 00009344.upk
Loading Texture2D jins_m from package 00009344.upk
Loading Texture2D jins_d from package 00009344.upk
Loading Texture2D jins_s from package 00009344.upk
Loading Texture2D jins_e from package 00009344.upk
WARNING: ByteProperty "UTexture2D::ManualLoadSwitchSettings" was not found
Loading Material3 Basic from package 00002620.upk
Loading Texture2D Noise_018 from package 00012963.upk
Loading Texture2D Noise_009 from package 00012963.upk
Loading Texture2D Normal_Noise_003 from package 00012963.upk
WARNING: BoolProperty "UTexture2D::bDisableLoadSwitch" was not found
Loading Texture2D Noise_Ripple_000_Inverse from package 00012963.upk
Loading Texture2D check_n from package 00002620.upk
Loading Texture2D check from package 00002620.upk
Loading Texture2D Smoke_Pattern_001 from package 00012963.upk
Loading Texture2D Gradient_Line_003 from package 00012963.upk
Loading Texture2D Gradient_Wipe_BurnOut_Mask_TEST from package 00012963.upk
Loading Texture2D Gradient_Wipe_BurnOut_Mask from package 00012963.upk
Error: Command failed: ******** 00020237 ********
*** unknown member ACF_ZOnlyRLE of enum AnimationCompressionFormat
*** unknown member ACF_ZOnlyRLE of enum AnimationCompressionFormat
*** unknown member ACF_ZOnlyRLE of enum AnimationCompressionFormat
*** unknown member ACF_ZOnlyRLE of enum AnimationCompressionFormat
*** unknown member ACF_ZOnlyRLE of enum AnimationCompressionFormat
*** unknown member ACF_ZOnlyRLE of enum AnimationCompressionFormat
*** unknown member ACF_ZOnlyRLE of enum AnimationCompressionFormat
*** unknown member ACF_ZOnlyRLE of enum AnimationCompressionFormat
*** unknown member ACF_ZOnlyRLE of enum AnimationCompressionFormat
*** unknown member ACF_ZOnlyRLE of enum AnimationCompressionFormat
*** unknown member ACF_ZOnlyRLE of enum AnimationCompressionFormat
*** unknown member ACF_ZOnlyRLE of enum AnimationCompressionFormat
*** unknown member ACF_ZOnlyRLE of enum AnimationCompressionFormat
*** unknown member ACF_ZOnlyRLE of enum AnimationCompressionFormat
*** unknown member ACF_ZOnlyRLE of enum AnimationCompressionFormat
*** unknown member ACF_ZOnlyRLE of enum AnimationCompressionFormat
*** unknown member ACF_ZOnlyRLE of enum AnimationCompressionFormat
*** unknown member ACF_ZOnlyRLE of enum AnimationCompressionFormat
*** unknown member ACF_ZOnlyRLE of enum AnimationCompressionFormat
*** unknown member ACF_ZOnlyRLE of enum AnimationCompressionFormat
*** unknown member ACF_ZOnlyRLE of enum AnimationCompressionFormat
*** unknown member ACF_ZOnlyRLE of enum AnimationCompressionFormat
*** unknown member ACF_ZOnlyRLE of enum AnimationCompressionFormat
*** unknown member ACF_ZOnlyRLE of enum AnimationCompressionFormat
*** unknown member ACF_ZOnlyRLE of enum AnimationCompressionFormat
*** unknown member ACF_ZOnlyRLE of enum AnimationCompressionFormat
*** unknown member ACF_ZOnlyRLE of enum AnimationCompressionFormat
*** unknown member ACF_ZOnlyRLE of enum AnimationCompressionFormat
*** unknown member ACF_ZOnlyRLE of enum AnimationCompressionFormat
*** unknown member ACF_ZOnlyRLE of enum AnimationCompressionFormat
*** unknown member ACF_ZOnlyRLE of enum AnimationCompressionFormat
*** unknown member ACF_ZOnlyRLE of enum AnimationCompressionFormat
*** unknown member ACF_ZOnlyRLE of enum AnimationCompressionFormat
*** unknown member ACF_ZOnlyRLE of enum AnimationCompressionFormat
*** unknown member ACF_ZOnlyRLE of enum AnimationCompressionFormat
*** unknown member ACF_ZOnlyRLE of enum AnimationCompressionFormat
*** unknown member ACF_ZOnlyRLE of enum AnimationCompressionFormat
*** unknown member ACF_ZOnlyRLE of enum AnimationCompressionFormat
*** unknown member ACF_ZOnlyRLE of enum AnimationCompressionFormat
*** ERROR: Unknown rotation compression method: 255
UAnimSet::ConvertAnims <- PostLoad:JinSeoYeon_Animset <- UObject::EndLoad <- LoadWholePackage:00020237 <- Main


    at ChildProcess.exithandler (child_process.js:637:15)
    at ChildProcess.EventEmitter.emit (events.js:98:17)
    at maybeClose (child_process.js:743:16)
    at Process.ChildProcess._handle.onexit (child_process.js:810:5)