Found 16187 game files (144 skipped)
Loading package: 00020620.upk Ver: 573/1 Engine: 4205 Names: 97 Exports: 2 Imports: 26 Game: 801A
Loading MaterialInstanceConstant col4 from package 00020620.upk
Loading package: 00010222.upk Ver: 573/1 Engine: 4205 Names: 46 Exports: 18 Imports: 2 Game: 801A
Loading package: 00002640.upk Ver: 573/1 Engine: 4205 Names: 340 Exports: 556 Imports: 5 Game: 801A
Loading package: 00012963.upk Ver: 573/1 Engine: 4205 Names: 1199 Exports: 1162 Imports: 10 Game: 801A
Loading package: 00010223.upk Ver: 573/1 Engine: 4205 Names: 173 Exports: 145 Imports: 49 Game: 801A
Loading Texture2D Monster_Beast_Junoboss_col1_N from package 00010222.upk
Loading Texture2D Monster_Beast_Junoboss_col4_M from package 00010222.upk
Loading Texture2D Monster_Beast_Junoboss_col4_D from package 00010222.upk
Loading Texture2D Monster_Beast_Junoboss_col4_S from package 00010222.upk
Loading TextureCube lenscube_c from package 00002640.upk
Loading Texture2D Monster_Beast_Junoboss_col4_E from package 00010222.upk
Loading Texture2D Smoke_Pattern_001 from package 00012963.upk
Loading Texture2D Monster_Beast_Junoboss_col1_Fx_Line from package 00010222.upk
Loading Material3 Basic_JunoBoss from package 00010223.upk
Loading package: 00002620.upk Ver: 573/1 Engine: 4205 Names: 500 Exports: 5733 Imports: 89 Game: 801A
Loading package: 00005993.upk Ver: 573/1 Engine: 4205 Names: 32 Exports: 5 Imports: 2 Game: 801A
Loading Texture2D CubemapFace0 from package 00002640.upk
Loading Texture2D CubemapFace1 from package 00002640.upk
Loading Texture2D CubemapFace2 from package 00002640.upk
Loading Texture2D CubemapFace3 from package 00002640.upk
Loading Texture2D CubemapFace4 from package 00002640.upk
Loading Texture2D CubemapFace5 from package 00002640.upk
Loading Texture2D check_n from package 00002620.upk
Loading Texture2D BelliedWaterFrog_FX_Line from package 00005993.upk
Loading Texture2D Gradient_Line_003 from package 00012963.upk
Loading Texture2D check from package 00002620.upk
Loading Texture2D Gradient_Wipe_BurnOut_Mask_TEST from package 00012963.upk
Loading Texture2D Gradient_Wipe_BurnOut_Mask from package 00012963.upk
Loaded in 0.1 sec, 2979 allocs, 2.40 MBytes serialized in 150148 calls.

Object info:
============
ClassName: MaterialInstanceConstant ObjectName: col4

    ScalarParameterValues[10] =
    {
        ScalarParameterValues[0] = { ParameterName=Transmission_value, ParameterValue=0 }
        ScalarParameterValues[1] = { ParameterName=Glossiness1, ParameterValue=5 }
        ScalarParameterValues[2] = { ParameterName=Glossiness2, ParameterValue=20 }
        ScalarParameterValues[3] = { ParameterName=Specular_value, ParameterValue=2 }
        ScalarParameterValues[4] = { ParameterName=HighLight_Value, ParameterValue=5 }
        ScalarParameterValues[5] = { ParameterName=HighLight_glossiness, ParameterValue=100 }
        ScalarParameterValues[6] = { ParameterName=Emissive_value, ParameterValue=3 }
        ScalarParameterValues[7] = { ParameterName=Emissive_value2, ParameterValue=0.5 }
        ScalarParameterValues[8] = { ParameterName=Fresnel Value, ParameterValue=50 }
        ScalarParameterValues[9] = { ParameterName=Fresnel exponent, ParameterValue=5 }
    }
    TextureParameterValues[8] =
    {
        TextureParameterValues[0] = { ParameterName=Normal, ParameterValue=Texture2D'Monster_Beast_Junoboss_col1_N' }
        TextureParameterValues[1] = { ParameterName=Mask_GB, ParameterValue=Texture2D'Monster_Beast_Junoboss_col4_M' }
        TextureParameterValues[2] = { ParameterName=Diffuse, ParameterValue=Texture2D'Monster_Beast_Junoboss_col4_D' }
        TextureParameterValues[3] = { ParameterName=Specular, ParameterValue=Texture2D'Monster_Beast_Junoboss_col4_S' }
        TextureParameterValues[4] = { ParameterName=rf_cube, ParameterValue=TextureCube'lenscube_c' }
        TextureParameterValues[5] = { ParameterName=Emissive, ParameterValue=Texture2D'Monster_Beast_Junoboss_col4_E' }
        TextureParameterValues[6] = { ParameterName=Mask_FX_Texture, ParameterValue=Texture2D'Smoke_Pattern_001' }
        TextureParameterValues[7] =
        {
            ParameterName = FX_Add
            ParameterValue = Texture2D'Monster_Beast_Junoboss_col1_Fx_Line'
        }
    }
    VectorParameterValues[9] =
    {
        VectorParameterValues[0] =
        {
            ParameterName = Mesh_trangition
            ParameterValue = { R=0, G=0, B=0, A=1 }
        }
        VectorParameterValues[1] =
        {
            ParameterName = Reflection_value
            ParameterValue = { R=2, G=2, B=2, A=1 }
        }
        VectorParameterValues[2] =
        {
            ParameterName = HighLight_Color
            ParameterValue = { R=1, G=1, B=1, A=1 }
        }
        VectorParameterValues[3] =
        {
            ParameterName = Burn_Color
            ParameterValue = { R=0, G=0, B=0, A=1 }
        }
        VectorParameterValues[4] =
        {
            ParameterName = Glow_Trangition_A
            ParameterValue = { R=0, G=0, B=0, A=1 }
        }
        VectorParameterValues[5] =
        {
            ParameterName = Fx_Glow_power_A
            ParameterValue = { R=0, G=0, B=0, A=1 }
        }
        VectorParameterValues[6] =
        {
            ParameterName = Fx_Glow_color_A
            ParameterValue = { R=0, G=0, B=1, A=1 }
        }
        VectorParameterValues[7] =
        {
            ParameterName = Fresnel_color
            ParameterValue = { R=0, G=0, B=0, A=1 }
        }
        VectorParameterValues[8] =
        {
            ParameterName = Fresnel_Power
            ParameterValue = { R=0, G=0, B=0, A=1 }
        }
    }
    Parent = Material3'Basic_JunoBoss'
    FlattenedTexture = None
    MobileBaseTexture = None
    MobileNormalTexture = None
    bUseMobileSpecular = false
    MobileSpecularPower = 16
    MobileSpecularMask = MSM_Constant (0)
    MobileMaskTexture = None
