Found 16186 game files (0 skipped)
Loading package: 00022865.upk Ver: 573/1 Engine: 4205 Names: 101 Exports: 33 Imports: 13 Game: 801A
Loading SkeletalMesh3 040105_GonF from package 00022865.upk
Loading package: 00022863.upk Ver: 573/1 Engine: 4205 Names: 110 Exports: 3 Imports: 27 Game: 801A
Loading MaterialInstanceConstant col1 from package 00022863.upk
Loading package: 00022864.upk Ver: 573/1 Engine: 4205 Names: 41 Exports: 12 Imports: 4 Game: 801A
Loading package: 00008613.upk Ver: 573/1 Engine: 4205 Names: 95 Exports: 6 Imports: 12 Game: 801A
Loading package: 00002620.upk Ver: 573/1 Engine: 4205 Names: 500 Exports: 5733 Imports: 89 Game: 801A
Loading MaterialInstanceConstant acc_mat from package 00022863.upk
Loading package: 00002640.upk Ver: 573/1 Engine: 4205 Names: 340 Exports: 556 Imports: 5 Game: 801A
Loading Texture2D 040105_GonF_col1_D from package 00022864.upk
Loading Texture2D 040105_GonF_col1_N from package 00022864.upk
Loading Texture2D Nothing_A from package 00008613.upk
Loading Material3 Beard_Ac from package 00002620.upk
Loading package: 00012963.upk Ver: 573/1 Engine: 4205 Names: 1199 Exports: 1162 Imports: 10 Game: 801A
Loading Texture2D 040105_GonF_col1_Acc_N from package 00022864.upk
Loading Texture2D 040105_GonF_col1_Acc_M from package 00022864.upk
Loading Texture2D 040105_GonF_col1_Acc_D from package 00022864.upk
Loading Texture2D 040105_GonF_col1_Acc_S from package 00022864.upk
Loading TextureCube Cube_Suicide2 from package 00002640.upk
Loading Material3 Basic from package 00002620.upk
Loading Texture2D check_n from package 00002620.upk
Loading Texture2D Noise_Glass_000 from package 00012963.upk
Loading Texture2D Smoke_Pattern_001 from package 00012963.upk
Loading Texture2D Gradient_Wipe_BurnOut_Mask_TEST from package 00012963.upk
Loading Texture2D Gradient_Wipe_BurnOut_Mask from package 00012963.upk
Loading Texture2D check from package 00002620.upk
Loading Texture2D Gradient_Line_003 from package 00012963.upk
Loading Texture2D CubemapFace0 from package 00002640.upk
Loading Texture2D CubemapFace1 from package 00002640.upk
Loading Texture2D CubemapFace2 from package 00002640.upk
Loading Texture2D CubemapFace3 from package 00002640.upk
Loading Texture2D CubemapFace4 from package 00002640.upk
Loading Texture2D CubemapFace5 from package 00002640.upk
Loaded in 0.12 sec, 3010 allocs, 1.81 MBytes serialized in 241054 calls.

Object info:
============
ClassName: SkeletalMesh3 ObjectName: 040105_GonF

    LODInfo[1] =
    {
        LODInfo[0] =
        {
            DisplayFactor = 0
            LODHysteresis = 0.02
            LODMaterialMap[0] = {}
            bEnableShadowCasting[2] = { true, true }
        }
    }
    Sockets[0] = {}
    bHasVertexColors = false
    EnableTwistBoneFixers = true
    EnableClavicleFixer = true
    Materials[2] = { MaterialInstanceConstant'col1', MaterialInstanceConstant'acc_mat' }


    Lods[1] =
    {
        Lods[0] =
        {
            Sections[2] =
            {
                Sections[0] = { Material=MaterialInstanceConstant'col1', FirstIndex=0, NumFaces=2360 }
                Sections[1] = { Material=MaterialInstanceConstant'acc_mat', FirstIndex=7080, NumFaces=1102 }
            }
            NumVerts = 2604
            IndexCount = 10386
            NumTexCoords = 1
        }
    }
    LodCount = 1
    MeshOrigin = { X=-0, Y=-0, Z=-0 }
    MeshScale = { X=1, Y=1, Z=1 }
    RotOrigin = { Yaw=0, Pitch=0, Roll=0 }
    BoneCount = 15
