Found 27000 game files (27 skipped)
Loading package: 00029497.upk Ver: 573/1 Engine: 4205 Names: 69 Exports: 1 Imports: 18 Game: 801A
Loading MaterialInstanceConstant col1 from package 00029497.upk
Loading package: 00009763.upk Ver: 573/1 Engine: 4205 Names: 31 Exports: 4 Imports: 2 Game: 801A
Loading package: 00029496.upk Ver: 573/1 Engine: 4205 Names: 27 Exports: 6 Imports: 4 Game: 801A
Loading package: 00012963.upk Ver: 573/1 Engine: 4205 Names: 1264 Exports: 1240 Imports: 10 Game: 801A
Loading package: 00002620.upk Ver: 573/1 Engine: 4205 Names: 560 Exports: 6612 Imports: 96 Game: 801A
Loading Texture2D N from package 00009763.upk
Loading Texture2D M from package 00009763.upk
Loading Texture2D 020024_LynM_col1_D from package 00029496.upk
Loading Texture2D 020024_LynM_col1_S from package 00029496.upk
Loading Texture2D Smoke_Pattern_001 from package 00012963.upk
Loading Material3 Fur from package 00002620.upk
Loading Texture2D check from package 00002620.upk
Loading Texture2D check_n from package 00002620.upk
Loading Texture2D Noise_Glass_000 from package 00012963.upk
Loading Texture2D Gradient_Wipe_BurnOut_Mask_TEST from package 00012963.upk
Loading Texture2D Gradient_Wipe_BurnOut_Mask from package 00012963.upk
Loading Texture2D Gradient_Line_003 from package 00012963.upk
Loaded in 0.082 sec, 2308 allocs, 1.68 MBytes serialized in 151002 calls.

Object info:
============
ClassName: MaterialInstanceConstant ObjectName: col1

    ScalarParameterValues[6] =
    {
        ScalarParameterValues[0] = { ParameterName=long, ParameterValue=0.5 }
        ScalarParameterValues[1] = { ParameterName=Glossiness1, ParameterValue=3 }
        ScalarParameterValues[2] = { ParameterName=Glossiness2, ParameterValue=10 }
        ScalarParameterValues[3] = { ParameterName=Spec_value, ParameterValue=1 }
        ScalarParameterValues[4] = { ParameterName=LimLight_value, ParameterValue=5 }
        ScalarParameterValues[5] = { ParameterName=LimLight_exp, ParameterValue=4 }
    }
    TextureParameterValues[5] =
    {
        TextureParameterValues[0] = { ParameterName=Normal, ParameterValue=Texture2D'N' }
        TextureParameterValues[1] = { ParameterName=Mask_GB, ParameterValue=Texture2D'M' }
        TextureParameterValues[2] = { ParameterName=Diffuse, ParameterValue=Texture2D'020024_LynM_col1_D' }
        TextureParameterValues[3] = { ParameterName=Specular, ParameterValue=Texture2D'020024_LynM_col1_S' }
        TextureParameterValues[4] = { ParameterName=Mask_FX_Texture, ParameterValue=Texture2D'Smoke_Pattern_001' }
    }
    VectorParameterValues[4] =
    {
        VectorParameterValues[0] =
        {
            ParameterName = Fresnel_color
            ParameterValue = { R=0, G=0, B=0, A=1 }
        }
        VectorParameterValues[1] =
        {
            ParameterName = Fresnel_Power
            ParameterValue = { R=0, G=0, B=0, A=1 }
        }
        VectorParameterValues[2] =
        {
            ParameterName = Burn_Color
            ParameterValue = { R=0, G=0, B=0, A=1 }
        }
        VectorParameterValues[3] =
        {
            ParameterName = Mesh_trangition
            ParameterValue = { R=0, G=0, B=0, A=1 }
        }
    }
    Parent = Material3'Fur'
    FlattenedTexture = None
    MobileBaseTexture = None
    MobileNormalTexture = None
    bUseMobileSpecular = false
    MobileSpecularPower = 16
    MobileSpecularMask = MSM_Constant (0)
    MobileMaskTexture = None
