Found 16186 game files (0 skipped)
Loading package: 00027172.upk Ver: 573/1 Engine: 4205 Names: 32 Exports: 4 Imports: 2 Game: 801A
Loading Texture2D 120063_Autoscale_col1_D120063_Autoscale_col1_D from package 00027172.upk
Loading Texture2D 120063_Autoscale_col1_M120063_Autoscale_col1_D from package 00027172.upk
Loading Texture2D 120063_Autoscale_col1_N120063_Autoscale_col1_D from package 00027172.upk
Loading Texture2D 120063_Autoscale_col1_S120063_Autoscale_col1_D from package 00027172.upk
Loaded in 0.025 sec, 172 allocs, 0.21 MBytes serialized in 975 calls.

Object info:
============
ClassName: Texture2D ObjectName: 120063_Autoscale_col1_D120063_Autoscale_col1_D

    SizeX = 512
    SizeY = 256
    Format = PF_DXT5 (7)
    AddressX = TA_Wrap (0)
    AddressY = TA_Wrap (0)
    TextureFileCacheName = None
    MipTailBaseIdx = 9
    bForcePVRTC4 = false
    UnpackMin[4] = { 0, 0, 0, 0 }
    UnpackMax[4] = { 1, 1, 1, 1 }

Object info:
============
ClassName: Texture2D ObjectName: 120063_Autoscale_col1_M120063_Autoscale_col1_D

    SizeX = 512
    SizeY = 256
    Format = PF_DXT1 (5)
    AddressX = TA_Wrap (0)
    AddressY = TA_Wrap (0)
    TextureFileCacheName = None
    MipTailBaseIdx = 9
    bForcePVRTC4 = false
    UnpackMin[4] = { 0, 0, 0, 0 }
    UnpackMax[4] = { 1, 1, 1, 1 }

Object info:
============
ClassName: Texture2D ObjectName: 120063_Autoscale_col1_N120063_Autoscale_col1_D

    SizeX = 512
    SizeY = 256
    Format = PF_DXT1 (5)
    AddressX = TA_Wrap (0)
    AddressY = TA_Wrap (0)
    TextureFileCacheName = None
    MipTailBaseIdx = 9
    bForcePVRTC4 = false
    UnpackMin[4] = { -1, -1, -1, 0 }
    UnpackMax[4] = { 1, 1, 1, 1 }

Object info:
============
ClassName: Texture2D ObjectName: 120063_Autoscale_col1_S120063_Autoscale_col1_D

    SizeX = 512
    SizeY = 256
    Format = PF_DXT5 (7)
    AddressX = TA_Wrap (0)
    AddressY = TA_Wrap (0)
    TextureFileCacheName = None
    MipTailBaseIdx = 9
    bForcePVRTC4 = false
    UnpackMin[4] = { 0, 0, 0, 0 }
    UnpackMax[4] = { 1, 1, 1, 1 }
