Found 19856 game files (132 skipped)
Loading package: 00024689.upk Ver: 573/1 Engine: 4205 Names: 323 Exports: 291 Imports: 109 Game: 801A
Loading Material3 Tuna_MatM from package 00024689.upk
Loading package: 00024687.upk Ver: 573/1 Engine: 4205 Names: 32 Exports: 4 Imports: 2 Game: 801A
Loading SkeletalMesh3 110078_Autoscale from package 00024689.upk
WARNING: ObjectProperty "USkeletalMesh3::MeshFactorSet" was not found
WARNING: ObjectProperty "USkeletalMesh3::PhysMaterialOverride" was not found
WARNING: ByteProperty "USkeletalMesh3::ItemPreviewLocType" was not found
Loading package: 00024688.upk Ver: 573/1 Engine: 4205 Names: 89 Exports: 1 Imports: 19 Game: 801A
Loading SkeletalMeshSocket SkeletalMeshSocket_112 from package 00024689.upk
WARNING: ObjectProperty "USkeletalMeshSocket::DependencyParticleSystem" was not found
Loading SkeletalMeshSocket SkeletalMeshSocket_119 from package 00024689.upk
WARNING: ObjectProperty "USkeletalMeshSocket::DependencyParticleSystem" was not found
Loading StaticMesh3 Weapon_Tuna_Mesh from package 00024689.upk
Loading package: 00012892.upk Ver: 573/1 Engine: 4205 Names: 925 Exports: 4775 Imports: 262 Game: 801A
Loading Texture2D 110078_Autoscale_col1_D from package 00024687.upk
Loading MaterialInstanceConstant col1 from package 00024688.upk
Loading package: 00002640.upk Ver: 573/1 Engine: 4205 Names: 340 Exports: 556 Imports: 5 Game: 801A
Loading package: 00002620.upk Ver: 573/1 Engine: 4205 Names: 560 Exports: 6612 Imports: 96 Game: 801A
Loading Material3 001_Mesh_Default_MatM from package 00012892.upk
WARNING: BoolProperty "UMaterial3::bAcceptRenderDecal" was not found
Loading Texture2D 110078_Autoscale_col1_N from package 00024687.upk
Loading Texture2D 110078_Autoscale_col1_M from package 00024687.upk
Loading Texture2D 110078_Autoscale_col1_S from package 00024687.upk
Loading TextureCube MatelW5 from package 00002640.upk
Loading Material3 Basic from package 00002620.upk
Loading package: 00012963.upk Ver: 573/1 Engine: 4205 Names: 1223 Exports: 1198 Imports: 10 Game: 801A
Loading Texture2D Cube000_Tex from package 00012892.upk
Loading Texture2D CubemapFace0 from package 00002640.upk
Loading Texture2D CubemapFace1 from package 00002640.upk
Loading Texture2D CubemapFace2 from package 00002640.upk
Loading Texture2D CubemapFace3 from package 00002640.upk
Loading Texture2D CubemapFace4 from package 00002640.upk
Loading Texture2D CubemapFace5 from package 00002640.upk
Loading Texture2D check_n from package 00002620.upk
Loading Texture2D check from package 00002620.upk
Loading Texture2D Smoke_Pattern_001 from package 00012963.upk
Loading Texture2D Gradient_Line_003 from package 00012963.upk
Loading Texture2D Gradient_Wipe_BurnOut_Mask_TEST from package 00012963.upk
Loading Texture2D Gradient_Wipe_BurnOut_Mask from package 00012963.upk
Loaded in 0.14 sec, 4046 allocs, 1.65 MBytes serialized in 311923 calls.

Object info:
============
ClassName: Material3 ObjectName: Tuna_MatM

    TwoSided = false
    bDisableDepthTest = false
    bIsMasked = false
    ReferencedTextures[1] = { Texture2D'110078_Autoscale_col1_D' }
    BlendMode = BLEND_Translucent (2)
    OpacityMaskClipValue = 0.333
    FlattenedTexture = None
    MobileBaseTexture = None
    MobileNormalTexture = None
    bUseMobileSpecular = false
    MobileSpecularPower = 16
    MobileSpecularMask = MSM_Constant (0)
    MobileMaskTexture = None

Object info:
============
ClassName: SkeletalMesh3 ObjectName: 110078_Autoscale

    LODInfo[1] =
    {
        LODInfo[0] =
        {
            DisplayFactor = 0
            LODHysteresis = 0.02
            LODMaterialMap[0] = {}
            bEnableShadowCasting[1] = { true }
        }
    }
    Sockets[2] =
    {
        Sockets[0] = SkeletalMeshSocket'110078_Autoscale.SkeletalMeshSocket_112'
        Sockets[1] = SkeletalMeshSocket'110078_Autoscale.SkeletalMeshSocket_119'
    }
    bHasVertexColors = false
    EnableTwistBoneFixers = true
    EnableClavicleFixer = true
    Materials[1] = { MaterialInstanceConstant'col1' }


    Lods[1] =
    {
        Lods[0] =
        {
            Sections[1] =
            {
                Sections[0] = { Material=MaterialInstanceConstant'col1', FirstIndex=0, NumFaces=1374 }
            }
            NumVerts = 1053
            IndexCount = 4122
            NumTexCoords = 1
        }
    }
    LodCount = 1
    MeshOrigin = { X=-0, Y=-0, Z=-0 }
    MeshScale = { X=1, Y=1, Z=1 }
    RotOrigin = { Yaw=0, Pitch=0, Roll=0 }
    BoneCount = 4

Object info:
============
ClassName: SkeletalMeshSocket ObjectName: SkeletalMeshSocket_112

    SocketName = Paricle_Ball
    BoneName = WeaponRoot
    RelativeLocation = { X=19.8132, Y=0, Z=25.25 }
    RelativeRotation = { Yaw=0, Pitch=0, Roll=0 }
    RelativeScale = { X=1, Y=1, Z=1 }

Object info:
============
ClassName: SkeletalMeshSocket ObjectName: SkeletalMeshSocket_119

    SocketName = Particle_Fish
    BoneName = WeaponRoot
    RelativeLocation = { X=2.51224, Y=0, Z=23.75 }
    RelativeRotation = { Yaw=0, Pitch=0, Roll=0 }
    RelativeScale = { X=1, Y=1, Z=1 }

Object info:
============
ClassName: StaticMesh3 ObjectName: Weapon_Tuna_Mesh

    BodySetup = None
    UseSimpleLineCollision = false
    UseSimpleBoxCollision = false
    UseSimpleRigidBodyCollision = false
    UseFullPrecisionUVs = false
    Bounds =
    {
        Origin = { X=0, Y=0, Z=0 }
        BoxExtent = { X=26.6351, Y=7.228, Z=12.7995 }
        SphereRadius = 28.9773
    }
    CanCompressPositions = false
    CanStripNormalsAndTangents = false
    InternalVersion = 18


    Lods[1] =
    {
        Lods[0] =
        {
            Sections[1] =
            {
                Sections[0] = { Material=Material3'001_Mesh_Default_MatM', FirstIndex=0, NumFaces=758 }
            }
            NumVerts = 976
            IndexCount = 2274
            NumTexCoords = 1
        }
    }
    LodCount = 1
