Found 16187 game files (144 skipped)
Loading package: 00022473.upk Ver: 573/1 Engine: 4205 Names: 22 Exports: 3 Imports: 2 Game: 801A
Loading Texture2D Monster_Beast_ValakCreep_col2_S from package 00022473.upk
Loading Texture2D Monster_Beast_ValakCreep_col3_S from package 00022473.upk
Loading Texture2D Monster_Beast_ValakCreep_col4_S from package 00022473.upk
Loaded in 0.013 sec, 109 allocs, 0.01 MBytes serialized in 631 calls.

Object info:
============
ClassName: Texture2D ObjectName: Monster_Beast_ValakCreep_col2_S

    SizeX = 512
    SizeY = 256
    Format = PF_DXT5 (7)
    AddressX = TA_Wrap (0)
    AddressY = TA_Wrap (0)
    TextureFileCacheName = None
    MipTailBaseIdx = 9
    bForcePVRTC4 = false
    UnpackMin[4] = { 0, 0, 0, 0 }
    UnpackMax[4] = { 1, 1, 1, 1 }

Object info:
============
ClassName: Texture2D ObjectName: Monster_Beast_ValakCreep_col3_S

    SizeX = 512
    SizeY = 256
    Format = PF_DXT5 (7)
    AddressX = TA_Wrap (0)
    AddressY = TA_Wrap (0)
    TextureFileCacheName = None
    MipTailBaseIdx = 9
    bForcePVRTC4 = false
    UnpackMin[4] = { 0, 0, 0, 0 }
    UnpackMax[4] = { 1, 1, 1, 1 }

Object info:
============
ClassName: Texture2D ObjectName: Monster_Beast_ValakCreep_col4_S

    SizeX = 512
    SizeY = 256
    Format = PF_DXT5 (7)
    AddressX = TA_Wrap (0)
    AddressY = TA_Wrap (0)
    TextureFileCacheName = None
    MipTailBaseIdx = 9
    bForcePVRTC4 = false
    UnpackMin[4] = { 0, 0, 0, 0 }
    UnpackMax[4] = { 1, 1, 1, 1 }
