Found 21310 game files (132 skipped)
Loading package: 00027085.upk Ver: 573/1 Engine: 4205 Names: 197 Exports: 201 Imports: 21 Game: 801A
Loading SkeletalMesh3 AnthroRat from package 00027085.upk
WARNING: ObjectProperty "USkeletalMesh3::PlaySoundSet" was not found
WARNING: FloatProperty "USkeletalMesh3::AddFootOffsetValue" was not found
WARNING: FloatProperty "USkeletalMesh3::AddFootOffsetValue2" was not found
WARNING: FloatProperty "USkeletalMesh3::AnimNameHeight" was not found
WARNING: FloatProperty "USkeletalMesh3::NormalNameHeight" was not found
WARNING: FloatProperty "USkeletalMesh3::LowNameHeight" was not found
Loading package: 00027084.upk Ver: 573/1 Engine: 4205 Names: 101 Exports: 2 Imports: 23 Game: 801A
Loading SkeletalMeshSocket SkeletalMeshSocket_141 from package 00027085.upk
Loading SkeletalMeshSocket SkeletalMeshSocket_142 from package 00027085.upk
WARNING: ObjectProperty "USkeletalMeshSocket::PreviewSkelMesh" was not found
Loading SkeletalMeshSocket SkeletalMeshSocket_143 from package 00027085.upk
WARNING: ObjectProperty "USkeletalMeshSocket::PreviewSkelMesh" was not found
Loading SkeletalMeshSocket SkeletalMeshSocket_144 from package 00027085.upk
WARNING: ObjectProperty "USkeletalMeshSocket::PreviewSkelMesh" was not found
Loading SkeletalMeshSocket SkeletalMeshSocket_145 from package 00027085.upk
WARNING: ObjectProperty "USkeletalMeshSocket::PreviewSkelMesh" was not found
Loading SkeletalMeshSocket SkeletalMeshSocket_146 from package 00027085.upk
WARNING: ObjectProperty "USkeletalMeshSocket::PreviewSkelMesh" was not found
Loading SkeletalMeshSocket SkeletalMeshSocket_147 from package 00027085.upk
WARNING: ObjectProperty "USkeletalMeshSocket::PreviewSkelMesh" was not found
Loading SkeletalMeshSocket SkeletalMeshSocket_148 from package 00027085.upk
Loading SkeletalMeshSocket SkeletalMeshSocket_149 from package 00027085.upk
Loading SkeletalMeshSocket SkeletalMeshSocket_150 from package 00027085.upk
Loading SkeletalMeshSocket SkeletalMeshSocket_151 from package 00027085.upk
WARNING: BoolProperty "USkeletalMeshSocket::bParticleAttachPosOnly" was not found
Loading SkeletalMeshSocket SkeletalMeshSocket_152 from package 00027085.upk
WARNING: ObjectProperty "USkeletalMeshSocket::PreviewSkelMesh" was not found
Loading SkeletalMeshSocket SkeletalMeshSocket_153 from package 00027085.upk
Loading SkeletalMeshSocket SkeletalMeshSocket_154 from package 00027085.upk
Loading SkeletalMeshSocket SkeletalMeshSocket_155 from package 00027085.upk
Loading SkeletalMeshSocket SkeletalMeshSocket_156 from package 00027085.upk
Loading SkeletalMeshSocket SkeletalMeshSocket_157 from package 00027085.upk
Loading SkeletalMeshSocket SkeletalMeshSocket_158 from package 00027085.upk
Loading SkeletalMeshSocket SkeletalMeshSocket_159 from package 00027085.upk
Loading SkeletalMeshSocket SkeletalMeshSocket_160 from package 00027085.upk
Loading SkeletalMeshSocket SkeletalMeshSocket_161 from package 00027085.upk
Loading SkeletalMeshSocket SkeletalMeshSocket_162 from package 00027085.upk
Loading SkeletalMeshSocket SkeletalMeshSocket_163 from package 00027085.upk
Loading SkeletalMeshSocket SkeletalMeshSocket_164 from package 00027085.upk
Loading MaterialInstanceConstant col1 from package 00027084.upk
Loading package: 00027083.upk Ver: 573/1 Engine: 4205 Names: 36 Exports: 6 Imports: 2 Game: 801A
Loading package: 00002640.upk Ver: 573/1 Engine: 4205 Names: 340 Exports: 556 Imports: 5 Game: 801A
Loading package: 00002620.upk Ver: 573/1 Engine: 4205 Names: 560 Exports: 6612 Imports: 96 Game: 801A
Loading MaterialInstanceConstant col1_fur from package 00027084.upk
Loading Texture2D AnthroRat_col1_N from package 00027083.upk
Loading Texture2D AnthroRat_col1_M from package 00027083.upk
Loading Texture2D AnthroRat_col1_D from package 00027083.upk
Loading Texture2D AnthroRat_col1_S from package 00027083.upk
Loading TextureCube Cube_Suicide2 from package 00002640.upk
Loading Material3 Basic from package 00002620.upk
Loading package: 00012963.upk Ver: 573/1 Engine: 4205 Names: 1234 Exports: 1209 Imports: 10 Game: 801A
Loading Texture2D Fur_N from package 00027083.upk
Loading Texture2D Fur_D from package 00027083.upk
Loading Material3 Beard_Fur from package 00002620.upk
Loading Texture2D CubemapFace0 from package 00002640.upk
Loading Texture2D CubemapFace1 from package 00002640.upk
Loading Texture2D CubemapFace2 from package 00002640.upk
Loading Texture2D CubemapFace3 from package 00002640.upk
Loading Texture2D CubemapFace4 from package 00002640.upk
Loading Texture2D CubemapFace5 from package 00002640.upk
Loading Texture2D check_n from package 00002620.upk
Loading Texture2D check from package 00002620.upk
Loading Texture2D Smoke_Pattern_001 from package 00012963.upk
Loading Texture2D Gradient_Line_003 from package 00012963.upk
Loading Texture2D Gradient_Wipe_BurnOut_Mask_TEST from package 00012963.upk
Loading Texture2D Gradient_Wipe_BurnOut_Mask from package 00012963.upk
Loading Texture2D Noise_Glass_000 from package 00012963.upk
Loaded in 0.15 sec, 3096 allocs, 2.13 MBytes serialized in 304747 calls.

Object info:
============
ClassName: SkeletalMesh3 ObjectName: AnthroRat

    LODInfo[1] =
    {
        LODInfo[0] =
        {
            DisplayFactor = 0
            LODHysteresis = 0.02
            LODMaterialMap[0] = {}
            bEnableShadowCasting[2] = { true, true }
        }
    }
    Sockets[24] =
    {
        Sockets[0] = SkeletalMeshSocket'AnthroRat.SkeletalMeshSocket_141'
        Sockets[1] = SkeletalMeshSocket'AnthroRat.SkeletalMeshSocket_148'
        Sockets[2] = SkeletalMeshSocket'AnthroRat.SkeletalMeshSocket_153'
        Sockets[3] = SkeletalMeshSocket'AnthroRat.SkeletalMeshSocket_155'
        Sockets[4] = SkeletalMeshSocket'AnthroRat.SkeletalMeshSocket_142'
        Sockets[5] = SkeletalMeshSocket'AnthroRat.SkeletalMeshSocket_143'
        Sockets[6] = SkeletalMeshSocket'AnthroRat.SkeletalMeshSocket_144'
        Sockets[7] = SkeletalMeshSocket'AnthroRat.SkeletalMeshSocket_145'
        Sockets[8] = SkeletalMeshSocket'AnthroRat.SkeletalMeshSocket_146'
        Sockets[9] = SkeletalMeshSocket'AnthroRat.SkeletalMeshSocket_147'
        Sockets[10] = SkeletalMeshSocket'AnthroRat.SkeletalMeshSocket_149'
        Sockets[11] = SkeletalMeshSocket'AnthroRat.SkeletalMeshSocket_150'
        Sockets[12] = SkeletalMeshSocket'AnthroRat.SkeletalMeshSocket_151'
        Sockets[13] = SkeletalMeshSocket'AnthroRat.SkeletalMeshSocket_152'
        Sockets[14] = SkeletalMeshSocket'AnthroRat.SkeletalMeshSocket_154'
        Sockets[15] = SkeletalMeshSocket'AnthroRat.SkeletalMeshSocket_156'
        Sockets[16] = SkeletalMeshSocket'AnthroRat.SkeletalMeshSocket_157'
        Sockets[17] = SkeletalMeshSocket'AnthroRat.SkeletalMeshSocket_158'
        Sockets[18] = SkeletalMeshSocket'AnthroRat.SkeletalMeshSocket_159'
        Sockets[19] = SkeletalMeshSocket'AnthroRat.SkeletalMeshSocket_160'
        Sockets[20] = SkeletalMeshSocket'AnthroRat.SkeletalMeshSocket_161'
        Sockets[21] = SkeletalMeshSocket'AnthroRat.SkeletalMeshSocket_162'
        Sockets[22] = SkeletalMeshSocket'AnthroRat.SkeletalMeshSocket_163'
        Sockets[23] = SkeletalMeshSocket'AnthroRat.SkeletalMeshSocket_164'
    }
    bHasVertexColors = false
    EnableTwistBoneFixers = true
    EnableClavicleFixer = true
    Materials[2] = { MaterialInstanceConstant'col1', MaterialInstanceConstant'col1_fur' }


    Lods[1] =
    {
        Lods[0] =
        {
            Sections[2] =
            {
                Sections[0] = { Material=MaterialInstanceConstant'col1', FirstIndex=0, NumFaces=4725 }
                Sections[1] = { Material=MaterialInstanceConstant'col1_fur', FirstIndex=14175, NumFaces=288 }
            }
            NumVerts = 3860
            IndexCount = 15039
            NumTexCoords = 1
        }
    }
    LodCount = 1
    MeshOrigin = { X=-0, Y=-0, Z=-0 }
    MeshScale = { X=1, Y=1, Z=1 }
    RotOrigin = { Yaw=0, Pitch=0, Roll=0 }
    BoneCount = 81

Object info:
============
ClassName: SkeletalMeshSocket ObjectName: SkeletalMeshSocket_141

    SocketName = target_high
    BoneName = Bip01Head
    RelativeLocation = { X=0, Y=0, Z=0 }
    RelativeRotation = { Yaw=0, Pitch=0, Roll=0 }
    RelativeScale = { X=1, Y=1, Z=1 }

Object info:
============
ClassName: SkeletalMeshSocket ObjectName: SkeletalMeshSocket_142

    SocketName = Phantom_Sword_01
    BoneName = Root
    RelativeLocation = { X=-39.6754, Y=-37.9428, Z=53.4677 }
    RelativeRotation = { Yaw=1268, Pitch=-1560, Roll=-7343 }
    RelativeScale = { X=1, Y=1, Z=1 }

Object info:
============
ClassName: SkeletalMeshSocket ObjectName: SkeletalMeshSocket_143

    SocketName = Phantom_Sword_02
    BoneName = Root
    RelativeLocation = { X=-31.9216, Y=-29.3477, Z=61.4282 }
    RelativeRotation = { Yaw=1487, Pitch=-3411, Roll=-5466 }
    RelativeScale = { X=1, Y=1, Z=1 }

Object info:
============
ClassName: SkeletalMeshSocket ObjectName: SkeletalMeshSocket_144

    SocketName = Phantom_Sword_03
    BoneName = Root
    RelativeLocation = { X=-26.345, Y=-20.4791, Z=68.4499 }
    RelativeRotation = { Yaw=975, Pitch=-4403, Roll=-3329 }
    RelativeScale = { X=1, Y=1, Z=1 }

Object info:
============
ClassName: SkeletalMeshSocket ObjectName: SkeletalMeshSocket_145

    SocketName = Phantom_Sword_04
    BoneName = Root
    RelativeLocation = { X=-23.8389, Y=-10.9465, Z=74.1491 }
    RelativeRotation = { Yaw=327, Pitch=-4469, Roll=-1294 }
    RelativeScale = { X=1, Y=1, Z=1 }

Object info:
============
ClassName: SkeletalMeshSocket ObjectName: SkeletalMeshSocket_146

    SocketName = Phantom_Sword_05
    BoneName = Root
    RelativeLocation = { X=-26.0565, Y=0.762362, Z=78.5166 }
    RelativeRotation = { Yaw=0, Pitch=-4694, Roll=0 }
    RelativeScale = { X=1, Y=1, Z=1 }

Object info:
============
ClassName: SkeletalMeshSocket ObjectName: SkeletalMeshSocket_147

    SocketName = Phantom_Sword_06
    BoneName = Root
    RelativeLocation = { X=-29.5548, Y=13.2186, Z=81.1458 }
    RelativeRotation = { Yaw=-700, Pitch=-4369, Roll=1518 }
    RelativeScale = { X=1, Y=1, Z=1 }

Object info:
============
ClassName: SkeletalMeshSocket ObjectName: SkeletalMeshSocket_148

    SocketName = Catch_Neck
    BoneName = Bip01Neck
    RelativeLocation = { X=0, Y=0, Z=0 }
    RelativeRotation = { Yaw=0, Pitch=0, Roll=0 }
    RelativeScale = { X=1, Y=1, Z=1 }

Object info:
============
ClassName: SkeletalMeshSocket ObjectName: SkeletalMeshSocket_149

    SocketName = socket_force
    BoneName = Root
    RelativeLocation = { X=40, Y=33, Z=7 }
    RelativeRotation = { Yaw=0, Pitch=0, Roll=0 }
    RelativeScale = { X=1, Y=1, Z=1 }

Object info:
============
ClassName: SkeletalMeshSocket ObjectName: SkeletalMeshSocket_150

    SocketName = Mount_Socket
    BoneName = Root
    RelativeLocation = { X=0, Y=0, Z=0 }
    RelativeRotation = { Yaw=32768, Pitch=0, Roll=0 }
    RelativeScale = { X=1, Y=1, Z=1 }

Object info:
============
ClassName: SkeletalMeshSocket ObjectName: SkeletalMeshSocket_151

    SocketName = ATTACH_EFFECT
    BoneName = Bip01
    RelativeLocation = { X=0, Y=0, Z=0 }
    RelativeRotation = { Yaw=0, Pitch=0, Roll=0 }
    RelativeScale = { X=1, Y=1, Z=1 }

Object info:
============
ClassName: SkeletalMeshSocket ObjectName: SkeletalMeshSocket_152

    SocketName = X_Root_Find_Test
    BoneName = Root
    RelativeLocation = { X=0, Y=0, Z=0 }
    RelativeRotation = { Yaw=0, Pitch=0, Roll=0 }
    RelativeScale = { X=1, Y=1, Z=1 }

Object info:
============
ClassName: SkeletalMeshSocket ObjectName: SkeletalMeshSocket_153

    SocketName = Mount_Ambar_Socket
    BoneName = Bip01LClavicle
    RelativeLocation = { X=-10, Y=-2, Z=-12 }
    RelativeRotation = { Yaw=-285, Pitch=9970, Roll=22850 }
    RelativeScale = { X=1, Y=1, Z=1 }

Object info:
============
ClassName: SkeletalMeshSocket ObjectName: SkeletalMeshSocket_154

    SocketName = Mount_Choke_Socket
    BoneName = Root
    RelativeLocation = { X=1.5, Y=0, Z=0 }
    RelativeRotation = { Yaw=32768, Pitch=0, Roll=0 }
    RelativeScale = { X=1, Y=1, Z=1 }

Object info:
============
ClassName: SkeletalMeshSocket ObjectName: SkeletalMeshSocket_155

    SocketName = Decap_Socket
    BoneName = Bip01Neck
    RelativeLocation = { X=0, Y=0, Z=0 }
    RelativeRotation = { Yaw=0, Pitch=0, Roll=0 }
    RelativeScale = { X=1, Y=1, Z=1 }

Object info:
============
ClassName: SkeletalMeshSocket ObjectName: SkeletalMeshSocket_156

    SocketName = Socket_Caster
    BoneName = Root
    RelativeLocation = { X=0, Y=0, Z=0 }
    RelativeRotation = { Yaw=32768, Pitch=0, Roll=0 }
    RelativeScale = { X=1, Y=1, Z=1 }

Object info:
============
ClassName: SkeletalMeshSocket ObjectName: SkeletalMeshSocket_157

    SocketName = SD_A
    BoneName = BoneShoulderTwistL01
    RelativeLocation = { X=-1.3, Y=-1.56, Z=5.68 }
    RelativeRotation = { Yaw=-18659, Pitch=-3640, Roll=18841 }
    RelativeScale = { X=1, Y=1, Z=1 }

Object info:
============
ClassName: SkeletalMeshSocket ObjectName: SkeletalMeshSocket_158

    SocketName = Soul_a_1
    BoneName = Root
    RelativeLocation = { X=-20, Y=15, Z=85 }
    RelativeRotation = { Yaw=0, Pitch=0, Roll=0 }
    RelativeScale = { X=1, Y=1, Z=1 }

Object info:
============
ClassName: SkeletalMeshSocket ObjectName: SkeletalMeshSocket_159

    SocketName = Soul_b_1
    BoneName = Root
    RelativeLocation = { X=-22, Y=25, Z=70 }
    RelativeRotation = { Yaw=0, Pitch=0, Roll=0 }
    RelativeScale = { X=1, Y=1, Z=1 }

Object info:
============
ClassName: SkeletalMeshSocket ObjectName: SkeletalMeshSocket_160

    SocketName = Soul_b_2
    BoneName = Root
    RelativeLocation = { X=-14, Y=-25, Z=82 }
    RelativeRotation = { Yaw=0, Pitch=0, Roll=0 }
    RelativeScale = { X=1, Y=1, Z=1 }

Object info:
============
ClassName: SkeletalMeshSocket ObjectName: SkeletalMeshSocket_161

    SocketName = Soul_c_1
    BoneName = Root
    RelativeLocation = { X=-4, Y=37, Z=71 }
    RelativeRotation = { Yaw=0, Pitch=0, Roll=0 }
    RelativeScale = { X=1, Y=1, Z=1 }

Object info:
============
ClassName: SkeletalMeshSocket ObjectName: SkeletalMeshSocket_162

    SocketName = Soul_c_2
    BoneName = Root
    RelativeLocation = { X=-20, Y=-30, Z=58 }
    RelativeRotation = { Yaw=0, Pitch=0, Roll=0 }
    RelativeScale = { X=1, Y=1, Z=1 }

Object info:
============
ClassName: SkeletalMeshSocket ObjectName: SkeletalMeshSocket_163

    SocketName = Soul_c_3
    BoneName = Root
    RelativeLocation = { X=-17, Y=-9, Z=99 }
    RelativeRotation = { Yaw=0, Pitch=0, Roll=0 }
    RelativeScale = { X=1, Y=1, Z=1 }

Object info:
============
ClassName: SkeletalMeshSocket ObjectName: SkeletalMeshSocket_164

    SocketName = Socket_Rosary
    BoneName = Bip01LForeArm
    RelativeLocation = { X=10, Y=0, Z=0 }
    RelativeRotation = { Yaw=0, Pitch=0, Roll=0 }
    RelativeScale = { X=1, Y=1, Z=1 }
