Found 21975 game files (132 skipped)
Loading package: 00028619.upk Ver: 573/1 Engine: 4205 Names: 39 Exports: 10 Imports: 4 Game: 801A
Loading Texture2D 020197_Autoscale_col1_D from package 00028619.upk
Loading Texture2D 020197_Autoscale_col1_E from package 00028619.upk
Loading Texture2D 020197_Autoscale_col1_S from package 00028619.upk
Loading Texture2D Weapon_020197_col1_M from package 00028619.upk
Loading Texture2D Weapon_020197_col1_N from package 00028619.upk
Loaded in 0.043 sec, 208 allocs, 0.17 MBytes serialized in 1294 calls.

Object info:
============
ClassName: Texture2D ObjectName: 020197_Autoscale_col1_D

    SizeX = 512
    SizeY = 256
    Format = PF_DXT5 (7)
    AddressX = TA_Wrap (0)
    AddressY = TA_Wrap (0)
    TextureFileCacheName = None
    MipTailBaseIdx = 9
    bForcePVRTC4 = false
    UnpackMin[4] = { 0, 0, 0, 0 }
    UnpackMax[4] = { 1, 1, 1, 1 }

Object info:
============
ClassName: Texture2D ObjectName: 020197_Autoscale_col1_E

    SizeX = 256
    SizeY = 128
    Format = PF_DXT1 (5)
    AddressX = TA_Wrap (0)
    AddressY = TA_Wrap (0)
    TextureFileCacheName = None
    MipTailBaseIdx = 8
    bForcePVRTC4 = false
    UnpackMin[4] = { 0, 0, 0, 0 }
    UnpackMax[4] = { 1, 1, 1, 1 }

Object info:
============
ClassName: Texture2D ObjectName: 020197_Autoscale_col1_S

    SizeX = 512
    SizeY = 256
    Format = PF_DXT1 (5)
    AddressX = TA_Wrap (0)
    AddressY = TA_Wrap (0)
    TextureFileCacheName = None
    MipTailBaseIdx = 9
    bForcePVRTC4 = false
    UnpackMin[4] = { 0, 0, 0, 0 }
    UnpackMax[4] = { 1, 1, 1, 1 }

Object info:
============
ClassName: Texture2D ObjectName: Weapon_020197_col1_M

    SizeX = 256
    SizeY = 128
    Format = PF_DXT1 (5)
    AddressX = TA_Wrap (0)
    AddressY = TA_Wrap (0)
    TextureFileCacheName = None
    MipTailBaseIdx = 8
    bForcePVRTC4 = false
    UnpackMin[4] = { 0, 0, 0, 0 }
    UnpackMax[4] = { 1, 1, 1, 1 }

Object info:
============
ClassName: Texture2D ObjectName: Weapon_020197_col1_N

    SizeX = 512
    SizeY = 256
    Format = PF_DXT1 (5)
    AddressX = TA_Wrap (0)
    AddressY = TA_Wrap (0)
    TextureFileCacheName = None
    MipTailBaseIdx = 9
    bForcePVRTC4 = false
    UnpackMin[4] = { -1, -1, -1, 0 }
    UnpackMax[4] = { 1, 1, 1, 1 }
