Found 27000 game files (27 skipped)
Loading package: 00021437.upk Ver: 573/1 Engine: 4205 Names: 44 Exports: 3 Imports: 7 Game: 801A
Loading AnimSet LifeFlower1_AnimSet from package 00021437.upk
WARNING: BoolProperty "UAnimSet::bServiced" was not found
WARNING: ArrayProperty "UAnimSet::AdjustAniScaleBoneNames" was not found
Loading AnimSequence AnimSequence_0 from package 00021437.upk
WARNING: BoolProperty "UAnimSequence::bIgnoreAimControl" was not found
WARNING: BoolProperty "UAnimSequence::bNotUseIgnoreBoneInfo" was not found
WARNING: BoolProperty "UAnimSequence::bUseCustomForceAnim" was not found
WARNING: BoolProperty "UAnimSequence::bServiced" was not found
Loading AnimNotify_Sound AnimNotify_Sound_0 from package 00021437.upk
Loaded in 0.027 sec, 76 allocs, 0.00 MBytes serialized in 398 calls.

Object info:
============
ClassName: AnimNotify_Sound ObjectName: AnimNotify_Sound_0

    Sound = None
    Volume = 1
    Radius = 0
    Random = 0
    DefaultWalkSound[3] = { None, None, None }
    DefaultRunSound[3] = { None, None, None }
    GrassWalkSound[3] = { None, None, None }
    GrassRunSound[3] = { None, None, None }
    WaterWalkSound[3] = { None, None, None }
    WaterRunSound[3] = { None, None, None }
    DefaultActorWalkSound[3] = { None, None, None }
    DefaultActorRunSound[3] = { None, None, None }

Object info:
============
ClassName: AnimSequence ObjectName: AnimSequence_0

    SequenceName = BK_B_None_Skl_FlowerExplosion_Exec
    SequenceLength = 2.1
    NumFrames = 63
    RateScale = 1
    bNoLoopingInterpolation = false
    RawAnimData[0] = {}
    TranslationCompressionFormat = ACF_None (0)
    RotationCompressionFormat = <unknown> (255)
    KeyEncodingFormat = AKF_ConstantKeyLerp (0)
    CompressedTrackOffsets[4] = { 0, 63, 756, 1 }
    bIsAdditive = false
    AdditiveRefName = None
    KeyFrameData[0] = {}
    m_pBioAnimSetData = None
    CompressedTrackTimeOffsets[0] = {}
    Tracks[0] = {}
    TrackOffsets[0] = {}

Object info:
============
ClassName: AnimSet ObjectName: LifeFlower1_AnimSet

    bAnimRotationOnly = false
    TrackBoneNames[1] = { Root }
    Sequences[1] = { AnimSequence'LifeFlower1_AnimSet.AnimSequence_0' }
    UseTranslationBoneNames[0] = {}
    ForceMeshTranslationBoneNames[0] = {}
    PreviewSkelMeshName = 00020715.Monster_Etc_LifeFlower1_col1
    BulkDataBlocks[0] = {}
    KeyFrameSize = 0
    RotationChannels = 0
    TranslationChannels = 0
    m_pBioAnimSetData = None
