Found 21975 game files (132 skipped)
Loading package: 00026887.upk Ver: 573/1 Engine: 4205 Names: 54 Exports: 17 Imports: 3 Game: 801A
Loading Texture2D 60121_JinF_col1_D from package 00026887.upk
Loading Texture2D 60121_JinF_col1_M from package 00026887.upk
Loading Texture2D 60121_JinF_col1_N from package 00026887.upk
Loading Texture2D 60121_JinF_col1_S from package 00026887.upk
Loading TextureCube Cube from package 00026887.upk
Loading Texture2D CubemapFace0 from package 00026887.upk
Loading Texture2D CubemapFace1 from package 00026887.upk
Loading Texture2D CubemapFace2 from package 00026887.upk
Loading Texture2D CubemapFace3 from package 00026887.upk
Loading Texture2D CubemapFace4 from package 00026887.upk
Loading Texture2D CubemapFace5 from package 00026887.upk
Loading Texture2D cube_BK from package 00026887.upk
Loading Texture2D cube_DN from package 00026887.upk
Loading Texture2D cube_FR from package 00026887.upk
Loading Texture2D cube_LF from package 00026887.upk
Loading Texture2D cube_RT from package 00026887.upk
Loading Texture2D cube_Up from package 00026887.upk
Loaded in 0.12 sec, 486 allocs, 1.39 MBytes serialized in 3257 calls.

Object info:
============
ClassName: Texture2D ObjectName: 60121_JinF_col1_D

    SizeX = 1024
    SizeY = 1024
    Format = PF_DXT5 (7)
    AddressX = TA_Wrap (0)
    AddressY = TA_Wrap (0)
    TextureFileCacheName = None
    MipTailBaseIdx = 10
    bForcePVRTC4 = false
    UnpackMin[4] = { 0, 0, 0, 0 }
    UnpackMax[4] = { 1, 1, 1, 1 }

Object info:
============
ClassName: Texture2D ObjectName: 60121_JinF_col1_M

    SizeX = 512
    SizeY = 512
    Format = PF_DXT1 (5)
    AddressX = TA_Wrap (0)
    AddressY = TA_Wrap (0)
    TextureFileCacheName = None
    MipTailBaseIdx = 9
    bForcePVRTC4 = false
    UnpackMin[4] = { 0, 0, 0, 0 }
    UnpackMax[4] = { 1, 1, 1, 1 }

Object info:
============
ClassName: Texture2D ObjectName: 60121_JinF_col1_N

    SizeX = 1024
    SizeY = 1024
    Format = PF_DXT1 (5)
    AddressX = TA_Wrap (0)
    AddressY = TA_Wrap (0)
    TextureFileCacheName = None
    MipTailBaseIdx = 10
    bForcePVRTC4 = false
    UnpackMin[4] = { -1, -1, -1, 0 }
    UnpackMax[4] = { 1, 1, 1, 1 }

Object info:
============
ClassName: Texture2D ObjectName: 60121_JinF_col1_S

    SizeX = 1024
    SizeY = 1024
    Format = PF_DXT5 (7)
    AddressX = TA_Wrap (0)
    AddressY = TA_Wrap (0)
    TextureFileCacheName = None
    MipTailBaseIdx = 10
    bForcePVRTC4 = false
    UnpackMin[4] = { 0, 0, 0, 0 }
    UnpackMax[4] = { 1, 1, 1, 1 }

Object info:
============
ClassName: Texture2D ObjectName: CubemapFace0

    SizeX = 64
    SizeY = 64
    Format = PF_DXT1 (5)
    AddressX = TA_Wrap (0)
    AddressY = TA_Wrap (0)
    TextureFileCacheName = None
    MipTailBaseIdx = 6
    bForcePVRTC4 = false
    UnpackMin[4] = { 0, 0, 0, 0 }
    UnpackMax[4] = { 1, 1, 1, 1 }

Object info:
============
ClassName: TextureCube ObjectName: Cube

    FacePosX = Texture2D'Cube.CubemapFace0'
    FaceNegX = Texture2D'Cube.CubemapFace1'
    FacePosY = Texture2D'Cube.CubemapFace2'
    FaceNegY = Texture2D'Cube.CubemapFace3'
    FacePosZ = Texture2D'Cube.CubemapFace4'
    FaceNegZ = Texture2D'Cube.CubemapFace5'
    UnpackMin[4] = { 0, 0, 0, 0 }
    UnpackMax[4] = { 1, 1, 1, 1 }

Object info:
============
ClassName: Texture2D ObjectName: CubemapFace1

    SizeX = 64
    SizeY = 64
    Format = PF_DXT1 (5)
    AddressX = TA_Wrap (0)
    AddressY = TA_Wrap (0)
    TextureFileCacheName = None
    MipTailBaseIdx = 6
    bForcePVRTC4 = false
    UnpackMin[4] = { 0, 0, 0, 0 }
    UnpackMax[4] = { 1, 1, 1, 1 }

Object info:
============
ClassName: Texture2D ObjectName: CubemapFace2

    SizeX = 64
    SizeY = 64
    Format = PF_DXT1 (5)
    AddressX = TA_Wrap (0)
    AddressY = TA_Wrap (0)
    TextureFileCacheName = None
    MipTailBaseIdx = 6
    bForcePVRTC4 = false
    UnpackMin[4] = { 0, 0, 0, 0 }
    UnpackMax[4] = { 1, 1, 1, 1 }

Object info:
============
ClassName: Texture2D ObjectName: CubemapFace3

    SizeX = 64
    SizeY = 64
    Format = PF_DXT1 (5)
    AddressX = TA_Wrap (0)
    AddressY = TA_Wrap (0)
    TextureFileCacheName = None
    MipTailBaseIdx = 6
    bForcePVRTC4 = false
    UnpackMin[4] = { 0, 0, 0, 0 }
    UnpackMax[4] = { 1, 1, 1, 1 }

Object info:
============
ClassName: Texture2D ObjectName: CubemapFace4

    SizeX = 64
    SizeY = 64
    Format = PF_DXT1 (5)
    AddressX = TA_Wrap (0)
    AddressY = TA_Wrap (0)
    TextureFileCacheName = None
    MipTailBaseIdx = 6
    bForcePVRTC4 = false
    UnpackMin[4] = { 0, 0, 0, 0 }
    UnpackMax[4] = { 1, 1, 1, 1 }

Object info:
============
ClassName: Texture2D ObjectName: CubemapFace5

    SizeX = 64
    SizeY = 64
    Format = PF_DXT1 (5)
    AddressX = TA_Wrap (0)
    AddressY = TA_Wrap (0)
    TextureFileCacheName = None
    MipTailBaseIdx = 6
    bForcePVRTC4 = false
    UnpackMin[4] = { 0, 0, 0, 0 }
    UnpackMax[4] = { 1, 1, 1, 1 }

Object info:
============
ClassName: Texture2D ObjectName: cube_BK

    SizeX = 64
    SizeY = 64
    Format = PF_DXT1 (5)
    AddressX = TA_Wrap (0)
    AddressY = TA_Wrap (0)
    TextureFileCacheName = None
    MipTailBaseIdx = 6
    bForcePVRTC4 = false
    UnpackMin[4] = { 0, 0, 0, 0 }
    UnpackMax[4] = { 1, 1, 1, 1 }

Object info:
============
ClassName: Texture2D ObjectName: cube_DN

    SizeX = 64
    SizeY = 64
    Format = PF_DXT1 (5)
    AddressX = TA_Wrap (0)
    AddressY = TA_Wrap (0)
    TextureFileCacheName = None
    MipTailBaseIdx = 6
    bForcePVRTC4 = false
    UnpackMin[4] = { 0, 0, 0, 0 }
    UnpackMax[4] = { 1, 1, 1, 1 }

Object info:
============
ClassName: Texture2D ObjectName: cube_FR

    SizeX = 64
    SizeY = 64
    Format = PF_DXT1 (5)
    AddressX = TA_Wrap (0)
    AddressY = TA_Wrap (0)
    TextureFileCacheName = None
    MipTailBaseIdx = 6
    bForcePVRTC4 = false
    UnpackMin[4] = { 0, 0, 0, 0 }
    UnpackMax[4] = { 1, 1, 1, 1 }

Object info:
============
ClassName: Texture2D ObjectName: cube_LF

    SizeX = 64
    SizeY = 64
    Format = PF_DXT1 (5)
    AddressX = TA_Wrap (0)
    AddressY = TA_Wrap (0)
    TextureFileCacheName = None
    MipTailBaseIdx = 6
    bForcePVRTC4 = false
    UnpackMin[4] = { 0, 0, 0, 0 }
    UnpackMax[4] = { 1, 1, 1, 1 }

Object info:
============
ClassName: Texture2D ObjectName: cube_RT

    SizeX = 64
    SizeY = 64
    Format = PF_DXT1 (5)
    AddressX = TA_Wrap (0)
    AddressY = TA_Wrap (0)
    TextureFileCacheName = None
    MipTailBaseIdx = 6
    bForcePVRTC4 = false
    UnpackMin[4] = { 0, 0, 0, 0 }
    UnpackMax[4] = { 1, 1, 1, 1 }

Object info:
============
ClassName: Texture2D ObjectName: cube_Up

    SizeX = 64
    SizeY = 64
    Format = PF_DXT1 (5)
    AddressX = TA_Wrap (0)
    AddressY = TA_Wrap (0)
    TextureFileCacheName = None
    MipTailBaseIdx = 6
    bForcePVRTC4 = false
    UnpackMin[4] = { 0, 0, 0, 0 }
    UnpackMax[4] = { 1, 1, 1, 1 }
