Found 21975 game files (132 skipped)
Loading package: 00023228.upk Ver: 573/1 Engine: 4205 Names: 115 Exports: 3 Imports: 27 Game: 801A
Loading MaterialInstanceConstant col1 from package 00023228.upk
Loading package: 00023227.upk Ver: 573/1 Engine: 4205 Names: 32 Exports: 4 Imports: 2 Game: 801A
Loading package: 00002640.upk Ver: 573/1 Engine: 4205 Names: 340 Exports: 556 Imports: 5 Game: 801A
Loading package: 00002620.upk Ver: 573/1 Engine: 4205 Names: 560 Exports: 6612 Imports: 96 Game: 801A
Loading package: 00020447.upk Ver: 573/1 Engine: 4205 Names: 37 Exports: 7 Imports: 2 Game: 801A
Loading package: 00020448.upk Ver: 573/1 Engine: 4205 Names: 194 Exports: 156 Imports: 52 Game: 801A
Loading MaterialInstanceConstant Col1_ice from package 00023228.upk
Loading Texture2D Weapon_120069_N_Col1 from package 00023227.upk
Loading Texture2D Weapon_120069_M_Col1 from package 00023227.upk
Loading Texture2D Weapon_120069_D_Col1 from package 00023227.upk
Loading Texture2D Weapon_120069_S_Col1 from package 00023227.upk
Loading TextureCube MatelR2 from package 00002640.upk
Loading Texture2D check from package 00002620.upk
Loading Texture2D 990155_AutoScale_col1_E from package 00020447.upk
WARNING: ByteProperty "UTexture2D::ManualLoadSwitchSettings" was not found
Loading Material3 Basic_Bababoss from package 00020448.upk
Loading package: 00012963.upk Ver: 573/1 Engine: 4205 Names: 1236 Exports: 1211 Imports: 10 Game: 801A
Loading TextureCube MatelW1 from package 00002640.upk
Loading Material3 Blend_OP from package 00002620.upk
Loading Texture2D CubemapFace0 from package 00002640.upk
Loading Texture2D CubemapFace1 from package 00002640.upk
Loading Texture2D CubemapFace2 from package 00002640.upk
Loading Texture2D CubemapFace3 from package 00002640.upk
Loading Texture2D CubemapFace4 from package 00002640.upk
Loading Texture2D CubemapFace5 from package 00002640.upk
Loading Texture2D check_n from package 00002620.upk
Loading Texture2D Smoke_Pattern_001 from package 00012963.upk
Loading Texture2D Gradient_Line_003 from package 00012963.upk
Loading Texture2D Gradient_Wipe_BurnOut_Mask_TEST from package 00012963.upk
Loading Texture2D Gradient_Wipe_BurnOut_Mask from package 00012963.upk
Loading Texture2D CubemapFace0 from package 00002640.upk
Loading Texture2D CubemapFace1 from package 00002640.upk
Loading Texture2D CubemapFace2 from package 00002640.upk
Loading Texture2D CubemapFace3 from package 00002640.upk
Loading Texture2D CubemapFace4 from package 00002640.upk
Loading Texture2D CubemapFace5 from package 00002640.upk
Loaded in 0.17 sec, 3165 allocs, 1.19 MBytes serialized in 168293 calls.

Object info:
============
ClassName: MaterialInstanceConstant ObjectName: col1

    ScalarParameterValues[10] =
    {
        ScalarParameterValues[0] = { ParameterName=Transmission_value, ParameterValue=0 }
        ScalarParameterValues[1] = { ParameterName=Glossiness1, ParameterValue=5 }
        ScalarParameterValues[2] = { ParameterName=Glossiness2, ParameterValue=100 }
        ScalarParameterValues[3] = { ParameterName=Specular_value, ParameterValue=2 }
        ScalarParameterValues[4] = { ParameterName=HighLight_Value, ParameterValue=1 }
        ScalarParameterValues[5] = { ParameterName=HighLight_glossiness, ParameterValue=50 }
        ScalarParameterValues[6] = { ParameterName=Emissive_value, ParameterValue=1 }
        ScalarParameterValues[7] = { ParameterName=Emissive_value2, ParameterValue=0 }
        ScalarParameterValues[8] = { ParameterName=Fresnel Value, ParameterValue=0 }
        ScalarParameterValues[9] = { ParameterName=Fresnel exponent, ParameterValue=5 }
    }
    TextureParameterValues[7] =
    {
        TextureParameterValues[0] = { ParameterName=Normal, ParameterValue=Texture2D'Weapon_120069_N_Col1' }
        TextureParameterValues[1] = { ParameterName=Mask_GB, ParameterValue=Texture2D'Weapon_120069_M_Col1' }
        TextureParameterValues[2] = { ParameterName=Diffuse, ParameterValue=Texture2D'Weapon_120069_D_Col1' }
        TextureParameterValues[3] = { ParameterName=Specular, ParameterValue=Texture2D'Weapon_120069_S_Col1' }
        TextureParameterValues[4] = { ParameterName=rf_cube, ParameterValue=TextureCube'MatelR2' }
        TextureParameterValues[5] = { ParameterName=Emissive, ParameterValue=Texture2D'check' }
        TextureParameterValues[6] = { ParameterName=FX_Add, ParameterValue=Texture2D'990155_AutoScale_col1_E' }
    }
    VectorParameterValues[11] =
    {
        VectorParameterValues[0] =
        {
            ParameterName = Mesh_trangition
            ParameterValue = { R=0, G=0, B=0, A=1 }
        }
        VectorParameterValues[1] =
        {
            ParameterName = Reflection_value
            ParameterValue = { R=2, G=2, B=2, A=1 }
        }
        VectorParameterValues[2] =
        {
            ParameterName = HighLight_Color
            ParameterValue = { R=1, G=1, B=1, A=1 }
        }
        VectorParameterValues[3] =
        {
            ParameterName = Fresnel_color
            ParameterValue = { R=0, G=0, B=0, A=1 }
        }
        VectorParameterValues[4] =
        {
            ParameterName = Fresnel_Power
            ParameterValue = { R=0, G=0, B=0, A=1 }
        }
        VectorParameterValues[5] =
        {
            ParameterName = Burn_Color
            ParameterValue = { R=0, G=0, B=0, A=1 }
        }
        VectorParameterValues[6] =
        {
            ParameterName = Glow_Trangition_W
            ParameterValue = { R=0, G=0, B=0, A=1 }
        }
        VectorParameterValues[7] =
        {
            ParameterName = Fx_Glow_power_W
            ParameterValue = { R=0, G=0, B=0, A=1 }
        }
        VectorParameterValues[8] =
        {
            ParameterName = Fx_Glow_color_W
            ParameterValue = { R=0, G=0, B=0, A=1 }
        }
        VectorParameterValues[9] =
        {
            ParameterName = AC_color
            ParameterValue = { R=1, G=1, B=1, A=1 }
        }
        VectorParameterValues[10] =
        {
            ParameterName = AC_specular
            ParameterValue = { R=1, G=1, B=1, A=1 }
        }
    }
    Parent = Material3'Basic_Bababoss'
    FlattenedTexture = None
    MobileBaseTexture = None
    MobileNormalTexture = None
    bUseMobileSpecular = false
    MobileSpecularPower = 16
    MobileSpecularMask = MSM_Constant (0)
    MobileMaskTexture = None

Object info:
============
ClassName: MaterialInstanceConstant ObjectName: Col1_ice

    ScalarParameterValues[4] =
    {
        ScalarParameterValues[0] = { ParameterName=Opacity, ParameterValue=0.8 }
        ScalarParameterValues[1] = { ParameterName=Fresnel_Exp, ParameterValue=0.2 }
        ScalarParameterValues[2] = { ParameterName=Specular_value, ParameterValue=2 }
        ScalarParameterValues[3] = { ParameterName=Lens_spec_Power, ParameterValue=1.5 }
    }
    TextureParameterValues[4] =
    {
        TextureParameterValues[0] = { ParameterName=Normal, ParameterValue=Texture2D'Weapon_120069_N_Col1' }
        TextureParameterValues[1] = { ParameterName=Diffuse, ParameterValue=Texture2D'Weapon_120069_D_Col1' }
        TextureParameterValues[2] = { ParameterName=Specular, ParameterValue=Texture2D'Weapon_120069_S_Col1' }
        TextureParameterValues[3] = { ParameterName=Lens_spec_cube, ParameterValue=TextureCube'MatelW1' }
    }
    VectorParameterValues[3] =
    {
        VectorParameterValues[0] =
        {
            ParameterName = Fresnel_color
            ParameterValue = { R=1, G=1, B=1, A=1 }
        }
        VectorParameterValues[1] =
        {
            ParameterName = Fresnel_Power
            ParameterValue = { R=0.006585, G=0.031551, B=0.027755, A=1 }
        }
        VectorParameterValues[2] =
        {
            ParameterName = Mesh_trangition
            ParameterValue = { R=0, G=0, B=0, A=1 }
        }
    }
    Parent = Material3'Blend_OP'
    FlattenedTexture = None
    MobileBaseTexture = None
    MobileNormalTexture = None
    bUseMobileSpecular = false
    MobileSpecularPower = 16
    MobileSpecularMask = MSM_Constant (0)
    MobileMaskTexture = None
