Found 27000 game files (27 skipped)
Loading package: 00022441.upk Ver: 573/1 Engine: 4205 Names: 164 Exports: 210 Imports: 15 Game: 801A
Loading SkeletalMesh3 RuneMechaRepair from package 00022441.upk
WARNING: ObjectProperty "USkeletalMesh3::PlaySoundSet" was not found
WARNING: FloatProperty "USkeletalMesh3::AnimNameHeight" was not found
WARNING: FloatProperty "USkeletalMesh3::NormalNameHeight" was not found
WARNING: FloatProperty "USkeletalMesh3::LowNameHeight" was not found
WARNING: FloatProperty "USkeletalMesh3::PhysicalHitScale" was not found
Loading package: 00022440.upk Ver: 573/1 Engine: 4205 Names: 99 Exports: 2 Imports: 27 Game: 801A
Loading SkeletalMeshSocket SkeletalMeshSocket_109 from package 00022441.upk
Loading SkeletalMeshSocket SkeletalMeshSocket_110 from package 00022441.upk
Loading SkeletalMeshSocket SkeletalMeshSocket_111 from package 00022441.upk
Loading SkeletalMeshSocket SkeletalMeshSocket_112 from package 00022441.upk
Loading SkeletalMeshSocket SkeletalMeshSocket_113 from package 00022441.upk
Loading SkeletalMeshSocket SkeletalMeshSocket_114 from package 00022441.upk
Loading SkeletalMeshSocket SkeletalMeshSocket_115 from package 00022441.upk
Loading SkeletalMeshSocket SkeletalMeshSocket_116 from package 00022441.upk
Loading SkeletalMeshSocket SkeletalMeshSocket_117 from package 00022441.upk
Loading MaterialInstanceConstant col1 from package 00022440.upk
Loading package: 00013584.upk Ver: 573/1 Engine: 4205 Names: 40 Exports: 8 Imports: 8 Game: 801A
Loading package: 00022439.upk Ver: 573/1 Engine: 4205 Names: 42 Exports: 12 Imports: 2 Game: 801A
Loading package: 00002640.upk Ver: 573/1 Engine: 4205 Names: 340 Exports: 556 Imports: 5 Game: 801A
Loading package: 00002620.upk Ver: 573/1 Engine: 4205 Names: 560 Exports: 6612 Imports: 96 Game: 801A
Loading MaterialInstanceConstant attatch from package 00022440.upk
Loading Texture2D Etc_RuneMechaBase_N from package 00013584.upk
Loading Texture2D Etc_RuneMechaBase_M from package 00013584.upk
Loading Texture2D RuneMechaRepair_D_col1 from package 00022439.upk
Loading Texture2D RuneMechaRepair_S_col1 from package 00022439.upk
Loading TextureCube Cube_A from package 00002640.upk
Loading Texture2D RuneMechaRepair_E_col1 from package 00022439.upk
WARNING: ByteProperty "UTexture2D::ManualLoadSwitchSettings" was not found
Loading Material3 Basic from package 00002620.upk
Loading package: 00012963.upk Ver: 573/1 Engine: 4205 Names: 1264 Exports: 1240 Imports: 10 Game: 801A
Loading Texture2D RuneMechaRepair_A_col1_N from package 00022439.upk
Loading Texture2D RuneMechaRepair_A_col1_M from package 00022439.upk
Loading Texture2D RuneMechaRepair_A_col1_D from package 00022439.upk
Loading Texture2D RuneMechaRepair_A_col1_S from package 00022439.upk
Loading TextureCube MatelR2 from package 00002640.upk
Loading Texture2D RuneMechaRepair_A_col1_E from package 00022439.upk
WARNING: ByteProperty "UTexture2D::ManualLoadSwitchSettings" was not found
Loading Texture2D CubemapFace0 from package 00002640.upk
Loading Texture2D CubemapFace1 from package 00002640.upk
Loading Texture2D CubemapFace2 from package 00002640.upk
Loading Texture2D CubemapFace3 from package 00002640.upk
Loading Texture2D CubemapFace4 from package 00002640.upk
Loading Texture2D CubemapFace5 from package 00002640.upk
Loading Texture2D check_n from package 00002620.upk
Loading Texture2D check from package 00002620.upk
Loading Texture2D Smoke_Pattern_001 from package 00012963.upk
Loading Texture2D Gradient_Line_003 from package 00012963.upk
Loading Texture2D Gradient_Wipe_BurnOut_Mask_TEST from package 00012963.upk
Loading Texture2D Gradient_Wipe_BurnOut_Mask from package 00012963.upk
Loading Texture2D CubemapFace0 from package 00002640.upk
Loading Texture2D CubemapFace1 from package 00002640.upk
Loading Texture2D CubemapFace2 from package 00002640.upk
Loading Texture2D CubemapFace3 from package 00002640.upk
Loading Texture2D CubemapFace4 from package 00002640.upk
Loading Texture2D CubemapFace5 from package 00002640.upk
Loaded in 0.16 sec, 3371 allocs, 2.29 MBytes serialized in 402707 calls.

Object info:
============
ClassName: SkeletalMesh3 ObjectName: RuneMechaRepair

    LODInfo[1] =
    {
        LODInfo[0] =
        {
            DisplayFactor = 0
            LODHysteresis = 0.02
            LODMaterialMap[0] = {}
            bEnableShadowCasting[2] = { true, true }
        }
    }
    Sockets[9] =
    {
        Sockets[0] = SkeletalMeshSocket'RuneMechaRepair.SkeletalMeshSocket_109'
        Sockets[1] = SkeletalMeshSocket'RuneMechaRepair.SkeletalMeshSocket_110'
        Sockets[2] = SkeletalMeshSocket'RuneMechaRepair.SkeletalMeshSocket_111'
        Sockets[3] = SkeletalMeshSocket'RuneMechaRepair.SkeletalMeshSocket_112'
        Sockets[4] = SkeletalMeshSocket'RuneMechaRepair.SkeletalMeshSocket_113'
        Sockets[5] = SkeletalMeshSocket'RuneMechaRepair.SkeletalMeshSocket_114'
        Sockets[6] = SkeletalMeshSocket'RuneMechaRepair.SkeletalMeshSocket_115'
        Sockets[7] = SkeletalMeshSocket'RuneMechaRepair.SkeletalMeshSocket_116'
        Sockets[8] = SkeletalMeshSocket'RuneMechaRepair.SkeletalMeshSocket_117'
    }
    bHasVertexColors = false
    EnableTwistBoneFixers = true
    EnableClavicleFixer = true
    Materials[2] = { MaterialInstanceConstant'col1', MaterialInstanceConstant'attatch' }


    Lods[1] =
    {
        Lods[0] =
        {
            Sections[2] =
            {
                Sections[0] = { Material=MaterialInstanceConstant'attatch', FirstIndex=0, NumFaces=4793 }
                Sections[1] = { Material=MaterialInstanceConstant'col1', FirstIndex=14379, NumFaces=3824 }
            }
            NumVerts = 7302
            IndexCount = 25851
            NumTexCoords = 1
        }
    }
    LodCount = 1
    MeshOrigin = { X=-0, Y=-0, Z=-0 }
    MeshScale = { X=1, Y=1, Z=1 }
    RotOrigin = { Yaw=0, Pitch=0, Roll=0 }
    BoneCount = 62

Object info:
============
ClassName: SkeletalMeshSocket ObjectName: SkeletalMeshSocket_109

    SocketName = Catch_Back
    BoneName = Bip01Spine2
    RelativeLocation = { X=-36.8553, Y=-18.2242, Z=1.5 }
    RelativeRotation = { Yaw=0, Pitch=0, Roll=0 }
    RelativeScale = { X=1, Y=1, Z=1 }

Object info:
============
ClassName: SkeletalMeshSocket ObjectName: SkeletalMeshSocket_110

    SocketName = Mount_Socket
    BoneName = Bip01
    RelativeLocation = { X=6.33692, Y=-1.4984, Z=-39.2179 }
    RelativeRotation = { Yaw=-32768, Pitch=14927, Roll=0 }
    RelativeScale = { X=1, Y=1, Z=1 }

Object info:
============
ClassName: SkeletalMeshSocket ObjectName: SkeletalMeshSocket_111

    SocketName = Catch_Neck
    BoneName = Bip01Neck
    RelativeLocation = { X=11.1695, Y=0, Z=0 }
    RelativeRotation = { Yaw=0, Pitch=0, Roll=0 }
    RelativeScale = { X=1, Y=1, Z=1 }

Object info:
============
ClassName: SkeletalMeshSocket ObjectName: SkeletalMeshSocket_112

    SocketName = socket_force
    BoneName = Root
    RelativeLocation = { X=90, Y=33.6472, Z=-15 }
    RelativeRotation = { Yaw=0, Pitch=0, Roll=0 }
    RelativeScale = { X=1, Y=1, Z=1 }

Object info:
============
ClassName: SkeletalMeshSocket ObjectName: SkeletalMeshSocket_113

    SocketName = Decap_Socket
    BoneName = Bip01Neck
    RelativeLocation = { X=7.31343, Y=1.91714, Z=0 }
    RelativeRotation = { Yaw=0, Pitch=0, Roll=0 }
    RelativeScale = { X=1, Y=1, Z=1 }

Object info:
============
ClassName: SkeletalMeshSocket ObjectName: SkeletalMeshSocket_114

    SocketName = ATTACH_EFFECT
    BoneName = Bip01
    RelativeLocation = { X=0, Y=0, Z=0 }
    RelativeRotation = { Yaw=0, Pitch=0, Roll=0 }
    RelativeScale = { X=1, Y=1, Z=1 }

Object info:
============
ClassName: SkeletalMeshSocket ObjectName: SkeletalMeshSocket_115

    SocketName = target_high
    BoneName = Bip01Head
    RelativeLocation = { X=0, Y=10, Z=0 }
    RelativeRotation = { Yaw=0, Pitch=0, Roll=0 }
    RelativeScale = { X=1, Y=1, Z=1 }

Object info:
============
ClassName: SkeletalMeshSocket ObjectName: SkeletalMeshSocket_116

    SocketName = Mount_Ambar_Socket
    BoneName = Bip01LUpperArm
    RelativeLocation = { X=-8.17646, Y=-13.8151, Z=0.621747 }
    RelativeRotation = { Yaw=18204, Pitch=910, Roll=-16384 }
    RelativeScale = { X=1, Y=1, Z=1 }

Object info:
============
ClassName: SkeletalMeshSocket ObjectName: SkeletalMeshSocket_117

    SocketName = Mount_Choke_Socket
    BoneName = Root
    RelativeLocation = { X=-1.22301, Y=-2.84694, Z=10.4206 }
    RelativeRotation = { Yaw=32768, Pitch=-2002, Roll=0 }
    RelativeScale = { X=1, Y=1, Z=1 }
