Found 27000 game files (27 skipped)
Loading package: 00029201.upk Ver: 573/1 Engine: 4205 Names: 66 Exports: 8 Imports: 12 Game: 801A
Loading SkeletalMesh3 990190_Autoscale from package 00029201.upk
WARNING: ObjectProperty "USkeletalMesh3::PhysMaterialOverride" was not found
Loading package: 00029200.upk Ver: 573/1 Engine: 4205 Names: 172 Exports: 158 Imports: 48 Game: 801A
Loading SkeletalMeshSocket SkeletalMeshSocket_89 from package 00029201.upk
Loading SkeletalMeshSocket SkeletalMeshSocket_90 from package 00029201.upk
Loading SkeletalMeshSocket SkeletalMeshSocket_91 from package 00029201.upk
Loading MaterialInstanceConstant col1 from package 00029200.upk
Loading package: 00029199.upk Ver: 573/1 Engine: 4205 Names: 32 Exports: 4 Imports: 2 Game: 801A
Loading package: 00002640.upk Ver: 573/1 Engine: 4205 Names: 340 Exports: 556 Imports: 5 Game: 801A
Loading Texture2D Weapon_990190_col1_N from package 00029199.upk
Loading Texture2D Weapon_990190_col1_M from package 00029199.upk
Loading Texture2D Weapon_990190_col1_D from package 00029199.upk
Loading Texture2D Weapon_990190_col1_S from package 00029199.upk
Loading TextureCube lenscube from package 00002640.upk
Loading Material3 Basic_FXGlow_TEST from package 00029200.upk
Loading package: 00002620.upk Ver: 573/1 Engine: 4205 Names: 560 Exports: 6612 Imports: 96 Game: 801A
Loading package: 00012963.upk Ver: 573/1 Engine: 4205 Names: 1264 Exports: 1240 Imports: 10 Game: 801A
Loading Texture2D CubemapFace0 from package 00002640.upk
Loading Texture2D CubemapFace1 from package 00002640.upk
Loading Texture2D CubemapFace2 from package 00002640.upk
Loading Texture2D CubemapFace3 from package 00002640.upk
Loading Texture2D CubemapFace4 from package 00002640.upk
Loading Texture2D CubemapFace5 from package 00002640.upk
Loading Texture2D check_n from package 00002620.upk
Loading Texture2D check from package 00002620.upk
Loading Texture2D Smoke_Pattern_001 from package 00012963.upk
Loading Texture2D Gradient_Line_003 from package 00012963.upk
Loading Texture2D Gradient_Wipe_BurnOut_Mask_TEST from package 00012963.upk
Loading Texture2D Gradient_Wipe_BurnOut_Mask from package 00012963.upk
Loaded in 0.092 sec, 2953 allocs, 1.25 MBytes serialized in 217149 calls.

Object info:
============
ClassName: SkeletalMesh3 ObjectName: 990190_Autoscale

    LODInfo[1] =
    {
        LODInfo[0] =
        {
            DisplayFactor = 0
            LODHysteresis = 0.02
            LODMaterialMap[0] = {}
            bEnableShadowCasting[1] = { true }
        }
    }
    Sockets[3] =
    {
        Sockets[0] = SkeletalMeshSocket'990190_Autoscale.SkeletalMeshSocket_89'
        Sockets[1] = SkeletalMeshSocket'990190_Autoscale.SkeletalMeshSocket_90'
        Sockets[2] = SkeletalMeshSocket'990190_Autoscale.SkeletalMeshSocket_91'
    }
    bHasVertexColors = false
    EnableTwistBoneFixers = true
    EnableClavicleFixer = true
    Materials[1] = { MaterialInstanceConstant'col1' }


    Lods[1] =
    {
        Lods[0] =
        {
            Sections[1] =
            {
                Sections[0] = { Material=MaterialInstanceConstant'col1', FirstIndex=0, NumFaces=2178 }
            }
            NumVerts = 1531
            IndexCount = 6534
            NumTexCoords = 1
        }
    }
    LodCount = 1
    MeshOrigin = { X=-0, Y=-0, Z=-0 }
    MeshScale = { X=1, Y=1, Z=1 }
    RotOrigin = { Yaw=0, Pitch=0, Roll=0 }
    BoneCount = 2

Object info:
============
ClassName: SkeletalMeshSocket ObjectName: SkeletalMeshSocket_89

    SocketName = trail_start
    BoneName = WeaponRoot
    RelativeLocation = { X=0, Y=0, Z=27.5 }
    RelativeRotation = { Yaw=0, Pitch=0, Roll=0 }
    RelativeScale = { X=1, Y=1, Z=1 }

Object info:
============
ClassName: SkeletalMeshSocket ObjectName: SkeletalMeshSocket_90

    SocketName = trail_end
    BoneName = WeaponRoot
    RelativeLocation = { X=0, Y=0, Z=107 }
    RelativeRotation = { Yaw=0, Pitch=0, Roll=0 }
    RelativeScale = { X=1, Y=1, Z=1 }

Object info:
============
ClassName: SkeletalMeshSocket ObjectName: SkeletalMeshSocket_91

    SocketName = Sword_effect
    BoneName = WeaponRoot
    RelativeLocation = { X=0.267106, Y=0, Z=37 }
    RelativeRotation = { Yaw=0, Pitch=0, Roll=0 }
    RelativeScale = { X=1, Y=1, Z=1 }
