Found 27000 game files (27 skipped)
Loading package: 00031915.upk Ver: 573/1 Engine: 4205 Names: 267 Exports: 156 Imports: 27 Game: 801A
Loading SkeletalMesh3 60142_JinF from package 00031915.upk
WARNING: FloatProperty "USkeletalMesh3::AutoScale" was not found
WARNING: FloatProperty "USkeletalMesh3::EffectScale" was not found
WARNING: ObjectProperty "USkeletalMesh3::MeshFactorSet" was not found
WARNING: ObjectProperty "USkeletalMesh3::PhysMaterialOverride" was not found
WARNING: ObjectProperty "USkeletalMesh3::PlaySoundSet" was not found
WARNING: FloatProperty "USkeletalMesh3::AddFootOffsetValue" was not found
WARNING: FloatProperty "USkeletalMesh3::AnimNameHeight" was not found
WARNING: FloatProperty "USkeletalMesh3::NormalNameHeight" was not found
WARNING: ArrayProperty "USkeletalMesh3::NameplateMeshScaleRatio" was not found
WARNING: StructProperty "USkeletalMesh3::NameplateHeightRatio" was not found
WARNING: ArrayProperty "USkeletalMesh3::MeshScaleRatio" was not found
WARNING: StructProperty "USkeletalMesh3::HeightRatio" was not found
WARNING: StructProperty "USkeletalMesh3::HandRatio" was not found
WARNING: ByteProperty "USkeletalMesh3::CommonPhysicsUseFlag" was not found
Loading package: 00031914.upk Ver: 573/1 Engine: 4205 Names: 95 Exports: 1 Imports: 22 Game: 801A
Loading SkeletalMeshSocket SkeletalMeshSocket_1009 from package 00031915.upk
WARNING: ObjectProperty "USkeletalMeshSocket::DependencyParticleSystem" was not found
Loading SkeletalMeshSocket SkeletalMeshSocket_1044 from package 00031915.upk
WARNING: ObjectProperty "USkeletalMeshSocket::DependencyParticleSystem" was not found
Loading SkeletalMeshSocket SkeletalMeshSocket_1079 from package 00031915.upk
WARNING: ObjectProperty "USkeletalMeshSocket::DependencyParticleSystem" was not found
Loading SkeletalMeshSocket SkeletalMeshSocket_1114 from package 00031915.upk
WARNING: ObjectProperty "USkeletalMeshSocket::DependencyParticleSystem" was not found
Loading SkeletalMeshSocket SkeletalMeshSocket_1149 from package 00031915.upk
WARNING: ObjectProperty "USkeletalMeshSocket::DependencyParticleSystem" was not found
Loading SkeletalMeshSocket SkeletalMeshSocket_1184 from package 00031915.upk
WARNING: ObjectProperty "USkeletalMeshSocket::DependencyParticleSystem" was not found
Loading SkeletalMeshSocket SkeletalMeshSocket_1219 from package 00031915.upk
WARNING: ObjectProperty "USkeletalMeshSocket::DependencyParticleSystem" was not found
Loading SkeletalMeshSocket SkeletalMeshSocket_1254 from package 00031915.upk
WARNING: ObjectProperty "USkeletalMeshSocket::DependencyParticleSystem" was not found
Loading SkeletalMeshSocket SkeletalMeshSocket_1289 from package 00031915.upk
WARNING: ObjectProperty "USkeletalMeshSocket::DependencyParticleSystem" was not found
Loading SkeletalMeshSocket SkeletalMeshSocket_1324 from package 00031915.upk
WARNING: ObjectProperty "USkeletalMeshSocket::DependencyParticleSystem" was not found
Loading SkeletalMeshSocket SkeletalMeshSocket_1359 from package 00031915.upk
WARNING: ObjectProperty "USkeletalMeshSocket::DependencyParticleSystem" was not found
Loading SkeletalMeshSocket SkeletalMeshSocket_1394 from package 00031915.upk
WARNING: ObjectProperty "USkeletalMeshSocket::DependencyParticleSystem" was not found
Loading SkeletalMeshSocket SkeletalMeshSocket_1463 from package 00031915.upk
WARNING: ObjectProperty "USkeletalMeshSocket::DependencyParticleSystem" was not found
Loading SkeletalMeshSocket SkeletalMeshSocket_1498 from package 00031915.upk
WARNING: ObjectProperty "USkeletalMeshSocket::DependencyParticleSystem" was not found
Loading SkeletalMeshSocket SkeletalMeshSocket_1533 from package 00031915.upk
WARNING: ObjectProperty "USkeletalMeshSocket::DependencyParticleSystem" was not found
Loading SkeletalMeshSocket SkeletalMeshSocket_1568 from package 00031915.upk
WARNING: ObjectProperty "USkeletalMeshSocket::DependencyParticleSystem" was not found
Loading SkeletalMeshSocket SkeletalMeshSocket_1603 from package 00031915.upk
WARNING: ObjectProperty "USkeletalMeshSocket::DependencyParticleSystem" was not found
Loading SkeletalMeshSocket SkeletalMeshSocket_487 from package 00031915.upk
WARNING: ObjectProperty "USkeletalMeshSocket::DependencyParticleSystem" was not found
Loading SkeletalMeshSocket SkeletalMeshSocket_522 from package 00031915.upk
WARNING: ObjectProperty "USkeletalMeshSocket::DependencyParticleSystem" was not found
Loading SkeletalMeshSocket SkeletalMeshSocket_557 from package 00031915.upk
WARNING: ObjectProperty "USkeletalMeshSocket::DependencyParticleSystem" was not found
Loading SkeletalMeshSocket SkeletalMeshSocket_592 from package 00031915.upk
WARNING: ObjectProperty "USkeletalMeshSocket::DependencyParticleSystem" was not found
Loading SkeletalMeshSocket SkeletalMeshSocket_627 from package 00031915.upk
WARNING: ObjectProperty "USkeletalMeshSocket::DependencyParticleSystem" was not found
Loading SkeletalMeshSocket SkeletalMeshSocket_662 from package 00031915.upk
WARNING: ObjectProperty "USkeletalMeshSocket::DependencyParticleSystem" was not found
Loading SkeletalMeshSocket SkeletalMeshSocket_697 from package 00031915.upk
WARNING: ObjectProperty "USkeletalMeshSocket::DependencyParticleSystem" was not found
Loading SkeletalMeshSocket SkeletalMeshSocket_732 from package 00031915.upk
WARNING: ObjectProperty "USkeletalMeshSocket::DependencyParticleSystem" was not found
Loading SkeletalMeshSocket SkeletalMeshSocket_767 from package 00031915.upk
WARNING: ObjectProperty "USkeletalMeshSocket::DependencyParticleSystem" was not found
Loading SkeletalMeshSocket SkeletalMeshSocket_802 from package 00031915.upk
WARNING: ObjectProperty "USkeletalMeshSocket::DependencyParticleSystem" was not found
Loading SkeletalMeshSocket SkeletalMeshSocket_837 from package 00031915.upk
WARNING: ObjectProperty "USkeletalMeshSocket::DependencyParticleSystem" was not found
Loading SkeletalMeshSocket SkeletalMeshSocket_872 from package 00031915.upk
WARNING: ObjectProperty "USkeletalMeshSocket::DependencyParticleSystem" was not found
Loading MaterialInstanceConstant col1 from package 00031914.upk
Loading package: 00031913.upk Ver: 573/1 Engine: 4205 Names: 32 Exports: 5 Imports: 2 Game: 801A
Loading package: 00002640.upk Ver: 573/1 Engine: 4205 Names: 340 Exports: 556 Imports: 5 Game: 801A
Loading package: 00002620.upk Ver: 573/1 Engine: 4205 Names: 560 Exports: 6612 Imports: 96 Game: 801A
Loading Texture2D 60142_JinF_col1_N from package 00031913.upk
Loading Texture2D 60142_JinF_col1_M from package 00031913.upk
Loading Texture2D 60142_JinF_col1_D from package 00031913.upk
Loading Texture2D 60142_JinF_col1_S from package 00031913.upk
Loading TextureCube lenscube from package 00002640.upk
Loading Texture2D 60142_JinF_col1_E from package 00031913.upk
Loading Material3 Body from package 00002620.upk
Loading package: 00012963.upk Ver: 573/1 Engine: 4205 Names: 1264 Exports: 1240 Imports: 10 Game: 801A
Loading Texture2D CubemapFace0 from package 00002640.upk
Loading Texture2D CubemapFace1 from package 00002640.upk
Loading Texture2D CubemapFace2 from package 00002640.upk
Loading Texture2D CubemapFace3 from package 00002640.upk
Loading Texture2D CubemapFace4 from package 00002640.upk
Loading Texture2D CubemapFace5 from package 00002640.upk
Loading Texture2D check_n from package 00002620.upk
Loading Texture2D Noise_Glass_000 from package 00012963.upk
Loading Texture2D Smoke_Pattern_001 from package 00012963.upk
Loading Texture2D Gradient_Wipe_BurnOut_Mask_TEST from package 00012963.upk
Loading Texture2D Gradient_Wipe_BurnOut_Mask from package 00012963.upk
Loading Texture2D check from package 00002620.upk
Loading Texture2D Gradient_Line_003 from package 00012963.upk
Loaded in 0.13 sec, 3211 allocs, 2.85 MBytes serialized in 395405 calls.

Object info:
============
ClassName: SkeletalMesh3 ObjectName: 60142_JinF

    LODInfo[2] =
    {
        LODInfo[0] =
        {
            DisplayFactor = 0
            LODHysteresis = 0.02
            LODMaterialMap[0] = {}
            bEnableShadowCasting[1] = { true }
        }
        LODInfo[1] =
        {
            DisplayFactor = 0.25
            LODHysteresis = 0.02
            LODMaterialMap[1] = { 0 }
            bEnableShadowCasting[1] = { true }
        }
    }
    Sockets[29] =
    {
        Sockets[0] = SkeletalMeshSocket'60142_JinF.SkeletalMeshSocket_487'
        Sockets[1] = SkeletalMeshSocket'60142_JinF.SkeletalMeshSocket_522'
        Sockets[2] = SkeletalMeshSocket'60142_JinF.SkeletalMeshSocket_557'
        Sockets[3] = SkeletalMeshSocket'60142_JinF.SkeletalMeshSocket_592'
        Sockets[4] = SkeletalMeshSocket'60142_JinF.SkeletalMeshSocket_627'
        Sockets[5] = SkeletalMeshSocket'60142_JinF.SkeletalMeshSocket_662'
        Sockets[6] = SkeletalMeshSocket'60142_JinF.SkeletalMeshSocket_697'
        Sockets[7] = SkeletalMeshSocket'60142_JinF.SkeletalMeshSocket_732'
        Sockets[8] = SkeletalMeshSocket'60142_JinF.SkeletalMeshSocket_767'
        Sockets[9] = SkeletalMeshSocket'60142_JinF.SkeletalMeshSocket_802'
        Sockets[10] = SkeletalMeshSocket'60142_JinF.SkeletalMeshSocket_837'
        Sockets[11] = SkeletalMeshSocket'60142_JinF.SkeletalMeshSocket_872'
        Sockets[12] = SkeletalMeshSocket'60142_JinF.SkeletalMeshSocket_1009'
        Sockets[13] = SkeletalMeshSocket'60142_JinF.SkeletalMeshSocket_1044'
        Sockets[14] = SkeletalMeshSocket'60142_JinF.SkeletalMeshSocket_1079'
        Sockets[15] = SkeletalMeshSocket'60142_JinF.SkeletalMeshSocket_1114'
        Sockets[16] = SkeletalMeshSocket'60142_JinF.SkeletalMeshSocket_1149'
        Sockets[17] = SkeletalMeshSocket'60142_JinF.SkeletalMeshSocket_1184'
        Sockets[18] = SkeletalMeshSocket'60142_JinF.SkeletalMeshSocket_1219'
        Sockets[19] = SkeletalMeshSocket'60142_JinF.SkeletalMeshSocket_1254'
        Sockets[20] = SkeletalMeshSocket'60142_JinF.SkeletalMeshSocket_1289'
        Sockets[21] = SkeletalMeshSocket'60142_JinF.SkeletalMeshSocket_1324'
        Sockets[22] = SkeletalMeshSocket'60142_JinF.SkeletalMeshSocket_1359'
        Sockets[23] = SkeletalMeshSocket'60142_JinF.SkeletalMeshSocket_1394'
        Sockets[24] = SkeletalMeshSocket'60142_JinF.SkeletalMeshSocket_1463'
        Sockets[25] = SkeletalMeshSocket'60142_JinF.SkeletalMeshSocket_1498'
        Sockets[26] = SkeletalMeshSocket'60142_JinF.SkeletalMeshSocket_1533'
        Sockets[27] = SkeletalMeshSocket'60142_JinF.SkeletalMeshSocket_1568'
        Sockets[28] = SkeletalMeshSocket'60142_JinF.SkeletalMeshSocket_1603'
    }
    bHasVertexColors = false
    EnableTwistBoneFixers = true
    EnableClavicleFixer = true
    Materials[1] = { MaterialInstanceConstant'col1' }


    Lods[2] =
    {
        Lods[0] =
        {
            Sections[1] =
            {
                Sections[0] = { Material=MaterialInstanceConstant'col1', FirstIndex=0, NumFaces=5540 }
            }
            NumVerts = 4369
            IndexCount = 16620
            NumTexCoords = 1
        }
        Lods[1] =
        {
            Sections[1] =
            {
                Sections[0] = { Material=MaterialInstanceConstant'col1', FirstIndex=0, NumFaces=1656 }
            }
            NumVerts = 1654
            IndexCount = 4968
            NumTexCoords = 1
        }
    }
    LodCount = 2
    MeshOrigin = { X=-0, Y=-0, Z=-0 }
    MeshScale = { X=1, Y=1, Z=1 }
    RotOrigin = { Yaw=0, Pitch=0, Roll=0 }
    BoneCount = 100

Object info:
============
ClassName: SkeletalMeshSocket ObjectName: SkeletalMeshSocket_1009

    SocketName = Fx01_R
    BoneName = Bone_RUpperArm_T1_Root
    RelativeLocation = { X=0, Y=0, Z=0 }
    RelativeRotation = { Yaw=0, Pitch=0, Roll=0 }
    RelativeScale = { X=1, Y=1, Z=1 }

Object info:
============
ClassName: SkeletalMeshSocket ObjectName: SkeletalMeshSocket_1044

    SocketName = Fx02_R
    BoneName = Bone_RUpperArm_T2_Root
    RelativeLocation = { X=0, Y=0, Z=0 }
    RelativeRotation = { Yaw=0, Pitch=0, Roll=0 }
    RelativeScale = { X=1, Y=1, Z=1 }

Object info:
============
ClassName: SkeletalMeshSocket ObjectName: SkeletalMeshSocket_1079

    SocketName = Fx03_R
    BoneName = Bone_RUpperArm_T3_Root
    RelativeLocation = { X=0, Y=0, Z=0 }
    RelativeRotation = { Yaw=0, Pitch=0, Roll=0 }
    RelativeScale = { X=1, Y=1, Z=1 }

Object info:
============
ClassName: SkeletalMeshSocket ObjectName: SkeletalMeshSocket_1114

    SocketName = Fx02a_R
    BoneName = Bone_RUpperArm_T2_Root
    RelativeLocation = { X=-2.33157, Y=2.81492, Z=2.38842 }
    RelativeRotation = { Yaw=0, Pitch=0, Roll=0 }
    RelativeScale = { X=1, Y=1, Z=1 }

Object info:
============
ClassName: SkeletalMeshSocket ObjectName: SkeletalMeshSocket_1149

    SocketName = Fx02b_R
    BoneName = Bone_RUpperArm_T2_Root
    RelativeLocation = { X=-2.04822, Y=-0.566807, Z=-3.97232 }
    RelativeRotation = { Yaw=0, Pitch=0, Roll=0 }
    RelativeScale = { X=1, Y=1, Z=1 }

Object info:
============
ClassName: SkeletalMeshSocket ObjectName: SkeletalMeshSocket_1184

    SocketName = Fx04_R
    BoneName = Bone_RUpperArm_T1_Root
    RelativeLocation = { X=1.28964, Y=6.48235, Z=1.30917 }
    RelativeRotation = { Yaw=0, Pitch=0, Roll=0 }
    RelativeScale = { X=1, Y=1, Z=1 }

Object info:
============
ClassName: SkeletalMeshSocket ObjectName: SkeletalMeshSocket_1219

    SocketName = Fx05_R
    BoneName = Bone_RUpperArm_T2_Root
    RelativeLocation = { X=1.6045, Y=7.04951, Z=-3.15671 }
    RelativeRotation = { Yaw=0, Pitch=0, Roll=0 }
    RelativeScale = { X=1, Y=1, Z=1 }

Object info:
============
ClassName: SkeletalMeshSocket ObjectName: SkeletalMeshSocket_1254

    SocketName = Fx06_R
    BoneName = Bone_RUpperArm_T3_Root
    RelativeLocation = { X=2.13169, Y=6.74007, Z=-0.979672 }
    RelativeRotation = { Yaw=0, Pitch=0, Roll=0 }
    RelativeScale = { X=1, Y=1, Z=1 }

Object info:
============
ClassName: SkeletalMeshSocket ObjectName: SkeletalMeshSocket_1289

    SocketName = Fx05a_R
    BoneName = Bone_RUpperArm_T2_Root
    RelativeLocation = { X=-0.029643, Y=8.76386, Z=-0.375158 }
    RelativeRotation = { Yaw=0, Pitch=0, Roll=0 }
    RelativeScale = { X=1, Y=1, Z=1 }

Object info:
============
ClassName: SkeletalMeshSocket ObjectName: SkeletalMeshSocket_1324

    SocketName = Fx05b_R
    BoneName = Bone_RUpperArm_T2_Root
    RelativeLocation = { X=-0.272369, Y=5.79413, Z=-6.26368 }
    RelativeRotation = { Yaw=0, Pitch=0, Roll=0 }
    RelativeScale = { X=1, Y=1, Z=1 }

Object info:
============
ClassName: SkeletalMeshSocket ObjectName: SkeletalMeshSocket_1359

    SocketName = Fx07_R
    BoneName = Bone_RUpperArm_T1_Root
    RelativeLocation = { X=0.832103, Y=7.35017, Z=4.74059 }
    RelativeRotation = { Yaw=0, Pitch=0, Roll=0 }
    RelativeScale = { X=1, Y=1, Z=1 }

Object info:
============
ClassName: SkeletalMeshSocket ObjectName: SkeletalMeshSocket_1394

    SocketName = Fx08_R
    BoneName = Bone_RUpperArm_T3_Root
    RelativeLocation = { X=1.81618, Y=8.14121, Z=-4.01952 }
    RelativeRotation = { Yaw=0, Pitch=0, Roll=0 }
    RelativeScale = { X=1, Y=1, Z=1 }

Object info:
============
ClassName: SkeletalMeshSocket ObjectName: SkeletalMeshSocket_1463

    SocketName = Back_Fx01
    BoneName = Bone_LegS_S01_Root
    RelativeLocation = { X=0, Y=0, Z=0 }
    RelativeRotation = { Yaw=0, Pitch=0, Roll=0 }
    RelativeScale = { X=1, Y=1, Z=1 }

Object info:
============
ClassName: SkeletalMeshSocket ObjectName: SkeletalMeshSocket_1498

    SocketName = Back_Fx02
    BoneName = Bone_LegS_S01_01
    RelativeLocation = { X=0, Y=0, Z=0 }
    RelativeRotation = { Yaw=0, Pitch=0, Roll=0 }
    RelativeScale = { X=1, Y=1, Z=1 }

Object info:
============
ClassName: SkeletalMeshSocket ObjectName: SkeletalMeshSocket_1533

    SocketName = Back_Fx03
    BoneName = Bone_LegS_S01_02
    RelativeLocation = { X=0, Y=0, Z=0 }
    RelativeRotation = { Yaw=0, Pitch=0, Roll=0 }
    RelativeScale = { X=1, Y=1, Z=1 }

Object info:
============
ClassName: SkeletalMeshSocket ObjectName: SkeletalMeshSocket_1568

    SocketName = Back_Fx04
    BoneName = Bone_LegS_S01_03
    RelativeLocation = { X=0, Y=0, Z=0 }
    RelativeRotation = { Yaw=0, Pitch=0, Roll=0 }
    RelativeScale = { X=1, Y=1, Z=1 }

Object info:
============
ClassName: SkeletalMeshSocket ObjectName: SkeletalMeshSocket_1603

    SocketName = Back_Fx05
    BoneName = Bone_LegS_S01_04
    RelativeLocation = { X=0, Y=0, Z=0 }
    RelativeRotation = { Yaw=0, Pitch=0, Roll=0 }
    RelativeScale = { X=1, Y=1, Z=1 }

Object info:
============
ClassName: SkeletalMeshSocket ObjectName: SkeletalMeshSocket_487

    SocketName = Fx01_L
    BoneName = Bone_LUpperArm_T1_Root
    RelativeLocation = { X=0, Y=0, Z=0 }
    RelativeRotation = { Yaw=0, Pitch=0, Roll=0 }
    RelativeScale = { X=1, Y=1, Z=1 }

Object info:
============
ClassName: SkeletalMeshSocket ObjectName: SkeletalMeshSocket_522

    SocketName = Fx02_L
    BoneName = Bone_LUpperArm_T2_Root
    RelativeLocation = { X=0, Y=0, Z=0 }
    RelativeRotation = { Yaw=0, Pitch=0, Roll=0 }
    RelativeScale = { X=1, Y=1, Z=1 }

Object info:
============
ClassName: SkeletalMeshSocket ObjectName: SkeletalMeshSocket_557

    SocketName = Fx03_L
    BoneName = Bone_LUpperArm_T3_Root
    RelativeLocation = { X=0, Y=0, Z=0 }
    RelativeRotation = { Yaw=0, Pitch=0, Roll=0 }
    RelativeScale = { X=1, Y=1, Z=1 }

Object info:
============
ClassName: SkeletalMeshSocket ObjectName: SkeletalMeshSocket_592

    SocketName = Fx02a_L
    BoneName = Bone_LUpperArm_T2_Root
    RelativeLocation = { X=-2.0063, Y=-0.750576, Z=3.9474 }
    RelativeRotation = { Yaw=0, Pitch=0, Roll=0 }
    RelativeScale = { X=1, Y=1, Z=1 }

Object info:
============
ClassName: SkeletalMeshSocket ObjectName: SkeletalMeshSocket_627

    SocketName = Fx02b_L
    BoneName = Bone_LUpperArm_T2_Root
    RelativeLocation = { X=-2.63899, Y=3.02714, Z=-2.26631 }
    RelativeRotation = { Yaw=0, Pitch=0, Roll=0 }
    RelativeScale = { X=1, Y=1, Z=1 }

Object info:
============
ClassName: SkeletalMeshSocket ObjectName: SkeletalMeshSocket_662

    SocketName = Fx04_L
    BoneName = Bone_LUpperArm_T1_Root
    RelativeLocation = { X=1.42079, Y=6.46878, Z=-1.52011 }
    RelativeRotation = { Yaw=0, Pitch=0, Roll=0 }
    RelativeScale = { X=1, Y=1, Z=1 }

Object info:
============
ClassName: SkeletalMeshSocket ObjectName: SkeletalMeshSocket_697

    SocketName = Fx05_L
    BoneName = Bone_LUpperArm_T2_Root
    RelativeLocation = { X=1.40296, Y=6.78821, Z=3.01962 }
    RelativeRotation = { Yaw=0, Pitch=0, Roll=0 }
    RelativeScale = { X=1, Y=1, Z=1 }

Object info:
============
ClassName: SkeletalMeshSocket ObjectName: SkeletalMeshSocket_732

    SocketName = Fx06_L
    BoneName = Bone_LUpperArm_T3_Root
    RelativeLocation = { X=2.09273, Y=6.49552, Z=1.09901 }
    RelativeRotation = { Yaw=0, Pitch=0, Roll=0 }
    RelativeScale = { X=1, Y=1, Z=1 }

Object info:
============
ClassName: SkeletalMeshSocket ObjectName: SkeletalMeshSocket_767

    SocketName = Fx05a_L
    BoneName = Bone_LUpperArm_T2_Root
    RelativeLocation = { X=-0.326766, Y=5.70795, Z=3.01962 }
    RelativeRotation = { Yaw=0, Pitch=0, Roll=0 }
    RelativeScale = { X=1, Y=1, Z=1 }

Object info:
============
ClassName: SkeletalMeshSocket ObjectName: SkeletalMeshSocket_802

    SocketName = Fx05b_L
    BoneName = Bone_LUpperArm_T2_Root
    RelativeLocation = { X=-0.0617774, Y=8.57145, Z=3.01962 }
    RelativeRotation = { Yaw=0, Pitch=0, Roll=0 }
    RelativeScale = { X=1, Y=1, Z=1 }

Object info:
============
ClassName: SkeletalMeshSocket ObjectName: SkeletalMeshSocket_837

    SocketName = Fx07_L
    BoneName = Bone_LUpperArm_T1_Root
    RelativeLocation = { X=0.883817, Y=8.0626, Z=-5.25754 }
    RelativeRotation = { Yaw=0, Pitch=0, Roll=0 }
    RelativeScale = { X=1, Y=1, Z=1 }

Object info:
============
ClassName: SkeletalMeshSocket ObjectName: SkeletalMeshSocket_872

    SocketName = Fx08_L
    BoneName = Bone_LUpperArm_T3_Root
    RelativeLocation = { X=2.34365, Y=8.48625, Z=4.61037 }
    RelativeRotation = { Yaw=0, Pitch=0, Roll=0 }
    RelativeScale = { X=1, Y=1, Z=1 }
