Found 27000 game files (27 skipped)
Loading package: 00032252.upk Ver: 573/1 Engine: 4205 Names: 188 Exports: 23 Imports: 32 Game: 801A
Loading MaterialInstanceConstant col1 from package 00032252.upk
Loading package: 00002618.upk Ver: 573/1 Engine: 4205 Names: 31 Exports: 3 Imports: 4 Game: 801A
Loading package: 00002620.upk Ver: 573/1 Engine: 4205 Names: 560 Exports: 6612 Imports: 96 Game: 801A
Loading MaterialInstanceConstant col1_acc from package 00032252.upk
Loading package: 00032232.upk Ver: 573/1 Engine: 4205 Names: 39 Exports: 6 Imports: 4 Game: 801A
Loading package: 00002640.upk Ver: 573/1 Engine: 4205 Names: 340 Exports: 556 Imports: 5 Game: 801A
Loading SkeletalMesh3 040195_JinM_col20 from package 00032252.upk
Loading Texture2D JinM_001_d from package 00002618.upk
Loading Texture2D JinM_001_n from package 00002618.upk
Loading Material3 Beard_ghost from package 00002620.upk
Loading package: 00012963.upk Ver: 573/1 Engine: 4205 Names: 1264 Exports: 1240 Imports: 10 Game: 801A
Loading Texture2D 040195_JinM_col1_N from package 00032232.upk
Loading Texture2D 040195_JinM_col1_M from package 00032232.upk
Loading Texture2D 040195_JinM_col1_D from package 00032232.upk
Loading Texture2D 040195_JinM_col1_S from package 00032232.upk
Loading TextureCube lenscube_a from package 00002640.upk
Loading Texture2D check from package 00002620.upk
Loading Material3 Ghost_body from package 00002620.upk
Loading Texture2D check_n from package 00002620.upk
Loading Texture2D Noise_Glass_000 from package 00012963.upk
Loading Texture2D Smoke_Pattern_001 from package 00012963.upk
Loading Texture2D Gradient_Wipe_BurnOut_Mask_TEST from package 00012963.upk
Loading Texture2D Gradient_Wipe_BurnOut_Mask from package 00012963.upk
Loading Texture2D Gradient_Line_003 from package 00012963.upk
Loading Texture2D CubemapFace0 from package 00002640.upk
Loading Texture2D CubemapFace1 from package 00002640.upk
Loading Texture2D CubemapFace2 from package 00002640.upk
Loading Texture2D CubemapFace3 from package 00002640.upk
Loading Texture2D CubemapFace4 from package 00002640.upk
Loading Texture2D CubemapFace5 from package 00002640.upk
Loaded in 0.11 sec, 3033 allocs, 1.47 MBytes serialized in 209707 calls.

Object info:
============
ClassName: MaterialInstanceConstant ObjectName: col1

    ScalarParameterValues[3] =
    {
        ScalarParameterValues[0] = { ParameterName=Hair_Glossiness, ParameterValue=15 }
        ScalarParameterValues[1] = { ParameterName=Ac_Glossiness, ParameterValue=1 }
        ScalarParameterValues[2] = { ParameterName=Ghost_Fresnel_Power, ParameterValue=2 }
    }
    TextureParameterValues[2] =
    {
        TextureParameterValues[0] = { ParameterName=Hair_Diffuse, ParameterValue=Texture2D'JinM_001_d' }
        TextureParameterValues[1] = { ParameterName=Hair_normal, ParameterValue=Texture2D'JinM_001_n' }
    }
    VectorParameterValues[10] =
    {
        VectorParameterValues[0] =
        {
            ParameterName = hair_color_D
            ParameterValue = { R=0.103634, G=0.080219, B=0.071761, A=1 }
        }
        VectorParameterValues[1] =
        {
            ParameterName = hair_color_L
            ParameterValue = { R=0.420508, G=0.297653, B=0.163641, A=1 }
        }
        VectorParameterValues[2] =
        {
            ParameterName = Ac_color_D
            ParameterValue = { R=1, G=1, B=1, A=1 }
        }
        VectorParameterValues[3] =
        {
            ParameterName = Ac_color_L
            ParameterValue = { R=1, G=1, B=1, A=1 }
        }
        VectorParameterValues[4] =
        {
            ParameterName = hair_color_S
            ParameterValue = { R=0.899385, G=0.796917, B=0.353741, A=1 }
        }
        VectorParameterValues[5] =
        {
            ParameterName = Ac_color_S
            ParameterValue = { R=1, G=1, B=1, A=1 }
        }
        VectorParameterValues[6] =
        {
            ParameterName = Fresnel_color
            ParameterValue = { R=0, G=0, B=0, A=1 }
        }
        VectorParameterValues[7] =
        {
            ParameterName = Fresnel_Power
            ParameterValue = { R=0, G=0, B=0, A=1 }
        }
        VectorParameterValues[8] =
        {
            ParameterName = Mesh_trangition
            ParameterValue = { R=0, G=0, B=0, A=1 }
        }
        VectorParameterValues[9] =
        {
            ParameterName = Ghost_Fresnel_color
            ParameterValue = { R=0.5, G=1, B=2.5, A=1 }
        }
    }
    Parent = Material3'Beard_ghost'
    FlattenedTexture = None
    MobileBaseTexture = None
    MobileNormalTexture = None
    bUseMobileSpecular = false
    MobileSpecularPower = 16
    MobileSpecularMask = MSM_Constant (0)
    MobileMaskTexture = None

Object info:
============
ClassName: MaterialInstanceConstant ObjectName: col1_acc

    ScalarParameterValues[14] =
    {
        ScalarParameterValues[0] = { ParameterName=Transmission_value, ParameterValue=0 }
        ScalarParameterValues[1] = { ParameterName=Skin_glossiness, ParameterValue=3.5 }
        ScalarParameterValues[2] = { ParameterName=Wear_glossiness1, ParameterValue=5 }
        ScalarParameterValues[3] = { ParameterName=Wear_glossiness2, ParameterValue=50 }
        ScalarParameterValues[4] = { ParameterName=Skin_Spec_value, ParameterValue=1 }
        ScalarParameterValues[5] = { ParameterName=HighLight_Value, ParameterValue=2 }
        ScalarParameterValues[6] = { ParameterName=HighLight_glossiness, ParameterValue=100 }
        ScalarParameterValues[7] = { ParameterName=Emissive_value, ParameterValue=2 }
        ScalarParameterValues[8] = { ParameterName=Emissive_value2, ParameterValue=0 }
        ScalarParameterValues[9] = { ParameterName=Fresnel Value, ParameterValue=1 }
        ScalarParameterValues[10] = { ParameterName=Fresnel exponent, ParameterValue=30 }
        ScalarParameterValues[11] = { ParameterName=Specular_value, ParameterValue=2.3 }
        ScalarParameterValues[12] = { ParameterName=Ghost_Fresnel_Power, ParameterValue=2 }
        ScalarParameterValues[13] = { ParameterName=Skin_Spec_value_X, ParameterValue=1 }
    }
    TextureParameterValues[6] =
    {
        TextureParameterValues[0] = { ParameterName=Body_normal, ParameterValue=Texture2D'040195_JinM_col1_N' }
        TextureParameterValues[1] = { ParameterName=Body_mask_RGB, ParameterValue=Texture2D'040195_JinM_col1_M' }
        TextureParameterValues[2] = { ParameterName=Body_diffuse, ParameterValue=Texture2D'040195_JinM_col1_D' }
        TextureParameterValues[3] = { ParameterName=Body_specular, ParameterValue=Texture2D'040195_JinM_col1_S' }
        TextureParameterValues[4] = { ParameterName=rf_cube, ParameterValue=TextureCube'lenscube_a' }
        TextureParameterValues[5] = { ParameterName=Emissive, ParameterValue=Texture2D'check' }
    }
    VectorParameterValues[9] =
    {
        VectorParameterValues[0] =
        {
            ParameterName = Mesh_trangition
            ParameterValue = { R=0, G=0, B=0, A=1 }
        }
        VectorParameterValues[1] =
        {
            ParameterName = Skin_Specular
            ParameterValue = { R=1, G=1, B=1, A=1 }
        }
        VectorParameterValues[2] =
        {
            ParameterName = Reflection_value
            ParameterValue = { R=2, G=2, B=2, A=1 }
        }
        VectorParameterValues[3] =
        {
            ParameterName = HighLight_Color
            ParameterValue = { R=1, G=1, B=1, A=1 }
        }
        VectorParameterValues[4] =
        {
            ParameterName = Fresnel_color
            ParameterValue = { R=0, G=0, B=0, A=1 }
        }
        VectorParameterValues[5] =
        {
            ParameterName = Fresnel_Power
            ParameterValue = { R=0, G=0, B=0, A=1 }
        }
        VectorParameterValues[6] =
        {
            ParameterName = skin_color
            ParameterValue = { R=1, G=1, B=1, A=1 }
        }
        VectorParameterValues[7] =
        {
            ParameterName = Burn_Color
            ParameterValue = { R=0, G=0, B=0, A=1 }
        }
        VectorParameterValues[8] =
        {
            ParameterName = Ghost_Fresnel_color
            ParameterValue = { R=0.5, G=1, B=2.5, A=1 }
        }
    }
    Parent = Material3'Ghost_body'
    FlattenedTexture = None
    MobileBaseTexture = None
    MobileNormalTexture = None
    bUseMobileSpecular = false
    MobileSpecularPower = 16
    MobileSpecularMask = MSM_Constant (0)
    MobileMaskTexture = None

Object info:
============
ClassName: SkeletalMesh3 ObjectName: 040195_JinM_col20

    LODInfo[1] =
    {
        LODInfo[0] =
        {
            DisplayFactor = 0
            LODHysteresis = 0.02
            LODMaterialMap[0] = {}
            bEnableShadowCasting[2] = { true, true }
        }
    }
    Sockets[0] = {}
    bHasVertexColors = false
    EnableTwistBoneFixers = true
    EnableClavicleFixer = true
    Materials[2] = { MaterialInstanceConstant'col1', MaterialInstanceConstant'col1_acc' }


    Lods[1] =
    {
        Lods[0] =
        {
            Sections[2] =
            {
                Sections[0] = { Material=MaterialInstanceConstant'col1', FirstIndex=0, NumFaces=306 }
                Sections[1] = { Material=MaterialInstanceConstant'col1_acc', FirstIndex=918, NumFaces=1270 }
            }
            NumVerts = 1215
            IndexCount = 4728
            NumTexCoords = 1
        }
    }
    LodCount = 1
    MeshOrigin = { X=-0, Y=-0, Z=-0 }
    MeshScale = { X=1, Y=1, Z=1 }
    RotOrigin = { Yaw=0, Pitch=0, Roll=0 }
    BoneCount = 13
