Found 27000 game files (27 skipped)
Loading package: 00038933.upk Ver: 573/1 Engine: 4205 Names: 48 Exports: 14 Imports: 8 Game: 801A
Loading Texture2D 060186_Autoscale_col1_D from package 00038933.upk
Loading Texture2D 060186_Autoscale_col1_E from package 00038933.upk
Loading Texture2D 060186_Autoscale_col1_M from package 00038933.upk
Loading Texture2D 060186_Autoscale_col1_N from package 00038933.upk
Loading Texture2D 060186_Autoscale_col1_S from package 00038933.upk
Loaded in 0.036 sec, 238 allocs, 0.96 MBytes serialized in 1536 calls.

Object info:
============
ClassName: Texture2D ObjectName: 060186_Autoscale_col1_D

    SizeX = 1024
    SizeY = 512
    Format = PF_DXT5 (7)
    AddressX = TA_Wrap (0)
    AddressY = TA_Wrap (0)
    TextureFileCacheName = None
    MipTailBaseIdx = 10
    bForcePVRTC4 = false
    UnpackMin[4] = { 0, 0, 0, 0 }
    UnpackMax[4] = { 1, 1, 1, 1 }

Object info:
============
ClassName: Texture2D ObjectName: 060186_Autoscale_col1_E

    SizeX = 1024
    SizeY = 512
    Format = PF_DXT1 (5)
    AddressX = TA_Wrap (0)
    AddressY = TA_Wrap (0)
    TextureFileCacheName = None
    MipTailBaseIdx = 10
    bForcePVRTC4 = false
    UnpackMin[4] = { 0, 0, 0, 0 }
    UnpackMax[4] = { 1, 1, 1, 1 }

Object info:
============
ClassName: Texture2D ObjectName: 060186_Autoscale_col1_M

    SizeX = 1024
    SizeY = 512
    Format = PF_DXT5 (7)
    AddressX = TA_Wrap (0)
    AddressY = TA_Wrap (0)
    TextureFileCacheName = None
    MipTailBaseIdx = 10
    bForcePVRTC4 = false
    UnpackMin[4] = { 0, 0, 0, 0 }
    UnpackMax[4] = { 1, 1, 1, 1 }

Object info:
============
ClassName: Texture2D ObjectName: 060186_Autoscale_col1_N

    SizeX = 1024
    SizeY = 512
    Format = PF_DXT1 (5)
    AddressX = TA_Wrap (0)
    AddressY = TA_Wrap (0)
    TextureFileCacheName = None
    MipTailBaseIdx = 10
    bForcePVRTC4 = false
    UnpackMin[4] = { -1, -1, -1, 0 }
    UnpackMax[4] = { 1, 1, 1, 1 }

Object info:
============
ClassName: Texture2D ObjectName: 060186_Autoscale_col1_S

    SizeX = 1024
    SizeY = 512
    Format = PF_DXT5 (7)
    AddressX = TA_Wrap (0)
    AddressY = TA_Wrap (0)
    TextureFileCacheName = None
    MipTailBaseIdx = 10
    bForcePVRTC4 = false
    UnpackMin[4] = { 0, 0, 0, 0 }
    UnpackMax[4] = { 1, 1, 1, 1 }
