Found 27000 game files (27 skipped)
Loading package: 00038714.upk Ver: 573/1 Engine: 4205 Names: 175 Exports: 219 Imports: 19 Game: 801A
Loading SkeletalMesh3 AnthroCrocodileBossA from package 00038714.upk
WARNING: FloatProperty "USkeletalMesh3::AutoScale" was not found
WARNING: ObjectProperty "USkeletalMesh3::PlaySoundSet" was not found
WARNING: FloatProperty "USkeletalMesh3::AddFootOffsetValue" was not found
WARNING: FloatProperty "USkeletalMesh3::AnimNameHeight" was not found
WARNING: FloatProperty "USkeletalMesh3::NormalNameHeight" was not found
WARNING: FloatProperty "USkeletalMesh3::LowNameHeight" was not found
Loading package: 00038713.upk Ver: 573/1 Engine: 4205 Names: 92 Exports: 1 Imports: 20 Game: 801A
Loading SkeletalMeshSocket SkeletalMeshSocket_100 from package 00038714.upk
Loading SkeletalMeshSocket SkeletalMeshSocket_101 from package 00038714.upk
Loading SkeletalMeshSocket SkeletalMeshSocket_102 from package 00038714.upk
Loading SkeletalMeshSocket SkeletalMeshSocket_103 from package 00038714.upk
Loading SkeletalMeshSocket SkeletalMeshSocket_104 from package 00038714.upk
Loading SkeletalMeshSocket SkeletalMeshSocket_105 from package 00038714.upk
Loading SkeletalMeshSocket SkeletalMeshSocket_106 from package 00038714.upk
Loading SkeletalMeshSocket SkeletalMeshSocket_107 from package 00038714.upk
Loading SkeletalMeshSocket SkeletalMeshSocket_108 from package 00038714.upk
Loading SkeletalMeshSocket SkeletalMeshSocket_109 from package 00038714.upk
WARNING: BoolProperty "USkeletalMeshSocket::bParticleAttachPosOnly" was not found
Loading SkeletalMeshSocket SkeletalMeshSocket_98 from package 00038714.upk
WARNING: ObjectProperty "USkeletalMeshSocket::PreviewSkelMesh" was not found
Loading SkeletalMeshSocket SkeletalMeshSocket_99 from package 00038714.upk
Loading MaterialInstanceConstant col1 from package 00038713.upk
Loading package: 00038712.upk Ver: 573/1 Engine: 4205 Names: 32 Exports: 5 Imports: 2 Game: 801A
Loading package: 00002640.upk Ver: 573/1 Engine: 4205 Names: 340 Exports: 556 Imports: 5 Game: 801A
Loading package: 00002620.upk Ver: 573/1 Engine: 4205 Names: 560 Exports: 6612 Imports: 96 Game: 801A
Loading Texture2D AnthroCrocodileBossA_col1_N from package 00038712.upk
Loading Texture2D AnthroCrocodileBossA_col1_M from package 00038712.upk
Loading Texture2D AnthroCrocodileBossA_col1_D from package 00038712.upk
Loading Texture2D AnthroCrocodileBossA_col1_S from package 00038712.upk
Loading TextureCube MatelR1 from package 00002640.upk
Loading Texture2D AnthroCrocodileBossA_col1_E from package 00038712.upk
Loading Material3 Basic from package 00002620.upk
Loading package: 00012963.upk Ver: 573/1 Engine: 4205 Names: 1264 Exports: 1240 Imports: 10 Game: 801A
Loading Texture2D CubemapFace0 from package 00002640.upk
Loading Texture2D CubemapFace1 from package 00002640.upk
Loading Texture2D CubemapFace2 from package 00002640.upk
Loading Texture2D CubemapFace3 from package 00002640.upk
Loading Texture2D CubemapFace4 from package 00002640.upk
Loading Texture2D CubemapFace5 from package 00002640.upk
Loading Texture2D check_n from package 00002620.upk
Loading Texture2D check from package 00002620.upk
Loading Texture2D Smoke_Pattern_001 from package 00012963.upk
Loading Texture2D Gradient_Line_003 from package 00012963.upk
Loading Texture2D Gradient_Wipe_BurnOut_Mask_TEST from package 00012963.upk
Loading Texture2D Gradient_Wipe_BurnOut_Mask from package 00012963.upk
Loaded in 0.13 sec, 3025 allocs, 3.93 MBytes serialized in 400510 calls.

Object info:
============
ClassName: SkeletalMesh3 ObjectName: AnthroCrocodileBossA

    LODInfo[1] =
    {
        LODInfo[0] =
        {
            DisplayFactor = 0
            LODHysteresis = 0.02
            LODMaterialMap[0] = {}
            bEnableShadowCasting[1] = { true }
        }
    }
    Sockets[12] =
    {
        Sockets[0] = SkeletalMeshSocket'AnthroCrocodileBossA.SkeletalMeshSocket_98'
        Sockets[1] = SkeletalMeshSocket'AnthroCrocodileBossA.SkeletalMeshSocket_99'
        Sockets[2] = SkeletalMeshSocket'AnthroCrocodileBossA.SkeletalMeshSocket_100'
        Sockets[3] = SkeletalMeshSocket'AnthroCrocodileBossA.SkeletalMeshSocket_101'
        Sockets[4] = SkeletalMeshSocket'AnthroCrocodileBossA.SkeletalMeshSocket_102'
        Sockets[5] = SkeletalMeshSocket'AnthroCrocodileBossA.SkeletalMeshSocket_103'
        Sockets[6] = SkeletalMeshSocket'AnthroCrocodileBossA.SkeletalMeshSocket_104'
        Sockets[7] = SkeletalMeshSocket'AnthroCrocodileBossA.SkeletalMeshSocket_105'
        Sockets[8] = SkeletalMeshSocket'AnthroCrocodileBossA.SkeletalMeshSocket_106'
        Sockets[9] = SkeletalMeshSocket'AnthroCrocodileBossA.SkeletalMeshSocket_107'
        Sockets[10] = SkeletalMeshSocket'AnthroCrocodileBossA.SkeletalMeshSocket_108'
        Sockets[11] = SkeletalMeshSocket'AnthroCrocodileBossA.SkeletalMeshSocket_109'
    }
    bHasVertexColors = false
    EnableTwistBoneFixers = true
    EnableClavicleFixer = true
    Materials[1] = { MaterialInstanceConstant'col1' }


    Lods[1] =
    {
        Lods[0] =
        {
            Sections[1] =
            {
                Sections[0] = { Material=MaterialInstanceConstant'col1', FirstIndex=0, NumFaces=8362 }
            }
            NumVerts = 6145
            IndexCount = 25086
            NumTexCoords = 1
        }
    }
    LodCount = 1
    MeshOrigin = { X=-0, Y=-0, Z=-0 }
    MeshScale = { X=1, Y=1, Z=1 }
    RotOrigin = { Yaw=0, Pitch=0, Roll=0 }
    BoneCount = 57

Object info:
============
ClassName: SkeletalMeshSocket ObjectName: SkeletalMeshSocket_100

    SocketName = Test_Trail_2
    BoneName = Bip01
    RelativeLocation = { X=0, Y=0, Z=0 }
    RelativeRotation = { Yaw=0, Pitch=0, Roll=0 }
    RelativeScale = { X=1, Y=1, Z=1 }

Object info:
============
ClassName: SkeletalMeshSocket ObjectName: SkeletalMeshSocket_101

    SocketName = target_high
    BoneName = Bip01Head
    RelativeLocation = { X=10, Y=-7, Z=0 }
    RelativeRotation = { Yaw=0, Pitch=0, Roll=0 }
    RelativeScale = { X=1, Y=1, Z=1 }

Object info:
============
ClassName: SkeletalMeshSocket ObjectName: SkeletalMeshSocket_102

    SocketName = socket_force
    BoneName = Root
    RelativeLocation = { X=55, Y=35, Z=12 }
    RelativeRotation = { Yaw=0, Pitch=0, Roll=0 }
    RelativeScale = { X=1, Y=1, Z=1 }

Object info:
============
ClassName: SkeletalMeshSocket ObjectName: SkeletalMeshSocket_103

    SocketName = Mount_Socket
    BoneName = Bip01Spine1
    RelativeLocation = { X=5.02712, Y=-15.6462, Z=0 }
    RelativeRotation = { Yaw=0, Pitch=0, Roll=-16384 }
    RelativeScale = { X=1, Y=1, Z=1 }

Object info:
============
ClassName: SkeletalMeshSocket ObjectName: SkeletalMeshSocket_104

    SocketName = Catch_Neck
    BoneName = Bip01Neck1
    RelativeLocation = { X=-3.90525, Y=-14.116, Z=0 }
    RelativeRotation = { Yaw=0, Pitch=0, Roll=0 }
    RelativeScale = { X=1, Y=1, Z=1 }

Object info:
============
ClassName: SkeletalMeshSocket ObjectName: SkeletalMeshSocket_105

    SocketName = Catch_Back
    BoneName = Bip01Spine2
    RelativeLocation = { X=4.13469, Y=20.7626, Z=6.9858 }
    RelativeRotation = { Yaw=0, Pitch=0, Roll=0 }
    RelativeScale = { X=1, Y=1, Z=1 }

Object info:
============
ClassName: SkeletalMeshSocket ObjectName: SkeletalMeshSocket_106

    SocketName = Mount_Ambar_Socket
    BoneName = Bip01LClavicle
    RelativeLocation = { X=1.42858, Y=-7.54266, Z=-20.3005 }
    RelativeRotation = { Yaw=-285, Pitch=9970, Roll=22850 }
    RelativeScale = { X=1, Y=1, Z=1 }

Object info:
============
ClassName: SkeletalMeshSocket ObjectName: SkeletalMeshSocket_107

    SocketName = Mount_Choke_Socket
    BoneName = Root
    RelativeLocation = { X=21.728, Y=-3.47262e-015, Z=0 }
    RelativeRotation = { Yaw=32768, Pitch=0, Roll=0 }
    RelativeScale = { X=1, Y=1, Z=1 }

Object info:
============
ClassName: SkeletalMeshSocket ObjectName: SkeletalMeshSocket_108

    SocketName = Decap_Socket
    BoneName = Bip01Neck1
    RelativeLocation = { X=9.64733, Y=5.92014, Z=7.26633 }
    RelativeRotation = { Yaw=0, Pitch=0, Roll=0 }
    RelativeScale = { X=1, Y=1, Z=1 }

Object info:
============
ClassName: SkeletalMeshSocket ObjectName: SkeletalMeshSocket_109

    SocketName = ATTACH_EFFECT
    BoneName = Bip01
    RelativeLocation = { X=10, Y=0, Z=0 }
    RelativeRotation = { Yaw=0, Pitch=0, Roll=0 }
    RelativeScale = { X=1, Y=1, Z=1 }

Object info:
============
ClassName: SkeletalMeshSocket ObjectName: SkeletalMeshSocket_98

    SocketName = WeaponR
    BoneName = WeaponR
    RelativeLocation = { X=0, Y=0, Z=0 }
    RelativeRotation = { Yaw=0, Pitch=0, Roll=0 }
    RelativeScale = { X=1, Y=1, Z=1 }

Object info:
============
ClassName: SkeletalMeshSocket ObjectName: SkeletalMeshSocket_99

    SocketName = tset_trail_
    BoneName = Bip01
    RelativeLocation = { X=0, Y=0, Z=0 }
    RelativeRotation = { Yaw=0, Pitch=0, Roll=0 }
    RelativeScale = { X=1, Y=1, Z=1 }
