Found 27000 game files (27 skipped)
Loading package: 00033728.upk Ver: 573/1 Engine: 4205 Names: 236 Exports: 209 Imports: 21 Game: 801A
Loading SkeletalMesh3 10010_JinM from package 00033728.upk
WARNING: ObjectProperty "USkeletalMesh3::MeshFactorSet" was not found
WARNING: ObjectProperty "USkeletalMesh3::PhysMaterialOverride" was not found
WARNING: ObjectProperty "USkeletalMesh3::PlaySoundSet" was not found
WARNING: FloatProperty "USkeletalMesh3::AddFootOffsetValue" was not found
WARNING: FloatProperty "USkeletalMesh3::AnimNameHeight" was not found
WARNING: FloatProperty "USkeletalMesh3::NormalNameHeight" was not found
WARNING: ArrayProperty "USkeletalMesh3::NameplateMeshScaleRatio" was not found
WARNING: StructProperty "USkeletalMesh3::NameplateHeightRatio" was not found
WARNING: ArrayProperty "USkeletalMesh3::MeshScaleRatio" was not found
WARNING: StructProperty "USkeletalMesh3::HeightRatio" was not found
WARNING: StructProperty "USkeletalMesh3::HandRatio" was not found
WARNING: ByteProperty "USkeletalMesh3::CommonPhysicsUseFlag" was not found
Loading package: 00033727.upk Ver: 573/1 Engine: 4205 Names: 113 Exports: 3 Imports: 25 Game: 801A
Loading MaterialInstanceConstant col1 from package 00033727.upk
Loading package: 00033726.upk Ver: 573/1 Engine: 4205 Names: 44 Exports: 13 Imports: 3 Game: 801A
Loading package: 00002640.upk Ver: 573/1 Engine: 4205 Names: 340 Exports: 556 Imports: 5 Game: 801A
Loading package: 00002620.upk Ver: 573/1 Engine: 4205 Names: 560 Exports: 6612 Imports: 96 Game: 801A
Loading MaterialInstanceConstant col1_fur from package 00033727.upk
Loading MaterialInstanceConstant Op from package 00033727.upk
Loading Texture2D 10010_JinM_Col1_N from package 00033726.upk
Loading Texture2D 10010_JinM_Col1_M from package 00033726.upk
Loading Texture2D 10010_JinM_Col1_D from package 00033726.upk
Loading Texture2D 10010_JinM_Col1_S from package 00033726.upk
Loading TextureCube lenscube_a from package 00002640.upk
Loading Texture2D check from package 00002620.upk
Loading Material3 Body from package 00002620.upk
Loading package: 00012963.upk Ver: 573/1 Engine: 4205 Names: 1264 Exports: 1240 Imports: 10 Game: 801A
Loading Texture2D Fur_Tape1_N from package 00033726.upk
Loading Texture2D Fur_Tape1_D from package 00033726.upk
Loading Material3 Beard_Fur from package 00002620.upk
Loading TextureCube Cube from package 00033726.upk
Loading Material3 Blend_OP from package 00002620.upk
Loading Texture2D CubemapFace0 from package 00002640.upk
Loading Texture2D CubemapFace1 from package 00002640.upk
Loading Texture2D CubemapFace2 from package 00002640.upk
Loading Texture2D CubemapFace3 from package 00002640.upk
Loading Texture2D CubemapFace4 from package 00002640.upk
Loading Texture2D CubemapFace5 from package 00002640.upk
Loading Texture2D check_n from package 00002620.upk
Loading Texture2D Noise_Glass_000 from package 00012963.upk
Loading Texture2D Smoke_Pattern_001 from package 00012963.upk
Loading Texture2D Gradient_Wipe_BurnOut_Mask_TEST from package 00012963.upk
Loading Texture2D Gradient_Wipe_BurnOut_Mask from package 00012963.upk
Loading Texture2D Gradient_Line_003 from package 00012963.upk
Loaded in 0.16 sec, 3181 allocs, 3.73 MBytes serialized in 616715 calls.

Object info:
============
ClassName: SkeletalMesh3 ObjectName: 10010_JinM

    LODInfo[2] =
    {
        LODInfo[0] =
        {
            DisplayFactor = 0
            LODHysteresis = 0.02
            LODMaterialMap[0] = {}
            bEnableShadowCasting[4] = { true, true, true, true }
        }
        LODInfo[1] =
        {
            DisplayFactor = 0.25
            LODHysteresis = 0.02
            LODMaterialMap[1] = { 0 }
            bEnableShadowCasting[1] = { true }
        }
    }
    Sockets[0] = {}
    bHasVertexColors = false
    EnableTwistBoneFixers = true
    EnableClavicleFixer = true
    Materials[3] =
    {
        Materials[0] = MaterialInstanceConstant'col1'
        Materials[1] = MaterialInstanceConstant'col1_fur'
        Materials[2] = MaterialInstanceConstant'Op'
    }


    Lods[2] =
    {
        Lods[0] =
        {
            Sections[4] =
            {
                Sections[0] = { Material=MaterialInstanceConstant'col1', FirstIndex=0, NumFaces=6227 }
                Sections[1] = { Material=MaterialInstanceConstant'Op', FirstIndex=18681, NumFaces=92 }
                Sections[2] = { Material=MaterialInstanceConstant'col1_fur', FirstIndex=18957, NumFaces=2534 }
                Sections[3] = { Material=MaterialInstanceConstant'col1', FirstIndex=26559, NumFaces=130 }
            }
            NumVerts = 8887
            IndexCount = 26949
            NumTexCoords = 1
        }
        Lods[1] =
        {
            Sections[1] =
            {
                Sections[0] = { Material=MaterialInstanceConstant'col1', FirstIndex=0, NumFaces=2707 }
            }
            NumVerts = 3044
            IndexCount = 8121
            NumTexCoords = 1
        }
    }
    LodCount = 2
    MeshOrigin = { X=-0, Y=-0, Z=-0 }
    MeshScale = { X=1, Y=1, Z=1 }
    RotOrigin = { Yaw=0, Pitch=0, Roll=0 }
    BoneCount = 114
