Found 27000 game files (27 skipped)
Loading package: 00038770.upk Ver: 573/1 Engine: 4205 Names: 403 Exports: 594 Imports: 140 Game: 801A
Loading Material3 FX_deco from package 00038770.upk
WARNING: BoolProperty "UMaterial3::bAcceptRenderDecal" was not found
Loading package: 00012963.upk Ver: 573/1 Engine: 4205 Names: 1264 Exports: 1240 Imports: 10 Game: 801A
Loading Material3 FX_deco1 from package 00038770.upk
WARNING: BoolProperty "UMaterial3::bAcceptRenderDecal" was not found
Loading MaterialInstanceConstant Sword1_INST from package 00038770.upk
Loading package: 00038768.upk Ver: 573/1 Engine: 4205 Names: 33 Exports: 5 Imports: 2 Game: 801A
Loading MaterialInstanceConstant Sword1_INST1 from package 00038770.upk
Loading MaterialInstanceConstant Sword_INST from package 00038770.upk
Loading MaterialInstanceConstant Sword_INST1 from package 00038770.upk
Loading SkeletalMesh3 010305_Autoscale from package 00038770.upk
WARNING: ObjectProperty "USkeletalMesh3::MeshFactorSet" was not found
WARNING: ObjectProperty "USkeletalMesh3::PhysMaterialOverride" was not found
Loading package: 00038769.upk Ver: 573/1 Engine: 4205 Names: 86 Exports: 1 Imports: 21 Game: 801A
Loading SkeletalMeshSocket SkeletalMeshSocket_109 from package 00038770.upk
WARNING: ObjectProperty "USkeletalMeshSocket::DependencyParticleSystem" was not found
Loading SkeletalMeshSocket SkeletalMeshSocket_141 from package 00038770.upk
WARNING: ObjectProperty "USkeletalMeshSocket::DependencyParticleSystem" was not found
Loading StaticMesh3 010171_Autoscale001_FX_MESH003 from package 00038770.upk
Loading package: 00012892.upk Ver: 573/1 Engine: 4205 Names: 929 Exports: 4955 Imports: 320 Game: 801A
Loading Texture2D FX_Mask from package 00038770.upk
Loading Texture2D Noise_006 from package 00012963.upk
Loading Texture2D Noise_Plazma_002 from package 00012963.upk
Loading Texture2D Gradient_Line_R from package 00012963.upk
Loading Texture2D Ref_Cool from package 00012963.upk
Loading Texture2D Unique_Stone_001 from package 00012963.upk
Loading Texture2D Gradient_Flow_000 from package 00012963.upk
Loading Texture2D Noise_013 from package 00012963.upk
Loading Texture2D Noise_005 from package 00012963.upk
Loading Texture2D Noise_Wave_000 from package 00012963.upk
Loading Texture2D 010305_Autoscale_col1_D from package 00038768.upk
Loading MaterialInstanceConstant col1 from package 00038769.upk
Loading package: 00002640.upk Ver: 573/1 Engine: 4205 Names: 340 Exports: 556 Imports: 5 Game: 801A
Loading package: 00002620.upk Ver: 573/1 Engine: 4205 Names: 560 Exports: 6612 Imports: 96 Game: 801A
Loading Material3 001_Mesh_Default_MatM from package 00012892.upk
WARNING: BoolProperty "UMaterial3::bAcceptRenderDecal" was not found
Loading package: 00023713.upk Ver: 573/1 Engine: 4205 Names: 96 Exports: 71 Imports: 4 Game: 801A
Loading Texture2D 010305_Autoscale_col1_N from package 00038768.upk
Loading Texture2D 010305_Autoscale_col1_M from package 00038768.upk
Loading Texture2D 010305_Autoscale_col1_S from package 00038768.upk
Loading TextureCube ban_Cube from package 00002640.upk
Loading Texture2D 010305_Autoscale_col1_E from package 00038768.upk
Loading Material3 Basic_view_reflect from package 00002620.upk
Loading Texture2D Cube000_Tex from package 00023713.upk
Loading Texture2D CubemapFace0 from package 00002640.upk
Loading Texture2D CubemapFace1 from package 00002640.upk
Loading Texture2D CubemapFace2 from package 00002640.upk
Loading Texture2D CubemapFace3 from package 00002640.upk
Loading Texture2D CubemapFace4 from package 00002640.upk
Loading Texture2D CubemapFace5 from package 00002640.upk
Loading Texture2D check_n from package 00002620.upk
Loading Texture2D Noise_Glass_000 from package 00012963.upk
Loading Texture2D Smoke_Pattern_001 from package 00012963.upk
Loading Texture2D Gradient_Wipe_BurnOut_Mask_TEST from package 00012963.upk
Loading Texture2D Gradient_Wipe_BurnOut_Mask from package 00012963.upk
Loading Texture2D check from package 00002620.upk
Loading Texture2D Gradient_Line_003 from package 00012963.upk
Loaded in 0.17 sec, 4623 allocs, 2.36 MBytes serialized in 350931 calls.

Object info:
============
ClassName: Material3 ObjectName: FX_deco

    TwoSided = true
    bDisableDepthTest = false
    bIsMasked = false
    ReferencedTextures[8] =
    {
        ReferencedTextures[0] = Texture2D'Noise_006'
        ReferencedTextures[1] = Texture2D'Noise_Plazma_002'
        ReferencedTextures[2] = Texture2D'Gradient_Line_R'
        ReferencedTextures[3] = Texture2D'Ref_Cool'
        ReferencedTextures[4] = Texture2D'Unique_Stone_001'
        ReferencedTextures[5] = Texture2D'Gradient_Flow_000'
        ReferencedTextures[6] = Texture2D'Noise_013'
        ReferencedTextures[7] = Texture2D'FX_Mask'
    }
    BlendMode = BLEND_Additive (3)
    OpacityMaskClipValue = 0.333
    FlattenedTexture = None
    MobileBaseTexture = None
    MobileNormalTexture = None
    bUseMobileSpecular = false
    MobileSpecularPower = 16
    MobileSpecularMask = MSM_Constant (0)
    MobileMaskTexture = None

Object info:
============
ClassName: Material3 ObjectName: FX_deco1

    TwoSided = false
    bDisableDepthTest = false
    bIsMasked = false
    ReferencedTextures[5] =
    {
        ReferencedTextures[0] = Texture2D'Noise_005'
        ReferencedTextures[1] = Texture2D'Noise_006'
        ReferencedTextures[2] = Texture2D'Noise_Wave_000'
        ReferencedTextures[3] = Texture2D'Unique_Stone_001'
        ReferencedTextures[4] = Texture2D'FX_Mask'
    }
    BlendMode = BLEND_Additive (3)
    OpacityMaskClipValue = 0.333
    FlattenedTexture = None
    MobileBaseTexture = None
    MobileNormalTexture = None
    bUseMobileSpecular = false
    MobileSpecularPower = 16
    MobileSpecularMask = MSM_Constant (0)
    MobileMaskTexture = None

Object info:
============
ClassName: MaterialInstanceConstant ObjectName: Sword1_INST

    ScalarParameterValues[1] =
    {
        ScalarParameterValues[0] = { ParameterName=GBMASK, ParameterValue=0 }
    }
    TextureParameterValues[2] =
    {
        TextureParameterValues[0] = { ParameterName=Diffuse, ParameterValue=Texture2D'010305_Autoscale_col1_D' }
        TextureParameterValues[1] = { ParameterName=Mask_B, ParameterValue=Texture2D'FX_Mask' }
    }
    VectorParameterValues[1] =
    {
        VectorParameterValues[0] =
        {
            ParameterName = dissolve_line_color
            ParameterValue = { R=1, G=1, B=1, A=1 }
        }
    }
    Parent = Material3'FX_deco1'
    FlattenedTexture = None
    MobileBaseTexture = None
    MobileNormalTexture = None
    bUseMobileSpecular = false
    MobileSpecularPower = 16
    MobileSpecularMask = MSM_Constant (0)
    MobileMaskTexture = None

Object info:
============
ClassName: MaterialInstanceConstant ObjectName: Sword1_INST1

    ScalarParameterValues[1] =
    {
        ScalarParameterValues[0] = { ParameterName=GBMASK, ParameterValue=1 }
    }
    TextureParameterValues[1] =
    {
        TextureParameterValues[0] = { ParameterName=Mask_B, ParameterValue=Texture2D'FX_Mask' }
    }
    VectorParameterValues[1] =
    {
        VectorParameterValues[0] =
        {
            ParameterName = dissolve_line_color
            ParameterValue = { R=1, G=1, B=1, A=1 }
        }
    }
    Parent = Material3'FX_deco1'
    FlattenedTexture = None
    MobileBaseTexture = None
    MobileNormalTexture = None
    bUseMobileSpecular = false
    MobileSpecularPower = 16
    MobileSpecularMask = MSM_Constant (0)
    MobileMaskTexture = None

Object info:
============
ClassName: MaterialInstanceConstant ObjectName: Sword_INST

    ScalarParameterValues[1] =
    {
        ScalarParameterValues[0] = { ParameterName=GBMASK, ParameterValue=0 }
    }
    TextureParameterValues[1] =
    {
        TextureParameterValues[0] = { ParameterName=Mask_B, ParameterValue=Texture2D'FX_Mask' }
    }
    VectorParameterValues[1] =
    {
        VectorParameterValues[0] =
        {
            ParameterName = Color
            ParameterValue = { R=5, G=0.7, B=0.166667, A=1 }
        }
    }
    Parent = Material3'FX_deco'
    FlattenedTexture = None
    MobileBaseTexture = None
    MobileNormalTexture = None
    bUseMobileSpecular = false
    MobileSpecularPower = 16
    MobileSpecularMask = MSM_Constant (0)
    MobileMaskTexture = None

Object info:
============
ClassName: MaterialInstanceConstant ObjectName: Sword_INST1

    ScalarParameterValues[1] =
    {
        ScalarParameterValues[0] = { ParameterName=GBMASK, ParameterValue=1 }
    }
    TextureParameterValues[1] =
    {
        TextureParameterValues[0] = { ParameterName=Mask_B, ParameterValue=Texture2D'FX_Mask' }
    }
    VectorParameterValues[1] =
    {
        VectorParameterValues[0] =
        {
            ParameterName = Color
            ParameterValue = { R=4, G=4.5, B=5, A=1 }
        }
    }
    Parent = Material3'FX_deco'
    FlattenedTexture = None
    MobileBaseTexture = None
    MobileNormalTexture = None
    bUseMobileSpecular = false
    MobileSpecularPower = 16
    MobileSpecularMask = MSM_Constant (0)
    MobileMaskTexture = None

Object info:
============
ClassName: SkeletalMesh3 ObjectName: 010305_Autoscale

    LODInfo[1] =
    {
        LODInfo[0] =
        {
            DisplayFactor = 0
            LODHysteresis = 0.02
            LODMaterialMap[0] = {}
            bEnableShadowCasting[1] = { true }
        }
    }
    Sockets[2] =
    {
        Sockets[0] = SkeletalMeshSocket'010305_Autoscale.SkeletalMeshSocket_109'
        Sockets[1] = SkeletalMeshSocket'010305_Autoscale.SkeletalMeshSocket_141'
    }
    bHasVertexColors = false
    EnableTwistBoneFixers = true
    EnableClavicleFixer = true
    Materials[1] = { MaterialInstanceConstant'col1' }


    Lods[1] =
    {
        Lods[0] =
        {
            Sections[1] =
            {
                Sections[0] = { Material=MaterialInstanceConstant'col1', FirstIndex=0, NumFaces=1823 }
            }
            NumVerts = 1404
            IndexCount = 5469
            NumTexCoords = 1
        }
    }
    LodCount = 1
    MeshOrigin = { X=-0, Y=-0, Z=-0 }
    MeshScale = { X=1, Y=1, Z=1 }
    RotOrigin = { Yaw=0, Pitch=0, Roll=0 }
    BoneCount = 3

Object info:
============
ClassName: SkeletalMeshSocket ObjectName: SkeletalMeshSocket_109

    SocketName = FX_Add
    BoneName = WeaponRoot
    RelativeLocation = { X=0, Y=0, Z=0 }
    RelativeRotation = { Yaw=0, Pitch=0, Roll=0 }
    RelativeScale = { X=1, Y=1, Z=1 }

Object info:
============
ClassName: SkeletalMeshSocket ObjectName: SkeletalMeshSocket_141

    SocketName = FX_Add1
    BoneName = WeaponRoot
    RelativeLocation = { X=0, Y=0, Z=15 }
    RelativeRotation = { Yaw=0, Pitch=0, Roll=0 }
    RelativeScale = { X=1, Y=1, Z=1 }

Object info:
============
ClassName: StaticMesh3 ObjectName: 010171_Autoscale001_FX_MESH003

    BodySetup = None
    UseSimpleLineCollision = false
    UseSimpleBoxCollision = false
    UseSimpleRigidBodyCollision = false
    UseFullPrecisionUVs = false
    Bounds =
    {
        Origin = { X=-1.76895, Y=0.0355999, Z=19.3631 }
        BoxExtent = { X=12.878, Y=2.9469, Z=31.1144 }
        SphereRadius = 31.1838
    }
    CanCompressPositions = false
    CanStripNormalsAndTangents = false
    InternalVersion = 18


    Lods[1] =
    {
        Lods[0] =
        {
            Sections[1] =
            {
                Sections[0] = { Material=Material3'001_Mesh_Default_MatM', FirstIndex=0, NumFaces=1355 }
            }
            NumVerts = 2050
            IndexCount = 4065
            NumTexCoords = 1
        }
    }
    LodCount = 1

Object info:
============
ClassName: Texture2D ObjectName: FX_Mask

    SizeX = 256
    SizeY = 256
    Format = PF_DXT1 (5)
    AddressX = TA_Wrap (0)
    AddressY = TA_Wrap (0)
    TextureFileCacheName = None
    MipTailBaseIdx = 8
    bForcePVRTC4 = false
    UnpackMin[4] = { 0, 0, 0, 0 }
    UnpackMax[4] = { 1, 1, 1, 1 }
