Found 21310 game files (132 skipped)
Loading package: 00032455.upk Ver: 573/1 Engine: 4205 Names: 342 Exports: 454 Imports: 151 Game: 801A
Loading MaterialInstanceConstant T3-6_Staff_e_Mesh_INST from package 00032455.upk
Loading package: 00028625.upk Ver: 573/1 Engine: 4205 Names: 41 Exports: 10 Imports: 4 Game: 801A
Loading package: 00028336.upk Ver: 573/1 Engine: 4205 Names: 452 Exports: 884 Imports: 157 Game: 801A
Loading MaterialInstanceConstant T3-6_Staff_edge_INST from package 00032455.upk
Loading package: 00028332.upk Ver: 573/1 Engine: 4205 Names: 446 Exports: 505 Imports: 158 Game: 801A
Loading SkeletalMesh3 060148_Autoscale from package 00032455.upk
WARNING: ObjectProperty "USkeletalMesh3::MeshFactorSet" was not found
WARNING: ObjectProperty "USkeletalMesh3::PhysMaterialOverride" was not found
WARNING: ByteProperty "USkeletalMesh3::ItemPreviewLocType" was not found
Loading package: 00032454.upk Ver: 573/1 Engine: 4205 Names: 93 Exports: 1 Imports: 20 Game: 801A
Loading SkeletalMeshSocket SkeletalMeshSocket_407 from package 00032455.upk
WARNING: ObjectProperty "USkeletalMeshSocket::DependencyParticleSystem" was not found
Loading Texture2D 060113_Autoscale_col1_N from package 00028625.upk
Loading Texture2D 060113_Autoscale_col1_D from package 00028625.upk
Loading Material3 T3-5_Dagger_e from package 00028336.upk
WARNING: BoolProperty "UMaterial3::bAcceptRenderDecal" was not found
Loading package: 00012963.upk Ver: 573/1 Engine: 4205 Names: 1234 Exports: 1209 Imports: 10 Game: 801A
Loading package: 00018336.upk Ver: 573/1 Engine: 4205 Names: 38 Exports: 10 Imports: 2 Game: 801A
Loading Texture2D 060113_Autoscale_col1_E from package 00028625.upk
WARNING: ByteProperty "UTexture2D::ManualLoadSwitchSettings" was not found
Loading Material3 T3-5_Staff_edge from package 00028332.upk
WARNING: BoolProperty "UMaterial3::bUsedWithMaterialEffect" was not found
Loading package: 00018328.upk Ver: 573/1 Engine: 4205 Names: 38 Exports: 10 Imports: 2 Game: 801A
Loading MaterialInstanceConstant col1 from package 00032454.upk
Loading package: 00002640.upk Ver: 573/1 Engine: 4205 Names: 340 Exports: 556 Imports: 5 Game: 801A
Loading package: 00002620.upk Ver: 573/1 Engine: 4205 Names: 560 Exports: 6612 Imports: 96 Game: 801A
Loading Texture2D Noise_006 from package 00012963.upk
Loading Texture2D Ref_Cool from package 00012963.upk
Loading Texture2D Unique_Stone_001 from package 00012963.upk
Loading Texture2D 120046_Autoscale_col2_D from package 00018336.upk
Loading Texture2D 120046_Autoscale_col1_N1 from package 00018336.upk
Loading Texture2D Noise_Plazma_002 from package 00012963.upk
Loading Texture2D Gradient_Line_R from package 00012963.upk
Loading Texture2D Noise_013 from package 00012963.upk
Loading Texture2D T3-5_Staff_060107_Mask from package 00028332.upk
Loading Texture2D Dragon_body_outside_NRM from package 00012963.upk
WARNING: BoolProperty "UTexture2D::bDisableLoadSwitch" was not found
Loading Texture2D Normal_Noise_000 from package 00012963.upk
WARNING: BoolProperty "UTexture2D::bDisableLoadSwitch" was not found
Loading Texture2D Gradient_004 from package 00012963.upk
Loading Texture2D Weapon_060051_col1_N from package 00018328.upk
Loading Texture2D Gradient_Line_R_clamp from package 00012963.upk
Loading Texture2D 060051_Autoscale_col2_D from package 00018328.upk
Loading Texture2D 060113_Autoscale_col1_M from package 00028625.upk
Loading Texture2D 060113_Autoscale_col1_S from package 00028625.upk
Loading TextureCube lenscube from package 00002640.upk
Loading Texture2D Smoke_Pattern_001 from package 00012963.upk
Loading Texture2D check from package 00002620.upk
Loading Material3 Ghost_Basic from package 00002620.upk
Loading Texture2D CubemapFace0 from package 00002640.upk
Loading Texture2D CubemapFace1 from package 00002640.upk
Loading Texture2D CubemapFace2 from package 00002640.upk
Loading Texture2D CubemapFace3 from package 00002640.upk
Loading Texture2D CubemapFace4 from package 00002640.upk
Loading Texture2D CubemapFace5 from package 00002640.upk
Loading Texture2D check_n from package 00002620.upk
Loading Texture2D Gradient_Line_003 from package 00012963.upk
Loading Texture2D Gradient_Wipe_BurnOut_Mask_TEST from package 00012963.upk
Loading Texture2D Gradient_Wipe_BurnOut_Mask from package 00012963.upk
Loaded in 0.26 sec, 4616 allocs, 2.04 MBytes serialized in 259831 calls.

Object info:
============
ClassName: MaterialInstanceConstant ObjectName: T3-6_Staff_e_Mesh_INST

    ScalarParameterValues[0] = {}
    TextureParameterValues[2] =
    {
        TextureParameterValues[0] = { ParameterName=N_Mask, ParameterValue=Texture2D'060113_Autoscale_col1_N' }
        TextureParameterValues[1] = { ParameterName=D_Mask, ParameterValue=Texture2D'060113_Autoscale_col1_D' }
    }
    VectorParameterValues[1] =
    {
        VectorParameterValues[0] =
        {
            ParameterName = Color
            ParameterValue = { R=0.722673, G=0.632043, B=0.329729, A=1 }
        }
    }
    Parent = Material3'T3-5_Dagger_e'
    FlattenedTexture = None
    MobileBaseTexture = None
    MobileNormalTexture = None
    bUseMobileSpecular = false
    MobileSpecularPower = 16
    MobileSpecularMask = MSM_Constant (0)
    MobileMaskTexture = None

Object info:
============
ClassName: MaterialInstanceConstant ObjectName: T3-6_Staff_edge_INST

    ScalarParameterValues[0] = {}
    TextureParameterValues[3] =
    {
        TextureParameterValues[0] = { ParameterName=FX_Mask, ParameterValue=Texture2D'060113_Autoscale_col1_E' }
        TextureParameterValues[1] = { ParameterName=D, ParameterValue=Texture2D'060113_Autoscale_col1_D' }
        TextureParameterValues[2] = { ParameterName=N, ParameterValue=Texture2D'060113_Autoscale_col1_N' }
    }
    VectorParameterValues[2] =
    {
        VectorParameterValues[0] =
        {
            ParameterName = 000
            ParameterValue = { R=0, G=0, B=0, A=1 }
        }
        VectorParameterValues[1] =
        {
            ParameterName = None
            ParameterValue = { R=0.831373, G=0.286275, B=0.070588, A=1 }
        }
    }
    Parent = Material3'T3-5_Staff_edge'
    FlattenedTexture = None
    MobileBaseTexture = None
    MobileNormalTexture = None
    bUseMobileSpecular = false
    MobileSpecularPower = 16
    MobileSpecularMask = MSM_Constant (0)
    MobileMaskTexture = None

Object info:
============
ClassName: SkeletalMesh3 ObjectName: 060148_Autoscale

    LODInfo[1] =
    {
        LODInfo[0] =
        {
            DisplayFactor = 0
            LODHysteresis = 0.02
            LODMaterialMap[0] = {}
            bEnableShadowCasting[1] = { true }
        }
    }
    Sockets[1] = { SkeletalMeshSocket'060148_Autoscale.SkeletalMeshSocket_407' }
    bHasVertexColors = false
    EnableTwistBoneFixers = true
    EnableClavicleFixer = true
    Materials[1] = { MaterialInstanceConstant'col1' }


    Lods[1] =
    {
        Lods[0] =
        {
            Sections[1] =
            {
                Sections[0] = { Material=MaterialInstanceConstant'col1', FirstIndex=0, NumFaces=1782 }
            }
            NumVerts = 1740
            IndexCount = 5346
            NumTexCoords = 1
        }
    }
    LodCount = 1
    MeshOrigin = { X=-0, Y=-0, Z=-0 }
    MeshScale = { X=1, Y=1, Z=1 }
    RotOrigin = { Yaw=0, Pitch=0, Roll=0 }
    BoneCount = 2

Object info:
============
ClassName: SkeletalMeshSocket ObjectName: SkeletalMeshSocket_407

    SocketName = FX_Add
    BoneName = WeaponRoot
    RelativeLocation = { X=0, Y=0, Z=0 }
    RelativeRotation = { Yaw=0, Pitch=0, Roll=0 }
    RelativeScale = { X=1, Y=1, Z=1 }
