Found 21975 game files (132 skipped)
Loading package: 00030535.upk Ver: 573/1 Engine: 4205 Names: 132 Exports: 65 Imports: 15 Game: 801A
Loading SkeletalMesh3 Cloth_0029 from package 00030535.upk
Loading package: 00030536.upk Ver: 573/1 Engine: 4205 Names: 101 Exports: 4 Imports: 25 Game: 801A
Loading MaterialInstanceConstant col1 from package 00030536.upk
Loading package: 00030534.upk Ver: 573/1 Engine: 4205 Names: 40 Exports: 8 Imports: 6 Game: 801A
Loading package: 00012963.upk Ver: 573/1 Engine: 4205 Names: 1236 Exports: 1211 Imports: 10 Game: 801A
Loading package: 00002620.upk Ver: 573/1 Engine: 4205 Names: 560 Exports: 6612 Imports: 96 Game: 801A
Loading MaterialInstanceConstant col1_1 from package 00030536.upk
Loading package: 00002640.upk Ver: 573/1 Engine: 4205 Names: 340 Exports: 556 Imports: 5 Game: 801A
Loading Texture2D Summon_Cat_Cloth_0029_col1_N from package 00030534.upk
Loading Texture2D Summon_Cat_Cloth_0029_col1_M from package 00030534.upk
Loading Texture2D Summon_Cat_Cloth_0029_col1_D from package 00030534.upk
Loading Texture2D Summon_Cat_Cloth_0029_col1_S from package 00030534.upk
Loading Texture2D Smoke_Pattern_001 from package 00012963.upk
Loading Material3 Fur from package 00002620.upk
Loading Texture2D fur_Nfur_D from package 00030534.upk
Loading Texture2D fur_Dfur_D from package 00030534.upk
Loading Texture2D fur_Sfur_D from package 00030534.upk
Loading TextureCube Cube_D from package 00002640.upk
Loading Texture2D check from package 00002620.upk
Loading Material3 Basic from package 00002620.upk
Loading Texture2D check_n from package 00002620.upk
Loading Texture2D Noise_Glass_000 from package 00012963.upk
Loading Texture2D Gradient_Wipe_BurnOut_Mask_TEST from package 00012963.upk
Loading Texture2D Gradient_Wipe_BurnOut_Mask from package 00012963.upk
Loading Texture2D Gradient_Line_003 from package 00012963.upk
Loading Texture2D CubemapFace0 from package 00002640.upk
Loading Texture2D CubemapFace1 from package 00002640.upk
Loading Texture2D CubemapFace2 from package 00002640.upk
Loading Texture2D CubemapFace3 from package 00002640.upk
Loading Texture2D CubemapFace4 from package 00002640.upk
Loading Texture2D CubemapFace5 from package 00002640.upk
Loaded in 0.29 sec, 3042 allocs, 2.43 MBytes serialized in 269771 calls.

Object info:
============
ClassName: SkeletalMesh3 ObjectName: Cloth_0029

    LODInfo[1] =
    {
        LODInfo[0] =
        {
            DisplayFactor = 0
            LODHysteresis = 0.02
            LODMaterialMap[0] = {}
            bEnableShadowCasting[2] = { true, true }
        }
    }
    Sockets[0] = {}
    bHasVertexColors = false
    EnableTwistBoneFixers = true
    EnableClavicleFixer = true
    Materials[2] = { MaterialInstanceConstant'col1', MaterialInstanceConstant'col1_1' }


    Lods[1] =
    {
        Lods[0] =
        {
            Sections[2] =
            {
                Sections[0] = { Material=MaterialInstanceConstant'col1', FirstIndex=0, NumFaces=2628 }
                Sections[1] = { Material=MaterialInstanceConstant'col1_1', FirstIndex=7884, NumFaces=880 }
            }
            NumVerts = 2676
            IndexCount = 10524
            NumTexCoords = 1
        }
    }
    LodCount = 1
    MeshOrigin = { X=-0, Y=-0, Z=-0 }
    MeshScale = { X=1, Y=1, Z=1 }
    RotOrigin = { Yaw=0, Pitch=0, Roll=0 }
    BoneCount = 44
