Found 27000 game files (27 skipped)
Loading package: 00036781.upk Ver: 573/1 Engine: 4205 Names: 256 Exports: 100 Imports: 71 Game: 801A
Loading SkeletalMesh3 090115_JinM from package 00036781.upk
Loading package: 00036780.upk Ver: 573/1 Engine: 4205 Names: 73 Exports: 1 Imports: 19 Game: 801A
Loading SkeletalMeshSocket SkeletalMeshSocket_94 from package 00036781.upk
WARNING: ObjectProperty "USkeletalMeshSocket::DependencyParticleSystem" was not found
Loading SkeletalMeshSocket SkeletalMeshSocket_95 from package 00036781.upk
WARNING: ObjectProperty "USkeletalMeshSocket::DependencyParticleSystem" was not found
Loading MaterialInstanceConstant col1 from package 00036780.upk
Loading package: 00036688.upk Ver: 573/1 Engine: 4205 Names: 28 Exports: 3 Imports: 2 Game: 801A
Loading package: 00002640.upk Ver: 573/1 Engine: 4205 Names: 340 Exports: 556 Imports: 5 Game: 801A
Loading package: 00012963.upk Ver: 573/1 Engine: 4205 Names: 1264 Exports: 1240 Imports: 10 Game: 801A
Loading package: 00035757.upk Ver: 573/1 Engine: 4205 Names: 147 Exports: 66 Imports: 40 Game: 801A
Loading Texture2D 090113_JinF_col1_N from package 00036688.upk
Loading Texture2D 090113_JinF_col1_D from package 00036688.upk
Loading Texture2D 090113_JinF_col1_s from package 00036688.upk
Loading TextureCube eye3 from package 00002640.upk
Loading Texture2D Unique_SpiderWeb_001 from package 00012963.upk
Loading Texture2D 090098_JinF_col1_D_re_mask from package 00012963.upk
Loading Material3 Blend_OP_FX from package 00035757.upk
Loading package: 00002620.upk Ver: 573/1 Engine: 4205 Names: 560 Exports: 6612 Imports: 96 Game: 801A
Loading Texture2D CubemapFace0 from package 00002640.upk
Loading Texture2D CubemapFace1 from package 00002640.upk
Loading Texture2D CubemapFace2 from package 00002640.upk
Loading Texture2D CubemapFace3 from package 00002640.upk
Loading Texture2D CubemapFace4 from package 00002640.upk
Loading Texture2D CubemapFace5 from package 00002640.upk
Loading Texture2D check_n from package 00002620.upk
Loading Texture2D check from package 00002620.upk
Loading Texture2D Smoke_Pattern_001 from package 00012963.upk
Loading Texture2D Gradient_Line_003 from package 00012963.upk
Loaded in 0.083 sec, 3141 allocs, 1.04 MBytes serialized in 181228 calls.

Object info:
============
ClassName: SkeletalMesh3 ObjectName: 090115_JinM

    LODInfo[1] =
    {
        LODInfo[0] =
        {
            DisplayFactor = 0
            LODHysteresis = 0.02
            LODMaterialMap[0] = {}
            bEnableShadowCasting[1] = { true }
        }
    }
    Sockets[2] =
    {
        Sockets[0] = SkeletalMeshSocket'090115_JinM.SkeletalMeshSocket_94'
        Sockets[1] = SkeletalMeshSocket'090115_JinM.SkeletalMeshSocket_95'
    }
    bHasVertexColors = false
    EnableTwistBoneFixers = true
    EnableClavicleFixer = true
    Materials[1] = { MaterialInstanceConstant'col1' }


    Lods[1] =
    {
        Lods[0] =
        {
            Sections[1] =
            {
                Sections[0] = { Material=MaterialInstanceConstant'col1', FirstIndex=0, NumFaces=432 }
            }
            NumVerts = 336
            IndexCount = 1296
            NumTexCoords = 1
        }
    }
    LodCount = 1
    MeshOrigin = { X=-0, Y=-0, Z=-0 }
    MeshScale = { X=1, Y=1, Z=1 }
    RotOrigin = { Yaw=0, Pitch=0, Roll=0 }
    BoneCount = 13

Object info:
============
ClassName: SkeletalMeshSocket ObjectName: SkeletalMeshSocket_94

    SocketName = Butterflywings
    BoneName = Bone_Spine2_Acc_BCL_01
    RelativeLocation = { X=0, Y=0, Z=0 }
    RelativeRotation = { Yaw=0, Pitch=0, Roll=0 }
    RelativeScale = { X=1, Y=1, Z=1 }

Object info:
============
ClassName: SkeletalMeshSocket ObjectName: SkeletalMeshSocket_95

    SocketName = ButterflywingsR
    BoneName = Bone_Spine2_Acc_BCR_01
    RelativeLocation = { X=0, Y=0, Z=0 }
    RelativeRotation = { Yaw=0, Pitch=0, Roll=32768 }
    RelativeScale = { X=1, Y=1, Z=1 }
