Found 27000 game files (27 skipped)
Loading package: 00034991.upk Ver: 573/1 Engine: 4205 Names: 164 Exports: 110 Imports: 16 Game: 801A
Loading SkeletalMesh3 Cloth_0035 from package 00034991.upk
Loading package: 00034990.upk Ver: 573/1 Engine: 4205 Names: 76 Exports: 1 Imports: 17 Game: 801A
Loading MaterialInstanceConstant col1 from package 00034990.upk
Loading package: 00034989.upk Ver: 573/1 Engine: 4205 Names: 40 Exports: 8 Imports: 8 Game: 801A
Loading package: 00002620.upk Ver: 573/1 Engine: 4205 Names: 560 Exports: 6612 Imports: 96 Game: 801A
Loading Texture2D Cloth_0035_col1_N from package 00034989.upk
Loading Texture2D Cloth_0035_col1_M from package 00034989.upk
Loading Texture2D Cloth_0035_col1_S from package 00034989.upk
Loading Texture2D Cloth_0035_col1_D from package 00034989.upk
Loading Texture2D check from package 00002620.upk
Loading Material3 Fur_Ac from package 00002620.upk
Loading package: 00012963.upk Ver: 573/1 Engine: 4205 Names: 1264 Exports: 1240 Imports: 10 Game: 801A
Loading Texture2D check_n from package 00002620.upk
Loading Texture2D Noise_Glass_000 from package 00012963.upk
Loading Texture2D Smoke_Pattern_001 from package 00012963.upk
Loading Texture2D Gradient_Wipe_BurnOut_Mask_TEST from package 00012963.upk
Loading Texture2D Gradient_Wipe_BurnOut_Mask from package 00012963.upk
Loading Texture2D Gradient_Line_003 from package 00012963.upk
Loaded in 0.073 sec, 2482 allocs, 1.48 MBytes serialized in 202784 calls.

Object info:
============
ClassName: SkeletalMesh3 ObjectName: Cloth_0035

    LODInfo[1] =
    {
        LODInfo[0] =
        {
            DisplayFactor = 0
            LODHysteresis = 0.02
            LODMaterialMap[0] = {}
            bEnableShadowCasting[1] = { true }
        }
    }
    Sockets[0] = {}
    bHasVertexColors = false
    EnableTwistBoneFixers = true
    EnableClavicleFixer = true
    Materials[1] = { MaterialInstanceConstant'col1' }


    Lods[1] =
    {
        Lods[0] =
        {
            Sections[1] =
            {
                Sections[0] = { Material=MaterialInstanceConstant'col1', FirstIndex=0, NumFaces=1914 }
            }
            NumVerts = 1222
            IndexCount = 5742
            NumTexCoords = 1
        }
    }
    LodCount = 1
    MeshOrigin = { X=-0, Y=-0, Z=-0 }
    MeshScale = { X=1, Y=1, Z=1 }
    RotOrigin = { Yaw=0, Pitch=0, Roll=0 }
    BoneCount = 74
