Found 27000 game files (27 skipped)
Loading package: 00037478.upk Ver: 573/1 Engine: 4205 Names: 164 Exports: 17 Imports: 50 Game: 801A
Loading AnimSet 990251_Autoscale_AnimSet from package 00037478.upk
WARNING: BoolProperty "UAnimSet::bServiced" was not found
WARNING: ArrayProperty "UAnimSet::AdjustAniScaleBoneNames" was not found
WARNING: ArrayProperty "UAnimSet::RefSequences" was not found
Loading AnimSequence AnimSequence_0 from package 00037478.upk
WARNING: BoolProperty "UAnimSequence::bServiced" was not found
Loading AnimSequence AnimSequence_1 from package 00037478.upk
WARNING: BoolProperty "UAnimSequence::bServiced" was not found
Loading AnimSequence AnimSequence_156 from package 00037478.upk
WARNING: BoolProperty "UAnimSequence::bServiced" was not found
Loading AnimSequence AnimSequence_157 from package 00037478.upk
WARNING: BoolProperty "UAnimSequence::bServiced" was not found
Loading AnimSequence AnimSequence_158 from package 00037478.upk
WARNING: BoolProperty "UAnimSequence::bServiced" was not found
Loading AnimSequence AnimSequence_2 from package 00037478.upk
WARNING: BoolProperty "UAnimSequence::bServiced" was not found
Loading SkeletalMesh3 990251_Autoscale from package 00037478.upk
WARNING: ObjectProperty "USkeletalMesh3::PhysMaterialOverride" was not found
WARNING: BoolProperty "USkeletalMesh3::bUseAutoAnimset" was not found
Loading package: 00037477.upk Ver: 573/1 Engine: 4205 Names: 91 Exports: 1 Imports: 20 Game: 801A
Loading SkeletalMeshSocket SkeletalMeshSocket_123 from package 00037478.upk
Loading SkeletalMeshSocket SkeletalMeshSocket_124 from package 00037478.upk
Loading MaterialInstanceConstant col1 from package 00037477.upk
Loading package: 00037476.upk Ver: 573/1 Engine: 4205 Names: 33 Exports: 5 Imports: 2 Game: 801A
Loading package: 00002640.upk Ver: 573/1 Engine: 4205 Names: 340 Exports: 556 Imports: 5 Game: 801A
Loading package: 00002620.upk Ver: 573/1 Engine: 4205 Names: 560 Exports: 6612 Imports: 96 Game: 801A
Loading Texture2D 990251_Autoscale_col1_N from package 00037476.upk
Loading Texture2D 990251_Autoscale_col1_M from package 00037476.upk
Loading Texture2D 990251_Autoscale_col1_D from package 00037476.upk
Loading Texture2D 990251_Autoscale_col1_S from package 00037476.upk
Loading TextureCube lenscube_a from package 00002640.upk
Loading Texture2D 990251_Autoscale_col1_E from package 00037476.upk
Loading Material3 Basic from package 00002620.upk
Loading package: 00012963.upk Ver: 573/1 Engine: 4205 Names: 1264 Exports: 1240 Imports: 10 Game: 801A
Loading Texture2D CubemapFace0 from package 00002640.upk
Loading Texture2D CubemapFace1 from package 00002640.upk
Loading Texture2D CubemapFace2 from package 00002640.upk
Loading Texture2D CubemapFace3 from package 00002640.upk
Loading Texture2D CubemapFace4 from package 00002640.upk
Loading Texture2D CubemapFace5 from package 00002640.upk
Loading Texture2D check_n from package 00002620.upk
Loading Texture2D check from package 00002620.upk
Loading Texture2D Smoke_Pattern_001 from package 00012963.upk
Loading Texture2D Gradient_Line_003 from package 00012963.upk
Loading Texture2D Gradient_Wipe_BurnOut_Mask_TEST from package 00012963.upk
Loading Texture2D Gradient_Wipe_BurnOut_Mask from package 00012963.upk
Loaded in 0.11 sec, 3082 allocs, 1.35 MBytes serialized in 272439 calls.

Object info:
============
ClassName: AnimSequence ObjectName: AnimSequence_0

    SequenceName = SW_B_None_Skl_ElecBomb_exec4
    SequenceLength = 0.4
    NumFrames = 12
    RateScale = 1
    bNoLoopingInterpolation = false
    RawAnimData[0] = {}
    TranslationCompressionFormat = ACF_None (0)
    RotationCompressionFormat = <unknown> (255)
    KeyEncodingFormat = AKF_ConstantKeyLerp (0)
    CompressedTrackOffsets[16] = { 0, 1, 12, 1, 24, 1, 36, 1, 48, 12, 192, 1, 204, 12, 348, 1 }
    bIsAdditive = false
    AdditiveRefName = None
    KeyFrameData[0] = {}
    m_pBioAnimSetData = None
    CompressedTrackTimeOffsets[0] = {}
    Tracks[0] = {}
    TrackOffsets[0] = {}

Object info:
============
ClassName: AnimSet ObjectName: 990251_Autoscale_AnimSet

    bAnimRotationOnly = false
    TrackBoneNames[4] = { WeaponRoot, Weapon_Scale_Dummy01, R_Weapon_Bone01, L_Weapon_Bone10 }
    Sequences[6] =
    {
        Sequences[0] = AnimSequence'990251_Autoscale_AnimSet.AnimSequence_1'
        Sequences[1] = AnimSequence'990251_Autoscale_AnimSet.AnimSequence_0'
        Sequences[2] = AnimSequence'990251_Autoscale_AnimSet.AnimSequence_2'
        Sequences[3] = AnimSequence'990251_Autoscale_AnimSet.AnimSequence_156'
        Sequences[4] = AnimSequence'990251_Autoscale_AnimSet.AnimSequence_158'
        Sequences[5] = AnimSequence'990251_Autoscale_AnimSet.AnimSequence_157'
    }
    UseTranslationBoneNames[0] = {}
    ForceMeshTranslationBoneNames[0] = {}
    PreviewSkelMeshName = 00037478.990251_Autoscale
    BulkDataBlocks[0] = {}
    KeyFrameSize = 0
    RotationChannels = 0
    TranslationChannels = 0
    m_pBioAnimSetData = None

Object info:
============
ClassName: AnimSequence ObjectName: AnimSequence_1

    SequenceName = SW_B_None_Skl_ElecBomb_cast
    SequenceLength = 0.8
    NumFrames = 24
    RateScale = 1
    bNoLoopingInterpolation = false
    RawAnimData[0] = {}
    TranslationCompressionFormat = ACF_None (0)
    RotationCompressionFormat = <unknown> (255)
    KeyEncodingFormat = AKF_ConstantKeyLerp (0)
    CompressedTrackOffsets[16] = { 0, 1, 12, 1, 24, 1, 36, 1, 48, 24, 336, 1, 348, 24, 636, 1 }
    bIsAdditive = false
    AdditiveRefName = None
    KeyFrameData[0] = {}
    m_pBioAnimSetData = None
    CompressedTrackTimeOffsets[0] = {}
    Tracks[0] = {}
    TrackOffsets[0] = {}

Object info:
============
ClassName: AnimSequence ObjectName: AnimSequence_156

    SequenceName = SW_B_None_Skl_LightningLod_cast
    SequenceLength = 2.7
    NumFrames = 81
    RateScale = 1
    bNoLoopingInterpolation = false
    RawAnimData[0] = {}
    TranslationCompressionFormat = ACF_None (0)
    RotationCompressionFormat = <unknown> (255)
    KeyEncodingFormat = AKF_ConstantKeyLerp (0)
    CompressedTrackOffsets[16] = { 0, 1, 12, 1, 24, 1, 36, 1, 48, 81, 1020, 1, 1032, 81, 2004, 1 }
    bIsAdditive = false
    AdditiveRefName = None
    KeyFrameData[0] = {}
    m_pBioAnimSetData = None
    CompressedTrackTimeOffsets[0] = {}
    Tracks[0] = {}
    TrackOffsets[0] = {}

Object info:
============
ClassName: AnimSequence ObjectName: AnimSequence_157

    SequenceName = SW_B_None_Skl_LightningLod_fire
    SequenceLength = 1.2
    NumFrames = 36
    RateScale = 1
    bNoLoopingInterpolation = false
    RawAnimData[0] = {}
    TranslationCompressionFormat = ACF_None (0)
    RotationCompressionFormat = <unknown> (255)
    KeyEncodingFormat = AKF_ConstantKeyLerp (0)
    CompressedTrackOffsets[16] = { 0, 1, 12, 1, 24, 1, 36, 1, 48, 36, 480, 1, 492, 36, 924, 1 }
    bIsAdditive = false
    AdditiveRefName = None
    KeyFrameData[0] = {}
    m_pBioAnimSetData = None
    CompressedTrackTimeOffsets[0] = {}
    Tracks[0] = {}
    TrackOffsets[0] = {}

Object info:
============
ClassName: AnimSequence ObjectName: AnimSequence_158

    SequenceName = SW_B_None_Skl_LightningLod_exec
    SequenceLength = 0.9
    NumFrames = 27
    RateScale = 1
    bNoLoopingInterpolation = false
    RawAnimData[0] = {}
    TranslationCompressionFormat = ACF_None (0)
    RotationCompressionFormat = <unknown> (255)
    KeyEncodingFormat = AKF_ConstantKeyLerp (0)
    CompressedTrackOffsets[16] = { 0, 1, 12, 1, 24, 1, 36, 1, 48, 1, 60, 1, 72, 1, 84, 1 }
    bIsAdditive = false
    AdditiveRefName = None
    KeyFrameData[0] = {}
    m_pBioAnimSetData = None
    CompressedTrackTimeOffsets[0] = {}
    Tracks[0] = {}
    TrackOffsets[0] = {}

Object info:
============
ClassName: AnimSequence ObjectName: AnimSequence_2

    SequenceName = SW_B_None_Skl_ElecBomb_idle
    SequenceLength = 0.0333333
    NumFrames = 1
    RateScale = 1
    bNoLoopingInterpolation = false
    RawAnimData[0] = {}
    TranslationCompressionFormat = ACF_None (0)
    RotationCompressionFormat = <unknown> (255)
    KeyEncodingFormat = AKF_ConstantKeyLerp (0)
    CompressedTrackOffsets[16] = { 0, 1, 12, 1, 24, 1, 36, 1, 48, 1, 60, 1, 72, 1, 84, 1 }
    bIsAdditive = false
    AdditiveRefName = None
    KeyFrameData[0] = {}
    m_pBioAnimSetData = None
    CompressedTrackTimeOffsets[0] = {}
    Tracks[0] = {}
    TrackOffsets[0] = {}

Object info:
============
ClassName: SkeletalMesh3 ObjectName: 990251_Autoscale

    LODInfo[1] =
    {
        LODInfo[0] =
        {
            DisplayFactor = 0
            LODHysteresis = 0.02
            LODMaterialMap[0] = {}
            bEnableShadowCasting[1] = { true }
        }
    }
    Sockets[2] =
    {
        Sockets[0] = SkeletalMeshSocket'990251_Autoscale.SkeletalMeshSocket_123'
        Sockets[1] = SkeletalMeshSocket'990251_Autoscale.SkeletalMeshSocket_124'
    }
    bHasVertexColors = false
    EnableTwistBoneFixers = true
    EnableClavicleFixer = true
    Materials[1] = { MaterialInstanceConstant'col1' }


    Lods[1] =
    {
        Lods[0] =
        {
            Sections[1] =
            {
                Sections[0] = { Material=MaterialInstanceConstant'col1', FirstIndex=0, NumFaces=3020 }
            }
            NumVerts = 3198
            IndexCount = 9060
            NumTexCoords = 1
        }
    }
    LodCount = 1
    MeshOrigin = { X=-0, Y=-0, Z=-0 }
    MeshScale = { X=1, Y=1, Z=1 }
    RotOrigin = { Yaw=0, Pitch=0, Roll=0 }
    BoneCount = 38

Object info:
============
ClassName: SkeletalMeshSocket ObjectName: SkeletalMeshSocket_123

    SocketName = trail_start
    BoneName = WeaponRoot
    RelativeLocation = { X=0, Y=0, Z=-111.75 }
    RelativeRotation = { Yaw=0, Pitch=0, Roll=0 }
    RelativeScale = { X=1, Y=1, Z=1 }

Object info:
============
ClassName: SkeletalMeshSocket ObjectName: SkeletalMeshSocket_124

    SocketName = trail_end
    BoneName = WeaponRoot
    RelativeLocation = { X=0, Y=0, Z=94 }
    RelativeRotation = { Yaw=0, Pitch=0, Roll=0 }
    RelativeScale = { X=1, Y=1, Z=1 }
