Found 21974 game files (0 skipped)
Loading package: 00032934.upk Ver: 573/1 Engine: 4205 Names: 110 Exports: 57 Imports: 14 Game: 801A
Loading SkeletalMesh3 040201_KunN from package 00032934.upk
Loading package: 00032933.upk Ver: 573/1 Engine: 4205 Names: 112 Exports: 2 Imports: 28 Game: 801A
Loading MaterialInstanceConstant col1 from package 00032933.upk
Loading package: 00032906.upk Ver: 573/1 Engine: 4205 Names: 37 Exports: 9 Imports: 2 Game: 801A
Loading package: 00029187.upk Ver: 573/1 Engine: 4205 Names: 37 Exports: 9 Imports: 2 Game: 801A
Loading package: 00002640.upk Ver: 573/1 Engine: 4205 Names: 340 Exports: 556 Imports: 5 Game: 801A
Loading package: 00002620.upk Ver: 573/1 Engine: 4205 Names: 560 Exports: 6612 Imports: 96 Game: 801A
Loading MaterialInstanceConstant col1_acc from package 00032933.upk
Loading Texture2D 040201_JinF_col1_D from package 00032906.upk
Loading Texture2D 040201_JinF_col1_S from package 00032906.upk
Loading Texture2D 040170_JinF_col1_N from package 00029187.upk
Loading Texture2D 040170_JinF_col1_M from package 00029187.upk
Loading TextureCube Cube_D from package 00002640.upk
Loading Texture2D check from package 00002620.upk
Loading Material3 Hair_Ac from package 00002620.upk
Loading package: 00012963.upk Ver: 573/1 Engine: 4205 Names: 1236 Exports: 1211 Imports: 10 Game: 801A
Loading Texture2D 040201_JinF_col1_N2 from package 00032906.upk
Loading Texture2D 040201_JinF_col1_M2 from package 00032906.upk
Loading Texture2D 040201_JinF_col1_D2 from package 00032906.upk
Loading Texture2D 040201_JinF_col1_S2 from package 00032906.upk
Loading TextureCube lenscube_c from package 00002640.upk
Loading Texture2D 040201_JinF_col1_E2 from package 00032906.upk
Loading Material3 Basic from package 00002620.upk
Loading Texture2D CubemapFace0 from package 00002640.upk
Loading Texture2D CubemapFace1 from package 00002640.upk
Loading Texture2D CubemapFace2 from package 00002640.upk
Loading Texture2D CubemapFace3 from package 00002640.upk
Loading Texture2D CubemapFace4 from package 00002640.upk
Loading Texture2D CubemapFace5 from package 00002640.upk
Loading Texture2D check_n from package 00002620.upk
Loading Texture2D Noise_Glass_000 from package 00012963.upk
Loading Texture2D Smoke_Pattern_000 from package 00012963.upk
Loading Texture2D Smoke_Pattern_001 from package 00012963.upk
Loading Texture2D Gradient_Wipe_BurnOut_Mask_TEST from package 00012963.upk
Loading Texture2D Gradient_Wipe_BurnOut_Mask from package 00012963.upk
Loading Texture2D Gradient_Line_003 from package 00012963.upk
Loading Texture2D CubemapFace0 from package 00002640.upk
Loading Texture2D CubemapFace1 from package 00002640.upk
Loading Texture2D CubemapFace2 from package 00002640.upk
Loading Texture2D CubemapFace3 from package 00002640.upk
Loading Texture2D CubemapFace4 from package 00002640.upk
Loading Texture2D CubemapFace5 from package 00002640.upk
Loaded in 0.22 sec, 3314 allocs, 2.84 MBytes serialized in 415550 calls.

Object info:
============
ClassName: SkeletalMesh3 ObjectName: 040201_KunN

    LODInfo[1] =
    {
        LODInfo[0] =
        {
            DisplayFactor = 0
            LODHysteresis = 0.02
            LODMaterialMap[0] = {}
            bEnableShadowCasting[2] = { true, true }
        }
    }
    Sockets[0] = {}
    bHasVertexColors = false
    EnableTwistBoneFixers = true
    EnableClavicleFixer = true
    Materials[2] = { MaterialInstanceConstant'col1', MaterialInstanceConstant'col1_acc' }


    Lods[1] =
    {
        Lods[0] =
        {
            Sections[2] =
            {
                Sections[0] = { Material=MaterialInstanceConstant'col1', FirstIndex=0, NumFaces=7647 }
                Sections[1] = { Material=MaterialInstanceConstant'col1_acc', FirstIndex=22941, NumFaces=1425 }
            }
            NumVerts = 6887
            IndexCount = 27216
            NumTexCoords = 1
        }
    }
    LodCount = 1
    MeshOrigin = { X=-0, Y=-0, Z=-0 }
    MeshScale = { X=1, Y=1, Z=1 }
    RotOrigin = { Yaw=0, Pitch=0, Roll=0 }
    BoneCount = 19
