Found 21975 game files (132 skipped)
Loading package: 00031903.upk Ver: 573/1 Engine: 4205 Names: 241 Exports: 129 Imports: 23 Game: 801A
Loading SkeletalMesh3 60142_LynM from package 00031903.upk
WARNING: FloatProperty "USkeletalMesh3::AutoScale" was not found
WARNING: FloatProperty "USkeletalMesh3::EffectScale" was not found
WARNING: ObjectProperty "USkeletalMesh3::MeshFactorSet" was not found
WARNING: ObjectProperty "USkeletalMesh3::PhysMaterialOverride" was not found
WARNING: ObjectProperty "USkeletalMesh3::PlaySoundSet" was not found
WARNING: FloatProperty "USkeletalMesh3::AddFootOffsetValue" was not found
WARNING: FloatProperty "USkeletalMesh3::AnimNameHeight" was not found
WARNING: FloatProperty "USkeletalMesh3::NormalNameHeight" was not found
WARNING: FloatProperty "USkeletalMesh3::LowNameHeight" was not found
WARNING: ArrayProperty "USkeletalMesh3::NameplateMeshScaleRatio" was not found
WARNING: StructProperty "USkeletalMesh3::NameplateHeightRatio" was not found
WARNING: ArrayProperty "USkeletalMesh3::MeshScaleRatio" was not found
WARNING: StructProperty "USkeletalMesh3::HeightRatio" was not found
WARNING: StructProperty "USkeletalMesh3::HandRatio" was not found
WARNING: ByteProperty "USkeletalMesh3::CommonPhysicsUseFlag" was not found
Loading package: 00031902.upk Ver: 573/1 Engine: 4205 Names: 95 Exports: 1 Imports: 22 Game: 801A
Loading SkeletalMeshSocket SkeletalMeshSocket_1007 from package 00031903.upk
WARNING: ObjectProperty "USkeletalMeshSocket::DependencyParticleSystem" was not found
Loading SkeletalMeshSocket SkeletalMeshSocket_1068 from package 00031903.upk
WARNING: ObjectProperty "USkeletalMeshSocket::DependencyParticleSystem" was not found
Loading SkeletalMeshSocket SkeletalMeshSocket_1089 from package 00031903.upk
WARNING: ObjectProperty "USkeletalMeshSocket::DependencyParticleSystem" was not found
Loading SkeletalMeshSocket SkeletalMeshSocket_1110 from package 00031903.upk
WARNING: ObjectProperty "USkeletalMeshSocket::DependencyParticleSystem" was not found
Loading SkeletalMeshSocket SkeletalMeshSocket_1131 from package 00031903.upk
WARNING: ObjectProperty "USkeletalMeshSocket::DependencyParticleSystem" was not found
Loading SkeletalMeshSocket SkeletalMeshSocket_1152 from package 00031903.upk
WARNING: ObjectProperty "USkeletalMeshSocket::DependencyParticleSystem" was not found
Loading SkeletalMeshSocket SkeletalMeshSocket_331 from package 00031903.upk
WARNING: ObjectProperty "USkeletalMeshSocket::DependencyParticleSystem" was not found
Loading SkeletalMeshSocket SkeletalMeshSocket_352 from package 00031903.upk
WARNING: ObjectProperty "USkeletalMeshSocket::DependencyParticleSystem" was not found
Loading SkeletalMeshSocket SkeletalMeshSocket_373 from package 00031903.upk
WARNING: ObjectProperty "USkeletalMeshSocket::DependencyParticleSystem" was not found
Loading SkeletalMeshSocket SkeletalMeshSocket_596 from package 00031903.upk
WARNING: ObjectProperty "USkeletalMeshSocket::DependencyParticleSystem" was not found
Loading SkeletalMeshSocket SkeletalMeshSocket_617 from package 00031903.upk
WARNING: ObjectProperty "USkeletalMeshSocket::DependencyParticleSystem" was not found
Loading SkeletalMeshSocket SkeletalMeshSocket_798 from package 00031903.upk
WARNING: ObjectProperty "USkeletalMeshSocket::DependencyParticleSystem" was not found
Loading SkeletalMeshSocket SkeletalMeshSocket_819 from package 00031903.upk
WARNING: ObjectProperty "USkeletalMeshSocket::DependencyParticleSystem" was not found
Loading SkeletalMeshSocket SkeletalMeshSocket_840 from package 00031903.upk
WARNING: ObjectProperty "USkeletalMeshSocket::DependencyParticleSystem" was not found
Loading SkeletalMeshSocket SkeletalMeshSocket_861 from package 00031903.upk
WARNING: ObjectProperty "USkeletalMeshSocket::DependencyParticleSystem" was not found
Loading SkeletalMeshSocket SkeletalMeshSocket_882 from package 00031903.upk
WARNING: ObjectProperty "USkeletalMeshSocket::DependencyParticleSystem" was not found
Loading SkeletalMeshSocket SkeletalMeshSocket_923 from package 00031903.upk
WARNING: ObjectProperty "USkeletalMeshSocket::DependencyParticleSystem" was not found
Loading SkeletalMeshSocket SkeletalMeshSocket_944 from package 00031903.upk
WARNING: ObjectProperty "USkeletalMeshSocket::DependencyParticleSystem" was not found
Loading SkeletalMeshSocket SkeletalMeshSocket_965 from package 00031903.upk
WARNING: ObjectProperty "USkeletalMeshSocket::DependencyParticleSystem" was not found
Loading SkeletalMeshSocket SkeletalMeshSocket_986 from package 00031903.upk
WARNING: ObjectProperty "USkeletalMeshSocket::DependencyParticleSystem" was not found
Loading MaterialInstanceConstant col1 from package 00031902.upk
Loading package: 00031901.upk Ver: 573/1 Engine: 4205 Names: 34 Exports: 5 Imports: 2 Game: 801A
Loading package: 00002640.upk Ver: 573/1 Engine: 4205 Names: 340 Exports: 556 Imports: 5 Game: 801A
Loading package: 00002620.upk Ver: 573/1 Engine: 4205 Names: 560 Exports: 6612 Imports: 96 Game: 801A
Loading Texture2D 60142_LynM_col1_n from package 00031901.upk
Loading Texture2D 60142_LynM_col1_m from package 00031901.upk
Loading Texture2D 60142_LynM_col1_d from package 00031901.upk
Loading Texture2D 60142_LynM_col1_s from package 00031901.upk
Loading TextureCube lenscube from package 00002640.upk
Loading Texture2D 60142_LynM_col1_e from package 00031901.upk
WARNING: ByteProperty "UTexture2D::ManualLoadSwitchSettings" was not found
Loading Material3 Body from package 00002620.upk
Loading package: 00012963.upk Ver: 573/1 Engine: 4205 Names: 1236 Exports: 1211 Imports: 10 Game: 801A
Loading Texture2D CubemapFace0 from package 00002640.upk
Loading Texture2D CubemapFace1 from package 00002640.upk
Loading Texture2D CubemapFace2 from package 00002640.upk
Loading Texture2D CubemapFace3 from package 00002640.upk
Loading Texture2D CubemapFace4 from package 00002640.upk
Loading Texture2D CubemapFace5 from package 00002640.upk
Loading Texture2D check_n from package 00002620.upk
Loading Texture2D Noise_Glass_000 from package 00012963.upk
Loading Texture2D Smoke_Pattern_001 from package 00012963.upk
Loading Texture2D Gradient_Wipe_BurnOut_Mask_TEST from package 00012963.upk
Loading Texture2D Gradient_Wipe_BurnOut_Mask from package 00012963.upk
Loading Texture2D check from package 00002620.upk
Loading Texture2D Gradient_Line_003 from package 00012963.upk
Loaded in 0.2 sec, 3146 allocs, 2.45 MBytes serialized in 358945 calls.

Object info:
============
ClassName: SkeletalMesh3 ObjectName: 60142_LynM

    LODInfo[2] =
    {
        LODInfo[0] =
        {
            DisplayFactor = 0
            LODHysteresis = 0.02
            LODMaterialMap[0] = {}
            bEnableShadowCasting[1] = { true }
        }
        LODInfo[1] =
        {
            DisplayFactor = 0.25
            LODHysteresis = 0.02
            LODMaterialMap[1] = { 0 }
            bEnableShadowCasting[1] = { true }
        }
    }
    Sockets[20] =
    {
        Sockets[0] = SkeletalMeshSocket'60142_LynM.SkeletalMeshSocket_331'
        Sockets[1] = SkeletalMeshSocket'60142_LynM.SkeletalMeshSocket_352'
        Sockets[2] = SkeletalMeshSocket'60142_LynM.SkeletalMeshSocket_373'
        Sockets[3] = SkeletalMeshSocket'60142_LynM.SkeletalMeshSocket_596'
        Sockets[4] = SkeletalMeshSocket'60142_LynM.SkeletalMeshSocket_617'
        Sockets[5] = SkeletalMeshSocket'60142_LynM.SkeletalMeshSocket_798'
        Sockets[6] = SkeletalMeshSocket'60142_LynM.SkeletalMeshSocket_819'
        Sockets[7] = SkeletalMeshSocket'60142_LynM.SkeletalMeshSocket_840'
        Sockets[8] = SkeletalMeshSocket'60142_LynM.SkeletalMeshSocket_861'
        Sockets[9] = SkeletalMeshSocket'60142_LynM.SkeletalMeshSocket_882'
        Sockets[10] = SkeletalMeshSocket'60142_LynM.SkeletalMeshSocket_923'
        Sockets[11] = SkeletalMeshSocket'60142_LynM.SkeletalMeshSocket_944'
        Sockets[12] = SkeletalMeshSocket'60142_LynM.SkeletalMeshSocket_965'
        Sockets[13] = SkeletalMeshSocket'60142_LynM.SkeletalMeshSocket_986'
        Sockets[14] = SkeletalMeshSocket'60142_LynM.SkeletalMeshSocket_1007'
        Sockets[15] = SkeletalMeshSocket'60142_LynM.SkeletalMeshSocket_1068'
        Sockets[16] = SkeletalMeshSocket'60142_LynM.SkeletalMeshSocket_1089'
        Sockets[17] = SkeletalMeshSocket'60142_LynM.SkeletalMeshSocket_1110'
        Sockets[18] = SkeletalMeshSocket'60142_LynM.SkeletalMeshSocket_1131'
        Sockets[19] = SkeletalMeshSocket'60142_LynM.SkeletalMeshSocket_1152'
    }
    bHasVertexColors = false
    EnableTwistBoneFixers = true
    EnableClavicleFixer = true
    Materials[1] = { MaterialInstanceConstant'col1' }


    Lods[2] =
    {
        Lods[0] =
        {
            Sections[1] =
            {
                Sections[0] = { Material=MaterialInstanceConstant'col1', FirstIndex=0, NumFaces=4967 }
            }
            NumVerts = 3563
            IndexCount = 14901
            NumTexCoords = 1
        }
        Lods[1] =
        {
            Sections[1] =
            {
                Sections[0] = { Material=MaterialInstanceConstant'col1', FirstIndex=0, NumFaces=1556 }
            }
            NumVerts = 1429
            IndexCount = 4668
            NumTexCoords = 1
        }
    }
    LodCount = 2
    MeshOrigin = { X=-0, Y=-0, Z=-0 }
    MeshScale = { X=1, Y=1, Z=1 }
    RotOrigin = { Yaw=0, Pitch=0, Roll=0 }
    BoneCount = 89

Object info:
============
ClassName: SkeletalMeshSocket ObjectName: SkeletalMeshSocket_1007

    SocketName = Fx02b_R
    BoneName = Bone_RForeArm_R02_Root
    RelativeLocation = { X=-1.2317, Y=0.208243, Z=-2.56473 }
    RelativeRotation = { Yaw=0, Pitch=0, Roll=0 }
    RelativeScale = { X=0.68, Y=0.68, Z=0.68 }

Object info:
============
ClassName: SkeletalMeshSocket ObjectName: SkeletalMeshSocket_1068

    SocketName = Fx04_R
    BoneName = Bone_RForeArm_R01_Root
    RelativeLocation = { X=0.114475, Y=0, Z=0.134436 }
    RelativeRotation = { Yaw=0, Pitch=0, Roll=0 }
    RelativeScale = { X=0.68, Y=0.68, Z=0.68 }

Object info:
============
ClassName: SkeletalMeshSocket ObjectName: SkeletalMeshSocket_1089

    SocketName = Fx05_R
    BoneName = Bone_RForeArm_R02_Root
    RelativeLocation = { X=0.505247, Y=4.3683, Z=0 }
    RelativeRotation = { Yaw=0, Pitch=0, Roll=0 }
    RelativeScale = { X=0.68, Y=0.68, Z=0.68 }

Object info:
============
ClassName: SkeletalMeshSocket ObjectName: SkeletalMeshSocket_1110

    SocketName = Fx06_R
    BoneName = Bone_RForeArm_R03_Root
    RelativeLocation = { X=0.695776, Y=4.53314, Z=-0.22951 }
    RelativeRotation = { Yaw=0, Pitch=0, Roll=0 }
    RelativeScale = { X=0.68, Y=0.68, Z=0.68 }

Object info:
============
ClassName: SkeletalMeshSocket ObjectName: SkeletalMeshSocket_1131

    SocketName = Fx05a_R
    BoneName = Bone_RForeArm_R02_Root
    RelativeLocation = { X=-0.346036, Y=4.60964, Z=2.2171 }
    RelativeRotation = { Yaw=0, Pitch=0, Roll=0 }
    RelativeScale = { X=0.68, Y=0.68, Z=0.68 }

Object info:
============
ClassName: SkeletalMeshSocket ObjectName: SkeletalMeshSocket_1152

    SocketName = Fx05b_R
    BoneName = Bone_RForeArm_R02_Root
    RelativeLocation = { X=-0.597374, Y=4.3683, Z=-2.28913 }
    RelativeRotation = { Yaw=0, Pitch=0, Roll=0 }
    RelativeScale = { X=0.68, Y=0.68, Z=0.68 }

Object info:
============
ClassName: SkeletalMeshSocket ObjectName: SkeletalMeshSocket_331

    SocketName = Fx01_L
    BoneName = Bone_LForeArm_L01_Root
    RelativeLocation = { X=0, Y=0, Z=0 }
    RelativeRotation = { Yaw=0, Pitch=0, Roll=0 }
    RelativeScale = { X=0.68, Y=0.68, Z=0.68 }

Object info:
============
ClassName: SkeletalMeshSocket ObjectName: SkeletalMeshSocket_352

    SocketName = Fx02_L
    BoneName = Bone_LForeArm_L02_Root
    RelativeLocation = { X=0, Y=0, Z=0 }
    RelativeRotation = { Yaw=0, Pitch=0, Roll=0 }
    RelativeScale = { X=0.68, Y=0.68, Z=0.68 }

Object info:
============
ClassName: SkeletalMeshSocket ObjectName: SkeletalMeshSocket_373

    SocketName = Fx03_L
    BoneName = Bone_LForeArm_L03_Root
    RelativeLocation = { X=0, Y=0, Z=0 }
    RelativeRotation = { Yaw=0, Pitch=0, Roll=0 }
    RelativeScale = { X=0.68, Y=0.68, Z=0.68 }

Object info:
============
ClassName: SkeletalMeshSocket ObjectName: SkeletalMeshSocket_596

    SocketName = Fx02a_L
    BoneName = Bone_LForeArm_L02_Root
    RelativeLocation = { X=-0.909475, Y=0, Z=2.80542 }
    RelativeRotation = { Yaw=0, Pitch=0, Roll=0 }
    RelativeScale = { X=0.68, Y=0.68, Z=0.68 }

Object info:
============
ClassName: SkeletalMeshSocket ObjectName: SkeletalMeshSocket_617

    SocketName = Fx02b_L
    BoneName = Bone_LForeArm_L02_Root
    RelativeLocation = { X=-0.679547, Y=0, Z=-2.91293 }
    RelativeRotation = { Yaw=0, Pitch=0, Roll=0 }
    RelativeScale = { X=0.68, Y=0.68, Z=0.68 }

Object info:
============
ClassName: SkeletalMeshSocket ObjectName: SkeletalMeshSocket_798

    SocketName = Fx04_L
    BoneName = Bone_LForeArm_L01_Root
    RelativeLocation = { X=0.871366, Y=4.47144, Z=-0.246574 }
    RelativeRotation = { Yaw=0, Pitch=0, Roll=0 }
    RelativeScale = { X=0.68, Y=0.68, Z=0.68 }

Object info:
============
ClassName: SkeletalMeshSocket ObjectName: SkeletalMeshSocket_819

    SocketName = Fx05_L
    BoneName = Bone_LForeArm_L02_Root
    RelativeLocation = { X=0.487806, Y=4.38524, Z=0.15602 }
    RelativeRotation = { Yaw=0, Pitch=0, Roll=0 }
    RelativeScale = { X=0.68, Y=0.68, Z=0.68 }

Object info:
============
ClassName: SkeletalMeshSocket ObjectName: SkeletalMeshSocket_840

    SocketName = Fx06_L
    BoneName = Bone_LForeArm_L03_Root
    RelativeLocation = { X=0.67897, Y=4.44322, Z=0.206744 }
    RelativeRotation = { Yaw=0, Pitch=0, Roll=0 }
    RelativeScale = { X=0.68, Y=0.68, Z=0.68 }

Object info:
============
ClassName: SkeletalMeshSocket ObjectName: SkeletalMeshSocket_861

    SocketName = Fx05a_L
    BoneName = Bone_LForeArm_L02_Root
    RelativeLocation = { X=-0.460095, Y=4.4434, Z=2.30153 }
    RelativeRotation = { Yaw=0, Pitch=0, Roll=0 }
    RelativeScale = { X=0.68, Y=0.68, Z=0.68 }

Object info:
============
ClassName: SkeletalMeshSocket ObjectName: SkeletalMeshSocket_882

    SocketName = Fx05b_L
    BoneName = Bone_LForeArm_L02_Root
    RelativeLocation = { X=-0.24202, Y=4.64407, Z=-2.24263 }
    RelativeRotation = { Yaw=0, Pitch=0, Roll=0 }
    RelativeScale = { X=0.68, Y=0.68, Z=0.68 }

Object info:
============
ClassName: SkeletalMeshSocket ObjectName: SkeletalMeshSocket_923

    SocketName = Fx01_R
    BoneName = Bone_RForeArm_R01_Root
    RelativeLocation = { X=0, Y=0, Z=0 }
    RelativeRotation = { Yaw=0, Pitch=0, Roll=0 }
    RelativeScale = { X=0.68, Y=0.68, Z=0.68 }

Object info:
============
ClassName: SkeletalMeshSocket ObjectName: SkeletalMeshSocket_944

    SocketName = Fx02_R
    BoneName = Bone_RForeArm_R02_Root
    RelativeLocation = { X=0, Y=0, Z=0 }
    RelativeRotation = { Yaw=0, Pitch=0, Roll=0 }
    RelativeScale = { X=0.68, Y=0.68, Z=0.68 }

Object info:
============
ClassName: SkeletalMeshSocket ObjectName: SkeletalMeshSocket_965

    SocketName = Fx03_R
    BoneName = Bone_RForeArm_R03_Root
    RelativeLocation = { X=0, Y=0, Z=0 }
    RelativeRotation = { Yaw=0, Pitch=0, Roll=0 }
    RelativeScale = { X=0.68, Y=0.68, Z=0.68 }

Object info:
============
ClassName: SkeletalMeshSocket ObjectName: SkeletalMeshSocket_986

    SocketName = Fx02a_R
    BoneName = Bone_RForeArm_R02_Root
    RelativeLocation = { X=-0.899343, Y=0, Z=2.83125 }
    RelativeRotation = { Yaw=0, Pitch=0, Roll=0 }
    RelativeScale = { X=0.68, Y=0.68, Z=0.68 }
