Found 27000 game files (27 skipped)
Loading package: 00038541.upk Ver: 573/1 Engine: 4205 Names: 192 Exports: 97 Imports: 18 Game: 801A
Loading SkeletalMesh3 990214 from package 00038541.upk
WARNING: ObjectProperty "USkeletalMesh3::PhysMaterialOverride" was not found
WARNING: ObjectProperty "USkeletalMesh3::PlaySoundSet" was not found
Loading package: 00038540.upk Ver: 573/1 Engine: 4205 Names: 185 Exports: 5 Imports: 51 Game: 801A
Loading MaterialInstanceConstant col1 from package 00038540.upk
Loading package: 00006814.upk Ver: 573/1 Engine: 4205 Names: 41 Exports: 13 Imports: 2 Game: 801A
Loading package: 00002640.upk Ver: 573/1 Engine: 4205 Names: 340 Exports: 556 Imports: 5 Game: 801A
Loading package: 00002620.upk Ver: 573/1 Engine: 4205 Names: 560 Exports: 6612 Imports: 96 Game: 801A
Loading MaterialInstanceConstant col1_hat from package 00038540.upk
Loading package: 00038210.upk Ver: 573/1 Engine: 4205 Names: 31 Exports: 4 Imports: 2 Game: 801A
Loading MaterialInstanceConstant col1_armor from package 00038540.upk
Loading package: 00037958.upk Ver: 573/1 Engine: 4205 Names: 39 Exports: 10 Imports: 4 Game: 801A
Loading MaterialInstanceConstant col1_face from package 00038540.upk
Loading package: 00002665.upk Ver: 573/1 Engine: 4205 Names: 187 Exports: 31 Imports: 21 Game: 801A
Loading package: 00008613.upk Ver: 573/1 Engine: 4205 Names: 95 Exports: 6 Imports: 12 Game: 801A
Loading package: 00008621.upk Ver: 573/1 Engine: 4205 Names: 48 Exports: 18 Imports: 4 Game: 801A
Loading Texture2D 40005_JinM_col4_N from package 00006814.upk
Loading Texture2D 40005_JinM_col4_M from package 00006814.upk
Loading Texture2D 40005_JinM_col4_D from package 00006814.upk
Loading Texture2D 40005_JinM_col4_S from package 00006814.upk
Loading TextureCube lenscube_a from package 00002640.upk
Loading Texture2D check from package 00002620.upk
Loading Material3 Body from package 00002620.upk
Loading package: 00012963.upk Ver: 573/1 Engine: 4205 Names: 1264 Exports: 1240 Imports: 10 Game: 801A
Loading Texture2D Acc_040237_JinM_col1_N from package 00038210.upk
Loading Texture2D Acc_040237_JinM_col1_M from package 00038210.upk
Loading Texture2D Acc_040237_JinM_col1_D from package 00038210.upk
Loading Texture2D Acc_040237_JinM_col1_S from package 00038210.upk
Loading TextureCube MatelR7 from package 00002640.upk
Loading Material3 Basic from package 00002620.upk
Loading Texture2D 090123_JinM_col1_N from package 00037958.upk
Loading Texture2D 090123_JinM_col1_M from package 00037958.upk
Loading Texture2D 090123_JinM_col1_D from package 00037958.upk
Loading Texture2D 090123_JinM_col1_S from package 00037958.upk
Loading TextureCube Cube_Suicide2 from package 00002640.upk
Loading Texture2D 090123_JinM_col1_E from package 00037958.upk
Loading Texture2D Normal from package 00002665.upk
Loading Texture2D Nothing_A_n from package 00008613.upk
Loading Texture2D Nothing_A from package 00008613.upk
Loading Texture2D JinM_borw01 from package 00008621.upk
Loading Texture2D Diffuse from package 00002665.upk
Loading Texture2D Specular from package 00002665.upk
Loading Texture2D Mask from package 00002665.upk
Loading Material3 Face-M from package 00002620.upk
Loading package: EngineResources.upk Ver: 573/1 Engine: 4205 Names: 151 Exports: 86 Imports: 11 Game: 801A
Loading Texture2D CubemapFace0 from package 00002640.upk
Loading Texture2D CubemapFace1 from package 00002640.upk
Loading Texture2D CubemapFace2 from package 00002640.upk
Loading Texture2D CubemapFace3 from package 00002640.upk
Loading Texture2D CubemapFace4 from package 00002640.upk
Loading Texture2D CubemapFace5 from package 00002640.upk
Loading Texture2D check_n from package 00002620.upk
Loading Texture2D Noise_Glass_000 from package 00012963.upk
Loading Texture2D Smoke_Pattern_001 from package 00012963.upk
Loading Texture2D Gradient_Wipe_BurnOut_Mask_TEST from package 00012963.upk
Loading Texture2D Gradient_Wipe_BurnOut_Mask from package 00012963.upk
Loading Texture2D Gradient_Line_003 from package 00012963.upk
Loading Texture2D CubemapFace0 from package 00002640.upk
Loading Texture2D CubemapFace1 from package 00002640.upk
Loading Texture2D CubemapFace2 from package 00002640.upk
Loading Texture2D CubemapFace3 from package 00002640.upk
Loading Texture2D CubemapFace4 from package 00002640.upk
Loading Texture2D CubemapFace5 from package 00002640.upk
Loading Texture2D CubemapFace0 from package 00002640.upk
Loading Texture2D CubemapFace1 from package 00002640.upk
Loading Texture2D CubemapFace2 from package 00002640.upk
Loading Texture2D CubemapFace3 from package 00002640.upk
Loading Texture2D CubemapFace4 from package 00002640.upk
Loading Texture2D CubemapFace5 from package 00002640.upk
Loading Texture2D DefaultTexture from package EngineResources.upk
Loaded in 0.27 sec, 4568 allocs, 4.90 MBytes serialized in 477856 calls.

Object info:
============
ClassName: SkeletalMesh3 ObjectName: 990214

    LODInfo[1] =
    {
        LODInfo[0] =
        {
            DisplayFactor = 0
            LODHysteresis = 0.02
            LODMaterialMap[0] = {}
            bEnableShadowCasting[4] = { true, true, true, true }
        }
    }
    Sockets[0] = {}
    bHasVertexColors = false
    EnableTwistBoneFixers = true
    EnableClavicleFixer = true
    Materials[4] =
    {
        Materials[0] = MaterialInstanceConstant'col1'
        Materials[1] = MaterialInstanceConstant'col1_hat'
        Materials[2] = MaterialInstanceConstant'col1_armor'
        Materials[3] = MaterialInstanceConstant'col1_face'
    }


    Lods[1] =
    {
        Lods[0] =
        {
            Sections[4] =
            {
                Sections[0] = { Material=MaterialInstanceConstant'col1', FirstIndex=0, NumFaces=8062 }
                Sections[1] = { Material=MaterialInstanceConstant'col1_hat', FirstIndex=24186, NumFaces=790 }
                Sections[2] = { Material=None, FirstIndex=26556, NumFaces=188 }
                Sections[3] = { Material=MaterialInstanceConstant'col1_face', FirstIndex=27120, NumFaces=1408 }
            }
            NumVerts = 8082
            IndexCount = 31344
            NumTexCoords = 1
        }
    }
    LodCount = 1
    MeshOrigin = { X=-0, Y=-0, Z=-0 }
    MeshScale = { X=1, Y=1, Z=1 }
    RotOrigin = { Yaw=0, Pitch=0, Roll=0 }
    BoneCount = 104
