Found 27000 game files (27 skipped)
Loading package: 00038590.upk Ver: 573/1 Engine: 4205 Names: 72 Exports: 2 Imports: 17 Game: 801A
Loading MaterialInstanceConstant col1 from package 00038590.upk
Loading package: 00038589.upk Ver: 573/1 Engine: 4205 Names: 20 Exports: 1 Imports: 2 Game: 801A
Loading package: 00008613.upk Ver: 573/1 Engine: 4205 Names: 95 Exports: 6 Imports: 12 Game: 801A
Loading package: 00037280.upk Ver: 573/1 Engine: 4205 Names: 144 Exports: 104 Imports: 36 Game: 801A
Loading MaterialInstanceConstant col1-1 from package 00038590.upk
Loading package: 00037279.upk Ver: 573/1 Engine: 4205 Names: 38 Exports: 10 Imports: 10 Game: 801A
Loading Texture2D PohwaranEvolve_col1_d from package 00038589.upk
Loading Texture2D Nothing_A_n from package 00008613.upk
Loading Material3 Pet from package 00037280.upk
Loading package: 00012963.upk Ver: 573/1 Engine: 4205 Names: 1264 Exports: 1240 Imports: 10 Game: 801A
Loading package: 00002620.upk Ver: 573/1 Engine: 4205 Names: 560 Exports: 6612 Imports: 96 Game: 801A
Loading Texture2D Pohwaran_W from package 00037279.upk
Loading Texture2D Smoke_Pattern_001 from package 00012963.upk
Loading Texture2D Gradient_Line_003 from package 00012963.upk
Loading Texture2D Gradient_Wipe_BurnOut_Mask_TEST from package 00012963.upk
Loading Texture2D Gradient_Wipe_BurnOut_Mask from package 00012963.upk
Loading Texture2D check from package 00002620.upk
Loaded in 0.051 sec, 2468 allocs, 0.87 MBytes serialized in 154101 calls.

Object info:
============
ClassName: MaterialInstanceConstant ObjectName: col1

    ScalarParameterValues[9] =
    {
        ScalarParameterValues[0] = { ParameterName=Transmission_value, ParameterValue=0.5 }
        ScalarParameterValues[1] = { ParameterName=Glossiness, ParameterValue=10 }
        ScalarParameterValues[2] = { ParameterName=Specular_value, ParameterValue=0.4 }
        ScalarParameterValues[3] = { ParameterName=DP, ParameterValue=0.7 }
        ScalarParameterValues[4] = { ParameterName=Fresnel Value, ParameterValue=1 }
        ScalarParameterValues[5] = { ParameterName=Fresnel exponent, ParameterValue=30 }
        ScalarParameterValues[6] = { ParameterName=SP_Glossiness_Sharpen, ParameterValue=10 }
        ScalarParameterValues[7] = { ParameterName=SP_Glossiness_Limit, ParameterValue=0 }
        ScalarParameterValues[8] = { ParameterName=SP_value, ParameterValue=0.5 }
    }
    TextureParameterValues[2] =
    {
        TextureParameterValues[0] = { ParameterName=Diffuse, ParameterValue=Texture2D'PohwaranEvolve_col1_d' }
        TextureParameterValues[1] = { ParameterName=Normal, ParameterValue=Texture2D'Nothing_A_n' }
    }
    VectorParameterValues[6] =
    {
        VectorParameterValues[0] =
        {
            ParameterName = Mesh_trangition
            ParameterValue = { R=0, G=0, B=0, A=1 }
        }
        VectorParameterValues[1] =
        {
            ParameterName = Burn_Color
            ParameterValue = { R=0, G=0, B=0, A=1 }
        }
        VectorParameterValues[2] =
        {
            ParameterName = Fx_Glow_power
            ParameterValue = { R=0, G=0, B=0, A=1 }
        }
        VectorParameterValues[3] =
        {
            ParameterName = Glow_Trangition
            ParameterValue = { R=0, G=0, B=0, A=1 }
        }
        VectorParameterValues[4] =
        {
            ParameterName = Fx_Glow_color
            ParameterValue = { R=0, G=0, B=0, A=1 }
        }
        VectorParameterValues[5] =
        {
            ParameterName = Fresnel_COL
            ParameterValue = { R=0, G=0, B=0, A=1 }
        }
    }
    Parent = Material3'Pet'
    FlattenedTexture = None
    MobileBaseTexture = None
    MobileNormalTexture = None
    bUseMobileSpecular = false
    MobileSpecularPower = 16
    MobileSpecularMask = MSM_Constant (0)
    MobileMaskTexture = None

Object info:
============
ClassName: MaterialInstanceConstant ObjectName: col1-1

    ScalarParameterValues[9] =
    {
        ScalarParameterValues[0] = { ParameterName=Transmission_value, ParameterValue=0.8 }
        ScalarParameterValues[1] = { ParameterName=Glossiness, ParameterValue=50 }
        ScalarParameterValues[2] = { ParameterName=Specular_value, ParameterValue=4 }
        ScalarParameterValues[3] = { ParameterName=DP, ParameterValue=3 }
        ScalarParameterValues[4] = { ParameterName=Fresnel Value, ParameterValue=1 }
        ScalarParameterValues[5] = { ParameterName=Fresnel exponent, ParameterValue=30 }
        ScalarParameterValues[6] = { ParameterName=SP_Glossiness_Sharpen, ParameterValue=20 }
        ScalarParameterValues[7] = { ParameterName=SP_Glossiness_Limit, ParameterValue=0 }
        ScalarParameterValues[8] = { ParameterName=SP_value, ParameterValue=1 }
    }
    TextureParameterValues[2] =
    {
        TextureParameterValues[0] = { ParameterName=Diffuse, ParameterValue=Texture2D'Pohwaran_W' }
        TextureParameterValues[1] = { ParameterName=Normal, ParameterValue=Texture2D'Nothing_A_n' }
    }
    VectorParameterValues[6] =
    {
        VectorParameterValues[0] =
        {
            ParameterName = Mesh_trangition
            ParameterValue = { R=0, G=0, B=0, A=1 }
        }
        VectorParameterValues[1] =
        {
            ParameterName = Burn_Color
            ParameterValue = { R=0, G=0, B=0, A=1 }
        }
        VectorParameterValues[2] =
        {
            ParameterName = Fx_Glow_power
            ParameterValue = { R=0, G=0, B=0, A=1 }
        }
        VectorParameterValues[3] =
        {
            ParameterName = Glow_Trangition
            ParameterValue = { R=0, G=0, B=0, A=1 }
        }
        VectorParameterValues[4] =
        {
            ParameterName = Fx_Glow_color
            ParameterValue = { R=0, G=0, B=0, A=1 }
        }
        VectorParameterValues[5] =
        {
            ParameterName = Fresnel_COL
            ParameterValue = { R=0, G=0, B=0, A=1 }
        }
    }
    Parent = Material3'Pet'
    FlattenedTexture = None
    MobileBaseTexture = None
    MobileNormalTexture = None
    bUseMobileSpecular = false
    MobileSpecularPower = 16
    MobileSpecularMask = MSM_Constant (0)
    MobileMaskTexture = None
