Found 27000 game files (27 skipped)
Loading package: 00039173.upk Ver: 573/1 Engine: 4205 Names: 128 Exports: 95 Imports: 26 Game: 801A
Loading SkeletalMesh3 030306_col1_T0_Autoscale from package 00039173.upk
WARNING: ObjectProperty "USkeletalMesh3::MeshFactorSet" was not found
WARNING: ObjectProperty "USkeletalMesh3::PhysMaterialOverride" was not found
WARNING: ByteProperty "USkeletalMesh3::ItemPreviewLocType" was not found
WARNING: FloatProperty "USkeletalMesh3::ItemPreviewLocLowerOffset" was not found
Loading package: 00039172.upk Ver: 573/1 Engine: 4205 Names: 101 Exports: 1 Imports: 25 Game: 801A
Loading SkeletalMesh3 030306_col1_T1_Autoscale from package 00039173.upk
WARNING: ObjectProperty "USkeletalMesh3::MeshFactorSet" was not found
WARNING: ObjectProperty "USkeletalMesh3::PhysMaterialOverride" was not found
WARNING: ByteProperty "USkeletalMesh3::ItemPreviewLocType" was not found
WARNING: FloatProperty "USkeletalMesh3::ItemPreviewLocLowerOffset" was not found
Loading SkeletalMesh3 030306_col1_T2_Autoscale from package 00039173.upk
WARNING: ObjectProperty "USkeletalMesh3::MeshFactorSet" was not found
WARNING: ObjectProperty "USkeletalMesh3::PhysMaterialOverride" was not found
WARNING: ByteProperty "USkeletalMesh3::ItemPreviewLocType" was not found
WARNING: FloatProperty "USkeletalMesh3::ItemPreviewLocLowerOffset" was not found
Loading SkeletalMesh3 030306_col1_T3_Autoscale from package 00039173.upk
WARNING: ObjectProperty "USkeletalMesh3::MeshFactorSet" was not found
WARNING: ObjectProperty "USkeletalMesh3::PhysMaterialOverride" was not found
WARNING: ByteProperty "USkeletalMesh3::ItemPreviewLocType" was not found
WARNING: FloatProperty "USkeletalMesh3::ItemPreviewLocLowerOffset" was not found
Loading SkeletalMesh3 030306_col1_T4_Autoscale from package 00039173.upk
WARNING: ObjectProperty "USkeletalMesh3::MeshFactorSet" was not found
WARNING: ObjectProperty "USkeletalMesh3::PhysMaterialOverride" was not found
WARNING: ByteProperty "USkeletalMesh3::ItemPreviewLocType" was not found
WARNING: FloatProperty "USkeletalMesh3::ItemPreviewLocLowerOffset" was not found
Loading SkeletalMeshSocket SkeletalMeshSocket_388 from package 00039173.upk
WARNING: ObjectProperty "USkeletalMeshSocket::DependencyParticleSystem" was not found
Loading SkeletalMeshSocket SkeletalMeshSocket_392 from package 00039173.upk
WARNING: ObjectProperty "USkeletalMeshSocket::DependencyParticleSystem" was not found
Loading SkeletalMeshSocket SkeletalMeshSocket_402 from package 00039173.upk
WARNING: ObjectProperty "USkeletalMeshSocket::DependencyParticleSystem" was not found
Loading SkeletalMeshSocket SkeletalMeshSocket_406 from package 00039173.upk
WARNING: ObjectProperty "USkeletalMeshSocket::DependencyParticleSystem" was not found
Loading SkeletalMeshSocket SkeletalMeshSocket_416 from package 00039173.upk
WARNING: ObjectProperty "USkeletalMeshSocket::DependencyParticleSystem" was not found
Loading SkeletalMeshSocket SkeletalMeshSocket_420 from package 00039173.upk
WARNING: ObjectProperty "USkeletalMeshSocket::DependencyParticleSystem" was not found
Loading SkeletalMeshSocket SkeletalMeshSocket_430 from package 00039173.upk
WARNING: ObjectProperty "USkeletalMeshSocket::DependencyParticleSystem" was not found
Loading SkeletalMeshSocket SkeletalMeshSocket_434 from package 00039173.upk
WARNING: ObjectProperty "USkeletalMeshSocket::DependencyParticleSystem" was not found
Loading SkeletalMeshSocket SkeletalMeshSocket_444 from package 00039173.upk
WARNING: ObjectProperty "USkeletalMeshSocket::DependencyParticleSystem" was not found
Loading SkeletalMeshSocket SkeletalMeshSocket_448 from package 00039173.upk
WARNING: ObjectProperty "USkeletalMeshSocket::DependencyParticleSystem" was not found
Loading MaterialInstanceConstant col1 from package 00039172.upk
Loading package: 00039055.upk Ver: 573/1 Engine: 4205 Names: 33 Exports: 5 Imports: 2 Game: 801A
Loading package: 00002640.upk Ver: 573/1 Engine: 4205 Names: 340 Exports: 556 Imports: 5 Game: 801A
Loading package: 00012963.upk Ver: 573/1 Engine: 4205 Names: 1264 Exports: 1240 Imports: 10 Game: 801A
Loading package: 00039116.upk Ver: 573/1 Engine: 4205 Names: 110 Exports: 2 Imports: 24 Game: 801A
Loading package: 00039084.upk Ver: 573/1 Engine: 4205 Names: 184 Exports: 176 Imports: 49 Game: 801A
Loading Texture2D 030305_Autoscale_col1_N from package 00039055.upk
Loading Texture2D 030305_Autoscale_col1_M from package 00039055.upk
Loading Texture2D 030305_Autoscale_col1_D from package 00039055.upk
Loading Texture2D 030305_Autoscale_col1_S from package 00039055.upk
Loading TextureCube Cube_C from package 00002640.upk
Loading Texture2D 030305_Autoscale_col1_E from package 00039055.upk
Loading Texture2D T_Liquid_SM_NanoBlack_Mask_01 from package 00012963.upk
Loading Texture2D FX_Add from package 00039116.upk
Loading Texture2D waterfalls_D01 from package 00012963.upk
Loading Material3 Basic_FX from package 00039084.upk
Loading package: 00002620.upk Ver: 573/1 Engine: 4205 Names: 560 Exports: 6612 Imports: 96 Game: 801A
Loading Texture2D CubemapFace0 from package 00002640.upk
Loading Texture2D CubemapFace1 from package 00002640.upk
Loading Texture2D CubemapFace2 from package 00002640.upk
Loading Texture2D CubemapFace3 from package 00002640.upk
Loading Texture2D CubemapFace4 from package 00002640.upk
Loading Texture2D CubemapFace5 from package 00002640.upk
Loading Texture2D check_n from package 00002620.upk
Loading Texture2D check from package 00002620.upk
Loading Texture2D Smoke_Pattern_001 from package 00012963.upk
Loading Texture2D Gradient_Line_003 from package 00012963.upk
Loading Texture2D Gradient_Wipe_BurnOut_Mask_TEST from package 00012963.upk
Loading Texture2D Gradient_Wipe_BurnOut_Mask from package 00012963.upk
Loaded in 0.14 sec, 3508 allocs, 2.20 MBytes serialized in 446862 calls.

Object info:
============
ClassName: SkeletalMesh3 ObjectName: 030306_col1_T0_Autoscale

    LODInfo[1] =
    {
        LODInfo[0] =
        {
            DisplayFactor = 0
            LODHysteresis = 0.02
            LODMaterialMap[0] = {}
            bEnableShadowCasting[1] = { true }
        }
    }
    Sockets[2] =
    {
        Sockets[0] = SkeletalMeshSocket'030306_col1_T0_Autoscale.SkeletalMeshSocket_388'
        Sockets[1] = SkeletalMeshSocket'030306_col1_T0_Autoscale.SkeletalMeshSocket_392'
    }
    bHasVertexColors = false
    EnableTwistBoneFixers = true
    EnableClavicleFixer = true
    Materials[1] = { MaterialInstanceConstant'col1' }


    Lods[1] =
    {
        Lods[0] =
        {
            Sections[1] =
            {
                Sections[0] = { Material=MaterialInstanceConstant'col1', FirstIndex=0, NumFaces=2107 }
            }
            NumVerts = 1671
            IndexCount = 6321
            NumTexCoords = 1
        }
    }
    LodCount = 1
    MeshOrigin = { X=-0, Y=-0, Z=-0 }
    MeshScale = { X=1, Y=1, Z=1 }
    RotOrigin = { Yaw=0, Pitch=0, Roll=0 }
    BoneCount = 5

Object info:
============
ClassName: SkeletalMesh3 ObjectName: 030306_col1_T1_Autoscale

    LODInfo[1] =
    {
        LODInfo[0] =
        {
            DisplayFactor = 0
            LODHysteresis = 0.02
            LODMaterialMap[0] = {}
            bEnableShadowCasting[1] = { true }
        }
    }
    Sockets[2] =
    {
        Sockets[0] = SkeletalMeshSocket'030306_col1_T1_Autoscale.SkeletalMeshSocket_402'
        Sockets[1] = SkeletalMeshSocket'030306_col1_T1_Autoscale.SkeletalMeshSocket_406'
    }
    bHasVertexColors = false
    EnableTwistBoneFixers = true
    EnableClavicleFixer = true
    Materials[1] = { MaterialInstanceConstant'col1' }


    Lods[1] =
    {
        Lods[0] =
        {
            Sections[1] =
            {
                Sections[0] = { Material=MaterialInstanceConstant'col1', FirstIndex=0, NumFaces=2107 }
            }
            NumVerts = 1671
            IndexCount = 6321
            NumTexCoords = 1
        }
    }
    LodCount = 1
    MeshOrigin = { X=-0, Y=-0, Z=-0 }
    MeshScale = { X=1, Y=1, Z=1 }
    RotOrigin = { Yaw=0, Pitch=0, Roll=0 }
    BoneCount = 5

Object info:
============
ClassName: SkeletalMesh3 ObjectName: 030306_col1_T2_Autoscale

    LODInfo[1] =
    {
        LODInfo[0] =
        {
            DisplayFactor = 0
            LODHysteresis = 0.02
            LODMaterialMap[0] = {}
            bEnableShadowCasting[1] = { true }
        }
    }
    Sockets[2] =
    {
        Sockets[0] = SkeletalMeshSocket'030306_col1_T2_Autoscale.SkeletalMeshSocket_416'
        Sockets[1] = SkeletalMeshSocket'030306_col1_T2_Autoscale.SkeletalMeshSocket_420'
    }
    bHasVertexColors = false
    EnableTwistBoneFixers = true
    EnableClavicleFixer = true
    Materials[1] = { MaterialInstanceConstant'col1' }


    Lods[1] =
    {
        Lods[0] =
        {
            Sections[1] =
            {
                Sections[0] = { Material=MaterialInstanceConstant'col1', FirstIndex=0, NumFaces=2107 }
            }
            NumVerts = 1671
            IndexCount = 6321
            NumTexCoords = 1
        }
    }
    LodCount = 1
    MeshOrigin = { X=-0, Y=-0, Z=-0 }
    MeshScale = { X=1, Y=1, Z=1 }
    RotOrigin = { Yaw=0, Pitch=0, Roll=0 }
    BoneCount = 5

Object info:
============
ClassName: SkeletalMesh3 ObjectName: 030306_col1_T3_Autoscale

    LODInfo[1] =
    {
        LODInfo[0] =
        {
            DisplayFactor = 0
            LODHysteresis = 0.02
            LODMaterialMap[0] = {}
            bEnableShadowCasting[1] = { true }
        }
    }
    Sockets[2] =
    {
        Sockets[0] = SkeletalMeshSocket'030306_col1_T3_Autoscale.SkeletalMeshSocket_430'
        Sockets[1] = SkeletalMeshSocket'030306_col1_T3_Autoscale.SkeletalMeshSocket_434'
    }
    bHasVertexColors = false
    EnableTwistBoneFixers = true
    EnableClavicleFixer = true
    Materials[1] = { MaterialInstanceConstant'col1' }


    Lods[1] =
    {
        Lods[0] =
        {
            Sections[1] =
            {
                Sections[0] = { Material=MaterialInstanceConstant'col1', FirstIndex=0, NumFaces=2107 }
            }
            NumVerts = 1671
            IndexCount = 6321
            NumTexCoords = 1
        }
    }
    LodCount = 1
    MeshOrigin = { X=-0, Y=-0, Z=-0 }
    MeshScale = { X=1, Y=1, Z=1 }
    RotOrigin = { Yaw=0, Pitch=0, Roll=0 }
    BoneCount = 5

Object info:
============
ClassName: SkeletalMesh3 ObjectName: 030306_col1_T4_Autoscale

    LODInfo[1] =
    {
        LODInfo[0] =
        {
            DisplayFactor = 0
            LODHysteresis = 0.02
            LODMaterialMap[0] = {}
            bEnableShadowCasting[1] = { true }
        }
    }
    Sockets[2] =
    {
        Sockets[0] = SkeletalMeshSocket'030306_col1_T4_Autoscale.SkeletalMeshSocket_444'
        Sockets[1] = SkeletalMeshSocket'030306_col1_T4_Autoscale.SkeletalMeshSocket_448'
    }
    bHasVertexColors = false
    EnableTwistBoneFixers = true
    EnableClavicleFixer = true
    Materials[1] = { MaterialInstanceConstant'col1' }


    Lods[1] =
    {
        Lods[0] =
        {
            Sections[1] =
            {
                Sections[0] = { Material=MaterialInstanceConstant'col1', FirstIndex=0, NumFaces=2107 }
            }
            NumVerts = 1671
            IndexCount = 6321
            NumTexCoords = 1
        }
    }
    LodCount = 1
    MeshOrigin = { X=-0, Y=-0, Z=-0 }
    MeshScale = { X=1, Y=1, Z=1 }
    RotOrigin = { Yaw=0, Pitch=0, Roll=0 }
    BoneCount = 5

Object info:
============
ClassName: SkeletalMeshSocket ObjectName: SkeletalMeshSocket_388

    SocketName = FX_Add
    BoneName = WeaponRoot
    RelativeLocation = { X=0.05, Y=-0.02, Z=0 }
    RelativeRotation = { Yaw=0, Pitch=0, Roll=0 }
    RelativeScale = { X=1.01, Y=1.01, Z=1.01 }

Object info:
============
ClassName: SkeletalMeshSocket ObjectName: SkeletalMeshSocket_392

    SocketName = FX_Trail
    BoneName = WeaponRoot
    RelativeLocation = { X=3.40377, Y=3.12976, Z=0.366598 }
    RelativeRotation = { Yaw=0, Pitch=16384, Roll=0 }
    RelativeScale = { X=0.5, Y=0.5, Z=0.28 }

Object info:
============
ClassName: SkeletalMeshSocket ObjectName: SkeletalMeshSocket_402

    SocketName = FX_Add
    BoneName = WeaponRoot
    RelativeLocation = { X=0.05, Y=-0.02, Z=0 }
    RelativeRotation = { Yaw=0, Pitch=0, Roll=0 }
    RelativeScale = { X=1.01, Y=1.01, Z=1.01 }

Object info:
============
ClassName: SkeletalMeshSocket ObjectName: SkeletalMeshSocket_406

    SocketName = FX_Trail
    BoneName = WeaponRoot
    RelativeLocation = { X=3.40377, Y=3.12976, Z=0.366598 }
    RelativeRotation = { Yaw=0, Pitch=16384, Roll=0 }
    RelativeScale = { X=0.5, Y=0.5, Z=0.28 }

Object info:
============
ClassName: SkeletalMeshSocket ObjectName: SkeletalMeshSocket_416

    SocketName = FX_Add
    BoneName = WeaponRoot
    RelativeLocation = { X=0.05, Y=-0.02, Z=0 }
    RelativeRotation = { Yaw=0, Pitch=0, Roll=0 }
    RelativeScale = { X=1.01, Y=1.01, Z=1.01 }

Object info:
============
ClassName: SkeletalMeshSocket ObjectName: SkeletalMeshSocket_420

    SocketName = FX_Trail
    BoneName = WeaponRoot
    RelativeLocation = { X=3.40377, Y=3.12976, Z=0.366598 }
    RelativeRotation = { Yaw=0, Pitch=16384, Roll=0 }
    RelativeScale = { X=0.5, Y=0.5, Z=0.28 }

Object info:
============
ClassName: SkeletalMeshSocket ObjectName: SkeletalMeshSocket_430

    SocketName = FX_Add
    BoneName = WeaponRoot
    RelativeLocation = { X=0.05, Y=-0.02, Z=0 }
    RelativeRotation = { Yaw=0, Pitch=0, Roll=0 }
    RelativeScale = { X=1.01, Y=1.01, Z=1.01 }

Object info:
============
ClassName: SkeletalMeshSocket ObjectName: SkeletalMeshSocket_434

    SocketName = FX_Trail
    BoneName = WeaponRoot
    RelativeLocation = { X=3.40377, Y=3.12976, Z=0.366598 }
    RelativeRotation = { Yaw=0, Pitch=16384, Roll=0 }
    RelativeScale = { X=0.5, Y=0.5, Z=0.28 }

Object info:
============
ClassName: SkeletalMeshSocket ObjectName: SkeletalMeshSocket_444

    SocketName = FX_Add
    BoneName = WeaponRoot
    RelativeLocation = { X=0.05, Y=-0.02, Z=0 }
    RelativeRotation = { Yaw=0, Pitch=0, Roll=0 }
    RelativeScale = { X=1.01, Y=1.01, Z=1.01 }

Object info:
============
ClassName: SkeletalMeshSocket ObjectName: SkeletalMeshSocket_448

    SocketName = FX_Trail
    BoneName = WeaponRoot
    RelativeLocation = { X=3.40377, Y=3.12976, Z=0.366598 }
    RelativeRotation = { Yaw=0, Pitch=16384, Roll=0 }
    RelativeScale = { X=0.5, Y=0.5, Z=0.28 }
