Found 21974 game files (0 skipped)
Loading package: 00032507.upk Ver: 573/1 Engine: 4205 Names: 275 Exports: 341 Imports: 108 Game: 801A
Loading SkeletalMesh3 020238_Autoscale_L from package 00032507.upk
WARNING: ObjectProperty "USkeletalMesh3::MeshFactorSet" was not found
WARNING: ObjectProperty "USkeletalMesh3::PhysMaterialOverride" was not found
WARNING: ByteProperty "USkeletalMesh3::ItemPreviewLocType" was not found
Loading package: 00032517.upk Ver: 573/1 Engine: 4205 Names: 93 Exports: 1 Imports: 19 Game: 801A
Loading SkeletalMesh3 020238_Autoscale_R from package 00032507.upk
WARNING: ObjectProperty "USkeletalMesh3::MeshFactorSet" was not found
WARNING: ObjectProperty "USkeletalMesh3::PhysMaterialOverride" was not found
WARNING: ByteProperty "USkeletalMesh3::ItemPreviewLocType" was not found
Loading SkeletalMeshSocket SkeletalMeshSocket_371 from package 00032507.upk
WARNING: ObjectProperty "USkeletalMeshSocket::DependencyParticleSystem" was not found
WARNING: BoolProperty "USkeletalMeshSocket::bParticleApplyAutoScale" was not found
Loading SkeletalMeshSocket SkeletalMeshSocket_374 from package 00032507.upk
WARNING: ObjectProperty "USkeletalMeshSocket::DependencyParticleSystem" was not found
WARNING: BoolProperty "USkeletalMeshSocket::bParticleApplyAutoScale" was not found
Loading SkeletalMeshSocket SkeletalMeshSocket_385 from package 00032507.upk
WARNING: ObjectProperty "USkeletalMeshSocket::DependencyParticleSystem" was not found
WARNING: BoolProperty "USkeletalMeshSocket::bParticleApplyAutoScale" was not found
Loading SkeletalMeshSocket SkeletalMeshSocket_388 from package 00032507.upk
WARNING: ObjectProperty "USkeletalMeshSocket::DependencyParticleSystem" was not found
WARNING: BoolProperty "USkeletalMeshSocket::bParticleApplyAutoScale" was not found
Loading MaterialInstanceConstant col1 from package 00032517.upk
Loading package: 00028751.upk Ver: 573/1 Engine: 4205 Names: 34 Exports: 5 Imports: 2 Game: 801A
Loading package: 00002640.upk Ver: 573/1 Engine: 4205 Names: 340 Exports: 556 Imports: 5 Game: 801A
Loading package: 00012963.upk Ver: 573/1 Engine: 4205 Names: 1236 Exports: 1211 Imports: 10 Game: 801A
Loading package: 00002620.upk Ver: 573/1 Engine: 4205 Names: 560 Exports: 6612 Imports: 96 Game: 801A
Loading Texture2D 020200_Autoscale_col2_N from package 00028751.upk
Loading Texture2D 020200_Autoscale_col2_M from package 00028751.upk
Loading Texture2D 020200_Autoscale_col2_D from package 00028751.upk
Loading Texture2D 020200_Autoscale_col2_S from package 00028751.upk
Loading TextureCube lenscube_a from package 00002640.upk
Loading Texture2D Smoke_Pattern_001 from package 00012963.upk
Loading Texture2D check from package 00002620.upk
Loading Material3 Ghost_Basic from package 00002620.upk
Loading Texture2D CubemapFace0 from package 00002640.upk
Loading Texture2D CubemapFace1 from package 00002640.upk
Loading Texture2D CubemapFace2 from package 00002640.upk
Loading Texture2D CubemapFace3 from package 00002640.upk
Loading Texture2D CubemapFace4 from package 00002640.upk
Loading Texture2D CubemapFace5 from package 00002640.upk
Loading Texture2D check_n from package 00002620.upk
Loading Texture2D Gradient_Line_003 from package 00012963.upk
Loading Texture2D Gradient_Wipe_BurnOut_Mask_TEST from package 00012963.upk
Loading Texture2D Gradient_Wipe_BurnOut_Mask from package 00012963.upk
Loaded in 0.13 sec, 3089 allocs, 1.97 MBytes serialized in 335993 calls.

Object info:
============
ClassName: SkeletalMesh3 ObjectName: 020238_Autoscale_L

    LODInfo[1] =
    {
        LODInfo[0] =
        {
            DisplayFactor = 0
            LODHysteresis = 0.02
            LODMaterialMap[0] = {}
            bEnableShadowCasting[1] = { true }
        }
    }
    Sockets[2] =
    {
        Sockets[0] = SkeletalMeshSocket'020238_Autoscale_L.SkeletalMeshSocket_371'
        Sockets[1] = SkeletalMeshSocket'020238_Autoscale_L.SkeletalMeshSocket_374'
    }
    bHasVertexColors = false
    EnableTwistBoneFixers = true
    EnableClavicleFixer = true
    Materials[1] = { MaterialInstanceConstant'col1' }


    Lods[1] =
    {
        Lods[0] =
        {
            Sections[1] =
            {
                Sections[0] = { Material=MaterialInstanceConstant'col1', FirstIndex=0, NumFaces=3860 }
            }
            NumVerts = 2436
            IndexCount = 11580
            NumTexCoords = 1
        }
    }
    LodCount = 1
    MeshOrigin = { X=-0, Y=-0, Z=-0 }
    MeshScale = { X=1, Y=1, Z=1 }
    RotOrigin = { Yaw=0, Pitch=0, Roll=0 }
    BoneCount = 3

Object info:
============
ClassName: SkeletalMesh3 ObjectName: 020238_Autoscale_R

    LODInfo[1] =
    {
        LODInfo[0] =
        {
            DisplayFactor = 0
            LODHysteresis = 0.02
            LODMaterialMap[0] = {}
            bEnableShadowCasting[1] = { true }
        }
    }
    Sockets[2] =
    {
        Sockets[0] = SkeletalMeshSocket'020238_Autoscale_R.SkeletalMeshSocket_385'
        Sockets[1] = SkeletalMeshSocket'020238_Autoscale_R.SkeletalMeshSocket_388'
    }
    bHasVertexColors = false
    EnableTwistBoneFixers = true
    EnableClavicleFixer = true
    Materials[1] = { MaterialInstanceConstant'col1' }


    Lods[1] =
    {
        Lods[0] =
        {
            Sections[1] =
            {
                Sections[0] = { Material=MaterialInstanceConstant'col1', FirstIndex=0, NumFaces=3860 }
            }
            NumVerts = 2434
            IndexCount = 11580
            NumTexCoords = 1
        }
    }
    LodCount = 1
    MeshOrigin = { X=-0, Y=-0, Z=-0 }
    MeshScale = { X=1, Y=1, Z=1 }
    RotOrigin = { Yaw=0, Pitch=0, Roll=0 }
    BoneCount = 3

Object info:
============
ClassName: SkeletalMeshSocket ObjectName: SkeletalMeshSocket_371

    SocketName = weapon_fx1
    BoneName = BoneGT_L
    RelativeLocation = { X=0, Y=0, Z=0 }
    RelativeRotation = { Yaw=0, Pitch=0, Roll=0 }
    RelativeScale = { X=1, Y=1, Z=1 }

Object info:
============
ClassName: SkeletalMeshSocket ObjectName: SkeletalMeshSocket_374

    SocketName = weapon_fx2
    BoneName = BoneGT_L
    RelativeLocation = { X=3.44977, Y=5.74725, Z=0 }
    RelativeRotation = { Yaw=0, Pitch=0, Roll=0 }
    RelativeScale = { X=1, Y=1, Z=1 }

Object info:
============
ClassName: SkeletalMeshSocket ObjectName: SkeletalMeshSocket_385

    SocketName = weapon_fx1
    BoneName = BoneGT_R
    RelativeLocation = { X=0, Y=0, Z=0 }
    RelativeRotation = { Yaw=0, Pitch=0, Roll=0 }
    RelativeScale = { X=1, Y=1, Z=1 }

Object info:
============
ClassName: SkeletalMeshSocket ObjectName: SkeletalMeshSocket_388

    SocketName = weapon_fx2
    BoneName = BoneGT_R
    RelativeLocation = { X=3.44977, Y=5.74725, Z=0 }
    RelativeRotation = { Yaw=0, Pitch=0, Roll=0 }
    RelativeScale = { X=1, Y=1, Z=1 }
