Found 27000 game files (27 skipped)
Loading package: 00035630.upk Ver: 573/1 Engine: 4205 Names: 122 Exports: 103 Imports: 11 Game: 801A
Loading SkeletalMesh3 PandaEvolve from package 00035630.upk
WARNING: ByteProperty "USkeletalMesh3::ItemPreviewLocType" was not found
Loading package: 00035629.upk Ver: 573/1 Engine: 4205 Names: 93 Exports: 1 Imports: 20 Game: 801A
Loading SkeletalMeshSocket SkeletalMeshSocket_164 from package 00035630.upk
Loading SkeletalMeshSocket SkeletalMeshSocket_165 from package 00035630.upk
Loading MaterialInstanceConstant col1 from package 00035629.upk
Loading package: 00035628.upk Ver: 573/1 Engine: 4205 Names: 33 Exports: 5 Imports: 2 Game: 801A
Loading package: 00002620.upk Ver: 573/1 Engine: 4205 Names: 560 Exports: 6612 Imports: 96 Game: 801A
Loading Texture2D panda_n from package 00035628.upk
Loading Texture2D panda_M from package 00035628.upk
Loading Texture2D panda_S from package 00035628.upk
Loading Texture2D panda_D from package 00035628.upk
Loading Texture2D panda_E from package 00035628.upk
Loading Material3 Fur_Ac from package 00002620.upk
Loading package: 00012963.upk Ver: 573/1 Engine: 4205 Names: 1264 Exports: 1240 Imports: 10 Game: 801A
Loading Texture2D check from package 00002620.upk
Loading Texture2D check_n from package 00002620.upk
Loading Texture2D Noise_Glass_000 from package 00012963.upk
Loading Texture2D Smoke_Pattern_001 from package 00012963.upk
Loading Texture2D Gradient_Wipe_BurnOut_Mask_TEST from package 00012963.upk
Loading Texture2D Gradient_Wipe_BurnOut_Mask from package 00012963.upk
Loading Texture2D Gradient_Line_003 from package 00012963.upk
Loaded in 0.081 sec, 2481 allocs, 1.54 MBytes serialized in 260184 calls.

Object info:
============
ClassName: SkeletalMesh3 ObjectName: PandaEvolve

    LODInfo[1] =
    {
        LODInfo[0] =
        {
            DisplayFactor = 0
            LODHysteresis = 0.02
            LODMaterialMap[0] = {}
            bEnableShadowCasting[1] = { true }
        }
    }
    Sockets[2] =
    {
        Sockets[0] = SkeletalMeshSocket'PandaEvolve.SkeletalMeshSocket_164'
        Sockets[1] = SkeletalMeshSocket'PandaEvolve.SkeletalMeshSocket_165'
    }
    bHasVertexColors = false
    EnableTwistBoneFixers = true
    EnableClavicleFixer = true
    Materials[1] = { MaterialInstanceConstant'col1' }


    Lods[1] =
    {
        Lods[0] =
        {
            Sections[1] =
            {
                Sections[0] = { Material=MaterialInstanceConstant'col1', FirstIndex=0, NumFaces=3567 }
            }
            NumVerts = 3020
            IndexCount = 10701
            NumTexCoords = 1
        }
    }
    LodCount = 1
    MeshOrigin = { X=-0, Y=-0, Z=-0 }
    MeshScale = { X=1, Y=1, Z=1 }
    RotOrigin = { Yaw=0, Pitch=0, Roll=0 }
    BoneCount = 38

Object info:
============
ClassName: SkeletalMeshSocket ObjectName: SkeletalMeshSocket_164

    SocketName = Trail_L
    BoneName = Bip01LHand
    RelativeLocation = { X=0, Y=0, Z=0 }
    RelativeRotation = { Yaw=0, Pitch=0, Roll=0 }
    RelativeScale = { X=1, Y=1, Z=1 }

Object info:
============
ClassName: SkeletalMeshSocket ObjectName: SkeletalMeshSocket_165

    SocketName = Trail_R
    BoneName = Bip01RHand
    RelativeLocation = { X=0, Y=0, Z=0 }
    RelativeRotation = { Yaw=0, Pitch=0, Roll=0 }
    RelativeScale = { X=1, Y=1, Z=1 }
