Found 21975 game files (132 skipped)
Loading package: 00033135.upk Ver: 573/1 Engine: 4205 Names: 313 Exports: 598 Imports: 100 Game: 801A
Loading SkeletalMesh3 030253_Col1_T0_Autoscale from package 00033135.upk
WARNING: ObjectProperty "USkeletalMesh3::MeshFactorSet" was not found
WARNING: ObjectProperty "USkeletalMesh3::PhysMaterialOverride" was not found
WARNING: ByteProperty "USkeletalMesh3::ItemPreviewLocType" was not found
WARNING: FloatProperty "USkeletalMesh3::ItemPreviewLocLowerOffset" was not found
Loading package: 00033134.upk Ver: 573/1 Engine: 4205 Names: 99 Exports: 1 Imports: 26 Game: 801A
Loading SkeletalMesh3 030253_Col1_T1_Autoscale from package 00033135.upk
WARNING: ObjectProperty "USkeletalMesh3::MeshFactorSet" was not found
WARNING: ObjectProperty "USkeletalMesh3::PhysMaterialOverride" was not found
WARNING: ByteProperty "USkeletalMesh3::ItemPreviewLocType" was not found
WARNING: FloatProperty "USkeletalMesh3::ItemPreviewLocLowerOffset" was not found
Loading SkeletalMesh3 030253_Col1_T2_Autoscale from package 00033135.upk
WARNING: ObjectProperty "USkeletalMesh3::MeshFactorSet" was not found
WARNING: ObjectProperty "USkeletalMesh3::PhysMaterialOverride" was not found
WARNING: ByteProperty "USkeletalMesh3::ItemPreviewLocType" was not found
WARNING: FloatProperty "USkeletalMesh3::ItemPreviewLocLowerOffset" was not found
Loading SkeletalMesh3 030253_Col1_T3_Autoscale from package 00033135.upk
WARNING: ObjectProperty "USkeletalMesh3::MeshFactorSet" was not found
WARNING: ObjectProperty "USkeletalMesh3::PhysMaterialOverride" was not found
WARNING: ByteProperty "USkeletalMesh3::ItemPreviewLocType" was not found
WARNING: FloatProperty "USkeletalMesh3::ItemPreviewLocLowerOffset" was not found
Loading SkeletalMesh3 030253_Col1_T4_Autoscale from package 00033135.upk
WARNING: ObjectProperty "USkeletalMesh3::MeshFactorSet" was not found
WARNING: ObjectProperty "USkeletalMesh3::PhysMaterialOverride" was not found
WARNING: ByteProperty "USkeletalMesh3::ItemPreviewLocType" was not found
WARNING: FloatProperty "USkeletalMesh3::ItemPreviewLocLowerOffset" was not found
Loading SkeletalMeshSocket SkeletalMeshSocket_323 from package 00033135.upk
WARNING: ObjectProperty "USkeletalMeshSocket::DependencyParticleSystem" was not found
Loading SkeletalMeshSocket SkeletalMeshSocket_333 from package 00033135.upk
WARNING: ObjectProperty "USkeletalMeshSocket::DependencyParticleSystem" was not found
Loading SkeletalMeshSocket SkeletalMeshSocket_362 from package 00033135.upk
WARNING: ObjectProperty "USkeletalMeshSocket::DependencyParticleSystem" was not found
Loading SkeletalMeshSocket SkeletalMeshSocket_352 from package 00033135.upk
WARNING: ObjectProperty "USkeletalMeshSocket::DependencyParticleSystem" was not found
Loading SkeletalMeshSocket SkeletalMeshSocket_206 from package 00033135.upk
WARNING: ObjectProperty "USkeletalMeshSocket::DependencyParticleSystem" was not found
Loading MaterialInstanceConstant col1 from package 00033134.upk
Loading package: 00028888.upk Ver: 573/1 Engine: 4205 Names: 38 Exports: 10 Imports: 2 Game: 801A
Loading package: 00002640.upk Ver: 573/1 Engine: 4205 Names: 340 Exports: 556 Imports: 5 Game: 801A
Loading package: 00033139.upk Ver: 573/1 Engine: 4205 Names: 416 Exports: 833 Imports: 137 Game: 801A
Loading package: 00033041.upk Ver: 573/1 Engine: 4205 Names: 177 Exports: 230 Imports: 50 Game: 801A
Loading Texture2D 030186_Autoscale_col1_N from package 00028888.upk
Loading Texture2D 030186_Autoscale_col2_M from package 00028888.upk
Loading Texture2D 030186_Autoscale_col2_D from package 00028888.upk
Loading Texture2D 030186_Autoscale_col2_S from package 00028888.upk
Loading TextureCube lenscube from package 00002640.upk
Loading Texture2D PvE_030186_mask from package 00033139.upk
Loading Material3 Basic_Weapon from package 00033041.upk
Loading package: 00002620.upk Ver: 573/1 Engine: 4205 Names: 560 Exports: 6612 Imports: 96 Game: 801A
Loading package: 00012963.upk Ver: 573/1 Engine: 4205 Names: 1236 Exports: 1211 Imports: 10 Game: 801A
Loading package: 00033130.upk Ver: 573/1 Engine: 4205 Names: 512 Exports: 1075 Imports: 172 Game: 801A
Loading Texture2D CubemapFace0 from package 00002640.upk
Loading Texture2D CubemapFace1 from package 00002640.upk
Loading Texture2D CubemapFace2 from package 00002640.upk
Loading Texture2D CubemapFace3 from package 00002640.upk
Loading Texture2D CubemapFace4 from package 00002640.upk
Loading Texture2D CubemapFace5 from package 00002640.upk
Loading Texture2D check_n from package 00002620.upk
Loading Texture2D check from package 00002620.upk
Loading Texture2D Smoke_Pattern_001 from package 00012963.upk
Loading Texture2D Gradient_Line_003 from package 00012963.upk
Loading Texture2D Gradient_Wipe_BurnOut_Mask_TEST from package 00012963.upk
Loading Texture2D Gradient_Line_R from package 00012963.upk
Loading Texture2D Noise_006 from package 00012963.upk
Loading Texture2D Noise_Plazma_002 from package 00012963.upk
Loading Texture2D PvE_020185_Mask from package 00033130.upk
Loaded in 0.27 sec, 4464 allocs, 2.23 MBytes serialized in 468789 calls.

Object info:
============
ClassName: SkeletalMesh3 ObjectName: 030253_Col1_T0_Autoscale

    LODInfo[1] =
    {
        LODInfo[0] =
        {
            DisplayFactor = 0
            LODHysteresis = 0.02
            LODMaterialMap[0] = {}
            bEnableShadowCasting[1] = { true }
        }
    }
    Sockets[1] = { SkeletalMeshSocket'030253_Col1_T0_Autoscale.SkeletalMeshSocket_323' }
    bHasVertexColors = false
    EnableTwistBoneFixers = true
    EnableClavicleFixer = true
    Materials[1] = { MaterialInstanceConstant'col1' }


    Lods[1] =
    {
        Lods[0] =
        {
            Sections[1] =
            {
                Sections[0] = { Material=MaterialInstanceConstant'col1', FirstIndex=0, NumFaces=2023 }
            }
            NumVerts = 1409
            IndexCount = 6069
            NumTexCoords = 1
        }
    }
    LodCount = 1
    MeshOrigin = { X=-0, Y=-0, Z=-0 }
    MeshScale = { X=1, Y=1, Z=1 }
    RotOrigin = { Yaw=0, Pitch=0, Roll=0 }
    BoneCount = 20

Object info:
============
ClassName: SkeletalMesh3 ObjectName: 030253_Col1_T1_Autoscale

    LODInfo[1] =
    {
        LODInfo[0] =
        {
            DisplayFactor = 0
            LODHysteresis = 0.02
            LODMaterialMap[0] = {}
            bEnableShadowCasting[1] = { true }
        }
    }
    Sockets[1] = { SkeletalMeshSocket'030253_Col1_T1_Autoscale.SkeletalMeshSocket_333' }
    bHasVertexColors = false
    EnableTwistBoneFixers = true
    EnableClavicleFixer = true
    Materials[1] = { MaterialInstanceConstant'col1' }


    Lods[1] =
    {
        Lods[0] =
        {
            Sections[1] =
            {
                Sections[0] = { Material=MaterialInstanceConstant'col1', FirstIndex=0, NumFaces=2023 }
            }
            NumVerts = 1409
            IndexCount = 6069
            NumTexCoords = 1
        }
    }
    LodCount = 1
    MeshOrigin = { X=-0, Y=-0, Z=-0 }
    MeshScale = { X=1, Y=1, Z=1 }
    RotOrigin = { Yaw=0, Pitch=0, Roll=0 }
    BoneCount = 20

Object info:
============
ClassName: SkeletalMesh3 ObjectName: 030253_Col1_T2_Autoscale

    LODInfo[1] =
    {
        LODInfo[0] =
        {
            DisplayFactor = 0
            LODHysteresis = 0.02
            LODMaterialMap[0] = {}
            bEnableShadowCasting[1] = { true }
        }
    }
    Sockets[1] = { SkeletalMeshSocket'030253_Col1_T2_Autoscale.SkeletalMeshSocket_362' }
    bHasVertexColors = false
    EnableTwistBoneFixers = true
    EnableClavicleFixer = true
    Materials[1] = { MaterialInstanceConstant'col1' }


    Lods[1] =
    {
        Lods[0] =
        {
            Sections[1] =
            {
                Sections[0] = { Material=MaterialInstanceConstant'col1', FirstIndex=0, NumFaces=2023 }
            }
            NumVerts = 1409
            IndexCount = 6069
            NumTexCoords = 1
        }
    }
    LodCount = 1
    MeshOrigin = { X=-0, Y=-0, Z=-0 }
    MeshScale = { X=1, Y=1, Z=1 }
    RotOrigin = { Yaw=0, Pitch=0, Roll=0 }
    BoneCount = 20

Object info:
============
ClassName: SkeletalMesh3 ObjectName: 030253_Col1_T3_Autoscale

    LODInfo[1] =
    {
        LODInfo[0] =
        {
            DisplayFactor = 0
            LODHysteresis = 0.02
            LODMaterialMap[0] = {}
            bEnableShadowCasting[1] = { true }
        }
    }
    Sockets[1] = { SkeletalMeshSocket'030253_Col1_T3_Autoscale.SkeletalMeshSocket_352' }
    bHasVertexColors = false
    EnableTwistBoneFixers = true
    EnableClavicleFixer = true
    Materials[1] = { MaterialInstanceConstant'col1' }


    Lods[1] =
    {
        Lods[0] =
        {
            Sections[1] =
            {
                Sections[0] = { Material=MaterialInstanceConstant'col1', FirstIndex=0, NumFaces=2023 }
            }
            NumVerts = 1409
            IndexCount = 6069
            NumTexCoords = 1
        }
    }
    LodCount = 1
    MeshOrigin = { X=-0, Y=-0, Z=-0 }
    MeshScale = { X=1, Y=1, Z=1 }
    RotOrigin = { Yaw=0, Pitch=0, Roll=0 }
    BoneCount = 20

Object info:
============
ClassName: SkeletalMesh3 ObjectName: 030253_Col1_T4_Autoscale

    LODInfo[1] =
    {
        LODInfo[0] =
        {
            DisplayFactor = 0
            LODHysteresis = 0.02
            LODMaterialMap[0] = {}
            bEnableShadowCasting[1] = { true }
        }
    }
    Sockets[1] = { SkeletalMeshSocket'030253_Col1_T4_Autoscale.SkeletalMeshSocket_206' }
    bHasVertexColors = false
    EnableTwistBoneFixers = true
    EnableClavicleFixer = true
    Materials[1] = { MaterialInstanceConstant'col1' }


    Lods[1] =
    {
        Lods[0] =
        {
            Sections[1] =
            {
                Sections[0] = { Material=MaterialInstanceConstant'col1', FirstIndex=0, NumFaces=2023 }
            }
            NumVerts = 1409
            IndexCount = 6069
            NumTexCoords = 1
        }
    }
    LodCount = 1
    MeshOrigin = { X=-0, Y=-0, Z=-0 }
    MeshScale = { X=1, Y=1, Z=1 }
    RotOrigin = { Yaw=0, Pitch=0, Roll=0 }
    BoneCount = 20

Object info:
============
ClassName: SkeletalMeshSocket ObjectName: SkeletalMeshSocket_323

    SocketName = FX_Add
    BoneName = WeaponRoot
    RelativeLocation = { X=0.03, Y=0.36, Z=0 }
    RelativeRotation = { Yaw=0, Pitch=0, Roll=0 }
    RelativeScale = { X=1, Y=1, Z=1 }

Object info:
============
ClassName: SkeletalMeshSocket ObjectName: SkeletalMeshSocket_333

    SocketName = FX_Add
    BoneName = WeaponRoot
    RelativeLocation = { X=0.03, Y=0.36, Z=0 }
    RelativeRotation = { Yaw=0, Pitch=0, Roll=0 }
    RelativeScale = { X=1, Y=1, Z=1 }

Object info:
============
ClassName: SkeletalMeshSocket ObjectName: SkeletalMeshSocket_362

    SocketName = FX_Add
    BoneName = WeaponRoot
    RelativeLocation = { X=0.03, Y=0.36, Z=0 }
    RelativeRotation = { Yaw=0, Pitch=0, Roll=0 }
    RelativeScale = { X=1, Y=1, Z=1 }

Object info:
============
ClassName: SkeletalMeshSocket ObjectName: SkeletalMeshSocket_352

    SocketName = FX_Add
    BoneName = WeaponRoot
    RelativeLocation = { X=0.03, Y=0.36, Z=0 }
    RelativeRotation = { Yaw=0, Pitch=0, Roll=0 }
    RelativeScale = { X=1, Y=1, Z=1 }

Object info:
============
ClassName: SkeletalMeshSocket ObjectName: SkeletalMeshSocket_206

    SocketName = FX_Add
    BoneName = WeaponRoot
    RelativeLocation = { X=0.03, Y=0.36, Z=0 }
    RelativeRotation = { Yaw=0, Pitch=0, Roll=0 }
    RelativeScale = { X=1, Y=1, Z=1 }
