Found 19856 game files (132 skipped)
Loading package: 00030280.upk Ver: 573/1 Engine: 4205 Names: 230 Exports: 185 Imports: 22 Game: 801A
Loading SkeletalMesh3 70030_GonF from package 00030280.upk
WARNING: FloatProperty "USkeletalMesh3::AutoScale" was not found
WARNING: FloatProperty "USkeletalMesh3::EffectScale" was not found
WARNING: ObjectProperty "USkeletalMesh3::MeshFactorSet" was not found
WARNING: ObjectProperty "USkeletalMesh3::PhysMaterialOverride" was not found
WARNING: ObjectProperty "USkeletalMesh3::PlaySoundSet" was not found
WARNING: FloatProperty "USkeletalMesh3::AddFootOffsetValue" was not found
WARNING: FloatProperty "USkeletalMesh3::AnimNameHeight" was not found
WARNING: FloatProperty "USkeletalMesh3::NormalNameHeight" was not found
WARNING: ArrayProperty "USkeletalMesh3::NameplateMeshScaleRatio" was not found
WARNING: StructProperty "USkeletalMesh3::NameplateHeightRatio" was not found
WARNING: ArrayProperty "USkeletalMesh3::MeshScaleRatio" was not found
WARNING: StructProperty "USkeletalMesh3::HeightRatio" was not found
WARNING: StructProperty "USkeletalMesh3::HandRatio" was not found
WARNING: ByteProperty "USkeletalMesh3::CommonPhysicsUseFlag" was not found
WARNING: FloatProperty "USkeletalMesh3::PhysicalHitScale" was not found
Loading package: 00030279.upk Ver: 573/1 Engine: 4205 Names: 116 Exports: 3 Imports: 28 Game: 801A
Loading MaterialInstanceConstant col1 from package 00030279.upk
Loading package: 00030278.upk Ver: 573/1 Engine: 4205 Names: 32 Exports: 4 Imports: 2 Game: 801A
Loading package: 00002640.upk Ver: 573/1 Engine: 4205 Names: 340 Exports: 556 Imports: 5 Game: 801A
Loading package: 00002620.upk Ver: 573/1 Engine: 4205 Names: 560 Exports: 6612 Imports: 96 Game: 801A
Loading MaterialInstanceConstant col1_fur from package 00030279.upk
Loading package: 00029398.upk Ver: 573/1 Engine: 4205 Names: 52 Exports: 13 Imports: 3 Game: 801A
Loading MaterialInstanceConstant Op from package 00030279.upk
Loading package: 00026887.upk Ver: 573/1 Engine: 4205 Names: 54 Exports: 17 Imports: 3 Game: 801A
Loading Texture2D 70030_GonF_col1_N from package 00030278.upk
Loading Texture2D 70030_GonF_col1_M from package 00030278.upk
Loading Texture2D 70030_GonF_col1_D from package 00030278.upk
Loading Texture2D 70030_GonF_col1_S from package 00030278.upk
Loading TextureCube MatelR3 from package 00002640.upk
Loading Texture2D check from package 00002620.upk
Loading Material3 Body from package 00002620.upk
Loading package: 00012963.upk Ver: 573/1 Engine: 4205 Names: 1223 Exports: 1198 Imports: 10 Game: 801A
Loading Texture2D Fur_Tape1_N from package 00029398.upk
Loading Texture2D Fur_Tape1_D from package 00029398.upk
Loading Material3 Beard_Fur from package 00002620.upk
Loading TextureCube Cube from package 00026887.upk
Loading Material3 Blend_OP from package 00002620.upk
Loading Texture2D CubemapFace0 from package 00002640.upk
Loading Texture2D CubemapFace1 from package 00002640.upk
Loading Texture2D CubemapFace2 from package 00002640.upk
Loading Texture2D CubemapFace3 from package 00002640.upk
Loading Texture2D CubemapFace4 from package 00002640.upk
Loading Texture2D CubemapFace5 from package 00002640.upk
Loading Texture2D check_n from package 00002620.upk
Loading Texture2D Noise_Glass_000 from package 00012963.upk
Loading Texture2D Smoke_Pattern_001 from package 00012963.upk
Loading Texture2D Gradient_Wipe_BurnOut_Mask_TEST from package 00012963.upk
Loading Texture2D Gradient_Wipe_BurnOut_Mask from package 00012963.upk
Loading Texture2D Gradient_Line_003 from package 00012963.upk
Loading Texture2D CubemapFace0 from package 00026887.upk
Loading Texture2D CubemapFace1 from package 00026887.upk
Loading Texture2D CubemapFace2 from package 00026887.upk
Loading Texture2D CubemapFace3 from package 00026887.upk
Loading Texture2D CubemapFace4 from package 00026887.upk
Loading Texture2D CubemapFace5 from package 00026887.upk
Loaded in 0.3 sec, 3378 allocs, 4.13 MBytes serialized in 782759 calls.

Object info:
============
ClassName: SkeletalMesh3 ObjectName: 70030_GonF

    LODInfo[2] =
    {
        LODInfo[0] =
        {
            DisplayFactor = 0
            LODHysteresis = 0.02
            LODMaterialMap[0] = {}
            bEnableShadowCasting[4] = { true, true, true, true }
        }
        LODInfo[1] =
        {
            DisplayFactor = 0.25
            LODHysteresis = 0.02
            LODMaterialMap[3] = { 0, 1, 2 }
            bEnableShadowCasting[3] = { true, true, true }
        }
    }
    Sockets[0] = {}
    bHasVertexColors = false
    EnableTwistBoneFixers = true
    EnableClavicleFixer = true
    Materials[3] =
    {
        Materials[0] = MaterialInstanceConstant'col1'
        Materials[1] = MaterialInstanceConstant'col1_fur'
        Materials[2] = MaterialInstanceConstant'Op'
    }


    Lods[2] =
    {
        Lods[0] =
        {
            Sections[4] =
            {
                Sections[0] = { Material=MaterialInstanceConstant'col1', FirstIndex=0, NumFaces=5893 }
                Sections[1] = { Material=MaterialInstanceConstant'Op', FirstIndex=17679, NumFaces=1359 }
                Sections[2] = { Material=MaterialInstanceConstant'col1_fur', FirstIndex=21756, NumFaces=4104 }
                Sections[3] = { Material=MaterialInstanceConstant'col1', FirstIndex=34068, NumFaces=424 }
            }
            NumVerts = 13005
            IndexCount = 35340
            NumTexCoords = 1
        }
        Lods[1] =
        {
            Sections[3] =
            {
                Sections[0] = { Material=MaterialInstanceConstant'Op', FirstIndex=0, NumFaces=291 }
                Sections[1] = { Material=MaterialInstanceConstant'col1', FirstIndex=873, NumFaces=2114 }
                Sections[2] = { Material=MaterialInstanceConstant'col1_fur', FirstIndex=7215, NumFaces=936 }
            }
            NumVerts = 3558
            IndexCount = 10023
            NumTexCoords = 1
        }
    }
    LodCount = 2
    MeshOrigin = { X=-0, Y=-0, Z=-0 }
    MeshScale = { X=1, Y=1, Z=1 }
    RotOrigin = { Yaw=0, Pitch=0, Roll=0 }
    BoneCount = 108
