Found 18875 game files (36 skipped)
Loading package: 00030124.upk Ver: 573/1 Engine: 4205 Names: 43 Exports: 16 Imports: 4 Game: 801A
Loading Texture2D 990177_DemonBoneMaskThinA_col1_D from package 00030124.upk
Loading Texture2D 990177_DemonBoneMaskThinA_col1_M from package 00030124.upk
Loading Texture2D 990177_DemonBoneMaskThinA_col1_N from package 00030124.upk
Loading Texture2D 990177_DemonBoneMaskThinA_col1_S from package 00030124.upk
Loaded in 0.029 sec, 201 allocs, 0.40 MBytes serialized in 1316 calls.

Object info:
============
ClassName: Texture2D ObjectName: 990177_DemonBoneMaskThinA_col1_D

    SizeX = 1024
    SizeY = 512
    Format = PF_DXT5 (7)
    AddressX = TA_Wrap (0)
    AddressY = TA_Wrap (0)
    TextureFileCacheName = None
    MipTailBaseIdx = 10
    bForcePVRTC4 = false
    UnpackMin[4] = { 0, 0, 0, 0 }
    UnpackMax[4] = { 1, 1, 1, 1 }

Object info:
============
ClassName: Texture2D ObjectName: 990177_DemonBoneMaskThinA_col1_M

    SizeX = 1024
    SizeY = 512
    Format = PF_DXT1 (5)
    AddressX = TA_Wrap (0)
    AddressY = TA_Wrap (0)
    TextureFileCacheName = None
    MipTailBaseIdx = 10
    bForcePVRTC4 = false
    UnpackMin[4] = { 0, 0, 0, 0 }
    UnpackMax[4] = { 1, 1, 1, 1 }

Object info:
============
ClassName: Texture2D ObjectName: 990177_DemonBoneMaskThinA_col1_N

    SizeX = 1024
    SizeY = 512
    Format = PF_DXT1 (5)
    AddressX = TA_Wrap (0)
    AddressY = TA_Wrap (0)
    TextureFileCacheName = None
    MipTailBaseIdx = 10
    bForcePVRTC4 = false
    UnpackMin[4] = { -1, -1, -1, 0 }
    UnpackMax[4] = { 1, 1, 1, 1 }

Object info:
============
ClassName: Texture2D ObjectName: 990177_DemonBoneMaskThinA_col1_S

    SizeX = 1024
    SizeY = 512
    Format = PF_DXT1 (5)
    AddressX = TA_Wrap (0)
    AddressY = TA_Wrap (0)
    TextureFileCacheName = None
    MipTailBaseIdx = 10
    bForcePVRTC4 = false
    UnpackMin[4] = { 0, 0, 0, 0 }
    UnpackMax[4] = { 1, 1, 1, 1 }
