Found 27000 game files (27 skipped)
Loading package: 00036272.upk Ver: 573/1 Engine: 4205 Names: 37 Exports: 8 Imports: 4 Game: 801A
Loading Texture2D 10037_JinF_col1_D from package 00036272.upk
Loading Texture2D 10037_JinF_col1_M from package 00036272.upk
Loading Texture2D 10037_JinF_col1_N from package 00036272.upk
Loading Texture2D 10037_JinF_col1_S from package 00036272.upk
Loaded in 0.042 sec, 189 allocs, 1.69 MBytes serialized in 1176 calls.

Object info:
============
ClassName: Texture2D ObjectName: 10037_JinF_col1_D

    SizeX = 1024
    SizeY = 1024
    Format = PF_DXT5 (7)
    AddressX = TA_Wrap (0)
    AddressY = TA_Wrap (0)
    TextureFileCacheName = None
    MipTailBaseIdx = 10
    bForcePVRTC4 = false
    UnpackMin[4] = { 0, 0, 0, 0 }
    UnpackMax[4] = { 1, 1, 1, 1 }

Object info:
============
ClassName: Texture2D ObjectName: 10037_JinF_col1_M

    SizeX = 1024
    SizeY = 1024
    Format = PF_DXT1 (5)
    AddressX = TA_Wrap (0)
    AddressY = TA_Wrap (0)
    TextureFileCacheName = None
    MipTailBaseIdx = 10
    bForcePVRTC4 = false
    UnpackMin[4] = { 0, 0, 0, 0 }
    UnpackMax[4] = { 1, 1, 1, 1 }

Object info:
============
ClassName: Texture2D ObjectName: 10037_JinF_col1_N

    SizeX = 1024
    SizeY = 1024
    Format = PF_DXT1 (5)
    AddressX = TA_Wrap (0)
    AddressY = TA_Wrap (0)
    TextureFileCacheName = None
    MipTailBaseIdx = 10
    bForcePVRTC4 = false
    UnpackMin[4] = { -1, -1, -1, 0 }
    UnpackMax[4] = { 1, 1, 1, 1 }

Object info:
============
ClassName: Texture2D ObjectName: 10037_JinF_col1_S

    SizeX = 1024
    SizeY = 1024
    Format = PF_DXT5 (7)
    AddressX = TA_Wrap (0)
    AddressY = TA_Wrap (0)
    TextureFileCacheName = None
    MipTailBaseIdx = 10
    bForcePVRTC4 = false
    UnpackMin[4] = { 0, 0, 0, 0 }
    UnpackMax[4] = { 1, 1, 1, 1 }
