Found 27000 game files (27 skipped)
Loading package: 00034987.upk Ver: 573/1 Engine: 4205 Names: 59 Exports: 5 Imports: 8 Game: 801A
Loading SkeletalMesh3 Hat_0035 from package 00034987.upk
Loading package: 00034986.upk Ver: 573/1 Engine: 4205 Names: 76 Exports: 1 Imports: 17 Game: 801A
Loading MaterialInstanceConstant col1 from package 00034986.upk
Loading package: 00034985.upk Ver: 573/1 Engine: 4205 Names: 39 Exports: 6 Imports: 8 Game: 801A
Loading package: 00002620.upk Ver: 573/1 Engine: 4205 Names: 560 Exports: 6612 Imports: 96 Game: 801A
Loading Texture2D Hat_0035_col1_N from package 00034985.upk
Loading Texture2D Hat_0035_col1_M from package 00034985.upk
Loading Texture2D Hat_0035_col1_s from package 00034985.upk
Loading Texture2D Hat_0035_col1_D from package 00034985.upk
Loading Texture2D check from package 00002620.upk
Loading Material3 Fur_Ac from package 00002620.upk
Loading package: 00012963.upk Ver: 573/1 Engine: 4205 Names: 1264 Exports: 1240 Imports: 10 Game: 801A
Loading Texture2D check_n from package 00002620.upk
Loading Texture2D Noise_Glass_000 from package 00012963.upk
Loading Texture2D Smoke_Pattern_001 from package 00012963.upk
Loading Texture2D Gradient_Wipe_BurnOut_Mask_TEST from package 00012963.upk
Loading Texture2D Gradient_Wipe_BurnOut_Mask from package 00012963.upk
Loading Texture2D Gradient_Line_003 from package 00012963.upk
Loaded in 0.072 sec, 2375 allocs, 1.40 MBytes serialized in 184711 calls.

Object info:
============
ClassName: SkeletalMesh3 ObjectName: Hat_0035

    LODInfo[1] =
    {
        LODInfo[0] =
        {
            DisplayFactor = 0
            LODHysteresis = 0.02
            LODMaterialMap[0] = {}
            bEnableShadowCasting[1] = { true }
        }
    }
    Sockets[0] = {}
    bHasVertexColors = false
    EnableTwistBoneFixers = true
    EnableClavicleFixer = true
    Materials[1] = { MaterialInstanceConstant'col1' }


    Lods[1] =
    {
        Lods[0] =
        {
            Sections[1] =
            {
                Sections[0] = { Material=MaterialInstanceConstant'col1', FirstIndex=0, NumFaces=1596 }
            }
            NumVerts = 974
            IndexCount = 4788
            NumTexCoords = 1
        }
    }
    LodCount = 1
    MeshOrigin = { X=-0, Y=-0, Z=-0 }
    MeshScale = { X=1, Y=1, Z=1 }
    RotOrigin = { Yaw=0, Pitch=0, Roll=0 }
    BoneCount = 9
