Found 27000 game files (27 skipped)
Loading package: 00034348.upk Ver: 573/1 Engine: 4205 Names: 213 Exports: 46 Imports: 16 Game: 801A
Loading AnimSet 990241_Autoscale_AnimSet from package 00034348.upk
WARNING: BoolProperty "UAnimSet::bServiced" was not found
WARNING: ArrayProperty "UAnimSet::AdjustAniScaleBoneNames" was not found
Loading AnimSequence AnimSequence_1 from package 00034348.upk
WARNING: BoolProperty "UAnimSequence::bServiced" was not found
Loading AnimSequence AnimSequence_10 from package 00034348.upk
WARNING: BoolProperty "UAnimSequence::bServiced" was not found
Loading AnimSequence AnimSequence_11 from package 00034348.upk
WARNING: BoolProperty "UAnimSequence::bServiced" was not found
Loading AnimSequence AnimSequence_12 from package 00034348.upk
WARNING: BoolProperty "UAnimSequence::bServiced" was not found
Loading AnimSequence AnimSequence_14 from package 00034348.upk
WARNING: BoolProperty "UAnimSequence::bServiced" was not found
Loading AnimSequence AnimSequence_15 from package 00034348.upk
WARNING: BoolProperty "UAnimSequence::bServiced" was not found
Loading AnimSequence AnimSequence_16 from package 00034348.upk
WARNING: BoolProperty "UAnimSequence::bServiced" was not found
Loading AnimSequence AnimSequence_2 from package 00034348.upk
WARNING: BoolProperty "UAnimSequence::bServiced" was not found
Loading AnimSequence AnimSequence_4 from package 00034348.upk
WARNING: BoolProperty "UAnimSequence::bServiced" was not found
Loading AnimSequence AnimSequence_5 from package 00034348.upk
WARNING: BoolProperty "UAnimSequence::bServiced" was not found
Loading AnimSequence AnimSequence_7 from package 00034348.upk
WARNING: BoolProperty "UAnimSequence::bServiced" was not found
Loading AnimSequence AnimSequence_8 from package 00034348.upk
WARNING: BoolProperty "UAnimSequence::bServiced" was not found
Loading AnimSequence AnimSequence_9 from package 00034348.upk
WARNING: BoolProperty "UAnimSequence::bServiced" was not found
Loading SkeletalMesh3 990241_Autoscale from package 00034348.upk
WARNING: ObjectProperty "USkeletalMesh3::PhysMaterialOverride" was not found
WARNING: BoolProperty "USkeletalMesh3::bUseAutoAnimset" was not found
Loading package: 00034347.upk Ver: 573/1 Engine: 4205 Names: 176 Exports: 151 Imports: 46 Game: 801A
Loading SkeletalMeshSocket SkeletalMeshSocket_173 from package 00034348.upk
Loading SkeletalMeshSocket SkeletalMeshSocket_272 from package 00034348.upk
Loading SkeletalMeshSocket SkeletalMeshSocket_273 from package 00034348.upk
Loading MaterialInstanceConstant col1 from package 00034347.upk
Loading package: 00034346.upk Ver: 573/1 Engine: 4205 Names: 32 Exports: 4 Imports: 2 Game: 801A
Loading package: 00002640.upk Ver: 573/1 Engine: 4205 Names: 340 Exports: 556 Imports: 5 Game: 801A
Loading Texture2D Weapon_990241_col1_N from package 00034346.upk
Loading Texture2D Weapon_990241_col1_M from package 00034346.upk
Loading Texture2D Weapon_990241_col1_D from package 00034346.upk
Loading Texture2D Weapon_990241_col1_S from package 00034346.upk
Loading TextureCube MatelR5 from package 00002640.upk
Loading Texture2D Weapon_990241_col1_FX from package 00034347.upk
Loading Material3 Basic_FX from package 00034347.upk
Loading package: 00002620.upk Ver: 573/1 Engine: 4205 Names: 560 Exports: 6612 Imports: 96 Game: 801A
Loading package: 00012963.upk Ver: 573/1 Engine: 4205 Names: 1264 Exports: 1240 Imports: 10 Game: 801A
Loading Texture2D CubemapFace0 from package 00002640.upk
Loading Texture2D CubemapFace1 from package 00002640.upk
Loading Texture2D CubemapFace2 from package 00002640.upk
Loading Texture2D CubemapFace3 from package 00002640.upk
Loading Texture2D CubemapFace4 from package 00002640.upk
Loading Texture2D CubemapFace5 from package 00002640.upk
Loading Texture2D check_n from package 00002620.upk
Loading Texture2D check from package 00002620.upk
Loading Texture2D Smoke_Pattern_001 from package 00012963.upk
Loading Texture2D Gradient_Line_003 from package 00012963.upk
Loading Texture2D Gradient_Wipe_BurnOut_Mask_TEST from package 00012963.upk
Loading Texture2D Gradient_Wipe_BurnOut_Mask from package 00012963.upk
Error: Command failed: ******** 00034348 ********
*** unknown member ACF_ZOnlyRLE of enum AnimationCompressionFormat
*** unknown member ACF_ZOnlyRLE of enum AnimationCompressionFormat
*** unknown member ACF_ZOnlyRLE of enum AnimationCompressionFormat
*** unknown member ACF_ZOnlyRLE of enum AnimationCompressionFormat
*** unknown member ACF_ZOnlyRLE of enum AnimationCompressionFormat
*** unknown member ACF_ZOnlyRLE of enum AnimationCompressionFormat
*** unknown member ACF_ZOnlyRLE of enum AnimationCompressionFormat
*** unknown member ACF_ZOnlyRLE of enum AnimationCompressionFormat
*** unknown member ACF_ZOnlyRLE of enum AnimationCompressionFormat
*** unknown member ACF_ZOnlyRLE of enum AnimationCompressionFormat
*** unknown member ACF_ZOnlyRLE of enum AnimationCompressionFormat
*** unknown member ACF_ZOnlyRLE of enum AnimationCompressionFormat
*** unknown member ACF_ZOnlyRLE of enum AnimationCompressionFormat
*** ERROR: Unknown rotation compression method: 255
UAnimSet::ConvertAnims <- PostLoad:990241_Autoscale_AnimSet <- UObject::EndLoad <- LoadWholePackage:00034348 <- Main


    at ChildProcess.exithandler (child_process.js:637:15)
    at ChildProcess.EventEmitter.emit (events.js:98:17)
    at maybeClose (child_process.js:743:16)
    at Process.ChildProcess._handle.onexit (child_process.js:810:5)