Found 27000 game files (27 skipped)
Loading package: 00030904.upk Ver: 573/1 Engine: 4205 Names: 184 Exports: 172 Imports: 20 Game: 801A
Loading SkeletalMesh3 DarkCarzyTribeNightA from package 00030904.upk
WARNING: ObjectProperty "USkeletalMesh3::PlaySoundSet" was not found
WARNING: FloatProperty "USkeletalMesh3::AddFootOffsetValue" was not found
WARNING: FloatProperty "USkeletalMesh3::AnimNameHeight" was not found
WARNING: FloatProperty "USkeletalMesh3::NormalNameHeight" was not found
WARNING: FloatProperty "USkeletalMesh3::LowNameHeight" was not found
Loading package: 00030907.upk Ver: 573/1 Engine: 4205 Names: 93 Exports: 1 Imports: 22 Game: 801A
Loading SkeletalMeshSocket SkeletalMeshSocket_119 from package 00030904.upk
WARNING: ObjectProperty "USkeletalMeshSocket::PreviewSkelMesh" was not found
Loading SkeletalMeshSocket SkeletalMeshSocket_120 from package 00030904.upk
Loading SkeletalMeshSocket SkeletalMeshSocket_121 from package 00030904.upk
Loading SkeletalMeshSocket SkeletalMeshSocket_122 from package 00030904.upk
Loading SkeletalMeshSocket SkeletalMeshSocket_123 from package 00030904.upk
Loading SkeletalMeshSocket SkeletalMeshSocket_124 from package 00030904.upk
Loading SkeletalMeshSocket SkeletalMeshSocket_125 from package 00030904.upk
Loading SkeletalMeshSocket SkeletalMeshSocket_126 from package 00030904.upk
Loading SkeletalMeshSocket SkeletalMeshSocket_127 from package 00030904.upk
Loading MaterialInstanceConstant col1 from package 00030907.upk
Loading package: 00030908.upk Ver: 573/1 Engine: 4205 Names: 35 Exports: 5 Imports: 2 Game: 801A
Loading package: 00002640.upk Ver: 573/1 Engine: 4205 Names: 340 Exports: 556 Imports: 5 Game: 801A
Loading package: 00030727.upk Ver: 573/1 Engine: 4205 Names: 176 Exports: 170 Imports: 49 Game: 801A
Loading Texture2D DarkCarzyTribeNightA_col1_N from package 00030908.upk
Loading Texture2D DarkCarzyTribeNightA_col1_M from package 00030908.upk
Loading Texture2D DarkCarzyTribeNightA_col1_D from package 00030908.upk
Loading Texture2D DarkCarzyTribeNightA_col1_S from package 00030908.upk
Loading TextureCube cube_orb from package 00002640.upk
Loading Texture2D DarkCarzyTribeNightA_col1_E from package 00030908.upk
WARNING: ByteProperty "UTexture2D::ManualLoadSwitchSettings" was not found
Loading Material3 Basic_Night_fx from package 00030727.upk
Loading package: 00002620.upk Ver: 573/1 Engine: 4205 Names: 560 Exports: 6612 Imports: 96 Game: 801A
Loading package: 00012963.upk Ver: 573/1 Engine: 4205 Names: 1264 Exports: 1240 Imports: 10 Game: 801A
Loading Texture2D CubemapFace0 from package 00002640.upk
Loading Texture2D CubemapFace1 from package 00002640.upk
Loading Texture2D CubemapFace2 from package 00002640.upk
Loading Texture2D CubemapFace3 from package 00002640.upk
Loading Texture2D CubemapFace4 from package 00002640.upk
Loading Texture2D CubemapFace5 from package 00002640.upk
Loading Texture2D check_n from package 00002620.upk
Loading Texture2D Smoke_Pattern_001 from package 00012963.upk
Loading Texture2D check from package 00002620.upk
Loading Texture2D Gradient_Line_003 from package 00012963.upk
Loading Texture2D Gradient_Wipe_BurnOut_Mask_TEST from package 00012963.upk
Loading Texture2D Gradient_Wipe_BurnOut_Mask from package 00012963.upk
Loading Texture2D Plant_004_06_D from package 00012963.upk
Loaded in 0.16 sec, 3256 allocs, 2.25 MBytes serialized in 362682 calls.

Object info:
============
ClassName: SkeletalMesh3 ObjectName: DarkCarzyTribeNightA

    LODInfo[1] =
    {
        LODInfo[0] =
        {
            DisplayFactor = 0
            LODHysteresis = 0.02
            LODMaterialMap[0] = {}
            bEnableShadowCasting[1] = { true }
        }
    }
    Sockets[9] =
    {
        Sockets[0] = SkeletalMeshSocket'DarkCarzyTribeNightA.SkeletalMeshSocket_119'
        Sockets[1] = SkeletalMeshSocket'DarkCarzyTribeNightA.SkeletalMeshSocket_120'
        Sockets[2] = SkeletalMeshSocket'DarkCarzyTribeNightA.SkeletalMeshSocket_121'
        Sockets[3] = SkeletalMeshSocket'DarkCarzyTribeNightA.SkeletalMeshSocket_122'
        Sockets[4] = SkeletalMeshSocket'DarkCarzyTribeNightA.SkeletalMeshSocket_123'
        Sockets[5] = SkeletalMeshSocket'DarkCarzyTribeNightA.SkeletalMeshSocket_124'
        Sockets[6] = SkeletalMeshSocket'DarkCarzyTribeNightA.SkeletalMeshSocket_125'
        Sockets[7] = SkeletalMeshSocket'DarkCarzyTribeNightA.SkeletalMeshSocket_126'
        Sockets[8] = SkeletalMeshSocket'DarkCarzyTribeNightA.SkeletalMeshSocket_127'
    }
    bHasVertexColors = false
    EnableTwistBoneFixers = true
    EnableClavicleFixer = true
    Materials[1] = { MaterialInstanceConstant'col1' }


    Lods[1] =
    {
        Lods[0] =
        {
            Sections[1] =
            {
                Sections[0] = { Material=MaterialInstanceConstant'col1', FirstIndex=0, NumFaces=7051 }
            }
            NumVerts = 5502
            IndexCount = 21153
            NumTexCoords = 1
        }
    }
    LodCount = 1
    MeshOrigin = { X=-0, Y=-0, Z=-0 }
    MeshScale = { X=1, Y=1, Z=1 }
    RotOrigin = { Yaw=0, Pitch=0, Roll=0 }
    BoneCount = 67

Object info:
============
ClassName: SkeletalMeshSocket ObjectName: SkeletalMeshSocket_119

    SocketName = WeaponR
    BoneName = WeaponR
    RelativeLocation = { X=0, Y=0, Z=0 }
    RelativeRotation = { Yaw=0, Pitch=0, Roll=0 }
    RelativeScale = { X=1, Y=1, Z=1 }

Object info:
============
ClassName: SkeletalMeshSocket ObjectName: SkeletalMeshSocket_120

    SocketName = target_high
    BoneName = Bip01Head
    RelativeLocation = { X=0, Y=0, Z=0 }
    RelativeRotation = { Yaw=0, Pitch=0, Roll=0 }
    RelativeScale = { X=1, Y=1, Z=1 }

Object info:
============
ClassName: SkeletalMeshSocket ObjectName: SkeletalMeshSocket_121

    SocketName = socket_force
    BoneName = Root
    RelativeLocation = { X=44, Y=33, Z=25 }
    RelativeRotation = { Yaw=0, Pitch=0, Roll=0 }
    RelativeScale = { X=1, Y=1, Z=1 }

Object info:
============
ClassName: SkeletalMeshSocket ObjectName: SkeletalMeshSocket_122

    SocketName = Catch_Neck
    BoneName = Bip01Neck
    RelativeLocation = { X=0, Y=0, Z=0 }
    RelativeRotation = { Yaw=0, Pitch=0, Roll=0 }
    RelativeScale = { X=1, Y=1, Z=1 }

Object info:
============
ClassName: SkeletalMeshSocket ObjectName: SkeletalMeshSocket_123

    SocketName = Mount_Ambar_Socket
    BoneName = Bip01LClavicle
    RelativeLocation = { X=-7.9656, Y=-8.2854, Z=-5.6044 }
    RelativeRotation = { Yaw=-285, Pitch=9970, Roll=22850 }
    RelativeScale = { X=1, Y=1, Z=1 }

Object info:
============
ClassName: SkeletalMeshSocket ObjectName: SkeletalMeshSocket_124

    SocketName = Mount_Choke_Socket
    BoneName = Root
    RelativeLocation = { X=13, Y=-1.54552e-015, Z=0 }
    RelativeRotation = { Yaw=32768, Pitch=0, Roll=0 }
    RelativeScale = { X=1, Y=1, Z=1 }

Object info:
============
ClassName: SkeletalMeshSocket ObjectName: SkeletalMeshSocket_125

    SocketName = Mount_Socket
    BoneName = Root
    RelativeLocation = { X=0, Y=0, Z=0 }
    RelativeRotation = { Yaw=32768, Pitch=0, Roll=0 }
    RelativeScale = { X=1, Y=1, Z=1 }

Object info:
============
ClassName: SkeletalMeshSocket ObjectName: SkeletalMeshSocket_126

    SocketName = Decap_Socket
    BoneName = Bip01Neck
    RelativeLocation = { X=2.76134, Y=0, Z=0 }
    RelativeRotation = { Yaw=0, Pitch=0, Roll=0 }
    RelativeScale = { X=1, Y=1, Z=1 }

Object info:
============
ClassName: SkeletalMeshSocket ObjectName: SkeletalMeshSocket_127

    SocketName = ATTACH_EFFECT
    BoneName = Bip01
    RelativeLocation = { X=10, Y=0, Z=0 }
    RelativeRotation = { Yaw=0, Pitch=0, Roll=0 }
    RelativeScale = { X=1, Y=1, Z=1 }
