Found 27000 game files (27 skipped)
Loading package: 00035130.upk Ver: 573/1 Engine: 4205 Names: 229 Exports: 197 Imports: 21 Game: 801A
Loading SkeletalMesh3 10024_KunN from package 00035130.upk
WARNING: FloatProperty "USkeletalMesh3::AutoScale" was not found
WARNING: ObjectProperty "USkeletalMesh3::MeshFactorSet" was not found
WARNING: ObjectProperty "USkeletalMesh3::PhysMaterialOverride" was not found
WARNING: ObjectProperty "USkeletalMesh3::PlaySoundSet" was not found
WARNING: FloatProperty "USkeletalMesh3::AddFootOffsetValue" was not found
WARNING: FloatProperty "USkeletalMesh3::AnimNameHeight" was not found
WARNING: FloatProperty "USkeletalMesh3::NormalNameHeight" was not found
WARNING: ArrayProperty "USkeletalMesh3::NameplateMeshScaleRatio" was not found
WARNING: StructProperty "USkeletalMesh3::NameplateHeightRatio" was not found
WARNING: ArrayProperty "USkeletalMesh3::MeshScaleRatio" was not found
WARNING: StructProperty "USkeletalMesh3::HeightRatio" was not found
WARNING: StructProperty "USkeletalMesh3::HandRatio" was not found
WARNING: ByteProperty "USkeletalMesh3::CommonPhysicsUseFlag" was not found
Loading package: 00035129.upk Ver: 573/1 Engine: 4205 Names: 102 Exports: 2 Imports: 28 Game: 801A
Loading MaterialInstanceConstant col1 from package 00035129.upk
Loading package: 00035128.upk Ver: 573/1 Engine: 4205 Names: 32 Exports: 5 Imports: 2 Game: 801A
Loading package: 00002640.upk Ver: 573/1 Engine: 4205 Names: 340 Exports: 556 Imports: 5 Game: 801A
Loading package: 00002620.upk Ver: 573/1 Engine: 4205 Names: 560 Exports: 6612 Imports: 96 Game: 801A
Loading MaterialInstanceConstant col1_1 from package 00035129.upk
Loading package: 00012963.upk Ver: 573/1 Engine: 4205 Names: 1264 Exports: 1240 Imports: 10 Game: 801A
Loading package: 00034900.upk Ver: 573/1 Engine: 4205 Names: 161 Exports: 77 Imports: 42 Game: 801A
Loading Texture2D 10024_KunN_col1_E from package 00035128.upk
Loading TextureCube lenscube_a from package 00002640.upk
Loading Texture2D 10024_KunN_col1_S from package 00035128.upk
Loading Texture2D 10024_KunN_col1_N from package 00035128.upk
Loading Texture2D 10024_KunN_col1_M from package 00035128.upk
Loading Texture2D 10024_KunN_col1_D from package 00035128.upk
Loading Material3 body_kUN from package 00002620.upk
Loading Texture2D Smoke_Pattern_001 from package 00012963.upk
Loading Material3 Fx_parent from package 00034900.upk
Loading package: 00034899.upk Ver: 573/1 Engine: 4205 Names: 39 Exports: 7 Imports: 2 Game: 801A
Loading Texture2D CubemapFace0 from package 00002640.upk
Loading Texture2D CubemapFace1 from package 00002640.upk
Loading Texture2D CubemapFace2 from package 00002640.upk
Loading Texture2D CubemapFace3 from package 00002640.upk
Loading Texture2D CubemapFace4 from package 00002640.upk
Loading Texture2D CubemapFace5 from package 00002640.upk
Loading Texture2D check_n from package 00002620.upk
Loading Texture2D Noise_Glass_000 from package 00012963.upk
Loading Texture2D Gradient_Wipe_BurnOut_Mask_TEST from package 00012963.upk
Loading Texture2D Gradient_Wipe_BurnOut_Mask from package 00012963.upk
Loading Texture2D check from package 00002620.upk
Loading Texture2D Gradient_Line_003 from package 00012963.upk
Loading Texture2D FX_Alpha_Tex from package 00034899.upk
Loading Texture2D Smoke_Cloud_006 from package 00012963.upk
Loading Texture2D Smoke_Cloud_005 from package 00012963.upk
Loading Texture2D Aura_Tail_002 from package 00012963.upk
Loading Texture2D Fx_Alpha_Tex3 from package 00034899.upk
Loaded in 0.16 sec, 3502 allocs, 3.99 MBytes serialized in 432788 calls.

Object info:
============
ClassName: SkeletalMesh3 ObjectName: 10024_KunN

    LODInfo[2] =
    {
        LODInfo[0] =
        {
            DisplayFactor = 0
            LODHysteresis = 0.02
            LODMaterialMap[0] = {}
            bEnableShadowCasting[3] = { true, true, true }
        }
        LODInfo[1] =
        {
            DisplayFactor = 0.25
            LODHysteresis = 0.02
            LODMaterialMap[1] = { 0 }
            bEnableShadowCasting[1] = { true }
        }
    }
    Sockets[0] = {}
    bHasVertexColors = false
    EnableTwistBoneFixers = true
    EnableClavicleFixer = true
    Materials[2] = { MaterialInstanceConstant'col1', MaterialInstanceConstant'col1_1' }


    Lods[2] =
    {
        Lods[0] =
        {
            Sections[3] =
            {
                Sections[0] = { Material=MaterialInstanceConstant'col1', FirstIndex=0, NumFaces=6550 }
                Sections[1] = { Material=MaterialInstanceConstant'col1', FirstIndex=19650, NumFaces=208 }
                Sections[2] = { Material=MaterialInstanceConstant'col1_1', FirstIndex=20274, NumFaces=12 }
            }
            NumVerts = 4903
            IndexCount = 20310
            NumTexCoords = 1
        }
        Lods[1] =
        {
            Sections[1] =
            {
                Sections[0] = { Material=MaterialInstanceConstant'col1', FirstIndex=0, NumFaces=1959 }
            }
            NumVerts = 1809
            IndexCount = 5877
            NumTexCoords = 1
        }
    }
    LodCount = 2
    MeshOrigin = { X=-0, Y=-0, Z=-0 }
    MeshScale = { X=1, Y=1, Z=1 }
    RotOrigin = { Yaw=0, Pitch=0, Roll=0 }
    BoneCount = 110
