Found 27000 game files (27 skipped)
Loading package: 00034131.upk Ver: 573/1 Engine: 4205 Names: 218 Exports: 177 Imports: 16 Game: 801A
Loading SkeletalMesh3 65072_KunN from package 00034131.upk
WARNING: FloatProperty "USkeletalMesh3::AutoScale" was not found
WARNING: ObjectProperty "USkeletalMesh3::MeshFactorSet" was not found
WARNING: FloatProperty "USkeletalMesh3::AddFootOffsetValue" was not found
WARNING: FloatProperty "USkeletalMesh3::AnimNameHeight" was not found
WARNING: FloatProperty "USkeletalMesh3::NormalNameHeight" was not found
WARNING: ArrayProperty "USkeletalMesh3::NameplateMeshScaleRatio" was not found
WARNING: StructProperty "USkeletalMesh3::NameplateHeightRatio" was not found
WARNING: ArrayProperty "USkeletalMesh3::MeshScaleRatio" was not found
WARNING: StructProperty "USkeletalMesh3::HeightRatio" was not found
WARNING: StructProperty "USkeletalMesh3::HandRatio" was not found
WARNING: ByteProperty "USkeletalMesh3::CommonPhysicsUseFlag" was not found
Loading package: 00034130.upk Ver: 573/1 Engine: 4205 Names: 104 Exports: 2 Imports: 23 Game: 801A
Loading MaterialInstanceConstant col1 from package 00034130.upk
Loading package: 00002620.upk Ver: 573/1 Engine: 4205 Names: 560 Exports: 6612 Imports: 96 Game: 801A
Loading package: 00002640.upk Ver: 573/1 Engine: 4205 Names: 340 Exports: 556 Imports: 5 Game: 801A
Loading package: 00034129.upk Ver: 573/1 Engine: 4205 Names: 33 Exports: 4 Imports: 2 Game: 801A
Loading MaterialInstanceConstant col2 from package 00034130.upk
Loading package: 00012963.upk Ver: 573/1 Engine: 4205 Names: 1264 Exports: 1240 Imports: 10 Game: 801A
Loading Texture2D check from package 00002620.upk
Loading TextureCube lenscube from package 00002640.upk
Loading Texture2D 65072_KunN_col1_S from package 00034129.upk
Loading Texture2D 65072_KunN_col1_N from package 00034129.upk
Loading Texture2D 65072_KunN_col1_M from package 00034129.upk
Loading Texture2D 65072_KunN_col1_D from package 00034129.upk
Loading Material3 body_kUN from package 00002620.upk
Loading Texture2D cube_cst_all from package 00002640.upk
Loading Texture2D Smoke_Pattern_001 from package 00012963.upk
Loading Material3 Blend_OP from package 00002620.upk
Loading Texture2D CubemapFace0 from package 00002640.upk
Loading Texture2D CubemapFace1 from package 00002640.upk
Loading Texture2D CubemapFace2 from package 00002640.upk
Loading Texture2D CubemapFace3 from package 00002640.upk
Loading Texture2D CubemapFace4 from package 00002640.upk
Loading Texture2D CubemapFace5 from package 00002640.upk
Loading Texture2D check_n from package 00002620.upk
Loading Texture2D Noise_Glass_000 from package 00012963.upk
Loading Texture2D Gradient_Wipe_BurnOut_Mask_TEST from package 00012963.upk
Loading Texture2D Gradient_Wipe_BurnOut_Mask from package 00012963.upk
Loading Texture2D Gradient_Line_003 from package 00012963.upk
Loaded in 0.13 sec, 3091 allocs, 4.41 MBytes serialized in 490751 calls.

Object info:
============
ClassName: SkeletalMesh3 ObjectName: 65072_KunN

    LODInfo[2] =
    {
        LODInfo[0] =
        {
            DisplayFactor = 0
            LODHysteresis = 0.02
            LODMaterialMap[0] = {}
            bEnableShadowCasting[2] = { true, true }
        }
        LODInfo[1] =
        {
            DisplayFactor = 0.25
            LODHysteresis = 0.02
            LODMaterialMap[1] = { 0 }
            bEnableShadowCasting[1] = { true }
        }
    }
    Sockets[0] = {}
    bHasVertexColors = false
    EnableTwistBoneFixers = true
    EnableClavicleFixer = true
    Materials[2] = { MaterialInstanceConstant'col1', MaterialInstanceConstant'col2' }


    Lods[2] =
    {
        Lods[0] =
        {
            Sections[2] =
            {
                Sections[0] = { Material=MaterialInstanceConstant'col1', FirstIndex=0, NumFaces=8635 }
                Sections[1] = { Material=MaterialInstanceConstant'col2', FirstIndex=25905, NumFaces=155 }
            }
            NumVerts = 5958
            IndexCount = 26370
            NumTexCoords = 1
        }
        Lods[1] =
        {
            Sections[1] =
            {
                Sections[0] = { Material=MaterialInstanceConstant'col1', FirstIndex=0, NumFaces=2721 }
            }
            NumVerts = 2240
            IndexCount = 8163
            NumTexCoords = 1
        }
    }
    LodCount = 2
    MeshOrigin = { X=-0, Y=-0, Z=-0 }
    MeshScale = { X=1, Y=1, Z=1 }
    RotOrigin = { Yaw=0, Pitch=0, Roll=0 }
    BoneCount = 105
