Found 19856 game files (132 skipped)
Loading package: 00031289.upk Ver: 573/1 Engine: 4205 Names: 78 Exports: 1 Imports: 14 Game: 801A
Loading MaterialInstanceConstant col2 from package 00031289.upk
Loading package: 00002640.upk Ver: 573/1 Engine: 4205 Names: 340 Exports: 556 Imports: 5 Game: 801A
Loading package: 00002620.upk Ver: 573/1 Engine: 4205 Names: 560 Exports: 6612 Imports: 96 Game: 801A
Loading package: 00012138.upk Ver: 573/1 Engine: 4205 Names: 41 Exports: 12 Imports: 4 Game: 801A
Loading TextureCube lenscube from package 00002640.upk
Loading Texture2D check from package 00002620.upk
Loading Texture2D 65023_LynF_col2_D from package 00012138.upk
Loading Texture2D 65023_LynF_col2_S from package 00012138.upk
Loading Texture2D 65023_LynF_col2_M from package 00012138.upk
Loading Texture2D 65023_LynF_col2_N from package 00012138.upk
Loading Material3 body_bk from package 00002620.upk
Loading Texture2D CubemapFace0 from package 00002640.upk
Loading Texture2D CubemapFace1 from package 00002640.upk
Loading Texture2D CubemapFace2 from package 00002640.upk
Loading Texture2D CubemapFace3 from package 00002640.upk
Loading Texture2D CubemapFace4 from package 00002640.upk
Loading Texture2D CubemapFace5 from package 00002640.upk
Loading Texture2D check_n from package 00002620.upk
Loaded in 0.093 sec, 1383 allocs, 1.17 MBytes serialized in 136256 calls.

Object info:
============
ClassName: MaterialInstanceConstant ObjectName: col2

    ScalarParameterValues[13] =
    {
        ScalarParameterValues[0] = { ParameterName=Fresnel exponent, ParameterValue=30 }
        ScalarParameterValues[1] = { ParameterName=Fresnel Value, ParameterValue=1 }
        ScalarParameterValues[2] = { ParameterName=Emissive_value, ParameterValue=2 }
        ScalarParameterValues[3] = { ParameterName=Emissive_value2, ParameterValue=0 }
        ScalarParameterValues[4] = { ParameterName=Wear_glossiness1, ParameterValue=6 }
        ScalarParameterValues[5] = { ParameterName=Wear_glossiness2, ParameterValue=10 }
        ScalarParameterValues[6] = { ParameterName=Skin_glossiness, ParameterValue=3.5 }
        ScalarParameterValues[7] = { ParameterName=Transmission_value, ParameterValue=0 }
        ScalarParameterValues[8] = { ParameterName=HighLight_glossiness, ParameterValue=100 }
        ScalarParameterValues[9] = { ParameterName=HighLight_Value, ParameterValue=5 }
        ScalarParameterValues[10] = { ParameterName=Specular_value, ParameterValue=1.5 }
        ScalarParameterValues[11] = { ParameterName=Skin_Spec_value, ParameterValue=1 }
        ScalarParameterValues[12] = { ParameterName=Skin_Spec_value_X, ParameterValue=1 }
    }
    TextureParameterValues[6] =
    {
        TextureParameterValues[0] = { ParameterName=rf_cube, ParameterValue=TextureCube'lenscube' }
        TextureParameterValues[1] = { ParameterName=Emissive, ParameterValue=Texture2D'check' }
        TextureParameterValues[2] = { ParameterName=Body_diffuse, ParameterValue=Texture2D'65023_LynF_col2_D' }
        TextureParameterValues[3] = { ParameterName=Body_specular, ParameterValue=Texture2D'65023_LynF_col2_S' }
        TextureParameterValues[4] = { ParameterName=Body_mask_RGB, ParameterValue=Texture2D'65023_LynF_col2_M' }
        TextureParameterValues[5] = { ParameterName=Body_normal, ParameterValue=Texture2D'65023_LynF_col2_N' }
    }
    VectorParameterValues[7] =
    {
        VectorParameterValues[0] =
        {
            ParameterName = Reflection_value
            ParameterValue = { R=2, G=2, B=2, A=1 }
        }
        VectorParameterValues[1] =
        {
            ParameterName = skin_color
            ParameterValue = { R=1, G=1, B=1, A=1 }
        }
        VectorParameterValues[2] =
        {
            ParameterName = Skin_Specular
            ParameterValue = { R=1, G=1, B=1, A=1 }
        }
        VectorParameterValues[3] =
        {
            ParameterName = Fresnel_color
            ParameterValue = { R=0, G=0, B=0, A=1 }
        }
        VectorParameterValues[4] =
        {
            ParameterName = Fresnel_Power
            ParameterValue = { R=0, G=0, B=0, A=1 }
        }
        VectorParameterValues[5] =
        {
            ParameterName = Transmission_skin
            ParameterValue = { R=0.625345, G=0.687031, B=1, A=1 }
        }
        VectorParameterValues[6] =
        {
            ParameterName = HighLight_Color
            ParameterValue = { R=1, G=1, B=1, A=1 }
        }
    }
    Parent = Material3'body_bk'
    FlattenedTexture = None
    MobileBaseTexture = None
    MobileNormalTexture = None
    bUseMobileSpecular = false
    MobileSpecularPower = 16
    MobileSpecularMask = MSM_Constant (0)
    MobileMaskTexture = None
