Found 19856 game files (132 skipped)
Loading package: 00030810.upk Ver: 573/1 Engine: 4205 Names: 507 Exports: 658 Imports: 177 Game: 801A
Loading Material3 Axe_EdgeDeco_MAT_Trans from package 00030810.upk
WARNING: BoolProperty "UMaterial3::bAcceptRenderDecal" was not found
Loading package: 00012963.upk Ver: 573/1 Engine: 4205 Names: 1223 Exports: 1198 Imports: 10 Game: 801A
Loading MaterialInstanceConstant Axe_EdgeDeco_INST from package 00030810.upk
Loading MaterialInstanceConstant FX_col2 from package 00030810.upk
Loading package: 00028707.upk Ver: 573/1 Engine: 4205 Names: 31 Exports: 4 Imports: 2 Game: 801A
Loading package: 00002640.upk Ver: 573/1 Engine: 4205 Names: 340 Exports: 556 Imports: 5 Game: 801A
Loading package: 00028291.upk Ver: 573/1 Engine: 4205 Names: 517 Exports: 572 Imports: 173 Game: 801A
Loading SkeletalMesh3 110126_Autoscale from package 00030810.upk
WARNING: ObjectProperty "USkeletalMesh3::MeshFactorSet" was not found
WARNING: ObjectProperty "USkeletalMesh3::PhysMaterialOverride" was not found
WARNING: ByteProperty "USkeletalMesh3::ItemPreviewLocType" was not found
Loading package: 00030811.upk Ver: 573/1 Engine: 4205 Names: 91 Exports: 1 Imports: 19 Game: 801A
Loading SkeletalMeshSocket SkeletalMeshSocket_713 from package 00030810.upk
WARNING: ObjectProperty "USkeletalMeshSocket::DependencyParticleSystem" was not found
Loading SkeletalMeshSocket SkeletalMeshSocket_717 from package 00030810.upk
WARNING: ObjectProperty "USkeletalMeshSocket::DependencyParticleSystem" was not found
Loading Texture2D Noise_006 from package 00012963.upk
Loading Texture2D Ref_Cool from package 00012963.upk
Loading Texture2D Unique_Stone_001 from package 00012963.upk
Loading Texture2D Gradient_Flow_000 from package 00012963.upk
Loading Texture2D Noise_Plazma_002 from package 00012963.upk
Loading Texture2D Gradient_Line_R from package 00012963.upk
Loading Texture2D Noise_013 from package 00012963.upk
Loading Texture2D 110110_Autoscale_col1_N from package 00028707.upk
Loading Texture2D 110110_Autoscale_col1_M from package 00028707.upk
Loading Texture2D 110110_Autoscale_col1_S from package 00028707.upk
Loading TextureCube lenscube from package 00002640.upk
Loading Texture2D 110110_Autoscale_col1_D from package 00028707.upk
Loading Material3 Basic_Base_IF_Masked_Mat from package 00028291.upk
WARNING: BoolProperty "UMaterial3::bAcceptRenderDecal" was not found
Loading package: 00002620.upk Ver: 573/1 Engine: 4205 Names: 560 Exports: 6612 Imports: 96 Game: 801A
Loading MaterialInstanceConstant col1 from package 00030811.upk
Loading Texture2D CubemapFace0 from package 00002640.upk
Loading Texture2D CubemapFace1 from package 00002640.upk
Loading Texture2D CubemapFace2 from package 00002640.upk
Loading Texture2D CubemapFace3 from package 00002640.upk
Loading Texture2D CubemapFace4 from package 00002640.upk
Loading Texture2D CubemapFace5 from package 00002640.upk
Loading Texture2D check_n from package 00002620.upk
Loading Texture2D Smoke_Pattern_001 from package 00012963.upk
Loading Texture2D Gradient_Wipe_BurnOut_Mask_TEST from package 00012963.upk
Loading Texture2D Gradient_Wipe_BurnOut_Mask from package 00012963.upk
Loading Texture2D check from package 00002620.upk
Loading Texture2D Noise_007 from package 00012963.upk
Loading Texture2D Gradient_Line_003 from package 00012963.upk
Loading Material3 Ghost_Basic from package 00002620.upk
Loaded in 0.2 sec, 4030 allocs, 1.66 MBytes serialized in 261935 calls.

Object info:
============
ClassName: Material3 ObjectName: Axe_EdgeDeco_MAT_Trans

    TwoSided = false
    bDisableDepthTest = false
    bIsMasked = false
    ReferencedTextures[7] =
    {
        ReferencedTextures[0] = Texture2D'Noise_006'
        ReferencedTextures[1] = Texture2D'Ref_Cool'
        ReferencedTextures[2] = Texture2D'Unique_Stone_001'
        ReferencedTextures[3] = Texture2D'Gradient_Flow_000'
        ReferencedTextures[4] = Texture2D'Noise_Plazma_002'
        ReferencedTextures[5] = Texture2D'Gradient_Line_R'
        ReferencedTextures[6] = Texture2D'Noise_013'
    }
    BlendMode = BLEND_Translucent (2)
    OpacityMaskClipValue = 0.333
    FlattenedTexture = None
    MobileBaseTexture = None
    MobileNormalTexture = None
    bUseMobileSpecular = false
    MobileSpecularPower = 16
    MobileSpecularMask = MSM_Constant (0)
    MobileMaskTexture = None

Object info:
============
ClassName: MaterialInstanceConstant ObjectName: Axe_EdgeDeco_INST

    ScalarParameterValues[0] = {}
    TextureParameterValues[0] = {}
    VectorParameterValues[1] =
    {
        VectorParameterValues[0] =
        {
            ParameterName = None
            ParameterValue = { R=0.7, G=0.3, B=1.6, A=0.6 }
        }
    }
    Parent = Material3'Axe_EdgeDeco_MAT_Trans'
    FlattenedTexture = None
    MobileBaseTexture = None
    MobileNormalTexture = None
    bUseMobileSpecular = false
    MobileSpecularPower = 16
    MobileSpecularMask = MSM_Constant (0)
    MobileMaskTexture = None

Object info:
============
ClassName: MaterialInstanceConstant ObjectName: FX_col2

    ScalarParameterValues[9] =
    {
        ScalarParameterValues[0] = { ParameterName=Glossiness1, ParameterValue=3 }
        ScalarParameterValues[1] = { ParameterName=Glossiness2, ParameterValue=30 }
        ScalarParameterValues[2] = { ParameterName=Specular_value, ParameterValue=2 }
        ScalarParameterValues[3] = { ParameterName=HighLight_Value, ParameterValue=2 }
        ScalarParameterValues[4] = { ParameterName=HighLight_glossiness, ParameterValue=50 }
        ScalarParameterValues[5] = { ParameterName=Emissive_value, ParameterValue=2 }
        ScalarParameterValues[6] = { ParameterName=Emissive_value2, ParameterValue=0 }
        ScalarParameterValues[7] = { ParameterName=Fresnel Value, ParameterValue=2.5 }
        ScalarParameterValues[8] = { ParameterName=Fresnel exponent, ParameterValue=5 }
    }
    TextureParameterValues[6] =
    {
        TextureParameterValues[0] = { ParameterName=Normal, ParameterValue=Texture2D'110110_Autoscale_col1_N' }
        TextureParameterValues[1] = { ParameterName=Mask_GB, ParameterValue=Texture2D'110110_Autoscale_col1_M' }
        TextureParameterValues[2] = { ParameterName=Specular, ParameterValue=Texture2D'110110_Autoscale_col1_S' }
        TextureParameterValues[3] = { ParameterName=rf_cube, ParameterValue=TextureCube'lenscube' }
        TextureParameterValues[4] = { ParameterName=Emissive, ParameterValue=None }
        TextureParameterValues[5] = { ParameterName=Diffuse, ParameterValue=Texture2D'110110_Autoscale_col1_D' }
    }
    VectorParameterValues[10] =
    {
        VectorParameterValues[0] =
        {
            ParameterName = Mesh_trangition
            ParameterValue = { R=0, G=0, B=0, A=1 }
        }
        VectorParameterValues[1] =
        {
            ParameterName = Diffuse_trangition
            ParameterValue = { R=0, G=0.65, B=0, A=1 }
        }
        VectorParameterValues[2] =
        {
            ParameterName = Diffuse_Fresnel
            ParameterValue = { R=0.006, G=-0.028, B=0.164, A=1 }
        }
        VectorParameterValues[3] =
        {
            ParameterName = AC_specular
            ParameterValue = { R=1, G=1, B=1, A=1 }
        }
        VectorParameterValues[4] =
        {
            ParameterName = Reflection_value
            ParameterValue = { R=1, G=1, B=1, A=1 }
        }
        VectorParameterValues[5] =
        {
            ParameterName = HighLight_Color
            ParameterValue = { R=1, G=1, B=1, A=1 }
        }
        VectorParameterValues[6] =
        {
            ParameterName = Fresnel_color
            ParameterValue = { R=0, G=0, B=0, A=1 }
        }
        VectorParameterValues[7] =
        {
            ParameterName = Fresnel_Power
            ParameterValue = { R=0, G=0, B=0, A=1 }
        }
        VectorParameterValues[8] =
        {
            ParameterName = Burn_Color
            ParameterValue = { R=0, G=0, B=0, A=1 }
        }
        VectorParameterValues[9] =
        {
            ParameterName = AC_color
            ParameterValue = { R=1, G=1, B=1, A=1 }
        }
    }
    Parent = Material3'Basic_Base_IF_Masked_Mat'
    FlattenedTexture = None
    MobileBaseTexture = None
    MobileNormalTexture = None
    bUseMobileSpecular = false
    MobileSpecularPower = 16
    MobileSpecularMask = MSM_Constant (0)
    MobileMaskTexture = None

Object info:
============
ClassName: SkeletalMesh3 ObjectName: 110126_Autoscale

    LODInfo[1] =
    {
        LODInfo[0] =
        {
            DisplayFactor = 0
            LODHysteresis = 0.02
            LODMaterialMap[0] = {}
            bEnableShadowCasting[1] = { true }
        }
    }
    Sockets[2] =
    {
        Sockets[0] = SkeletalMeshSocket'110126_Autoscale.SkeletalMeshSocket_713'
        Sockets[1] = SkeletalMeshSocket'110126_Autoscale.SkeletalMeshSocket_717'
    }
    bHasVertexColors = false
    EnableTwistBoneFixers = true
    EnableClavicleFixer = true
    Materials[1] = { MaterialInstanceConstant'col1' }


    Lods[1] =
    {
        Lods[0] =
        {
            Sections[1] =
            {
                Sections[0] = { Material=MaterialInstanceConstant'col1', FirstIndex=0, NumFaces=2319 }
            }
            NumVerts = 2202
            IndexCount = 6957
            NumTexCoords = 1
        }
    }
    LodCount = 1
    MeshOrigin = { X=-0, Y=-0, Z=-0 }
    MeshScale = { X=1, Y=1, Z=1 }
    RotOrigin = { Yaw=0, Pitch=0, Roll=0 }
    BoneCount = 5

Object info:
============
ClassName: SkeletalMeshSocket ObjectName: SkeletalMeshSocket_713

    SocketName = FX_Add
    BoneName = WeaponRoot
    RelativeLocation = { X=0, Y=0, Z=0 }
    RelativeRotation = { Yaw=0, Pitch=0, Roll=0 }
    RelativeScale = { X=1, Y=1, Z=1 }

Object info:
============
ClassName: SkeletalMeshSocket ObjectName: SkeletalMeshSocket_717

    SocketName = FX_Trail
    BoneName = WeaponRoot
    RelativeLocation = { X=0, Y=0, Z=0 }
    RelativeRotation = { Yaw=0, Pitch=0, Roll=0 }
    RelativeScale = { X=1, Y=1, Z=1 }
