Found 21310 game files (132 skipped)
Loading package: 00032342.upk Ver: 573/1 Engine: 4205 Names: 315 Exports: 374 Imports: 129 Game: 801A
Loading SkeletalMesh3 010241_Autoscale from package 00032342.upk
WARNING: ObjectProperty "USkeletalMesh3::MeshFactorSet" was not found
WARNING: ObjectProperty "USkeletalMesh3::PhysMaterialOverride" was not found
Loading package: 00032341.upk Ver: 573/1 Engine: 4205 Names: 92 Exports: 1 Imports: 20 Game: 801A
Loading SkeletalMeshSocket SkeletalMeshSocket_255 from package 00032342.upk
WARNING: ObjectProperty "USkeletalMeshSocket::DependencyParticleSystem" was not found
Loading MaterialInstanceConstant col1 from package 00032341.upk
Loading package: 00028616.upk Ver: 573/1 Engine: 4205 Names: 46 Exports: 12 Imports: 7 Game: 801A
Loading package: 00002640.upk Ver: 573/1 Engine: 4205 Names: 340 Exports: 556 Imports: 5 Game: 801A
Loading package: 00012963.upk Ver: 573/1 Engine: 4205 Names: 1234 Exports: 1209 Imports: 10 Game: 801A
Loading package: 00002620.upk Ver: 573/1 Engine: 4205 Names: 560 Exports: 6612 Imports: 96 Game: 801A
Loading Texture2D 010206_Autoscale_col1_N from package 00028616.upk
Loading Texture2D 010206_Autoscale_col1_M from package 00028616.upk
Loading Texture2D 010206_Autoscale_col1_D from package 00028616.upk
Loading Texture2D 010206_Autoscale_col1_S from package 00028616.upk
Loading TextureCube lenscube from package 00002640.upk
Loading Texture2D 010206_Autoscale_col1_E from package 00028616.upk
Loading Texture2D Smoke_Pattern_001 from package 00012963.upk
Loading Texture2D check from package 00002620.upk
Loading Material3 Ghost_Basic from package 00002620.upk
Loading Texture2D CubemapFace0 from package 00002640.upk
Loading Texture2D CubemapFace1 from package 00002640.upk
Loading Texture2D CubemapFace2 from package 00002640.upk
Loading Texture2D CubemapFace3 from package 00002640.upk
Loading Texture2D CubemapFace4 from package 00002640.upk
Loading Texture2D CubemapFace5 from package 00002640.upk
Loading Texture2D check_n from package 00002620.upk
Loading Texture2D Gradient_Line_003 from package 00012963.upk
Loading Texture2D Gradient_Wipe_BurnOut_Mask_TEST from package 00012963.upk
Loading Texture2D Gradient_Wipe_BurnOut_Mask from package 00012963.upk
Loaded in 0.13 sec, 3136 allocs, 1.19 MBytes serialized in 200074 calls.

Object info:
============
ClassName: SkeletalMesh3 ObjectName: 010241_Autoscale

    LODInfo[1] =
    {
        LODInfo[0] =
        {
            DisplayFactor = 0
            LODHysteresis = 0.02
            LODMaterialMap[0] = {}
            bEnableShadowCasting[1] = { true }
        }
    }
    Sockets[1] = { SkeletalMeshSocket'010241_Autoscale.SkeletalMeshSocket_255' }
    bHasVertexColors = false
    EnableTwistBoneFixers = true
    EnableClavicleFixer = true
    Materials[1] = { MaterialInstanceConstant'col1' }


    Lods[1] =
    {
        Lods[0] =
        {
            Sections[1] =
            {
                Sections[0] = { Material=MaterialInstanceConstant'col1', FirstIndex=0, NumFaces=1195 }
            }
            NumVerts = 873
            IndexCount = 3585
            NumTexCoords = 1
        }
    }
    LodCount = 1
    MeshOrigin = { X=-0, Y=-0, Z=-0 }
    MeshScale = { X=1, Y=1, Z=1 }
    RotOrigin = { Yaw=0, Pitch=0, Roll=0 }
    BoneCount = 3

Object info:
============
ClassName: SkeletalMeshSocket ObjectName: SkeletalMeshSocket_255

    SocketName = FX_Add
    BoneName = WeaponPivot
    RelativeLocation = { X=0, Y=0, Z=-20 }
    RelativeRotation = { Yaw=0, Pitch=0, Roll=0 }
    RelativeScale = { X=1, Y=1, Z=1 }
