Found 21310 game files (132 skipped)
Loading package: 00033130.upk Ver: 573/1 Engine: 4205 Names: 510 Exports: 1075 Imports: 170 Game: 801A
Loading Material3 Lightning000-2_MatM from package 00033130.upk
WARNING: BoolProperty "UMaterial3::bAcceptRenderDecal" was not found
Loading package: 00012963.upk Ver: 573/1 Engine: 4205 Names: 1234 Exports: 1209 Imports: 10 Game: 801A
Loading package: EngineResources.upk Ver: 573/1 Engine: 4205 Names: 151 Exports: 86 Imports: 11 Game: 801A
Loading MaterialInstanceConstant PvE_Guntlet_Body_INST from package 00033130.upk
Loading package: 00033031.upk Ver: 573/1 Engine: 4205 Names: 439 Exports: 320 Imports: 152 Game: 801A
Loading MaterialInstanceConstant PvE_Guntlet_deco_INST from package 00033130.upk
Loading package: 00032737.upk Ver: 573/1 Engine: 4205 Names: 384 Exports: 233 Imports: 123 Game: 801A
Loading MaterialInstanceConstant PvE_Guntlet_e_INST from package 00033130.upk
Loading package: 00028911.upk Ver: 573/1 Engine: 4205 Names: 38 Exports: 10 Imports: 2 Game: 801A
Loading package: 00030842.upk Ver: 573/1 Engine: 4205 Names: 465 Exports: 1298 Imports: 182 Game: 801A
Loading MaterialInstanceConstant PvE_Guntlet_EdgeDeco from package 00033130.upk
Loading package: 00033115.upk Ver: 573/1 Engine: 4205 Names: 453 Exports: 499 Imports: 162 Game: 801A
Loading MaterialInstanceConstant PvE_Guntlet_ee_INST from package 00033130.upk
Loading package: 00032509.upk Ver: 573/1 Engine: 4205 Names: 316 Exports: 463 Imports: 112 Game: 801A
Loading SkeletalMesh3 020253_Autoscale_L from package 00033130.upk
WARNING: ObjectProperty "USkeletalMesh3::MeshFactorSet" was not found
WARNING: ObjectProperty "USkeletalMesh3::PhysMaterialOverride" was not found
WARNING: ByteProperty "USkeletalMesh3::ItemPreviewLocType" was not found
Loading package: 00033129.upk Ver: 573/1 Engine: 4205 Names: 99 Exports: 2 Imports: 26 Game: 801A
Loading SkeletalMesh3 020253_Autoscale_R from package 00033130.upk
WARNING: ObjectProperty "USkeletalMesh3::MeshFactorSet" was not found
WARNING: ObjectProperty "USkeletalMesh3::PhysMaterialOverride" was not found
WARNING: ByteProperty "USkeletalMesh3::ItemPreviewLocType" was not found
Loading SkeletalMeshSocket SkeletalMeshSocket_129 from package 00033130.upk
WARNING: ObjectProperty "USkeletalMeshSocket::DependencyParticleSystem" was not found
WARNING: BoolProperty "USkeletalMeshSocket::bParticleApplyAutoScale" was not found
Loading SkeletalMeshSocket SkeletalMeshSocket_174 from package 00033130.upk
WARNING: ObjectProperty "USkeletalMeshSocket::DependencyParticleSystem" was not found
WARNING: BoolProperty "USkeletalMeshSocket::bParticleApplyAutoScale" was not found
Loading SkeletalMeshSocket SkeletalMeshSocket_177 from package 00033130.upk
WARNING: ObjectProperty "USkeletalMeshSocket::DependencyParticleSystem" was not found
WARNING: BoolProperty "USkeletalMeshSocket::bParticleApplyAutoScale" was not found
Loading SkeletalMeshSocket SkeletalMeshSocket_116 from package 00033130.upk
WARNING: ObjectProperty "USkeletalMeshSocket::DependencyParticleSystem" was not found
WARNING: BoolProperty "USkeletalMeshSocket::bParticleApplyAutoScale" was not found
Loading SkeletalMeshSocket SkeletalMeshSocket_135 from package 00033130.upk
WARNING: ObjectProperty "USkeletalMeshSocket::DependencyParticleSystem" was not found
WARNING: BoolProperty "USkeletalMeshSocket::bParticleApplyAutoScale" was not found
Loading SkeletalMeshSocket SkeletalMeshSocket_163 from package 00033130.upk
WARNING: ObjectProperty "USkeletalMeshSocket::DependencyParticleSystem" was not found
WARNING: BoolProperty "USkeletalMeshSocket::bParticleApplyAutoScale" was not found
Loading StaticMesh3 Pve_Guntlet_L from package 00033130.upk
Loading package: 00012892.upk Ver: 573/1 Engine: 4205 Names: 934 Exports: 4850 Imports: 265 Game: 801A
Loading StaticMesh3 Pve_Guntlet_L02 from package 00033130.upk
Loading StaticMesh3 Pve_Guntlet_L03 from package 00033130.upk
Loading StaticMesh3 Pve_Guntlet_R from package 00033130.upk
Loading StaticMesh3 Pve_Guntlet_R02 from package 00033130.upk
Loading StaticMesh3 Pve_Guntlet_R03 from package 00033130.upk
Loading Texture2D PvE_020185_Mask from package 00033130.upk
Loading Texture2D Electric_tile from package 00012963.upk
Loading Texture2D Gradient_Wipe_BurnOut_Mask from package 00012963.upk
Loading Texture2D Gradient_Beam_007_Clamp from package 00012963.upk
Loading Texture2D DefaultTexture from package EngineResources.upk
Loading Texture2D Unique_Waterfall_000_Mask from package 00012963.upk
Loading Material3 PvE_Sword_Body from package 00033031.upk
WARNING: BoolProperty "UMaterial3::bAcceptRenderDecal" was not found
Loading Material3 weapon_deco from package 00032737.upk
Loading package: 00002620.upk Ver: 573/1 Engine: 4205 Names: 560 Exports: 6612 Imports: 96 Game: 801A
Loading Texture2D 020185_Autoscale_col1_N from package 00028911.upk
Loading Material3 T3-5_Dagger_e from package 00030842.upk
WARNING: BoolProperty "UMaterial3::bAcceptRenderDecal" was not found
Loading package: 00018336.upk Ver: 573/1 Engine: 4205 Names: 38 Exports: 10 Imports: 2 Game: 801A
Loading Material3 PvE_Sword_EdgeDeco from package 00033115.upk
WARNING: BoolProperty "UMaterial3::bAcceptRenderDecal" was not found
Loading Material3 Guntlet_ee from package 00032509.upk
WARNING: BoolProperty "UMaterial3::bAcceptRenderDecal" was not found
Loading package: 00028844.upk Ver: 573/1 Engine: 4205 Names: 39 Exports: 10 Imports: 4 Game: 801A
Loading MaterialInstanceConstant col1 from package 00033129.upk
Loading package: 00002640.upk Ver: 573/1 Engine: 4205 Names: 340 Exports: 556 Imports: 5 Game: 801A
Loading package: 00033041.upk Ver: 573/1 Engine: 4205 Names: 177 Exports: 230 Imports: 50 Game: 801A
Loading Material3 001_Mesh_Default_MatM from package 00012892.upk
WARNING: BoolProperty "UMaterial3::bAcceptRenderDecal" was not found
Loading Texture2D Noise_006 from package 00012963.upk
Loading Texture2D Noise_Plazma_002 from package 00012963.upk
Loading Texture2D Gradient_Line_R from package 00012963.upk
Loading Texture2D Ref_Cool from package 00012963.upk
Loading Texture2D Unique_Stone_001 from package 00012963.upk
Loading Texture2D Gradient_Flow_000 from package 00012963.upk
Loading Texture2D Noise_013 from package 00012963.upk
Loading Texture2D PvE_010194_mask from package 00033115.upk
Loading Texture2D Noise_005 from package 00012963.upk
Loading Texture2D Noise_Wave_000 from package 00012963.upk
Loading Texture2D check from package 00002620.upk
Loading Texture2D 120046_Autoscale_col2_D from package 00018336.upk
Loading Texture2D 120046_Autoscale_col1_N1 from package 00018336.upk
Loading Texture2D 020205_Autoscale_col1_D from package 00028844.upk
Loading Texture2D 020185_Autoscale_col2_M from package 00028911.upk
Loading Texture2D 020185_Autoscale_col2_D from package 00028911.upk
Loading Texture2D 020185_Autoscale_col2_S from package 00028911.upk
Loading TextureCube mirror2 from package 00002640.upk
Loading Material3 Basic_Weapon from package 00033041.upk
Loading Texture2D Cube000_Tex from package 00012892.upk
Loading Texture2D CubemapFace0 from package 00002640.upk
Loading Texture2D CubemapFace1 from package 00002640.upk
Loading Texture2D CubemapFace2 from package 00002640.upk
Loading Texture2D CubemapFace3 from package 00002640.upk
Loading Texture2D CubemapFace4 from package 00002640.upk
Loading Texture2D CubemapFace5 from package 00002640.upk
Loading Texture2D check_n from package 00002620.upk
Loading Texture2D Smoke_Pattern_001 from package 00012963.upk
Loading Texture2D Gradient_Line_003 from package 00012963.upk
Loading Texture2D Gradient_Wipe_BurnOut_Mask_TEST from package 00012963.upk
Loaded in 0.34 sec, 7483 allocs, 3.56 MBytes serialized in 572218 calls.

Object info:
============
ClassName: Material3 ObjectName: Lightning000-2_MatM

    TwoSided = true
    bDisableDepthTest = false
    bIsMasked = false
    ReferencedTextures[5] =
    {
        ReferencedTextures[0] = Texture2D'PvE_020185_Mask'
        ReferencedTextures[1] = Texture2D'Electric_tile'
        ReferencedTextures[2] = Texture2D'Gradient_Wipe_BurnOut_Mask'
        ReferencedTextures[3] = Texture2D'Gradient_Beam_007_Clamp'
        ReferencedTextures[4] = Texture2D'DefaultTexture'
    }
    BlendMode = BLEND_Additive (3)
    OpacityMaskClipValue = 0.333
    FlattenedTexture = None
    MobileBaseTexture = None
    MobileNormalTexture = None
    bUseMobileSpecular = false
    MobileSpecularPower = 16
    MobileSpecularMask = MSM_Constant (0)
    MobileMaskTexture = None

Object info:
============
ClassName: MaterialInstanceConstant ObjectName: PvE_Guntlet_Body_INST

    ScalarParameterValues[1] =
    {
        ScalarParameterValues[0] = { ParameterName=Change, ParameterValue=0 }
    }
    TextureParameterValues[2] =
    {
        TextureParameterValues[0] = { ParameterName=D, ParameterValue=Texture2D'Unique_Waterfall_000_Mask' }
        TextureParameterValues[1] = { ParameterName=Mask_B, ParameterValue=Texture2D'PvE_020185_Mask' }
    }
    VectorParameterValues[1] =
    {
        VectorParameterValues[0] =
        {
            ParameterName = Color
            ParameterValue = { R=1.16667, G=0.7, B=0.166667, A=1 }
        }
    }
    Parent = Material3'PvE_Sword_Body'
    FlattenedTexture = None
    MobileBaseTexture = None
    MobileNormalTexture = None
    bUseMobileSpecular = false
    MobileSpecularPower = 16
    MobileSpecularMask = MSM_Constant (0)
    MobileMaskTexture = None

Object info:
============
ClassName: MaterialInstanceConstant ObjectName: PvE_Guntlet_deco_INST

    ScalarParameterValues[0] = {}
    TextureParameterValues[1] =
    {
        TextureParameterValues[0] = { ParameterName=Diffuse, ParameterValue=Texture2D'PvE_020185_Mask' }
    }
    VectorParameterValues[1] =
    {
        VectorParameterValues[0] =
        {
            ParameterName = dissolve_line_color
            ParameterValue = { R=1, G=1, B=1, A=1 }
        }
    }
    Parent = Material3'weapon_deco'
    FlattenedTexture = None
    MobileBaseTexture = None
    MobileNormalTexture = None
    bUseMobileSpecular = false
    MobileSpecularPower = 16
    MobileSpecularMask = MSM_Constant (0)
    MobileMaskTexture = None

Object info:
============
ClassName: MaterialInstanceConstant ObjectName: PvE_Guntlet_e_INST

    ScalarParameterValues[0] = {}
    TextureParameterValues[2] =
    {
        TextureParameterValues[0] = { ParameterName=N_Mask, ParameterValue=Texture2D'020185_Autoscale_col1_N' }
        TextureParameterValues[1] = { ParameterName=D_Mask, ParameterValue=Texture2D'PvE_020185_Mask' }
    }
    VectorParameterValues[1] =
    {
        VectorParameterValues[0] =
        {
            ParameterName = Color
            ParameterValue = { R=0.722673, G=0.632043, B=0.329729, A=1 }
        }
    }
    Parent = Material3'T3-5_Dagger_e'
    FlattenedTexture = None
    MobileBaseTexture = None
    MobileNormalTexture = None
    bUseMobileSpecular = false
    MobileSpecularPower = 16
    MobileSpecularMask = MSM_Constant (0)
    MobileMaskTexture = None

Object info:
============
ClassName: MaterialInstanceConstant ObjectName: PvE_Guntlet_EdgeDeco

    ScalarParameterValues[1] =
    {
        ScalarParameterValues[0] = { ParameterName=Change, ParameterValue=1 }
    }
    TextureParameterValues[1] =
    {
        TextureParameterValues[0] = { ParameterName=Mask, ParameterValue=Texture2D'PvE_020185_Mask' }
    }
    VectorParameterValues[1] =
    {
        VectorParameterValues[0] =
        {
            ParameterName = Color
            ParameterValue = { R=1.4, G=0.3333, B=2.33333, A=1 }
        }
    }
    Parent = Material3'PvE_Sword_EdgeDeco'
    FlattenedTexture = None
    MobileBaseTexture = None
    MobileNormalTexture = None
    bUseMobileSpecular = false
    MobileSpecularPower = 16
    MobileSpecularMask = MSM_Constant (0)
    MobileMaskTexture = None

Object info:
============
ClassName: MaterialInstanceConstant ObjectName: PvE_Guntlet_ee_INST

    ScalarParameterValues[1] =
    {
        ScalarParameterValues[0] = { ParameterName=LerpG, ParameterValue=0 }
    }
    TextureParameterValues[1] =
    {
        TextureParameterValues[0] = { ParameterName=Mask_alpha, ParameterValue=Texture2D'PvE_020185_Mask' }
    }
    VectorParameterValues[1] =
    {
        VectorParameterValues[0] =
        {
            ParameterName = Color
            ParameterValue = { R=0.715466, G=0.835528, B=0.932277, A=1 }
        }
    }
    Parent = Material3'Guntlet_ee'
    FlattenedTexture = None
    MobileBaseTexture = None
    MobileNormalTexture = None
    bUseMobileSpecular = false
    MobileSpecularPower = 16
    MobileSpecularMask = MSM_Constant (0)
    MobileMaskTexture = None

Object info:
============
ClassName: SkeletalMesh3 ObjectName: 020253_Autoscale_L

    LODInfo[1] =
    {
        LODInfo[0] =
        {
            DisplayFactor = 0
            LODHysteresis = 0.02
            LODMaterialMap[0] = {}
            bEnableShadowCasting[1] = { true }
        }
    }
    Sockets[3] =
    {
        Sockets[0] = SkeletalMeshSocket'020253_Autoscale_L.SkeletalMeshSocket_174'
        Sockets[1] = SkeletalMeshSocket'020253_Autoscale_L.SkeletalMeshSocket_177'
        Sockets[2] = SkeletalMeshSocket'020253_Autoscale_L.SkeletalMeshSocket_129'
    }
    bHasVertexColors = false
    EnableTwistBoneFixers = true
    EnableClavicleFixer = true
    Materials[1] = { MaterialInstanceConstant'col1' }


    Lods[1] =
    {
        Lods[0] =
        {
            Sections[1] =
            {
                Sections[0] = { Material=MaterialInstanceConstant'col1', FirstIndex=0, NumFaces=2501 }
            }
            NumVerts = 1789
            IndexCount = 7503
            NumTexCoords = 1
        }
    }
    LodCount = 1
    MeshOrigin = { X=-0, Y=-0, Z=-0 }
    MeshScale = { X=1, Y=1, Z=1 }
    RotOrigin = { Yaw=0, Pitch=0, Roll=0 }
    BoneCount = 13

Object info:
============
ClassName: SkeletalMesh3 ObjectName: 020253_Autoscale_R

    LODInfo[1] =
    {
        LODInfo[0] =
        {
            DisplayFactor = 0
            LODHysteresis = 0.02
            LODMaterialMap[0] = {}
            bEnableShadowCasting[1] = { true }
        }
    }
    Sockets[3] =
    {
        Sockets[0] = SkeletalMeshSocket'020253_Autoscale_R.SkeletalMeshSocket_135'
        Sockets[1] = SkeletalMeshSocket'020253_Autoscale_R.SkeletalMeshSocket_163'
        Sockets[2] = SkeletalMeshSocket'020253_Autoscale_R.SkeletalMeshSocket_116'
    }
    bHasVertexColors = false
    EnableTwistBoneFixers = true
    EnableClavicleFixer = true
    Materials[1] = { MaterialInstanceConstant'col1' }


    Lods[1] =
    {
        Lods[0] =
        {
            Sections[1] =
            {
                Sections[0] = { Material=MaterialInstanceConstant'col1', FirstIndex=0, NumFaces=2501 }
            }
            NumVerts = 1789
            IndexCount = 7503
            NumTexCoords = 1
        }
    }
    LodCount = 1
    MeshOrigin = { X=-0, Y=-0, Z=-0 }
    MeshScale = { X=1, Y=1, Z=1 }
    RotOrigin = { Yaw=0, Pitch=0, Roll=0 }
    BoneCount = 13

Object info:
============
ClassName: SkeletalMeshSocket ObjectName: SkeletalMeshSocket_129

    SocketName = FX_Add_Hand
    BoneName = Bip01LHand
    RelativeLocation = { X=0, Y=0, Z=0 }
    RelativeRotation = { Yaw=0, Pitch=0, Roll=0 }
    RelativeScale = { X=1, Y=1, Z=1 }

Object info:
============
ClassName: SkeletalMeshSocket ObjectName: SkeletalMeshSocket_174

    SocketName = FX_Add
    BoneName = BoneGT_L
    RelativeLocation = { X=0, Y=0, Z=0 }
    RelativeRotation = { Yaw=0, Pitch=0, Roll=0 }
    RelativeScale = { X=1, Y=1, Z=1 }

Object info:
============
ClassName: SkeletalMeshSocket ObjectName: SkeletalMeshSocket_177

    SocketName = FX_Add_Trail
    BoneName = BoneGT_L
    RelativeLocation = { X=0, Y=0, Z=0 }
    RelativeRotation = { Yaw=0, Pitch=0, Roll=0 }
    RelativeScale = { X=1, Y=1, Z=1 }

Object info:
============
ClassName: SkeletalMeshSocket ObjectName: SkeletalMeshSocket_116

    SocketName = FX_Add_01
    BoneName = Bip01RHand
    RelativeLocation = { X=0, Y=0, Z=0 }
    RelativeRotation = { Yaw=0, Pitch=0, Roll=0 }
    RelativeScale = { X=1, Y=1, Z=1 }

Object info:
============
ClassName: SkeletalMeshSocket ObjectName: SkeletalMeshSocket_135

    SocketName = FX_Add
    BoneName = BoneGT_R
    RelativeLocation = { X=0, Y=0, Z=0 }
    RelativeRotation = { Yaw=0, Pitch=0, Roll=0 }
    RelativeScale = { X=1, Y=1, Z=1 }

Object info:
============
ClassName: SkeletalMeshSocket ObjectName: SkeletalMeshSocket_163

    SocketName = FX_Add_Trail
    BoneName = BoneGT_R
    RelativeLocation = { X=0, Y=0, Z=0 }
    RelativeRotation = { Yaw=0, Pitch=0, Roll=0 }
    RelativeScale = { X=1, Y=1, Z=1 }

Object info:
============
ClassName: StaticMesh3 ObjectName: Pve_Guntlet_L

    BodySetup = None
    UseSimpleLineCollision = false
    UseSimpleBoxCollision = false
    UseSimpleRigidBodyCollision = false
    UseFullPrecisionUVs = false
    Bounds =
    {
        Origin = { X=4.7438, Y=2.74865, Z=-0.4192 }
        BoxExtent = { X=6.2824, Y=4.12385, Z=5.1595 }
        SphereRadius = 7.19246
    }
    CanCompressPositions = false
    CanStripNormalsAndTangents = false
    InternalVersion = 18


    Lods[1] =
    {
        Lods[0] =
        {
            Sections[1] =
            {
                Sections[0] = { Material=Material3'001_Mesh_Default_MatM', FirstIndex=0, NumFaces=1331 }
            }
            NumVerts = 1746
            IndexCount = 3993
            NumTexCoords = 1
        }
    }
    LodCount = 1

Object info:
============
ClassName: StaticMesh3 ObjectName: Pve_Guntlet_L02

    BodySetup = None
    UseSimpleLineCollision = false
    UseSimpleBoxCollision = false
    UseSimpleRigidBodyCollision = false
    UseFullPrecisionUVs = false
    Bounds =
    {
        Origin = { X=-0.74025, Y=2.535, Z=-0.23435 }
        BoxExtent = { X=6.60515, Y=1.6459, Z=4.96845 }
        SphereRadius = 6.81558
    }
    CanCompressPositions = false
    CanStripNormalsAndTangents = false
    InternalVersion = 18


    Lods[1] =
    {
        Lods[0] =
        {
            Sections[1] =
            {
                Sections[0] = { Material=Material3'001_Mesh_Default_MatM', FirstIndex=0, NumFaces=430 }
            }
            NumVerts = 620
            IndexCount = 1290
            NumTexCoords = 1
        }
    }
    LodCount = 1

Object info:
============
ClassName: StaticMesh3 ObjectName: Pve_Guntlet_L03

    BodySetup = None
    UseSimpleLineCollision = false
    UseSimpleBoxCollision = false
    UseSimpleRigidBodyCollision = false
    UseFullPrecisionUVs = false
    Bounds =
    {
        Origin = { X=4.82165, Y=4.6348, Z=-0.6997 }
        BoxExtent = { X=2.11145, Y=2.2377, Z=0.8575 }
        SphereRadius = 2.71349
    }
    CanCompressPositions = false
    CanStripNormalsAndTangents = false
    InternalVersion = 18


    Lods[1] =
    {
        Lods[0] =
        {
            Sections[1] =
            {
                Sections[0] = { Material=Material3'001_Mesh_Default_MatM', FirstIndex=0, NumFaces=793 }
            }
            NumVerts = 1076
            IndexCount = 2379
            NumTexCoords = 1
        }
    }
    LodCount = 1

Object info:
============
ClassName: StaticMesh3 ObjectName: Pve_Guntlet_R

    BodySetup = None
    UseSimpleLineCollision = false
    UseSimpleBoxCollision = false
    UseSimpleRigidBodyCollision = false
    UseFullPrecisionUVs = false
    Bounds =
    {
        Origin = { X=4.7415, Y=2.7347, Z=0.4187 }
        BoxExtent = { X=6.2799, Y=4.1141, Z=5.1509 }
        SphereRadius = 7.18392
    }
    CanCompressPositions = false
    CanStripNormalsAndTangents = false
    InternalVersion = 18


    Lods[1] =
    {
        Lods[0] =
        {
            Sections[1] =
            {
                Sections[0] = { Material=Material3'001_Mesh_Default_MatM', FirstIndex=0, NumFaces=925 }
            }
            NumVerts = 1222
            IndexCount = 2775
            NumTexCoords = 1
        }
    }
    LodCount = 1

Object info:
============
ClassName: StaticMesh3 ObjectName: Pve_Guntlet_R02

    BodySetup = None
    UseSimpleLineCollision = false
    UseSimpleBoxCollision = false
    UseSimpleRigidBodyCollision = false
    UseFullPrecisionUVs = false
    Bounds =
    {
        Origin = { X=-2.5346, Y=2.8235, Z=0.85435 }
        BoxExtent = { X=4.8625, Y=1.3838, Z=3.32345 }
        SphereRadius = 5.58859
    }
    CanCompressPositions = false
    CanStripNormalsAndTangents = false
    InternalVersion = 18


    Lods[1] =
    {
        Lods[0] =
        {
            Sections[1] =
            {
                Sections[0] = { Material=Material3'001_Mesh_Default_MatM', FirstIndex=0, NumFaces=310 }
            }
            NumVerts = 480
            IndexCount = 930
            NumTexCoords = 1
        }
    }
    LodCount = 1

Object info:
============
ClassName: StaticMesh3 ObjectName: Pve_Guntlet_R03

    BodySetup = None
    UseSimpleLineCollision = false
    UseSimpleBoxCollision = false
    UseSimpleRigidBodyCollision = false
    UseFullPrecisionUVs = false
    Bounds =
    {
        Origin = { X=4.78575, Y=4.77145, Z=0.6997 }
        BoxExtent = { X=2.13355, Y=2.10095, Z=0.8575 }
        SphereRadius = 2.98852
    }
    CanCompressPositions = false
    CanStripNormalsAndTangents = false
    InternalVersion = 18


    Lods[1] =
    {
        Lods[0] =
        {
            Sections[1] =
            {
                Sections[0] = { Material=Material3'001_Mesh_Default_MatM', FirstIndex=0, NumFaces=420 }
            }
            NumVerts = 592
            IndexCount = 1260
            NumTexCoords = 1
        }
    }
    LodCount = 1

Object info:
============
ClassName: Texture2D ObjectName: PvE_020185_Mask

    SizeX = 256
    SizeY = 128
    Format = PF_DXT5 (7)
    AddressX = TA_Wrap (0)
    AddressY = TA_Wrap (0)
    TextureFileCacheName = None
    MipTailBaseIdx = 8
    bForcePVRTC4 = false
    UnpackMin[4] = { 0, 0, 0, 0 }
    UnpackMax[4] = { 1, 1, 1, 1 }
