Found 27000 game files (27 skipped)
Loading package: 00030214.upk Ver: 573/1 Engine: 4205 Names: 65 Exports: 7 Imports: 12 Game: 801A
Loading SkeletalMesh3 990209_Autoscale from package 00030214.upk
WARNING: ObjectProperty "USkeletalMesh3::PhysMaterialOverride" was not found
Loading package: 00030213.upk Ver: 573/1 Engine: 4205 Names: 91 Exports: 1 Imports: 20 Game: 801A
Loading SkeletalMeshSocket SkeletalMeshSocket_143 from package 00030214.upk
Loading SkeletalMeshSocket SkeletalMeshSocket_144 from package 00030214.upk
Loading MaterialInstanceConstant col1 from package 00030213.upk
Loading package: 00030212.upk Ver: 573/1 Engine: 4205 Names: 33 Exports: 5 Imports: 2 Game: 801A
Loading package: 00002640.upk Ver: 573/1 Engine: 4205 Names: 340 Exports: 556 Imports: 5 Game: 801A
Loading package: 00002620.upk Ver: 573/1 Engine: 4205 Names: 560 Exports: 6612 Imports: 96 Game: 801A
Loading Texture2D 990209_Autoscale_col1_N from package 00030212.upk
Loading Texture2D 990209_Autoscale_col1_M from package 00030212.upk
Loading Texture2D 990209_Autoscale_col1_D from package 00030212.upk
Loading Texture2D 990209_Autoscale_col1_S from package 00030212.upk
Loading TextureCube MatelW2 from package 00002640.upk
Loading Texture2D 990209_Autoscale_col1_E from package 00030212.upk
Loading Material3 Basic from package 00002620.upk
Loading package: 00012963.upk Ver: 573/1 Engine: 4205 Names: 1264 Exports: 1240 Imports: 10 Game: 801A
Loading Texture2D CubemapFace0 from package 00002640.upk
Loading Texture2D CubemapFace1 from package 00002640.upk
Loading Texture2D CubemapFace2 from package 00002640.upk
Loading Texture2D CubemapFace3 from package 00002640.upk
Loading Texture2D CubemapFace4 from package 00002640.upk
Loading Texture2D CubemapFace5 from package 00002640.upk
Loading Texture2D check_n from package 00002620.upk
Loading Texture2D check from package 00002620.upk
Loading Texture2D Smoke_Pattern_001 from package 00012963.upk
Loading Texture2D Gradient_Line_003 from package 00012963.upk
Loading Texture2D Gradient_Wipe_BurnOut_Mask_TEST from package 00012963.upk
Loading Texture2D Gradient_Wipe_BurnOut_Mask from package 00012963.upk
Loaded in 0.093 sec, 2885 allocs, 1.10 MBytes serialized in 206099 calls.

Object info:
============
ClassName: SkeletalMesh3 ObjectName: 990209_Autoscale

    LODInfo[1] =
    {
        LODInfo[0] =
        {
            DisplayFactor = 0
            LODHysteresis = 0.02
            LODMaterialMap[0] = {}
            bEnableShadowCasting[1] = { true }
        }
    }
    Sockets[2] =
    {
        Sockets[0] = SkeletalMeshSocket'990209_Autoscale.SkeletalMeshSocket_143'
        Sockets[1] = SkeletalMeshSocket'990209_Autoscale.SkeletalMeshSocket_144'
    }
    bHasVertexColors = false
    EnableTwistBoneFixers = true
    EnableClavicleFixer = true
    Materials[1] = { MaterialInstanceConstant'col1' }


    Lods[1] =
    {
        Lods[0] =
        {
            Sections[1] =
            {
                Sections[0] = { Material=MaterialInstanceConstant'col1', FirstIndex=0, NumFaces=1790 }
            }
            NumVerts = 1299
            IndexCount = 5370
            NumTexCoords = 1
        }
    }
    LodCount = 1
    MeshOrigin = { X=-0, Y=-0, Z=-0 }
    MeshScale = { X=1, Y=1, Z=1 }
    RotOrigin = { Yaw=0, Pitch=0, Roll=0 }
    BoneCount = 2

Object info:
============
ClassName: SkeletalMeshSocket ObjectName: SkeletalMeshSocket_143

    SocketName = trail_start
    BoneName = Bone01SW
    RelativeLocation = { X=141.5, Y=0, Z=-23.4155 }
    RelativeRotation = { Yaw=0, Pitch=0, Roll=0 }
    RelativeScale = { X=1, Y=1, Z=1 }

Object info:
============
ClassName: SkeletalMeshSocket ObjectName: SkeletalMeshSocket_144

    SocketName = trail_end
    BoneName = Bone01SW
    RelativeLocation = { X=84.75, Y=0, Z=-19.1917 }
    RelativeRotation = { Yaw=0, Pitch=0, Roll=0 }
    RelativeScale = { X=1, Y=1, Z=1 }
