Found 27000 game files (27 skipped)
Loading package: 00033734.upk Ver: 573/1 Engine: 4205 Names: 90 Exports: 1 Imports: 20 Game: 801A
Loading MaterialInstanceConstant col1 from package 00033734.upk
Loading package: 00032208.upk Ver: 573/1 Engine: 4205 Names: 31 Exports: 5 Imports: 2 Game: 801A
Loading package: 00002640.upk Ver: 573/1 Engine: 4205 Names: 340 Exports: 556 Imports: 5 Game: 801A
Loading package: 00002620.upk Ver: 573/1 Engine: 4205 Names: 560 Exports: 6612 Imports: 96 Game: 801A
Loading Texture2D 010100_JinM_col1_n from package 00032208.upk
Loading Texture2D 010100_JinM_col1_M from package 00032208.upk
Loading Texture2D 010100_JinM_col1_d from package 00032208.upk
Loading Texture2D 010100_JinM_col1_S from package 00032208.upk
Loading TextureCube Cube_Suicide2 from package 00002640.upk
Loading Texture2D 010100_JinM_col1_E from package 00032208.upk
Loading Material3 Basic from package 00002620.upk
Loading package: 00012963.upk Ver: 573/1 Engine: 4205 Names: 1264 Exports: 1240 Imports: 10 Game: 801A
Loading Texture2D CubemapFace0 from package 00002640.upk
Loading Texture2D CubemapFace1 from package 00002640.upk
Loading Texture2D CubemapFace2 from package 00002640.upk
Loading Texture2D CubemapFace3 from package 00002640.upk
Loading Texture2D CubemapFace4 from package 00002640.upk
Loading Texture2D CubemapFace5 from package 00002640.upk
Loading Texture2D check_n from package 00002620.upk
Loading Texture2D check from package 00002620.upk
Loading Texture2D Smoke_Pattern_001 from package 00012963.upk
Loading Texture2D Gradient_Line_003 from package 00012963.upk
Loading Texture2D Gradient_Wipe_BurnOut_Mask_TEST from package 00012963.upk
Loading Texture2D Gradient_Wipe_BurnOut_Mask from package 00012963.upk
Loaded in 0.094 sec, 2800 allocs, 1.34 MBytes serialized in 163319 calls.

Object info:
============
ClassName: MaterialInstanceConstant ObjectName: col1

    ScalarParameterValues[10] =
    {
        ScalarParameterValues[0] = { ParameterName=Transmission_value, ParameterValue=0 }
        ScalarParameterValues[1] = { ParameterName=Glossiness1, ParameterValue=8 }
        ScalarParameterValues[2] = { ParameterName=Glossiness2, ParameterValue=30 }
        ScalarParameterValues[3] = { ParameterName=Specular_value, ParameterValue=2 }
        ScalarParameterValues[4] = { ParameterName=HighLight_Value, ParameterValue=1 }
        ScalarParameterValues[5] = { ParameterName=HighLight_glossiness, ParameterValue=50 }
        ScalarParameterValues[6] = { ParameterName=Emissive_value, ParameterValue=2 }
        ScalarParameterValues[7] = { ParameterName=Emissive_value2, ParameterValue=0 }
        ScalarParameterValues[8] = { ParameterName=Fresnel Value, ParameterValue=1 }
        ScalarParameterValues[9] = { ParameterName=Fresnel exponent, ParameterValue=30 }
    }
    TextureParameterValues[6] =
    {
        TextureParameterValues[0] = { ParameterName=Normal, ParameterValue=Texture2D'010100_JinM_col1_n' }
        TextureParameterValues[1] = { ParameterName=Mask_GB, ParameterValue=Texture2D'010100_JinM_col1_M' }
        TextureParameterValues[2] = { ParameterName=Diffuse, ParameterValue=Texture2D'010100_JinM_col1_d' }
        TextureParameterValues[3] = { ParameterName=Specular, ParameterValue=Texture2D'010100_JinM_col1_S' }
        TextureParameterValues[4] = { ParameterName=rf_cube, ParameterValue=TextureCube'Cube_Suicide2' }
        TextureParameterValues[5] = { ParameterName=Emissive, ParameterValue=Texture2D'010100_JinM_col1_E' }
    }
    VectorParameterValues[11] =
    {
        VectorParameterValues[0] =
        {
            ParameterName = Mesh_trangition
            ParameterValue = { R=0, G=0, B=0, A=1 }
        }
        VectorParameterValues[1] =
        {
            ParameterName = Reflection_value
            ParameterValue = { R=0.965815, G=0.70117, B=0.325037, A=1 }
        }
        VectorParameterValues[2] =
        {
            ParameterName = HighLight_Color
            ParameterValue = { R=0.991393, G=0.948965, B=0.645555, A=1 }
        }
        VectorParameterValues[3] =
        {
            ParameterName = Fresnel_color
            ParameterValue = { R=0, G=0, B=0, A=1 }
        }
        VectorParameterValues[4] =
        {
            ParameterName = Fresnel_Power
            ParameterValue = { R=0, G=0, B=0, A=1 }
        }
        VectorParameterValues[5] =
        {
            ParameterName = Burn_Color
            ParameterValue = { R=0, G=0, B=0, A=1 }
        }
        VectorParameterValues[6] =
        {
            ParameterName = Glow_Trangition
            ParameterValue = { R=0, G=0, B=0, A=1 }
        }
        VectorParameterValues[7] =
        {
            ParameterName = Fx_Glow_power
            ParameterValue = { R=0, G=0, B=0, A=1 }
        }
        VectorParameterValues[8] =
        {
            ParameterName = Fx_Glow_color
            ParameterValue = { R=0, G=0, B=0, A=1 }
        }
        VectorParameterValues[9] =
        {
            ParameterName = AC_color
            ParameterValue = { R=1, G=1, B=1, A=1 }
        }
        VectorParameterValues[10] =
        {
            ParameterName = AC_specular
            ParameterValue = { R=1, G=1, B=1, A=1 }
        }
    }
    Parent = Material3'Basic'
    FlattenedTexture = None
    MobileBaseTexture = None
    MobileNormalTexture = None
    bUseMobileSpecular = false
    MobileSpecularPower = 16
    MobileSpecularMask = MSM_Constant (0)
    MobileMaskTexture = None
