Found 27000 game files (27 skipped)
Loading package: 00039222.upk Ver: 573/1 Engine: 4205 Names: 237 Exports: 187 Imports: 74 Game: 801A
Loading SkeletalMesh3 060206_Autoscale from package 00039222.upk
WARNING: ObjectProperty "USkeletalMesh3::MeshFactorSet" was not found
WARNING: ObjectProperty "USkeletalMesh3::PhysMaterialOverride" was not found
WARNING: ByteProperty "USkeletalMesh3::ItemPreviewLocType" was not found
Loading package: 00039221.upk Ver: 573/1 Engine: 4205 Names: 89 Exports: 1 Imports: 19 Game: 801A
Loading SkeletalMeshSocket SkeletalMeshSocket_258 from package 00039222.upk
WARNING: ObjectProperty "USkeletalMeshSocket::DependencyParticleSystem" was not found
Loading StaticMesh3 060206_Autoscale001_FX_MESH001 from package 00039222.upk
Loading package: 00012892.upk Ver: 573/1 Engine: 4205 Names: 929 Exports: 4955 Imports: 320 Game: 801A
Loading StaticMesh3 FX_MESH_Stick_RE from package 00039222.upk
Loading MaterialInstanceConstant col1 from package 00039221.upk
Loading package: 00039220.upk Ver: 573/1 Engine: 4205 Names: 32 Exports: 4 Imports: 2 Game: 801A
Loading package: 00002640.upk Ver: 573/1 Engine: 4205 Names: 340 Exports: 556 Imports: 5 Game: 801A
Loading package: 00002620.upk Ver: 573/1 Engine: 4205 Names: 560 Exports: 6612 Imports: 96 Game: 801A
Loading Material3 001_Mesh_Default_MatM from package 00012892.upk
WARNING: BoolProperty "UMaterial3::bAcceptRenderDecal" was not found
Loading package: 00023713.upk Ver: 573/1 Engine: 4205 Names: 96 Exports: 71 Imports: 4 Game: 801A
Loading Texture2D 060206_Autoscale_col1_N from package 00039220.upk
Loading Texture2D 060206_Autoscale_col1_M from package 00039220.upk
Loading Texture2D 060206_Autoscale_col1_D from package 00039220.upk
Loading Texture2D 060206_Autoscale_col1_S from package 00039220.upk
Loading TextureCube MatelW1 from package 00002640.upk
Loading Texture2D check from package 00002620.upk
Loading Material3 Basic from package 00002620.upk
Loading package: 00012963.upk Ver: 573/1 Engine: 4205 Names: 1264 Exports: 1240 Imports: 10 Game: 801A
Loading Texture2D Cube000_Tex from package 00023713.upk
Loading Texture2D CubemapFace0 from package 00002640.upk
Loading Texture2D CubemapFace1 from package 00002640.upk
Loading Texture2D CubemapFace2 from package 00002640.upk
Loading Texture2D CubemapFace3 from package 00002640.upk
Loading Texture2D CubemapFace4 from package 00002640.upk
Loading Texture2D CubemapFace5 from package 00002640.upk
Loading Texture2D check_n from package 00002620.upk
Loading Texture2D Smoke_Pattern_001 from package 00012963.upk
Loading Texture2D Gradient_Line_003 from package 00012963.upk
Loading Texture2D Gradient_Wipe_BurnOut_Mask_TEST from package 00012963.upk
Loading Texture2D Gradient_Wipe_BurnOut_Mask from package 00012963.upk
Loaded in 0.11 sec, 4124 allocs, 1.76 MBytes serialized in 351039 calls.

Object info:
============
ClassName: SkeletalMesh3 ObjectName: 060206_Autoscale

    LODInfo[1] =
    {
        LODInfo[0] =
        {
            DisplayFactor = 0
            LODHysteresis = 0.02
            LODMaterialMap[0] = {}
            bEnableShadowCasting[1] = { true }
        }
    }
    Sockets[1] = { SkeletalMeshSocket'060206_Autoscale.SkeletalMeshSocket_258' }
    bHasVertexColors = false
    EnableTwistBoneFixers = true
    EnableClavicleFixer = true
    Materials[1] = { MaterialInstanceConstant'col1' }


    Lods[1] =
    {
        Lods[0] =
        {
            Sections[1] =
            {
                Sections[0] = { Material=MaterialInstanceConstant'col1', FirstIndex=0, NumFaces=2290 }
            }
            NumVerts = 1944
            IndexCount = 6870
            NumTexCoords = 1
        }
    }
    LodCount = 1
    MeshOrigin = { X=-0, Y=-0, Z=-0 }
    MeshScale = { X=1, Y=1, Z=1 }
    RotOrigin = { Yaw=0, Pitch=0, Roll=0 }
    BoneCount = 7

Object info:
============
ClassName: SkeletalMeshSocket ObjectName: SkeletalMeshSocket_258

    SocketName = FX_Add
    BoneName = WeaponRoot
    RelativeLocation = { X=0, Y=0, Z=0 }
    RelativeRotation = { Yaw=0, Pitch=0, Roll=0 }
    RelativeScale = { X=1, Y=1, Z=1 }

Object info:
============
ClassName: StaticMesh3 ObjectName: 060206_Autoscale001_FX_MESH001

    BodySetup = None
    UseSimpleLineCollision = false
    UseSimpleBoxCollision = false
    UseSimpleRigidBodyCollision = false
    UseFullPrecisionUVs = false
    Bounds =
    {
        Origin = { X=0.57065, Y=0.11955, Z=7.46705 }
        BoxExtent = { X=1.74115, Y=2.38835, Z=34.8116 }
        SphereRadius = 34.8307
    }
    CanCompressPositions = false
    CanStripNormalsAndTangents = false
    InternalVersion = 18


    Lods[1] =
    {
        Lods[0] =
        {
            Sections[1] =
            {
                Sections[0] = { Material=Material3'001_Mesh_Default_MatM', FirstIndex=0, NumFaces=476 }
            }
            NumVerts = 804
            IndexCount = 1428
            NumTexCoords = 2
        }
    }
    LodCount = 1

Object info:
============
ClassName: StaticMesh3 ObjectName: FX_MESH_Stick_RE

    BodySetup = None
    UseSimpleLineCollision = false
    UseSimpleBoxCollision = false
    UseSimpleRigidBodyCollision = false
    UseFullPrecisionUVs = false
    Bounds =
    {
        Origin = { X=0.5705, Y=0.1181, Z=7.4728 }
        BoxExtent = { X=1.7029, Y=2.3573, Z=34.7964 }
        SphereRadius = 34.8144
    }
    CanCompressPositions = false
    CanStripNormalsAndTangents = false
    InternalVersion = 18


    Lods[1] =
    {
        Lods[0] =
        {
            Sections[1] =
            {
                Sections[0] = { Material=Material3'001_Mesh_Default_MatM', FirstIndex=0, NumFaces=328 }
            }
            NumVerts = 552
            IndexCount = 984
            NumTexCoords = 2
        }
    }
    LodCount = 1
