Found 21975 game files (132 skipped)
Loading package: 00033300.upk Ver: 573/1 Engine: 4205 Names: 96 Exports: 1 Imports: 5 Game: 801A
Loading SkeletalMesh3 040208_LynM from package 00033300.upk
Loading package: 00033301.upk Ver: 573/1 Engine: 4205 Names: 111 Exports: 2 Imports: 27 Game: 801A
Loading MaterialInstanceConstant col1 from package 00033301.upk
Loading package: 00029379.upk Ver: 573/1 Engine: 4205 Names: 29 Exports: 2 Imports: 2 Game: 801A
Loading package: 00008613.upk Ver: 573/1 Engine: 4205 Names: 95 Exports: 6 Imports: 12 Game: 801A
Loading package: 00002620.upk Ver: 573/1 Engine: 4205 Names: 560 Exports: 6612 Imports: 96 Game: 801A
Loading MaterialInstanceConstant Col_ACC from package 00033301.upk
Loading package: 00033289.upk Ver: 573/1 Engine: 4205 Names: 32 Exports: 5 Imports: 2 Game: 801A
Loading package: 00002640.upk Ver: 573/1 Engine: 4205 Names: 340 Exports: 556 Imports: 5 Game: 801A
Loading Texture2D JinM_049_col1_D from package 00029379.upk
Loading Texture2D JinM_049_col1_N from package 00029379.upk
Loading Texture2D Nothing_A from package 00008613.upk
Loading Material3 Beard_Ac from package 00002620.upk
Loading package: 00012963.upk Ver: 573/1 Engine: 4205 Names: 1236 Exports: 1211 Imports: 10 Game: 801A
Loading Texture2D 040208_JinM_col1_N from package 00033289.upk
Loading Texture2D 040208_JinM_col1_M from package 00033289.upk
Loading Texture2D 040208_JinM_col1_D from package 00033289.upk
Loading Texture2D 040208_JinM_col1_S from package 00033289.upk
Loading TextureCube Cube_Suicide2 from package 00002640.upk
Loading Texture2D 040208_JinM_col1_E from package 00033289.upk
Loading Material3 Basic from package 00002620.upk
Loading Texture2D check_n from package 00002620.upk
Loading Texture2D Noise_Glass_000 from package 00012963.upk
Loading Texture2D Smoke_Pattern_001 from package 00012963.upk
Loading Texture2D Gradient_Wipe_BurnOut_Mask_TEST from package 00012963.upk
Loading Texture2D Gradient_Wipe_BurnOut_Mask from package 00012963.upk
Loading Texture2D check from package 00002620.upk
Loading Texture2D Gradient_Line_003 from package 00012963.upk
Loading Texture2D CubemapFace0 from package 00002640.upk
Loading Texture2D CubemapFace1 from package 00002640.upk
Loading Texture2D CubemapFace2 from package 00002640.upk
Loading Texture2D CubemapFace3 from package 00002640.upk
Loading Texture2D CubemapFace4 from package 00002640.upk
Loading Texture2D CubemapFace5 from package 00002640.upk
Loaded in 0.18 sec, 3164 allocs, 1.60 MBytes serialized in 208604 calls.

Object info:
============
ClassName: SkeletalMesh3 ObjectName: 040208_LynM

    LODInfo[1] =
    {
        LODInfo[0] =
        {
            DisplayFactor = 0
            LODHysteresis = 0.02
            LODMaterialMap[0] = {}
            bEnableShadowCasting[2] = { true, true }
        }
    }
    Sockets[0] = {}
    bHasVertexColors = false
    EnableTwistBoneFixers = true
    EnableClavicleFixer = true
    Materials[2] = { MaterialInstanceConstant'col1', MaterialInstanceConstant'Col_ACC' }


    Lods[1] =
    {
        Lods[0] =
        {
            Sections[2] =
            {
                Sections[0] = { Material=MaterialInstanceConstant'col1', FirstIndex=0, NumFaces=398 }
                Sections[1] = { Material=MaterialInstanceConstant'Col_ACC', FirstIndex=1194, NumFaces=1288 }
            }
            NumVerts = 1297
            IndexCount = 5058
            NumTexCoords = 1
        }
    }
    LodCount = 1
    MeshOrigin = { X=-0, Y=-0, Z=-0 }
    MeshScale = { X=1, Y=1, Z=1 }
    RotOrigin = { Yaw=0, Pitch=0, Roll=0 }
    BoneCount = 72
