Found 21974 game files (0 skipped)
Loading package: 00031727.upk Ver: 573/1 Engine: 4205 Names: 128 Exports: 119 Imports: 11 Game: 801A
Loading SkeletalMesh3 FireGorilla from package 00031727.upk
WARNING: ByteProperty "USkeletalMesh3::ItemPreviewLocType" was not found
WARNING: FloatProperty "USkeletalMesh3::ItemPreviewScale" was not found
WARNING: FloatProperty "USkeletalMesh3::PhysicalHitScale" was not found
Loading package: 00031726.upk Ver: 573/1 Engine: 4205 Names: 90 Exports: 1 Imports: 19 Game: 801A
Loading SkeletalMeshSocket SkeletalMeshSocket_484 from package 00031727.upk
Loading SkeletalMeshSocket SkeletalMeshSocket_485 from package 00031727.upk
Loading MaterialInstanceConstant col1 from package 00031726.upk
Loading package: 00031725.upk Ver: 573/1 Engine: 4205 Names: 41 Exports: 10 Imports: 4 Game: 801A
Loading package: 00002640.upk Ver: 573/1 Engine: 4205 Names: 340 Exports: 556 Imports: 5 Game: 801A
Loading package: 00002620.upk Ver: 573/1 Engine: 4205 Names: 560 Exports: 6612 Imports: 96 Game: 801A
Loading Texture2D FireGorilla_N_col1 from package 00031725.upk
Loading Texture2D FireGorilla_M_col1 from package 00031725.upk
Loading Texture2D FireGorilla_d_col1 from package 00031725.upk
Loading Texture2D FireGorilla_S_col1 from package 00031725.upk
Loading TextureCube Cube_D from package 00002640.upk
Loading Texture2D FireGorilla_E_col1 from package 00031725.upk
WARNING: ByteProperty "UTexture2D::ManualLoadSwitchSettings" was not found
Loading Material3 Basic from package 00002620.upk
Loading package: 00012963.upk Ver: 573/1 Engine: 4205 Names: 1236 Exports: 1211 Imports: 10 Game: 801A
Loading Texture2D CubemapFace0 from package 00002640.upk
Loading Texture2D CubemapFace1 from package 00002640.upk
Loading Texture2D CubemapFace2 from package 00002640.upk
Loading Texture2D CubemapFace3 from package 00002640.upk
Loading Texture2D CubemapFace4 from package 00002640.upk
Loading Texture2D CubemapFace5 from package 00002640.upk
Loading Texture2D check_n from package 00002620.upk
Loading Texture2D check from package 00002620.upk
Loading Texture2D Smoke_Pattern_001 from package 00012963.upk
Loading Texture2D Gradient_Line_003 from package 00012963.upk
Loading Texture2D Gradient_Wipe_BurnOut_Mask_TEST from package 00012963.upk
Loading Texture2D Gradient_Wipe_BurnOut_Mask from package 00012963.upk
Loaded in 0.12 sec, 2922 allocs, 1.32 MBytes serialized in 219984 calls.

Object info:
============
ClassName: SkeletalMesh3 ObjectName: FireGorilla

    LODInfo[1] =
    {
        LODInfo[0] =
        {
            DisplayFactor = 0
            LODHysteresis = 0.02
            LODMaterialMap[0] = {}
            bEnableShadowCasting[1] = { true }
        }
    }
    Sockets[2] =
    {
        Sockets[0] = SkeletalMeshSocket'FireGorilla.SkeletalMeshSocket_484'
        Sockets[1] = SkeletalMeshSocket'FireGorilla.SkeletalMeshSocket_485'
    }
    bHasVertexColors = false
    EnableTwistBoneFixers = true
    EnableClavicleFixer = true
    Materials[1] = { MaterialInstanceConstant'col1' }


    Lods[1] =
    {
        Lods[0] =
        {
            Sections[1] =
            {
                Sections[0] = { Material=MaterialInstanceConstant'col1', FirstIndex=0, NumFaces=2104 }
            }
            NumVerts = 1452
            IndexCount = 6312
            NumTexCoords = 1
        }
    }
    LodCount = 1
    MeshOrigin = { X=-0, Y=-0, Z=-0 }
    MeshScale = { X=1, Y=1, Z=1 }
    RotOrigin = { Yaw=0, Pitch=0, Roll=0 }
    BoneCount = 42

Object info:
============
ClassName: SkeletalMeshSocket ObjectName: SkeletalMeshSocket_484

    SocketName = Trail_L
    BoneName = Bip01LHand
    RelativeLocation = { X=0, Y=0, Z=0 }
    RelativeRotation = { Yaw=0, Pitch=0, Roll=0 }
    RelativeScale = { X=1, Y=1, Z=1 }

Object info:
============
ClassName: SkeletalMeshSocket ObjectName: SkeletalMeshSocket_485

    SocketName = Trail_R
    BoneName = Bip01RHand
    RelativeLocation = { X=0, Y=0, Z=0 }
    RelativeRotation = { Yaw=0, Pitch=0, Roll=0 }
    RelativeScale = { X=1, Y=1, Z=1 }
