Found 27000 game files (27 skipped)
Loading package: 00037786.upk Ver: 573/1 Engine: 4205 Names: 279 Exports: 145 Imports: 21 Game: 801A
Loading SkeletalMesh3 90013_GonM from package 00037786.upk
WARNING: FloatProperty "USkeletalMesh3::AutoScale" was not found
WARNING: FloatProperty "USkeletalMesh3::EffectScale" was not found
WARNING: ObjectProperty "USkeletalMesh3::PhysMaterialOverride" was not found
WARNING: ObjectProperty "USkeletalMesh3::PlaySoundSet" was not found
WARNING: FloatProperty "USkeletalMesh3::AddFootOffsetValue" was not found
WARNING: FloatProperty "USkeletalMesh3::AnimNameHeight" was not found
WARNING: FloatProperty "USkeletalMesh3::NormalNameHeight" was not found
WARNING: ArrayProperty "USkeletalMesh3::NameplateMeshScaleRatio" was not found
WARNING: StructProperty "USkeletalMesh3::NameplateHeightRatio" was not found
WARNING: ArrayProperty "USkeletalMesh3::MeshScaleRatio" was not found
WARNING: StructProperty "USkeletalMesh3::HeightRatio" was not found
WARNING: StructProperty "USkeletalMesh3::HandRatio" was not found
WARNING: ByteProperty "USkeletalMesh3::CommonPhysicsUseFlag" was not found
WARNING: FloatProperty "USkeletalMesh3::PhysicalHitScale" was not found
Loading package: 00037787.upk Ver: 573/1 Engine: 4205 Names: 188 Exports: 223 Imports: 51 Game: 801A
Loading SkeletalMeshSocket SkeletalMeshSocket_203 from package 00037786.upk
Loading SkeletalMeshSocket SkeletalMeshSocket_204 from package 00037786.upk
Loading SkeletalMeshSocket SkeletalMeshSocket_205 from package 00037786.upk
Loading SkeletalMeshSocket SkeletalMeshSocket_206 from package 00037786.upk
Loading SkeletalMeshSocket SkeletalMeshSocket_207 from package 00037786.upk
Loading SkeletalMeshSocket SkeletalMeshSocket_208 from package 00037786.upk
Loading SkeletalMeshSocket SkeletalMeshSocket_209 from package 00037786.upk
Loading SkeletalMeshSocket SkeletalMeshSocket_210 from package 00037786.upk
Loading SkeletalMeshSocket SkeletalMeshSocket_211 from package 00037786.upk
Loading SkeletalMeshSocket SkeletalMeshSocket_212 from package 00037786.upk
Loading SkeletalMeshSocket SkeletalMeshSocket_213 from package 00037786.upk
Loading SkeletalMeshSocket SkeletalMeshSocket_214 from package 00037786.upk
Loading SkeletalMeshSocket SkeletalMeshSocket_215 from package 00037786.upk
WARNING: BoolProperty "USkeletalMeshSocket::bParticleAttachPosOnly" was not found
Loading SkeletalMeshSocket SkeletalMeshSocket_216 from package 00037786.upk
WARNING: ObjectProperty "USkeletalMeshSocket::PreviewSkelMesh" was not found
Loading SkeletalMeshSocket SkeletalMeshSocket_217 from package 00037786.upk
Loading SkeletalMeshSocket SkeletalMeshSocket_218 from package 00037786.upk
Loading SkeletalMeshSocket SkeletalMeshSocket_219 from package 00037786.upk
Loading SkeletalMeshSocket SkeletalMeshSocket_220 from package 00037786.upk
Loading SkeletalMeshSocket SkeletalMeshSocket_221 from package 00037786.upk
Loading SkeletalMeshSocket SkeletalMeshSocket_222 from package 00037786.upk
Loading SkeletalMeshSocket SkeletalMeshSocket_223 from package 00037786.upk
WARNING: BoolProperty "USkeletalMeshSocket::UseCustomizeScaleZ" was not found
Loading SkeletalMeshSocket SkeletalMeshSocket_224 from package 00037786.upk
Loading SkeletalMeshSocket SkeletalMeshSocket_225 from package 00037786.upk
Loading SkeletalMeshSocket SkeletalMeshSocket_226 from package 00037786.upk
Loading MaterialInstanceConstant col1 from package 00037787.upk
Loading package: 00037788.upk Ver: 573/1 Engine: 4205 Names: 36 Exports: 7 Imports: 2 Game: 801A
Loading package: 00002640.upk Ver: 573/1 Engine: 4205 Names: 340 Exports: 556 Imports: 5 Game: 801A
Loading Texture2D 90013_GonM_col1_N from package 00037788.upk
Loading Texture2D 90013_GonM_col1_M from package 00037788.upk
Loading Texture2D 90013_GonM_col1_D from package 00037788.upk
Loading Texture2D 90013_GonM_col1_S from package 00037788.upk
Loading TextureCube lenscube_c from package 00002640.upk
Loading Texture2D 90013_GonM_col1_E from package 00037788.upk
WARNING: ByteProperty "UTexture2D::ManualLoadSwitchSettings" was not found
Loading Material3 FX_Body_TEST from package 00037787.upk
Loading package: 00002620.upk Ver: 573/1 Engine: 4205 Names: 560 Exports: 6612 Imports: 96 Game: 801A
Loading package: 00012963.upk Ver: 573/1 Engine: 4205 Names: 1264 Exports: 1240 Imports: 10 Game: 801A
Loading Texture2D CubemapFace0 from package 00002640.upk
Loading Texture2D CubemapFace1 from package 00002640.upk
Loading Texture2D CubemapFace2 from package 00002640.upk
Loading Texture2D CubemapFace3 from package 00002640.upk
Loading Texture2D CubemapFace4 from package 00002640.upk
Loading Texture2D CubemapFace5 from package 00002640.upk
Loading Texture2D check_n from package 00002620.upk
Loading Texture2D Noise_Glass_000 from package 00012963.upk
Loading Texture2D Smoke_Pattern_001 from package 00012963.upk
Loading Texture2D Gradient_Wipe_BurnOut_Mask_TEST from package 00012963.upk
Loading Texture2D Gradient_Wipe_BurnOut_Mask from package 00012963.upk
Loading Texture2D check from package 00002620.upk
Loading Texture2D Gradient_Line_003 from package 00012963.upk
Loaded in 0.16 sec, 3313 allocs, 3.12 MBytes serialized in 533599 calls.

Object info:
============
ClassName: SkeletalMesh3 ObjectName: 90013_GonM

    LODInfo[2] =
    {
        LODInfo[0] =
        {
            DisplayFactor = 0
            LODHysteresis = 0.02
            LODMaterialMap[0] = {}
            bEnableShadowCasting[2] = { true, true }
        }
        LODInfo[1] =
        {
            DisplayFactor = 0.25
            LODHysteresis = 0.02
            LODMaterialMap[1] = { 0 }
            bEnableShadowCasting[1] = { true }
        }
    }
    Sockets[24] =
    {
        Sockets[0] = SkeletalMeshSocket'90013_GonM.SkeletalMeshSocket_203'
        Sockets[1] = SkeletalMeshSocket'90013_GonM.SkeletalMeshSocket_204'
        Sockets[2] = SkeletalMeshSocket'90013_GonM.SkeletalMeshSocket_205'
        Sockets[3] = SkeletalMeshSocket'90013_GonM.SkeletalMeshSocket_206'
        Sockets[4] = SkeletalMeshSocket'90013_GonM.SkeletalMeshSocket_207'
        Sockets[5] = SkeletalMeshSocket'90013_GonM.SkeletalMeshSocket_208'
        Sockets[6] = SkeletalMeshSocket'90013_GonM.SkeletalMeshSocket_209'
        Sockets[7] = SkeletalMeshSocket'90013_GonM.SkeletalMeshSocket_210'
        Sockets[8] = SkeletalMeshSocket'90013_GonM.SkeletalMeshSocket_211'
        Sockets[9] = SkeletalMeshSocket'90013_GonM.SkeletalMeshSocket_212'
        Sockets[10] = SkeletalMeshSocket'90013_GonM.SkeletalMeshSocket_213'
        Sockets[11] = SkeletalMeshSocket'90013_GonM.SkeletalMeshSocket_214'
        Sockets[12] = SkeletalMeshSocket'90013_GonM.SkeletalMeshSocket_215'
        Sockets[13] = SkeletalMeshSocket'90013_GonM.SkeletalMeshSocket_216'
        Sockets[14] = SkeletalMeshSocket'90013_GonM.SkeletalMeshSocket_217'
        Sockets[15] = SkeletalMeshSocket'90013_GonM.SkeletalMeshSocket_218'
        Sockets[16] = SkeletalMeshSocket'90013_GonM.SkeletalMeshSocket_219'
        Sockets[17] = SkeletalMeshSocket'90013_GonM.SkeletalMeshSocket_220'
        Sockets[18] = SkeletalMeshSocket'90013_GonM.SkeletalMeshSocket_221'
        Sockets[19] = SkeletalMeshSocket'90013_GonM.SkeletalMeshSocket_222'
        Sockets[20] = SkeletalMeshSocket'90013_GonM.SkeletalMeshSocket_223'
        Sockets[21] = SkeletalMeshSocket'90013_GonM.SkeletalMeshSocket_224'
        Sockets[22] = SkeletalMeshSocket'90013_GonM.SkeletalMeshSocket_225'
        Sockets[23] = SkeletalMeshSocket'90013_GonM.SkeletalMeshSocket_226'
    }
    bHasVertexColors = false
    EnableTwistBoneFixers = true
    EnableClavicleFixer = true
    Materials[1] = { MaterialInstanceConstant'col1' }


    Lods[2] =
    {
        Lods[0] =
        {
            Sections[2] =
            {
                Sections[0] = { Material=MaterialInstanceConstant'col1', FirstIndex=0, NumFaces=6501 }
                Sections[1] = { Material=MaterialInstanceConstant'col1', FirstIndex=19503, NumFaces=1363 }
            }
            NumVerts = 6411
            IndexCount = 23592
            NumTexCoords = 1
        }
        Lods[1] =
        {
            Sections[1] =
            {
                Sections[0] = { Material=MaterialInstanceConstant'col1', FirstIndex=0, NumFaces=2837 }
            }
            NumVerts = 3041
            IndexCount = 8511
            NumTexCoords = 1
        }
    }
    LodCount = 2
    MeshOrigin = { X=-0, Y=-0, Z=-0 }
    MeshScale = { X=1, Y=1, Z=1 }
    RotOrigin = { Yaw=0, Pitch=0, Roll=0 }
    BoneCount = 130

Object info:
============
ClassName: SkeletalMeshSocket ObjectName: SkeletalMeshSocket_203

    SocketName = WeaponL
    BoneName = WeaponL
    RelativeLocation = { X=0, Y=0, Z=0 }
    RelativeRotation = { Yaw=0, Pitch=0, Roll=0 }
    RelativeScale = { X=1, Y=1, Z=1 }

Object info:
============
ClassName: SkeletalMeshSocket ObjectName: SkeletalMeshSocket_204

    SocketName = WeaponR
    BoneName = WeaponR
    RelativeLocation = { X=0, Y=0, Z=0 }
    RelativeRotation = { Yaw=0, Pitch=0, Roll=0 }
    RelativeScale = { X=1, Y=1, Z=1 }

Object info:
============
ClassName: SkeletalMeshSocket ObjectName: SkeletalMeshSocket_205

    SocketName = RF_R
    BoneName = B_Spine2_BR00
    RelativeLocation = { X=0, Y=-1.9, Z=0 }
    RelativeRotation = { Yaw=31857, Pitch=-13653, Roll=0 }
    RelativeScale = { X=1, Y=1, Z=1 }

Object info:
============
ClassName: SkeletalMeshSocket ObjectName: SkeletalMeshSocket_206

    SocketName = PT_R
    BoneName = B_Pelvis_BR00
    RelativeLocation = { X=-1.35, Y=-2.5, Z=-0.5 }
    RelativeRotation = { Yaw=-7463, Pitch=-10376, Roll=10194 }
    RelativeScale = { X=1, Y=1, Z=1 }

Object info:
============
ClassName: SkeletalMeshSocket ObjectName: SkeletalMeshSocket_207

    SocketName = PT_L
    BoneName = B_Pelvis_BL00
    RelativeLocation = { X=-0.72, Y=-2.6, Z=-1.2 }
    RelativeRotation = { Yaw=35498, Pitch=-10922, Roll=-6371 }
    RelativeScale = { X=1, Y=1, Z=1 }

Object info:
============
ClassName: SkeletalMeshSocket ObjectName: SkeletalMeshSocket_208

    SocketName = SW_L_A
    BoneName = B_Spine2_BL00
    RelativeLocation = { X=-7.1, Y=-1.5, Z=9.6 }
    RelativeRotation = { Yaw=32768, Pitch=27306, Roll=0 }
    RelativeScale = { X=1, Y=1, Z=1 }

Object info:
============
ClassName: SkeletalMeshSocket ObjectName: SkeletalMeshSocket_209

    SocketName = TA_R
    BoneName = B_Spine2_BR00
    RelativeLocation = { X=-8.69275, Y=-3.66239, Z=-14.3828 }
    RelativeRotation = { Yaw=-2331, Pitch=-5483, Roll=-546 }
    RelativeScale = { X=1, Y=1, Z=1 }

Object info:
============
ClassName: SkeletalMeshSocket ObjectName: SkeletalMeshSocket_210

    SocketName = target_high
    BoneName = Bip01Head
    RelativeLocation = { X=0, Y=0, Z=0 }
    RelativeRotation = { Yaw=0, Pitch=0, Roll=0 }
    RelativeScale = { X=1, Y=1, Z=1 }

Object info:
============
ClassName: SkeletalMeshSocket ObjectName: SkeletalMeshSocket_211

    SocketName = Catch_Back
    BoneName = Bip01Spine2
    RelativeLocation = { X=4.06538, Y=12.2269, Z=0 }
    RelativeRotation = { Yaw=0, Pitch=0, Roll=0 }
    RelativeScale = { X=1, Y=1, Z=1 }

Object info:
============
ClassName: SkeletalMeshSocket ObjectName: SkeletalMeshSocket_212

    SocketName = Catch_Neck
    BoneName = Bip01Neck
    RelativeLocation = { X=0, Y=0, Z=0 }
    RelativeRotation = { Yaw=0, Pitch=0, Roll=0 }
    RelativeScale = { X=1, Y=1, Z=1 }

Object info:
============
ClassName: SkeletalMeshSocket ObjectName: SkeletalMeshSocket_213

    SocketName = socket_force
    BoneName = Root
    RelativeLocation = { X=49, Y=41, Z=0 }
    RelativeRotation = { Yaw=0, Pitch=0, Roll=0 }
    RelativeScale = { X=1, Y=1, Z=1 }

Object info:
============
ClassName: SkeletalMeshSocket ObjectName: SkeletalMeshSocket_214

    SocketName = Mount_Socket
    BoneName = Root
    RelativeLocation = { X=0, Y=0, Z=0 }
    RelativeRotation = { Yaw=32768, Pitch=0, Roll=0 }
    RelativeScale = { X=1, Y=1, Z=1 }

Object info:
============
ClassName: SkeletalMeshSocket ObjectName: SkeletalMeshSocket_215

    SocketName = ATTACH_EFFECT
    BoneName = Bip01
    RelativeLocation = { X=0, Y=0, Z=0 }
    RelativeRotation = { Yaw=0, Pitch=0, Roll=0 }
    RelativeScale = { X=1, Y=1, Z=1 }

Object info:
============
ClassName: SkeletalMeshSocket ObjectName: SkeletalMeshSocket_216

    SocketName = X_Root_Find_Test
    BoneName = Root
    RelativeLocation = { X=0, Y=0, Z=0 }
    RelativeRotation = { Yaw=0, Pitch=0, Roll=0 }
    RelativeScale = { X=1, Y=1, Z=1 }

Object info:
============
ClassName: SkeletalMeshSocket ObjectName: SkeletalMeshSocket_217

    SocketName = Mount_Ambar_Socket
    BoneName = Bip01LClavicle
    RelativeLocation = { X=-10, Y=-2, Z=-12 }
    RelativeRotation = { Yaw=-285, Pitch=9970, Roll=22850 }
    RelativeScale = { X=1, Y=1, Z=1 }

Object info:
============
ClassName: SkeletalMeshSocket ObjectName: SkeletalMeshSocket_218

    SocketName = Mount_Choke_Socket
    BoneName = Root
    RelativeLocation = { X=1.5, Y=0, Z=0 }
    RelativeRotation = { Yaw=32768, Pitch=0, Roll=0 }
    RelativeScale = { X=1, Y=1, Z=1 }

Object info:
============
ClassName: SkeletalMeshSocket ObjectName: SkeletalMeshSocket_219

    SocketName = Decap_Socket
    BoneName = Bip01Neck
    RelativeLocation = { X=0, Y=0, Z=0 }
    RelativeRotation = { Yaw=0, Pitch=0, Roll=0 }
    RelativeScale = { X=1, Y=1, Z=1 }

Object info:
============
ClassName: SkeletalMeshSocket ObjectName: SkeletalMeshSocket_220

    SocketName = Socket_Caster
    BoneName = Root
    RelativeLocation = { X=0, Y=0, Z=0 }
    RelativeRotation = { Yaw=32768, Pitch=0, Roll=0 }
    RelativeScale = { X=1, Y=1, Z=1 }

Object info:
============
ClassName: SkeletalMeshSocket ObjectName: SkeletalMeshSocket_221

    SocketName = Socket_GiantCaster
    BoneName = WeaponL
    RelativeLocation = { X=0, Y=0, Z=0 }
    RelativeRotation = { Yaw=0, Pitch=0, Roll=0 }
    RelativeScale = { X=1, Y=1, Z=1 }

Object info:
============
ClassName: SkeletalMeshSocket ObjectName: SkeletalMeshSocket_222

    SocketName = Pet_Socket_1
    BoneName = Root
    RelativeLocation = { X=-2, Y=50, Z=100 }
    RelativeRotation = { Yaw=0, Pitch=0, Roll=0 }
    RelativeScale = { X=1, Y=1, Z=1 }

Object info:
============
ClassName: SkeletalMeshSocket ObjectName: SkeletalMeshSocket_223

    SocketName = Pet_Socket_2
    BoneName = Root
    RelativeLocation = { X=-2, Y=-40, Z=115 }
    RelativeRotation = { Yaw=0, Pitch=0, Roll=0 }
    RelativeScale = { X=1, Y=1, Z=1 }

Object info:
============
ClassName: SkeletalMeshSocket ObjectName: SkeletalMeshSocket_224

    SocketName = Soul_L_1
    BoneName = Bip01LHand
    RelativeLocation = { X=0, Y=0, Z=0 }
    RelativeRotation = { Yaw=0, Pitch=0, Roll=0 }
    RelativeScale = { X=1, Y=1, Z=1 }

Object info:
============
ClassName: SkeletalMeshSocket ObjectName: SkeletalMeshSocket_225

    SocketName = Soul_L_2
    BoneName = Bip01LHand
    RelativeLocation = { X=0, Y=0, Z=0 }
    RelativeRotation = { Yaw=0, Pitch=0, Roll=0 }
    RelativeScale = { X=1, Y=1, Z=1 }

Object info:
============
ClassName: SkeletalMeshSocket ObjectName: SkeletalMeshSocket_226

    SocketName = Soul_L_3
    BoneName = Bip01LHand
    RelativeLocation = { X=0, Y=0, Z=0 }
    RelativeRotation = { Yaw=0, Pitch=0, Roll=0 }
    RelativeScale = { X=1, Y=1, Z=1 }
