Found 27000 game files (27 skipped)
Loading package: 00031897.upk Ver: 573/1 Engine: 4205 Names: 257 Exports: 138 Imports: 28 Game: 801A
Loading SkeletalMesh3 60142_GonM from package 00031897.upk
WARNING: FloatProperty "USkeletalMesh3::AutoScale" was not found
WARNING: FloatProperty "USkeletalMesh3::EffectScale" was not found
WARNING: ObjectProperty "USkeletalMesh3::MeshFactorSet" was not found
WARNING: ObjectProperty "USkeletalMesh3::PhysMaterialOverride" was not found
WARNING: ObjectProperty "USkeletalMesh3::PlaySoundSet" was not found
WARNING: FloatProperty "USkeletalMesh3::AddFootOffsetValue" was not found
WARNING: FloatProperty "USkeletalMesh3::AnimNameHeight" was not found
WARNING: FloatProperty "USkeletalMesh3::NormalNameHeight" was not found
WARNING: ArrayProperty "USkeletalMesh3::NameplateMeshScaleRatio" was not found
WARNING: StructProperty "USkeletalMesh3::NameplateHeightRatio" was not found
WARNING: ArrayProperty "USkeletalMesh3::MeshScaleRatio" was not found
WARNING: StructProperty "USkeletalMesh3::HeightRatio" was not found
WARNING: StructProperty "USkeletalMesh3::HandRatio" was not found
WARNING: ByteProperty "USkeletalMesh3::CommonPhysicsUseFlag" was not found
WARNING: FloatProperty "USkeletalMesh3::PhysicalHitScale" was not found
Loading package: 00031896.upk Ver: 573/1 Engine: 4205 Names: 95 Exports: 1 Imports: 22 Game: 801A
Loading SkeletalMeshSocket SkeletalMeshSocket_240 from package 00031897.upk
WARNING: ObjectProperty "USkeletalMeshSocket::DependencyParticleSystem" was not found
Loading SkeletalMeshSocket SkeletalMeshSocket_241 from package 00031897.upk
WARNING: ObjectProperty "USkeletalMeshSocket::DependencyParticleSystem" was not found
Loading SkeletalMeshSocket SkeletalMeshSocket_242 from package 00031897.upk
WARNING: ObjectProperty "USkeletalMeshSocket::DependencyParticleSystem" was not found
Loading SkeletalMeshSocket SkeletalMeshSocket_243 from package 00031897.upk
WARNING: ObjectProperty "USkeletalMeshSocket::DependencyParticleSystem" was not found
Loading SkeletalMeshSocket SkeletalMeshSocket_244 from package 00031897.upk
WARNING: ObjectProperty "USkeletalMeshSocket::DependencyParticleSystem" was not found
Loading SkeletalMeshSocket SkeletalMeshSocket_245 from package 00031897.upk
WARNING: ObjectProperty "USkeletalMeshSocket::DependencyParticleSystem" was not found
Loading SkeletalMeshSocket SkeletalMeshSocket_246 from package 00031897.upk
WARNING: ObjectProperty "USkeletalMeshSocket::DependencyParticleSystem" was not found
Loading SkeletalMeshSocket SkeletalMeshSocket_247 from package 00031897.upk
WARNING: ObjectProperty "USkeletalMeshSocket::DependencyParticleSystem" was not found
Loading SkeletalMeshSocket SkeletalMeshSocket_248 from package 00031897.upk
WARNING: ObjectProperty "USkeletalMeshSocket::DependencyParticleSystem" was not found
Loading SkeletalMeshSocket SkeletalMeshSocket_249 from package 00031897.upk
WARNING: ObjectProperty "USkeletalMeshSocket::DependencyParticleSystem" was not found
Loading SkeletalMeshSocket SkeletalMeshSocket_250 from package 00031897.upk
WARNING: ObjectProperty "USkeletalMeshSocket::PreviewSkelMesh" was not found
Loading SkeletalMeshSocket SkeletalMeshSocket_251 from package 00031897.upk
WARNING: ObjectProperty "USkeletalMeshSocket::PreviewSkelMesh" was not found
Loading SkeletalMeshSocket SkeletalMeshSocket_252 from package 00031897.upk
WARNING: ObjectProperty "USkeletalMeshSocket::PreviewSkelMesh" was not found
Loading SkeletalMeshSocket SkeletalMeshSocket_253 from package 00031897.upk
WARNING: ObjectProperty "USkeletalMeshSocket::PreviewSkelMesh" was not found
Loading SkeletalMeshSocket SkeletalMeshSocket_254 from package 00031897.upk
WARNING: ObjectProperty "USkeletalMeshSocket::PreviewSkelMesh" was not found
Loading SkeletalMeshSocket SkeletalMeshSocket_255 from package 00031897.upk
WARNING: ObjectProperty "USkeletalMeshSocket::PreviewSkelMesh" was not found
Loading SkeletalMeshSocket SkeletalMeshSocket_256 from package 00031897.upk
WARNING: ObjectProperty "USkeletalMeshSocket::PreviewSkelMesh" was not found
Loading SkeletalMeshSocket SkeletalMeshSocket_257 from package 00031897.upk
Loading SkeletalMeshSocket SkeletalMeshSocket_258 from package 00031897.upk
Loading SkeletalMeshSocket SkeletalMeshSocket_259 from package 00031897.upk
Loading SkeletalMeshSocket SkeletalMeshSocket_260 from package 00031897.upk
Loading SkeletalMeshSocket SkeletalMeshSocket_261 from package 00031897.upk
Loading SkeletalMeshSocket SkeletalMeshSocket_262 from package 00031897.upk
Loading SkeletalMeshSocket SkeletalMeshSocket_263 from package 00031897.upk
Loading SkeletalMeshSocket SkeletalMeshSocket_264 from package 00031897.upk
Loading SkeletalMeshSocket SkeletalMeshSocket_265 from package 00031897.upk
Loading SkeletalMeshSocket SkeletalMeshSocket_266 from package 00031897.upk
Loading SkeletalMeshSocket SkeletalMeshSocket_267 from package 00031897.upk
Loading SkeletalMeshSocket SkeletalMeshSocket_322 from package 00031897.upk
WARNING: ObjectProperty "USkeletalMeshSocket::DependencyParticleSystem" was not found
Loading SkeletalMeshSocket SkeletalMeshSocket_342 from package 00031897.upk
WARNING: ObjectProperty "USkeletalMeshSocket::DependencyParticleSystem" was not found
Loading SkeletalMeshSocket SkeletalMeshSocket_362 from package 00031897.upk
WARNING: ObjectProperty "USkeletalMeshSocket::DependencyParticleSystem" was not found
Loading SkeletalMeshSocket SkeletalMeshSocket_382 from package 00031897.upk
WARNING: ObjectProperty "USkeletalMeshSocket::DependencyParticleSystem" was not found
Loading SkeletalMeshSocket SkeletalMeshSocket_402 from package 00031897.upk
WARNING: ObjectProperty "USkeletalMeshSocket::DependencyParticleSystem" was not found
Loading MaterialInstanceConstant col1 from package 00031896.upk
Loading package: 00031895.upk Ver: 573/1 Engine: 4205 Names: 34 Exports: 5 Imports: 2 Game: 801A
Loading package: 00002640.upk Ver: 573/1 Engine: 4205 Names: 340 Exports: 556 Imports: 5 Game: 801A
Loading package: 00002620.upk Ver: 573/1 Engine: 4205 Names: 560 Exports: 6612 Imports: 96 Game: 801A
Loading Texture2D 60142_GonM_col1_n from package 00031895.upk
Loading Texture2D 60142_GonM_col1_m from package 00031895.upk
Loading Texture2D 60142_GonM_col1_D from package 00031895.upk
Loading Texture2D 60142_GonM_col1_s from package 00031895.upk
Loading TextureCube lenscube from package 00002640.upk
Loading Texture2D 60142_GonM_col1_e from package 00031895.upk
WARNING: ByteProperty "UTexture2D::ManualLoadSwitchSettings" was not found
Loading Material3 Body from package 00002620.upk
Loading package: 00012963.upk Ver: 573/1 Engine: 4205 Names: 1264 Exports: 1240 Imports: 10 Game: 801A
Loading Texture2D CubemapFace0 from package 00002640.upk
Loading Texture2D CubemapFace1 from package 00002640.upk
Loading Texture2D CubemapFace2 from package 00002640.upk
Loading Texture2D CubemapFace3 from package 00002640.upk
Loading Texture2D CubemapFace4 from package 00002640.upk
Loading Texture2D CubemapFace5 from package 00002640.upk
Loading Texture2D check_n from package 00002620.upk
Loading Texture2D Noise_Glass_000 from package 00012963.upk
Loading Texture2D Smoke_Pattern_001 from package 00012963.upk
Loading Texture2D Gradient_Wipe_BurnOut_Mask_TEST from package 00012963.upk
Loading Texture2D Gradient_Wipe_BurnOut_Mask from package 00012963.upk
Loading Texture2D check from package 00002620.upk
Loading Texture2D Gradient_Line_003 from package 00012963.upk
Loaded in 0.14 sec, 3209 allocs, 2.60 MBytes serialized in 376737 calls.

Object info:
============
ClassName: SkeletalMesh3 ObjectName: 60142_GonM

    LODInfo[2] =
    {
        LODInfo[0] =
        {
            DisplayFactor = 0
            LODHysteresis = 0.02
            LODMaterialMap[0] = {}
            bEnableShadowCasting[1] = { true }
        }
        LODInfo[1] =
        {
            DisplayFactor = 0.25
            LODHysteresis = 0.02
            LODMaterialMap[1] = { 0 }
            bEnableShadowCasting[1] = { true }
        }
    }
    Sockets[33] =
    {
        Sockets[0] = SkeletalMeshSocket'60142_GonM.SkeletalMeshSocket_240'
        Sockets[1] = SkeletalMeshSocket'60142_GonM.SkeletalMeshSocket_241'
        Sockets[2] = SkeletalMeshSocket'60142_GonM.SkeletalMeshSocket_242'
        Sockets[3] = SkeletalMeshSocket'60142_GonM.SkeletalMeshSocket_243'
        Sockets[4] = SkeletalMeshSocket'60142_GonM.SkeletalMeshSocket_244'
        Sockets[5] = SkeletalMeshSocket'60142_GonM.SkeletalMeshSocket_245'
        Sockets[6] = SkeletalMeshSocket'60142_GonM.SkeletalMeshSocket_246'
        Sockets[7] = SkeletalMeshSocket'60142_GonM.SkeletalMeshSocket_247'
        Sockets[8] = SkeletalMeshSocket'60142_GonM.SkeletalMeshSocket_248'
        Sockets[9] = SkeletalMeshSocket'60142_GonM.SkeletalMeshSocket_249'
        Sockets[10] = SkeletalMeshSocket'60142_GonM.SkeletalMeshSocket_250'
        Sockets[11] = SkeletalMeshSocket'60142_GonM.SkeletalMeshSocket_251'
        Sockets[12] = SkeletalMeshSocket'60142_GonM.SkeletalMeshSocket_252'
        Sockets[13] = SkeletalMeshSocket'60142_GonM.SkeletalMeshSocket_253'
        Sockets[14] = SkeletalMeshSocket'60142_GonM.SkeletalMeshSocket_254'
        Sockets[15] = SkeletalMeshSocket'60142_GonM.SkeletalMeshSocket_255'
        Sockets[16] = SkeletalMeshSocket'60142_GonM.SkeletalMeshSocket_256'
        Sockets[17] = SkeletalMeshSocket'60142_GonM.SkeletalMeshSocket_257'
        Sockets[18] = SkeletalMeshSocket'60142_GonM.SkeletalMeshSocket_258'
        Sockets[19] = SkeletalMeshSocket'60142_GonM.SkeletalMeshSocket_259'
        Sockets[20] = SkeletalMeshSocket'60142_GonM.SkeletalMeshSocket_260'
        Sockets[21] = SkeletalMeshSocket'60142_GonM.SkeletalMeshSocket_261'
        Sockets[22] = SkeletalMeshSocket'60142_GonM.SkeletalMeshSocket_262'
        Sockets[23] = SkeletalMeshSocket'60142_GonM.SkeletalMeshSocket_263'
        Sockets[24] = SkeletalMeshSocket'60142_GonM.SkeletalMeshSocket_264'
        Sockets[25] = SkeletalMeshSocket'60142_GonM.SkeletalMeshSocket_265'
        Sockets[26] = SkeletalMeshSocket'60142_GonM.SkeletalMeshSocket_266'
        Sockets[27] = SkeletalMeshSocket'60142_GonM.SkeletalMeshSocket_267'
        Sockets[28] = SkeletalMeshSocket'60142_GonM.SkeletalMeshSocket_322'
        Sockets[29] = SkeletalMeshSocket'60142_GonM.SkeletalMeshSocket_342'
        Sockets[30] = SkeletalMeshSocket'60142_GonM.SkeletalMeshSocket_362'
        Sockets[31] = SkeletalMeshSocket'60142_GonM.SkeletalMeshSocket_382'
        Sockets[32] = SkeletalMeshSocket'60142_GonM.SkeletalMeshSocket_402'
    }
    bHasVertexColors = false
    EnableTwistBoneFixers = true
    EnableClavicleFixer = true
    Materials[1] = { MaterialInstanceConstant'col1' }


    Lods[2] =
    {
        Lods[0] =
        {
            Sections[1] =
            {
                Sections[0] = { Material=MaterialInstanceConstant'col1', FirstIndex=0, NumFaces=4890 }
            }
            NumVerts = 3694
            IndexCount = 14670
            NumTexCoords = 1
        }
        Lods[1] =
        {
            Sections[1] =
            {
                Sections[0] = { Material=MaterialInstanceConstant'col1', FirstIndex=0, NumFaces=2142 }
            }
            NumVerts = 1827
            IndexCount = 6426
            NumTexCoords = 1
        }
    }
    LodCount = 2
    MeshOrigin = { X=-0, Y=-0, Z=-0 }
    MeshScale = { X=1, Y=1, Z=1 }
    RotOrigin = { Yaw=0, Pitch=0, Roll=0 }
    BoneCount = 91

Object info:
============
ClassName: SkeletalMeshSocket ObjectName: SkeletalMeshSocket_240

    SocketName = Fx01
    BoneName = Bone_LUpperArm_L01_Root
    RelativeLocation = { X=0.510559, Y=0, Z=0 }
    RelativeRotation = { Yaw=0, Pitch=0, Roll=0 }
    RelativeScale = { X=1, Y=1, Z=1 }

Object info:
============
ClassName: SkeletalMeshSocket ObjectName: SkeletalMeshSocket_241

    SocketName = Fx02
    BoneName = Bone_LUpperArm_L02_Root
    RelativeLocation = { X=1.38771, Y=0.628811, Z=0 }
    RelativeRotation = { Yaw=0, Pitch=0, Roll=0 }
    RelativeScale = { X=1, Y=1, Z=1 }

Object info:
============
ClassName: SkeletalMeshSocket ObjectName: SkeletalMeshSocket_242

    SocketName = FX03
    BoneName = Bone_LUpperArm_L03_Root
    RelativeLocation = { X=0.580883, Y=0.655064, Z=0.943973 }
    RelativeRotation = { Yaw=0, Pitch=0, Roll=0 }
    RelativeScale = { X=1, Y=1, Z=1 }

Object info:
============
ClassName: SkeletalMeshSocket ObjectName: SkeletalMeshSocket_243

    SocketName = Fx04
    BoneName = Bone_LUpperArm_L04_Root
    RelativeLocation = { X=0.513321, Y=-0.0879157, Z=-0.433102 }
    RelativeRotation = { Yaw=0, Pitch=0, Roll=0 }
    RelativeScale = { X=1, Y=1, Z=1 }

Object info:
============
ClassName: SkeletalMeshSocket ObjectName: SkeletalMeshSocket_244

    SocketName = Fx05
    BoneName = Bone_LUpperArm_L05_Root
    RelativeLocation = { X=0.670543, Y=0.202425, Z=0.360835 }
    RelativeRotation = { Yaw=0, Pitch=0, Roll=0 }
    RelativeScale = { X=1, Y=1, Z=1 }

Object info:
============
ClassName: SkeletalMeshSocket ObjectName: SkeletalMeshSocket_245

    SocketName = Fx06
    BoneName = Bone_LUpperArm_L06_Root
    RelativeLocation = { X=0.125774, Y=0, Z=0.619909 }
    RelativeRotation = { Yaw=0, Pitch=0, Roll=0 }
    RelativeScale = { X=1, Y=1, Z=1 }

Object info:
============
ClassName: SkeletalMeshSocket ObjectName: SkeletalMeshSocket_246

    SocketName = Fx01a
    BoneName = Bone_LUpperArm_L01_Root
    RelativeLocation = { X=-1.03843, Y=0.983783, Z=-8.25327 }
    RelativeRotation = { Yaw=0, Pitch=0, Roll=0 }
    RelativeScale = { X=1, Y=1, Z=1 }

Object info:
============
ClassName: SkeletalMeshSocket ObjectName: SkeletalMeshSocket_247

    SocketName = Fx02a
    BoneName = Bone_LUpperArm_L02_Root
    RelativeLocation = { X=-0.645077, Y=1.22374, Z=-6.72906 }
    RelativeRotation = { Yaw=0, Pitch=0, Roll=0 }
    RelativeScale = { X=1, Y=1, Z=1 }

Object info:
============
ClassName: SkeletalMeshSocket ObjectName: SkeletalMeshSocket_248

    SocketName = Fx04a
    BoneName = Bone_LUpperArm_L04_Root
    RelativeLocation = { X=-1.466, Y=0.54497, Z=-6.5538 }
    RelativeRotation = { Yaw=0, Pitch=0, Roll=0 }
    RelativeScale = { X=1, Y=1, Z=1 }

Object info:
============
ClassName: SkeletalMeshSocket ObjectName: SkeletalMeshSocket_249

    SocketName = Fx05a
    BoneName = Bone_LUpperArm_L05_Root
    RelativeLocation = { X=-2.34712, Y=4.36259, Z=-3.98108 }
    RelativeRotation = { Yaw=0, Pitch=0, Roll=0 }
    RelativeScale = { X=1, Y=1, Z=1 }

Object info:
============
ClassName: SkeletalMeshSocket ObjectName: SkeletalMeshSocket_250

    SocketName = DG_A
    BoneName = B_Pelvis_BR00
    RelativeLocation = { X=-8.171, Y=-3.3356, Z=0.9788 }
    RelativeRotation = { Yaw=-14718, Pitch=-11723, Roll=15056 }
    RelativeScale = { X=1, Y=1, Z=1 }

Object info:
============
ClassName: SkeletalMeshSocket ObjectName: SkeletalMeshSocket_251

    SocketName = Phantom_Sword_01
    BoneName = Root
    RelativeLocation = { X=-39.6754, Y=-37.9428, Z=53.4677 }
    RelativeRotation = { Yaw=1268, Pitch=-1560, Roll=-7343 }
    RelativeScale = { X=1, Y=1, Z=1 }

Object info:
============
ClassName: SkeletalMeshSocket ObjectName: SkeletalMeshSocket_252

    SocketName = Phantom_Sword_02
    BoneName = Root
    RelativeLocation = { X=-31.9216, Y=-29.3477, Z=61.4282 }
    RelativeRotation = { Yaw=1487, Pitch=-3411, Roll=-5466 }
    RelativeScale = { X=1, Y=1, Z=1 }

Object info:
============
ClassName: SkeletalMeshSocket ObjectName: SkeletalMeshSocket_253

    SocketName = Phantom_Sword_03
    BoneName = Root
    RelativeLocation = { X=-26.345, Y=-20.4791, Z=68.4499 }
    RelativeRotation = { Yaw=975, Pitch=-4403, Roll=-3329 }
    RelativeScale = { X=1, Y=1, Z=1 }

Object info:
============
ClassName: SkeletalMeshSocket ObjectName: SkeletalMeshSocket_254

    SocketName = Phantom_Sword_04
    BoneName = Root
    RelativeLocation = { X=-23.8389, Y=-10.9465, Z=74.1491 }
    RelativeRotation = { Yaw=327, Pitch=-4469, Roll=-1294 }
    RelativeScale = { X=1, Y=1, Z=1 }

Object info:
============
ClassName: SkeletalMeshSocket ObjectName: SkeletalMeshSocket_255

    SocketName = Phantom_Sword_05
    BoneName = Root
    RelativeLocation = { X=-26.0565, Y=0.762362, Z=78.5166 }
    RelativeRotation = { Yaw=0, Pitch=-4694, Roll=0 }
    RelativeScale = { X=1, Y=1, Z=1 }

Object info:
============
ClassName: SkeletalMeshSocket ObjectName: SkeletalMeshSocket_256

    SocketName = Phantom_Sword_06
    BoneName = Root
    RelativeLocation = { X=-29.5548, Y=13.2186, Z=81.1458 }
    RelativeRotation = { Yaw=-700, Pitch=-4369, Roll=1518 }
    RelativeScale = { X=1, Y=1, Z=1 }

Object info:
============
ClassName: SkeletalMeshSocket ObjectName: SkeletalMeshSocket_257

    SocketName = SD_A
    BoneName = BoneShoulderTwistL01
    RelativeLocation = { X=-1.3, Y=-1.56, Z=5.68 }
    RelativeRotation = { Yaw=-18659, Pitch=-3640, Roll=18841 }
    RelativeScale = { X=1, Y=1, Z=1 }

Object info:
============
ClassName: SkeletalMeshSocket ObjectName: SkeletalMeshSocket_258

    SocketName = Soul_a_1
    BoneName = Root
    RelativeLocation = { X=0, Y=0, Z=65 }
    RelativeRotation = { Yaw=0, Pitch=0, Roll=0 }
    RelativeScale = { X=1, Y=1, Z=1 }

Object info:
============
ClassName: SkeletalMeshSocket ObjectName: SkeletalMeshSocket_259

    SocketName = Soul_c_1
    BoneName = Root
    RelativeLocation = { X=5, Y=5, Z=50 }
    RelativeRotation = { Yaw=0, Pitch=0, Roll=0 }
    RelativeScale = { X=1, Y=1, Z=1 }

Object info:
============
ClassName: SkeletalMeshSocket ObjectName: SkeletalMeshSocket_260

    SocketName = Soul_c_2
    BoneName = Root
    RelativeLocation = { X=5, Y=-5, Z=55 }
    RelativeRotation = { Yaw=0, Pitch=0, Roll=0 }
    RelativeScale = { X=1, Y=1, Z=1 }

Object info:
============
ClassName: SkeletalMeshSocket ObjectName: SkeletalMeshSocket_261

    SocketName = Soul_c_3
    BoneName = Root
    RelativeLocation = { X=-5, Y=5, Z=55 }
    RelativeRotation = { Yaw=0, Pitch=0, Roll=0 }
    RelativeScale = { X=1, Y=1, Z=1 }

Object info:
============
ClassName: SkeletalMeshSocket ObjectName: SkeletalMeshSocket_262

    SocketName = Socket_Rosary
    BoneName = Bip01LForeArm
    RelativeLocation = { X=10, Y=0, Z=0 }
    RelativeRotation = { Yaw=0, Pitch=0, Roll=0 }
    RelativeScale = { X=1, Y=1, Z=1 }

Object info:
============
ClassName: SkeletalMeshSocket ObjectName: SkeletalMeshSocket_263

    SocketName = Soul_c_4
    BoneName = Root
    RelativeLocation = { X=-5, Y=-5, Z=50 }
    RelativeRotation = { Yaw=0, Pitch=0, Roll=0 }
    RelativeScale = { X=1, Y=1, Z=1 }

Object info:
============
ClassName: SkeletalMeshSocket ObjectName: SkeletalMeshSocket_264

    SocketName = LC_Socket_1
    BoneName = Root
    RelativeLocation = { X=5, Y=60, Z=75 }
    RelativeRotation = { Yaw=0, Pitch=0, Roll=0 }
    RelativeScale = { X=1, Y=1, Z=1 }

Object info:
============
ClassName: SkeletalMeshSocket ObjectName: SkeletalMeshSocket_265

    SocketName = LC_Socket_2
    BoneName = Root
    RelativeLocation = { X=-15, Y=70, Z=55 }
    RelativeRotation = { Yaw=0, Pitch=0, Roll=0 }
    RelativeScale = { X=1, Y=1, Z=1 }

Object info:
============
ClassName: SkeletalMeshSocket ObjectName: SkeletalMeshSocket_266

    SocketName = LC_Socket_3
    BoneName = Root
    RelativeLocation = { X=-10, Y=-60, Z=75 }
    RelativeRotation = { Yaw=0, Pitch=0, Roll=0 }
    RelativeScale = { X=1, Y=1, Z=1 }

Object info:
============
ClassName: SkeletalMeshSocket ObjectName: SkeletalMeshSocket_267

    SocketName = LC_Socket_4
    BoneName = Root
    RelativeLocation = { X=10, Y=-60, Z=50 }
    RelativeRotation = { Yaw=0, Pitch=0, Roll=0 }
    RelativeScale = { X=1, Y=1, Z=1 }

Object info:
============
ClassName: SkeletalMeshSocket ObjectName: SkeletalMeshSocket_322

    SocketName = Back_Fx01
    BoneName = Bone_Spine2_Root
    RelativeLocation = { X=0, Y=0, Z=0 }
    RelativeRotation = { Yaw=0, Pitch=0, Roll=0 }
    RelativeScale = { X=1, Y=1, Z=1 }

Object info:
============
ClassName: SkeletalMeshSocket ObjectName: SkeletalMeshSocket_342

    SocketName = Back_Fx02
    BoneName = Bone_Spine2_01
    RelativeLocation = { X=0, Y=0, Z=0 }
    RelativeRotation = { Yaw=0, Pitch=0, Roll=0 }
    RelativeScale = { X=1, Y=1, Z=1 }

Object info:
============
ClassName: SkeletalMeshSocket ObjectName: SkeletalMeshSocket_362

    SocketName = Back_Fx03
    BoneName = Bone_Spine2_02
    RelativeLocation = { X=0, Y=0, Z=0 }
    RelativeRotation = { Yaw=0, Pitch=0, Roll=0 }
    RelativeScale = { X=1, Y=1, Z=1 }

Object info:
============
ClassName: SkeletalMeshSocket ObjectName: SkeletalMeshSocket_382

    SocketName = Back_Fx04
    BoneName = Bone_Spine2_03
    RelativeLocation = { X=0, Y=0, Z=0 }
    RelativeRotation = { Yaw=0, Pitch=0, Roll=0 }
    RelativeScale = { X=1, Y=1, Z=1 }

Object info:
============
ClassName: SkeletalMeshSocket ObjectName: SkeletalMeshSocket_402

    SocketName = Back_Fx05
    BoneName = Bone_Spine2_04
    RelativeLocation = { X=0, Y=0, Z=0 }
    RelativeRotation = { Yaw=0, Pitch=0, Roll=0 }
    RelativeScale = { X=1, Y=1, Z=1 }
