Found 27000 game files (27 skipped)
Loading package: 00032082.upk Ver: 573/1 Engine: 4205 Names: 38 Exports: 6 Imports: 4 Game: 801A
Loading Texture2D KunN_100_col1_D from package 00032082.upk
Loading Texture2D KunN_100_col1_N from package 00032082.upk
Loaded in 0.013 sec, 120 allocs, 0.37 MBytes serialized in 717 calls.

Object info:
============
ClassName: Texture2D ObjectName: KunN_100_col1_D

    SizeX = 512
    SizeY = 512
    Format = PF_DXT5 (7)
    AddressX = TA_Wrap (0)
    AddressY = TA_Wrap (0)
    TextureFileCacheName = None
    MipTailBaseIdx = 9
    bForcePVRTC4 = false
    UnpackMin[4] = { 0, 0, 0, 0 }
    UnpackMax[4] = { 1, 1, 1, 1 }

Object info:
============
ClassName: Texture2D ObjectName: KunN_100_col1_N

    SizeX = 512
    SizeY = 512
    Format = PF_DXT1 (5)
    AddressX = TA_Clamp (1)
    AddressY = TA_Clamp (1)
    TextureFileCacheName = None
    MipTailBaseIdx = 9
    bForcePVRTC4 = false
    UnpackMin[4] = { -1, -1, -1, 0 }
    UnpackMax[4] = { 1, 1, 1, 1 }
