Found 27000 game files (27 skipped)
Loading package: 00036931.upk Ver: 573/1 Engine: 4205 Names: 59 Exports: 5 Imports: 9 Game: 801A
Loading SkeletalMesh3 040216_JinM from package 00036931.upk
Loading package: 00036930.upk Ver: 573/1 Engine: 4205 Names: 115 Exports: 2 Imports: 28 Game: 801A
Loading MaterialInstanceConstant col1 from package 00036930.upk
Loading package: 00024210.upk Ver: 573/1 Engine: 4205 Names: 33 Exports: 3 Imports: 6 Game: 801A
Loading package: 00008613.upk Ver: 573/1 Engine: 4205 Names: 95 Exports: 6 Imports: 12 Game: 801A
Loading package: 00002620.upk Ver: 573/1 Engine: 4205 Names: 560 Exports: 6612 Imports: 96 Game: 801A
Loading MaterialInstanceConstant col1_1 from package 00036930.upk
Loading package: 00036929.upk Ver: 573/1 Engine: 4205 Names: 32 Exports: 4 Imports: 2 Game: 801A
Loading package: 00002640.upk Ver: 573/1 Engine: 4205 Names: 340 Exports: 556 Imports: 5 Game: 801A
Loading package: 00035808.upk Ver: 573/1 Engine: 4205 Names: 33 Exports: 5 Imports: 2 Game: 801A
Loading Texture2D JinM_044_col1_D from package 00024210.upk
Loading Texture2D JinM_044_col1_N from package 00024210.upk
WARNING: BoolProperty "UTexture2D::bDisableLoadSwitch" was not found
Loading Texture2D Nothing_A from package 00008613.upk
Loading Material3 Beard_Ac from package 00002620.upk
Loading package: 00012963.upk Ver: 573/1 Engine: 4205 Names: 1264 Exports: 1240 Imports: 10 Game: 801A
Loading Texture2D 040216_JinM_col1_N from package 00036929.upk
Loading Texture2D 040216_JinM_col1_M from package 00036929.upk
Loading Texture2D 040216_JinM_col1_D from package 00036929.upk
Loading Texture2D 040216_JinM_col1_S from package 00036929.upk
Loading TextureCube Cube_Suicide2 from package 00002640.upk
Loading Texture2D 10020_JinF_col1_E from package 00035808.upk
Loading Material3 Basic from package 00002620.upk
Loading Texture2D check_n from package 00002620.upk
Loading Texture2D Noise_Glass_000 from package 00012963.upk
Loading Texture2D Smoke_Pattern_001 from package 00012963.upk
Loading Texture2D Gradient_Wipe_BurnOut_Mask_TEST from package 00012963.upk
Loading Texture2D Gradient_Wipe_BurnOut_Mask from package 00012963.upk
Loading Texture2D check from package 00002620.upk
Loading Texture2D Gradient_Line_003 from package 00012963.upk
Loading Texture2D CubemapFace0 from package 00002640.upk
Loading Texture2D CubemapFace1 from package 00002640.upk
Loading Texture2D CubemapFace2 from package 00002640.upk
Loading Texture2D CubemapFace3 from package 00002640.upk
Loading Texture2D CubemapFace4 from package 00002640.upk
Loading Texture2D CubemapFace5 from package 00002640.upk
Loaded in 0.12 sec, 3206 allocs, 1.77 MBytes serialized in 210025 calls.

Object info:
============
ClassName: SkeletalMesh3 ObjectName: 040216_JinM

    LODInfo[1] =
    {
        LODInfo[0] =
        {
            DisplayFactor = 0
            LODHysteresis = 0.02
            LODMaterialMap[0] = {}
            bEnableShadowCasting[2] = { true, true }
        }
    }
    Sockets[0] = {}
    bHasVertexColors = false
    EnableTwistBoneFixers = true
    EnableClavicleFixer = true
    Materials[2] = { MaterialInstanceConstant'col1', MaterialInstanceConstant'col1_1' }


    Lods[1] =
    {
        Lods[0] =
        {
            Sections[2] =
            {
                Sections[0] = { Material=MaterialInstanceConstant'col1', FirstIndex=0, NumFaces=1397 }
                Sections[1] = { Material=MaterialInstanceConstant'col1_1', FirstIndex=4191, NumFaces=374 }
            }
            NumVerts = 1350
            IndexCount = 5313
            NumTexCoords = 1
        }
    }
    LodCount = 1
    MeshOrigin = { X=-0, Y=-0, Z=-0 }
    MeshScale = { X=1, Y=1, Z=1 }
    RotOrigin = { Yaw=0, Pitch=0, Roll=0 }
    BoneCount = 9
