Found 27000 game files (27 skipped)
Loading package: 00040090.upk Ver: 573/1 Engine: 4205 Names: 923 Exports: 19129 Imports: 398 Game: 801A
Loading Material3 Flazard_AddFX02 from package 00040090.upk
Loading package: 00027513.upk Ver: 573/1 Engine: 4205 Names: 36 Exports: 7 Imports: 2 Game: 801A
Loading package: 00012963.upk Ver: 573/1 Engine: 4205 Names: 1264 Exports: 1240 Imports: 10 Game: 801A
Loading package: 00020473.upk Ver: 573/1 Engine: 4205 Names: 40 Exports: 11 Imports: 4 Game: 801A
Loading Texture2D RuneMechaKingAsura_col1_D from package 00027513.upk
Loading Texture2D Water_001_01_N_Wave3 from package 00012963.upk
Loading Texture2D Noise_Wave_000 from package 00012963.upk
Loading Texture2D Smoke_Pattern_001 from package 00012963.upk
Loading Texture2D Gradient_Line_005 from package 00012963.upk
Loading Texture2D Flazard_N from package 00020473.upk
Loading Texture2D Noise_Glass_000 from package 00012963.upk
Loading Texture2D Normal_Stone_001 from package 00012963.upk
WARNING: BoolProperty "UTexture2D::bDisableLoadSwitch" was not found
Loading TextureCube Illusion_cube_1 from package 00012963.upk
Loading Texture2D CubemapFace0 from package 00012963.upk
Loading Texture2D CubemapFace1 from package 00012963.upk
Loading Texture2D CubemapFace2 from package 00012963.upk
Loading Texture2D CubemapFace3 from package 00012963.upk
Loading Texture2D CubemapFace4 from package 00012963.upk
Loading Texture2D CubemapFace5 from package 00012963.upk
Loaded in 0.18 sec, 2693 allocs, 3.07 MBytes serialized in 379460 calls.

Object info:
============
ClassName: Material3 ObjectName: Flazard_AddFX02

    TwoSided = false
    bDisableDepthTest = false
    bIsMasked = false
    ReferencedTextures[9] =
    {
        ReferencedTextures[0] = Texture2D'RuneMechaKingAsura_col1_D'
        ReferencedTextures[1] = Texture2D'Water_001_01_N_Wave3'
        ReferencedTextures[2] = Texture2D'Noise_Wave_000'
        ReferencedTextures[3] = Texture2D'Smoke_Pattern_001'
        ReferencedTextures[4] = Texture2D'Gradient_Line_005'
        ReferencedTextures[5] = Texture2D'Flazard_N'
        ReferencedTextures[6] = Texture2D'Noise_Glass_000'
        ReferencedTextures[7] = Texture2D'Normal_Stone_001'
        ReferencedTextures[8] = TextureCube'Illusion_cube_1'
    }
    BlendMode = BLEND_Additive (3)
    OpacityMaskClipValue = 0.333
    FlattenedTexture = None
    MobileBaseTexture = None
    MobileNormalTexture = None
    bUseMobileSpecular = false
    MobileSpecularPower = 16
    MobileSpecularMask = MSM_Constant (0)
    MobileMaskTexture = None
