Found 27000 game files (27 skipped)
Loading package: 00041044.upk Ver: 573/1 Engine: 4205 Names: 56 Exports: 7 Imports: 10 Game: 801A
Loading AnimSet Jeokpaewang_Guillotine_001AnimSet from package 00041044.upk
WARNING: BoolProperty "UAnimSet::bServiced" was not found
WARNING: ArrayProperty "UAnimSet::AdjustAniScaleBoneNames" was not found
WARNING: ArrayProperty "UAnimSet::RefSequences" was not found
Loading AnimSequence AnimSequence_0 from package 00041044.upk
WARNING: BoolProperty "UAnimSequence::bIgnoreAimControl" was not found
WARNING: BoolProperty "UAnimSequence::bServiced" was not found
WARNING: ByteProperty "UAnimSequence::NamePlateControlMode" was not found
Loading AnimNotify_Sound AnimNotify_Sound_0 from package 00041044.upk
Loading AnimSequence AnimSequence_1 from package 00041044.upk
WARNING: BoolProperty "UAnimSequence::bIgnoreAimControl" was not found
WARNING: BoolProperty "UAnimSequence::bServiced" was not found
WARNING: ByteProperty "UAnimSequence::NamePlateControlMode" was not found
Loading AnimNotify_Sound AnimNotify_Sound_1 from package 00041044.upk
Loading AnimSequence AnimSequence_3 from package 00041044.upk
WARNING: BoolProperty "UAnimSequence::bIgnoreAimControl" was not found
WARNING: BoolProperty "UAnimSequence::bServiced" was not found
WARNING: ByteProperty "UAnimSequence::NamePlateControlMode" was not found
Loaded in 0.016 sec, 122 allocs, 0.00 MBytes serialized in 678 calls.

Object info:
============
ClassName: AnimNotify_Sound ObjectName: AnimNotify_Sound_0

    Sound = None
    Volume = 1
    Radius = 0
    Random = 0
    DefaultWalkSound[3] = { None, None, None }
    DefaultRunSound[3] = { None, None, None }
    GrassWalkSound[3] = { None, None, None }
    GrassRunSound[3] = { None, None, None }
    WaterWalkSound[3] = { None, None, None }
    WaterRunSound[3] = { None, None, None }
    DefaultActorWalkSound[3] = { None, None, None }
    DefaultActorRunSound[3] = { None, None, None }

Object info:
============
ClassName: AnimSequence ObjectName: AnimSequence_0

    SequenceName = BK_B_None_Skl_Cutter_Strike_Cast
    SequenceLength = 0.5
    NumFrames = 15
    RateScale = 1
    bNoLoopingInterpolation = false
    RawAnimData[0] = {}
    TranslationCompressionFormat = ACF_None (0)
    RotationCompressionFormat = <unknown> (255)
    KeyEncodingFormat = AKF_ConstantKeyLerp (0)
    CompressedTrackOffsets[16] = { 0, 1, 12, 1, 24, 1, 36, 1, 48, 1, 60, 1, 72, 15, 252, 1 }
    bIsAdditive = false
    AdditiveRefName = None
    KeyFrameData[0] = {}
    m_pBioAnimSetData = None
    CompressedTrackTimeOffsets[0] = {}
    Tracks[0] = {}
    TrackOffsets[0] = {}

Object info:
============
ClassName: AnimSet ObjectName: Jeokpaewang_Guillotine_001AnimSet

    bAnimRotationOnly = true
    TrackBoneNames[4] = { Root, Bip01, Bip01Pelvis, Bip01Spine }
    Sequences[3] =
    {
        Sequences[0] = AnimSequence'Jeokpaewang_Guillotine_001AnimSet.AnimSequence_3'
        Sequences[1] = AnimSequence'Jeokpaewang_Guillotine_001AnimSet.AnimSequence_0'
        Sequences[2] = AnimSequence'Jeokpaewang_Guillotine_001AnimSet.AnimSequence_1'
    }
    UseTranslationBoneNames[2] = { Bip01, Bip01Spine }
    ForceMeshTranslationBoneNames[0] = {}
    PreviewSkelMeshName = 00041001.Jeokpaewang_Guillotine_001
    BulkDataBlocks[0] = {}
    KeyFrameSize = 0
    RotationChannels = 0
    TranslationChannels = 0
    m_pBioAnimSetData = None

Object info:
============
ClassName: AnimNotify_Sound ObjectName: AnimNotify_Sound_1

    Sound = None
    Volume = 1
    Radius = 0
    Random = 0
    DefaultWalkSound[3] = { None, None, None }
    DefaultRunSound[3] = { None, None, None }
    GrassWalkSound[3] = { None, None, None }
    GrassRunSound[3] = { None, None, None }
    WaterWalkSound[3] = { None, None, None }
    WaterRunSound[3] = { None, None, None }
    DefaultActorWalkSound[3] = { None, None, None }
    DefaultActorRunSound[3] = { None, None, None }

Object info:
============
ClassName: AnimSequence ObjectName: AnimSequence_1

    SequenceName = BK_B_None_Skl_Cutter_Strike_Exec
    SequenceLength = 2.5
    NumFrames = 75
    RateScale = 1
    bNoLoopingInterpolation = false
    RawAnimData[0] = {}
    TranslationCompressionFormat = ACF_None (0)
    RotationCompressionFormat = <unknown> (255)
    KeyEncodingFormat = AKF_ConstantKeyLerp (0)
    CompressedTrackOffsets[16] = { 0, 1, 12, 1, 24, 1, 36, 1, 48, 1, 60, 1, 72, 75, 972, 1 }
    bIsAdditive = false
    AdditiveRefName = None
    KeyFrameData[0] = {}
    m_pBioAnimSetData = None
    CompressedTrackTimeOffsets[0] = {}
    Tracks[0] = {}
    TrackOffsets[0] = {}

Object info:
============
ClassName: AnimSequence ObjectName: AnimSequence_3

    SequenceName = BK_B_None_Mov_Idle
    SequenceLength = 2
    NumFrames = 60
    RateScale = 1
    bNoLoopingInterpolation = false
    RawAnimData[0] = {}
    TranslationCompressionFormat = ACF_None (0)
    RotationCompressionFormat = <unknown> (255)
    KeyEncodingFormat = AKF_ConstantKeyLerp (0)
    CompressedTrackOffsets[16] = { 0, 1, 12, 1, 24, 1, 36, 1, 48, 1, 60, 1, 72, 1, 84, 1 }
    bIsAdditive = false
    AdditiveRefName = None
    KeyFrameData[0] = {}
    m_pBioAnimSetData = None
    CompressedTrackTimeOffsets[0] = {}
    Tracks[0] = {}
    TrackOffsets[0] = {}
