Found 27000 game files (27 skipped)
Loading package: 00041148.upk Ver: 573/1 Engine: 4205 Names: 64 Exports: 7 Imports: 13 Game: 801A
Loading SkeletalMesh3 040253_GonM from package 00041148.upk
Loading package: 00041147.upk Ver: 573/1 Engine: 4205 Names: 107 Exports: 4 Imports: 25 Game: 801A
Loading MaterialInstanceConstant col1 from package 00041147.upk
Loading package: 00017896.upk Ver: 573/1 Engine: 4205 Names: 39 Exports: 5 Imports: 8 Game: 801A
Loading package: 00002620.upk Ver: 573/1 Engine: 4205 Names: 560 Exports: 6612 Imports: 96 Game: 801A
Loading MaterialInstanceConstant col1_1 from package 00041147.upk
Loading package: 00041116.upk Ver: 573/1 Engine: 4205 Names: 37 Exports: 8 Imports: 4 Game: 801A
Loading package: 00002640.upk Ver: 573/1 Engine: 4205 Names: 340 Exports: 556 Imports: 5 Game: 801A
Loading Texture2D ddd_n from package 00017896.upk
WARNING: BoolProperty "UTexture2D::bDisableLoadSwitch" was not found
Loading Texture2D ddd_D from package 00017896.upk
Loading Material3 Beard_Fur from package 00002620.upk
Loading package: 00012963.upk Ver: 573/1 Engine: 4205 Names: 1264 Exports: 1240 Imports: 10 Game: 801A
Loading Texture2D 040253_JinF_col1_N from package 00041116.upk
Loading Texture2D 040253_JinF_col1_M from package 00041116.upk
Loading Texture2D 040253_JinF_col1_D from package 00041116.upk
Loading Texture2D 040253_JinF_col1_S from package 00041116.upk
Loading TextureCube lenscube_a from package 00002640.upk
Loading Texture2D check from package 00002620.upk
Loading Material3 Body from package 00002620.upk
Loading Texture2D check_n from package 00002620.upk
Loading Texture2D Noise_Glass_000 from package 00012963.upk
Loading Texture2D Smoke_Pattern_001 from package 00012963.upk
Loading Texture2D Gradient_Wipe_BurnOut_Mask_TEST from package 00012963.upk
Loading Texture2D Gradient_Wipe_BurnOut_Mask from package 00012963.upk
Loading Texture2D Gradient_Line_003 from package 00012963.upk
Loading Texture2D CubemapFace0 from package 00002640.upk
Loading Texture2D CubemapFace1 from package 00002640.upk
Loading Texture2D CubemapFace2 from package 00002640.upk
Loading Texture2D CubemapFace3 from package 00002640.upk
Loading Texture2D CubemapFace4 from package 00002640.upk
Loading Texture2D CubemapFace5 from package 00002640.upk
Loaded in 0.1 sec, 3005 allocs, 1.50 MBytes serialized in 175995 calls.

Object info:
============
ClassName: SkeletalMesh3 ObjectName: 040253_GonM

    LODInfo[1] =
    {
        LODInfo[0] =
        {
            DisplayFactor = 0
            LODHysteresis = 0.02
            LODMaterialMap[0] = {}
            bEnableShadowCasting[2] = { true, true }
        }
    }
    Sockets[0] = {}
    bHasVertexColors = false
    EnableTwistBoneFixers = true
    EnableClavicleFixer = true
    Materials[2] = { MaterialInstanceConstant'col1', MaterialInstanceConstant'col1_1' }


    Lods[1] =
    {
        Lods[0] =
        {
            Sections[2] =
            {
                Sections[0] = { Material=MaterialInstanceConstant'col1', FirstIndex=0, NumFaces=226 }
                Sections[1] = { Material=MaterialInstanceConstant'col1_1', FirstIndex=678, NumFaces=212 }
            }
            NumVerts = 324
            IndexCount = 1314
            NumTexCoords = 1
        }
    }
    LodCount = 1
    MeshOrigin = { X=-0, Y=-0, Z=-0 }
    MeshScale = { X=1, Y=1, Z=1 }
    RotOrigin = { Yaw=0, Pitch=0, Roll=0 }
    BoneCount = 9
