Found 27000 game files (27 skipped)
Loading package: 00040263.upk Ver: 573/1 Engine: 4205 Names: 113 Exports: 46 Imports: 14 Game: 801A
Loading SkeletalMesh3 DemonJuriaSpiderM from package 00040263.upk
WARNING: ObjectProperty "USkeletalMesh3::PlaySoundSet" was not found
WARNING: FloatProperty "USkeletalMesh3::AnimNameHeight" was not found
WARNING: FloatProperty "USkeletalMesh3::NormalNameHeight" was not found
WARNING: FloatProperty "USkeletalMesh3::LowNameHeight" was not found
Loading package: 00040265.upk Ver: 573/1 Engine: 4205 Names: 172 Exports: 149 Imports: 46 Game: 801A
Loading SkeletalMeshSocket SkeletalMeshSocket_1132 from package 00040263.upk
Loading SkeletalMeshSocket SkeletalMeshSocket_1133 from package 00040263.upk
Loading SkeletalMeshSocket SkeletalMeshSocket_1134 from package 00040263.upk
Loading SkeletalMeshSocket SkeletalMeshSocket_1135 from package 00040263.upk
Loading SkeletalMeshSocket SkeletalMeshSocket_1136 from package 00040263.upk
Loading SkeletalMeshSocket SkeletalMeshSocket_1137 from package 00040263.upk
Loading SkeletalMeshSocket SkeletalMeshSocket_1138 from package 00040263.upk
Loading SkeletalMeshSocket SkeletalMeshSocket_1139 from package 00040263.upk
Loading SkeletalMeshSocket SkeletalMeshSocket_1140 from package 00040263.upk
WARNING: BoolProperty "USkeletalMeshSocket::bParticleAttachPosOnly" was not found
Loading MaterialInstanceConstant col1 from package 00040265.upk
Loading package: 00040264.upk Ver: 573/1 Engine: 4205 Names: 31 Exports: 5 Imports: 2 Game: 801A
Loading package: 00002640.upk Ver: 573/1 Engine: 4205 Names: 340 Exports: 556 Imports: 5 Game: 801A
Loading Texture2D DemonJuriaSpiderM_col1_N from package 00040264.upk
Loading Texture2D DemonJuriaSpiderM_col1_M from package 00040264.upk
Loading Texture2D DemonJuriaSpiderM_col1_D from package 00040264.upk
Loading Texture2D DemonJuriaSpiderM_col1_S from package 00040264.upk
Loading TextureCube cube_orb from package 00002640.upk
Loading Texture2D DemonJuriaSpiderM_col1_E from package 00040264.upk
Loading Material3 Basic_FX_StormTemple_0011 from package 00040265.upk
Loading package: 00002620.upk Ver: 573/1 Engine: 4205 Names: 560 Exports: 6612 Imports: 96 Game: 801A
Loading package: 00012963.upk Ver: 573/1 Engine: 4205 Names: 1264 Exports: 1240 Imports: 10 Game: 801A
Loading Texture2D CubemapFace0 from package 00002640.upk
Loading Texture2D CubemapFace1 from package 00002640.upk
Loading Texture2D CubemapFace2 from package 00002640.upk
Loading Texture2D CubemapFace3 from package 00002640.upk
Loading Texture2D CubemapFace4 from package 00002640.upk
Loading Texture2D CubemapFace5 from package 00002640.upk
Loading Texture2D check_n from package 00002620.upk
Loading Texture2D check from package 00002620.upk
Loading Texture2D Smoke_Pattern_001 from package 00012963.upk
Loading Texture2D Gradient_Line_003 from package 00012963.upk
Loading Texture2D Gradient_Wipe_BurnOut_Mask_TEST from package 00012963.upk
Loading Texture2D Gradient_Wipe_BurnOut_Mask from package 00012963.upk
Loaded in 0.23 sec, 3044 allocs, 1.91 MBytes serialized in 216941 calls.

Object info:
============
ClassName: SkeletalMesh3 ObjectName: DemonJuriaSpiderM

    LODInfo[1] =
    {
        LODInfo[0] =
        {
            DisplayFactor = 0
            LODHysteresis = 0.02
            LODMaterialMap[0] = {}
            bEnableShadowCasting[1] = { true }
        }
    }
    Sockets[9] =
    {
        Sockets[0] = SkeletalMeshSocket'DemonJuriaSpiderM.SkeletalMeshSocket_1132'
        Sockets[1] = SkeletalMeshSocket'DemonJuriaSpiderM.SkeletalMeshSocket_1133'
        Sockets[2] = SkeletalMeshSocket'DemonJuriaSpiderM.SkeletalMeshSocket_1134'
        Sockets[3] = SkeletalMeshSocket'DemonJuriaSpiderM.SkeletalMeshSocket_1135'
        Sockets[4] = SkeletalMeshSocket'DemonJuriaSpiderM.SkeletalMeshSocket_1136'
        Sockets[5] = SkeletalMeshSocket'DemonJuriaSpiderM.SkeletalMeshSocket_1137'
        Sockets[6] = SkeletalMeshSocket'DemonJuriaSpiderM.SkeletalMeshSocket_1138'
        Sockets[7] = SkeletalMeshSocket'DemonJuriaSpiderM.SkeletalMeshSocket_1139'
        Sockets[8] = SkeletalMeshSocket'DemonJuriaSpiderM.SkeletalMeshSocket_1140'
    }
    bHasVertexColors = false
    EnableTwistBoneFixers = true
    EnableClavicleFixer = true
    Materials[1] = { MaterialInstanceConstant'col1' }


    Lods[1] =
    {
        Lods[0] =
        {
            Sections[1] =
            {
                Sections[0] = { Material=MaterialInstanceConstant'col1', FirstIndex=0, NumFaces=1642 }
            }
            NumVerts = 1568
            IndexCount = 4926
            NumTexCoords = 1
        }
    }
    LodCount = 1
    MeshOrigin = { X=-0, Y=-0, Z=-0 }
    MeshScale = { X=1, Y=1, Z=1 }
    RotOrigin = { Yaw=0, Pitch=0, Roll=0 }
    BoneCount = 13

Object info:
============
ClassName: SkeletalMeshSocket ObjectName: SkeletalMeshSocket_1132

    SocketName = target_high
    BoneName = Bip01Head
    RelativeLocation = { X=0, Y=0, Z=0 }
    RelativeRotation = { Yaw=0, Pitch=0, Roll=0 }
    RelativeScale = { X=1, Y=1, Z=1 }

Object info:
============
ClassName: SkeletalMeshSocket ObjectName: SkeletalMeshSocket_1133

    SocketName = socket_force
    BoneName = Root
    RelativeLocation = { X=60, Y=60, Z=-0.499999 }
    RelativeRotation = { Yaw=0, Pitch=0, Roll=0 }
    RelativeScale = { X=1, Y=1, Z=1 }

Object info:
============
ClassName: SkeletalMeshSocket ObjectName: SkeletalMeshSocket_1134

    SocketName = Mount_Socket
    BoneName = Bone01
    RelativeLocation = { X=28.8855, Y=3.87666, Z=-1.20226 }
    RelativeRotation = { Yaw=32768, Pitch=0, Roll=16384 }
    RelativeScale = { X=1, Y=1, Z=1 }

Object info:
============
ClassName: SkeletalMeshSocket ObjectName: SkeletalMeshSocket_1135

    SocketName = Catch_Neck
    BoneName = Bip01
    RelativeLocation = { X=-14.3117, Y=0, Z=-6.88932 }
    RelativeRotation = { Yaw=0, Pitch=0, Roll=0 }
    RelativeScale = { X=1, Y=1, Z=1 }

Object info:
============
ClassName: SkeletalMeshSocket ObjectName: SkeletalMeshSocket_1136

    SocketName = Decap_Socket
    BoneName = Bip01Pelvis
    RelativeLocation = { X=8.80435, Y=-4.11814, Z=0 }
    RelativeRotation = { Yaw=0, Pitch=0, Roll=0 }
    RelativeScale = { X=1, Y=1, Z=1 }

Object info:
============
ClassName: SkeletalMeshSocket ObjectName: SkeletalMeshSocket_1137

    SocketName = Mount_Ambar_Socket
    BoneName = Root
    RelativeLocation = { X=-2.35433, Y=-10.7281, Z=2.5 }
    RelativeRotation = { Yaw=32768, Pitch=0, Roll=0 }
    RelativeScale = { X=1, Y=1, Z=1 }

Object info:
============
ClassName: SkeletalMeshSocket ObjectName: SkeletalMeshSocket_1138

    SocketName = Mount_Choke_Socket
    BoneName = Root
    RelativeLocation = { X=-3.72464, Y=4.56122e-016, Z=5.75 }
    RelativeRotation = { Yaw=32768, Pitch=0, Roll=0 }
    RelativeScale = { X=1, Y=1, Z=1 }

Object info:
============
ClassName: SkeletalMeshSocket ObjectName: SkeletalMeshSocket_1139

    SocketName = BodyTarget
    BoneName = Bip01Pelvis
    RelativeLocation = { X=0, Y=0, Z=0 }
    RelativeRotation = { Yaw=0, Pitch=0, Roll=0 }
    RelativeScale = { X=1, Y=1, Z=1 }

Object info:
============
ClassName: SkeletalMeshSocket ObjectName: SkeletalMeshSocket_1140

    SocketName = ATTACH_EFFECT
    BoneName = Bip01
    RelativeLocation = { X=0, Y=0, Z=0 }
    RelativeRotation = { Yaw=0, Pitch=0, Roll=0 }
    RelativeScale = { X=1, Y=1, Z=1 }
