Found 27000 game files (27 skipped)
Loading package: 00040009.upk Ver: 573/1 Engine: 4205 Names: 102 Exports: 2 Imports: 22 Game: 801A
Loading MaterialInstanceConstant col1 from package 00040009.upk
Loading package: 00040008.upk Ver: 573/1 Engine: 4205 Names: 32 Exports: 4 Imports: 2 Game: 801A
Loading package: 00002640.upk Ver: 573/1 Engine: 4205 Names: 340 Exports: 556 Imports: 5 Game: 801A
Loading package: 00002620.upk Ver: 573/1 Engine: 4205 Names: 560 Exports: 6612 Imports: 96 Game: 801A
Loading MaterialInstanceConstant Op from package 00040009.upk
Loading Texture2D 10059_GonF_N from package 00040008.upk
Loading Texture2D 10059_GonF_M from package 00040008.upk
Loading Texture2D 10059_GonF_D from package 00040008.upk
Loading Texture2D 10059_GonF_S from package 00040008.upk
Loading TextureCube Cube_Suicide2 from package 00002640.upk
Loading Material3 Body from package 00002620.upk
Loading package: 00012963.upk Ver: 573/1 Engine: 4205 Names: 1264 Exports: 1240 Imports: 10 Game: 801A
Loading Material3 Blend_OP from package 00002620.upk
Loading Texture2D CubemapFace0 from package 00002640.upk
Loading Texture2D CubemapFace1 from package 00002640.upk
Loading Texture2D CubemapFace2 from package 00002640.upk
Loading Texture2D CubemapFace3 from package 00002640.upk
Loading Texture2D CubemapFace4 from package 00002640.upk
Loading Texture2D CubemapFace5 from package 00002640.upk
Loading Texture2D check_n from package 00002620.upk
Loading Texture2D Noise_Glass_000 from package 00012963.upk
Loading Texture2D Smoke_Pattern_001 from package 00012963.upk
Loading Texture2D Gradient_Wipe_BurnOut_Mask_TEST from package 00012963.upk
Loading Texture2D Gradient_Wipe_BurnOut_Mask from package 00012963.upk
Loading Texture2D check from package 00002620.upk
Loading Texture2D Gradient_Line_003 from package 00012963.upk
Loaded in 0.1 sec, 2819 allocs, 2.24 MBytes serialized in 163905 calls.

Object info:
============
ClassName: MaterialInstanceConstant ObjectName: col1

    ScalarParameterValues[13] =
    {
        ScalarParameterValues[0] = { ParameterName=Transmission_value, ParameterValue=0 }
        ScalarParameterValues[1] = { ParameterName=Skin_glossiness, ParameterValue=80 }
        ScalarParameterValues[2] = { ParameterName=Wear_glossiness1, ParameterValue=3 }
        ScalarParameterValues[3] = { ParameterName=Wear_glossiness2, ParameterValue=10 }
        ScalarParameterValues[4] = { ParameterName=Skin_Spec_value, ParameterValue=5 }
        ScalarParameterValues[5] = { ParameterName=HighLight_Value, ParameterValue=8 }
        ScalarParameterValues[6] = { ParameterName=HighLight_glossiness, ParameterValue=100 }
        ScalarParameterValues[7] = { ParameterName=Emissive_value, ParameterValue=0.5 }
        ScalarParameterValues[8] = { ParameterName=Emissive_value2, ParameterValue=0 }
        ScalarParameterValues[9] = { ParameterName=Fresnel Value, ParameterValue=50 }
        ScalarParameterValues[10] = { ParameterName=Fresnel exponent, ParameterValue=8 }
        ScalarParameterValues[11] = { ParameterName=Specular_value, ParameterValue=2 }
        ScalarParameterValues[12] = { ParameterName=Skin_Spec_value_X, ParameterValue=1 }
    }
    TextureParameterValues[6] =
    {
        TextureParameterValues[0] = { ParameterName=Body_normal, ParameterValue=Texture2D'10059_GonF_N' }
        TextureParameterValues[1] = { ParameterName=Body_mask_RGB, ParameterValue=Texture2D'10059_GonF_M' }
        TextureParameterValues[2] = { ParameterName=Body_diffuse, ParameterValue=Texture2D'10059_GonF_D' }
        TextureParameterValues[3] = { ParameterName=Body_specular, ParameterValue=Texture2D'10059_GonF_S' }
        TextureParameterValues[4] = { ParameterName=rf_cube, ParameterValue=TextureCube'Cube_Suicide2' }
        TextureParameterValues[5] = { ParameterName=Emissive, ParameterValue=None }
    }
    VectorParameterValues[10] =
    {
        VectorParameterValues[0] =
        {
            ParameterName = Mesh_trangition
            ParameterValue = { R=0, G=0, B=0, A=1 }
        }
        VectorParameterValues[1] =
        {
            ParameterName = Skin_Specular
            ParameterValue = { R=1, G=1, B=1, A=1 }
        }
        VectorParameterValues[2] =
        {
            ParameterName = Reflection_value
            ParameterValue = { R=5, G=5, B=5, A=1 }
        }
        VectorParameterValues[3] =
        {
            ParameterName = HighLight_Color
            ParameterValue = { R=0.5, G=0.5, B=0.5, A=1 }
        }
        VectorParameterValues[4] =
        {
            ParameterName = Fresnel_color
            ParameterValue = { R=0, G=0, B=0, A=1 }
        }
        VectorParameterValues[5] =
        {
            ParameterName = Fresnel_Power
            ParameterValue = { R=0, G=0, B=0, A=1 }
        }
        VectorParameterValues[6] =
        {
            ParameterName = skin_color
            ParameterValue = { R=1, G=1, B=1, A=1 }
        }
        VectorParameterValues[7] =
        {
            ParameterName = Burn_Color
            ParameterValue = { R=0, G=0, B=0, A=1 }
        }
        VectorParameterValues[8] =
        {
            ParameterName = AC_color
            ParameterValue = { R=1, G=1, B=1, A=1 }
        }
        VectorParameterValues[9] =
        {
            ParameterName = AC_specular
            ParameterValue = { R=1, G=1, B=1, A=1 }
        }
    }
    Parent = Material3'Body'
    FlattenedTexture = None
    MobileBaseTexture = None
    MobileNormalTexture = None
    bUseMobileSpecular = false
    MobileSpecularPower = 16
    MobileSpecularMask = MSM_Constant (0)
    MobileMaskTexture = None

Object info:
============
ClassName: MaterialInstanceConstant ObjectName: Op

    ScalarParameterValues[4] =
    {
        ScalarParameterValues[0] = { ParameterName=Opacity, ParameterValue=0.5 }
        ScalarParameterValues[1] = { ParameterName=Fresnel_Exp, ParameterValue=1 }
        ScalarParameterValues[2] = { ParameterName=Specular_value, ParameterValue=1 }
        ScalarParameterValues[3] = { ParameterName=Lens_spec_Power, ParameterValue=10 }
    }
    TextureParameterValues[4] =
    {
        TextureParameterValues[0] = { ParameterName=Normal, ParameterValue=Texture2D'10059_GonF_N' }
        TextureParameterValues[1] = { ParameterName=Diffuse, ParameterValue=Texture2D'10059_GonF_D' }
        TextureParameterValues[2] = { ParameterName=Specular, ParameterValue=Texture2D'10059_GonF_S' }
        TextureParameterValues[3] = { ParameterName=Lens_spec_cube, ParameterValue=None }
    }
    VectorParameterValues[3] =
    {
        VectorParameterValues[0] =
        {
            ParameterName = Fresnel_color
            ParameterValue = { R=0.089194, G=0.180144, B=0.673049, A=1 }
        }
        VectorParameterValues[1] =
        {
            ParameterName = Fresnel_Power
            ParameterValue = { R=0.046149, G=0.65237, B=0.851252, A=1 }
        }
        VectorParameterValues[2] =
        {
            ParameterName = Mesh_trangition
            ParameterValue = { R=0.012664, G=0.009021, B=0.7593, A=1 }
        }
    }
    Parent = Material3'Blend_OP'
    FlattenedTexture = None
    MobileBaseTexture = None
    MobileNormalTexture = None
    bUseMobileSpecular = false
    MobileSpecularPower = 16
    MobileSpecularMask = MSM_Constant (0)
    MobileMaskTexture = None
