Found 27000 game files (27 skipped)
Loading package: 00040094.upk Ver: 573/1 Engine: 4205 Names: 31 Exports: 4 Imports: 4 Game: 801A
Loading Texture2D JinM_111_col1_D from package 00040094.upk
Loading Texture2D JinM_111_col1_N from package 00040094.upk
Loaded in 0.044 sec, 119 allocs, 1.56 MBytes serialized in 708 calls.

Object info:
============
ClassName: Texture2D ObjectName: JinM_111_col1_D

    SizeX = 1024
    SizeY = 1024
    Format = PF_DXT5 (7)
    AddressX = TA_Wrap (0)
    AddressY = TA_Wrap (0)
    TextureFileCacheName = None
    MipTailBaseIdx = 10
    bForcePVRTC4 = false
    UnpackMin[4] = { 0, 0, 0, 0 }
    UnpackMax[4] = { 1, 1, 1, 1 }

Object info:
============
ClassName: Texture2D ObjectName: JinM_111_col1_N

    SizeX = 1024
    SizeY = 1024
    Format = PF_DXT5 (7)
    AddressX = TA_Wrap (0)
    AddressY = TA_Wrap (0)
    TextureFileCacheName = None
    MipTailBaseIdx = 10
    bForcePVRTC4 = false
    UnpackMin[4] = { -1, -1, -1, 0 }
    UnpackMax[4] = { 1, 1, 1, 1 }
